**********************LISTAR**********************
SFML260321
SABRINA SATO
F
25/07/1995
(34) 72495-0751
TORO
FML-0518
26/03/19
21:59
072.17
3
COTIA, JUNDIAI, LORENA, OSASCO, RIO DE JANEIRO, SAO JOSE DOS CAMPOS, SAO PAULO, SAO ROQUE, SOROCABA, TAUBATE
*****************ARQUIVO SECUNDARIO****************
SFML260321 26/03/19
**********************ARQUIVO*********************
SABRINA SATO@F@25/07/1995@(34) 72495-0751@TORO@FML-0518@COTIA|JUNDIAI|LORENA|OSASCO|RIO DE JANEIRO|SAO JOSE DOS CAMPOS|SAO PAULO|SAO ROQUE|SOROCABA|TAUBATE@26/03/19@21:59@072.17@3@############################################################################
**********************ARQUIVO*********************
SABRINA SATO@F@25/07/1995@(34) 72495-0751@TORO@FML-0518@COTIA|JUNDIAI|LORENA|OSASCO|RIO DE JANEIRO|SAO JOSE DOS CAMPOS|SAO PAULO|SAO ROQUE|SOROCABA|TAUBATE@26/03/19@21:59@072.17@3@############################################################################FELIPE COUTINHO@M@16/12/1994@(12) 34593-6298@COROLLA@IRV-7666@COTIA|RIO DE JANEIRO@08/11/19@23:44@216.24@1@#####################################################################################################################################################
**********************EXCLUIR*********************
OPERACAO REALIZADA COM SUCESSO!
**********************ALTERAR*********************
OPERACAO REALIZADA COM SUCESSO!
**********************ALTERAR*********************
Registro(s) nao encontrado!
FALHA AO REALIZAR OPERACAO!
**********************ALTERAR*********************
OPERACAO REALIZADA COM SUCESSO!
**********************ARQUIVO*********************
SABRINA SATO@F@25/07/1995@(34) 72495-0751@TORO@FML-0518@COTIA|JUNDIAI|LORENA|OSASCO|RIO DE JANEIRO|SAO JOSE DOS CAMPOS|SAO PAULO|SAO ROQUE|SOROCABA|TAUBATE@26/03/19@21:59@072.17@3@############################################################################*|LIPE COUTINHO@M@16/12/1994@(12) 34593-6298@COROLLA@IRV-7666@COTIA|RIO DE JANEIRO@08/11/19@23:44@216.24@1@#####################################################################################################################################################
**********************ARQUIVO*********************
SABRINA SATO@F@25/07/1995@(34) 72495-0751@TORO@FML-0518@COTIA|JUNDIAI|LORENA|OSASCO|RIO DE JANEIRO|SAO JOSE DOS CAMPOS|SAO PAULO|SAO ROQUE|SOROCABA|TAUBATE@26/03/19@21:59@072.17@3@############################################################################*|LIPE COUTINHO@M@16/12/1994@(12) 34593-6298@COROLLA@IRV-7666@COTIA|RIO DE JANEIRO@08/11/19@23:44@216.24@1@#####################################################################################################################################################FELIPE COUTINHO@M@16/12/1994@(12) 34593-6298@COROLLA@IRV-7666@COTIA|RIO DE JANEIRO@08/11/19@23:44@216.24@2@#####################################################################################################################################################
**********************ARQUIVO*********************
SABRINA SATO@F@25/07/1995@(34) 72495-0751@TORO@FML-0518@COTIA|JUNDIAI|LORENA|OSASCO|RIO DE JANEIRO|SAO JOSE DOS CAMPOS|SAO PAULO|SAO ROQUE|SOROCABA|TAUBATE@26/03/19@21:59@072.17@3@############################################################################FELIPE COUTINHO@M@16/12/1994@(12) 34593-6298@COROLLA@IRV-7666@COTIA|RIO DE JANEIRO@08/11/19@23:44@216.24@2@#####################################################################################################################################################
**********************BUSCAR**********************
Registro(s) nao encontrado!
**********************BUSCAR**********************
Registro(s) nao encontrado!
**********************BUSCAR**********************
Registro(s) nao encontrado!
**********************ALTERAR*********************
OPERACAO REALIZADA COM SUCESSO!
**********************LISTAR**********************
ELLW040503
EDUARDO MOTTA
M
03/12/1997
(86) 47023-6787
TORO
LLW-3310
04/05/19
03:46
110.07
2
COTIA, JUNDIAI, LORENA, RIO DE JANEIRO, SAO JOSE DOS CAMPOS

FIRV081123
FELIPE COUTINHO
M
16/12/1994
(12) 34593-6298
COROLLA
IRV-7666
08/11/19
23:44
216.24
2
COTIA, RIO DE JANEIRO

GSYX151013
GABRIEL EL ANGEL
M
01/09/1991
(08) 14044-4237
ONIX
SYX-9281
15/10/19
13:20
153.16
3
OSASCO, SAO PAULO

SFML260321
SABRINA SATO
F
25/07/1995
(34) 72495-0751
TORO
FML-0518
26/03/19
21:59
072.17
3
COTIA, JUNDIAI, LORENA, OSASCO, RIO DE JANEIRO, SAO JOSE DOS CAMPOS, SAO PAULO, SAO ROQUE, SOROCABA, TAUBATE
*****************ARQUIVO SECUNDARIO****************
ELLW040503 EDUARDO MOTTA
FIRV081123 FELIPE COUTINHO
GSYX151013 GABRIEL EL ANGEL
SFML260321 SABRINA SATO
**********************ARQUIVO*********************
SABRINA SATO@F@25/07/1995@(34) 72495-0751@TORO@FML-0518@COTIA|JUNDIAI|LORENA|OSASCO|RIO DE JANEIRO|SAO JOSE DOS CAMPOS|SAO PAULO|SAO ROQUE|SOROCABA|TAUBATE@26/03/19@21:59@072.17@3@############################################################################FELIPE COUTINHO@M@16/12/1994@(12) 34593-6298@COROLLA@IRV-7666@COTIA|RIO DE JANEIRO@08/11/19@23:44@216.24@2@#####################################################################################################################################################GABRIEL EL ANGEL@M@01/09/1991@(08) 14044-4237@ONIX@SYX-9281@OSASCO|SAO PAULO@15/10/19@13:20@153.16@3@###########################################################################################################################################################EDUARDO MOTTA@M@03/12/1997@(86) 47023-6787@TORO@LLW-3310@COTIA|JUNDIAI|LORENA|RIO DE JANEIRO|SAO JOSE DOS CAMPOS@04/05/19@03:46@110.07@2@#######################################################################################################################
**********************BUSCAR**********************
GSYX151013
GABRIEL EL ANGEL
M
01/09/1991
(08) 14044-4237
ONIX
SYX-9281
15/10/19
13:20
153.16
3
OSASCO, SAO PAULO
**********************ALTERAR*********************
Registro(s) nao encontrado!
FALHA AO REALIZAR OPERACAO!
**********************ALTERAR*********************
OPERACAO REALIZADA COM SUCESSO!
**********************LISTAR**********************
SFML260321
SABRINA SATO
F
25/07/1995
(34) 72495-0751
TORO
FML-0518
26/03/19
21:59
072.17
3
COTIA, JUNDIAI, LORENA, OSASCO, RIO DE JANEIRO, SAO JOSE DOS CAMPOS, SAO PAULO, SAO ROQUE, SOROCABA, TAUBATE

ELLW040503
EDUARDO MOTTA
M
03/12/1997
(86) 47023-6787
TORO
LLW-3310
04/05/19
03:46
110.07
2
COTIA, JUNDIAI, LORENA, RIO DE JANEIRO, SAO JOSE DOS CAMPOS

FIRV081123
FELIPE COUTINHO
M
16/12/1994
(12) 34593-6298
COROLLA
IRV-7666
08/11/19
23:44
216.24
2
COTIA, RIO DE JANEIRO

SFML260321
SABRINA SATO
F
25/07/1995
(34) 72495-0751
TORO
FML-0518
26/03/19
21:59
072.17
3
COTIA, JUNDIAI, LORENA, OSASCO, RIO DE JANEIRO, SAO JOSE DOS CAMPOS, SAO PAULO, SAO ROQUE, SOROCABA, TAUBATE

ELLW040503
EDUARDO MOTTA
M
03/12/1997
(86) 47023-6787
TORO
LLW-3310
04/05/19
03:46
110.07
2
COTIA, JUNDIAI, LORENA, RIO DE JANEIRO, SAO JOSE DOS CAMPOS

SMJP270808
SABRINA SATO
F
01/08/1989
(29) 38705-8252
CELTA
MJP-7653
27/08/19
08:22
111.01
2
JUNDIAI, LORENA, OSASCO, RIO DE JANEIRO, SAO JOSE DOS CAMPOS, SAO ROQUE, SOROCABA, TAUBATE

SFML260321
SABRINA SATO
F
25/07/1995
(34) 72495-0751
TORO
FML-0518
26/03/19
21:59
072.17
3
COTIA, JUNDIAI, LORENA, OSASCO, RIO DE JANEIRO, SAO JOSE DOS CAMPOS, SAO PAULO, SAO ROQUE, SOROCABA, TAUBATE

ELLW040503
EDUARDO MOTTA
M
03/12/1997
(86) 47023-6787
TORO
LLW-3310
04/05/19
03:46
110.07
2
COTIA, JUNDIAI, LORENA, RIO DE JANEIRO, SAO JOSE DOS CAMPOS

SMJP270808
SABRINA SATO
F
01/08/1989
(29) 38705-8252
CELTA
MJP-7653
27/08/19
08:22
111.01
2
JUNDIAI, LORENA, OSASCO, RIO DE JANEIRO, SAO JOSE DOS CAMPOS, SAO ROQUE, SOROCABA, TAUBATE

SFML260321
SABRINA SATO
F
25/07/1995
(34) 72495-0751
TORO
FML-0518
26/03/19
21:59
072.17
3
COTIA, JUNDIAI, LORENA, OSASCO, RIO DE JANEIRO, SAO JOSE DOS CAMPOS, SAO PAULO, SAO ROQUE, SOROCABA, TAUBATE

SMJP270808
SABRINA SATO
F
01/08/1989
(29) 38705-8252
CELTA
MJP-7653
27/08/19
08:22
111.01
2
JUNDIAI, LORENA, OSASCO, RIO DE JANEIRO, SAO JOSE DOS CAMPOS, SAO ROQUE, SOROCABA, TAUBATE

GSYX151013
GABRIEL EL ANGEL
M
01/09/1991
(08) 14044-4237
ONIX
SYX-9281
15/10/19
13:20
153.16
3
OSASCO, SAO PAULO

SFML260321
SABRINA SATO
F
25/07/1995
(34) 72495-0751
TORO
FML-0518
26/03/19
21:59
072.17
3
COTIA, JUNDIAI, LORENA, OSASCO, RIO DE JANEIRO, SAO JOSE DOS CAMPOS, SAO PAULO, SAO ROQUE, SOROCABA, TAUBATE

ELLW040503
EDUARDO MOTTA
M
03/12/1997
(86) 47023-6787
TORO
LLW-3310
04/05/19
03:46
110.07
2
COTIA, JUNDIAI, LORENA, RIO DE JANEIRO, SAO JOSE DOS CAMPOS

SMJP270808
SABRINA SATO
F
01/08/1989
(29) 38705-8252
CELTA
MJP-7653
27/08/19
08:22
111.01
2
JUNDIAI, LORENA, OSASCO, RIO DE JANEIRO, SAO JOSE DOS CAMPOS, SAO ROQUE, SOROCABA, TAUBATE

FIRV081123
FELIPE COUTINHO
M
16/12/1994
(12) 34593-6298
COROLLA
IRV-7666
08/11/19
23:44
216.24
2
COTIA, RIO DE JANEIRO

SFML260321
SABRINA SATO
F
25/07/1995
(34) 72495-0751
TORO
FML-0518
26/03/19
21:59
072.17
3
COTIA, JUNDIAI, LORENA, OSASCO, RIO DE JANEIRO, SAO JOSE DOS CAMPOS, SAO PAULO, SAO ROQUE, SOROCABA, TAUBATE

ELLW040503
EDUARDO MOTTA
M
03/12/1997
(86) 47023-6787
TORO
LLW-3310
04/05/19
03:46
110.07
2
COTIA, JUNDIAI, LORENA, RIO DE JANEIRO, SAO JOSE DOS CAMPOS

SMJP270808
SABRINA SATO
F
01/08/1989
(29) 38705-8252
CELTA
MJP-7653
27/08/19
08:22
111.01
2
JUNDIAI, LORENA, OSASCO, RIO DE JANEIRO, SAO JOSE DOS CAMPOS, SAO ROQUE, SOROCABA, TAUBATE

SFML260321
SABRINA SATO
F
25/07/1995
(34) 72495-0751
TORO
FML-0518
26/03/19
21:59
072.17
3
COTIA, JUNDIAI, LORENA, OSASCO, RIO DE JANEIRO, SAO JOSE DOS CAMPOS, SAO PAULO, SAO ROQUE, SOROCABA, TAUBATE

GSYX151013
GABRIEL EL ANGEL
M
01/09/1991
(08) 14044-4237
ONIX
SYX-9281
15/10/19
13:20
153.16
3
OSASCO, SAO PAULO

SFML260321
SABRINA SATO
F
25/07/1995
(34) 72495-0751
TORO
FML-0518
26/03/19
21:59
072.17
3
COTIA, JUNDIAI, LORENA, OSASCO, RIO DE JANEIRO, SAO JOSE DOS CAMPOS, SAO PAULO, SAO ROQUE, SOROCABA, TAUBATE

SMJP270808
SABRINA SATO
F
01/08/1989
(29) 38705-8252
CELTA
MJP-7653
27/08/19
08:22
111.01
2
JUNDIAI, LORENA, OSASCO, RIO DE JANEIRO, SAO JOSE DOS CAMPOS, SAO ROQUE, SOROCABA, TAUBATE

SFML260321
SABRINA SATO
F
25/07/1995
(34) 72495-0751
TORO
FML-0518
26/03/19
21:59
072.17
3
COTIA, JUNDIAI, LORENA, OSASCO, RIO DE JANEIRO, SAO JOSE DOS CAMPOS, SAO PAULO, SAO ROQUE, SOROCABA, TAUBATE

SMJP270808
SABRINA SATO
F
01/08/1989
(29) 38705-8252
CELTA
MJP-7653
27/08/19
08:22
111.01
2
JUNDIAI, LORENA, OSASCO, RIO DE JANEIRO, SAO JOSE DOS CAMPOS, SAO ROQUE, SOROCABA, TAUBATE

SFML260321
SABRINA SATO
F
25/07/1995
(34) 72495-0751
TORO
FML-0518
26/03/19
21:59
072.17
3
COTIA, JUNDIAI, LORENA, OSASCO, RIO DE JANEIRO, SAO JOSE DOS CAMPOS, SAO PAULO, SAO ROQUE, SOROCABA, TAUBATE

SMJP270808
SABRINA SATO
F
01/08/1989
(29) 38705-8252
CELTA
MJP-7653
27/08/19
08:22
111.01
2
JUNDIAI, LORENA, OSASCO, RIO DE JANEIRO, SAO JOSE DOS CAMPOS, SAO ROQUE, SOROCABA, TAUBATE
**********************ARQUIVO*********************
SABRINA SATO@F@25/07/1995@(34) 72495-0751@TORO@FML-0518@COTIA|JUNDIAI|LORENA|OSASCO|RIO DE JANEIRO|SAO JOSE DOS CAMPOS|SAO PAULO|SAO ROQUE|SOROCABA|TAUBATE@26/03/19@21:59@072.17@3@############################################################################FELIPE COUTINHO@M@16/12/1994@(12) 34593-6298@COROLLA@IRV-7666@COTIA|RIO DE JANEIRO@08/11/19@23:44@216.24@2@#####################################################################################################################################################GABRIEL EL ANGEL@M@01/09/1991@(08) 14044-4237@ONIX@SYX-9281@OSASCO|SAO PAULO@15/10/19@13:20@153.16@3@###########################################################################################################################################################EDUARDO MOTTA@M@03/12/1997@(86) 47023-6787@TORO@LLW-3310@COTIA|JUNDIAI|LORENA|RIO DE JANEIRO|SAO JOSE DOS CAMPOS@04/05/19@03:46@110.07@2@#######################################################################################################################SABRINA SATO@F@01/08/1989@(29) 38705-8252@CELTA@MJP-7653@JUNDIAI|LORENA|OSASCO|RIO DE JANEIRO|SAO JOSE DOS CAMPOS|SAO ROQUE|SOROCABA|TAUBATE@27/08/19@08:22@111.01@2@###########################################################################################ALEXANDRE O GRANDE@M@06/05/1998@(06) 94045-9824@FUSCA@MDA-2333@COTIA|LORENA|OSASCO|SAO JOSE DOS CAMPOS|SOROCABA|TAUBATE@03/01/19@16:14@204.30@1@################################################################################################################
**********************ARQUIVO*********************
SABRINA SATO@F@25/07/1995@(34) 72495-0751@TORO@FML-0518@COTIA|JUNDIAI|LORENA|OSASCO|RIO DE JANEIRO|SAO JOSE DOS CAMPOS|SAO PAULO|SAO ROQUE|SOROCABA|TAUBATE@26/03/19@21:59@072.17@3@############################################################################FELIPE COUTINHO@M@16/12/1994@(12) 34593-6298@COROLLA@IRV-7666@COTIA|RIO DE JANEIRO@08/11/19@23:44@216.24@2@#####################################################################################################################################################GABRIEL EL ANGEL@M@01/09/1991@(08) 14044-4237@ONIX@SYX-9281@OSASCO|SAO PAULO@15/10/19@13:20@153.16@3@###########################################################################################################################################################EDUARDO MOTTA@M@03/12/1997@(86) 47023-6787@TORO@LLW-3310@COTIA|JUNDIAI|LORENA|RIO DE JANEIRO|SAO JOSE DOS CAMPOS@04/05/19@03:46@110.07@2@#######################################################################################################################SABRINA SATO@F@01/08/1989@(29) 38705-8252@CELTA@MJP-7653@JUNDIAI|LORENA|OSASCO|RIO DE JANEIRO|SAO JOSE DOS CAMPOS|SAO ROQUE|SOROCABA|TAUBATE@27/08/19@08:22@111.01@2@###########################################################################################ALEXANDRE O GRANDE@M@06/05/1998@(06) 94045-9824@FUSCA@MDA-2333@COTIA|LORENA|OSASCO|SAO JOSE DOS CAMPOS|SOROCABA|TAUBATE@03/01/19@16:14@204.30@1@################################################################################################################
**********************ARQUIVO*********************
SABRINA SATO@F@25/07/1995@(34) 72495-0751@TORO@FML-0518@COTIA|JUNDIAI|LORENA|OSASCO|RIO DE JANEIRO|SAO JOSE DOS CAMPOS|SAO PAULO|SAO ROQUE|SOROCABA|TAUBATE@26/03/19@21:59@072.17@3@############################################################################FELIPE COUTINHO@M@16/12/1994@(12) 34593-6298@COROLLA@IRV-7666@COTIA|RIO DE JANEIRO@08/11/19@23:44@216.24@2@#####################################################################################################################################################GABRIEL EL ANGEL@M@01/09/1991@(08) 14044-4237@ONIX@SYX-9281@OSASCO|SAO PAULO@15/10/19@13:20@153.16@3@###########################################################################################################################################################EDUARDO MOTTA@M@03/12/1997@(86) 47023-6787@TORO@LLW-3310@COTIA|JUNDIAI|LORENA|RIO DE JANEIRO|SAO JOSE DOS CAMPOS@04/05/19@03:46@110.07@2@#######################################################################################################################SABRINA SATO@F@01/08/1989@(29) 38705-8252@CELTA@MJP-7653@JUNDIAI|LORENA|OSASCO|RIO DE JANEIRO|SAO JOSE DOS CAMPOS|SAO ROQUE|SOROCABA|TAUBATE@27/08/19@08:22@111.01@2@###########################################################################################ALEXANDRE O GRANDE@M@06/05/1998@(06) 94045-9824@FUSCA@MDA-2333@COTIA|LORENA|OSASCO|SAO JOSE DOS CAMPOS|SOROCABA|TAUBATE@03/01/19@16:14@204.30@1@################################################################################################################
*****************ARQUIVO SECUNDARIO****************
AMDA030116 03/01/19
SFML260321 26/03/19
ELLW040503 04/05/19
SMJP270808 27/08/19
GSYX151013 15/10/19
FIRV081123 08/11/19
*****************ARQUIVO SECUNDARIO****************
ELLW040503 03:46
SMJP270808 08:22
GSYX151013 13:20
AMDA030116 16:14
SFML260321 21:59
FIRV081123 23:44
**********************EXCLUIR*********************
Registro(s) nao encontrado!
FALHA AO REALIZAR OPERACAO!
**********************EXCLUIR*********************
Registro(s) nao encontrado!
FALHA AO REALIZAR OPERACAO!
**********************ALTERAR*********************
OPERACAO REALIZADA COM SUCESSO!
**********************EXCLUIR*********************
OPERACAO REALIZADA COM SUCESSO!
**********************EXCLUIR*********************
OPERACAO REALIZADA COM SUCESSO!
**********************ARQUIVO*********************
SABRINA SATO@F@25/07/1995@(34) 72495-0751@TORO@FML-0518@COTIA|JUNDIAI|LORENA|OSASCO|RIO DE JANEIRO|SAO JOSE DOS CAMPOS|SAO PAULO|SAO ROQUE|SOROCABA|TAUBATE@26/03/19@21:59@072.17@3@############################################################################FELIPE COUTINHO@M@16/12/1994@(12) 34593-6298@COROLLA@IRV-7666@COTIA|RIO DE JANEIRO@08/11/19@23:44@216.24@2@#####################################################################################################################################################*|UARDO MOTTA@M@03/12/1997@(86) 47023-6787@TORO@LLW-3310@COTIA|JUNDIAI|LORENA|RIO DE JANEIRO|SAO JOSE DOS CAMPOS@04/05/19@03:46@110.07@2@#######################################################################################################################SABRINA SATO@F@01/08/1989@(29) 38705-8252@CELTA@MJP-7653@JUNDIAI|LORENA|OSASCO|RIO DE JANEIRO|SAO JOSE DOS CAMPOS|SAO ROQUE|SOROCABA|TAUBATE@27/08/19@08:22@111.01@2@###########################################################################################ALEXANDRE O GRANDE@M@06/05/1998@(06) 94045-9824@FUSCA@MDA-2333@COTIA|LORENA|OSASCO|SAO JOSE DOS CAMPOS|SOROCABA|TAUBATE@03/01/19@16:14@204.30@1@################################################################################################################
**********************ALTERAR*********************
OPERACAO REALIZADA COM SUCESSO!
**********************EXCLUIR*********************
Registro(s) nao encontrado!
FALHA AO REALIZAR OPERACAO!
**********************BUSCAR**********************
SFML260321
SABRINA SATO
F
25/07/1995
(34) 72495-0751
TORO
FML-0518
26/03/19
21:59
072.17
3
COTIA, JUNDIAI, LORENA, OSASCO, RIO DE JANEIRO, SAO JOSE DOS CAMPOS, SAO PAULO, SAO ROQUE, SOROCABA, TAUBATE
**********************LISTAR**********************
AMDA030116
ALEXANDRE O GRANDE
M
06/05/1998
(06) 94045-9824
FUSCA
MDA-2333
03/01/19
16:14
204.30
1
COTIA, LORENA, OSASCO, SAO JOSE DOS CAMPOS, SOROCABA, TAUBATE

AWPX180802
ALEXANDRE O GRANDE
M
26/09/1997
(03) 62104-6176
FUSCA
WPX-7461
18/08/19
02:46
013.93
3
COTIA, JUNDIAI, SAO ROQUE

FIRV081123
FELIPE COUTINHO
M
16/12/1994
(12) 34593-6298
COROLLA
IRV-7666
08/11/19
23:44
216.24
2
COTIA, RIO DE JANEIRO

JZZU230908
JULIANA MENDES
F
23/06/1995
(10) 36672-7441
FUSCA
ZZU-5015
23/09/19
08:10
102.75
4
COTIA, JUNDIAI, LORENA, RIO DE JANEIRO, SAO JOSE DOS CAMPOS, SAO PAULO, SAO ROQUE, SOROCABA

SFML260321
SABRINA SATO
F
25/07/1995
(34) 72495-0751
TORO
FML-0518
26/03/19
21:59
072.17
3
COTIA, JUNDIAI, LORENA, OSASCO, RIO DE JANEIRO, SAO JOSE DOS CAMPOS, SAO PAULO, SAO ROQUE, SOROCABA, TAUBATE

AWPX180802
ALEXANDRE O GRANDE
M
26/09/1997
(03) 62104-6176
FUSCA
WPX-7461
18/08/19
02:46
013.93
3
COTIA, JUNDIAI, SAO ROQUE

JZZU230908
JULIANA MENDES
F
23/06/1995
(10) 36672-7441
FUSCA
ZZU-5015
23/09/19
08:10
102.75
4
COTIA, JUNDIAI, LORENA, RIO DE JANEIRO, SAO JOSE DOS CAMPOS, SAO PAULO, SAO ROQUE, SOROCABA

SFML260321
SABRINA SATO
F
25/07/1995
(34) 72495-0751
TORO
FML-0518
26/03/19
21:59
072.17
3
COTIA, JUNDIAI, LORENA, OSASCO, RIO DE JANEIRO, SAO JOSE DOS CAMPOS, SAO PAULO, SAO ROQUE, SOROCABA, TAUBATE

SMJP270808
SABRINA SATO
F
01/08/1989
(29) 38705-8252
CELTA
MJP-7653
27/08/19
08:22
111.01
4
JUNDIAI, LORENA, OSASCO, RIO DE JANEIRO, SAO JOSE DOS CAMPOS, SAO ROQUE, SOROCABA, TAUBATE

AMDA030116
ALEXANDRE O GRANDE
M
06/05/1998
(06) 94045-9824
FUSCA
MDA-2333
03/01/19
16:14
204.30
1
COTIA, LORENA, OSASCO, SAO JOSE DOS CAMPOS, SOROCABA, TAUBATE

JZZU230908
JULIANA MENDES
F
23/06/1995
(10) 36672-7441
FUSCA
ZZU-5015
23/09/19
08:10
102.75
4
COTIA, JUNDIAI, LORENA, RIO DE JANEIRO, SAO JOSE DOS CAMPOS, SAO PAULO, SAO ROQUE, SOROCABA

SFML260321
SABRINA SATO
F
25/07/1995
(34) 72495-0751
TORO
FML-0518
26/03/19
21:59
072.17
3
COTIA, JUNDIAI, LORENA, OSASCO, RIO DE JANEIRO, SAO JOSE DOS CAMPOS, SAO PAULO, SAO ROQUE, SOROCABA, TAUBATE

SMJP270808
SABRINA SATO
F
01/08/1989
(29) 38705-8252
CELTA
MJP-7653
27/08/19
08:22
111.01
4
JUNDIAI, LORENA, OSASCO, RIO DE JANEIRO, SAO JOSE DOS CAMPOS, SAO ROQUE, SOROCABA, TAUBATE

AMDA030116
ALEXANDRE O GRANDE
M
06/05/1998
(06) 94045-9824
FUSCA
MDA-2333
03/01/19
16:14
204.30
1
COTIA, LORENA, OSASCO, SAO JOSE DOS CAMPOS, SOROCABA, TAUBATE

SFML260321
SABRINA SATO
F
25/07/1995
(34) 72495-0751
TORO
FML-0518
26/03/19
21:59
072.17
3
COTIA, JUNDIAI, LORENA, OSASCO, RIO DE JANEIRO, SAO JOSE DOS CAMPOS, SAO PAULO, SAO ROQUE, SOROCABA, TAUBATE

SMJP270808
SABRINA SATO
F
01/08/1989
(29) 38705-8252
CELTA
MJP-7653
27/08/19
08:22
111.01
4
JUNDIAI, LORENA, OSASCO, RIO DE JANEIRO, SAO JOSE DOS CAMPOS, SAO ROQUE, SOROCABA, TAUBATE

FIRV081123
FELIPE COUTINHO
M
16/12/1994
(12) 34593-6298
COROLLA
IRV-7666
08/11/19
23:44
216.24
2
COTIA, RIO DE JANEIRO

JZZU230908
JULIANA MENDES
F
23/06/1995
(10) 36672-7441
FUSCA
ZZU-5015
23/09/19
08:10
102.75
4
COTIA, JUNDIAI, LORENA, RIO DE JANEIRO, SAO JOSE DOS CAMPOS, SAO PAULO, SAO ROQUE, SOROCABA

SFML260321
SABRINA SATO
F
25/07/1995
(34) 72495-0751
TORO
FML-0518
26/03/19
21:59
072.17
3
COTIA, JUNDIAI, LORENA, OSASCO, RIO DE JANEIRO, SAO JOSE DOS CAMPOS, SAO PAULO, SAO ROQUE, SOROCABA, TAUBATE

SMJP270808
SABRINA SATO
F
01/08/1989
(29) 38705-8252
CELTA
MJP-7653
27/08/19
08:22
111.01
4
JUNDIAI, LORENA, OSASCO, RIO DE JANEIRO, SAO JOSE DOS CAMPOS, SAO ROQUE, SOROCABA, TAUBATE

AMDA030116
ALEXANDRE O GRANDE
M
06/05/1998
(06) 94045-9824
FUSCA
MDA-2333
03/01/19
16:14
204.30
1
COTIA, LORENA, OSASCO, SAO JOSE DOS CAMPOS, SOROCABA, TAUBATE

JZZU230908
JULIANA MENDES
F
23/06/1995
(10) 36672-7441
FUSCA
ZZU-5015
23/09/19
08:10
102.75
4
COTIA, JUNDIAI, LORENA, RIO DE JANEIRO, SAO JOSE DOS CAMPOS, SAO PAULO, SAO ROQUE, SOROCABA

SFML260321
SABRINA SATO
F
25/07/1995
(34) 72495-0751
TORO
FML-0518
26/03/19
21:59
072.17
3
COTIA, JUNDIAI, LORENA, OSASCO, RIO DE JANEIRO, SAO JOSE DOS CAMPOS, SAO PAULO, SAO ROQUE, SOROCABA, TAUBATE

SMJP270808
SABRINA SATO
F
01/08/1989
(29) 38705-8252
CELTA
MJP-7653
27/08/19
08:22
111.01
4
JUNDIAI, LORENA, OSASCO, RIO DE JANEIRO, SAO JOSE DOS CAMPOS, SAO ROQUE, SOROCABA, TAUBATE

JZZU230908
JULIANA MENDES
F
23/06/1995
(10) 36672-7441
FUSCA
ZZU-5015
23/09/19
08:10
102.75
4
COTIA, JUNDIAI, LORENA, RIO DE JANEIRO, SAO JOSE DOS CAMPOS, SAO PAULO, SAO ROQUE, SOROCABA

SFML260321
SABRINA SATO
F
25/07/1995
(34) 72495-0751
TORO
FML-0518
26/03/19
21:59
072.17
3
COTIA, JUNDIAI, LORENA, OSASCO, RIO DE JANEIRO, SAO JOSE DOS CAMPOS, SAO PAULO, SAO ROQUE, SOROCABA, TAUBATE

AWPX180802
ALEXANDRE O GRANDE
M
26/09/1997
(03) 62104-6176
FUSCA
WPX-7461
18/08/19
02:46
013.93
3
COTIA, JUNDIAI, SAO ROQUE

JZZU230908
JULIANA MENDES
F
23/06/1995
(10) 36672-7441
FUSCA
ZZU-5015
23/09/19
08:10
102.75
4
COTIA, JUNDIAI, LORENA, RIO DE JANEIRO, SAO JOSE DOS CAMPOS, SAO PAULO, SAO ROQUE, SOROCABA

SFML260321
SABRINA SATO
F
25/07/1995
(34) 72495-0751
TORO
FML-0518
26/03/19
21:59
072.17
3
COTIA, JUNDIAI, LORENA, OSASCO, RIO DE JANEIRO, SAO JOSE DOS CAMPOS, SAO PAULO, SAO ROQUE, SOROCABA, TAUBATE

SMJP270808
SABRINA SATO
F
01/08/1989
(29) 38705-8252
CELTA
MJP-7653
27/08/19
08:22
111.01
4
JUNDIAI, LORENA, OSASCO, RIO DE JANEIRO, SAO JOSE DOS CAMPOS, SAO ROQUE, SOROCABA, TAUBATE

AMDA030116
ALEXANDRE O GRANDE
M
06/05/1998
(06) 94045-9824
FUSCA
MDA-2333
03/01/19
16:14
204.30
1
COTIA, LORENA, OSASCO, SAO JOSE DOS CAMPOS, SOROCABA, TAUBATE

JZZU230908
JULIANA MENDES
F
23/06/1995
(10) 36672-7441
FUSCA
ZZU-5015
23/09/19
08:10
102.75
4
COTIA, JUNDIAI, LORENA, RIO DE JANEIRO, SAO JOSE DOS CAMPOS, SAO PAULO, SAO ROQUE, SOROCABA

SFML260321
SABRINA SATO
F
25/07/1995
(34) 72495-0751
TORO
FML-0518
26/03/19
21:59
072.17
3
COTIA, JUNDIAI, LORENA, OSASCO, RIO DE JANEIRO, SAO JOSE DOS CAMPOS, SAO PAULO, SAO ROQUE, SOROCABA, TAUBATE

SMJP270808
SABRINA SATO
F
01/08/1989
(29) 38705-8252
CELTA
MJP-7653
27/08/19
08:22
111.01
4
JUNDIAI, LORENA, OSASCO, RIO DE JANEIRO, SAO JOSE DOS CAMPOS, SAO ROQUE, SOROCABA, TAUBATE

AMDA030116
ALEXANDRE O GRANDE
M
06/05/1998
(06) 94045-9824
FUSCA
MDA-2333
03/01/19
16:14
204.30
1
COTIA, LORENA, OSASCO, SAO JOSE DOS CAMPOS, SOROCABA, TAUBATE

SFML260321
SABRINA SATO
F
25/07/1995
(34) 72495-0751
TORO
FML-0518
26/03/19
21:59
072.17
3
COTIA, JUNDIAI, LORENA, OSASCO, RIO DE JANEIRO, SAO JOSE DOS CAMPOS, SAO PAULO, SAO ROQUE, SOROCABA, TAUBATE

SMJP270808
SABRINA SATO
F
01/08/1989
(29) 38705-8252
CELTA
MJP-7653
27/08/19
08:22
111.01
4
JUNDIAI, LORENA, OSASCO, RIO DE JANEIRO, SAO JOSE DOS CAMPOS, SAO ROQUE, SOROCABA, TAUBATE
**********************EXCLUIR*********************
OPERACAO REALIZADA COM SUCESSO!
**********************ALTERAR*********************
OPERACAO REALIZADA COM SUCESSO!
**********************ALTERAR*********************
OPERACAO REALIZADA COM SUCESSO!
**********************ARQUIVO*********************
SABRINA SATO@F@25/07/1995@(34) 72495-0751@TORO@FML-0518@COTIA|JUNDIAI|LORENA|OSASCO|RIO DE JANEIRO|SAO JOSE DOS CAMPOS|SAO PAULO|SAO ROQUE|SOROCABA|TAUBATE@26/03/19@21:59@072.17@3@############################################################################FELIPE COUTINHO@M@16/12/1994@(12) 34593-6298@COROLLA@IRV-7666@COTIA|RIO DE JANEIRO@08/11/19@23:44@216.24@2@#####################################################################################################################################################*|UARDO MOTTA@M@03/12/1997@(86) 47023-6787@TORO@LLW-3310@COTIA|JUNDIAI|LORENA|RIO DE JANEIRO|SAO JOSE DOS CAMPOS@04/05/19@03:46@110.07@2@#######################################################################################################################SABRINA SATO@F@01/08/1989@(29) 38705-8252@CELTA@MJP-7653@JUNDIAI|LORENA|OSASCO|RIO DE JANEIRO|SAO JOSE DOS CAMPOS|SAO ROQUE|SOROCABA|TAUBATE@27/08/19@08:22@111.01@1@###########################################################################################ALEXANDRE O GRANDE@M@06/05/1998@(06) 94045-9824@FUSCA@MDA-2333@COTIA|LORENA|OSASCO|SAO JOSE DOS CAMPOS|SOROCABA|TAUBATE@03/01/19@16:14@204.30@1@################################################################################################################*|LIANA MENDES@F@23/06/1995@(10) 36672-7441@FUSCA@ZZU-5015@COTIA|JUNDIAI|LORENA|RIO DE JANEIRO|SAO JOSE DOS CAMPOS|SAO PAULO|SAO ROQUE|SOROCABA@23/09/19@08:10@102.75@4@########################################################################################ALEXANDRE O GRANDE@M@26/09/1997@(03) 62104-6176@FUSCA@WPX-7461@COTIA|JUNDIAI|SAO ROQUE@18/08/19@02:46@013.93@3@#################################################################################################################################################
**********************ARQUIVO*********************
SABRINA SATO@F@25/07/1995@(34) 72495-0751@TORO@FML-0518@COTIA|JUNDIAI|LORENA|OSASCO|RIO DE JANEIRO|SAO JOSE DOS CAMPOS|SAO PAULO|SAO ROQUE|SOROCABA|TAUBATE@26/03/19@21:59@072.17@3@############################################################################FELIPE COUTINHO@M@16/12/1994@(12) 34593-6298@COROLLA@IRV-7666@COTIA|RIO DE JANEIRO@08/11/19@23:44@216.24@2@#####################################################################################################################################################*|UARDO MOTTA@M@03/12/1997@(86) 47023-6787@TORO@LLW-3310@COTIA|JUNDIAI|LORENA|RIO DE JANEIRO|SAO JOSE DOS CAMPOS@04/05/19@03:46@110.07@2@#######################################################################################################################SABRINA SATO@F@01/08/1989@(29) 38705-8252@CELTA@MJP-7653@JUNDIAI|LORENA|OSASCO|RIO DE JANEIRO|SAO JOSE DOS CAMPOS|SAO ROQUE|SOROCABA|TAUBATE@27/08/19@08:22@111.01@1@###########################################################################################ALEXANDRE O GRANDE@M@06/05/1998@(06) 94045-9824@FUSCA@MDA-2333@COTIA|LORENA|OSASCO|SAO JOSE DOS CAMPOS|SOROCABA|TAUBATE@03/01/19@16:14@204.30@1@################################################################################################################*|LIANA MENDES@F@23/06/1995@(10) 36672-7441@FUSCA@ZZU-5015@COTIA|JUNDIAI|LORENA|RIO DE JANEIRO|SAO JOSE DOS CAMPOS|SAO PAULO|SAO ROQUE|SOROCABA@23/09/19@08:10@102.75@4@########################################################################################ALEXANDRE O GRANDE@M@26/09/1997@(03) 62104-6176@FUSCA@WPX-7461@COTIA|JUNDIAI|SAO ROQUE@18/08/19@02:46@013.93@3@#################################################################################################################################################
**********************BUSCAR**********************
Registro(s) nao encontrado!
**********************EXCLUIR*********************
OPERACAO REALIZADA COM SUCESSO!
**********************EXCLUIR*********************
OPERACAO REALIZADA COM SUCESSO!
**********************LISTAR**********************
AMDA030116
ALEXANDRE O GRANDE
M
06/05/1998
(06) 94045-9824
FUSCA
MDA-2333
03/01/19
16:14
204.30
1
COTIA, LORENA, OSASCO, SAO JOSE DOS CAMPOS, SOROCABA, TAUBATE

SFML260321
SABRINA SATO
F
25/07/1995
(34) 72495-0751
TORO
FML-0518
26/03/19
21:59
072.17
3
COTIA, JUNDIAI, LORENA, OSASCO, RIO DE JANEIRO, SAO JOSE DOS CAMPOS, SAO PAULO, SAO ROQUE, SOROCABA, TAUBATE

FIRV081123
FELIPE COUTINHO
M
16/12/1994
(12) 34593-6298
COROLLA
IRV-7666
08/11/19
23:44
216.24
2
COTIA, RIO DE JANEIRO

SFML260321
SABRINA SATO
F
25/07/1995
(34) 72495-0751
TORO
FML-0518
26/03/19
21:59
072.17
3
COTIA, JUNDIAI, LORENA, OSASCO, RIO DE JANEIRO, SAO JOSE DOS CAMPOS, SAO PAULO, SAO ROQUE, SOROCABA, TAUBATE

AMDA030116
ALEXANDRE O GRANDE
M
06/05/1998
(06) 94045-9824
FUSCA
MDA-2333
03/01/19
16:14
204.30
1
COTIA, LORENA, OSASCO, SAO JOSE DOS CAMPOS, SOROCABA, TAUBATE

SFML260321
SABRINA SATO
F
25/07/1995
(34) 72495-0751
TORO
FML-0518
26/03/19
21:59
072.17
3
COTIA, JUNDIAI, LORENA, OSASCO, RIO DE JANEIRO, SAO JOSE DOS CAMPOS, SAO PAULO, SAO ROQUE, SOROCABA, TAUBATE

AMDA030116
ALEXANDRE O GRANDE
M
06/05/1998
(06) 94045-9824
FUSCA
MDA-2333
03/01/19
16:14
204.30
1
COTIA, LORENA, OSASCO, SAO JOSE DOS CAMPOS, SOROCABA, TAUBATE

SFML260321
SABRINA SATO
F
25/07/1995
(34) 72495-0751
TORO
FML-0518
26/03/19
21:59
072.17
3
COTIA, JUNDIAI, LORENA, OSASCO, RIO DE JANEIRO, SAO JOSE DOS CAMPOS, SAO PAULO, SAO ROQUE, SOROCABA, TAUBATE

SFML260321
SABRINA SATO
F
25/07/1995
(34) 72495-0751
TORO
FML-0518
26/03/19
21:59
072.17
3
COTIA, JUNDIAI, LORENA, OSASCO, RIO DE JANEIRO, SAO JOSE DOS CAMPOS, SAO PAULO, SAO ROQUE, SOROCABA, TAUBATE

FIRV081123
FELIPE COUTINHO
M
16/12/1994
(12) 34593-6298
COROLLA
IRV-7666
08/11/19
23:44
216.24
2
COTIA, RIO DE JANEIRO

AMDA030116
ALEXANDRE O GRANDE
M
06/05/1998
(06) 94045-9824
FUSCA
MDA-2333
03/01/19
16:14
204.30
1
COTIA, LORENA, OSASCO, SAO JOSE DOS CAMPOS, SOROCABA, TAUBATE

SFML260321
SABRINA SATO
F
25/07/1995
(34) 72495-0751
TORO
FML-0518
26/03/19
21:59
072.17
3
COTIA, JUNDIAI, LORENA, OSASCO, RIO DE JANEIRO, SAO JOSE DOS CAMPOS, SAO PAULO, SAO ROQUE, SOROCABA, TAUBATE

SFML260321
SABRINA SATO
F
25/07/1995
(34) 72495-0751
TORO
FML-0518
26/03/19
21:59
072.17
3
COTIA, JUNDIAI, LORENA, OSASCO, RIO DE JANEIRO, SAO JOSE DOS CAMPOS, SAO PAULO, SAO ROQUE, SOROCABA, TAUBATE

SFML260321
SABRINA SATO
F
25/07/1995
(34) 72495-0751
TORO
FML-0518
26/03/19
21:59
072.17
3
COTIA, JUNDIAI, LORENA, OSASCO, RIO DE JANEIRO, SAO JOSE DOS CAMPOS, SAO PAULO, SAO ROQUE, SOROCABA, TAUBATE

AMDA030116
ALEXANDRE O GRANDE
M
06/05/1998
(06) 94045-9824
FUSCA
MDA-2333
03/01/19
16:14
204.30
1
COTIA, LORENA, OSASCO, SAO JOSE DOS CAMPOS, SOROCABA, TAUBATE

SFML260321
SABRINA SATO
F
25/07/1995
(34) 72495-0751
TORO
FML-0518
26/03/19
21:59
072.17
3
COTIA, JUNDIAI, LORENA, OSASCO, RIO DE JANEIRO, SAO JOSE DOS CAMPOS, SAO PAULO, SAO ROQUE, SOROCABA, TAUBATE

AMDA030116
ALEXANDRE O GRANDE
M
06/05/1998
(06) 94045-9824
FUSCA
MDA-2333
03/01/19
16:14
204.30
1
COTIA, LORENA, OSASCO, SAO JOSE DOS CAMPOS, SOROCABA, TAUBATE

SFML260321
SABRINA SATO
F
25/07/1995
(34) 72495-0751
TORO
FML-0518
26/03/19
21:59
072.17
3
COTIA, JUNDIAI, LORENA, OSASCO, RIO DE JANEIRO, SAO JOSE DOS CAMPOS, SAO PAULO, SAO ROQUE, SOROCABA, TAUBATE
**********************ARQUIVO*********************
SABRINA SATO@F@25/07/1995@(34) 72495-0751@TORO@FML-0518@COTIA|JUNDIAI|LORENA|OSASCO|RIO DE JANEIRO|SAO JOSE DOS CAMPOS|SAO PAULO|SAO ROQUE|SOROCABA|TAUBATE@26/03/19@21:59@072.17@3@############################################################################FELIPE COUTINHO@M@16/12/1994@(12) 34593-6298@COROLLA@IRV-7666@COTIA|RIO DE JANEIRO@08/11/19@23:44@216.24@2@#####################################################################################################################################################*|UARDO MOTTA@M@03/12/1997@(86) 47023-6787@TORO@LLW-3310@COTIA|JUNDIAI|LORENA|RIO DE JANEIRO|SAO JOSE DOS CAMPOS@04/05/19@03:46@110.07@2@#######################################################################################################################*|BRINA SATO@F@01/08/1989@(29) 38705-8252@CELTA@MJP-7653@JUNDIAI|LORENA|OSASCO|RIO DE JANEIRO|SAO JOSE DOS CAMPOS|SAO ROQUE|SOROCABA|TAUBATE@27/08/19@08:22@111.01@1@###########################################################################################ALEXANDRE O GRANDE@M@06/05/1998@(06) 94045-9824@FUSCA@MDA-2333@COTIA|LORENA|OSASCO|SAO JOSE DOS CAMPOS|SOROCABA|TAUBATE@03/01/19@16:14@204.30@1@################################################################################################################*|LIANA MENDES@F@23/06/1995@(10) 36672-7441@FUSCA@ZZU-5015@COTIA|JUNDIAI|LORENA|RIO DE JANEIRO|SAO JOSE DOS CAMPOS|SAO PAULO|SAO ROQUE|SOROCABA@23/09/19@08:10@102.75@4@########################################################################################*|EXANDRE O GRANDE@M@26/09/1997@(03) 62104-6176@FUSCA@WPX-7461@COTIA|JUNDIAI|SAO ROQUE@18/08/19@02:46@013.93@3@#################################################################################################################################################
**********************LISTAR**********************
AMDA030116
ALEXANDRE O GRANDE
M
06/05/1998
(06) 94045-9824
FUSCA
MDA-2333
03/01/19
16:14
204.30
1
COTIA, LORENA, OSASCO, SAO JOSE DOS CAMPOS, SOROCABA, TAUBATE

FIRV081123
FELIPE COUTINHO
M
16/12/1994
(12) 34593-6298
COROLLA
IRV-7666
08/11/19
23:44
216.24
2
COTIA, RIO DE JANEIRO

SFML260321
SABRINA SATO
F
25/07/1995
(34) 72495-0751
TORO
FML-0518
26/03/19
21:59
072.17
3
COTIA, JUNDIAI, LORENA, OSASCO, RIO DE JANEIRO, SAO JOSE DOS CAMPOS, SAO PAULO, SAO ROQUE, SOROCABA, TAUBATE
**********************LISTAR**********************
AMDA030116
ALEXANDRE O GRANDE
M
06/05/1998
(06) 94045-9824
FUSCA
MDA-2333
03/01/19
16:14
204.30
1
COTIA, LORENA, OSASCO, SAO JOSE DOS CAMPOS, SOROCABA, TAUBATE

SFML260321
SABRINA SATO
F
25/07/1995
(34) 72495-0751
TORO
FML-0518
26/03/19
21:59
072.17
3
COTIA, JUNDIAI, LORENA, OSASCO, RIO DE JANEIRO, SAO JOSE DOS CAMPOS, SAO PAULO, SAO ROQUE, SOROCABA, TAUBATE

FIRV081123
FELIPE COUTINHO
M
16/12/1994
(12) 34593-6298
COROLLA
IRV-7666
08/11/19
23:44
216.24
2
COTIA, RIO DE JANEIRO
*****************ARQUIVO SECUNDARIO****************
AMDA030116 ALEXANDRE O GRANDE
AWPX180802 ALEXANDRE O GRANDE
ELLW040503 EDUARDO MOTTA
FIRV081123 FELIPE COUTINHO
JZZU230908 JULIANA MENDES
SFML260321 SABRINA SATO
SMJP270808 SABRINA SATO
**********************EXCLUIR*********************
OPERACAO REALIZADA COM SUCESSO!
*****************ARQUIVO SECUNDARIO****************
AWPX180802 02:46
ELLW040503 03:46
JZZU230908 08:10
SMJP270808 08:22
AMDA030116 16:14
SFML260321 21:59
FIRV081123 23:44
**********************EXCLUIR*********************
OPERACAO REALIZADA COM SUCESSO!
**********************BUSCAR**********************
Registro(s) nao encontrado!
**********************ALTERAR*********************
OPERACAO REALIZADA COM SUCESSO!
**********************ARQUIVO*********************
SABRINA SATO@F@25/07/1995@(34) 72495-0751@TORO@FML-0518@COTIA|JUNDIAI|LORENA|OSASCO|RIO DE JANEIRO|SAO JOSE DOS CAMPOS|SAO PAULO|SAO ROQUE|SOROCABA|TAUBATE@26/03/19@21:59@072.17@2@############################################################################*|EXANDRE O GRANDE@M@06/05/1998@(06) 94045-9824@FUSCA@MDA-2333@COTIA|LORENA|OSASCO|SAO JOSE DOS CAMPOS|SOROCABA|TAUBATE@03/01/19@16:14@204.30@1@################################################################################################################EDUARDO MOTTA@M@01/12/1992@(25) 01121-5458@HB20@VJQ-8661@LORENA|OSASCO|SAO JOSE DOS CAMPOS@09/02/19@09:03@199.51@1@#############################################################################################################################################
**********************BUSCAR**********************
SFML260321
SABRINA SATO
F
25/07/1995
(34) 72495-0751
TORO
FML-0518
26/03/19
21:59
072.17
2
COTIA, JUNDIAI, LORENA, OSASCO, RIO DE JANEIRO, SAO JOSE DOS CAMPOS, SAO PAULO, SAO ROQUE, SOROCABA, TAUBATE
**********************ARQUIVO*********************
SABRINA SATO@F@25/07/1995@(34) 72495-0751@TORO@FML-0518@COTIA|JUNDIAI|LORENA|OSASCO|RIO DE JANEIRO|SAO JOSE DOS CAMPOS|SAO PAULO|SAO ROQUE|SOROCABA|TAUBATE@26/03/19@21:59@072.17@2@############################################################################*|EXANDRE O GRANDE@M@06/05/1998@(06) 94045-9824@FUSCA@MDA-2333@COTIA|LORENA|OSASCO|SAO JOSE DOS CAMPOS|SOROCABA|TAUBATE@03/01/19@16:14@204.30@1@################################################################################################################EDUARDO MOTTA@M@01/12/1992@(25) 01121-5458@HB20@VJQ-8661@LORENA|OSASCO|SAO JOSE DOS CAMPOS@09/02/19@09:03@199.51@1@#############################################################################################################################################PABLO ESCOBAR@M@10/11/1994@(51) 38659-6322@HB20@TIR-4125@COTIA|JUNDIAI|LORENA|OSASCO|RIO DE JANEIRO|SAO JOSE DOS CAMPOS|SAO PAULO|SAO ROQUE|SOROCABA|TAUBATE@12/11/19@22:56@078.05@2@###########################################################################
**********************LISTAR**********************
SFML260321
SABRINA SATO
F
25/07/1995
(34) 72495-0751
TORO
FML-0518
26/03/19
21:59
072.17
2
COTIA, JUNDIAI, LORENA, OSASCO, RIO DE JANEIRO, SAO JOSE DOS CAMPOS, SAO PAULO, SAO ROQUE, SOROCABA, TAUBATE

PTIR121122
PABLO ESCOBAR
M
10/11/1994
(51) 38659-6322
HB20
TIR-4125
12/11/19
22:56
078.05
2
COTIA, JUNDIAI, LORENA, OSASCO, RIO DE JANEIRO, SAO JOSE DOS CAMPOS, SAO PAULO, SAO ROQUE, SOROCABA, TAUBATE

SFML260321
SABRINA SATO
F
25/07/1995
(34) 72495-0751
TORO
FML-0518
26/03/19
21:59
072.17
2
COTIA, JUNDIAI, LORENA, OSASCO, RIO DE JANEIRO, SAO JOSE DOS CAMPOS, SAO PAULO, SAO ROQUE, SOROCABA, TAUBATE

PTIR121122
PABLO ESCOBAR
M
10/11/1994
(51) 38659-6322
HB20
TIR-4125
12/11/19
22:56
078.05
2
COTIA, JUNDIAI, LORENA, OSASCO, RIO DE JANEIRO, SAO JOSE DOS CAMPOS, SAO PAULO, SAO ROQUE, SOROCABA, TAUBATE

EVJQ090209
EDUARDO MOTTA
M
01/12/1992
(25) 01121-5458
HB20
VJQ-8661
09/02/19
09:03
199.51
1
LORENA, OSASCO, SAO JOSE DOS CAMPOS

SFML260321
SABRINA SATO
F
25/07/1995
(34) 72495-0751
TORO
FML-0518
26/03/19
21:59
072.17
2
COTIA, JUNDIAI, LORENA, OSASCO, RIO DE JANEIRO, SAO JOSE DOS CAMPOS, SAO PAULO, SAO ROQUE, SOROCABA, TAUBATE

PTIR121122
PABLO ESCOBAR
M
10/11/1994
(51) 38659-6322
HB20
TIR-4125
12/11/19
22:56
078.05
2
COTIA, JUNDIAI, LORENA, OSASCO, RIO DE JANEIRO, SAO JOSE DOS CAMPOS, SAO PAULO, SAO ROQUE, SOROCABA, TAUBATE

EVJQ090209
EDUARDO MOTTA
M
01/12/1992
(25) 01121-5458
HB20
VJQ-8661
09/02/19
09:03
199.51
1
LORENA, OSASCO, SAO JOSE DOS CAMPOS

SFML260321
SABRINA SATO
F
25/07/1995
(34) 72495-0751
TORO
FML-0518
26/03/19
21:59
072.17
2
COTIA, JUNDIAI, LORENA, OSASCO, RIO DE JANEIRO, SAO JOSE DOS CAMPOS, SAO PAULO, SAO ROQUE, SOROCABA, TAUBATE

PTIR121122
PABLO ESCOBAR
M
10/11/1994
(51) 38659-6322
HB20
TIR-4125
12/11/19
22:56
078.05
2
COTIA, JUNDIAI, LORENA, OSASCO, RIO DE JANEIRO, SAO JOSE DOS CAMPOS, SAO PAULO, SAO ROQUE, SOROCABA, TAUBATE

SFML260321
SABRINA SATO
F
25/07/1995
(34) 72495-0751
TORO
FML-0518
26/03/19
21:59
072.17
2
COTIA, JUNDIAI, LORENA, OSASCO, RIO DE JANEIRO, SAO JOSE DOS CAMPOS, SAO PAULO, SAO ROQUE, SOROCABA, TAUBATE

PTIR121122
PABLO ESCOBAR
M
10/11/1994
(51) 38659-6322
HB20
TIR-4125
12/11/19
22:56
078.05
2
COTIA, JUNDIAI, LORENA, OSASCO, RIO DE JANEIRO, SAO JOSE DOS CAMPOS, SAO PAULO, SAO ROQUE, SOROCABA, TAUBATE

EVJQ090209
EDUARDO MOTTA
M
01/12/1992
(25) 01121-5458
HB20
VJQ-8661
09/02/19
09:03
199.51
1
LORENA, OSASCO, SAO JOSE DOS CAMPOS

SFML260321
SABRINA SATO
F
25/07/1995
(34) 72495-0751
TORO
FML-0518
26/03/19
21:59
072.17
2
COTIA, JUNDIAI, LORENA, OSASCO, RIO DE JANEIRO, SAO JOSE DOS CAMPOS, SAO PAULO, SAO ROQUE, SOROCABA, TAUBATE

PTIR121122
PABLO ESCOBAR
M
10/11/1994
(51) 38659-6322
HB20
TIR-4125
12/11/19
22:56
078.05
2
COTIA, JUNDIAI, LORENA, OSASCO, RIO DE JANEIRO, SAO JOSE DOS CAMPOS, SAO PAULO, SAO ROQUE, SOROCABA, TAUBATE

SFML260321
SABRINA SATO
F
25/07/1995
(34) 72495-0751
TORO
FML-0518
26/03/19
21:59
072.17
2
COTIA, JUNDIAI, LORENA, OSASCO, RIO DE JANEIRO, SAO JOSE DOS CAMPOS, SAO PAULO, SAO ROQUE, SOROCABA, TAUBATE

PTIR121122
PABLO ESCOBAR
M
10/11/1994
(51) 38659-6322
HB20
TIR-4125
12/11/19
22:56
078.05
2
COTIA, JUNDIAI, LORENA, OSASCO, RIO DE JANEIRO, SAO JOSE DOS CAMPOS, SAO PAULO, SAO ROQUE, SOROCABA, TAUBATE

SFML260321
SABRINA SATO
F
25/07/1995
(34) 72495-0751
TORO
FML-0518
26/03/19
21:59
072.17
2
COTIA, JUNDIAI, LORENA, OSASCO, RIO DE JANEIRO, SAO JOSE DOS CAMPOS, SAO PAULO, SAO ROQUE, SOROCABA, TAUBATE

PTIR121122
PABLO ESCOBAR
M
10/11/1994
(51) 38659-6322
HB20
TIR-4125
12/11/19
22:56
078.05
2
COTIA, JUNDIAI, LORENA, OSASCO, RIO DE JANEIRO, SAO JOSE DOS CAMPOS, SAO PAULO, SAO ROQUE, SOROCABA, TAUBATE

SFML260321
SABRINA SATO
F
25/07/1995
(34) 72495-0751
TORO
FML-0518
26/03/19
21:59
072.17
2
COTIA, JUNDIAI, LORENA, OSASCO, RIO DE JANEIRO, SAO JOSE DOS CAMPOS, SAO PAULO, SAO ROQUE, SOROCABA, TAUBATE

PTIR121122
PABLO ESCOBAR
M
10/11/1994
(51) 38659-6322
HB20
TIR-4125
12/11/19
22:56
078.05
2
COTIA, JUNDIAI, LORENA, OSASCO, RIO DE JANEIRO, SAO JOSE DOS CAMPOS, SAO PAULO, SAO ROQUE, SOROCABA, TAUBATE

SFML260321
SABRINA SATO
F
25/07/1995
(34) 72495-0751
TORO
FML-0518
26/03/19
21:59
072.17
2
COTIA, JUNDIAI, LORENA, OSASCO, RIO DE JANEIRO, SAO JOSE DOS CAMPOS, SAO PAULO, SAO ROQUE, SOROCABA, TAUBATE

PTIR121122
PABLO ESCOBAR
M
10/11/1994
(51) 38659-6322
HB20
TIR-4125
12/11/19
22:56
078.05
2
COTIA, JUNDIAI, LORENA, OSASCO, RIO DE JANEIRO, SAO JOSE DOS CAMPOS, SAO PAULO, SAO ROQUE, SOROCABA, TAUBATE
*****************ARQUIVO SECUNDARIO****************
COTIA AMDA030116 PTIR121122 SFML260321
JUNDIAI PTIR121122 SFML260321
LORENA AMDA030116 EVJQ090209 PTIR121122 SFML260321
OSASCO AMDA030116 EVJQ090209 PTIR121122 SFML260321
RIO DE JANEIRO PTIR121122 SFML260321
SAO JOSE DOS CAMPOS AMDA030116 EVJQ090209 PTIR121122 SFML260321
SAO PAULO PTIR121122 SFML260321
SAO ROQUE PTIR121122 SFML260321
SOROCABA AMDA030116 PTIR121122 SFML260321
TAUBATE AMDA030116 PTIR121122 SFML260321
**********************LISTAR**********************
PTIR121122
PABLO ESCOBAR
M
10/11/1994
(51) 38659-6322
HB20
TIR-4125
12/11/19
22:56
078.05
2
COTIA, JUNDIAI, LORENA, OSASCO, RIO DE JANEIRO, SAO JOSE DOS CAMPOS, SAO PAULO, SAO ROQUE, SOROCABA, TAUBATE

SFML260321
SABRINA SATO
F
25/07/1995
(34) 72495-0751
TORO
FML-0518
26/03/19
21:59
072.17
2
COTIA, JUNDIAI, LORENA, OSASCO, RIO DE JANEIRO, SAO JOSE DOS CAMPOS, SAO PAULO, SAO ROQUE, SOROCABA, TAUBATE

PTIR121122
PABLO ESCOBAR
M
10/11/1994
(51) 38659-6322
HB20
TIR-4125
12/11/19
22:56
078.05
2
COTIA, JUNDIAI, LORENA, OSASCO, RIO DE JANEIRO, SAO JOSE DOS CAMPOS, SAO PAULO, SAO ROQUE, SOROCABA, TAUBATE

SFML260321
SABRINA SATO
F
25/07/1995
(34) 72495-0751
TORO
FML-0518
26/03/19
21:59
072.17
2
COTIA, JUNDIAI, LORENA, OSASCO, RIO DE JANEIRO, SAO JOSE DOS CAMPOS, SAO PAULO, SAO ROQUE, SOROCABA, TAUBATE

EVJQ090209
EDUARDO MOTTA
M
01/12/1992
(25) 01121-5458
HB20
VJQ-8661
09/02/19
09:03
199.51
1
LORENA, OSASCO, SAO JOSE DOS CAMPOS

PTIR121122
PABLO ESCOBAR
M
10/11/1994
(51) 38659-6322
HB20
TIR-4125
12/11/19
22:56
078.05
2
COTIA, JUNDIAI, LORENA, OSASCO, RIO DE JANEIRO, SAO JOSE DOS CAMPOS, SAO PAULO, SAO ROQUE, SOROCABA, TAUBATE

SFML260321
SABRINA SATO
F
25/07/1995
(34) 72495-0751
TORO
FML-0518
26/03/19
21:59
072.17
2
COTIA, JUNDIAI, LORENA, OSASCO, RIO DE JANEIRO, SAO JOSE DOS CAMPOS, SAO PAULO, SAO ROQUE, SOROCABA, TAUBATE

EVJQ090209
EDUARDO MOTTA
M
01/12/1992
(25) 01121-5458
HB20
VJQ-8661
09/02/19
09:03
199.51
1
LORENA, OSASCO, SAO JOSE DOS CAMPOS

PTIR121122
PABLO ESCOBAR
M
10/11/1994
(51) 38659-6322
HB20
TIR-4125
12/11/19
22:56
078.05
2
COTIA, JUNDIAI, LORENA, OSASCO, RIO DE JANEIRO, SAO JOSE DOS CAMPOS, SAO PAULO, SAO ROQUE, SOROCABA, TAUBATE

SFML260321
SABRINA SATO
F
25/07/1995
(34) 72495-0751
TORO
FML-0518
26/03/19
21:59
072.17
2
COTIA, JUNDIAI, LORENA, OSASCO, RIO DE JANEIRO, SAO JOSE DOS CAMPOS, SAO PAULO, SAO ROQUE, SOROCABA, TAUBATE

PTIR121122
PABLO ESCOBAR
M
10/11/1994
(51) 38659-6322
HB20
TIR-4125
12/11/19
22:56
078.05
2
COTIA, JUNDIAI, LORENA, OSASCO, RIO DE JANEIRO, SAO JOSE DOS CAMPOS, SAO PAULO, SAO ROQUE, SOROCABA, TAUBATE

SFML260321
SABRINA SATO
F
25/07/1995
(34) 72495-0751
TORO
FML-0518
26/03/19
21:59
072.17
2
COTIA, JUNDIAI, LORENA, OSASCO, RIO DE JANEIRO, SAO JOSE DOS CAMPOS, SAO PAULO, SAO ROQUE, SOROCABA, TAUBATE

EVJQ090209
EDUARDO MOTTA
M
01/12/1992
(25) 01121-5458
HB20
VJQ-8661
09/02/19
09:03
199.51
1
LORENA, OSASCO, SAO JOSE DOS CAMPOS

PTIR121122
PABLO ESCOBAR
M
10/11/1994
(51) 38659-6322
HB20
TIR-4125
12/11/19
22:56
078.05
2
COTIA, JUNDIAI, LORENA, OSASCO, RIO DE JANEIRO, SAO JOSE DOS CAMPOS, SAO PAULO, SAO ROQUE, SOROCABA, TAUBATE

SFML260321
SABRINA SATO
F
25/07/1995
(34) 72495-0751
TORO
FML-0518
26/03/19
21:59
072.17
2
COTIA, JUNDIAI, LORENA, OSASCO, RIO DE JANEIRO, SAO JOSE DOS CAMPOS, SAO PAULO, SAO ROQUE, SOROCABA, TAUBATE

PTIR121122
PABLO ESCOBAR
M
10/11/1994
(51) 38659-6322
HB20
TIR-4125
12/11/19
22:56
078.05
2
COTIA, JUNDIAI, LORENA, OSASCO, RIO DE JANEIRO, SAO JOSE DOS CAMPOS, SAO PAULO, SAO ROQUE, SOROCABA, TAUBATE

SFML260321
SABRINA SATO
F
25/07/1995
(34) 72495-0751
TORO
FML-0518
26/03/19
21:59
072.17
2
COTIA, JUNDIAI, LORENA, OSASCO, RIO DE JANEIRO, SAO JOSE DOS CAMPOS, SAO PAULO, SAO ROQUE, SOROCABA, TAUBATE

PTIR121122
PABLO ESCOBAR
M
10/11/1994
(51) 38659-6322
HB20
TIR-4125
12/11/19
22:56
078.05
2
COTIA, JUNDIAI, LORENA, OSASCO, RIO DE JANEIRO, SAO JOSE DOS CAMPOS, SAO PAULO, SAO ROQUE, SOROCABA, TAUBATE

SFML260321
SABRINA SATO
F
25/07/1995
(34) 72495-0751
TORO
FML-0518
26/03/19
21:59
072.17
2
COTIA, JUNDIAI, LORENA, OSASCO, RIO DE JANEIRO, SAO JOSE DOS CAMPOS, SAO PAULO, SAO ROQUE, SOROCABA, TAUBATE

PTIR121122
PABLO ESCOBAR
M
10/11/1994
(51) 38659-6322
HB20
TIR-4125
12/11/19
22:56
078.05
2
COTIA, JUNDIAI, LORENA, OSASCO, RIO DE JANEIRO, SAO JOSE DOS CAMPOS, SAO PAULO, SAO ROQUE, SOROCABA, TAUBATE

SFML260321
SABRINA SATO
F
25/07/1995
(34) 72495-0751
TORO
FML-0518
26/03/19
21:59
072.17
2
COTIA, JUNDIAI, LORENA, OSASCO, RIO DE JANEIRO, SAO JOSE DOS CAMPOS, SAO PAULO, SAO ROQUE, SOROCABA, TAUBATE

PTIR121122
PABLO ESCOBAR
M
10/11/1994
(51) 38659-6322
HB20
TIR-4125
12/11/19
22:56
078.05
2
COTIA, JUNDIAI, LORENA, OSASCO, RIO DE JANEIRO, SAO JOSE DOS CAMPOS, SAO PAULO, SAO ROQUE, SOROCABA, TAUBATE

SFML260321
SABRINA SATO
F
25/07/1995
(34) 72495-0751
TORO
FML-0518
26/03/19
21:59
072.17
2
COTIA, JUNDIAI, LORENA, OSASCO, RIO DE JANEIRO, SAO JOSE DOS CAMPOS, SAO PAULO, SAO ROQUE, SOROCABA, TAUBATE
**********************ARQUIVO*********************
SABRINA SATO@F@25/07/1995@(34) 72495-0751@TORO@FML-0518@COTIA|JUNDIAI|LORENA|OSASCO|RIO DE JANEIRO|SAO JOSE DOS CAMPOS|SAO PAULO|SAO ROQUE|SOROCABA|TAUBATE@26/03/19@21:59@072.17@2@############################################################################*|EXANDRE O GRANDE@M@06/05/1998@(06) 94045-9824@FUSCA@MDA-2333@COTIA|LORENA|OSASCO|SAO JOSE DOS CAMPOS|SOROCABA|TAUBATE@03/01/19@16:14@204.30@1@################################################################################################################EDUARDO MOTTA@M@01/12/1992@(25) 01121-5458@HB20@VJQ-8661@LORENA|OSASCO|SAO JOSE DOS CAMPOS@09/02/19@09:03@199.51@1@#############################################################################################################################################PABLO ESCOBAR@M@10/11/1994@(51) 38659-6322@HB20@TIR-4125@COTIA|JUNDIAI|LORENA|OSASCO|RIO DE JANEIRO|SAO JOSE DOS CAMPOS|SAO PAULO|SAO ROQUE|SOROCABA|TAUBATE@12/11/19@22:56@078.05@2@###########################################################################
