**********************LISTAR**********************
Registro(s) nao encontrado!
*****************ARQUIVO SECUNDARIO****************
FDDI071121 FELIPE COUTINHO
**********************ALTERAR*********************
OPERACAO REALIZADA COM SUCESSO!
**********************BUSCAR**********************
FDDI071121
FELIPE COUTINHO
F
22/01/1990
(50) 43903-3108
GOL
DDI-5772
07/11/19
21:12
049.67
1
RIO DE JANEIRO, SAO JOSE DOS CAMPOS
**********************ARQUIVO*********************
FELIPE COUTINHO@F@22/01/1990@(50) 43903-3108@GOL@DDI-5772@RIO DE JANEIRO|SAO JOSE DOS CAMPOS@07/11/19@21:12@049.67@1@###########################################################################################################################################ROBERT NORMAL@M@09/07/1997@(11) 48557-7007@CELTA@MCZ-3839@JUNDIAI|OSASCO|RIO DE JANEIRO|SOROCABA@25/02/19@00:15@237.46@1@#######################################################################################################################################
**********************EXCLUIR*********************
OPERACAO REALIZADA COM SUCESSO!
**********************ALTERAR*********************
OPERACAO REALIZADA COM SUCESSO!
**********************ARQUIVO*********************
*|LIPE COUTINHO@F@22/01/1990@(50) 43903-3108@GOL@DDI-5772@RIO DE JANEIRO|SAO JOSE DOS CAMPOS@07/11/19@21:12@049.67@1@###########################################################################################################################################ROBERT NORMAL@M@09/07/1997@(11) 48557-7007@CELTA@MCZ-3839@JUNDIAI|OSASCO|RIO DE JANEIRO|SOROCABA@25/02/19@00:15@237.46@3@#######################################################################################################################################
*****************ARQUIVO SECUNDARIO****************
FDDI071121 FELIPE COUTINHO
GAUJ110422 GABRIEL O ANJO
RMCZ250200 ROBERT NORMAL
*****************ARQUIVO SECUNDARIO****************
RMCZ250200 00:15
FDDI071121 21:12
GAUJ110422 22:10
**********************ALTERAR*********************
OPERACAO REALIZADA COM SUCESSO!
**********************EXCLUIR*********************
Registro(s) nao encontrado!
FALHA AO REALIZAR OPERACAO!
**********************BUSCAR**********************
GAUJ110422
GABRIEL O ANJO
M
19/03/1998
(98) 40868-5889
TORO
AUJ-9208
11/04/19
22:10
119.28
3
COTIA, JUNDIAI, LORENA, RIO DE JANEIRO
**********************BUSCAR**********************
Registro(s) nao encontrado!
**********************BUSCAR**********************
LGIS050307
LAVINIE DIAS
F
22/02/1989
(12) 60501-8001
TORO
GIS-4279
05/03/19
07:23
085.29
1
COTIA, LORENA, OSASCO, SAO PAULO

PSAM130519
PABLO ESCOBAR
M
24/03/1993
(93) 55743-6471
HB20
SAM-3287
13/05/19
19:44
117.11
2
COTIA, JUNDIAI, LORENA, OSASCO, RIO DE JANEIRO, SAO JOSE DOS CAMPOS, SAO PAULO, SAO ROQUE, SOROCABA, TAUBATE

RMCZ250200
ROBERT NORMAL
M
09/07/1997
(11) 48557-7007
CELTA
MCZ-3839
25/02/19
00:15
237.46
1
JUNDIAI, OSASCO, RIO DE JANEIRO, SOROCABA
**********************EXCLUIR*********************
OPERACAO REALIZADA COM SUCESSO!
**********************ALTERAR*********************
OPERACAO REALIZADA COM SUCESSO!
**********************ARQUIVO*********************
GABRIEL O ANJO@M@19/03/1998@(98) 40868-5889@TORO@AUJ-9208@COTIA|JUNDIAI|LORENA|RIO DE JANEIRO@11/04/19@22:10@119.28@3@##########################################################################################################################################PABLO ESCOBAR@M@24/03/1993@(93) 55743-6471@HB20@SAM-3287@COTIA|JUNDIAI|LORENA|OSASCO|RIO DE JANEIRO|SAO JOSE DOS CAMPOS|SAO PAULO|SAO ROQUE|SOROCABA|TAUBATE@13/05/19@19:44@117.11@1@###########################################################################FATIMA BERNARDES@M@20/05/1996@(87) 29958-0198@CORSA@LJH-8311@COTIA|JUNDIAI|LORENA|RIO DE JANEIRO|SAO PAULO@14/07/19@12:59@031.92@1@#############################################################################################################################LAVINIE DIAS@F@22/02/1989@(12) 60501-8001@TORO@GIS-4279@COTIA|LORENA|OSASCO|SAO PAULO@05/03/19@07:23@085.29@1@##################################################################################################################################################MATHEUS AUGUSTO@F@02/12/1993@(79) 51642-1219@ONIX@BGU-2350@JUNDIAI|LORENA|SAO JOSE DOS CAMPOS@10/08/19@02:32@009.42@3@##########################################################################################################################################
**********************ALTERAR*********************
OPERACAO REALIZADA COM SUCESSO!
**********************ARQUIVO*********************
GABRIEL O ANJO@M@19/03/1998@(98) 40868-5889@TORO@AUJ-9208@COTIA|JUNDIAI|LORENA|RIO DE JANEIRO@11/04/19@22:10@119.28@3@##########################################################################################################################################PABLO ESCOBAR@M@24/03/1993@(93) 55743-6471@HB20@SAM-3287@COTIA|JUNDIAI|LORENA|OSASCO|RIO DE JANEIRO|SAO JOSE DOS CAMPOS|SAO PAULO|SAO ROQUE|SOROCABA|TAUBATE@13/05/19@19:44@117.11@1@###########################################################################FATIMA BERNARDES@M@20/05/1996@(87) 29958-0198@CORSA@LJH-8311@COTIA|JUNDIAI|LORENA|RIO DE JANEIRO|SAO PAULO@14/07/19@12:59@031.92@1@#############################################################################################################################LAVINIE DIAS@F@22/02/1989@(12) 60501-8001@TORO@GIS-4279@COTIA|LORENA|OSASCO|SAO PAULO@05/03/19@07:23@085.29@1@##################################################################################################################################################MATHEUS AUGUSTO@F@02/12/1993@(79) 51642-1219@ONIX@BGU-2350@JUNDIAI|LORENA|SAO JOSE DOS CAMPOS@10/08/19@02:32@009.42@2@##########################################################################################################################################
*****************ARQUIVO SECUNDARIO****************
FLJH140712 FATIMA BERNARDES
GAUJ110422 GABRIEL O ANJO
LGIS050307 LAVINIE DIAS
MBGU100802 MATHEUS AUGUSTO
PSAM130519 PABLO ESCOBAR
*****************ARQUIVO SECUNDARIO****************
COTIA FLJH140712 GAUJ110422 LGIS050307 PSAM130519
JUNDIAI FLJH140712 GAUJ110422 MBGU100802 PSAM130519
LORENA FLJH140712 GAUJ110422 LGIS050307 MBGU100802 PSAM130519
OSASCO LGIS050307 PSAM130519
RIO DE JANEIRO FLJH140712 GAUJ110422 PSAM130519
SAO JOSE DOS CAMPOS MBGU100802 PSAM130519
SAO PAULO FLJH140712 LGIS050307 PSAM130519
SAO ROQUE PSAM130519
SOROCABA PSAM130519
TAUBATE PSAM130519
**********************EXCLUIR*********************
OPERACAO REALIZADA COM SUCESSO!
**********************ARQUIVO*********************
GABRIEL O ANJO@M@19/03/1998@(98) 40868-5889@TORO@AUJ-9208@COTIA|JUNDIAI|LORENA|RIO DE JANEIRO@11/04/19@22:10@119.28@3@##########################################################################################################################################PABLO ESCOBAR@M@24/03/1993@(93) 55743-6471@HB20@SAM-3287@COTIA|JUNDIAI|LORENA|OSASCO|RIO DE JANEIRO|SAO JOSE DOS CAMPOS|SAO PAULO|SAO ROQUE|SOROCABA|TAUBATE@13/05/19@19:44@117.11@1@###########################################################################FATIMA BERNARDES@M@20/05/1996@(87) 29958-0198@CORSA@LJH-8311@COTIA|JUNDIAI|LORENA|RIO DE JANEIRO|SAO PAULO@14/07/19@12:59@031.92@1@#############################################################################################################################*|VINIE DIAS@F@22/02/1989@(12) 60501-8001@TORO@GIS-4279@COTIA|LORENA|OSASCO|SAO PAULO@05/03/19@07:23@085.29@1@##################################################################################################################################################MATHEUS AUGUSTO@F@02/12/1993@(79) 51642-1219@ONIX@BGU-2350@JUNDIAI|LORENA|SAO JOSE DOS CAMPOS@10/08/19@02:32@009.42@2@##########################################################################################################################################ANA JULIA@F@12/03/1999@(67) 11961-5747@FUSCA@YUU-8781@COTIA|JUNDIAI|LORENA|OSASCO|RIO DE JANEIRO|SAO JOSE DOS CAMPOS|SAO PAULO|SAO ROQUE|SOROCABA|TAUBATE@13/08/19@00:15@063.78@4@##############################################################################LETICIA FERNANDES@F@09/06/1992@(53) 86534-5068@CORSA@WVZ-3263@LORENA|OSASCO|RIO DE JANEIRO|SAO JOSE DOS CAMPOS|SAO PAULO|SAO ROQUE|SOROCABA|TAUBATE@01/01/19@00:09@056.51@1@####################################################################################
**********************EXCLUIR*********************
OPERACAO REALIZADA COM SUCESSO!
**********************ALTERAR*********************
OPERACAO REALIZADA COM SUCESSO!
**********************ARQUIVO*********************
GABRIEL O ANJO@M@19/03/1998@(98) 40868-5889@TORO@AUJ-9208@COTIA|JUNDIAI|LORENA|RIO DE JANEIRO@11/04/19@22:10@119.28@1@##########################################################################################################################################PABLO ESCOBAR@M@24/03/1993@(93) 55743-6471@HB20@SAM-3287@COTIA|JUNDIAI|LORENA|OSASCO|RIO DE JANEIRO|SAO JOSE DOS CAMPOS|SAO PAULO|SAO ROQUE|SOROCABA|TAUBATE@13/05/19@19:44@117.11@1@###########################################################################MATHEUS AUGUSTO@F@02/12/1993@(79) 51642-1219@ONIX@BGU-2350@JUNDIAI|LORENA|SAO JOSE DOS CAMPOS@10/08/19@02:32@009.42@2@##########################################################################################################################################ANA JULIA@F@12/03/1999@(67) 11961-5747@FUSCA@YUU-8781@COTIA|JUNDIAI|LORENA|OSASCO|RIO DE JANEIRO|SAO JOSE DOS CAMPOS|SAO PAULO|SAO ROQUE|SOROCABA|TAUBATE@13/08/19@00:15@063.78@4@##############################################################################LETICIA FERNANDES@F@09/06/1992@(53) 86534-5068@CORSA@WVZ-3263@LORENA|OSASCO|RIO DE JANEIRO|SAO JOSE DOS CAMPOS|SAO PAULO|SAO ROQUE|SOROCABA|TAUBATE@01/01/19@00:09@056.51@1@####################################################################################
**********************ALTERAR*********************
OPERACAO REALIZADA COM SUCESSO!
**********************ALTERAR*********************
OPERACAO REALIZADA COM SUCESSO!
**********************LISTAR**********************
AYUU130800
ANA JULIA
F
12/03/1999
(67) 11961-5747
FUSCA
YUU-8781
13/08/19
00:15
063.78
4
COTIA, JUNDIAI, LORENA, OSASCO, RIO DE JANEIRO, SAO JOSE DOS CAMPOS, SAO PAULO, SAO ROQUE, SOROCABA, TAUBATE

GAUJ110422
GABRIEL O ANJO
M
19/03/1998
(98) 40868-5889
TORO
AUJ-9208
11/04/19
22:10
119.28
3
COTIA, JUNDIAI, LORENA, RIO DE JANEIRO

LWVZ010100
LETICIA FERNANDES
F
09/06/1992
(53) 86534-5068
CORSA
WVZ-3263
01/01/19
00:09
056.51
1
LORENA, OSASCO, RIO DE JANEIRO, SAO JOSE DOS CAMPOS, SAO PAULO, SAO ROQUE, SOROCABA, TAUBATE

MBGU100802
MATHEUS AUGUSTO
F
02/12/1993
(79) 51642-1219
ONIX
BGU-2350
10/08/19
02:32
009.42
2
JUNDIAI, LORENA, SAO JOSE DOS CAMPOS

PSAM130519
PABLO ESCOBAR
M
24/03/1993
(93) 55743-6471
HB20
SAM-3287
13/05/19
19:44
117.11
3
COTIA, JUNDIAI, LORENA, OSASCO, RIO DE JANEIRO, SAO JOSE DOS CAMPOS, SAO PAULO, SAO ROQUE, SOROCABA, TAUBATE
**********************ARQUIVO*********************
GABRIEL O ANJO@M@19/03/1998@(98) 40868-5889@TORO@AUJ-9208@COTIA|JUNDIAI|LORENA|RIO DE JANEIRO@11/04/19@22:10@119.28@3@##########################################################################################################################################PABLO ESCOBAR@M@24/03/1993@(93) 55743-6471@HB20@SAM-3287@COTIA|JUNDIAI|LORENA|OSASCO|RIO DE JANEIRO|SAO JOSE DOS CAMPOS|SAO PAULO|SAO ROQUE|SOROCABA|TAUBATE@13/05/19@19:44@117.11@3@###########################################################################MATHEUS AUGUSTO@F@02/12/1993@(79) 51642-1219@ONIX@BGU-2350@JUNDIAI|LORENA|SAO JOSE DOS CAMPOS@10/08/19@02:32@009.42@2@##########################################################################################################################################ANA JULIA@F@12/03/1999@(67) 11961-5747@FUSCA@YUU-8781@COTIA|JUNDIAI|LORENA|OSASCO|RIO DE JANEIRO|SAO JOSE DOS CAMPOS|SAO PAULO|SAO ROQUE|SOROCABA|TAUBATE@13/08/19@00:15@063.78@4@##############################################################################LETICIA FERNANDES@F@09/06/1992@(53) 86534-5068@CORSA@WVZ-3263@LORENA|OSASCO|RIO DE JANEIRO|SAO JOSE DOS CAMPOS|SAO PAULO|SAO ROQUE|SOROCABA|TAUBATE@01/01/19@00:09@056.51@1@####################################################################################LAVINIE DIAS@M@14/05/1997@(89) 32235-6329@FOX@PNW-2093@JUNDIAI|SAO JOSE DOS CAMPOS@05/05/19@19:40@199.82@1@#####################################################################################################################################################
**********************EXCLUIR*********************
OPERACAO REALIZADA COM SUCESSO!
*****************ARQUIVO SECUNDARIO****************
COTIA AYUU130800 GAUJ110422 PSAM130519
JUNDIAI AYUU130800 GAUJ110422 LPNW050519 MBGU100802 PSAM130519
LORENA AYUU130800 GAUJ110422 LWVZ010100 MBGU100802 PSAM130519
OSASCO AYUU130800 LWVZ010100 PSAM130519
RIO DE JANEIRO AYUU130800 GAUJ110422 LWVZ010100 PSAM130519
SAO JOSE DOS CAMPOS AYUU130800 LPNW050519 LWVZ010100 MBGU100802 PSAM130519
SAO PAULO AYUU130800 LWVZ010100 PSAM130519
SAO ROQUE AYUU130800 LWVZ010100 PSAM130519
SOROCABA AYUU130800 LWVZ010100 PSAM130519
TAUBATE AYUU130800 LWVZ010100 PSAM130519
**********************ARQUIVO*********************
GABRIEL O ANJO@M@19/03/1998@(98) 40868-5889@TORO@AUJ-9208@COTIA|JUNDIAI|LORENA|RIO DE JANEIRO@11/04/19@22:10@119.28@3@##########################################################################################################################################PABLO ESCOBAR@M@24/03/1993@(93) 55743-6471@HB20@SAM-3287@COTIA|JUNDIAI|LORENA|OSASCO|RIO DE JANEIRO|SAO JOSE DOS CAMPOS|SAO PAULO|SAO ROQUE|SOROCABA|TAUBATE@13/05/19@19:44@117.11@3@###########################################################################MATHEUS AUGUSTO@F@02/12/1993@(79) 51642-1219@ONIX@BGU-2350@JUNDIAI|LORENA|SAO JOSE DOS CAMPOS@10/08/19@02:32@009.42@2@##########################################################################################################################################ANA JULIA@F@12/03/1999@(67) 11961-5747@FUSCA@YUU-8781@COTIA|JUNDIAI|LORENA|OSASCO|RIO DE JANEIRO|SAO JOSE DOS CAMPOS|SAO PAULO|SAO ROQUE|SOROCABA|TAUBATE@13/08/19@00:15@063.78@4@##############################################################################*|TICIA FERNANDES@F@09/06/1992@(53) 86534-5068@CORSA@WVZ-3263@LORENA|OSASCO|RIO DE JANEIRO|SAO JOSE DOS CAMPOS|SAO PAULO|SAO ROQUE|SOROCABA|TAUBATE@01/01/19@00:09@056.51@1@####################################################################################LAVINIE DIAS@M@14/05/1997@(89) 32235-6329@FOX@PNW-2093@JUNDIAI|SAO JOSE DOS CAMPOS@05/05/19@19:40@199.82@1@#####################################################################################################################################################
**********************EXCLUIR*********************
Registro(s) nao encontrado!
FALHA AO REALIZAR OPERACAO!
**********************ARQUIVO*********************
GABRIEL O ANJO@M@19/03/1998@(98) 40868-5889@TORO@AUJ-9208@COTIA|JUNDIAI|LORENA|RIO DE JANEIRO@11/04/19@22:10@119.28@3@##########################################################################################################################################PABLO ESCOBAR@M@24/03/1993@(93) 55743-6471@HB20@SAM-3287@COTIA|JUNDIAI|LORENA|OSASCO|RIO DE JANEIRO|SAO JOSE DOS CAMPOS|SAO PAULO|SAO ROQUE|SOROCABA|TAUBATE@13/05/19@19:44@117.11@3@###########################################################################MATHEUS AUGUSTO@F@02/12/1993@(79) 51642-1219@ONIX@BGU-2350@JUNDIAI|LORENA|SAO JOSE DOS CAMPOS@10/08/19@02:32@009.42@2@##########################################################################################################################################ANA JULIA@F@12/03/1999@(67) 11961-5747@FUSCA@YUU-8781@COTIA|JUNDIAI|LORENA|OSASCO|RIO DE JANEIRO|SAO JOSE DOS CAMPOS|SAO PAULO|SAO ROQUE|SOROCABA|TAUBATE@13/08/19@00:15@063.78@4@##############################################################################*|TICIA FERNANDES@F@09/06/1992@(53) 86534-5068@CORSA@WVZ-3263@LORENA|OSASCO|RIO DE JANEIRO|SAO JOSE DOS CAMPOS|SAO PAULO|SAO ROQUE|SOROCABA|TAUBATE@01/01/19@00:09@056.51@1@####################################################################################LAVINIE DIAS@M@14/05/1997@(89) 32235-6329@FOX@PNW-2093@JUNDIAI|SAO JOSE DOS CAMPOS@05/05/19@19:40@199.82@1@#####################################################################################################################################################
*****************ARQUIVO SECUNDARIO****************
LWVZ010100 01/01/19
GAUJ110422 11/04/19
LPNW050519 05/05/19
PSAM130519 13/05/19
MBGU100802 10/08/19
AYUU130800 13/08/19
*****************ARQUIVO SECUNDARIO****************
LWVZ010100 01/01/19
GAUJ110422 11/04/19
LPNW050519 05/05/19
PSAM130519 13/05/19
ROOW100716 10/07/19
MBGU100802 10/08/19
AYUU130800 13/08/19
**********************BUSCAR**********************
AYUU130800
ANA JULIA
F
12/03/1999
(67) 11961-5747
FUSCA
YUU-8781
13/08/19
00:15
063.78
4
COTIA, JUNDIAI, LORENA, OSASCO, RIO DE JANEIRO, SAO JOSE DOS CAMPOS, SAO PAULO, SAO ROQUE, SOROCABA, TAUBATE

PSAM130519
PABLO ESCOBAR
M
24/03/1993
(93) 55743-6471
HB20
SAM-3287
13/05/19
19:44
117.11
3
COTIA, JUNDIAI, LORENA, OSASCO, RIO DE JANEIRO, SAO JOSE DOS CAMPOS, SAO PAULO, SAO ROQUE, SOROCABA, TAUBATE

ROOW100716
RENATA ARAGAO
M
18/10/1990
(08) 89087-3437
HB20
OOW-6613
10/07/19
16:11
120.62
2
COTIA, JUNDIAI, LORENA, OSASCO, RIO DE JANEIRO, SAO JOSE DOS CAMPOS, SAO PAULO, SOROCABA
**********************LISTAR**********************
GAUJ110422
GABRIEL O ANJO
M
19/03/1998
(98) 40868-5889
TORO
AUJ-9208
11/04/19
22:10
119.28
3
COTIA, JUNDIAI, LORENA, RIO DE JANEIRO

LPNW050519
LAVINIE DIAS
M
14/05/1997
(89) 32235-6329
FOX
PNW-2093
05/05/19
19:40
199.82
1
JUNDIAI, SAO JOSE DOS CAMPOS

PSAM130519
PABLO ESCOBAR
M
24/03/1993
(93) 55743-6471
HB20
SAM-3287
13/05/19
19:44
117.11
3
COTIA, JUNDIAI, LORENA, OSASCO, RIO DE JANEIRO, SAO JOSE DOS CAMPOS, SAO PAULO, SAO ROQUE, SOROCABA, TAUBATE

EEPQ040719
EVELYN DOS SANTOS
M
01/03/1989
(00) 87082-8837
CORSA
EPQ-1184
04/07/19
19:49
114.99
3
COTIA, OSASCO, RIO DE JANEIRO, SAO JOSE DOS CAMPOS, SAO ROQUE, SOROCABA, TAUBATE

ROOW100716
RENATA ARAGAO
M
18/10/1990
(08) 89087-3437
HB20
OOW-6613
10/07/19
16:11
120.62
2
COTIA, JUNDIAI, LORENA, OSASCO, RIO DE JANEIRO, SAO JOSE DOS CAMPOS, SAO PAULO, SOROCABA

MBGU100802
MATHEUS AUGUSTO
F
02/12/1993
(79) 51642-1219
ONIX
BGU-2350
10/08/19
02:32
009.42
2
JUNDIAI, LORENA, SAO JOSE DOS CAMPOS

AYUU130800
ANA JULIA
F
12/03/1999
(67) 11961-5747
FUSCA
YUU-8781
13/08/19
00:15
063.78
4
COTIA, JUNDIAI, LORENA, OSASCO, RIO DE JANEIRO, SAO JOSE DOS CAMPOS, SAO PAULO, SAO ROQUE, SOROCABA, TAUBATE
**********************LISTAR**********************
AYUU130800
ANA JULIA
F
12/03/1999
(67) 11961-5747
FUSCA
YUU-8781
13/08/19
00:15
063.78
4
COTIA, JUNDIAI, LORENA, OSASCO, RIO DE JANEIRO, SAO JOSE DOS CAMPOS, SAO PAULO, SAO ROQUE, SOROCABA, TAUBATE

EEPQ040719
EVELYN DOS SANTOS
M
01/03/1989
(00) 87082-8837
CORSA
EPQ-1184
04/07/19
19:49
114.99
3
COTIA, OSASCO, RIO DE JANEIRO, SAO JOSE DOS CAMPOS, SAO ROQUE, SOROCABA, TAUBATE

GAUJ110422
GABRIEL O ANJO
M
19/03/1998
(98) 40868-5889
TORO
AUJ-9208
11/04/19
22:10
119.28
3
COTIA, JUNDIAI, LORENA, RIO DE JANEIRO

LPNW050519
LAVINIE DIAS
M
14/05/1997
(89) 32235-6329
FOX
PNW-2093
05/05/19
19:40
199.82
1
JUNDIAI, SAO JOSE DOS CAMPOS

MBGU100802
MATHEUS AUGUSTO
F
02/12/1993
(79) 51642-1219
ONIX
BGU-2350
10/08/19
02:32
009.42
2
JUNDIAI, LORENA, SAO JOSE DOS CAMPOS

PSAM130519
PABLO ESCOBAR
M
24/03/1993
(93) 55743-6471
HB20
SAM-3287
13/05/19
19:44
117.11
3
COTIA, JUNDIAI, LORENA, OSASCO, RIO DE JANEIRO, SAO JOSE DOS CAMPOS, SAO PAULO, SAO ROQUE, SOROCABA, TAUBATE

ROOW100716
RENATA ARAGAO
M
18/10/1990
(08) 89087-3437
HB20
OOW-6613
10/07/19
16:11
120.62
2
COTIA, JUNDIAI, LORENA, OSASCO, RIO DE JANEIRO, SAO JOSE DOS CAMPOS, SAO PAULO, SOROCABA
**********************ARQUIVO*********************
GABRIEL O ANJO@M@19/03/1998@(98) 40868-5889@TORO@AUJ-9208@COTIA|JUNDIAI|LORENA|RIO DE JANEIRO@11/04/19@22:10@119.28@3@##########################################################################################################################################PABLO ESCOBAR@M@24/03/1993@(93) 55743-6471@HB20@SAM-3287@COTIA|JUNDIAI|LORENA|OSASCO|RIO DE JANEIRO|SAO JOSE DOS CAMPOS|SAO PAULO|SAO ROQUE|SOROCABA|TAUBATE@13/05/19@19:44@117.11@3@###########################################################################MATHEUS AUGUSTO@F@02/12/1993@(79) 51642-1219@ONIX@BGU-2350@JUNDIAI|LORENA|SAO JOSE DOS CAMPOS@10/08/19@02:32@009.42@2@##########################################################################################################################################ANA JULIA@F@12/03/1999@(67) 11961-5747@FUSCA@YUU-8781@COTIA|JUNDIAI|LORENA|OSASCO|RIO DE JANEIRO|SAO JOSE DOS CAMPOS|SAO PAULO|SAO ROQUE|SOROCABA|TAUBATE@13/08/19@00:15@063.78@4@##############################################################################*|TICIA FERNANDES@F@09/06/1992@(53) 86534-5068@CORSA@WVZ-3263@LORENA|OSASCO|RIO DE JANEIRO|SAO JOSE DOS CAMPOS|SAO PAULO|SAO ROQUE|SOROCABA|TAUBATE@01/01/19@00:09@056.51@1@####################################################################################LAVINIE DIAS@M@14/05/1997@(89) 32235-6329@FOX@PNW-2093@JUNDIAI|SAO JOSE DOS CAMPOS@05/05/19@19:40@199.82@1@#####################################################################################################################################################RENATA ARAGAO@M@18/10/1990@(08) 89087-3437@HB20@OOW-6613@COTIA|JUNDIAI|LORENA|OSASCO|RIO DE JANEIRO|SAO JOSE DOS CAMPOS|SAO PAULO|SOROCABA@10/07/19@16:11@120.62@2@#############################################################################################EVELYN DOS SANTOS@M@01/03/1989@(00) 87082-8837@CORSA@EPQ-1184@COTIA|OSASCO|RIO DE JANEIRO|SAO JOSE DOS CAMPOS|SAO ROQUE|SOROCABA|TAUBATE@04/07/19@19:49@114.99@3@###############################################################################################JULIA ANDRADE@F@14/04/1994@(29) 08927-7007@CORSA@KRN-3086@JUNDIAI|RIO DE JANEIRO|SAO JOSE DOS CAMPOS|SAO ROQUE@08/06/19@02:31@168.93@2@#########################################################################################################################
**********************ALTERAR*********************
OPERACAO REALIZADA COM SUCESSO!
**********************ALTERAR*********************
OPERACAO REALIZADA COM SUCESSO!
*****************ARQUIVO SECUNDARIO****************
COTIA AYUU130800 EEPQ040719 GAUJ110422 PSAM130519 ROOW100716
JUNDIAI AYUU130800 GAUJ110422 JKRN080602 LPNW050519 MBGU100802 PSAM130519 ROOW100716
LORENA AYUU130800 GAUJ110422 LWVZ010100 MBGU100802 PSAM130519 ROOW100716
OSASCO AYUU130800 EEPQ040719 LWVZ010100 PSAM130519 ROOW100716
RIO DE JANEIRO AYUU130800 EEPQ040719 GAUJ110422 JKRN080602 LWVZ010100 PSAM130519 ROOW100716
SAO JOSE DOS CAMPOS AYUU130800 EEPQ040719 JKRN080602 LPNW050519 LWVZ010100 MBGU100802 PSAM130519 ROOW100716
SAO PAULO AYUU130800 LWVZ010100 PSAM130519 ROOW100716
SAO ROQUE AYUU130800 EEPQ040719 JKRN080602 LWVZ010100 PSAM130519
SOROCABA AYUU130800 EEPQ040719 LWVZ010100 PSAM130519 ROOW100716
TAUBATE AYUU130800 EEPQ040719 LWVZ010100 PSAM130519
**********************ALTERAR*********************
OPERACAO REALIZADA COM SUCESSO!
**********************ALTERAR*********************
OPERACAO REALIZADA COM SUCESSO!
**********************LISTAR**********************
AQVL010423
ALEXANDRE O MAIS OU MENOS
M
18/06/1996
(30) 43066-5673
TORO
QVL-1808
01/04/19
23:37
023.11
1
COTIA, JUNDIAI

AYUU130800
ANA JULIA
F
12/03/1999
(67) 11961-5747
FUSCA
YUU-8781
13/08/19
00:15
063.78
4
COTIA, JUNDIAI, LORENA, OSASCO, RIO DE JANEIRO, SAO JOSE DOS CAMPOS, SAO PAULO, SAO ROQUE, SOROCABA, TAUBATE

EEPQ040719
EVELYN DOS SANTOS
M
01/03/1989
(00) 87082-8837
CORSA
EPQ-1184
04/07/19
19:49
114.99
3
COTIA, OSASCO, RIO DE JANEIRO, SAO JOSE DOS CAMPOS, SAO ROQUE, SOROCABA, TAUBATE

GAUJ110422
GABRIEL O ANJO
M
19/03/1998
(98) 40868-5889
TORO
AUJ-9208
11/04/19
22:10
119.28
2
COTIA, JUNDIAI, LORENA, RIO DE JANEIRO

JKRN080602
JULIA ANDRADE
F
14/04/1994
(29) 08927-7007
CORSA
KRN-3086
08/06/19
02:31
168.93
3
JUNDIAI, RIO DE JANEIRO, SAO JOSE DOS CAMPOS, SAO ROQUE

LPNW050519
LAVINIE DIAS
M
14/05/1997
(89) 32235-6329
FOX
PNW-2093
05/05/19
19:40
199.82
1
JUNDIAI, SAO JOSE DOS CAMPOS

MBGU100802
MATHEUS AUGUSTO
F
02/12/1993
(79) 51642-1219
ONIX
BGU-2350
10/08/19
02:32
009.42
2
JUNDIAI, LORENA, SAO JOSE DOS CAMPOS

PSAM130519
PABLO ESCOBAR
M
24/03/1993
(93) 55743-6471
HB20
SAM-3287
13/05/19
19:44
117.11
3
COTIA, JUNDIAI, LORENA, OSASCO, RIO DE JANEIRO, SAO JOSE DOS CAMPOS, SAO PAULO, SAO ROQUE, SOROCABA, TAUBATE

ROOW100716
RENATA ARAGAO
M
18/10/1990
(08) 89087-3437
HB20
OOW-6613
10/07/19
16:11
120.62
2
COTIA, JUNDIAI, LORENA, OSASCO, RIO DE JANEIRO, SAO JOSE DOS CAMPOS, SAO PAULO, SOROCABA
**********************ALTERAR*********************
OPERACAO REALIZADA COM SUCESSO!
**********************ALTERAR*********************
OPERACAO REALIZADA COM SUCESSO!
**********************BUSCAR**********************
Registro(s) nao encontrado!
**********************LISTAR**********************
ACHB191102
ALEXANDRE O MAIS OU MENOS
F
25/07/1992
(10) 59270-6716
FOX
CHB-0335
19/11/19
02:45
021.46
4
COTIA, SAO JOSE DOS CAMPOS

AQVL010423
ALEXANDRE O MAIS OU MENOS
M
18/06/1996
(30) 43066-5673
TORO
QVL-1808
01/04/19
23:37
023.11
1
COTIA, JUNDIAI

AYUU130800
ANA JULIA
F
12/03/1999
(67) 11961-5747
FUSCA
YUU-8781
13/08/19
00:15
063.78
4
COTIA, JUNDIAI, LORENA, OSASCO, RIO DE JANEIRO, SAO JOSE DOS CAMPOS, SAO PAULO, SAO ROQUE, SOROCABA, TAUBATE

EEPQ040719
EVELYN DOS SANTOS
M
01/03/1989
(00) 87082-8837
CORSA
EPQ-1184
04/07/19
19:49
114.99
3
COTIA, OSASCO, RIO DE JANEIRO, SAO JOSE DOS CAMPOS, SAO ROQUE, SOROCABA, TAUBATE

GAUJ110422
GABRIEL O ANJO
M
19/03/1998
(98) 40868-5889
TORO
AUJ-9208
11/04/19
22:10
119.28
2
COTIA, JUNDIAI, LORENA, RIO DE JANEIRO

JKRN080602
JULIA ANDRADE
F
14/04/1994
(29) 08927-7007
CORSA
KRN-3086
08/06/19
02:31
168.93
3
JUNDIAI, RIO DE JANEIRO, SAO JOSE DOS CAMPOS, SAO ROQUE

LPNW050519
LAVINIE DIAS
M
14/05/1997
(89) 32235-6329
FOX
PNW-2093
05/05/19
19:40
199.82
1
JUNDIAI, SAO JOSE DOS CAMPOS

MBGU100802
MATHEUS AUGUSTO
F
02/12/1993
(79) 51642-1219
ONIX
BGU-2350
10/08/19
02:32
009.42
2
JUNDIAI, LORENA, SAO JOSE DOS CAMPOS

PSAM130519
PABLO ESCOBAR
M
24/03/1993
(93) 55743-6471
HB20
SAM-3287
13/05/19
19:44
117.11
3
COTIA, JUNDIAI, LORENA, OSASCO, RIO DE JANEIRO, SAO JOSE DOS CAMPOS, SAO PAULO, SAO ROQUE, SOROCABA, TAUBATE

ROOW100716
RENATA ARAGAO
M
18/10/1990
(08) 89087-3437
HB20
OOW-6613
10/07/19
16:11
120.62
2
COTIA, JUNDIAI, LORENA, OSASCO, RIO DE JANEIRO, SAO JOSE DOS CAMPOS, SAO PAULO, SOROCABA
*****************ARQUIVO SECUNDARIO****************
ACHB191102 ALEXANDRE O MAIS OU MENOS
AQVL010423 ALEXANDRE O MAIS OU MENOS
AYUU130800 ANA JULIA
EEPQ040719 EVELYN DOS SANTOS
GAUJ110422 GABRIEL O ANJO
JKRN080602 JULIA ANDRADE
LPNW050519 LAVINIE DIAS
LWVZ010100 LETICIA FERNANDES
MBGU100802 MATHEUS AUGUSTO
PSAM130519 PABLO ESCOBAR
ROOW100716 RENATA ARAGAO
**********************EXCLUIR*********************
Registro(s) nao encontrado!
FALHA AO REALIZAR OPERACAO!
**********************EXCLUIR*********************
Registro(s) nao encontrado!
FALHA AO REALIZAR OPERACAO!
**********************LISTAR**********************
AQVL010423
ALEXANDRE O MAIS OU MENOS
M
18/06/1996
(30) 43066-5673
TORO
QVL-1808
01/04/19
23:37
023.11
1
COTIA, JUNDIAI

GZDK040416
GABRIEL THE ANGEL
F
10/09/1990
(75) 14045-0998
CIVIC
ZDK-6785
04/04/19
16:57
229.25
1
COTIA, JUNDIAI, LORENA, OSASCO, RIO DE JANEIRO, SAO JOSE DOS CAMPOS, SAO PAULO, SAO ROQUE, TAUBATE

GAUJ110422
GABRIEL O ANJO
M
19/03/1998
(98) 40868-5889
TORO
AUJ-9208
11/04/19
22:10
119.28
2
COTIA, JUNDIAI, LORENA, RIO DE JANEIRO

PSAM130519
PABLO ESCOBAR
M
24/03/1993
(93) 55743-6471
HB20
SAM-3287
13/05/19
19:44
117.11
3
COTIA, JUNDIAI, LORENA, OSASCO, RIO DE JANEIRO, SAO JOSE DOS CAMPOS, SAO PAULO, SAO ROQUE, SOROCABA, TAUBATE

EEPQ040719
EVELYN DOS SANTOS
M
01/03/1989
(00) 87082-8837
CORSA
EPQ-1184
04/07/19
19:49
114.99
3
COTIA, OSASCO, RIO DE JANEIRO, SAO JOSE DOS CAMPOS, SAO ROQUE, SOROCABA, TAUBATE

ROOW100716
RENATA ARAGAO
M
18/10/1990
(08) 89087-3437
HB20
OOW-6613
10/07/19
16:11
120.62
2
COTIA, JUNDIAI, LORENA, OSASCO, RIO DE JANEIRO, SAO JOSE DOS CAMPOS, SAO PAULO, SOROCABA

AYUU130800
ANA JULIA
F
12/03/1999
(67) 11961-5747
FUSCA
YUU-8781
13/08/19
00:15
063.78
4
COTIA, JUNDIAI, LORENA, OSASCO, RIO DE JANEIRO, SAO JOSE DOS CAMPOS, SAO PAULO, SAO ROQUE, SOROCABA, TAUBATE

ACHB191102
ALEXANDRE O MAIS OU MENOS
F
25/07/1992
(10) 59270-6716
FOX
CHB-0335
19/11/19
02:45
021.46
4
COTIA, SAO JOSE DOS CAMPOS

AQVL010423
ALEXANDRE O MAIS OU MENOS
M
18/06/1996
(30) 43066-5673
TORO
QVL-1808
01/04/19
23:37
023.11
1
COTIA, JUNDIAI

GZDK040416
GABRIEL THE ANGEL
F
10/09/1990
(75) 14045-0998
CIVIC
ZDK-6785
04/04/19
16:57
229.25
1
COTIA, JUNDIAI, LORENA, OSASCO, RIO DE JANEIRO, SAO JOSE DOS CAMPOS, SAO PAULO, SAO ROQUE, TAUBATE

GAUJ110422
GABRIEL O ANJO
M
19/03/1998
(98) 40868-5889
TORO
AUJ-9208
11/04/19
22:10
119.28
2
COTIA, JUNDIAI, LORENA, RIO DE JANEIRO

LPNW050519
LAVINIE DIAS
M
14/05/1997
(89) 32235-6329
FOX
PNW-2093
05/05/19
19:40
199.82
1
JUNDIAI, SAO JOSE DOS CAMPOS

PSAM130519
PABLO ESCOBAR
M
24/03/1993
(93) 55743-6471
HB20
SAM-3287
13/05/19
19:44
117.11
3
COTIA, JUNDIAI, LORENA, OSASCO, RIO DE JANEIRO, SAO JOSE DOS CAMPOS, SAO PAULO, SAO ROQUE, SOROCABA, TAUBATE

JKRN080602
JULIA ANDRADE
F
14/04/1994
(29) 08927-7007
CORSA
KRN-3086
08/06/19
02:31
168.93
3
JUNDIAI, RIO DE JANEIRO, SAO JOSE DOS CAMPOS, SAO ROQUE

ROOW100716
RENATA ARAGAO
M
18/10/1990
(08) 89087-3437
HB20
OOW-6613
10/07/19
16:11
120.62
2
COTIA, JUNDIAI, LORENA, OSASCO, RIO DE JANEIRO, SAO JOSE DOS CAMPOS, SAO PAULO, SOROCABA

MBGU100802
MATHEUS AUGUSTO
F
02/12/1993
(79) 51642-1219
ONIX
BGU-2350
10/08/19
02:32
009.42
2
JUNDIAI, LORENA, SAO JOSE DOS CAMPOS

AYUU130800
ANA JULIA
F
12/03/1999
(67) 11961-5747
FUSCA
YUU-8781
13/08/19
00:15
063.78
4
COTIA, JUNDIAI, LORENA, OSASCO, RIO DE JANEIRO, SAO JOSE DOS CAMPOS, SAO PAULO, SAO ROQUE, SOROCABA, TAUBATE

GZDK040416
GABRIEL THE ANGEL
F
10/09/1990
(75) 14045-0998
CIVIC
ZDK-6785
04/04/19
16:57
229.25
1
COTIA, JUNDIAI, LORENA, OSASCO, RIO DE JANEIRO, SAO JOSE DOS CAMPOS, SAO PAULO, SAO ROQUE, TAUBATE

GAUJ110422
GABRIEL O ANJO
M
19/03/1998
(98) 40868-5889
TORO
AUJ-9208
11/04/19
22:10
119.28
2
COTIA, JUNDIAI, LORENA, RIO DE JANEIRO

PSAM130519
PABLO ESCOBAR
M
24/03/1993
(93) 55743-6471
HB20
SAM-3287
13/05/19
19:44
117.11
3
COTIA, JUNDIAI, LORENA, OSASCO, RIO DE JANEIRO, SAO JOSE DOS CAMPOS, SAO PAULO, SAO ROQUE, SOROCABA, TAUBATE

ROOW100716
RENATA ARAGAO
M
18/10/1990
(08) 89087-3437
HB20
OOW-6613
10/07/19
16:11
120.62
2
COTIA, JUNDIAI, LORENA, OSASCO, RIO DE JANEIRO, SAO JOSE DOS CAMPOS, SAO PAULO, SOROCABA

MBGU100802
MATHEUS AUGUSTO
F
02/12/1993
(79) 51642-1219
ONIX
BGU-2350
10/08/19
02:32
009.42
2
JUNDIAI, LORENA, SAO JOSE DOS CAMPOS

AYUU130800
ANA JULIA
F
12/03/1999
(67) 11961-5747
FUSCA
YUU-8781
13/08/19
00:15
063.78
4
COTIA, JUNDIAI, LORENA, OSASCO, RIO DE JANEIRO, SAO JOSE DOS CAMPOS, SAO PAULO, SAO ROQUE, SOROCABA, TAUBATE

GZDK040416
GABRIEL THE ANGEL
F
10/09/1990
(75) 14045-0998
CIVIC
ZDK-6785
04/04/19
16:57
229.25
1
COTIA, JUNDIAI, LORENA, OSASCO, RIO DE JANEIRO, SAO JOSE DOS CAMPOS, SAO PAULO, SAO ROQUE, TAUBATE

PSAM130519
PABLO ESCOBAR
M
24/03/1993
(93) 55743-6471
HB20
SAM-3287
13/05/19
19:44
117.11
3
COTIA, JUNDIAI, LORENA, OSASCO, RIO DE JANEIRO, SAO JOSE DOS CAMPOS, SAO PAULO, SAO ROQUE, SOROCABA, TAUBATE

EEPQ040719
EVELYN DOS SANTOS
M
01/03/1989
(00) 87082-8837
CORSA
EPQ-1184
04/07/19
19:49
114.99
3
COTIA, OSASCO, RIO DE JANEIRO, SAO JOSE DOS CAMPOS, SAO ROQUE, SOROCABA, TAUBATE

ROOW100716
RENATA ARAGAO
M
18/10/1990
(08) 89087-3437
HB20
OOW-6613
10/07/19
16:11
120.62
2
COTIA, JUNDIAI, LORENA, OSASCO, RIO DE JANEIRO, SAO JOSE DOS CAMPOS, SAO PAULO, SOROCABA

AYUU130800
ANA JULIA
F
12/03/1999
(67) 11961-5747
FUSCA
YUU-8781
13/08/19
00:15
063.78
4
COTIA, JUNDIAI, LORENA, OSASCO, RIO DE JANEIRO, SAO JOSE DOS CAMPOS, SAO PAULO, SAO ROQUE, SOROCABA, TAUBATE

GZDK040416
GABRIEL THE ANGEL
F
10/09/1990
(75) 14045-0998
CIVIC
ZDK-6785
04/04/19
16:57
229.25
1
COTIA, JUNDIAI, LORENA, OSASCO, RIO DE JANEIRO, SAO JOSE DOS CAMPOS, SAO PAULO, SAO ROQUE, TAUBATE

GAUJ110422
GABRIEL O ANJO
M
19/03/1998
(98) 40868-5889
TORO
AUJ-9208
11/04/19
22:10
119.28
2
COTIA, JUNDIAI, LORENA, RIO DE JANEIRO

PSAM130519
PABLO ESCOBAR
M
24/03/1993
(93) 55743-6471
HB20
SAM-3287
13/05/19
19:44
117.11
3
COTIA, JUNDIAI, LORENA, OSASCO, RIO DE JANEIRO, SAO JOSE DOS CAMPOS, SAO PAULO, SAO ROQUE, SOROCABA, TAUBATE

JKRN080602
JULIA ANDRADE
F
14/04/1994
(29) 08927-7007
CORSA
KRN-3086
08/06/19
02:31
168.93
3
JUNDIAI, RIO DE JANEIRO, SAO JOSE DOS CAMPOS, SAO ROQUE

EEPQ040719
EVELYN DOS SANTOS
M
01/03/1989
(00) 87082-8837
CORSA
EPQ-1184
04/07/19
19:49
114.99
3
COTIA, OSASCO, RIO DE JANEIRO, SAO JOSE DOS CAMPOS, SAO ROQUE, SOROCABA, TAUBATE

ROOW100716
RENATA ARAGAO
M
18/10/1990
(08) 89087-3437
HB20
OOW-6613
10/07/19
16:11
120.62
2
COTIA, JUNDIAI, LORENA, OSASCO, RIO DE JANEIRO, SAO JOSE DOS CAMPOS, SAO PAULO, SOROCABA

AYUU130800
ANA JULIA
F
12/03/1999
(67) 11961-5747
FUSCA
YUU-8781
13/08/19
00:15
063.78
4
COTIA, JUNDIAI, LORENA, OSASCO, RIO DE JANEIRO, SAO JOSE DOS CAMPOS, SAO PAULO, SAO ROQUE, SOROCABA, TAUBATE

GZDK040416
GABRIEL THE ANGEL
F
10/09/1990
(75) 14045-0998
CIVIC
ZDK-6785
04/04/19
16:57
229.25
1
COTIA, JUNDIAI, LORENA, OSASCO, RIO DE JANEIRO, SAO JOSE DOS CAMPOS, SAO PAULO, SAO ROQUE, TAUBATE

LPNW050519
LAVINIE DIAS
M
14/05/1997
(89) 32235-6329
FOX
PNW-2093
05/05/19
19:40
199.82
1
JUNDIAI, SAO JOSE DOS CAMPOS

PSAM130519
PABLO ESCOBAR
M
24/03/1993
(93) 55743-6471
HB20
SAM-3287
13/05/19
19:44
117.11
3
COTIA, JUNDIAI, LORENA, OSASCO, RIO DE JANEIRO, SAO JOSE DOS CAMPOS, SAO PAULO, SAO ROQUE, SOROCABA, TAUBATE

JKRN080602
JULIA ANDRADE
F
14/04/1994
(29) 08927-7007
CORSA
KRN-3086
08/06/19
02:31
168.93
3
JUNDIAI, RIO DE JANEIRO, SAO JOSE DOS CAMPOS, SAO ROQUE

EEPQ040719
EVELYN DOS SANTOS
M
01/03/1989
(00) 87082-8837
CORSA
EPQ-1184
04/07/19
19:49
114.99
3
COTIA, OSASCO, RIO DE JANEIRO, SAO JOSE DOS CAMPOS, SAO ROQUE, SOROCABA, TAUBATE

ROOW100716
RENATA ARAGAO
M
18/10/1990
(08) 89087-3437
HB20
OOW-6613
10/07/19
16:11
120.62
2
COTIA, JUNDIAI, LORENA, OSASCO, RIO DE JANEIRO, SAO JOSE DOS CAMPOS, SAO PAULO, SOROCABA

MBGU100802
MATHEUS AUGUSTO
F
02/12/1993
(79) 51642-1219
ONIX
BGU-2350
10/08/19
02:32
009.42
2
JUNDIAI, LORENA, SAO JOSE DOS CAMPOS

AYUU130800
ANA JULIA
F
12/03/1999
(67) 11961-5747
FUSCA
YUU-8781
13/08/19
00:15
063.78
4
COTIA, JUNDIAI, LORENA, OSASCO, RIO DE JANEIRO, SAO JOSE DOS CAMPOS, SAO PAULO, SAO ROQUE, SOROCABA, TAUBATE

ACHB191102
ALEXANDRE O MAIS OU MENOS
F
25/07/1992
(10) 59270-6716
FOX
CHB-0335
19/11/19
02:45
021.46
4
COTIA, SAO JOSE DOS CAMPOS

GZDK040416
GABRIEL THE ANGEL
F
10/09/1990
(75) 14045-0998
CIVIC
ZDK-6785
04/04/19
16:57
229.25
1
COTIA, JUNDIAI, LORENA, OSASCO, RIO DE JANEIRO, SAO JOSE DOS CAMPOS, SAO PAULO, SAO ROQUE, TAUBATE

PSAM130519
PABLO ESCOBAR
M
24/03/1993
(93) 55743-6471
HB20
SAM-3287
13/05/19
19:44
117.11
3
COTIA, JUNDIAI, LORENA, OSASCO, RIO DE JANEIRO, SAO JOSE DOS CAMPOS, SAO PAULO, SAO ROQUE, SOROCABA, TAUBATE

ROOW100716
RENATA ARAGAO
M
18/10/1990
(08) 89087-3437
HB20
OOW-6613
10/07/19
16:11
120.62
2
COTIA, JUNDIAI, LORENA, OSASCO, RIO DE JANEIRO, SAO JOSE DOS CAMPOS, SAO PAULO, SOROCABA

AYUU130800
ANA JULIA
F
12/03/1999
(67) 11961-5747
FUSCA
YUU-8781
13/08/19
00:15
063.78
4
COTIA, JUNDIAI, LORENA, OSASCO, RIO DE JANEIRO, SAO JOSE DOS CAMPOS, SAO PAULO, SAO ROQUE, SOROCABA, TAUBATE

GZDK040416
GABRIEL THE ANGEL
F
10/09/1990
(75) 14045-0998
CIVIC
ZDK-6785
04/04/19
16:57
229.25
1
COTIA, JUNDIAI, LORENA, OSASCO, RIO DE JANEIRO, SAO JOSE DOS CAMPOS, SAO PAULO, SAO ROQUE, TAUBATE

PSAM130519
PABLO ESCOBAR
M
24/03/1993
(93) 55743-6471
HB20
SAM-3287
13/05/19
19:44
117.11
3
COTIA, JUNDIAI, LORENA, OSASCO, RIO DE JANEIRO, SAO JOSE DOS CAMPOS, SAO PAULO, SAO ROQUE, SOROCABA, TAUBATE

JKRN080602
JULIA ANDRADE
F
14/04/1994
(29) 08927-7007
CORSA
KRN-3086
08/06/19
02:31
168.93
3
JUNDIAI, RIO DE JANEIRO, SAO JOSE DOS CAMPOS, SAO ROQUE

EEPQ040719
EVELYN DOS SANTOS
M
01/03/1989
(00) 87082-8837
CORSA
EPQ-1184
04/07/19
19:49
114.99
3
COTIA, OSASCO, RIO DE JANEIRO, SAO JOSE DOS CAMPOS, SAO ROQUE, SOROCABA, TAUBATE

AYUU130800
ANA JULIA
F
12/03/1999
(67) 11961-5747
FUSCA
YUU-8781
13/08/19
00:15
063.78
4
COTIA, JUNDIAI, LORENA, OSASCO, RIO DE JANEIRO, SAO JOSE DOS CAMPOS, SAO PAULO, SAO ROQUE, SOROCABA, TAUBATE

PSAM130519
PABLO ESCOBAR
M
24/03/1993
(93) 55743-6471
HB20
SAM-3287
13/05/19
19:44
117.11
3
COTIA, JUNDIAI, LORENA, OSASCO, RIO DE JANEIRO, SAO JOSE DOS CAMPOS, SAO PAULO, SAO ROQUE, SOROCABA, TAUBATE

EEPQ040719
EVELYN DOS SANTOS
M
01/03/1989
(00) 87082-8837
CORSA
EPQ-1184
04/07/19
19:49
114.99
3
COTIA, OSASCO, RIO DE JANEIRO, SAO JOSE DOS CAMPOS, SAO ROQUE, SOROCABA, TAUBATE

ROOW100716
RENATA ARAGAO
M
18/10/1990
(08) 89087-3437
HB20
OOW-6613
10/07/19
16:11
120.62
2
COTIA, JUNDIAI, LORENA, OSASCO, RIO DE JANEIRO, SAO JOSE DOS CAMPOS, SAO PAULO, SOROCABA

AYUU130800
ANA JULIA
F
12/03/1999
(67) 11961-5747
FUSCA
YUU-8781
13/08/19
00:15
063.78
4
COTIA, JUNDIAI, LORENA, OSASCO, RIO DE JANEIRO, SAO JOSE DOS CAMPOS, SAO PAULO, SAO ROQUE, SOROCABA, TAUBATE

GZDK040416
GABRIEL THE ANGEL
F
10/09/1990
(75) 14045-0998
CIVIC
ZDK-6785
04/04/19
16:57
229.25
1
COTIA, JUNDIAI, LORENA, OSASCO, RIO DE JANEIRO, SAO JOSE DOS CAMPOS, SAO PAULO, SAO ROQUE, TAUBATE

PSAM130519
PABLO ESCOBAR
M
24/03/1993
(93) 55743-6471
HB20
SAM-3287
13/05/19
19:44
117.11
3
COTIA, JUNDIAI, LORENA, OSASCO, RIO DE JANEIRO, SAO JOSE DOS CAMPOS, SAO PAULO, SAO ROQUE, SOROCABA, TAUBATE

EEPQ040719
EVELYN DOS SANTOS
M
01/03/1989
(00) 87082-8837
CORSA
EPQ-1184
04/07/19
19:49
114.99
3
COTIA, OSASCO, RIO DE JANEIRO, SAO JOSE DOS CAMPOS, SAO ROQUE, SOROCABA, TAUBATE

AYUU130800
ANA JULIA
F
12/03/1999
(67) 11961-5747
FUSCA
YUU-8781
13/08/19
00:15
063.78
4
COTIA, JUNDIAI, LORENA, OSASCO, RIO DE JANEIRO, SAO JOSE DOS CAMPOS, SAO PAULO, SAO ROQUE, SOROCABA, TAUBATE
**********************LISTAR**********************
AQVL010423
ALEXANDRE O MAIS OU MENOS
M
18/06/1996
(30) 43066-5673
TORO
QVL-1808
01/04/19
23:37
023.11
1
COTIA, JUNDIAI

GZDK040416
GABRIEL THE ANGEL
F
10/09/1990
(75) 14045-0998
CIVIC
ZDK-6785
04/04/19
16:57
229.25
1
COTIA, JUNDIAI, LORENA, OSASCO, RIO DE JANEIRO, SAO JOSE DOS CAMPOS, SAO PAULO, SAO ROQUE, TAUBATE

GAUJ110422
GABRIEL O ANJO
M
19/03/1998
(98) 40868-5889
TORO
AUJ-9208
11/04/19
22:10
119.28
2
COTIA, JUNDIAI, LORENA, RIO DE JANEIRO

LPNW050519
LAVINIE DIAS
M
14/05/1997
(89) 32235-6329
FOX
PNW-2093
05/05/19
19:40
199.82
1
JUNDIAI, SAO JOSE DOS CAMPOS

PSAM130519
PABLO ESCOBAR
M
24/03/1993
(93) 55743-6471
HB20
SAM-3287
13/05/19
19:44
117.11
3
COTIA, JUNDIAI, LORENA, OSASCO, RIO DE JANEIRO, SAO JOSE DOS CAMPOS, SAO PAULO, SAO ROQUE, SOROCABA, TAUBATE

JKRN080602
JULIA ANDRADE
F
14/04/1994
(29) 08927-7007
CORSA
KRN-3086
08/06/19
02:31
168.93
3
JUNDIAI, RIO DE JANEIRO, SAO JOSE DOS CAMPOS, SAO ROQUE

EEPQ040719
EVELYN DOS SANTOS
M
01/03/1989
(00) 87082-8837
CORSA
EPQ-1184
04/07/19
19:49
114.99
3
COTIA, OSASCO, RIO DE JANEIRO, SAO JOSE DOS CAMPOS, SAO ROQUE, SOROCABA, TAUBATE

ROOW100716
RENATA ARAGAO
M
18/10/1990
(08) 89087-3437
HB20
OOW-6613
10/07/19
16:11
120.62
2
COTIA, JUNDIAI, LORENA, OSASCO, RIO DE JANEIRO, SAO JOSE DOS CAMPOS, SAO PAULO, SOROCABA

MBGU100802
MATHEUS AUGUSTO
F
02/12/1993
(79) 51642-1219
ONIX
BGU-2350
10/08/19
02:32
009.42
2
JUNDIAI, LORENA, SAO JOSE DOS CAMPOS

AYUU130800
ANA JULIA
F
12/03/1999
(67) 11961-5747
FUSCA
YUU-8781
13/08/19
00:15
063.78
4
COTIA, JUNDIAI, LORENA, OSASCO, RIO DE JANEIRO, SAO JOSE DOS CAMPOS, SAO PAULO, SAO ROQUE, SOROCABA, TAUBATE

ACHB191102
ALEXANDRE O MAIS OU MENOS
F
25/07/1992
(10) 59270-6716
FOX
CHB-0335
19/11/19
02:45
021.46
4
COTIA, SAO JOSE DOS CAMPOS
**********************LISTAR**********************
ACHB191102
ALEXANDRE O MAIS OU MENOS
F
25/07/1992
(10) 59270-6716
FOX
CHB-0335
19/11/19
02:45
021.46
4
COTIA, SAO JOSE DOS CAMPOS

AQVL010423
ALEXANDRE O MAIS OU MENOS
M
18/06/1996
(30) 43066-5673
TORO
QVL-1808
01/04/19
23:37
023.11
1
COTIA, JUNDIAI

AYUU130800
ANA JULIA
F
12/03/1999
(67) 11961-5747
FUSCA
YUU-8781
13/08/19
00:15
063.78
4
COTIA, JUNDIAI, LORENA, OSASCO, RIO DE JANEIRO, SAO JOSE DOS CAMPOS, SAO PAULO, SAO ROQUE, SOROCABA, TAUBATE

EEPQ040719
EVELYN DOS SANTOS
M
01/03/1989
(00) 87082-8837
CORSA
EPQ-1184
04/07/19
19:49
114.99
3
COTIA, OSASCO, RIO DE JANEIRO, SAO JOSE DOS CAMPOS, SAO ROQUE, SOROCABA, TAUBATE

GAUJ110422
GABRIEL O ANJO
M
19/03/1998
(98) 40868-5889
TORO
AUJ-9208
11/04/19
22:10
119.28
2
COTIA, JUNDIAI, LORENA, RIO DE JANEIRO

GZDK040416
GABRIEL THE ANGEL
F
10/09/1990
(75) 14045-0998
CIVIC
ZDK-6785
04/04/19
16:57
229.25
1
COTIA, JUNDIAI, LORENA, OSASCO, RIO DE JANEIRO, SAO JOSE DOS CAMPOS, SAO PAULO, SAO ROQUE, TAUBATE

PSAM130519
PABLO ESCOBAR
M
24/03/1993
(93) 55743-6471
HB20
SAM-3287
13/05/19
19:44
117.11
3
COTIA, JUNDIAI, LORENA, OSASCO, RIO DE JANEIRO, SAO JOSE DOS CAMPOS, SAO PAULO, SAO ROQUE, SOROCABA, TAUBATE

ROOW100716
RENATA ARAGAO
M
18/10/1990
(08) 89087-3437
HB20
OOW-6613
10/07/19
16:11
120.62
2
COTIA, JUNDIAI, LORENA, OSASCO, RIO DE JANEIRO, SAO JOSE DOS CAMPOS, SAO PAULO, SOROCABA

AQVL010423
ALEXANDRE O MAIS OU MENOS
M
18/06/1996
(30) 43066-5673
TORO
QVL-1808
01/04/19
23:37
023.11
1
COTIA, JUNDIAI

AYUU130800
ANA JULIA
F
12/03/1999
(67) 11961-5747
FUSCA
YUU-8781
13/08/19
00:15
063.78
4
COTIA, JUNDIAI, LORENA, OSASCO, RIO DE JANEIRO, SAO JOSE DOS CAMPOS, SAO PAULO, SAO ROQUE, SOROCABA, TAUBATE

GAUJ110422
GABRIEL O ANJO
M
19/03/1998
(98) 40868-5889
TORO
AUJ-9208
11/04/19
22:10
119.28
2
COTIA, JUNDIAI, LORENA, RIO DE JANEIRO

GZDK040416
GABRIEL THE ANGEL
F
10/09/1990
(75) 14045-0998
CIVIC
ZDK-6785
04/04/19
16:57
229.25
1
COTIA, JUNDIAI, LORENA, OSASCO, RIO DE JANEIRO, SAO JOSE DOS CAMPOS, SAO PAULO, SAO ROQUE, TAUBATE

JKRN080602
JULIA ANDRADE
F
14/04/1994
(29) 08927-7007
CORSA
KRN-3086
08/06/19
02:31
168.93
3
JUNDIAI, RIO DE JANEIRO, SAO JOSE DOS CAMPOS, SAO ROQUE

LPNW050519
LAVINIE DIAS
M
14/05/1997
(89) 32235-6329
FOX
PNW-2093
05/05/19
19:40
199.82
1
JUNDIAI, SAO JOSE DOS CAMPOS

MBGU100802
MATHEUS AUGUSTO
F
02/12/1993
(79) 51642-1219
ONIX
BGU-2350
10/08/19
02:32
009.42
2
JUNDIAI, LORENA, SAO JOSE DOS CAMPOS

PSAM130519
PABLO ESCOBAR
M
24/03/1993
(93) 55743-6471
HB20
SAM-3287
13/05/19
19:44
117.11
3
COTIA, JUNDIAI, LORENA, OSASCO, RIO DE JANEIRO, SAO JOSE DOS CAMPOS, SAO PAULO, SAO ROQUE, SOROCABA, TAUBATE

ROOW100716
RENATA ARAGAO
M
18/10/1990
(08) 89087-3437
HB20
OOW-6613
10/07/19
16:11
120.62
2
COTIA, JUNDIAI, LORENA, OSASCO, RIO DE JANEIRO, SAO JOSE DOS CAMPOS, SAO PAULO, SOROCABA

AYUU130800
ANA JULIA
F
12/03/1999
(67) 11961-5747
FUSCA
YUU-8781
13/08/19
00:15
063.78
4
COTIA, JUNDIAI, LORENA, OSASCO, RIO DE JANEIRO, SAO JOSE DOS CAMPOS, SAO PAULO, SAO ROQUE, SOROCABA, TAUBATE

GAUJ110422
GABRIEL O ANJO
M
19/03/1998
(98) 40868-5889
TORO
AUJ-9208
11/04/19
22:10
119.28
2
COTIA, JUNDIAI, LORENA, RIO DE JANEIRO

GZDK040416
GABRIEL THE ANGEL
F
10/09/1990
(75) 14045-0998
CIVIC
ZDK-6785
04/04/19
16:57
229.25
1
COTIA, JUNDIAI, LORENA, OSASCO, RIO DE JANEIRO, SAO JOSE DOS CAMPOS, SAO PAULO, SAO ROQUE, TAUBATE

MBGU100802
MATHEUS AUGUSTO
F
02/12/1993
(79) 51642-1219
ONIX
BGU-2350
10/08/19
02:32
009.42
2
JUNDIAI, LORENA, SAO JOSE DOS CAMPOS

PSAM130519
PABLO ESCOBAR
M
24/03/1993
(93) 55743-6471
HB20
SAM-3287
13/05/19
19:44
117.11
3
COTIA, JUNDIAI, LORENA, OSASCO, RIO DE JANEIRO, SAO JOSE DOS CAMPOS, SAO PAULO, SAO ROQUE, SOROCABA, TAUBATE

ROOW100716
RENATA ARAGAO
M
18/10/1990
(08) 89087-3437
HB20
OOW-6613
10/07/19
16:11
120.62
2
COTIA, JUNDIAI, LORENA, OSASCO, RIO DE JANEIRO, SAO JOSE DOS CAMPOS, SAO PAULO, SOROCABA

AYUU130800
ANA JULIA
F
12/03/1999
(67) 11961-5747
FUSCA
YUU-8781
13/08/19
00:15
063.78
4
COTIA, JUNDIAI, LORENA, OSASCO, RIO DE JANEIRO, SAO JOSE DOS CAMPOS, SAO PAULO, SAO ROQUE, SOROCABA, TAUBATE

EEPQ040719
EVELYN DOS SANTOS
M
01/03/1989
(00) 87082-8837
CORSA
EPQ-1184
04/07/19
19:49
114.99
3
COTIA, OSASCO, RIO DE JANEIRO, SAO JOSE DOS CAMPOS, SAO ROQUE, SOROCABA, TAUBATE

GZDK040416
GABRIEL THE ANGEL
F
10/09/1990
(75) 14045-0998
CIVIC
ZDK-6785
04/04/19
16:57
229.25
1
COTIA, JUNDIAI, LORENA, OSASCO, RIO DE JANEIRO, SAO JOSE DOS CAMPOS, SAO PAULO, SAO ROQUE, TAUBATE

PSAM130519
PABLO ESCOBAR
M
24/03/1993
(93) 55743-6471
HB20
SAM-3287
13/05/19
19:44
117.11
3
COTIA, JUNDIAI, LORENA, OSASCO, RIO DE JANEIRO, SAO JOSE DOS CAMPOS, SAO PAULO, SAO ROQUE, SOROCABA, TAUBATE

ROOW100716
RENATA ARAGAO
M
18/10/1990
(08) 89087-3437
HB20
OOW-6613
10/07/19
16:11
120.62
2
COTIA, JUNDIAI, LORENA, OSASCO, RIO DE JANEIRO, SAO JOSE DOS CAMPOS, SAO PAULO, SOROCABA

AYUU130800
ANA JULIA
F
12/03/1999
(67) 11961-5747
FUSCA
YUU-8781
13/08/19
00:15
063.78
4
COTIA, JUNDIAI, LORENA, OSASCO, RIO DE JANEIRO, SAO JOSE DOS CAMPOS, SAO PAULO, SAO ROQUE, SOROCABA, TAUBATE

EEPQ040719
EVELYN DOS SANTOS
M
01/03/1989
(00) 87082-8837
CORSA
EPQ-1184
04/07/19
19:49
114.99
3
COTIA, OSASCO, RIO DE JANEIRO, SAO JOSE DOS CAMPOS, SAO ROQUE, SOROCABA, TAUBATE

GAUJ110422
GABRIEL O ANJO
M
19/03/1998
(98) 40868-5889
TORO
AUJ-9208
11/04/19
22:10
119.28
2
COTIA, JUNDIAI, LORENA, RIO DE JANEIRO

GZDK040416
GABRIEL THE ANGEL
F
10/09/1990
(75) 14045-0998
CIVIC
ZDK-6785
04/04/19
16:57
229.25
1
COTIA, JUNDIAI, LORENA, OSASCO, RIO DE JANEIRO, SAO JOSE DOS CAMPOS, SAO PAULO, SAO ROQUE, TAUBATE

JKRN080602
JULIA ANDRADE
F
14/04/1994
(29) 08927-7007
CORSA
KRN-3086
08/06/19
02:31
168.93
3
JUNDIAI, RIO DE JANEIRO, SAO JOSE DOS CAMPOS, SAO ROQUE

PSAM130519
PABLO ESCOBAR
M
24/03/1993
(93) 55743-6471
HB20
SAM-3287
13/05/19
19:44
117.11
3
COTIA, JUNDIAI, LORENA, OSASCO, RIO DE JANEIRO, SAO JOSE DOS CAMPOS, SAO PAULO, SAO ROQUE, SOROCABA, TAUBATE

ROOW100716
RENATA ARAGAO
M
18/10/1990
(08) 89087-3437
HB20
OOW-6613
10/07/19
16:11
120.62
2
COTIA, JUNDIAI, LORENA, OSASCO, RIO DE JANEIRO, SAO JOSE DOS CAMPOS, SAO PAULO, SOROCABA

ACHB191102
ALEXANDRE O MAIS OU MENOS
F
25/07/1992
(10) 59270-6716
FOX
CHB-0335
19/11/19
02:45
021.46
4
COTIA, SAO JOSE DOS CAMPOS

AYUU130800
ANA JULIA
F
12/03/1999
(67) 11961-5747
FUSCA
YUU-8781
13/08/19
00:15
063.78
4
COTIA, JUNDIAI, LORENA, OSASCO, RIO DE JANEIRO, SAO JOSE DOS CAMPOS, SAO PAULO, SAO ROQUE, SOROCABA, TAUBATE

EEPQ040719
EVELYN DOS SANTOS
M
01/03/1989
(00) 87082-8837
CORSA
EPQ-1184
04/07/19
19:49
114.99
3
COTIA, OSASCO, RIO DE JANEIRO, SAO JOSE DOS CAMPOS, SAO ROQUE, SOROCABA, TAUBATE

GZDK040416
GABRIEL THE ANGEL
F
10/09/1990
(75) 14045-0998
CIVIC
ZDK-6785
04/04/19
16:57
229.25
1
COTIA, JUNDIAI, LORENA, OSASCO, RIO DE JANEIRO, SAO JOSE DOS CAMPOS, SAO PAULO, SAO ROQUE, TAUBATE

JKRN080602
JULIA ANDRADE
F
14/04/1994
(29) 08927-7007
CORSA
KRN-3086
08/06/19
02:31
168.93
3
JUNDIAI, RIO DE JANEIRO, SAO JOSE DOS CAMPOS, SAO ROQUE

LPNW050519
LAVINIE DIAS
M
14/05/1997
(89) 32235-6329
FOX
PNW-2093
05/05/19
19:40
199.82
1
JUNDIAI, SAO JOSE DOS CAMPOS

MBGU100802
MATHEUS AUGUSTO
F
02/12/1993
(79) 51642-1219
ONIX
BGU-2350
10/08/19
02:32
009.42
2
JUNDIAI, LORENA, SAO JOSE DOS CAMPOS

PSAM130519
PABLO ESCOBAR
M
24/03/1993
(93) 55743-6471
HB20
SAM-3287
13/05/19
19:44
117.11
3
COTIA, JUNDIAI, LORENA, OSASCO, RIO DE JANEIRO, SAO JOSE DOS CAMPOS, SAO PAULO, SAO ROQUE, SOROCABA, TAUBATE

ROOW100716
RENATA ARAGAO
M
18/10/1990
(08) 89087-3437
HB20
OOW-6613
10/07/19
16:11
120.62
2
COTIA, JUNDIAI, LORENA, OSASCO, RIO DE JANEIRO, SAO JOSE DOS CAMPOS, SAO PAULO, SOROCABA

AYUU130800
ANA JULIA
F
12/03/1999
(67) 11961-5747
FUSCA
YUU-8781
13/08/19
00:15
063.78
4
COTIA, JUNDIAI, LORENA, OSASCO, RIO DE JANEIRO, SAO JOSE DOS CAMPOS, SAO PAULO, SAO ROQUE, SOROCABA, TAUBATE

GZDK040416
GABRIEL THE ANGEL
F
10/09/1990
(75) 14045-0998
CIVIC
ZDK-6785
04/04/19
16:57
229.25
1
COTIA, JUNDIAI, LORENA, OSASCO, RIO DE JANEIRO, SAO JOSE DOS CAMPOS, SAO PAULO, SAO ROQUE, TAUBATE

PSAM130519
PABLO ESCOBAR
M
24/03/1993
(93) 55743-6471
HB20
SAM-3287
13/05/19
19:44
117.11
3
COTIA, JUNDIAI, LORENA, OSASCO, RIO DE JANEIRO, SAO JOSE DOS CAMPOS, SAO PAULO, SAO ROQUE, SOROCABA, TAUBATE

ROOW100716
RENATA ARAGAO
M
18/10/1990
(08) 89087-3437
HB20
OOW-6613
10/07/19
16:11
120.62
2
COTIA, JUNDIAI, LORENA, OSASCO, RIO DE JANEIRO, SAO JOSE DOS CAMPOS, SAO PAULO, SOROCABA

AYUU130800
ANA JULIA
F
12/03/1999
(67) 11961-5747
FUSCA
YUU-8781
13/08/19
00:15
063.78
4
COTIA, JUNDIAI, LORENA, OSASCO, RIO DE JANEIRO, SAO JOSE DOS CAMPOS, SAO PAULO, SAO ROQUE, SOROCABA, TAUBATE

EEPQ040719
EVELYN DOS SANTOS
M
01/03/1989
(00) 87082-8837
CORSA
EPQ-1184
04/07/19
19:49
114.99
3
COTIA, OSASCO, RIO DE JANEIRO, SAO JOSE DOS CAMPOS, SAO ROQUE, SOROCABA, TAUBATE

GZDK040416
GABRIEL THE ANGEL
F
10/09/1990
(75) 14045-0998
CIVIC
ZDK-6785
04/04/19
16:57
229.25
1
COTIA, JUNDIAI, LORENA, OSASCO, RIO DE JANEIRO, SAO JOSE DOS CAMPOS, SAO PAULO, SAO ROQUE, TAUBATE

JKRN080602
JULIA ANDRADE
F
14/04/1994
(29) 08927-7007
CORSA
KRN-3086
08/06/19
02:31
168.93
3
JUNDIAI, RIO DE JANEIRO, SAO JOSE DOS CAMPOS, SAO ROQUE

PSAM130519
PABLO ESCOBAR
M
24/03/1993
(93) 55743-6471
HB20
SAM-3287
13/05/19
19:44
117.11
3
COTIA, JUNDIAI, LORENA, OSASCO, RIO DE JANEIRO, SAO JOSE DOS CAMPOS, SAO PAULO, SAO ROQUE, SOROCABA, TAUBATE

AYUU130800
ANA JULIA
F
12/03/1999
(67) 11961-5747
FUSCA
YUU-8781
13/08/19
00:15
063.78
4
COTIA, JUNDIAI, LORENA, OSASCO, RIO DE JANEIRO, SAO JOSE DOS CAMPOS, SAO PAULO, SAO ROQUE, SOROCABA, TAUBATE

EEPQ040719
EVELYN DOS SANTOS
M
01/03/1989
(00) 87082-8837
CORSA
EPQ-1184
04/07/19
19:49
114.99
3
COTIA, OSASCO, RIO DE JANEIRO, SAO JOSE DOS CAMPOS, SAO ROQUE, SOROCABA, TAUBATE

PSAM130519
PABLO ESCOBAR
M
24/03/1993
(93) 55743-6471
HB20
SAM-3287
13/05/19
19:44
117.11
3
COTIA, JUNDIAI, LORENA, OSASCO, RIO DE JANEIRO, SAO JOSE DOS CAMPOS, SAO PAULO, SAO ROQUE, SOROCABA, TAUBATE

ROOW100716
RENATA ARAGAO
M
18/10/1990
(08) 89087-3437
HB20
OOW-6613
10/07/19
16:11
120.62
2
COTIA, JUNDIAI, LORENA, OSASCO, RIO DE JANEIRO, SAO JOSE DOS CAMPOS, SAO PAULO, SOROCABA

AYUU130800
ANA JULIA
F
12/03/1999
(67) 11961-5747
FUSCA
YUU-8781
13/08/19
00:15
063.78
4
COTIA, JUNDIAI, LORENA, OSASCO, RIO DE JANEIRO, SAO JOSE DOS CAMPOS, SAO PAULO, SAO ROQUE, SOROCABA, TAUBATE

EEPQ040719
EVELYN DOS SANTOS
M
01/03/1989
(00) 87082-8837
CORSA
EPQ-1184
04/07/19
19:49
114.99
3
COTIA, OSASCO, RIO DE JANEIRO, SAO JOSE DOS CAMPOS, SAO ROQUE, SOROCABA, TAUBATE

GZDK040416
GABRIEL THE ANGEL
F
10/09/1990
(75) 14045-0998
CIVIC
ZDK-6785
04/04/19
16:57
229.25
1
COTIA, JUNDIAI, LORENA, OSASCO, RIO DE JANEIRO, SAO JOSE DOS CAMPOS, SAO PAULO, SAO ROQUE, TAUBATE

PSAM130519
PABLO ESCOBAR
M
24/03/1993
(93) 55743-6471
HB20
SAM-3287
13/05/19
19:44
117.11
3
COTIA, JUNDIAI, LORENA, OSASCO, RIO DE JANEIRO, SAO JOSE DOS CAMPOS, SAO PAULO, SAO ROQUE, SOROCABA, TAUBATE
*****************ARQUIVO SECUNDARIO****************
ACHB191102 ALEXANDRE O MAIS OU MENOS
AQVL010423 ALEXANDRE O MAIS OU MENOS
AYUU130800 ANA JULIA
EEPQ040719 EVELYN DOS SANTOS
GAUJ110422 GABRIEL O ANJO
GZDK040416 GABRIEL THE ANGEL
JKRN080602 JULIA ANDRADE
LPNW050519 LAVINIE DIAS
LWVZ010100 LETICIA FERNANDES
MBGU100802 MATHEUS AUGUSTO
PSAM130519 PABLO ESCOBAR
ROOW100716 RENATA ARAGAO
**********************BUSCAR**********************
AYUU130800
ANA JULIA
F
12/03/1999
(67) 11961-5747
FUSCA
YUU-8781
13/08/19
00:15
063.78
4
COTIA, JUNDIAI, LORENA, OSASCO, RIO DE JANEIRO, SAO JOSE DOS CAMPOS, SAO PAULO, SAO ROQUE, SOROCABA, TAUBATE

EEPQ040719
EVELYN DOS SANTOS
M
01/03/1989
(00) 87082-8837
CORSA
EPQ-1184
04/07/19
19:49
114.99
3
COTIA, OSASCO, RIO DE JANEIRO, SAO JOSE DOS CAMPOS, SAO ROQUE, SOROCABA, TAUBATE

PSAM130519
PABLO ESCOBAR
M
24/03/1993
(93) 55743-6471
HB20
SAM-3287
13/05/19
19:44
117.11
3
COTIA, JUNDIAI, LORENA, OSASCO, RIO DE JANEIRO, SAO JOSE DOS CAMPOS, SAO PAULO, SAO ROQUE, SOROCABA, TAUBATE

ROOW100716
RENATA ARAGAO
M
18/10/1990
(08) 89087-3437
HB20
OOW-6613
10/07/19
16:11
120.62
2
COTIA, JUNDIAI, LORENA, OSASCO, RIO DE JANEIRO, SAO JOSE DOS CAMPOS, SAO PAULO, SOROCABA
**********************ALTERAR*********************
Registro(s) nao encontrado!
FALHA AO REALIZAR OPERACAO!
**********************ARQUIVO*********************
GABRIEL O ANJO@M@19/03/1998@(98) 40868-5889@TORO@AUJ-9208@COTIA|JUNDIAI|LORENA|RIO DE JANEIRO@11/04/19@22:10@119.28@2@##########################################################################################################################################PABLO ESCOBAR@M@24/03/1993@(93) 55743-6471@HB20@SAM-3287@COTIA|JUNDIAI|LORENA|OSASCO|RIO DE JANEIRO|SAO JOSE DOS CAMPOS|SAO PAULO|SAO ROQUE|SOROCABA|TAUBATE@13/05/19@19:44@117.11@3@###########################################################################MATHEUS AUGUSTO@F@02/12/1993@(79) 51642-1219@ONIX@BGU-2350@JUNDIAI|LORENA|SAO JOSE DOS CAMPOS@10/08/19@02:32@009.42@2@##########################################################################################################################################ANA JULIA@F@12/03/1999@(67) 11961-5747@FUSCA@YUU-8781@COTIA|JUNDIAI|LORENA|OSASCO|RIO DE JANEIRO|SAO JOSE DOS CAMPOS|SAO PAULO|SAO ROQUE|SOROCABA|TAUBATE@13/08/19@00:15@063.78@4@##############################################################################*|TICIA FERNANDES@F@09/06/1992@(53) 86534-5068@CORSA@WVZ-3263@LORENA|OSASCO|RIO DE JANEIRO|SAO JOSE DOS CAMPOS|SAO PAULO|SAO ROQUE|SOROCABA|TAUBATE@01/01/19@00:09@056.51@1@####################################################################################LAVINIE DIAS@M@14/05/1997@(89) 32235-6329@FOX@PNW-2093@JUNDIAI|SAO JOSE DOS CAMPOS@05/05/19@19:40@199.82@1@#####################################################################################################################################################RENATA ARAGAO@M@18/10/1990@(08) 89087-3437@HB20@OOW-6613@COTIA|JUNDIAI|LORENA|OSASCO|RIO DE JANEIRO|SAO JOSE DOS CAMPOS|SAO PAULO|SOROCABA@10/07/19@16:11@120.62@2@#############################################################################################EVELYN DOS SANTOS@M@01/03/1989@(00) 87082-8837@CORSA@EPQ-1184@COTIA|OSASCO|RIO DE JANEIRO|SAO JOSE DOS CAMPOS|SAO ROQUE|SOROCABA|TAUBATE@04/07/19@19:49@114.99@3@###############################################################################################JULIA ANDRADE@F@14/04/1994@(29) 08927-7007@CORSA@KRN-3086@JUNDIAI|RIO DE JANEIRO|SAO JOSE DOS CAMPOS|SAO ROQUE@08/06/19@02:31@168.93@3@#########################################################################################################################ALEXANDRE O MAIS OU MENOS@M@18/06/1996@(30) 43066-5673@TORO@QVL-1808@COTIA|JUNDIAI@01/04/19@23:37@023.11@1@#####################################################################################################################################################ALEXANDRE O MAIS OU MENOS@F@25/07/1992@(10) 59270-6716@FOX@CHB-0335@COTIA|SAO JOSE DOS CAMPOS@19/11/19@02:45@021.46@4@##########################################################################################################################################GABRIEL THE ANGEL@F@10/09/1990@(75) 14045-0998@CIVIC@ZDK-6785@COTIA|JUNDIAI|LORENA|OSASCO|RIO DE JANEIRO|SAO JOSE DOS CAMPOS|SAO PAULO|SAO ROQUE|TAUBATE@04/04/19@16:57@229.25@1@###############################################################################
