*****************ARQUIVO SECUNDARIO****************
AHBB250708 ALEXANDRE O CHEGA NE
AKWU110113 ALEXANDRE O GRANDE
ANKG100220 ALEXANDRE O PEQUENO
BIJD150701 BRUNA MARQUEZINE
BMAW120107 BRUNA MARQUEZINE
EQSX191001 EDUARDO COSTA
FMHD260316 FATIMA BERNARDES
GTJY201119 GABRIEL THE ANGEL
JMEK230200 JULIANA PAES
LDGM030917 LETICIA FERREIRA DOS SANTOS
MGBZ080322 MATHEUS LIMA
RFWY181209 ROBERT DOWNEY JUNIOR F :(
SKWQ181217 SABRINA SATO
TRLJ171205 TATIANA MONTEIRO
TWIR240710 TATIANA MONTEIRO
**********************BUSCAR**********************
Registro(s) nao encontrado!
**********************BUSCAR**********************
Registro(s) nao encontrado!
*****************ARQUIVO SECUNDARIO****************
AHBB250708 ALEXANDRE O CHEGA NE
AKWU110113 ALEXANDRE O GRANDE
ANKG100220 ALEXANDRE O PEQUENO
BIJD150701 BRUNA MARQUEZINE
BMAW120107 BRUNA MARQUEZINE
EQSX191001 EDUARDO COSTA
FMHD260316 FATIMA BERNARDES
GTJY201119 GABRIEL THE ANGEL
JMEK230200 JULIANA PAES
LDGM030917 LETICIA FERREIRA DOS SANTOS
MGBZ080322 MATHEUS LIMA
RFWY181209 ROBERT DOWNEY JUNIOR F :(
SKWQ181217 SABRINA SATO
TRLJ171205 TATIANA MONTEIRO
TWIR240710 TATIANA MONTEIRO
**********************ARQUIVO*********************
LETICIA FERREIRA DOS SANTOS@M@27/06/1993@(62) 90198-9783@FUSCA@DGM-2898@COTIA|JUNDIAI@03/09/19@17:53@147.99@3@##################################################################################################################################################BRUNA MARQUEZINE@M@13/02/1998@(69) 38564-2362@FIT@MAW-9161@LORENA|OSASCO|SAO ROQUE@12/01/19@07:11@064.39@2@#####################################################################################################################################################ROBERT DOWNEY JUNIOR F :(@M@01/02/1999@(26) 73985-2834@ONIX@FWY-3827@COTIA|JUNDIAI|LORENA|OSASCO|RIO DE JANEIRO|SAO PAULO|SAO ROQUE|SOROCABA|TAUBATE@18/12/19@09:13@236.96@1@###################################################################################ALEXANDRE O CHEGA NE@M@17/05/1995@(98) 93894-2614@COROLLA@HBB-5768@COTIA|SAO JOSE DOS CAMPOS@25/07/19@08:37@202.28@3@###########################################################################################################################################TATIANA MONTEIRO@F@11/07/1998@(40) 29199-6198@CIVIC@RLJ-8286@COTIA|LORENA|RIO DE JANEIRO|SAO JOSE DOS CAMPOS|SAO PAULO|SAO ROQUE|SOROCABA@17/12/19@05:15@163.57@3@##############################################################################################ALEXANDRE O PEQUENO@M@20/06/1995@(63) 03640-5389@ONIX@NKG-6732@JUNDIAI|LORENA|OSASCO|RIO DE JANEIRO|SAO JOSE DOS CAMPOS|SAO PAULO@10/02/19@20:45@125.79@4@######################################################################################################TATIANA MONTEIRO@F@07/11/1995@(43) 98742-6290@CIVIC@WIR-6237@SAO JOSE DOS CAMPOS|SAO PAULO|SAO ROQUE@24/07/19@10:16@096.90@4@###################################################################################################################################ALEXANDRE O GRANDE@F@26/07/1997@(86) 82798-0289@ONIX@KWU-6640@COTIA|JUNDIAI|LORENA|OSASCO|SAO JOSE DOS CAMPOS@11/01/19@13:05@175.98@3@##########################################################################################################################EDUARDO COSTA@F@09/04/1991@(05) 74520-7019@UNO@QSX-9375@JUNDIAI|RIO DE JANEIRO@19/10/19@01:49@129.39@4@#########################################################################################################################################################GABRIEL THE ANGEL@M@02/07/1998@(94) 03290-5224@CORSA@TJY-3348@COTIA|JUNDIAI|LORENA|OSASCO|SAO JOSE DOS CAMPOS|SAO PAULO|TAUBATE@20/11/19@19:40@203.24@3@########################################################################################################MATHEUS LIMA@F@12/11/1991@(60) 32900-3234@CELTA@GBZ-2557@COTIA|JUNDIAI|LORENA|OSASCO|SAO PAULO|SAO ROQUE|SOROCABA@08/03/19@22:49@022.53@4@######################################################################################################################JULIANA PAES@F@17/03/1993@(93) 81555-6733@CORSA@MEK-9792@COTIA|JUNDIAI|LORENA|OSASCO|RIO DE JANEIRO|SAO JOSE DOS CAMPOS|SAO PAULO|SAO ROQUE|SOROCABA@23/02/19@00:15@212.78@2@###################################################################################SABRINA SATO@F@26/07/1992@(35) 98419-0286@GOL@KWQ-1183@COTIA|JUNDIAI|OSASCO|SAO JOSE DOS CAMPOS|SAO PAULO|SAO ROQUE|SOROCABA|TAUBATE@18/12/19@17:05@059.20@1@###################################################################################################FATIMA BERNARDES@M@12/03/1995@(87) 91455-6651@FIT@MHD-8319@JUNDIAI|RIO DE JANEIRO|SAO JOSE DOS CAMPOS|SAO ROQUE@26/03/19@16:43@024.55@2@########################################################################################################################BRUNA MARQUEZINE@F@08/07/1999@(70) 68381-5316@COROLLA@IJD-7181@LORENA|SAO PAULO|SAO ROQUE@15/07/19@01:48@081.21@4@##############################################################################################################################################
**********************BUSCAR**********************
LDGM030917
LETICIA FERREIRA DOS SANTOS
M
27/06/1993
(62) 90198-9783
FUSCA
DGM-2898
03/09/19
17:53
147.99
3
COTIA, JUNDIAI
**********************ARQUIVO*********************
LETICIA FERREIRA DOS SANTOS@M@27/06/1993@(62) 90198-9783@FUSCA@DGM-2898@COTIA|JUNDIAI@03/09/19@17:53@147.99@3@##################################################################################################################################################BRUNA MARQUEZINE@M@13/02/1998@(69) 38564-2362@FIT@MAW-9161@LORENA|OSASCO|SAO ROQUE@12/01/19@07:11@064.39@2@#####################################################################################################################################################ROBERT DOWNEY JUNIOR F :(@M@01/02/1999@(26) 73985-2834@ONIX@FWY-3827@COTIA|JUNDIAI|LORENA|OSASCO|RIO DE JANEIRO|SAO PAULO|SAO ROQUE|SOROCABA|TAUBATE@18/12/19@09:13@236.96@1@###################################################################################ALEXANDRE O CHEGA NE@M@17/05/1995@(98) 93894-2614@COROLLA@HBB-5768@COTIA|SAO JOSE DOS CAMPOS@25/07/19@08:37@202.28@3@###########################################################################################################################################TATIANA MONTEIRO@F@11/07/1998@(40) 29199-6198@CIVIC@RLJ-8286@COTIA|LORENA|RIO DE JANEIRO|SAO JOSE DOS CAMPOS|SAO PAULO|SAO ROQUE|SOROCABA@17/12/19@05:15@163.57@3@##############################################################################################ALEXANDRE O PEQUENO@M@20/06/1995@(63) 03640-5389@ONIX@NKG-6732@JUNDIAI|LORENA|OSASCO|RIO DE JANEIRO|SAO JOSE DOS CAMPOS|SAO PAULO@10/02/19@20:45@125.79@4@######################################################################################################TATIANA MONTEIRO@F@07/11/1995@(43) 98742-6290@CIVIC@WIR-6237@SAO JOSE DOS CAMPOS|SAO PAULO|SAO ROQUE@24/07/19@10:16@096.90@4@###################################################################################################################################ALEXANDRE O GRANDE@F@26/07/1997@(86) 82798-0289@ONIX@KWU-6640@COTIA|JUNDIAI|LORENA|OSASCO|SAO JOSE DOS CAMPOS@11/01/19@13:05@175.98@3@##########################################################################################################################EDUARDO COSTA@F@09/04/1991@(05) 74520-7019@UNO@QSX-9375@JUNDIAI|RIO DE JANEIRO@19/10/19@01:49@129.39@4@#########################################################################################################################################################GABRIEL THE ANGEL@M@02/07/1998@(94) 03290-5224@CORSA@TJY-3348@COTIA|JUNDIAI|LORENA|OSASCO|SAO JOSE DOS CAMPOS|SAO PAULO|TAUBATE@20/11/19@19:40@203.24@3@########################################################################################################MATHEUS LIMA@F@12/11/1991@(60) 32900-3234@CELTA@GBZ-2557@COTIA|JUNDIAI|LORENA|OSASCO|SAO PAULO|SAO ROQUE|SOROCABA@08/03/19@22:49@022.53@4@######################################################################################################################JULIANA PAES@F@17/03/1993@(93) 81555-6733@CORSA@MEK-9792@COTIA|JUNDIAI|LORENA|OSASCO|RIO DE JANEIRO|SAO JOSE DOS CAMPOS|SAO PAULO|SAO ROQUE|SOROCABA@23/02/19@00:15@212.78@2@###################################################################################SABRINA SATO@F@26/07/1992@(35) 98419-0286@GOL@KWQ-1183@COTIA|JUNDIAI|OSASCO|SAO JOSE DOS CAMPOS|SAO PAULO|SAO ROQUE|SOROCABA|TAUBATE@18/12/19@17:05@059.20@1@###################################################################################################FATIMA BERNARDES@M@12/03/1995@(87) 91455-6651@FIT@MHD-8319@JUNDIAI|RIO DE JANEIRO|SAO JOSE DOS CAMPOS|SAO ROQUE@26/03/19@16:43@024.55@2@########################################################################################################################BRUNA MARQUEZINE@F@08/07/1999@(70) 68381-5316@COROLLA@IJD-7181@LORENA|SAO PAULO|SAO ROQUE@15/07/19@01:48@081.21@4@##############################################################################################################################################
**********************ARQUIVO*********************
LETICIA FERREIRA DOS SANTOS@M@27/06/1993@(62) 90198-9783@FUSCA@DGM-2898@COTIA|JUNDIAI@03/09/19@17:53@147.99@3@##################################################################################################################################################BRUNA MARQUEZINE@M@13/02/1998@(69) 38564-2362@FIT@MAW-9161@LORENA|OSASCO|SAO ROQUE@12/01/19@07:11@064.39@2@#####################################################################################################################################################ROBERT DOWNEY JUNIOR F :(@M@01/02/1999@(26) 73985-2834@ONIX@FWY-3827@COTIA|JUNDIAI|LORENA|OSASCO|RIO DE JANEIRO|SAO PAULO|SAO ROQUE|SOROCABA|TAUBATE@18/12/19@09:13@236.96@1@###################################################################################ALEXANDRE O CHEGA NE@M@17/05/1995@(98) 93894-2614@COROLLA@HBB-5768@COTIA|SAO JOSE DOS CAMPOS@25/07/19@08:37@202.28@3@###########################################################################################################################################TATIANA MONTEIRO@F@11/07/1998@(40) 29199-6198@CIVIC@RLJ-8286@COTIA|LORENA|RIO DE JANEIRO|SAO JOSE DOS CAMPOS|SAO PAULO|SAO ROQUE|SOROCABA@17/12/19@05:15@163.57@3@##############################################################################################ALEXANDRE O PEQUENO@M@20/06/1995@(63) 03640-5389@ONIX@NKG-6732@JUNDIAI|LORENA|OSASCO|RIO DE JANEIRO|SAO JOSE DOS CAMPOS|SAO PAULO@10/02/19@20:45@125.79@4@######################################################################################################TATIANA MONTEIRO@F@07/11/1995@(43) 98742-6290@CIVIC@WIR-6237@SAO JOSE DOS CAMPOS|SAO PAULO|SAO ROQUE@24/07/19@10:16@096.90@4@###################################################################################################################################ALEXANDRE O GRANDE@F@26/07/1997@(86) 82798-0289@ONIX@KWU-6640@COTIA|JUNDIAI|LORENA|OSASCO|SAO JOSE DOS CAMPOS@11/01/19@13:05@175.98@3@##########################################################################################################################EDUARDO COSTA@F@09/04/1991@(05) 74520-7019@UNO@QSX-9375@JUNDIAI|RIO DE JANEIRO@19/10/19@01:49@129.39@4@#########################################################################################################################################################GABRIEL THE ANGEL@M@02/07/1998@(94) 03290-5224@CORSA@TJY-3348@COTIA|JUNDIAI|LORENA|OSASCO|SAO JOSE DOS CAMPOS|SAO PAULO|TAUBATE@20/11/19@19:40@203.24@3@########################################################################################################MATHEUS LIMA@F@12/11/1991@(60) 32900-3234@CELTA@GBZ-2557@COTIA|JUNDIAI|LORENA|OSASCO|SAO PAULO|SAO ROQUE|SOROCABA@08/03/19@22:49@022.53@4@######################################################################################################################JULIANA PAES@F@17/03/1993@(93) 81555-6733@CORSA@MEK-9792@COTIA|JUNDIAI|LORENA|OSASCO|RIO DE JANEIRO|SAO JOSE DOS CAMPOS|SAO PAULO|SAO ROQUE|SOROCABA@23/02/19@00:15@212.78@2@###################################################################################SABRINA SATO@F@26/07/1992@(35) 98419-0286@GOL@KWQ-1183@COTIA|JUNDIAI|OSASCO|SAO JOSE DOS CAMPOS|SAO PAULO|SAO ROQUE|SOROCABA|TAUBATE@18/12/19@17:05@059.20@1@###################################################################################################FATIMA BERNARDES@M@12/03/1995@(87) 91455-6651@FIT@MHD-8319@JUNDIAI|RIO DE JANEIRO|SAO JOSE DOS CAMPOS|SAO ROQUE@26/03/19@16:43@024.55@2@########################################################################################################################BRUNA MARQUEZINE@F@08/07/1999@(70) 68381-5316@COROLLA@IJD-7181@LORENA|SAO PAULO|SAO ROQUE@15/07/19@01:48@081.21@4@##############################################################################################################################################
**********************ARQUIVO*********************
LETICIA FERREIRA DOS SANTOS@M@27/06/1993@(62) 90198-9783@FUSCA@DGM-2898@COTIA|JUNDIAI@03/09/19@17:53@147.99@3@##################################################################################################################################################BRUNA MARQUEZINE@M@13/02/1998@(69) 38564-2362@FIT@MAW-9161@LORENA|OSASCO|SAO ROQUE@12/01/19@07:11@064.39@2@#####################################################################################################################################################ROBERT DOWNEY JUNIOR F :(@M@01/02/1999@(26) 73985-2834@ONIX@FWY-3827@COTIA|JUNDIAI|LORENA|OSASCO|RIO DE JANEIRO|SAO PAULO|SAO ROQUE|SOROCABA|TAUBATE@18/12/19@09:13@236.96@1@###################################################################################ALEXANDRE O CHEGA NE@M@17/05/1995@(98) 93894-2614@COROLLA@HBB-5768@COTIA|SAO JOSE DOS CAMPOS@25/07/19@08:37@202.28@3@###########################################################################################################################################TATIANA MONTEIRO@F@11/07/1998@(40) 29199-6198@CIVIC@RLJ-8286@COTIA|LORENA|RIO DE JANEIRO|SAO JOSE DOS CAMPOS|SAO PAULO|SAO ROQUE|SOROCABA@17/12/19@05:15@163.57@3@##############################################################################################ALEXANDRE O PEQUENO@M@20/06/1995@(63) 03640-5389@ONIX@NKG-6732@JUNDIAI|LORENA|OSASCO|RIO DE JANEIRO|SAO JOSE DOS CAMPOS|SAO PAULO@10/02/19@20:45@125.79@4@######################################################################################################TATIANA MONTEIRO@F@07/11/1995@(43) 98742-6290@CIVIC@WIR-6237@SAO JOSE DOS CAMPOS|SAO PAULO|SAO ROQUE@24/07/19@10:16@096.90@4@###################################################################################################################################ALEXANDRE O GRANDE@F@26/07/1997@(86) 82798-0289@ONIX@KWU-6640@COTIA|JUNDIAI|LORENA|OSASCO|SAO JOSE DOS CAMPOS@11/01/19@13:05@175.98@3@##########################################################################################################################EDUARDO COSTA@F@09/04/1991@(05) 74520-7019@UNO@QSX-9375@JUNDIAI|RIO DE JANEIRO@19/10/19@01:49@129.39@4@#########################################################################################################################################################GABRIEL THE ANGEL@M@02/07/1998@(94) 03290-5224@CORSA@TJY-3348@COTIA|JUNDIAI|LORENA|OSASCO|SAO JOSE DOS CAMPOS|SAO PAULO|TAUBATE@20/11/19@19:40@203.24@3@########################################################################################################MATHEUS LIMA@F@12/11/1991@(60) 32900-3234@CELTA@GBZ-2557@COTIA|JUNDIAI|LORENA|OSASCO|SAO PAULO|SAO ROQUE|SOROCABA@08/03/19@22:49@022.53@4@######################################################################################################################JULIANA PAES@F@17/03/1993@(93) 81555-6733@CORSA@MEK-9792@COTIA|JUNDIAI|LORENA|OSASCO|RIO DE JANEIRO|SAO JOSE DOS CAMPOS|SAO PAULO|SAO ROQUE|SOROCABA@23/02/19@00:15@212.78@2@###################################################################################SABRINA SATO@F@26/07/1992@(35) 98419-0286@GOL@KWQ-1183@COTIA|JUNDIAI|OSASCO|SAO JOSE DOS CAMPOS|SAO PAULO|SAO ROQUE|SOROCABA|TAUBATE@18/12/19@17:05@059.20@1@###################################################################################################FATIMA BERNARDES@M@12/03/1995@(87) 91455-6651@FIT@MHD-8319@JUNDIAI|RIO DE JANEIRO|SAO JOSE DOS CAMPOS|SAO ROQUE@26/03/19@16:43@024.55@2@########################################################################################################################BRUNA MARQUEZINE@F@08/07/1999@(70) 68381-5316@COROLLA@IJD-7181@LORENA|SAO PAULO|SAO ROQUE@15/07/19@01:48@081.21@4@##############################################################################################################################################
**********************BUSCAR**********************
Registro(s) nao encontrado!
**********************ARQUIVO*********************
LETICIA FERREIRA DOS SANTOS@M@27/06/1993@(62) 90198-9783@FUSCA@DGM-2898@COTIA|JUNDIAI@03/09/19@17:53@147.99@3@##################################################################################################################################################BRUNA MARQUEZINE@M@13/02/1998@(69) 38564-2362@FIT@MAW-9161@LORENA|OSASCO|SAO ROQUE@12/01/19@07:11@064.39@2@#####################################################################################################################################################ROBERT DOWNEY JUNIOR F :(@M@01/02/1999@(26) 73985-2834@ONIX@FWY-3827@COTIA|JUNDIAI|LORENA|OSASCO|RIO DE JANEIRO|SAO PAULO|SAO ROQUE|SOROCABA|TAUBATE@18/12/19@09:13@236.96@1@###################################################################################ALEXANDRE O CHEGA NE@M@17/05/1995@(98) 93894-2614@COROLLA@HBB-5768@COTIA|SAO JOSE DOS CAMPOS@25/07/19@08:37@202.28@3@###########################################################################################################################################TATIANA MONTEIRO@F@11/07/1998@(40) 29199-6198@CIVIC@RLJ-8286@COTIA|LORENA|RIO DE JANEIRO|SAO JOSE DOS CAMPOS|SAO PAULO|SAO ROQUE|SOROCABA@17/12/19@05:15@163.57@3@##############################################################################################ALEXANDRE O PEQUENO@M@20/06/1995@(63) 03640-5389@ONIX@NKG-6732@JUNDIAI|LORENA|OSASCO|RIO DE JANEIRO|SAO JOSE DOS CAMPOS|SAO PAULO@10/02/19@20:45@125.79@4@######################################################################################################TATIANA MONTEIRO@F@07/11/1995@(43) 98742-6290@CIVIC@WIR-6237@SAO JOSE DOS CAMPOS|SAO PAULO|SAO ROQUE@24/07/19@10:16@096.90@4@###################################################################################################################################ALEXANDRE O GRANDE@F@26/07/1997@(86) 82798-0289@ONIX@KWU-6640@COTIA|JUNDIAI|LORENA|OSASCO|SAO JOSE DOS CAMPOS@11/01/19@13:05@175.98@3@##########################################################################################################################EDUARDO COSTA@F@09/04/1991@(05) 74520-7019@UNO@QSX-9375@JUNDIAI|RIO DE JANEIRO@19/10/19@01:49@129.39@4@#########################################################################################################################################################GABRIEL THE ANGEL@M@02/07/1998@(94) 03290-5224@CORSA@TJY-3348@COTIA|JUNDIAI|LORENA|OSASCO|SAO JOSE DOS CAMPOS|SAO PAULO|TAUBATE@20/11/19@19:40@203.24@3@########################################################################################################MATHEUS LIMA@F@12/11/1991@(60) 32900-3234@CELTA@GBZ-2557@COTIA|JUNDIAI|LORENA|OSASCO|SAO PAULO|SAO ROQUE|SOROCABA@08/03/19@22:49@022.53@4@######################################################################################################################JULIANA PAES@F@17/03/1993@(93) 81555-6733@CORSA@MEK-9792@COTIA|JUNDIAI|LORENA|OSASCO|RIO DE JANEIRO|SAO JOSE DOS CAMPOS|SAO PAULO|SAO ROQUE|SOROCABA@23/02/19@00:15@212.78@2@###################################################################################SABRINA SATO@F@26/07/1992@(35) 98419-0286@GOL@KWQ-1183@COTIA|JUNDIAI|OSASCO|SAO JOSE DOS CAMPOS|SAO PAULO|SAO ROQUE|SOROCABA|TAUBATE@18/12/19@17:05@059.20@1@###################################################################################################FATIMA BERNARDES@M@12/03/1995@(87) 91455-6651@FIT@MHD-8319@JUNDIAI|RIO DE JANEIRO|SAO JOSE DOS CAMPOS|SAO ROQUE@26/03/19@16:43@024.55@2@########################################################################################################################BRUNA MARQUEZINE@F@08/07/1999@(70) 68381-5316@COROLLA@IJD-7181@LORENA|SAO PAULO|SAO ROQUE@15/07/19@01:48@081.21@4@##############################################################################################################################################ALEXANDRE O MEDIO@F@18/11/1996@(82) 58612-3288@UNO@BEZ-6764@JUNDIAI|LORENA|OSASCO|SAO JOSE DOS CAMPOS|SAO PAULO|SAO ROQUE|TAUBATE@25/12/19@07:15@001.75@1@######################################################################################################JULIANA PAES@F@14/05/1995@(41) 89400-7187@TORO@MBU-0542@COTIA|JUNDIAI|OSASCO|SAO JOSE DOS CAMPOS|SAO ROQUE@13/09/19@07:32@122.49@2@#############################################################################################################################
**********************BUSCAR**********************
JMBU130907
JULIANA PAES
F
14/05/1995
(41) 89400-7187
TORO
MBU-0542
13/09/19
07:32
122.49
2
COTIA, JUNDIAI, OSASCO, SAO JOSE DOS CAMPOS, SAO ROQUE
**********************BUSCAR**********************
BIJD150701
BRUNA MARQUEZINE
F
08/07/1999
(70) 68381-5316
COROLLA
IJD-7181
15/07/19
01:48
081.21
4
LORENA, SAO PAULO, SAO ROQUE
**********************BUSCAR**********************
AKWU110113
ALEXANDRE O GRANDE
F
26/07/1997
(86) 82798-0289
ONIX
KWU-6640
11/01/19
13:05
175.98
3
COTIA, JUNDIAI, LORENA, OSASCO, SAO JOSE DOS CAMPOS
**********************LISTAR**********************
ABEZ251207
ALEXANDRE O MEDIO
F
18/11/1996
(82) 58612-3288
UNO
BEZ-6764
25/12/19
07:15
001.75
1
JUNDIAI, LORENA, OSASCO, SAO JOSE DOS CAMPOS, SAO PAULO, SAO ROQUE, TAUBATE

AHBB250708
ALEXANDRE O CHEGA NE
M
17/05/1995
(98) 93894-2614
COROLLA
HBB-5768
25/07/19
08:37
202.28
3
COTIA, SAO JOSE DOS CAMPOS

AKWU110113
ALEXANDRE O GRANDE
F
26/07/1997
(86) 82798-0289
ONIX
KWU-6640
11/01/19
13:05
175.98
3
COTIA, JUNDIAI, LORENA, OSASCO, SAO JOSE DOS CAMPOS

ANKG100220
ALEXANDRE O PEQUENO
M
20/06/1995
(63) 03640-5389
ONIX
NKG-6732
10/02/19
20:45
125.79
4
JUNDIAI, LORENA, OSASCO, RIO DE JANEIRO, SAO JOSE DOS CAMPOS, SAO PAULO

BIJD150701
BRUNA MARQUEZINE
F
08/07/1999
(70) 68381-5316
COROLLA
IJD-7181
15/07/19
01:48
081.21
4
LORENA, SAO PAULO, SAO ROQUE

BMAW120107
BRUNA MARQUEZINE
M
13/02/1998
(69) 38564-2362
FIT
MAW-9161
12/01/19
07:11
064.39
2
LORENA, OSASCO, SAO ROQUE

EQSX191001
EDUARDO COSTA
F
09/04/1991
(05) 74520-7019
UNO
QSX-9375
19/10/19
01:49
129.39
4
JUNDIAI, RIO DE JANEIRO

FMHD260316
FATIMA BERNARDES
M
12/03/1995
(87) 91455-6651
FIT
MHD-8319
26/03/19
16:43
024.55
2
JUNDIAI, RIO DE JANEIRO, SAO JOSE DOS CAMPOS, SAO ROQUE

GTJY201119
GABRIEL THE ANGEL
M
02/07/1998
(94) 03290-5224
CORSA
TJY-3348
20/11/19
19:40
203.24
3
COTIA, JUNDIAI, LORENA, OSASCO, SAO JOSE DOS CAMPOS, SAO PAULO, TAUBATE

JMBU130907
JULIANA PAES
F
14/05/1995
(41) 89400-7187
TORO
MBU-0542
13/09/19
07:32
122.49
2
COTIA, JUNDIAI, OSASCO, SAO JOSE DOS CAMPOS, SAO ROQUE

JMEK230200
JULIANA PAES
F
17/03/1993
(93) 81555-6733
CORSA
MEK-9792
23/02/19
00:15
212.78
2
COTIA, JUNDIAI, LORENA, OSASCO, RIO DE JANEIRO, SAO JOSE DOS CAMPOS, SAO PAULO, SAO ROQUE, SOROCABA

LDGM030917
LETICIA FERREIRA DOS SANTOS
M
27/06/1993
(62) 90198-9783
FUSCA
DGM-2898
03/09/19
17:53
147.99
3
COTIA, JUNDIAI

MCLS190307
MATHEUS ROCHA
M
16/05/1989
(04) 91879-1793
GOL
CLS-3086
19/03/19
07:32
164.62
4
COTIA, JUNDIAI, LORENA, OSASCO, RIO DE JANEIRO, SAO JOSE DOS CAMPOS, SAO PAULO, SAO ROQUE, SOROCABA, TAUBATE

MGBZ080322
MATHEUS LIMA
F
12/11/1991
(60) 32900-3234
CELTA
GBZ-2557
08/03/19
22:49
022.53
4
COTIA, JUNDIAI, LORENA, OSASCO, SAO PAULO, SAO ROQUE, SOROCABA

RFWY181209
ROBERT DOWNEY JUNIOR F :(
M
01/02/1999
(26) 73985-2834
ONIX
FWY-3827
18/12/19
09:13
236.96
1
COTIA, JUNDIAI, LORENA, OSASCO, RIO DE JANEIRO, SAO PAULO, SAO ROQUE, SOROCABA, TAUBATE

SKWQ181217
SABRINA SATO
F
26/07/1992
(35) 98419-0286
GOL
KWQ-1183
18/12/19
17:05
059.20
1
COTIA, JUNDIAI, OSASCO, SAO JOSE DOS CAMPOS, SAO PAULO, SAO ROQUE, SOROCABA, TAUBATE

TRLJ171205
TATIANA MONTEIRO
F
11/07/1998
(40) 29199-6198
CIVIC
RLJ-8286
17/12/19
05:15
163.57
3
COTIA, LORENA, RIO DE JANEIRO, SAO JOSE DOS CAMPOS, SAO PAULO, SAO ROQUE, SOROCABA

TWIR240710
TATIANA MONTEIRO
F
07/11/1995
(43) 98742-6290
CIVIC
WIR-6237
24/07/19
10:16
096.90
4
SAO JOSE DOS CAMPOS, SAO PAULO, SAO ROQUE
**********************ARQUIVO*********************
LETICIA FERREIRA DOS SANTOS@M@27/06/1993@(62) 90198-9783@FUSCA@DGM-2898@COTIA|JUNDIAI@03/09/19@17:53@147.99@3@##################################################################################################################################################BRUNA MARQUEZINE@M@13/02/1998@(69) 38564-2362@FIT@MAW-9161@LORENA|OSASCO|SAO ROQUE@12/01/19@07:11@064.39@2@#####################################################################################################################################################ROBERT DOWNEY JUNIOR F :(@M@01/02/1999@(26) 73985-2834@ONIX@FWY-3827@COTIA|JUNDIAI|LORENA|OSASCO|RIO DE JANEIRO|SAO PAULO|SAO ROQUE|SOROCABA|TAUBATE@18/12/19@09:13@236.96@1@###################################################################################ALEXANDRE O CHEGA NE@M@17/05/1995@(98) 93894-2614@COROLLA@HBB-5768@COTIA|SAO JOSE DOS CAMPOS@25/07/19@08:37@202.28@3@###########################################################################################################################################TATIANA MONTEIRO@F@11/07/1998@(40) 29199-6198@CIVIC@RLJ-8286@COTIA|LORENA|RIO DE JANEIRO|SAO JOSE DOS CAMPOS|SAO PAULO|SAO ROQUE|SOROCABA@17/12/19@05:15@163.57@3@##############################################################################################ALEXANDRE O PEQUENO@M@20/06/1995@(63) 03640-5389@ONIX@NKG-6732@JUNDIAI|LORENA|OSASCO|RIO DE JANEIRO|SAO JOSE DOS CAMPOS|SAO PAULO@10/02/19@20:45@125.79@4@######################################################################################################TATIANA MONTEIRO@F@07/11/1995@(43) 98742-6290@CIVIC@WIR-6237@SAO JOSE DOS CAMPOS|SAO PAULO|SAO ROQUE@24/07/19@10:16@096.90@4@###################################################################################################################################ALEXANDRE O GRANDE@F@26/07/1997@(86) 82798-0289@ONIX@KWU-6640@COTIA|JUNDIAI|LORENA|OSASCO|SAO JOSE DOS CAMPOS@11/01/19@13:05@175.98@3@##########################################################################################################################EDUARDO COSTA@F@09/04/1991@(05) 74520-7019@UNO@QSX-9375@JUNDIAI|RIO DE JANEIRO@19/10/19@01:49@129.39@4@#########################################################################################################################################################GABRIEL THE ANGEL@M@02/07/1998@(94) 03290-5224@CORSA@TJY-3348@COTIA|JUNDIAI|LORENA|OSASCO|SAO JOSE DOS CAMPOS|SAO PAULO|TAUBATE@20/11/19@19:40@203.24@3@########################################################################################################MATHEUS LIMA@F@12/11/1991@(60) 32900-3234@CELTA@GBZ-2557@COTIA|JUNDIAI|LORENA|OSASCO|SAO PAULO|SAO ROQUE|SOROCABA@08/03/19@22:49@022.53@4@######################################################################################################################JULIANA PAES@F@17/03/1993@(93) 81555-6733@CORSA@MEK-9792@COTIA|JUNDIAI|LORENA|OSASCO|RIO DE JANEIRO|SAO JOSE DOS CAMPOS|SAO PAULO|SAO ROQUE|SOROCABA@23/02/19@00:15@212.78@2@###################################################################################SABRINA SATO@F@26/07/1992@(35) 98419-0286@GOL@KWQ-1183@COTIA|JUNDIAI|OSASCO|SAO JOSE DOS CAMPOS|SAO PAULO|SAO ROQUE|SOROCABA|TAUBATE@18/12/19@17:05@059.20@1@###################################################################################################FATIMA BERNARDES@M@12/03/1995@(87) 91455-6651@FIT@MHD-8319@JUNDIAI|RIO DE JANEIRO|SAO JOSE DOS CAMPOS|SAO ROQUE@26/03/19@16:43@024.55@2@########################################################################################################################BRUNA MARQUEZINE@F@08/07/1999@(70) 68381-5316@COROLLA@IJD-7181@LORENA|SAO PAULO|SAO ROQUE@15/07/19@01:48@081.21@4@##############################################################################################################################################ALEXANDRE O MEDIO@F@18/11/1996@(82) 58612-3288@UNO@BEZ-6764@JUNDIAI|LORENA|OSASCO|SAO JOSE DOS CAMPOS|SAO PAULO|SAO ROQUE|TAUBATE@25/12/19@07:15@001.75@1@######################################################################################################JULIANA PAES@F@14/05/1995@(41) 89400-7187@TORO@MBU-0542@COTIA|JUNDIAI|OSASCO|SAO JOSE DOS CAMPOS|SAO ROQUE@13/09/19@07:32@122.49@2@#############################################################################################################################MATHEUS ROCHA@M@16/05/1989@(04) 91879-1793@GOL@CLS-3086@COTIA|JUNDIAI|LORENA|OSASCO|RIO DE JANEIRO|SAO JOSE DOS CAMPOS|SAO PAULO|SAO ROQUE|SOROCABA|TAUBATE@19/03/19@07:32@164.62@4@############################################################################
*****************ARQUIVO SECUNDARIO****************
AHBB250708 ALEXANDRE O CHEGA NE
AKWU110113 ALEXANDRE O GRANDE
ABEZ251207 ALEXANDRE O MEDIO
ANKG100220 ALEXANDRE O PEQUENO
BIJD150701 BRUNA MARQUEZINE
BMAW120107 BRUNA MARQUEZINE
EQSX191001 EDUARDO COSTA
FMHD260316 FATIMA BERNARDES
GTJY201119 GABRIEL THE ANGEL
JMBU130907 JULIANA PAES
JMEK230200 JULIANA PAES
LDGM030917 LETICIA FERREIRA DOS SANTOS
MGBZ080322 MATHEUS LIMA
MCLS190307 MATHEUS ROCHA
RFWY181209 ROBERT DOWNEY JUNIOR F :(
SKWQ181217 SABRINA SATO
TRLJ171205 TATIANA MONTEIRO
TWIR240710 TATIANA MONTEIRO
**********************ARQUIVO*********************
LETICIA FERREIRA DOS SANTOS@M@27/06/1993@(62) 90198-9783@FUSCA@DGM-2898@COTIA|JUNDIAI@03/09/19@17:53@147.99@3@##################################################################################################################################################BRUNA MARQUEZINE@M@13/02/1998@(69) 38564-2362@FIT@MAW-9161@LORENA|OSASCO|SAO ROQUE@12/01/19@07:11@064.39@2@#####################################################################################################################################################ROBERT DOWNEY JUNIOR F :(@M@01/02/1999@(26) 73985-2834@ONIX@FWY-3827@COTIA|JUNDIAI|LORENA|OSASCO|RIO DE JANEIRO|SAO PAULO|SAO ROQUE|SOROCABA|TAUBATE@18/12/19@09:13@236.96@1@###################################################################################ALEXANDRE O CHEGA NE@M@17/05/1995@(98) 93894-2614@COROLLA@HBB-5768@COTIA|SAO JOSE DOS CAMPOS@25/07/19@08:37@202.28@3@###########################################################################################################################################TATIANA MONTEIRO@F@11/07/1998@(40) 29199-6198@CIVIC@RLJ-8286@COTIA|LORENA|RIO DE JANEIRO|SAO JOSE DOS CAMPOS|SAO PAULO|SAO ROQUE|SOROCABA@17/12/19@05:15@163.57@3@##############################################################################################ALEXANDRE O PEQUENO@M@20/06/1995@(63) 03640-5389@ONIX@NKG-6732@JUNDIAI|LORENA|OSASCO|RIO DE JANEIRO|SAO JOSE DOS CAMPOS|SAO PAULO@10/02/19@20:45@125.79@4@######################################################################################################TATIANA MONTEIRO@F@07/11/1995@(43) 98742-6290@CIVIC@WIR-6237@SAO JOSE DOS CAMPOS|SAO PAULO|SAO ROQUE@24/07/19@10:16@096.90@4@###################################################################################################################################ALEXANDRE O GRANDE@F@26/07/1997@(86) 82798-0289@ONIX@KWU-6640@COTIA|JUNDIAI|LORENA|OSASCO|SAO JOSE DOS CAMPOS@11/01/19@13:05@175.98@3@##########################################################################################################################EDUARDO COSTA@F@09/04/1991@(05) 74520-7019@UNO@QSX-9375@JUNDIAI|RIO DE JANEIRO@19/10/19@01:49@129.39@4@#########################################################################################################################################################GABRIEL THE ANGEL@M@02/07/1998@(94) 03290-5224@CORSA@TJY-3348@COTIA|JUNDIAI|LORENA|OSASCO|SAO JOSE DOS CAMPOS|SAO PAULO|TAUBATE@20/11/19@19:40@203.24@3@########################################################################################################MATHEUS LIMA@F@12/11/1991@(60) 32900-3234@CELTA@GBZ-2557@COTIA|JUNDIAI|LORENA|OSASCO|SAO PAULO|SAO ROQUE|SOROCABA@08/03/19@22:49@022.53@4@######################################################################################################################JULIANA PAES@F@17/03/1993@(93) 81555-6733@CORSA@MEK-9792@COTIA|JUNDIAI|LORENA|OSASCO|RIO DE JANEIRO|SAO JOSE DOS CAMPOS|SAO PAULO|SAO ROQUE|SOROCABA@23/02/19@00:15@212.78@2@###################################################################################SABRINA SATO@F@26/07/1992@(35) 98419-0286@GOL@KWQ-1183@COTIA|JUNDIAI|OSASCO|SAO JOSE DOS CAMPOS|SAO PAULO|SAO ROQUE|SOROCABA|TAUBATE@18/12/19@17:05@059.20@1@###################################################################################################FATIMA BERNARDES@M@12/03/1995@(87) 91455-6651@FIT@MHD-8319@JUNDIAI|RIO DE JANEIRO|SAO JOSE DOS CAMPOS|SAO ROQUE@26/03/19@16:43@024.55@2@########################################################################################################################BRUNA MARQUEZINE@F@08/07/1999@(70) 68381-5316@COROLLA@IJD-7181@LORENA|SAO PAULO|SAO ROQUE@15/07/19@01:48@081.21@4@##############################################################################################################################################ALEXANDRE O MEDIO@F@18/11/1996@(82) 58612-3288@UNO@BEZ-6764@JUNDIAI|LORENA|OSASCO|SAO JOSE DOS CAMPOS|SAO PAULO|SAO ROQUE|TAUBATE@25/12/19@07:15@001.75@1@######################################################################################################JULIANA PAES@F@14/05/1995@(41) 89400-7187@TORO@MBU-0542@COTIA|JUNDIAI|OSASCO|SAO JOSE DOS CAMPOS|SAO ROQUE@13/09/19@07:32@122.49@2@#############################################################################################################################MATHEUS ROCHA@M@16/05/1989@(04) 91879-1793@GOL@CLS-3086@COTIA|JUNDIAI|LORENA|OSASCO|RIO DE JANEIRO|SAO JOSE DOS CAMPOS|SAO PAULO|SAO ROQUE|SOROCABA|TAUBATE@19/03/19@07:32@164.62@4@############################################################################
