**********************ARQUIVO*********************
LETICIA FERREIRA DOS SANTOS@M@27/06/1993@(62) 90198-9783@FUSCA@DGM-2898@COTIA|JUNDIAI@03/09/19@17:53@147.99@3@##################################################################################################################################################BRUNA MARQUEZINE@M@13/02/1998@(69) 38564-2362@FIT@MAW-9161@LORENA|OSASCO|SAO ROQUE@12/01/19@07:11@064.39@2@#####################################################################################################################################################ROBERT DOWNEY JUNIOR F :(@M@01/02/1999@(26) 73985-2834@ONIX@FWY-3827@COTIA|JUNDIAI|LORENA|OSASCO|RIO DE JANEIRO|SAO PAULO|SAO ROQUE|SOROCABA|TAUBATE@18/12/19@09:13@236.96@1@###################################################################################ALEXANDRE O CHEGA NE@M@17/05/1995@(98) 93894-2614@COROLLA@HBB-5768@COTIA|SAO JOSE DOS CAMPOS@25/07/19@08:37@202.28@3@###########################################################################################################################################TATIANA MONTEIRO@F@11/07/1998@(40) 29199-6198@CIVIC@RLJ-8286@COTIA|LORENA|RIO DE JANEIRO|SAO JOSE DOS CAMPOS|SAO PAULO|SAO ROQUE|SOROCABA@17/12/19@05:15@163.57@3@##############################################################################################ALEXANDRE O PEQUENO@M@20/06/1995@(63) 03640-5389@ONIX@NKG-6732@JUNDIAI|LORENA|OSASCO|RIO DE JANEIRO|SAO JOSE DOS CAMPOS|SAO PAULO@10/02/19@20:45@125.79@4@######################################################################################################TATIANA MONTEIRO@F@07/11/1995@(43) 98742-6290@CIVIC@WIR-6237@SAO JOSE DOS CAMPOS|SAO PAULO|SAO ROQUE@24/07/19@10:16@096.90@4@###################################################################################################################################ALEXANDRE O GRANDE@F@26/07/1997@(86) 82798-0289@ONIX@KWU-6640@COTIA|JUNDIAI|LORENA|OSASCO|SAO JOSE DOS CAMPOS@11/01/19@13:05@175.98@3@##########################################################################################################################EDUARDO COSTA@F@09/04/1991@(05) 74520-7019@UNO@QSX-9375@JUNDIAI|RIO DE JANEIRO@19/10/19@01:49@129.39@4@#########################################################################################################################################################GABRIEL THE ANGEL@M@02/07/1998@(94) 03290-5224@CORSA@TJY-3348@COTIA|JUNDIAI|LORENA|OSASCO|SAO JOSE DOS CAMPOS|SAO PAULO|TAUBATE@20/11/19@19:40@203.24@3@########################################################################################################MATHEUS LIMA@F@12/11/1991@(60) 32900-3234@CELTA@GBZ-2557@COTIA|JUNDIAI|LORENA|OSASCO|SAO PAULO|SAO ROQUE|SOROCABA@08/03/19@22:49@022.53@4@######################################################################################################################JULIANA PAES@F@17/03/1993@(93) 81555-6733@CORSA@MEK-9792@COTIA|JUNDIAI|LORENA|OSASCO|RIO DE JANEIRO|SAO JOSE DOS CAMPOS|SAO PAULO|SAO ROQUE|SOROCABA@23/02/19@00:15@212.78@2@###################################################################################SABRINA SATO@F@26/07/1992@(35) 98419-0286@GOL@KWQ-1183@COTIA|JUNDIAI|OSASCO|SAO JOSE DOS CAMPOS|SAO PAULO|SAO ROQUE|SOROCABA|TAUBATE@18/12/19@17:05@059.20@1@###################################################################################################FATIMA BERNARDES@M@12/03/1995@(87) 91455-6651@FIT@MHD-8319@JUNDIAI|RIO DE JANEIRO|SAO JOSE DOS CAMPOS|SAO ROQUE@26/03/19@16:43@024.55@2@########################################################################################################################BRUNA MARQUEZINE@F@08/07/1999@(70) 68381-5316@COROLLA@IJD-7181@LORENA|SAO PAULO|SAO ROQUE@15/07/19@01:48@081.21@4@##############################################################################################################################################ALEXANDRE O MEDIO@F@24/07/1989@(43) 50359-6586@HB20@GGA-8073@RIO DE JANEIRO|SAO JOSE DOS CAMPOS@04/01/19@10:54@119.03@3@########################################################################################################################################EDUARDO COSTA@F@19/07/1999@(26) 68943-8932@UNO@MAP-2504@COTIA|JUNDIAI|LORENA|OSASCO|RIO DE JANEIRO|SAO JOSE DOS CAMPOS|SAO PAULO|SAO ROQUE|SOROCABA|TAUBATE@24/07/19@12:20@096.07@4@############################################################################
**********************ARQUIVO*********************
LETICIA FERREIRA DOS SANTOS@M@27/06/1993@(62) 90198-9783@FUSCA@DGM-2898@COTIA|JUNDIAI@03/09/19@17:53@147.99@3@##################################################################################################################################################BRUNA MARQUEZINE@M@13/02/1998@(69) 38564-2362@FIT@MAW-9161@LORENA|OSASCO|SAO ROQUE@12/01/19@07:11@064.39@2@#####################################################################################################################################################ROBERT DOWNEY JUNIOR F :(@M@01/02/1999@(26) 73985-2834@ONIX@FWY-3827@COTIA|JUNDIAI|LORENA|OSASCO|RIO DE JANEIRO|SAO PAULO|SAO ROQUE|SOROCABA|TAUBATE@18/12/19@09:13@236.96@1@###################################################################################ALEXANDRE O CHEGA NE@M@17/05/1995@(98) 93894-2614@COROLLA@HBB-5768@COTIA|SAO JOSE DOS CAMPOS@25/07/19@08:37@202.28@3@###########################################################################################################################################TATIANA MONTEIRO@F@11/07/1998@(40) 29199-6198@CIVIC@RLJ-8286@COTIA|LORENA|RIO DE JANEIRO|SAO JOSE DOS CAMPOS|SAO PAULO|SAO ROQUE|SOROCABA@17/12/19@05:15@163.57@3@##############################################################################################ALEXANDRE O PEQUENO@M@20/06/1995@(63) 03640-5389@ONIX@NKG-6732@JUNDIAI|LORENA|OSASCO|RIO DE JANEIRO|SAO JOSE DOS CAMPOS|SAO PAULO@10/02/19@20:45@125.79@4@######################################################################################################TATIANA MONTEIRO@F@07/11/1995@(43) 98742-6290@CIVIC@WIR-6237@SAO JOSE DOS CAMPOS|SAO PAULO|SAO ROQUE@24/07/19@10:16@096.90@4@###################################################################################################################################ALEXANDRE O GRANDE@F@26/07/1997@(86) 82798-0289@ONIX@KWU-6640@COTIA|JUNDIAI|LORENA|OSASCO|SAO JOSE DOS CAMPOS@11/01/19@13:05@175.98@3@##########################################################################################################################EDUARDO COSTA@F@09/04/1991@(05) 74520-7019@UNO@QSX-9375@JUNDIAI|RIO DE JANEIRO@19/10/19@01:49@129.39@4@#########################################################################################################################################################GABRIEL THE ANGEL@M@02/07/1998@(94) 03290-5224@CORSA@TJY-3348@COTIA|JUNDIAI|LORENA|OSASCO|SAO JOSE DOS CAMPOS|SAO PAULO|TAUBATE@20/11/19@19:40@203.24@3@########################################################################################################MATHEUS LIMA@F@12/11/1991@(60) 32900-3234@CELTA@GBZ-2557@COTIA|JUNDIAI|LORENA|OSASCO|SAO PAULO|SAO ROQUE|SOROCABA@08/03/19@22:49@022.53@4@######################################################################################################################JULIANA PAES@F@17/03/1993@(93) 81555-6733@CORSA@MEK-9792@COTIA|JUNDIAI|LORENA|OSASCO|RIO DE JANEIRO|SAO JOSE DOS CAMPOS|SAO PAULO|SAO ROQUE|SOROCABA@23/02/19@00:15@212.78@2@###################################################################################SABRINA SATO@F@26/07/1992@(35) 98419-0286@GOL@KWQ-1183@COTIA|JUNDIAI|OSASCO|SAO JOSE DOS CAMPOS|SAO PAULO|SAO ROQUE|SOROCABA|TAUBATE@18/12/19@17:05@059.20@1@###################################################################################################FATIMA BERNARDES@M@12/03/1995@(87) 91455-6651@FIT@MHD-8319@JUNDIAI|RIO DE JANEIRO|SAO JOSE DOS CAMPOS|SAO ROQUE@26/03/19@16:43@024.55@2@########################################################################################################################BRUNA MARQUEZINE@F@08/07/1999@(70) 68381-5316@COROLLA@IJD-7181@LORENA|SAO PAULO|SAO ROQUE@15/07/19@01:48@081.21@4@##############################################################################################################################################ALEXANDRE O MEDIO@F@24/07/1989@(43) 50359-6586@HB20@GGA-8073@RIO DE JANEIRO|SAO JOSE DOS CAMPOS@04/01/19@10:54@119.03@3@########################################################################################################################################EDUARDO COSTA@F@19/07/1999@(26) 68943-8932@UNO@MAP-2504@COTIA|JUNDIAI|LORENA|OSASCO|RIO DE JANEIRO|SAO JOSE DOS CAMPOS|SAO PAULO|SAO ROQUE|SOROCABA|TAUBATE@24/07/19@12:20@096.07@4@############################################################################FATIMA BERNARDES@F@14/05/1992@(76) 10333-9699@FIT@GAO-0535@COTIA|OSASCO|RIO DE JANEIRO@25/06/19@03:16@227.17@4@#################################################################################################################################################GABRIEL THE ANGEL@F@17/03/1992@(38) 78769-4166@ONIX@VWI-5031@COTIA|JUNDIAI|LORENA|RIO DE JANEIRO|SAO PAULO|SAO ROQUE|SOROCABA|TAUBATE@10/01/19@15:29@241.33@1@##################################################################################################
**********************BUSCAR**********************
FGAO250603
FATIMA BERNARDES
F
14/05/1992
(76) 10333-9699
FIT
GAO-0535
25/06/19
03:16
227.17
4
COTIA, OSASCO, RIO DE JANEIRO
**********************LISTAR**********************
AHBB250708
ALEXANDRE O CHEGA NE
M
17/05/1995
(98) 93894-2614
COROLLA
HBB-5768
25/07/19
08:37
202.28
3
COTIA, SAO JOSE DOS CAMPOS

AKWU110113
ALEXANDRE O GRANDE
F
26/07/1997
(86) 82798-0289
ONIX
KWU-6640
11/01/19
13:05
175.98
3
COTIA, JUNDIAI, LORENA, OSASCO, SAO JOSE DOS CAMPOS

AGGA040110
ALEXANDRE O MEDIO
F
24/07/1989
(43) 50359-6586
HB20
GGA-8073
04/01/19
10:54
119.03
3
RIO DE JANEIRO, SAO JOSE DOS CAMPOS

ANKG100220
ALEXANDRE O PEQUENO
M
20/06/1995
(63) 03640-5389
ONIX
NKG-6732
10/02/19
20:45
125.79
4
JUNDIAI, LORENA, OSASCO, RIO DE JANEIRO, SAO JOSE DOS CAMPOS, SAO PAULO

BIJD150701
BRUNA MARQUEZINE
F
08/07/1999
(70) 68381-5316
COROLLA
IJD-7181
15/07/19
01:48
081.21
4
LORENA, SAO PAULO, SAO ROQUE

BMAW120107
BRUNA MARQUEZINE
M
13/02/1998
(69) 38564-2362
FIT
MAW-9161
12/01/19
07:11
064.39
2
LORENA, OSASCO, SAO ROQUE

EMAP240712
EDUARDO COSTA
F
19/07/1999
(26) 68943-8932
UNO
MAP-2504
24/07/19
12:20
096.07
4
COTIA, JUNDIAI, LORENA, OSASCO, RIO DE JANEIRO, SAO JOSE DOS CAMPOS, SAO PAULO, SAO ROQUE, SOROCABA, TAUBATE

EQSX191001
EDUARDO COSTA
F
09/04/1991
(05) 74520-7019
UNO
QSX-9375
19/10/19
01:49
129.39
4
JUNDIAI, RIO DE JANEIRO

FGAO250603
FATIMA BERNARDES
F
14/05/1992
(76) 10333-9699
FIT
GAO-0535
25/06/19
03:16
227.17
4
COTIA, OSASCO, RIO DE JANEIRO

FMHD260316
FATIMA BERNARDES
M
12/03/1995
(87) 91455-6651
FIT
MHD-8319
26/03/19
16:43
024.55
2
JUNDIAI, RIO DE JANEIRO, SAO JOSE DOS CAMPOS, SAO ROQUE

GTJY201119
GABRIEL THE ANGEL
M
02/07/1998
(94) 03290-5224
CORSA
TJY-3348
20/11/19
19:40
203.24
3
COTIA, JUNDIAI, LORENA, OSASCO, SAO JOSE DOS CAMPOS, SAO PAULO, TAUBATE

GVWI100115
GABRIEL THE ANGEL
F
17/03/1992
(38) 78769-4166
ONIX
VWI-5031
10/01/19
15:29
241.33
1
COTIA, JUNDIAI, LORENA, RIO DE JANEIRO, SAO PAULO, SAO ROQUE, SOROCABA, TAUBATE

JMEK230200
JULIANA PAES
F
17/03/1993
(93) 81555-6733
CORSA
MEK-9792
23/02/19
00:15
212.78
2
COTIA, JUNDIAI, LORENA, OSASCO, RIO DE JANEIRO, SAO JOSE DOS CAMPOS, SAO PAULO, SAO ROQUE, SOROCABA

LDGM030917
LETICIA FERREIRA DOS SANTOS
M
27/06/1993
(62) 90198-9783
FUSCA
DGM-2898
03/09/19
17:53
147.99
3
COTIA, JUNDIAI

MGBZ080322
MATHEUS LIMA
F
12/11/1991
(60) 32900-3234
CELTA
GBZ-2557
08/03/19
22:49
022.53
4
COTIA, JUNDIAI, LORENA, OSASCO, SAO PAULO, SAO ROQUE, SOROCABA

RFWY181209
ROBERT DOWNEY JUNIOR F :(
M
01/02/1999
(26) 73985-2834
ONIX
FWY-3827
18/12/19
09:13
236.96
1
COTIA, JUNDIAI, LORENA, OSASCO, RIO DE JANEIRO, SAO PAULO, SAO ROQUE, SOROCABA, TAUBATE

SKWQ181217
SABRINA SATO
F
26/07/1992
(35) 98419-0286
GOL
KWQ-1183
18/12/19
17:05
059.20
1
COTIA, JUNDIAI, OSASCO, SAO JOSE DOS CAMPOS, SAO PAULO, SAO ROQUE, SOROCABA, TAUBATE

TRLJ171205
TATIANA MONTEIRO
F
11/07/1998
(40) 29199-6198
CIVIC
RLJ-8286
17/12/19
05:15
163.57
3
COTIA, LORENA, RIO DE JANEIRO, SAO JOSE DOS CAMPOS, SAO PAULO, SAO ROQUE, SOROCABA

TWIR240710
TATIANA MONTEIRO
F
07/11/1995
(43) 98742-6290
CIVIC
WIR-6237
24/07/19
10:16
096.90
4
SAO JOSE DOS CAMPOS, SAO PAULO, SAO ROQUE
**********************LISTAR**********************
AGGA040110
ALEXANDRE O MEDIO
F
24/07/1989
(43) 50359-6586
HB20
GGA-8073
04/01/19
10:54
119.03
3
RIO DE JANEIRO, SAO JOSE DOS CAMPOS

AHBB250708
ALEXANDRE O CHEGA NE
M
17/05/1995
(98) 93894-2614
COROLLA
HBB-5768
25/07/19
08:37
202.28
3
COTIA, SAO JOSE DOS CAMPOS

AKWU110113
ALEXANDRE O GRANDE
F
26/07/1997
(86) 82798-0289
ONIX
KWU-6640
11/01/19
13:05
175.98
3
COTIA, JUNDIAI, LORENA, OSASCO, SAO JOSE DOS CAMPOS

ANKG100220
ALEXANDRE O PEQUENO
M
20/06/1995
(63) 03640-5389
ONIX
NKG-6732
10/02/19
20:45
125.79
4
JUNDIAI, LORENA, OSASCO, RIO DE JANEIRO, SAO JOSE DOS CAMPOS, SAO PAULO

BIJD150701
BRUNA MARQUEZINE
F
08/07/1999
(70) 68381-5316
COROLLA
IJD-7181
15/07/19
01:48
081.21
4
LORENA, SAO PAULO, SAO ROQUE

BMAW120107
BRUNA MARQUEZINE
M
13/02/1998
(69) 38564-2362
FIT
MAW-9161
12/01/19
07:11
064.39
2
LORENA, OSASCO, SAO ROQUE

EMAP240712
EDUARDO COSTA
F
19/07/1999
(26) 68943-8932
UNO
MAP-2504
24/07/19
12:20
096.07
4
COTIA, JUNDIAI, LORENA, OSASCO, RIO DE JANEIRO, SAO JOSE DOS CAMPOS, SAO PAULO, SAO ROQUE, SOROCABA, TAUBATE

EQSX191001
EDUARDO COSTA
F
09/04/1991
(05) 74520-7019
UNO
QSX-9375
19/10/19
01:49
129.39
4
JUNDIAI, RIO DE JANEIRO

FGAO250603
FATIMA BERNARDES
F
14/05/1992
(76) 10333-9699
FIT
GAO-0535
25/06/19
03:16
227.17
4
COTIA, OSASCO, RIO DE JANEIRO

FMHD260316
FATIMA BERNARDES
M
12/03/1995
(87) 91455-6651
FIT
MHD-8319
26/03/19
16:43
024.55
2
JUNDIAI, RIO DE JANEIRO, SAO JOSE DOS CAMPOS, SAO ROQUE

GTJY201119
GABRIEL THE ANGEL
M
02/07/1998
(94) 03290-5224
CORSA
TJY-3348
20/11/19
19:40
203.24
3
COTIA, JUNDIAI, LORENA, OSASCO, SAO JOSE DOS CAMPOS, SAO PAULO, TAUBATE

GVWI100115
GABRIEL THE ANGEL
F
17/03/1992
(38) 78769-4166
ONIX
VWI-5031
10/01/19
15:29
241.33
1
COTIA, JUNDIAI, LORENA, RIO DE JANEIRO, SAO PAULO, SAO ROQUE, SOROCABA, TAUBATE

JMEK230200
JULIANA PAES
F
17/03/1993
(93) 81555-6733
CORSA
MEK-9792
23/02/19
00:15
212.78
2
COTIA, JUNDIAI, LORENA, OSASCO, RIO DE JANEIRO, SAO JOSE DOS CAMPOS, SAO PAULO, SAO ROQUE, SOROCABA

LDGM030917
LETICIA FERREIRA DOS SANTOS
M
27/06/1993
(62) 90198-9783
FUSCA
DGM-2898
03/09/19
17:53
147.99
3
COTIA, JUNDIAI

MGBZ080322
MATHEUS LIMA
F
12/11/1991
(60) 32900-3234
CELTA
GBZ-2557
08/03/19
22:49
022.53
4
COTIA, JUNDIAI, LORENA, OSASCO, SAO PAULO, SAO ROQUE, SOROCABA

RFWY181209
ROBERT DOWNEY JUNIOR F :(
M
01/02/1999
(26) 73985-2834
ONIX
FWY-3827
18/12/19
09:13
236.96
1
COTIA, JUNDIAI, LORENA, OSASCO, RIO DE JANEIRO, SAO PAULO, SAO ROQUE, SOROCABA, TAUBATE

SKWQ181217
SABRINA SATO
F
26/07/1992
(35) 98419-0286
GOL
KWQ-1183
18/12/19
17:05
059.20
1
COTIA, JUNDIAI, OSASCO, SAO JOSE DOS CAMPOS, SAO PAULO, SAO ROQUE, SOROCABA, TAUBATE

TRLJ171205
TATIANA MONTEIRO
F
11/07/1998
(40) 29199-6198
CIVIC
RLJ-8286
17/12/19
05:15
163.57
3
COTIA, LORENA, RIO DE JANEIRO, SAO JOSE DOS CAMPOS, SAO PAULO, SAO ROQUE, SOROCABA

TWIR240710
TATIANA MONTEIRO
F
07/11/1995
(43) 98742-6290
CIVIC
WIR-6237
24/07/19
10:16
096.90
4
SAO JOSE DOS CAMPOS, SAO PAULO, SAO ROQUE
**********************BUSCAR**********************
SKWQ181217
SABRINA SATO
F
26/07/1992
(35) 98419-0286
GOL
KWQ-1183
18/12/19
17:05
059.20
1
COTIA, JUNDIAI, OSASCO, SAO JOSE DOS CAMPOS, SAO PAULO, SAO ROQUE, SOROCABA, TAUBATE
**********************BUSCAR**********************
TWIR240710
TATIANA MONTEIRO
F
07/11/1995
(43) 98742-6290
CIVIC
WIR-6237
24/07/19
10:16
096.90
4
SAO JOSE DOS CAMPOS, SAO PAULO, SAO ROQUE
**********************BUSCAR**********************
Registro(s) nao encontrado!
**********************BUSCAR**********************
BMAW120107
BRUNA MARQUEZINE
M
13/02/1998
(69) 38564-2362
FIT
MAW-9161
12/01/19
07:11
064.39
2
LORENA, OSASCO, SAO ROQUE
**********************LISTAR**********************
AGGA040110
ALEXANDRE O MEDIO
F
24/07/1989
(43) 50359-6586
HB20
GGA-8073
04/01/19
10:54
119.03
3
RIO DE JANEIRO, SAO JOSE DOS CAMPOS

AHBB250708
ALEXANDRE O CHEGA NE
M
17/05/1995
(98) 93894-2614
COROLLA
HBB-5768
25/07/19
08:37
202.28
3
COTIA, SAO JOSE DOS CAMPOS

AJLS080317
ALEXANDRE O MIXURUCA
M
05/09/1999
(94) 32399-2355
FUSCA
JLS-2875
08/03/19
17:58
073.44
1
COTIA, RIO DE JANEIRO, SAO PAULO, SOROCABA

AKWU110113
ALEXANDRE O GRANDE
F
26/07/1997
(86) 82798-0289
ONIX
KWU-6640
11/01/19
13:05
175.98
3
COTIA, JUNDIAI, LORENA, OSASCO, SAO JOSE DOS CAMPOS

ANKG100220
ALEXANDRE O PEQUENO
M
20/06/1995
(63) 03640-5389
ONIX
NKG-6732
10/02/19
20:45
125.79
4
JUNDIAI, LORENA, OSASCO, RIO DE JANEIRO, SAO JOSE DOS CAMPOS, SAO PAULO

BIJD150701
BRUNA MARQUEZINE
F
08/07/1999
(70) 68381-5316
COROLLA
IJD-7181
15/07/19
01:48
081.21
4
LORENA, SAO PAULO, SAO ROQUE

BMAW120107
BRUNA MARQUEZINE
M
13/02/1998
(69) 38564-2362
FIT
MAW-9161
12/01/19
07:11
064.39
2
LORENA, OSASCO, SAO ROQUE

EMAP240712
EDUARDO COSTA
F
19/07/1999
(26) 68943-8932
UNO
MAP-2504
24/07/19
12:20
096.07
4
COTIA, JUNDIAI, LORENA, OSASCO, RIO DE JANEIRO, SAO JOSE DOS CAMPOS, SAO PAULO, SAO ROQUE, SOROCABA, TAUBATE

EQSX191001
EDUARDO COSTA
F
09/04/1991
(05) 74520-7019
UNO
QSX-9375
19/10/19
01:49
129.39
4
JUNDIAI, RIO DE JANEIRO

FGAO250603
FATIMA BERNARDES
F
14/05/1992
(76) 10333-9699
FIT
GAO-0535
25/06/19
03:16
227.17
4
COTIA, OSASCO, RIO DE JANEIRO

FMHD260316
FATIMA BERNARDES
M
12/03/1995
(87) 91455-6651
FIT
MHD-8319
26/03/19
16:43
024.55
2
JUNDIAI, RIO DE JANEIRO, SAO JOSE DOS CAMPOS, SAO ROQUE

GTJY201119
GABRIEL THE ANGEL
M
02/07/1998
(94) 03290-5224
CORSA
TJY-3348
20/11/19
19:40
203.24
3
COTIA, JUNDIAI, LORENA, OSASCO, SAO JOSE DOS CAMPOS, SAO PAULO, TAUBATE

GVWI100115
GABRIEL THE ANGEL
F
17/03/1992
(38) 78769-4166
ONIX
VWI-5031
10/01/19
15:29
241.33
1
COTIA, JUNDIAI, LORENA, RIO DE JANEIRO, SAO PAULO, SAO ROQUE, SOROCABA, TAUBATE

JMEK230200
JULIANA PAES
F
17/03/1993
(93) 81555-6733
CORSA
MEK-9792
23/02/19
00:15
212.78
2
COTIA, JUNDIAI, LORENA, OSASCO, RIO DE JANEIRO, SAO JOSE DOS CAMPOS, SAO PAULO, SAO ROQUE, SOROCABA

LDGM030917
LETICIA FERREIRA DOS SANTOS
M
27/06/1993
(62) 90198-9783
FUSCA
DGM-2898
03/09/19
17:53
147.99
3
COTIA, JUNDIAI

MGBZ080322
MATHEUS LIMA
F
12/11/1991
(60) 32900-3234
CELTA
GBZ-2557
08/03/19
22:49
022.53
4
COTIA, JUNDIAI, LORENA, OSASCO, SAO PAULO, SAO ROQUE, SOROCABA

RFWY181209
ROBERT DOWNEY JUNIOR F :(
M
01/02/1999
(26) 73985-2834
ONIX
FWY-3827
18/12/19
09:13
236.96
1
COTIA, JUNDIAI, LORENA, OSASCO, RIO DE JANEIRO, SAO PAULO, SAO ROQUE, SOROCABA, TAUBATE

SKWQ181217
SABRINA SATO
F
26/07/1992
(35) 98419-0286
GOL
KWQ-1183
18/12/19
17:05
059.20
1
COTIA, JUNDIAI, OSASCO, SAO JOSE DOS CAMPOS, SAO PAULO, SAO ROQUE, SOROCABA, TAUBATE

TRLJ171205
TATIANA MONTEIRO
F
11/07/1998
(40) 29199-6198
CIVIC
RLJ-8286
17/12/19
05:15
163.57
3
COTIA, LORENA, RIO DE JANEIRO, SAO JOSE DOS CAMPOS, SAO PAULO, SAO ROQUE, SOROCABA

TWIR240710
TATIANA MONTEIRO
F
07/11/1995
(43) 98742-6290
CIVIC
WIR-6237
24/07/19
10:16
096.90
4
SAO JOSE DOS CAMPOS, SAO PAULO, SAO ROQUE
**********************BUSCAR**********************
Registro(s) nao encontrado!
**********************LISTAR**********************
AHBB250708
ALEXANDRE O CHEGA NE
M
17/05/1995
(98) 93894-2614
COROLLA
HBB-5768
25/07/19
08:37
202.28
3
COTIA, SAO JOSE DOS CAMPOS

AKWU110113
ALEXANDRE O GRANDE
F
26/07/1997
(86) 82798-0289
ONIX
KWU-6640
11/01/19
13:05
175.98
3
COTIA, JUNDIAI, LORENA, OSASCO, SAO JOSE DOS CAMPOS

AGGA040110
ALEXANDRE O MEDIO
F
24/07/1989
(43) 50359-6586
HB20
GGA-8073
04/01/19
10:54
119.03
3
RIO DE JANEIRO, SAO JOSE DOS CAMPOS

AJLS080317
ALEXANDRE O MIXURUCA
M
05/09/1999
(94) 32399-2355
FUSCA
JLS-2875
08/03/19
17:58
073.44
1
COTIA, RIO DE JANEIRO, SAO PAULO, SOROCABA

ANKG100220
ALEXANDRE O PEQUENO
M
20/06/1995
(63) 03640-5389
ONIX
NKG-6732
10/02/19
20:45
125.79
4
JUNDIAI, LORENA, OSASCO, RIO DE JANEIRO, SAO JOSE DOS CAMPOS, SAO PAULO

BIJD150701
BRUNA MARQUEZINE
F
08/07/1999
(70) 68381-5316
COROLLA
IJD-7181
15/07/19
01:48
081.21
4
LORENA, SAO PAULO, SAO ROQUE

BMAW120107
BRUNA MARQUEZINE
M
13/02/1998
(69) 38564-2362
FIT
MAW-9161
12/01/19
07:11
064.39
2
LORENA, OSASCO, SAO ROQUE

EMAP240712
EDUARDO COSTA
F
19/07/1999
(26) 68943-8932
UNO
MAP-2504
24/07/19
12:20
096.07
4
COTIA, JUNDIAI, LORENA, OSASCO, RIO DE JANEIRO, SAO JOSE DOS CAMPOS, SAO PAULO, SAO ROQUE, SOROCABA, TAUBATE

EQSX191001
EDUARDO COSTA
F
09/04/1991
(05) 74520-7019
UNO
QSX-9375
19/10/19
01:49
129.39
4
JUNDIAI, RIO DE JANEIRO

FGAO250603
FATIMA BERNARDES
F
14/05/1992
(76) 10333-9699
FIT
GAO-0535
25/06/19
03:16
227.17
4
COTIA, OSASCO, RIO DE JANEIRO

FMHD260316
FATIMA BERNARDES
M
12/03/1995
(87) 91455-6651
FIT
MHD-8319
26/03/19
16:43
024.55
2
JUNDIAI, RIO DE JANEIRO, SAO JOSE DOS CAMPOS, SAO ROQUE

GTJY201119
GABRIEL THE ANGEL
M
02/07/1998
(94) 03290-5224
CORSA
TJY-3348
20/11/19
19:40
203.24
3
COTIA, JUNDIAI, LORENA, OSASCO, SAO JOSE DOS CAMPOS, SAO PAULO, TAUBATE

GVWI100115
GABRIEL THE ANGEL
F
17/03/1992
(38) 78769-4166
ONIX
VWI-5031
10/01/19
15:29
241.33
1
COTIA, JUNDIAI, LORENA, RIO DE JANEIRO, SAO PAULO, SAO ROQUE, SOROCABA, TAUBATE

JMEK230200
JULIANA PAES
F
17/03/1993
(93) 81555-6733
CORSA
MEK-9792
23/02/19
00:15
212.78
2
COTIA, JUNDIAI, LORENA, OSASCO, RIO DE JANEIRO, SAO JOSE DOS CAMPOS, SAO PAULO, SAO ROQUE, SOROCABA

LDGM030917
LETICIA FERREIRA DOS SANTOS
M
27/06/1993
(62) 90198-9783
FUSCA
DGM-2898
03/09/19
17:53
147.99
3
COTIA, JUNDIAI

MGBZ080322
MATHEUS LIMA
F
12/11/1991
(60) 32900-3234
CELTA
GBZ-2557
08/03/19
22:49
022.53
4
COTIA, JUNDIAI, LORENA, OSASCO, SAO PAULO, SAO ROQUE, SOROCABA

RFWY181209
ROBERT DOWNEY JUNIOR F :(
M
01/02/1999
(26) 73985-2834
ONIX
FWY-3827
18/12/19
09:13
236.96
1
COTIA, JUNDIAI, LORENA, OSASCO, RIO DE JANEIRO, SAO PAULO, SAO ROQUE, SOROCABA, TAUBATE

SKWQ181217
SABRINA SATO
F
26/07/1992
(35) 98419-0286
GOL
KWQ-1183
18/12/19
17:05
059.20
1
COTIA, JUNDIAI, OSASCO, SAO JOSE DOS CAMPOS, SAO PAULO, SAO ROQUE, SOROCABA, TAUBATE

TRLJ171205
TATIANA MONTEIRO
F
11/07/1998
(40) 29199-6198
CIVIC
RLJ-8286
17/12/19
05:15
163.57
3
COTIA, LORENA, RIO DE JANEIRO, SAO JOSE DOS CAMPOS, SAO PAULO, SAO ROQUE, SOROCABA

TWIR240710
TATIANA MONTEIRO
F
07/11/1995
(43) 98742-6290
CIVIC
WIR-6237
24/07/19
10:16
096.90
4
SAO JOSE DOS CAMPOS, SAO PAULO, SAO ROQUE
**********************LISTAR**********************
AGGA040110
ALEXANDRE O MEDIO
F
24/07/1989
(43) 50359-6586
HB20
GGA-8073
04/01/19
10:54
119.03
3
RIO DE JANEIRO, SAO JOSE DOS CAMPOS

AHBB250708
ALEXANDRE O CHEGA NE
M
17/05/1995
(98) 93894-2614
COROLLA
HBB-5768
25/07/19
08:37
202.28
3
COTIA, SAO JOSE DOS CAMPOS

AJLS080317
ALEXANDRE O MIXURUCA
M
05/09/1999
(94) 32399-2355
FUSCA
JLS-2875
08/03/19
17:58
073.44
1
COTIA, RIO DE JANEIRO, SAO PAULO, SOROCABA

AKWU110113
ALEXANDRE O GRANDE
F
26/07/1997
(86) 82798-0289
ONIX
KWU-6640
11/01/19
13:05
175.98
3
COTIA, JUNDIAI, LORENA, OSASCO, SAO JOSE DOS CAMPOS

ANKG100220
ALEXANDRE O PEQUENO
M
20/06/1995
(63) 03640-5389
ONIX
NKG-6732
10/02/19
20:45
125.79
4
JUNDIAI, LORENA, OSASCO, RIO DE JANEIRO, SAO JOSE DOS CAMPOS, SAO PAULO

BIJD150701
BRUNA MARQUEZINE
F
08/07/1999
(70) 68381-5316
COROLLA
IJD-7181
15/07/19
01:48
081.21
4
LORENA, SAO PAULO, SAO ROQUE

BMAW120107
BRUNA MARQUEZINE
M
13/02/1998
(69) 38564-2362
FIT
MAW-9161
12/01/19
07:11
064.39
2
LORENA, OSASCO, SAO ROQUE

EMAP240712
EDUARDO COSTA
F
19/07/1999
(26) 68943-8932
UNO
MAP-2504
24/07/19
12:20
096.07
4
COTIA, JUNDIAI, LORENA, OSASCO, RIO DE JANEIRO, SAO JOSE DOS CAMPOS, SAO PAULO, SAO ROQUE, SOROCABA, TAUBATE

EQSX191001
EDUARDO COSTA
F
09/04/1991
(05) 74520-7019
UNO
QSX-9375
19/10/19
01:49
129.39
4
JUNDIAI, RIO DE JANEIRO

FGAO250603
FATIMA BERNARDES
F
14/05/1992
(76) 10333-9699
FIT
GAO-0535
25/06/19
03:16
227.17
4
COTIA, OSASCO, RIO DE JANEIRO

FMHD260316
FATIMA BERNARDES
M
12/03/1995
(87) 91455-6651
FIT
MHD-8319
26/03/19
16:43
024.55
2
JUNDIAI, RIO DE JANEIRO, SAO JOSE DOS CAMPOS, SAO ROQUE

GTJY201119
GABRIEL THE ANGEL
M
02/07/1998
(94) 03290-5224
CORSA
TJY-3348
20/11/19
19:40
203.24
3
COTIA, JUNDIAI, LORENA, OSASCO, SAO JOSE DOS CAMPOS, SAO PAULO, TAUBATE

GVWI100115
GABRIEL THE ANGEL
F
17/03/1992
(38) 78769-4166
ONIX
VWI-5031
10/01/19
15:29
241.33
1
COTIA, JUNDIAI, LORENA, RIO DE JANEIRO, SAO PAULO, SAO ROQUE, SOROCABA, TAUBATE

JMEK230200
JULIANA PAES
F
17/03/1993
(93) 81555-6733
CORSA
MEK-9792
23/02/19
00:15
212.78
2
COTIA, JUNDIAI, LORENA, OSASCO, RIO DE JANEIRO, SAO JOSE DOS CAMPOS, SAO PAULO, SAO ROQUE, SOROCABA

LDGM030917
LETICIA FERREIRA DOS SANTOS
M
27/06/1993
(62) 90198-9783
FUSCA
DGM-2898
03/09/19
17:53
147.99
3
COTIA, JUNDIAI

MGBZ080322
MATHEUS LIMA
F
12/11/1991
(60) 32900-3234
CELTA
GBZ-2557
08/03/19
22:49
022.53
4
COTIA, JUNDIAI, LORENA, OSASCO, SAO PAULO, SAO ROQUE, SOROCABA

RFWY181209
ROBERT DOWNEY JUNIOR F :(
M
01/02/1999
(26) 73985-2834
ONIX
FWY-3827
18/12/19
09:13
236.96
1
COTIA, JUNDIAI, LORENA, OSASCO, RIO DE JANEIRO, SAO PAULO, SAO ROQUE, SOROCABA, TAUBATE

SKWQ181217
SABRINA SATO
F
26/07/1992
(35) 98419-0286
GOL
KWQ-1183
18/12/19
17:05
059.20
1
COTIA, JUNDIAI, OSASCO, SAO JOSE DOS CAMPOS, SAO PAULO, SAO ROQUE, SOROCABA, TAUBATE

TRLJ171205
TATIANA MONTEIRO
F
11/07/1998
(40) 29199-6198
CIVIC
RLJ-8286
17/12/19
05:15
163.57
3
COTIA, LORENA, RIO DE JANEIRO, SAO JOSE DOS CAMPOS, SAO PAULO, SAO ROQUE, SOROCABA

TWIR240710
TATIANA MONTEIRO
F
07/11/1995
(43) 98742-6290
CIVIC
WIR-6237
24/07/19
10:16
096.90
4
SAO JOSE DOS CAMPOS, SAO PAULO, SAO ROQUE
*****************ARQUIVO SECUNDARIO****************
AGGA040110 04/01/19
GVWI100115 10/01/19
AKWU110113 11/01/19
BMAW120107 12/01/19
ANKG100220 10/02/19
JMEK230200 23/02/19
AJLS080317 08/03/19
MGBZ080322 08/03/19
FMHD260316 26/03/19
FGAO250603 25/06/19
BIJD150701 15/07/19
EMAP240712 24/07/19
TWIR240710 24/07/19
AHBB250708 25/07/19
LDGM030917 03/09/19
EQSX191001 19/10/19
GTJY201119 20/11/19
TRLJ171205 17/12/19
RFWY181209 18/12/19
SKWQ181217 18/12/19
*****************ARQUIVO SECUNDARIO****************
JMEK230200 00:15
BIJD150701 01:48
EQSX191001 01:49
FGAO250603 03:16
TRLJ171205 05:15
BMAW120107 07:11
AHBB250708 08:37
RFWY181209 09:13
TWIR240710 10:16
AGGA040110 10:54
EMAP240712 12:20
AKWU110113 13:05
GVWI100115 15:29
FMHD260316 16:43
SKWQ181217 17:05
LDGM030917 17:53
AJLS080317 17:58
GTJY201119 19:40
ANKG100220 20:45
LXJZ090922 22:14
MGBZ080322 22:49
**********************LISTAR**********************
AGGA040110
ALEXANDRE O MEDIO
F
24/07/1989
(43) 50359-6586
HB20
GGA-8073
04/01/19
10:54
119.03
3
RIO DE JANEIRO, SAO JOSE DOS CAMPOS

AHBB250708
ALEXANDRE O CHEGA NE
M
17/05/1995
(98) 93894-2614
COROLLA
HBB-5768
25/07/19
08:37
202.28
3
COTIA, SAO JOSE DOS CAMPOS

AJLS080317
ALEXANDRE O MIXURUCA
M
05/09/1999
(94) 32399-2355
FUSCA
JLS-2875
08/03/19
17:58
073.44
1
COTIA, RIO DE JANEIRO, SAO PAULO, SOROCABA

AKWU110113
ALEXANDRE O GRANDE
F
26/07/1997
(86) 82798-0289
ONIX
KWU-6640
11/01/19
13:05
175.98
3
COTIA, JUNDIAI, LORENA, OSASCO, SAO JOSE DOS CAMPOS

ANKG100220
ALEXANDRE O PEQUENO
M
20/06/1995
(63) 03640-5389
ONIX
NKG-6732
10/02/19
20:45
125.79
4
JUNDIAI, LORENA, OSASCO, RIO DE JANEIRO, SAO JOSE DOS CAMPOS, SAO PAULO

BIJD150701
BRUNA MARQUEZINE
F
08/07/1999
(70) 68381-5316
COROLLA
IJD-7181
15/07/19
01:48
081.21
4
LORENA, SAO PAULO, SAO ROQUE

BMAW120107
BRUNA MARQUEZINE
M
13/02/1998
(69) 38564-2362
FIT
MAW-9161
12/01/19
07:11
064.39
2
LORENA, OSASCO, SAO ROQUE

EMAP240712
EDUARDO COSTA
F
19/07/1999
(26) 68943-8932
UNO
MAP-2504
24/07/19
12:20
096.07
4
COTIA, JUNDIAI, LORENA, OSASCO, RIO DE JANEIRO, SAO JOSE DOS CAMPOS, SAO PAULO, SAO ROQUE, SOROCABA, TAUBATE

EQSX191001
EDUARDO COSTA
F
09/04/1991
(05) 74520-7019
UNO
QSX-9375
19/10/19
01:49
129.39
4
JUNDIAI, RIO DE JANEIRO

FGAO250603
FATIMA BERNARDES
F
14/05/1992
(76) 10333-9699
FIT
GAO-0535
25/06/19
03:16
227.17
4
COTIA, OSASCO, RIO DE JANEIRO

FMHD260316
FATIMA BERNARDES
M
12/03/1995
(87) 91455-6651
FIT
MHD-8319
26/03/19
16:43
024.55
2
JUNDIAI, RIO DE JANEIRO, SAO JOSE DOS CAMPOS, SAO ROQUE

GTJY201119
GABRIEL THE ANGEL
M
02/07/1998
(94) 03290-5224
CORSA
TJY-3348
20/11/19
19:40
203.24
3
COTIA, JUNDIAI, LORENA, OSASCO, SAO JOSE DOS CAMPOS, SAO PAULO, TAUBATE

GVWI100115
GABRIEL THE ANGEL
F
17/03/1992
(38) 78769-4166
ONIX
VWI-5031
10/01/19
15:29
241.33
1
COTIA, JUNDIAI, LORENA, RIO DE JANEIRO, SAO PAULO, SAO ROQUE, SOROCABA, TAUBATE

JMEK230200
JULIANA PAES
F
17/03/1993
(93) 81555-6733
CORSA
MEK-9792
23/02/19
00:15
212.78
2
COTIA, JUNDIAI, LORENA, OSASCO, RIO DE JANEIRO, SAO JOSE DOS CAMPOS, SAO PAULO, SAO ROQUE, SOROCABA

LDGM030917
LETICIA FERREIRA DOS SANTOS
M
27/06/1993
(62) 90198-9783
FUSCA
DGM-2898
03/09/19
17:53
147.99
3
COTIA, JUNDIAI

LXJZ090922
LETICIA BASTOS
F
19/07/1996
(27) 33063-3561
COROLLA
XJZ-7413
09/09/19
22:14
194.41
3
COTIA, LORENA, OSASCO, RIO DE JANEIRO, SAO JOSE DOS CAMPOS, SAO PAULO, SAO ROQUE, SOROCABA

MGBZ080322
MATHEUS LIMA
F
12/11/1991
(60) 32900-3234
CELTA
GBZ-2557
08/03/19
22:49
022.53
4
COTIA, JUNDIAI, LORENA, OSASCO, SAO PAULO, SAO ROQUE, SOROCABA

RFWY181209
ROBERT DOWNEY JUNIOR F :(
M
01/02/1999
(26) 73985-2834
ONIX
FWY-3827
18/12/19
09:13
236.96
1
COTIA, JUNDIAI, LORENA, OSASCO, RIO DE JANEIRO, SAO PAULO, SAO ROQUE, SOROCABA, TAUBATE

SKWQ181217
SABRINA SATO
F
26/07/1992
(35) 98419-0286
GOL
KWQ-1183
18/12/19
17:05
059.20
1
COTIA, JUNDIAI, OSASCO, SAO JOSE DOS CAMPOS, SAO PAULO, SAO ROQUE, SOROCABA, TAUBATE

TRLJ171205
TATIANA MONTEIRO
F
11/07/1998
(40) 29199-6198
CIVIC
RLJ-8286
17/12/19
05:15
163.57
3
COTIA, LORENA, RIO DE JANEIRO, SAO JOSE DOS CAMPOS, SAO PAULO, SAO ROQUE, SOROCABA

TWIR240710
TATIANA MONTEIRO
F
07/11/1995
(43) 98742-6290
CIVIC
WIR-6237
24/07/19
10:16
096.90
4
SAO JOSE DOS CAMPOS, SAO PAULO, SAO ROQUE
**********************ARQUIVO*********************
LETICIA FERREIRA DOS SANTOS@M@27/06/1993@(62) 90198-9783@FUSCA@DGM-2898@COTIA|JUNDIAI@03/09/19@17:53@147.99@3@##################################################################################################################################################BRUNA MARQUEZINE@M@13/02/1998@(69) 38564-2362@FIT@MAW-9161@LORENA|OSASCO|SAO ROQUE@12/01/19@07:11@064.39@2@#####################################################################################################################################################ROBERT DOWNEY JUNIOR F :(@M@01/02/1999@(26) 73985-2834@ONIX@FWY-3827@COTIA|JUNDIAI|LORENA|OSASCO|RIO DE JANEIRO|SAO PAULO|SAO ROQUE|SOROCABA|TAUBATE@18/12/19@09:13@236.96@1@###################################################################################ALEXANDRE O CHEGA NE@M@17/05/1995@(98) 93894-2614@COROLLA@HBB-5768@COTIA|SAO JOSE DOS CAMPOS@25/07/19@08:37@202.28@3@###########################################################################################################################################TATIANA MONTEIRO@F@11/07/1998@(40) 29199-6198@CIVIC@RLJ-8286@COTIA|LORENA|RIO DE JANEIRO|SAO JOSE DOS CAMPOS|SAO PAULO|SAO ROQUE|SOROCABA@17/12/19@05:15@163.57@3@##############################################################################################ALEXANDRE O PEQUENO@M@20/06/1995@(63) 03640-5389@ONIX@NKG-6732@JUNDIAI|LORENA|OSASCO|RIO DE JANEIRO|SAO JOSE DOS CAMPOS|SAO PAULO@10/02/19@20:45@125.79@4@######################################################################################################TATIANA MONTEIRO@F@07/11/1995@(43) 98742-6290@CIVIC@WIR-6237@SAO JOSE DOS CAMPOS|SAO PAULO|SAO ROQUE@24/07/19@10:16@096.90@4@###################################################################################################################################ALEXANDRE O GRANDE@F@26/07/1997@(86) 82798-0289@ONIX@KWU-6640@COTIA|JUNDIAI|LORENA|OSASCO|SAO JOSE DOS CAMPOS@11/01/19@13:05@175.98@3@##########################################################################################################################EDUARDO COSTA@F@09/04/1991@(05) 74520-7019@UNO@QSX-9375@JUNDIAI|RIO DE JANEIRO@19/10/19@01:49@129.39@4@#########################################################################################################################################################GABRIEL THE ANGEL@M@02/07/1998@(94) 03290-5224@CORSA@TJY-3348@COTIA|JUNDIAI|LORENA|OSASCO|SAO JOSE DOS CAMPOS|SAO PAULO|TAUBATE@20/11/19@19:40@203.24@3@########################################################################################################MATHEUS LIMA@F@12/11/1991@(60) 32900-3234@CELTA@GBZ-2557@COTIA|JUNDIAI|LORENA|OSASCO|SAO PAULO|SAO ROQUE|SOROCABA@08/03/19@22:49@022.53@4@######################################################################################################################JULIANA PAES@F@17/03/1993@(93) 81555-6733@CORSA@MEK-9792@COTIA|JUNDIAI|LORENA|OSASCO|RIO DE JANEIRO|SAO JOSE DOS CAMPOS|SAO PAULO|SAO ROQUE|SOROCABA@23/02/19@00:15@212.78@2@###################################################################################SABRINA SATO@F@26/07/1992@(35) 98419-0286@GOL@KWQ-1183@COTIA|JUNDIAI|OSASCO|SAO JOSE DOS CAMPOS|SAO PAULO|SAO ROQUE|SOROCABA|TAUBATE@18/12/19@17:05@059.20@1@###################################################################################################FATIMA BERNARDES@M@12/03/1995@(87) 91455-6651@FIT@MHD-8319@JUNDIAI|RIO DE JANEIRO|SAO JOSE DOS CAMPOS|SAO ROQUE@26/03/19@16:43@024.55@2@########################################################################################################################BRUNA MARQUEZINE@F@08/07/1999@(70) 68381-5316@COROLLA@IJD-7181@LORENA|SAO PAULO|SAO ROQUE@15/07/19@01:48@081.21@4@##############################################################################################################################################ALEXANDRE O MEDIO@F@24/07/1989@(43) 50359-6586@HB20@GGA-8073@RIO DE JANEIRO|SAO JOSE DOS CAMPOS@04/01/19@10:54@119.03@3@########################################################################################################################################EDUARDO COSTA@F@19/07/1999@(26) 68943-8932@UNO@MAP-2504@COTIA|JUNDIAI|LORENA|OSASCO|RIO DE JANEIRO|SAO JOSE DOS CAMPOS|SAO PAULO|SAO ROQUE|SOROCABA|TAUBATE@24/07/19@12:20@096.07@4@############################################################################FATIMA BERNARDES@F@14/05/1992@(76) 10333-9699@FIT@GAO-0535@COTIA|OSASCO|RIO DE JANEIRO@25/06/19@03:16@227.17@4@#################################################################################################################################################GABRIEL THE ANGEL@F@17/03/1992@(38) 78769-4166@ONIX@VWI-5031@COTIA|JUNDIAI|LORENA|RIO DE JANEIRO|SAO PAULO|SAO ROQUE|SOROCABA|TAUBATE@10/01/19@15:29@241.33@1@##################################################################################################ALEXANDRE O MIXURUCA@M@05/09/1999@(94) 32399-2355@FUSCA@JLS-2875@COTIA|RIO DE JANEIRO|SAO PAULO|SOROCABA@08/03/19@17:58@073.44@1@###############################################################################################################################LETICIA BASTOS@F@19/07/1996@(27) 33063-3561@COROLLA@XJZ-7413@COTIA|LORENA|OSASCO|RIO DE JANEIRO|SAO JOSE DOS CAMPOS|SAO PAULO|SAO ROQUE|SOROCABA@09/09/19@22:14@194.41@3@#######################################################################################
