*****************ARQUIVO SECUNDARIO****************
JMEK230200 00:15
BIJD150701 01:48
EQSX191001 01:49
TRLJ171205 05:15
BMAW120107 07:11
AHBB250708 08:37
RFWY181209 09:13
TWIR240710 10:16
AKWU110113 13:05
FMHD260316 16:43
SKWQ181217 17:05
LDGM030917 17:53
GTJY201119 19:40
ANKG100220 20:45
MGBZ080322 22:49
*****************ARQUIVO SECUNDARIO****************
COTIA AHBB250708 AKWU110113 GTJY201119 JMEK230200 LDGM030917 MGBZ080322 RFWY181209 SKWQ181217 TRLJ171205
JUNDIAI AKWU110113 ANKG100220 EQSX191001 FMHD260316 GTJY201119 JMEK230200 LDGM030917 MGBZ080322 RFWY181209 SKWQ181217
LORENA AKWU110113 ANKG100220 BIJD150701 BMAW120107 GTJY201119 JMEK230200 MGBZ080322 RFWY181209 TRLJ171205
OSASCO AKWU110113 ANKG100220 BMAW120107 GTJY201119 JMEK230200 MGBZ080322 RFWY181209 SKWQ181217
RIO DE JANEIRO ANKG100220 EQSX191001 FMHD260316 JMEK230200 RFWY181209 TRLJ171205
SAO JOSE DOS CAMPOS AHBB250708 AKWU110113 ANKG100220 FMHD260316 GTJY201119 JMEK230200 SKWQ181217 TRLJ171205 TWIR240710
SAO PAULO ANKG100220 BIJD150701 GTJY201119 JMEK230200 MGBZ080322 RFWY181209 SKWQ181217 TRLJ171205 TWIR240710
SAO ROQUE BIJD150701 BMAW120107 FMHD260316 JMEK230200 MGBZ080322 RFWY181209 SKWQ181217 TRLJ171205 TWIR240710
SOROCABA JMEK230200 MGBZ080322 RFWY181209 SKWQ181217 TRLJ171205
TAUBATE GTJY201119 RFWY181209 SKWQ181217
**********************LISTAR**********************
AKWU110113
ALEXANDRE O GRANDE
F
26/07/1997
(86) 82798-0289
ONIX
KWU-6640
11/01/19
13:05
175.98
3
COTIA, JUNDIAI, LORENA, OSASCO, SAO JOSE DOS CAMPOS

BMAW120107
BRUNA MARQUEZINE
M
13/02/1998
(69) 38564-2362
FIT
MAW-9161
12/01/19
07:11
064.39
2
LORENA, OSASCO, SAO ROQUE

ANKG100220
ALEXANDRE O PEQUENO
M
20/06/1995
(63) 03640-5389
ONIX
NKG-6732
10/02/19
20:45
125.79
4
JUNDIAI, LORENA, OSASCO, RIO DE JANEIRO, SAO JOSE DOS CAMPOS, SAO PAULO

JMEK230200
JULIANA PAES
F
17/03/1993
(93) 81555-6733
CORSA
MEK-9792
23/02/19
00:15
212.78
2
COTIA, JUNDIAI, LORENA, OSASCO, RIO DE JANEIRO, SAO JOSE DOS CAMPOS, SAO PAULO, SAO ROQUE, SOROCABA

MGBZ080322
MATHEUS LIMA
F
12/11/1991
(60) 32900-3234
CELTA
GBZ-2557
08/03/19
22:49
022.53
4
COTIA, JUNDIAI, LORENA, OSASCO, SAO PAULO, SAO ROQUE, SOROCABA

FMHD260316
FATIMA BERNARDES
M
12/03/1995
(87) 91455-6651
FIT
MHD-8319
26/03/19
16:43
024.55
2
JUNDIAI, RIO DE JANEIRO, SAO JOSE DOS CAMPOS, SAO ROQUE

BIJD150701
BRUNA MARQUEZINE
F
08/07/1999
(70) 68381-5316
COROLLA
IJD-7181
15/07/19
01:48
081.21
4
LORENA, SAO PAULO, SAO ROQUE

TWIR240710
TATIANA MONTEIRO
F
07/11/1995
(43) 98742-6290
CIVIC
WIR-6237
24/07/19
10:16
096.90
4
SAO JOSE DOS CAMPOS, SAO PAULO, SAO ROQUE

AHBB250708
ALEXANDRE O CHEGA NE
M
17/05/1995
(98) 93894-2614
COROLLA
HBB-5768
25/07/19
08:37
202.28
3
COTIA, SAO JOSE DOS CAMPOS

LDGM030917
LETICIA FERREIRA DOS SANTOS
M
27/06/1993
(62) 90198-9783
FUSCA
DGM-2898
03/09/19
17:53
147.99
3
COTIA, JUNDIAI

EQSX191001
EDUARDO COSTA
F
09/04/1991
(05) 74520-7019
UNO
QSX-9375
19/10/19
01:49
129.39
4
JUNDIAI, RIO DE JANEIRO

GTJY201119
GABRIEL THE ANGEL
M
02/07/1998
(94) 03290-5224
CORSA
TJY-3348
20/11/19
19:40
203.24
3
COTIA, JUNDIAI, LORENA, OSASCO, SAO JOSE DOS CAMPOS, SAO PAULO, TAUBATE

TRLJ171205
TATIANA MONTEIRO
F
11/07/1998
(40) 29199-6198
CIVIC
RLJ-8286
17/12/19
05:15
163.57
3
COTIA, LORENA, RIO DE JANEIRO, SAO JOSE DOS CAMPOS, SAO PAULO, SAO ROQUE, SOROCABA

RFWY181209
ROBERT DOWNEY JUNIOR F :(
M
01/02/1999
(26) 73985-2834
ONIX
FWY-3827
18/12/19
09:13
236.96
1
COTIA, JUNDIAI, LORENA, OSASCO, RIO DE JANEIRO, SAO PAULO, SAO ROQUE, SOROCABA, TAUBATE

SKWQ181217
SABRINA SATO
F
26/07/1992
(35) 98419-0286
GOL
KWQ-1183
18/12/19
17:05
059.20
1
COTIA, JUNDIAI, OSASCO, SAO JOSE DOS CAMPOS, SAO PAULO, SAO ROQUE, SOROCABA, TAUBATE
**********************BUSCAR**********************
MGBZ080322
MATHEUS LIMA
F
12/11/1991
(60) 32900-3234
CELTA
GBZ-2557
08/03/19
22:49
022.53
4
COTIA, JUNDIAI, LORENA, OSASCO, SAO PAULO, SAO ROQUE, SOROCABA
**********************BUSCAR**********************
Registro(s) nao encontrado!
**********************ARQUIVO*********************
LETICIA FERREIRA DOS SANTOS@M@27/06/1993@(62) 90198-9783@FUSCA@DGM-2898@COTIA|JUNDIAI@03/09/19@17:53@147.99@3@##################################################################################################################################################BRUNA MARQUEZINE@M@13/02/1998@(69) 38564-2362@FIT@MAW-9161@LORENA|OSASCO|SAO ROQUE@12/01/19@07:11@064.39@2@#####################################################################################################################################################ROBERT DOWNEY JUNIOR F :(@M@01/02/1999@(26) 73985-2834@ONIX@FWY-3827@COTIA|JUNDIAI|LORENA|OSASCO|RIO DE JANEIRO|SAO PAULO|SAO ROQUE|SOROCABA|TAUBATE@18/12/19@09:13@236.96@1@###################################################################################ALEXANDRE O CHEGA NE@M@17/05/1995@(98) 93894-2614@COROLLA@HBB-5768@COTIA|SAO JOSE DOS CAMPOS@25/07/19@08:37@202.28@3@###########################################################################################################################################TATIANA MONTEIRO@F@11/07/1998@(40) 29199-6198@CIVIC@RLJ-8286@COTIA|LORENA|RIO DE JANEIRO|SAO JOSE DOS CAMPOS|SAO PAULO|SAO ROQUE|SOROCABA@17/12/19@05:15@163.57@3@##############################################################################################ALEXANDRE O PEQUENO@M@20/06/1995@(63) 03640-5389@ONIX@NKG-6732@JUNDIAI|LORENA|OSASCO|RIO DE JANEIRO|SAO JOSE DOS CAMPOS|SAO PAULO@10/02/19@20:45@125.79@4@######################################################################################################TATIANA MONTEIRO@F@07/11/1995@(43) 98742-6290@CIVIC@WIR-6237@SAO JOSE DOS CAMPOS|SAO PAULO|SAO ROQUE@24/07/19@10:16@096.90@4@###################################################################################################################################ALEXANDRE O GRANDE@F@26/07/1997@(86) 82798-0289@ONIX@KWU-6640@COTIA|JUNDIAI|LORENA|OSASCO|SAO JOSE DOS CAMPOS@11/01/19@13:05@175.98@3@##########################################################################################################################EDUARDO COSTA@F@09/04/1991@(05) 74520-7019@UNO@QSX-9375@JUNDIAI|RIO DE JANEIRO@19/10/19@01:49@129.39@4@#########################################################################################################################################################GABRIEL THE ANGEL@M@02/07/1998@(94) 03290-5224@CORSA@TJY-3348@COTIA|JUNDIAI|LORENA|OSASCO|SAO JOSE DOS CAMPOS|SAO PAULO|TAUBATE@20/11/19@19:40@203.24@3@########################################################################################################MATHEUS LIMA@F@12/11/1991@(60) 32900-3234@CELTA@GBZ-2557@COTIA|JUNDIAI|LORENA|OSASCO|SAO PAULO|SAO ROQUE|SOROCABA@08/03/19@22:49@022.53@4@######################################################################################################################JULIANA PAES@F@17/03/1993@(93) 81555-6733@CORSA@MEK-9792@COTIA|JUNDIAI|LORENA|OSASCO|RIO DE JANEIRO|SAO JOSE DOS CAMPOS|SAO PAULO|SAO ROQUE|SOROCABA@23/02/19@00:15@212.78@2@###################################################################################SABRINA SATO@F@26/07/1992@(35) 98419-0286@GOL@KWQ-1183@COTIA|JUNDIAI|OSASCO|SAO JOSE DOS CAMPOS|SAO PAULO|SAO ROQUE|SOROCABA|TAUBATE@18/12/19@17:05@059.20@1@###################################################################################################FATIMA BERNARDES@M@12/03/1995@(87) 91455-6651@FIT@MHD-8319@JUNDIAI|RIO DE JANEIRO|SAO JOSE DOS CAMPOS|SAO ROQUE@26/03/19@16:43@024.55@2@########################################################################################################################BRUNA MARQUEZINE@F@08/07/1999@(70) 68381-5316@COROLLA@IJD-7181@LORENA|SAO PAULO|SAO ROQUE@15/07/19@01:48@081.21@4@##############################################################################################################################################MATHEUS AUGUSTO@M@27/12/1997@(29) 24753-6170@CELTA@BFZ-2792@OSASCO|SAO JOSE DOS CAMPOS|SAO ROQUE@19/10/19@17:23@025.74@1@#######################################################################################################################################MATHEUS AUGUSTO@F@01/01/1997@(16) 15858-9457@CORSA@VEI-6817@COTIA|JUNDIAI|OSASCO|RIO DE JANEIRO|SAO JOSE DOS CAMPOS|SAO ROQUE|SOROCABA|TAUBATE@16/03/19@03:07@171.33@4@#########################################################################################
**********************LISTAR**********************
AHBB250708
ALEXANDRE O CHEGA NE
M
17/05/1995
(98) 93894-2614
COROLLA
HBB-5768
25/07/19
08:37
202.28
3
COTIA, SAO JOSE DOS CAMPOS

AKWU110113
ALEXANDRE O GRANDE
F
26/07/1997
(86) 82798-0289
ONIX
KWU-6640
11/01/19
13:05
175.98
3
COTIA, JUNDIAI, LORENA, OSASCO, SAO JOSE DOS CAMPOS

ANKG100220
ALEXANDRE O PEQUENO
M
20/06/1995
(63) 03640-5389
ONIX
NKG-6732
10/02/19
20:45
125.79
4
JUNDIAI, LORENA, OSASCO, RIO DE JANEIRO, SAO JOSE DOS CAMPOS, SAO PAULO

BIJD150701
BRUNA MARQUEZINE
F
08/07/1999
(70) 68381-5316
COROLLA
IJD-7181
15/07/19
01:48
081.21
4
LORENA, SAO PAULO, SAO ROQUE

BMAW120107
BRUNA MARQUEZINE
M
13/02/1998
(69) 38564-2362
FIT
MAW-9161
12/01/19
07:11
064.39
2
LORENA, OSASCO, SAO ROQUE

EQSX191001
EDUARDO COSTA
F
09/04/1991
(05) 74520-7019
UNO
QSX-9375
19/10/19
01:49
129.39
4
JUNDIAI, RIO DE JANEIRO

FMHD260316
FATIMA BERNARDES
M
12/03/1995
(87) 91455-6651
FIT
MHD-8319
26/03/19
16:43
024.55
2
JUNDIAI, RIO DE JANEIRO, SAO JOSE DOS CAMPOS, SAO ROQUE

GTJY201119
GABRIEL THE ANGEL
M
02/07/1998
(94) 03290-5224
CORSA
TJY-3348
20/11/19
19:40
203.24
3
COTIA, JUNDIAI, LORENA, OSASCO, SAO JOSE DOS CAMPOS, SAO PAULO, TAUBATE

JMEK230200
JULIANA PAES
F
17/03/1993
(93) 81555-6733
CORSA
MEK-9792
23/02/19
00:15
212.78
2
COTIA, JUNDIAI, LORENA, OSASCO, RIO DE JANEIRO, SAO JOSE DOS CAMPOS, SAO PAULO, SAO ROQUE, SOROCABA

LDGM030917
LETICIA FERREIRA DOS SANTOS
M
27/06/1993
(62) 90198-9783
FUSCA
DGM-2898
03/09/19
17:53
147.99
3
COTIA, JUNDIAI

MBFZ191017
MATHEUS AUGUSTO
M
27/12/1997
(29) 24753-6170
CELTA
BFZ-2792
19/10/19
17:23
025.74
1
OSASCO, SAO JOSE DOS CAMPOS, SAO ROQUE

MVEI160303
MATHEUS AUGUSTO
F
01/01/1997
(16) 15858-9457
CORSA
VEI-6817
16/03/19
03:07
171.33
4
COTIA, JUNDIAI, OSASCO, RIO DE JANEIRO, SAO JOSE DOS CAMPOS, SAO ROQUE, SOROCABA, TAUBATE

MGBZ080322
MATHEUS LIMA
F
12/11/1991
(60) 32900-3234
CELTA
GBZ-2557
08/03/19
22:49
022.53
4
COTIA, JUNDIAI, LORENA, OSASCO, SAO PAULO, SAO ROQUE, SOROCABA

RFWY181209
ROBERT DOWNEY JUNIOR F :(
M
01/02/1999
(26) 73985-2834
ONIX
FWY-3827
18/12/19
09:13
236.96
1
COTIA, JUNDIAI, LORENA, OSASCO, RIO DE JANEIRO, SAO PAULO, SAO ROQUE, SOROCABA, TAUBATE

SKWQ181217
SABRINA SATO
F
26/07/1992
(35) 98419-0286
GOL
KWQ-1183
18/12/19
17:05
059.20
1
COTIA, JUNDIAI, OSASCO, SAO JOSE DOS CAMPOS, SAO PAULO, SAO ROQUE, SOROCABA, TAUBATE

TRLJ171205
TATIANA MONTEIRO
F
11/07/1998
(40) 29199-6198
CIVIC
RLJ-8286
17/12/19
05:15
163.57
3
COTIA, LORENA, RIO DE JANEIRO, SAO JOSE DOS CAMPOS, SAO PAULO, SAO ROQUE, SOROCABA

TWIR240710
TATIANA MONTEIRO
F
07/11/1995
(43) 98742-6290
CIVIC
WIR-6237
24/07/19
10:16
096.90
4
SAO JOSE DOS CAMPOS, SAO PAULO, SAO ROQUE
*****************ARQUIVO SECUNDARIO****************
AHBB250708 ALEXANDRE O CHEGA NE
AKWU110113 ALEXANDRE O GRANDE
AAGG220416 ALEXANDRE O PEQUENO
ANKG100220 ALEXANDRE O PEQUENO
BIJD150701 BRUNA MARQUEZINE
BMAW120107 BRUNA MARQUEZINE
EQSX191001 EDUARDO COSTA
FMHD260316 FATIMA BERNARDES
GTJY201119 GABRIEL THE ANGEL
JMEK230200 JULIANA PAES
LDGM030917 LETICIA FERREIRA DOS SANTOS
MBFZ191017 MATHEUS AUGUSTO
MVEI160303 MATHEUS AUGUSTO
MGBZ080322 MATHEUS LIMA
RFWY181209 ROBERT DOWNEY JUNIOR F :(
RCRW170811 ROBERT NORMAL
SKWQ181217 SABRINA SATO
SLGX030608 SABRINA SATO
TRLJ171205 TATIANA MONTEIRO
TWIR240710 TATIANA MONTEIRO
*****************ARQUIVO SECUNDARIO****************
COTIA AAGG220416 AHBB250708 AKWU110113 GTJY201119 JMEK230200 JZOP060323 LDGM030917 MGBZ080322 MVEI160303 RCRW170811 RFWY181209 SKWQ181217 TRLJ171205
JUNDIAI AKWU110113 ANKG100220 EQSX191001 FMHD260316 GTJY201119 JMEK230200 LDGM030917 MGBZ080322 MVEI160303 RCRW170811 RFWY181209 SKWQ181217
LORENA AAGG220416 AKWU110113 ANKG100220 BIJD150701 BMAW120107 GTJY201119 JMEK230200 JZOP060323 MGBZ080322 RFWY181209 TRLJ171205
OSASCO AKWU110113 ANKG100220 BMAW120107 GTJY201119 JMEK230200 JZOP060323 MBFZ191017 MGBZ080322 MVEI160303 RCRW170811 RFWY181209 SKWQ181217
RIO DE JANEIRO AAGG220416 ANKG100220 EQSX191001 FMHD260316 JMEK230200 MVEI160303 RFWY181209 TRLJ171205
SAO JOSE DOS CAMPOS AAGG220416 AHBB250708 AKWU110113 ANKG100220 FMHD260316 GTJY201119 JMEK230200 JZOP060323 MBFZ191017 MVEI160303 SKWQ181217 TRLJ171205 TWIR240710
SAO PAULO AAGG220416 ANKG100220 BIJD150701 GTJY201119 JMEK230200 MGBZ080322 RCRW170811 RFWY181209 SKWQ181217 TRLJ171205 TWIR240710
SAO ROQUE BIJD150701 BMAW120107 FMHD260316 JMEK230200 MBFZ191017 MGBZ080322 MVEI160303 RCRW170811 RFWY181209 SKWQ181217 SLGX030608 TRLJ171205 TWIR240710
SOROCABA JMEK230200 MGBZ080322 MVEI160303 RCRW170811 RFWY181209 SKWQ181217 TRLJ171205
TAUBATE GTJY201119 MVEI160303 RFWY181209 SKWQ181217 SLGX030608
**********************LISTAR**********************
AHBB250708
ALEXANDRE O CHEGA NE
M
17/05/1995
(98) 93894-2614
COROLLA
HBB-5768
25/07/19
08:37
202.28
3
COTIA, SAO JOSE DOS CAMPOS

AKWU110113
ALEXANDRE O GRANDE
F
26/07/1997
(86) 82798-0289
ONIX
KWU-6640
11/01/19
13:05
175.98
3
COTIA, JUNDIAI, LORENA, OSASCO, SAO JOSE DOS CAMPOS

AAGG220416
ALEXANDRE O PEQUENO
M
18/09/1995
(57) 70048-6680
CELTA
AGG-9009
22/04/19
16:26
070.75
4
COTIA, LORENA, RIO DE JANEIRO, SAO JOSE DOS CAMPOS, SAO PAULO

ANKG100220
ALEXANDRE O PEQUENO
M
20/06/1995
(63) 03640-5389
ONIX
NKG-6732
10/02/19
20:45
125.79
4
JUNDIAI, LORENA, OSASCO, RIO DE JANEIRO, SAO JOSE DOS CAMPOS, SAO PAULO

BIJD150701
BRUNA MARQUEZINE
F
08/07/1999
(70) 68381-5316
COROLLA
IJD-7181
15/07/19
01:48
081.21
4
LORENA, SAO PAULO, SAO ROQUE

BMAW120107
BRUNA MARQUEZINE
M
13/02/1998
(69) 38564-2362
FIT
MAW-9161
12/01/19
07:11
064.39
2
LORENA, OSASCO, SAO ROQUE

EQSX191001
EDUARDO COSTA
F
09/04/1991
(05) 74520-7019
UNO
QSX-9375
19/10/19
01:49
129.39
4
JUNDIAI, RIO DE JANEIRO

FMHD260316
FATIMA BERNARDES
M
12/03/1995
(87) 91455-6651
FIT
MHD-8319
26/03/19
16:43
024.55
2
JUNDIAI, RIO DE JANEIRO, SAO JOSE DOS CAMPOS, SAO ROQUE

GTJY201119
GABRIEL THE ANGEL
M
02/07/1998
(94) 03290-5224
CORSA
TJY-3348
20/11/19
19:40
203.24
3
COTIA, JUNDIAI, LORENA, OSASCO, SAO JOSE DOS CAMPOS, SAO PAULO, TAUBATE

JZOP060323
JULIANA MENDES
M
21/08/1995
(05) 54360-9416
GOL
ZOP-7219
06/03/19
23:58
038.07
2
COTIA, LORENA, OSASCO, SAO JOSE DOS CAMPOS

JMEK230200
JULIANA PAES
F
17/03/1993
(93) 81555-6733
CORSA
MEK-9792
23/02/19
00:15
212.78
2
COTIA, JUNDIAI, LORENA, OSASCO, RIO DE JANEIRO, SAO JOSE DOS CAMPOS, SAO PAULO, SAO ROQUE, SOROCABA

LDGM030917
LETICIA FERREIRA DOS SANTOS
M
27/06/1993
(62) 90198-9783
FUSCA
DGM-2898
03/09/19
17:53
147.99
3
COTIA, JUNDIAI

MBFZ191017
MATHEUS AUGUSTO
M
27/12/1997
(29) 24753-6170
CELTA
BFZ-2792
19/10/19
17:23
025.74
1
OSASCO, SAO JOSE DOS CAMPOS, SAO ROQUE

MVEI160303
MATHEUS AUGUSTO
F
01/01/1997
(16) 15858-9457
CORSA
VEI-6817
16/03/19
03:07
171.33
4
COTIA, JUNDIAI, OSASCO, RIO DE JANEIRO, SAO JOSE DOS CAMPOS, SAO ROQUE, SOROCABA, TAUBATE

MGBZ080322
MATHEUS LIMA
F
12/11/1991
(60) 32900-3234
CELTA
GBZ-2557
08/03/19
22:49
022.53
4
COTIA, JUNDIAI, LORENA, OSASCO, SAO PAULO, SAO ROQUE, SOROCABA

RFWY181209
ROBERT DOWNEY JUNIOR F :(
M
01/02/1999
(26) 73985-2834
ONIX
FWY-3827
18/12/19
09:13
236.96
1
COTIA, JUNDIAI, LORENA, OSASCO, RIO DE JANEIRO, SAO PAULO, SAO ROQUE, SOROCABA, TAUBATE

RCRW170811
ROBERT NORMAL
F
11/12/1998
(54) 58348-5016
FUSCA
CRW-5861
17/08/19
11:03
117.23
2
COTIA, JUNDIAI, OSASCO, SAO PAULO, SAO ROQUE, SOROCABA

SKWQ181217
SABRINA SATO
F
26/07/1992
(35) 98419-0286
GOL
KWQ-1183
18/12/19
17:05
059.20
1
COTIA, JUNDIAI, OSASCO, SAO JOSE DOS CAMPOS, SAO PAULO, SAO ROQUE, SOROCABA, TAUBATE

SLGX030608
SABRINA SATO
M
11/05/1994
(57) 40578-2829
ONIX
LGX-7267
03/06/19
08:17
161.68
1
SAO ROQUE, TAUBATE

TRLJ171205
TATIANA MONTEIRO
F
11/07/1998
(40) 29199-6198
CIVIC
RLJ-8286
17/12/19
05:15
163.57
3
COTIA, LORENA, RIO DE JANEIRO, SAO JOSE DOS CAMPOS, SAO PAULO, SAO ROQUE, SOROCABA

TWIR240710
TATIANA MONTEIRO
F
07/11/1995
(43) 98742-6290
CIVIC
WIR-6237
24/07/19
10:16
096.90
4
SAO JOSE DOS CAMPOS, SAO PAULO, SAO ROQUE
**********************LISTAR**********************
AAGG220416
ALEXANDRE O PEQUENO
M
18/09/1995
(57) 70048-6680
CELTA
AGG-9009
22/04/19
16:26
070.75
4
COTIA, LORENA, RIO DE JANEIRO, SAO JOSE DOS CAMPOS, SAO PAULO

AHBB250708
ALEXANDRE O CHEGA NE
M
17/05/1995
(98) 93894-2614
COROLLA
HBB-5768
25/07/19
08:37
202.28
3
COTIA, SAO JOSE DOS CAMPOS

AKWU110113
ALEXANDRE O GRANDE
F
26/07/1997
(86) 82798-0289
ONIX
KWU-6640
11/01/19
13:05
175.98
3
COTIA, JUNDIAI, LORENA, OSASCO, SAO JOSE DOS CAMPOS

ANKG100220
ALEXANDRE O PEQUENO
M
20/06/1995
(63) 03640-5389
ONIX
NKG-6732
10/02/19
20:45
125.79
4
JUNDIAI, LORENA, OSASCO, RIO DE JANEIRO, SAO JOSE DOS CAMPOS, SAO PAULO

BIJD150701
BRUNA MARQUEZINE
F
08/07/1999
(70) 68381-5316
COROLLA
IJD-7181
15/07/19
01:48
081.21
4
LORENA, SAO PAULO, SAO ROQUE

BMAW120107
BRUNA MARQUEZINE
M
13/02/1998
(69) 38564-2362
FIT
MAW-9161
12/01/19
07:11
064.39
2
LORENA, OSASCO, SAO ROQUE

EQSX191001
EDUARDO COSTA
F
09/04/1991
(05) 74520-7019
UNO
QSX-9375
19/10/19
01:49
129.39
4
JUNDIAI, RIO DE JANEIRO

FMHD260316
FATIMA BERNARDES
M
12/03/1995
(87) 91455-6651
FIT
MHD-8319
26/03/19
16:43
024.55
2
JUNDIAI, RIO DE JANEIRO, SAO JOSE DOS CAMPOS, SAO ROQUE

GTJY201119
GABRIEL THE ANGEL
M
02/07/1998
(94) 03290-5224
CORSA
TJY-3348
20/11/19
19:40
203.24
3
COTIA, JUNDIAI, LORENA, OSASCO, SAO JOSE DOS CAMPOS, SAO PAULO, TAUBATE

JMEK230200
JULIANA PAES
F
17/03/1993
(93) 81555-6733
CORSA
MEK-9792
23/02/19
00:15
212.78
2
COTIA, JUNDIAI, LORENA, OSASCO, RIO DE JANEIRO, SAO JOSE DOS CAMPOS, SAO PAULO, SAO ROQUE, SOROCABA

JZOP060323
JULIANA MENDES
M
21/08/1995
(05) 54360-9416
GOL
ZOP-7219
06/03/19
23:58
038.07
2
COTIA, LORENA, OSASCO, SAO JOSE DOS CAMPOS

LDGM030917
LETICIA FERREIRA DOS SANTOS
M
27/06/1993
(62) 90198-9783
FUSCA
DGM-2898
03/09/19
17:53
147.99
3
COTIA, JUNDIAI

MBFZ191017
MATHEUS AUGUSTO
M
27/12/1997
(29) 24753-6170
CELTA
BFZ-2792
19/10/19
17:23
025.74
1
OSASCO, SAO JOSE DOS CAMPOS, SAO ROQUE

MGBZ080322
MATHEUS LIMA
F
12/11/1991
(60) 32900-3234
CELTA
GBZ-2557
08/03/19
22:49
022.53
4
COTIA, JUNDIAI, LORENA, OSASCO, SAO PAULO, SAO ROQUE, SOROCABA

MVEI160303
MATHEUS AUGUSTO
F
01/01/1997
(16) 15858-9457
CORSA
VEI-6817
16/03/19
03:07
171.33
4
COTIA, JUNDIAI, OSASCO, RIO DE JANEIRO, SAO JOSE DOS CAMPOS, SAO ROQUE, SOROCABA, TAUBATE

RCRW170811
ROBERT NORMAL
F
11/12/1998
(54) 58348-5016
FUSCA
CRW-5861
17/08/19
11:03
117.23
2
COTIA, JUNDIAI, OSASCO, SAO PAULO, SAO ROQUE, SOROCABA

RFWY181209
ROBERT DOWNEY JUNIOR F :(
M
01/02/1999
(26) 73985-2834
ONIX
FWY-3827
18/12/19
09:13
236.96
1
COTIA, JUNDIAI, LORENA, OSASCO, RIO DE JANEIRO, SAO PAULO, SAO ROQUE, SOROCABA, TAUBATE

SKWQ181217
SABRINA SATO
F
26/07/1992
(35) 98419-0286
GOL
KWQ-1183
18/12/19
17:05
059.20
1
COTIA, JUNDIAI, OSASCO, SAO JOSE DOS CAMPOS, SAO PAULO, SAO ROQUE, SOROCABA, TAUBATE

SLGX030608
SABRINA SATO
M
11/05/1994
(57) 40578-2829
ONIX
LGX-7267
03/06/19
08:17
161.68
1
SAO ROQUE, TAUBATE

TRLJ171205
TATIANA MONTEIRO
F
11/07/1998
(40) 29199-6198
CIVIC
RLJ-8286
17/12/19
05:15
163.57
3
COTIA, LORENA, RIO DE JANEIRO, SAO JOSE DOS CAMPOS, SAO PAULO, SAO ROQUE, SOROCABA

TWIR240710
TATIANA MONTEIRO
F
07/11/1995
(43) 98742-6290
CIVIC
WIR-6237
24/07/19
10:16
096.90
4
SAO JOSE DOS CAMPOS, SAO PAULO, SAO ROQUE
**********************BUSCAR**********************
TRLJ171205
TATIANA MONTEIRO
F
11/07/1998
(40) 29199-6198
CIVIC
RLJ-8286
17/12/19
05:15
163.57
3
COTIA, LORENA, RIO DE JANEIRO, SAO JOSE DOS CAMPOS, SAO PAULO, SAO ROQUE, SOROCABA
**********************BUSCAR**********************
Registro(s) nao encontrado!
*****************ARQUIVO SECUNDARIO****************
AKWU110113 11/01/19
BMAW120107 12/01/19
ANKG100220 10/02/19
JMEK230200 23/02/19
JZOP060323 06/03/19
MGBZ080322 08/03/19
MVEI160303 16/03/19
FMHD260316 26/03/19
AAGG220416 22/04/19
SLGX030608 03/06/19
BIJD150701 15/07/19
TWIR240710 24/07/19
AHBB250708 25/07/19
RCRW170811 17/08/19
LDGM030917 03/09/19
EQSX191001 19/10/19
MBFZ191017 19/10/19
GTJY201119 20/11/19
TRLJ171205 17/12/19
RFWY181209 18/12/19
SKWQ181217 18/12/19
**********************LISTAR**********************
AKWU110113
ALEXANDRE O GRANDE
F
26/07/1997
(86) 82798-0289
ONIX
KWU-6640
11/01/19
13:05
175.98
3
COTIA, JUNDIAI, LORENA, OSASCO, SAO JOSE DOS CAMPOS

BMAW120107
BRUNA MARQUEZINE
M
13/02/1998
(69) 38564-2362
FIT
MAW-9161
12/01/19
07:11
064.39
2
LORENA, OSASCO, SAO ROQUE

ANKG100220
ALEXANDRE O PEQUENO
M
20/06/1995
(63) 03640-5389
ONIX
NKG-6732
10/02/19
20:45
125.79
4
JUNDIAI, LORENA, OSASCO, RIO DE JANEIRO, SAO JOSE DOS CAMPOS, SAO PAULO

JMEK230200
JULIANA PAES
F
17/03/1993
(93) 81555-6733
CORSA
MEK-9792
23/02/19
00:15
212.78
2
COTIA, JUNDIAI, LORENA, OSASCO, RIO DE JANEIRO, SAO JOSE DOS CAMPOS, SAO PAULO, SAO ROQUE, SOROCABA

JZOP060323
JULIANA MENDES
M
21/08/1995
(05) 54360-9416
GOL
ZOP-7219
06/03/19
23:58
038.07
2
COTIA, LORENA, OSASCO, SAO JOSE DOS CAMPOS

MGBZ080322
MATHEUS LIMA
F
12/11/1991
(60) 32900-3234
CELTA
GBZ-2557
08/03/19
22:49
022.53
4
COTIA, JUNDIAI, LORENA, OSASCO, SAO PAULO, SAO ROQUE, SOROCABA

MVEI160303
MATHEUS AUGUSTO
F
01/01/1997
(16) 15858-9457
CORSA
VEI-6817
16/03/19
03:07
171.33
4
COTIA, JUNDIAI, OSASCO, RIO DE JANEIRO, SAO JOSE DOS CAMPOS, SAO ROQUE, SOROCABA, TAUBATE

FMHD260316
FATIMA BERNARDES
M
12/03/1995
(87) 91455-6651
FIT
MHD-8319
26/03/19
16:43
024.55
2
JUNDIAI, RIO DE JANEIRO, SAO JOSE DOS CAMPOS, SAO ROQUE

AAGG220416
ALEXANDRE O PEQUENO
M
18/09/1995
(57) 70048-6680
CELTA
AGG-9009
22/04/19
16:26
070.75
4
COTIA, LORENA, RIO DE JANEIRO, SAO JOSE DOS CAMPOS, SAO PAULO

SLGX030608
SABRINA SATO
M
11/05/1994
(57) 40578-2829
ONIX
LGX-7267
03/06/19
08:17
161.68
1
SAO ROQUE, TAUBATE

BIJD150701
BRUNA MARQUEZINE
F
08/07/1999
(70) 68381-5316
COROLLA
IJD-7181
15/07/19
01:48
081.21
4
LORENA, SAO PAULO, SAO ROQUE

TWIR240710
TATIANA MONTEIRO
F
07/11/1995
(43) 98742-6290
CIVIC
WIR-6237
24/07/19
10:16
096.90
4
SAO JOSE DOS CAMPOS, SAO PAULO, SAO ROQUE

AHBB250708
ALEXANDRE O CHEGA NE
M
17/05/1995
(98) 93894-2614
COROLLA
HBB-5768
25/07/19
08:37
202.28
3
COTIA, SAO JOSE DOS CAMPOS

RCRW170811
ROBERT NORMAL
F
11/12/1998
(54) 58348-5016
FUSCA
CRW-5861
17/08/19
11:03
117.23
2
COTIA, JUNDIAI, OSASCO, SAO PAULO, SAO ROQUE, SOROCABA

LDGM030917
LETICIA FERREIRA DOS SANTOS
M
27/06/1993
(62) 90198-9783
FUSCA
DGM-2898
03/09/19
17:53
147.99
3
COTIA, JUNDIAI

EQSX191001
EDUARDO COSTA
F
09/04/1991
(05) 74520-7019
UNO
QSX-9375
19/10/19
01:49
129.39
4
JUNDIAI, RIO DE JANEIRO

MBFZ191017
MATHEUS AUGUSTO
M
27/12/1997
(29) 24753-6170
CELTA
BFZ-2792
19/10/19
17:23
025.74
1
OSASCO, SAO JOSE DOS CAMPOS, SAO ROQUE

GTJY201119
GABRIEL THE ANGEL
M
02/07/1998
(94) 03290-5224
CORSA
TJY-3348
20/11/19
19:40
203.24
3
COTIA, JUNDIAI, LORENA, OSASCO, SAO JOSE DOS CAMPOS, SAO PAULO, TAUBATE

TRLJ171205
TATIANA MONTEIRO
F
11/07/1998
(40) 29199-6198
CIVIC
RLJ-8286
17/12/19
05:15
163.57
3
COTIA, LORENA, RIO DE JANEIRO, SAO JOSE DOS CAMPOS, SAO PAULO, SAO ROQUE, SOROCABA

RFWY181209
ROBERT DOWNEY JUNIOR F :(
M
01/02/1999
(26) 73985-2834
ONIX
FWY-3827
18/12/19
09:13
236.96
1
COTIA, JUNDIAI, LORENA, OSASCO, RIO DE JANEIRO, SAO PAULO, SAO ROQUE, SOROCABA, TAUBATE

SKWQ181217
SABRINA SATO
F
26/07/1992
(35) 98419-0286
GOL
KWQ-1183
18/12/19
17:05
059.20
1
COTIA, JUNDIAI, OSASCO, SAO JOSE DOS CAMPOS, SAO PAULO, SAO ROQUE, SOROCABA, TAUBATE
**********************BUSCAR**********************
JMEK230200
JULIANA PAES
F
17/03/1993
(93) 81555-6733
CORSA
MEK-9792
23/02/19
00:15
212.78
2
COTIA, JUNDIAI, LORENA, OSASCO, RIO DE JANEIRO, SAO JOSE DOS CAMPOS, SAO PAULO, SAO ROQUE, SOROCABA

MGBZ080322
MATHEUS LIMA
F
12/11/1991
(60) 32900-3234
CELTA
GBZ-2557
08/03/19
22:49
022.53
4
COTIA, JUNDIAI, LORENA, OSASCO, SAO PAULO, SAO ROQUE, SOROCABA

MVEI160303
MATHEUS AUGUSTO
F
01/01/1997
(16) 15858-9457
CORSA
VEI-6817
16/03/19
03:07
171.33
4
COTIA, JUNDIAI, OSASCO, RIO DE JANEIRO, SAO JOSE DOS CAMPOS, SAO ROQUE, SOROCABA, TAUBATE

RCRW170811
ROBERT NORMAL
F
11/12/1998
(54) 58348-5016
FUSCA
CRW-5861
17/08/19
11:03
117.23
2
COTIA, JUNDIAI, OSASCO, SAO PAULO, SAO ROQUE, SOROCABA

RFWY181209
ROBERT DOWNEY JUNIOR F :(
M
01/02/1999
(26) 73985-2834
ONIX
FWY-3827
18/12/19
09:13
236.96
1
COTIA, JUNDIAI, LORENA, OSASCO, RIO DE JANEIRO, SAO PAULO, SAO ROQUE, SOROCABA, TAUBATE

SKWQ181217
SABRINA SATO
F
26/07/1992
(35) 98419-0286
GOL
KWQ-1183
18/12/19
17:05
059.20
1
COTIA, JUNDIAI, OSASCO, SAO JOSE DOS CAMPOS, SAO PAULO, SAO ROQUE, SOROCABA, TAUBATE

TRLJ171205
TATIANA MONTEIRO
F
11/07/1998
(40) 29199-6198
CIVIC
RLJ-8286
17/12/19
05:15
163.57
3
COTIA, LORENA, RIO DE JANEIRO, SAO JOSE DOS CAMPOS, SAO PAULO, SAO ROQUE, SOROCABA
*****************ARQUIVO SECUNDARIO****************
AKWU110113 11/01/19
BMAW120107 12/01/19
ANKG100220 10/02/19
JMEK230200 23/02/19
JZOP060323 06/03/19
MGBZ080322 08/03/19
MVEI160303 16/03/19
FMHD260316 26/03/19
AAGG220416 22/04/19
SLGX030608 03/06/19
BIJD150701 15/07/19
TWIR240710 24/07/19
AHBB250708 25/07/19
RCRW170811 17/08/19
LDGM030917 03/09/19
EQSX191001 19/10/19
MBFZ191017 19/10/19
GTJY201119 20/11/19
SILY111220 11/12/19
TRLJ171205 17/12/19
RFWY181209 18/12/19
SKWQ181217 18/12/19
**********************LISTAR**********************
AKWU110113
ALEXANDRE O GRANDE
F
26/07/1997
(86) 82798-0289
ONIX
KWU-6640
11/01/19
13:05
175.98
3
COTIA, JUNDIAI, LORENA, OSASCO, SAO JOSE DOS CAMPOS

BMAW120107
BRUNA MARQUEZINE
M
13/02/1998
(69) 38564-2362
FIT
MAW-9161
12/01/19
07:11
064.39
2
LORENA, OSASCO, SAO ROQUE

ANKG100220
ALEXANDRE O PEQUENO
M
20/06/1995
(63) 03640-5389
ONIX
NKG-6732
10/02/19
20:45
125.79
4
JUNDIAI, LORENA, OSASCO, RIO DE JANEIRO, SAO JOSE DOS CAMPOS, SAO PAULO

JMEK230200
JULIANA PAES
F
17/03/1993
(93) 81555-6733
CORSA
MEK-9792
23/02/19
00:15
212.78
2
COTIA, JUNDIAI, LORENA, OSASCO, RIO DE JANEIRO, SAO JOSE DOS CAMPOS, SAO PAULO, SAO ROQUE, SOROCABA

JZOP060323
JULIANA MENDES
M
21/08/1995
(05) 54360-9416
GOL
ZOP-7219
06/03/19
23:58
038.07
2
COTIA, LORENA, OSASCO, SAO JOSE DOS CAMPOS

MGBZ080322
MATHEUS LIMA
F
12/11/1991
(60) 32900-3234
CELTA
GBZ-2557
08/03/19
22:49
022.53
4
COTIA, JUNDIAI, LORENA, OSASCO, SAO PAULO, SAO ROQUE, SOROCABA

MVEI160303
MATHEUS AUGUSTO
F
01/01/1997
(16) 15858-9457
CORSA
VEI-6817
16/03/19
03:07
171.33
4
COTIA, JUNDIAI, OSASCO, RIO DE JANEIRO, SAO JOSE DOS CAMPOS, SAO ROQUE, SOROCABA, TAUBATE

FMHD260316
FATIMA BERNARDES
M
12/03/1995
(87) 91455-6651
FIT
MHD-8319
26/03/19
16:43
024.55
2
JUNDIAI, RIO DE JANEIRO, SAO JOSE DOS CAMPOS, SAO ROQUE

AAGG220416
ALEXANDRE O PEQUENO
M
18/09/1995
(57) 70048-6680
CELTA
AGG-9009
22/04/19
16:26
070.75
4
COTIA, LORENA, RIO DE JANEIRO, SAO JOSE DOS CAMPOS, SAO PAULO

SLGX030608
SABRINA SATO
M
11/05/1994
(57) 40578-2829
ONIX
LGX-7267
03/06/19
08:17
161.68
1
SAO ROQUE, TAUBATE

BIJD150701
BRUNA MARQUEZINE
F
08/07/1999
(70) 68381-5316
COROLLA
IJD-7181
15/07/19
01:48
081.21
4
LORENA, SAO PAULO, SAO ROQUE

TWIR240710
TATIANA MONTEIRO
F
07/11/1995
(43) 98742-6290
CIVIC
WIR-6237
24/07/19
10:16
096.90
4
SAO JOSE DOS CAMPOS, SAO PAULO, SAO ROQUE

AHBB250708
ALEXANDRE O CHEGA NE
M
17/05/1995
(98) 93894-2614
COROLLA
HBB-5768
25/07/19
08:37
202.28
3
COTIA, SAO JOSE DOS CAMPOS

RCRW170811
ROBERT NORMAL
F
11/12/1998
(54) 58348-5016
FUSCA
CRW-5861
17/08/19
11:03
117.23
2
COTIA, JUNDIAI, OSASCO, SAO PAULO, SAO ROQUE, SOROCABA

LDGM030917
LETICIA FERREIRA DOS SANTOS
M
27/06/1993
(62) 90198-9783
FUSCA
DGM-2898
03/09/19
17:53
147.99
3
COTIA, JUNDIAI

EQSX191001
EDUARDO COSTA
F
09/04/1991
(05) 74520-7019
UNO
QSX-9375
19/10/19
01:49
129.39
4
JUNDIAI, RIO DE JANEIRO

MBFZ191017
MATHEUS AUGUSTO
M
27/12/1997
(29) 24753-6170
CELTA
BFZ-2792
19/10/19
17:23
025.74
1
OSASCO, SAO JOSE DOS CAMPOS, SAO ROQUE

GTJY201119
GABRIEL THE ANGEL
M
02/07/1998
(94) 03290-5224
CORSA
TJY-3348
20/11/19
19:40
203.24
3
COTIA, JUNDIAI, LORENA, OSASCO, SAO JOSE DOS CAMPOS, SAO PAULO, TAUBATE

SILY111220
SABRINA SATO
M
12/06/1994
(18) 87971-7823
GOL
ILY-6648
11/12/19
20:42
070.75
3
COTIA, JUNDIAI, LORENA, OSASCO, SAO JOSE DOS CAMPOS, SAO ROQUE

TRLJ171205
TATIANA MONTEIRO
F
11/07/1998
(40) 29199-6198
CIVIC
RLJ-8286
17/12/19
05:15
163.57
3
COTIA, LORENA, RIO DE JANEIRO, SAO JOSE DOS CAMPOS, SAO PAULO, SAO ROQUE, SOROCABA

RFWY181209
ROBERT DOWNEY JUNIOR F :(
M
01/02/1999
(26) 73985-2834
ONIX
FWY-3827
18/12/19
09:13
236.96
1
COTIA, JUNDIAI, LORENA, OSASCO, RIO DE JANEIRO, SAO PAULO, SAO ROQUE, SOROCABA, TAUBATE

SKWQ181217
SABRINA SATO
F
26/07/1992
(35) 98419-0286
GOL
KWQ-1183
18/12/19
17:05
059.20
1
COTIA, JUNDIAI, OSASCO, SAO JOSE DOS CAMPOS, SAO PAULO, SAO ROQUE, SOROCABA, TAUBATE
**********************BUSCAR**********************
Registro(s) nao encontrado!
**********************ARQUIVO*********************
LETICIA FERREIRA DOS SANTOS@M@27/06/1993@(62) 90198-9783@FUSCA@DGM-2898@COTIA|JUNDIAI@03/09/19@17:53@147.99@3@##################################################################################################################################################BRUNA MARQUEZINE@M@13/02/1998@(69) 38564-2362@FIT@MAW-9161@LORENA|OSASCO|SAO ROQUE@12/01/19@07:11@064.39@2@#####################################################################################################################################################ROBERT DOWNEY JUNIOR F :(@M@01/02/1999@(26) 73985-2834@ONIX@FWY-3827@COTIA|JUNDIAI|LORENA|OSASCO|RIO DE JANEIRO|SAO PAULO|SAO ROQUE|SOROCABA|TAUBATE@18/12/19@09:13@236.96@1@###################################################################################ALEXANDRE O CHEGA NE@M@17/05/1995@(98) 93894-2614@COROLLA@HBB-5768@COTIA|SAO JOSE DOS CAMPOS@25/07/19@08:37@202.28@3@###########################################################################################################################################TATIANA MONTEIRO@F@11/07/1998@(40) 29199-6198@CIVIC@RLJ-8286@COTIA|LORENA|RIO DE JANEIRO|SAO JOSE DOS CAMPOS|SAO PAULO|SAO ROQUE|SOROCABA@17/12/19@05:15@163.57@3@##############################################################################################ALEXANDRE O PEQUENO@M@20/06/1995@(63) 03640-5389@ONIX@NKG-6732@JUNDIAI|LORENA|OSASCO|RIO DE JANEIRO|SAO JOSE DOS CAMPOS|SAO PAULO@10/02/19@20:45@125.79@4@######################################################################################################TATIANA MONTEIRO@F@07/11/1995@(43) 98742-6290@CIVIC@WIR-6237@SAO JOSE DOS CAMPOS|SAO PAULO|SAO ROQUE@24/07/19@10:16@096.90@4@###################################################################################################################################ALEXANDRE O GRANDE@F@26/07/1997@(86) 82798-0289@ONIX@KWU-6640@COTIA|JUNDIAI|LORENA|OSASCO|SAO JOSE DOS CAMPOS@11/01/19@13:05@175.98@3@##########################################################################################################################EDUARDO COSTA@F@09/04/1991@(05) 74520-7019@UNO@QSX-9375@JUNDIAI|RIO DE JANEIRO@19/10/19@01:49@129.39@4@#########################################################################################################################################################GABRIEL THE ANGEL@M@02/07/1998@(94) 03290-5224@CORSA@TJY-3348@COTIA|JUNDIAI|LORENA|OSASCO|SAO JOSE DOS CAMPOS|SAO PAULO|TAUBATE@20/11/19@19:40@203.24@3@########################################################################################################MATHEUS LIMA@F@12/11/1991@(60) 32900-3234@CELTA@GBZ-2557@COTIA|JUNDIAI|LORENA|OSASCO|SAO PAULO|SAO ROQUE|SOROCABA@08/03/19@22:49@022.53@4@######################################################################################################################JULIANA PAES@F@17/03/1993@(93) 81555-6733@CORSA@MEK-9792@COTIA|JUNDIAI|LORENA|OSASCO|RIO DE JANEIRO|SAO JOSE DOS CAMPOS|SAO PAULO|SAO ROQUE|SOROCABA@23/02/19@00:15@212.78@2@###################################################################################SABRINA SATO@F@26/07/1992@(35) 98419-0286@GOL@KWQ-1183@COTIA|JUNDIAI|OSASCO|SAO JOSE DOS CAMPOS|SAO PAULO|SAO ROQUE|SOROCABA|TAUBATE@18/12/19@17:05@059.20@1@###################################################################################################FATIMA BERNARDES@M@12/03/1995@(87) 91455-6651@FIT@MHD-8319@JUNDIAI|RIO DE JANEIRO|SAO JOSE DOS CAMPOS|SAO ROQUE@26/03/19@16:43@024.55@2@########################################################################################################################BRUNA MARQUEZINE@F@08/07/1999@(70) 68381-5316@COROLLA@IJD-7181@LORENA|SAO PAULO|SAO ROQUE@15/07/19@01:48@081.21@4@##############################################################################################################################################MATHEUS AUGUSTO@M@27/12/1997@(29) 24753-6170@CELTA@BFZ-2792@OSASCO|SAO JOSE DOS CAMPOS|SAO ROQUE@19/10/19@17:23@025.74@1@#######################################################################################################################################MATHEUS AUGUSTO@F@01/01/1997@(16) 15858-9457@CORSA@VEI-6817@COTIA|JUNDIAI|OSASCO|RIO DE JANEIRO|SAO JOSE DOS CAMPOS|SAO ROQUE|SOROCABA|TAUBATE@16/03/19@03:07@171.33@4@#########################################################################################ALEXANDRE O PEQUENO@M@18/09/1995@(57) 70048-6680@CELTA@AGG-9009@COTIA|LORENA|RIO DE JANEIRO|SAO JOSE DOS CAMPOS|SAO PAULO@22/04/19@16:26@070.75@4@##############################################################################################################ROBERT NORMAL@F@11/12/1998@(54) 58348-5016@FUSCA@CRW-5861@COTIA|JUNDIAI|OSASCO|SAO PAULO|SAO ROQUE|SOROCABA@17/08/19@11:03@117.23@2@############################################################################################################################SABRINA SATO@M@11/05/1994@(57) 40578-2829@ONIX@LGX-7267@SAO ROQUE|TAUBATE@03/06/19@08:17@161.68@1@##############################################################################################################################################################JULIANA MENDES@M@21/08/1995@(05) 54360-9416@GOL@ZOP-7219@COTIA|LORENA|OSASCO|SAO JOSE DOS CAMPOS@06/03/19@23:58@038.07@2@#######################################################################################################################################SABRINA SATO@M@12/06/1994@(18) 87971-7823@GOL@ILY-6648@COTIA|JUNDIAI|LORENA|OSASCO|SAO JOSE DOS CAMPOS|SAO ROQUE@11/12/19@20:42@070.75@3@#######################################################################################################################JULIANA MENDES@M@18/05/1994@(85) 88533-6981@UNO@DDE-8990@SAO ROQUE|TAUBATE@16/10/19@01:25@200.68@2@#############################################################################################################################################################LETICIA BASTOS@M@04/10/1989@(45) 48120-1418@FOX@SYM-1255@COTIA|LORENA|RIO DE JANEIRO|SAO JOSE DOS CAMPOS|SAO PAULO|SOROCABA@12/06/19@23:07@192.73@2@############################################################################################################
**********************LISTAR**********************
AAGG220416
ALEXANDRE O PEQUENO
M
18/09/1995
(57) 70048-6680
CELTA
AGG-9009
22/04/19
16:26
070.75
4
COTIA, LORENA, RIO DE JANEIRO, SAO JOSE DOS CAMPOS, SAO PAULO

AHBB250708
ALEXANDRE O CHEGA NE
M
17/05/1995
(98) 93894-2614
COROLLA
HBB-5768
25/07/19
08:37
202.28
3
COTIA, SAO JOSE DOS CAMPOS

AKWU110113
ALEXANDRE O GRANDE
F
26/07/1997
(86) 82798-0289
ONIX
KWU-6640
11/01/19
13:05
175.98
3
COTIA, JUNDIAI, LORENA, OSASCO, SAO JOSE DOS CAMPOS

GTJY201119
GABRIEL THE ANGEL
M
02/07/1998
(94) 03290-5224
CORSA
TJY-3348
20/11/19
19:40
203.24
3
COTIA, JUNDIAI, LORENA, OSASCO, SAO JOSE DOS CAMPOS, SAO PAULO, TAUBATE

JMEK230200
JULIANA PAES
F
17/03/1993
(93) 81555-6733
CORSA
MEK-9792
23/02/19
00:15
212.78
2
COTIA, JUNDIAI, LORENA, OSASCO, RIO DE JANEIRO, SAO JOSE DOS CAMPOS, SAO PAULO, SAO ROQUE, SOROCABA

JZOP060323
JULIANA MENDES
M
21/08/1995
(05) 54360-9416
GOL
ZOP-7219
06/03/19
23:58
038.07
2
COTIA, LORENA, OSASCO, SAO JOSE DOS CAMPOS

LDGM030917
LETICIA FERREIRA DOS SANTOS
M
27/06/1993
(62) 90198-9783
FUSCA
DGM-2898
03/09/19
17:53
147.99
3
COTIA, JUNDIAI

LSYM120623
LETICIA BASTOS
M
04/10/1989
(45) 48120-1418
FOX
SYM-1255
12/06/19
23:07
192.73
2
COTIA, LORENA, RIO DE JANEIRO, SAO JOSE DOS CAMPOS, SAO PAULO, SOROCABA

MGBZ080322
MATHEUS LIMA
F
12/11/1991
(60) 32900-3234
CELTA
GBZ-2557
08/03/19
22:49
022.53
4
COTIA, JUNDIAI, LORENA, OSASCO, SAO PAULO, SAO ROQUE, SOROCABA

MVEI160303
MATHEUS AUGUSTO
F
01/01/1997
(16) 15858-9457
CORSA
VEI-6817
16/03/19
03:07
171.33
4
COTIA, JUNDIAI, OSASCO, RIO DE JANEIRO, SAO JOSE DOS CAMPOS, SAO ROQUE, SOROCABA, TAUBATE

RCRW170811
ROBERT NORMAL
F
11/12/1998
(54) 58348-5016
FUSCA
CRW-5861
17/08/19
11:03
117.23
2
COTIA, JUNDIAI, OSASCO, SAO PAULO, SAO ROQUE, SOROCABA

RFWY181209
ROBERT DOWNEY JUNIOR F :(
M
01/02/1999
(26) 73985-2834
ONIX
FWY-3827
18/12/19
09:13
236.96
1
COTIA, JUNDIAI, LORENA, OSASCO, RIO DE JANEIRO, SAO PAULO, SAO ROQUE, SOROCABA, TAUBATE

RRHV170712
ROBERT DOWNEY JUNIOR F :(
M
04/11/1993
(73) 30107-4965
CIVIC
RHV-7257
17/07/19
12:06
012.10
4
COTIA, JUNDIAI, OSASCO, RIO DE JANEIRO, SAO JOSE DOS CAMPOS, SAO PAULO, SAO ROQUE, SOROCABA

SILY111220
SABRINA SATO
M
12/06/1994
(18) 87971-7823
GOL
ILY-6648
11/12/19
20:42
070.75
3
COTIA, JUNDIAI, LORENA, OSASCO, SAO JOSE DOS CAMPOS, SAO ROQUE

SKWQ181217
SABRINA SATO
F
26/07/1992
(35) 98419-0286
GOL
KWQ-1183
18/12/19
17:05
059.20
1
COTIA, JUNDIAI, OSASCO, SAO JOSE DOS CAMPOS, SAO PAULO, SAO ROQUE, SOROCABA, TAUBATE

TRLJ171205
TATIANA MONTEIRO
F
11/07/1998
(40) 29199-6198
CIVIC
RLJ-8286
17/12/19
05:15
163.57
3
COTIA, LORENA, RIO DE JANEIRO, SAO JOSE DOS CAMPOS, SAO PAULO, SAO ROQUE, SOROCABA

AKWU110113
ALEXANDRE O GRANDE
F
26/07/1997
(86) 82798-0289
ONIX
KWU-6640
11/01/19
13:05
175.98
3
COTIA, JUNDIAI, LORENA, OSASCO, SAO JOSE DOS CAMPOS

ANKG100220
ALEXANDRE O PEQUENO
M
20/06/1995
(63) 03640-5389
ONIX
NKG-6732
10/02/19
20:45
125.79
4
JUNDIAI, LORENA, OSASCO, RIO DE JANEIRO, SAO JOSE DOS CAMPOS, SAO PAULO

AONL110819
ALEXANDRE O GRANDE
F
14/04/1994
(26) 89098-6850
CORSA
ONL-4068
11/08/19
19:39
154.37
3
JUNDIAI, RIO DE JANEIRO, SAO JOSE DOS CAMPOS, SAO PAULO, TAUBATE

EQSX191001
EDUARDO COSTA
F
09/04/1991
(05) 74520-7019
UNO
QSX-9375
19/10/19
01:49
129.39
4
JUNDIAI, RIO DE JANEIRO

FMHD260316
FATIMA BERNARDES
M
12/03/1995
(87) 91455-6651
FIT
MHD-8319
26/03/19
16:43
024.55
2
JUNDIAI, RIO DE JANEIRO, SAO JOSE DOS CAMPOS, SAO ROQUE

GTJY201119
GABRIEL THE ANGEL
M
02/07/1998
(94) 03290-5224
CORSA
TJY-3348
20/11/19
19:40
203.24
3
COTIA, JUNDIAI, LORENA, OSASCO, SAO JOSE DOS CAMPOS, SAO PAULO, TAUBATE

JMEK230200
JULIANA PAES
F
17/03/1993
(93) 81555-6733
CORSA
MEK-9792
23/02/19
00:15
212.78
2
COTIA, JUNDIAI, LORENA, OSASCO, RIO DE JANEIRO, SAO JOSE DOS CAMPOS, SAO PAULO, SAO ROQUE, SOROCABA

LDGM030917
LETICIA FERREIRA DOS SANTOS
M
27/06/1993
(62) 90198-9783
FUSCA
DGM-2898
03/09/19
17:53
147.99
3
COTIA, JUNDIAI

MGBZ080322
MATHEUS LIMA
F
12/11/1991
(60) 32900-3234
CELTA
GBZ-2557
08/03/19
22:49
022.53
4
COTIA, JUNDIAI, LORENA, OSASCO, SAO PAULO, SAO ROQUE, SOROCABA

MVEI160303
MATHEUS AUGUSTO
F
01/01/1997
(16) 15858-9457
CORSA
VEI-6817
16/03/19
03:07
171.33
4
COTIA, JUNDIAI, OSASCO, RIO DE JANEIRO, SAO JOSE DOS CAMPOS, SAO ROQUE, SOROCABA, TAUBATE

RCRW170811
ROBERT NORMAL
F
11/12/1998
(54) 58348-5016
FUSCA
CRW-5861
17/08/19
11:03
117.23
2
COTIA, JUNDIAI, OSASCO, SAO PAULO, SAO ROQUE, SOROCABA

RFWY181209
ROBERT DOWNEY JUNIOR F :(
M
01/02/1999
(26) 73985-2834
ONIX
FWY-3827
18/12/19
09:13
236.96
1
COTIA, JUNDIAI, LORENA, OSASCO, RIO DE JANEIRO, SAO PAULO, SAO ROQUE, SOROCABA, TAUBATE

RRHV170712
ROBERT DOWNEY JUNIOR F :(
M
04/11/1993
(73) 30107-4965
CIVIC
RHV-7257
17/07/19
12:06
012.10
4
COTIA, JUNDIAI, OSASCO, RIO DE JANEIRO, SAO JOSE DOS CAMPOS, SAO PAULO, SAO ROQUE, SOROCABA

SILY111220
SABRINA SATO
M
12/06/1994
(18) 87971-7823
GOL
ILY-6648
11/12/19
20:42
070.75
3
COTIA, JUNDIAI, LORENA, OSASCO, SAO JOSE DOS CAMPOS, SAO ROQUE

SKWQ181217
SABRINA SATO
F
26/07/1992
(35) 98419-0286
GOL
KWQ-1183
18/12/19
17:05
059.20
1
COTIA, JUNDIAI, OSASCO, SAO JOSE DOS CAMPOS, SAO PAULO, SAO ROQUE, SOROCABA, TAUBATE

AAGG220416
ALEXANDRE O PEQUENO
M
18/09/1995
(57) 70048-6680
CELTA
AGG-9009
22/04/19
16:26
070.75
4
COTIA, LORENA, RIO DE JANEIRO, SAO JOSE DOS CAMPOS, SAO PAULO

AKWU110113
ALEXANDRE O GRANDE
F
26/07/1997
(86) 82798-0289
ONIX
KWU-6640
11/01/19
13:05
175.98
3
COTIA, JUNDIAI, LORENA, OSASCO, SAO JOSE DOS CAMPOS

ANKG100220
ALEXANDRE O PEQUENO
M
20/06/1995
(63) 03640-5389
ONIX
NKG-6732
10/02/19
20:45
125.79
4
JUNDIAI, LORENA, OSASCO, RIO DE JANEIRO, SAO JOSE DOS CAMPOS, SAO PAULO

BIJD150701
BRUNA MARQUEZINE
F
08/07/1999
(70) 68381-5316
COROLLA
IJD-7181
15/07/19
01:48
081.21
4
LORENA, SAO PAULO, SAO ROQUE

BMAW120107
BRUNA MARQUEZINE
M
13/02/1998
(69) 38564-2362
FIT
MAW-9161
12/01/19
07:11
064.39
2
LORENA, OSASCO, SAO ROQUE

GTJY201119
GABRIEL THE ANGEL
M
02/07/1998
(94) 03290-5224
CORSA
TJY-3348
20/11/19
19:40
203.24
3
COTIA, JUNDIAI, LORENA, OSASCO, SAO JOSE DOS CAMPOS, SAO PAULO, TAUBATE

JMEK230200
JULIANA PAES
F
17/03/1993
(93) 81555-6733
CORSA
MEK-9792
23/02/19
00:15
212.78
2
COTIA, JUNDIAI, LORENA, OSASCO, RIO DE JANEIRO, SAO JOSE DOS CAMPOS, SAO PAULO, SAO ROQUE, SOROCABA

JZOP060323
JULIANA MENDES
M
21/08/1995
(05) 54360-9416
GOL
ZOP-7219
06/03/19
23:58
038.07
2
COTIA, LORENA, OSASCO, SAO JOSE DOS CAMPOS

LSYM120623
LETICIA BASTOS
M
04/10/1989
(45) 48120-1418
FOX
SYM-1255
12/06/19
23:07
192.73
2
COTIA, LORENA, RIO DE JANEIRO, SAO JOSE DOS CAMPOS, SAO PAULO, SOROCABA

MGBZ080322
MATHEUS LIMA
F
12/11/1991
(60) 32900-3234
CELTA
GBZ-2557
08/03/19
22:49
022.53
4
COTIA, JUNDIAI, LORENA, OSASCO, SAO PAULO, SAO ROQUE, SOROCABA

RFWY181209
ROBERT DOWNEY JUNIOR F :(
M
01/02/1999
(26) 73985-2834
ONIX
FWY-3827
18/12/19
09:13
236.96
1
COTIA, JUNDIAI, LORENA, OSASCO, RIO DE JANEIRO, SAO PAULO, SAO ROQUE, SOROCABA, TAUBATE

SILY111220
SABRINA SATO
M
12/06/1994
(18) 87971-7823
GOL
ILY-6648
11/12/19
20:42
070.75
3
COTIA, JUNDIAI, LORENA, OSASCO, SAO JOSE DOS CAMPOS, SAO ROQUE

TRLJ171205
TATIANA MONTEIRO
F
11/07/1998
(40) 29199-6198
CIVIC
RLJ-8286
17/12/19
05:15
163.57
3
COTIA, LORENA, RIO DE JANEIRO, SAO JOSE DOS CAMPOS, SAO PAULO, SAO ROQUE, SOROCABA

AKWU110113
ALEXANDRE O GRANDE
F
26/07/1997
(86) 82798-0289
ONIX
KWU-6640
11/01/19
13:05
175.98
3
COTIA, JUNDIAI, LORENA, OSASCO, SAO JOSE DOS CAMPOS

ANKG100220
ALEXANDRE O PEQUENO
M
20/06/1995
(63) 03640-5389
ONIX
NKG-6732
10/02/19
20:45
125.79
4
JUNDIAI, LORENA, OSASCO, RIO DE JANEIRO, SAO JOSE DOS CAMPOS, SAO PAULO

BMAW120107
BRUNA MARQUEZINE
M
13/02/1998
(69) 38564-2362
FIT
MAW-9161
12/01/19
07:11
064.39
2
LORENA, OSASCO, SAO ROQUE

GTJY201119
GABRIEL THE ANGEL
M
02/07/1998
(94) 03290-5224
CORSA
TJY-3348
20/11/19
19:40
203.24
3
COTIA, JUNDIAI, LORENA, OSASCO, SAO JOSE DOS CAMPOS, SAO PAULO, TAUBATE

JMEK230200
JULIANA PAES
F
17/03/1993
(93) 81555-6733
CORSA
MEK-9792
23/02/19
00:15
212.78
2
COTIA, JUNDIAI, LORENA, OSASCO, RIO DE JANEIRO, SAO JOSE DOS CAMPOS, SAO PAULO, SAO ROQUE, SOROCABA

JZOP060323
JULIANA MENDES
M
21/08/1995
(05) 54360-9416
GOL
ZOP-7219
06/03/19
23:58
038.07
2
COTIA, LORENA, OSASCO, SAO JOSE DOS CAMPOS

MBFZ191017
MATHEUS AUGUSTO
M
27/12/1997
(29) 24753-6170
CELTA
BFZ-2792
19/10/19
17:23
025.74
1
OSASCO, SAO JOSE DOS CAMPOS, SAO ROQUE

MGBZ080322
MATHEUS LIMA
F
12/11/1991
(60) 32900-3234
CELTA
GBZ-2557
08/03/19
22:49
022.53
4
COTIA, JUNDIAI, LORENA, OSASCO, SAO PAULO, SAO ROQUE, SOROCABA

MVEI160303
MATHEUS AUGUSTO
F
01/01/1997
(16) 15858-9457
CORSA
VEI-6817
16/03/19
03:07
171.33
4
COTIA, JUNDIAI, OSASCO, RIO DE JANEIRO, SAO JOSE DOS CAMPOS, SAO ROQUE, SOROCABA, TAUBATE

RCRW170811
ROBERT NORMAL
F
11/12/1998
(54) 58348-5016
FUSCA
CRW-5861
17/08/19
11:03
117.23
2
COTIA, JUNDIAI, OSASCO, SAO PAULO, SAO ROQUE, SOROCABA

RFWY181209
ROBERT DOWNEY JUNIOR F :(
M
01/02/1999
(26) 73985-2834
ONIX
FWY-3827
18/12/19
09:13
236.96
1
COTIA, JUNDIAI, LORENA, OSASCO, RIO DE JANEIRO, SAO PAULO, SAO ROQUE, SOROCABA, TAUBATE

RRHV170712
ROBERT DOWNEY JUNIOR F :(
M
04/11/1993
(73) 30107-4965
CIVIC
RHV-7257
17/07/19
12:06
012.10
4
COTIA, JUNDIAI, OSASCO, RIO DE JANEIRO, SAO JOSE DOS CAMPOS, SAO PAULO, SAO ROQUE, SOROCABA

SILY111220
SABRINA SATO
M
12/06/1994
(18) 87971-7823
GOL
ILY-6648
11/12/19
20:42
070.75
3
COTIA, JUNDIAI, LORENA, OSASCO, SAO JOSE DOS CAMPOS, SAO ROQUE

SKWQ181217
SABRINA SATO
F
26/07/1992
(35) 98419-0286
GOL
KWQ-1183
18/12/19
17:05
059.20
1
COTIA, JUNDIAI, OSASCO, SAO JOSE DOS CAMPOS, SAO PAULO, SAO ROQUE, SOROCABA, TAUBATE

AAGG220416
ALEXANDRE O PEQUENO
M
18/09/1995
(57) 70048-6680
CELTA
AGG-9009
22/04/19
16:26
070.75
4
COTIA, LORENA, RIO DE JANEIRO, SAO JOSE DOS CAMPOS, SAO PAULO

ANKG100220
ALEXANDRE O PEQUENO
M
20/06/1995
(63) 03640-5389
ONIX
NKG-6732
10/02/19
20:45
125.79
4
JUNDIAI, LORENA, OSASCO, RIO DE JANEIRO, SAO JOSE DOS CAMPOS, SAO PAULO

AONL110819
ALEXANDRE O GRANDE
F
14/04/1994
(26) 89098-6850
CORSA
ONL-4068
11/08/19
19:39
154.37
3
JUNDIAI, RIO DE JANEIRO, SAO JOSE DOS CAMPOS, SAO PAULO, TAUBATE

EQSX191001
EDUARDO COSTA
F
09/04/1991
(05) 74520-7019
UNO
QSX-9375
19/10/19
01:49
129.39
4
JUNDIAI, RIO DE JANEIRO

FMHD260316
FATIMA BERNARDES
M
12/03/1995
(87) 91455-6651
FIT
MHD-8319
26/03/19
16:43
024.55
2
JUNDIAI, RIO DE JANEIRO, SAO JOSE DOS CAMPOS, SAO ROQUE

JMEK230200
JULIANA PAES
F
17/03/1993
(93) 81555-6733
CORSA
MEK-9792
23/02/19
00:15
212.78
2
COTIA, JUNDIAI, LORENA, OSASCO, RIO DE JANEIRO, SAO JOSE DOS CAMPOS, SAO PAULO, SAO ROQUE, SOROCABA

LSYM120623
LETICIA BASTOS
M
04/10/1989
(45) 48120-1418
FOX
SYM-1255
12/06/19
23:07
192.73
2
COTIA, LORENA, RIO DE JANEIRO, SAO JOSE DOS CAMPOS, SAO PAULO, SOROCABA

MVEI160303
MATHEUS AUGUSTO
F
01/01/1997
(16) 15858-9457
CORSA
VEI-6817
16/03/19
03:07
171.33
4
COTIA, JUNDIAI, OSASCO, RIO DE JANEIRO, SAO JOSE DOS CAMPOS, SAO ROQUE, SOROCABA, TAUBATE

RFWY181209
ROBERT DOWNEY JUNIOR F :(
M
01/02/1999
(26) 73985-2834
ONIX
FWY-3827
18/12/19
09:13
236.96
1
COTIA, JUNDIAI, LORENA, OSASCO, RIO DE JANEIRO, SAO PAULO, SAO ROQUE, SOROCABA, TAUBATE

RRHV170712
ROBERT DOWNEY JUNIOR F :(
M
04/11/1993
(73) 30107-4965
CIVIC
RHV-7257
17/07/19
12:06
012.10
4
COTIA, JUNDIAI, OSASCO, RIO DE JANEIRO, SAO JOSE DOS CAMPOS, SAO PAULO, SAO ROQUE, SOROCABA

TRLJ171205
TATIANA MONTEIRO
F
11/07/1998
(40) 29199-6198
CIVIC
RLJ-8286
17/12/19
05:15
163.57
3
COTIA, LORENA, RIO DE JANEIRO, SAO JOSE DOS CAMPOS, SAO PAULO, SAO ROQUE, SOROCABA

AAGG220416
ALEXANDRE O PEQUENO
M
18/09/1995
(57) 70048-6680
CELTA
AGG-9009
22/04/19
16:26
070.75
4
COTIA, LORENA, RIO DE JANEIRO, SAO JOSE DOS CAMPOS, SAO PAULO

AHBB250708
ALEXANDRE O CHEGA NE
M
17/05/1995
(98) 93894-2614
COROLLA
HBB-5768
25/07/19
08:37
202.28
3
COTIA, SAO JOSE DOS CAMPOS

AKWU110113
ALEXANDRE O GRANDE
F
26/07/1997
(86) 82798-0289
ONIX
KWU-6640
11/01/19
13:05
175.98
3
COTIA, JUNDIAI, LORENA, OSASCO, SAO JOSE DOS CAMPOS

ANKG100220
ALEXANDRE O PEQUENO
M
20/06/1995
(63) 03640-5389
ONIX
NKG-6732
10/02/19
20:45
125.79
4
JUNDIAI, LORENA, OSASCO, RIO DE JANEIRO, SAO JOSE DOS CAMPOS, SAO PAULO

AONL110819
ALEXANDRE O GRANDE
F
14/04/1994
(26) 89098-6850
CORSA
ONL-4068
11/08/19
19:39
154.37
3
JUNDIAI, RIO DE JANEIRO, SAO JOSE DOS CAMPOS, SAO PAULO, TAUBATE

FMHD260316
FATIMA BERNARDES
M
12/03/1995
(87) 91455-6651
FIT
MHD-8319
26/03/19
16:43
024.55
2
JUNDIAI, RIO DE JANEIRO, SAO JOSE DOS CAMPOS, SAO ROQUE

GTJY201119
GABRIEL THE ANGEL
M
02/07/1998
(94) 03290-5224
CORSA
TJY-3348
20/11/19
19:40
203.24
3
COTIA, JUNDIAI, LORENA, OSASCO, SAO JOSE DOS CAMPOS, SAO PAULO, TAUBATE

JMEK230200
JULIANA PAES
F
17/03/1993
(93) 81555-6733
CORSA
MEK-9792
23/02/19
00:15
212.78
2
COTIA, JUNDIAI, LORENA, OSASCO, RIO DE JANEIRO, SAO JOSE DOS CAMPOS, SAO PAULO, SAO ROQUE, SOROCABA

JZOP060323
JULIANA MENDES
M
21/08/1995
(05) 54360-9416
GOL
ZOP-7219
06/03/19
23:58
038.07
2
COTIA, LORENA, OSASCO, SAO JOSE DOS CAMPOS

LSYM120623
LETICIA BASTOS
M
04/10/1989
(45) 48120-1418
FOX
SYM-1255
12/06/19
23:07
192.73
2
COTIA, LORENA, RIO DE JANEIRO, SAO JOSE DOS CAMPOS, SAO PAULO, SOROCABA

MBFZ191017
MATHEUS AUGUSTO
M
27/12/1997
(29) 24753-6170
CELTA
BFZ-2792
19/10/19
17:23
025.74
1
OSASCO, SAO JOSE DOS CAMPOS, SAO ROQUE

MVEI160303
MATHEUS AUGUSTO
F
01/01/1997
(16) 15858-9457
CORSA
VEI-6817
16/03/19
03:07
171.33
4
COTIA, JUNDIAI, OSASCO, RIO DE JANEIRO, SAO JOSE DOS CAMPOS, SAO ROQUE, SOROCABA, TAUBATE

RRHV170712
ROBERT DOWNEY JUNIOR F :(
M
04/11/1993
(73) 30107-4965
CIVIC
RHV-7257
17/07/19
12:06
012.10
4
COTIA, JUNDIAI, OSASCO, RIO DE JANEIRO, SAO JOSE DOS CAMPOS, SAO PAULO, SAO ROQUE, SOROCABA

SILY111220
SABRINA SATO
M
12/06/1994
(18) 87971-7823
GOL
ILY-6648
11/12/19
20:42
070.75
3
COTIA, JUNDIAI, LORENA, OSASCO, SAO JOSE DOS CAMPOS, SAO ROQUE

SKWQ181217
SABRINA SATO
F
26/07/1992
(35) 98419-0286
GOL
KWQ-1183
18/12/19
17:05
059.20
1
COTIA, JUNDIAI, OSASCO, SAO JOSE DOS CAMPOS, SAO PAULO, SAO ROQUE, SOROCABA, TAUBATE

TRLJ171205
TATIANA MONTEIRO
F
11/07/1998
(40) 29199-6198
CIVIC
RLJ-8286
17/12/19
05:15
163.57
3
COTIA, LORENA, RIO DE JANEIRO, SAO JOSE DOS CAMPOS, SAO PAULO, SAO ROQUE, SOROCABA

TWIR240710
TATIANA MONTEIRO
F
07/11/1995
(43) 98742-6290
CIVIC
WIR-6237
24/07/19
10:16
096.90
4
SAO JOSE DOS CAMPOS, SAO PAULO, SAO ROQUE

AAGG220416
ALEXANDRE O PEQUENO
M
18/09/1995
(57) 70048-6680
CELTA
AGG-9009
22/04/19
16:26
070.75
4
COTIA, LORENA, RIO DE JANEIRO, SAO JOSE DOS CAMPOS, SAO PAULO

ANKG100220
ALEXANDRE O PEQUENO
M
20/06/1995
(63) 03640-5389
ONIX
NKG-6732
10/02/19
20:45
125.79
4
JUNDIAI, LORENA, OSASCO, RIO DE JANEIRO, SAO JOSE DOS CAMPOS, SAO PAULO

AONL110819
ALEXANDRE O GRANDE
F
14/04/1994
(26) 89098-6850
CORSA
ONL-4068
11/08/19
19:39
154.37
3
JUNDIAI, RIO DE JANEIRO, SAO JOSE DOS CAMPOS, SAO PAULO, TAUBATE

BIJD150701
BRUNA MARQUEZINE
F
08/07/1999
(70) 68381-5316
COROLLA
IJD-7181
15/07/19
01:48
081.21
4
LORENA, SAO PAULO, SAO ROQUE

GTJY201119
GABRIEL THE ANGEL
M
02/07/1998
(94) 03290-5224
CORSA
TJY-3348
20/11/19
19:40
203.24
3
COTIA, JUNDIAI, LORENA, OSASCO, SAO JOSE DOS CAMPOS, SAO PAULO, TAUBATE

JMEK230200
JULIANA PAES
F
17/03/1993
(93) 81555-6733
CORSA
MEK-9792
23/02/19
00:15
212.78
2
COTIA, JUNDIAI, LORENA, OSASCO, RIO DE JANEIRO, SAO JOSE DOS CAMPOS, SAO PAULO, SAO ROQUE, SOROCABA

LSYM120623
LETICIA BASTOS
M
04/10/1989
(45) 48120-1418
FOX
SYM-1255
12/06/19
23:07
192.73
2
COTIA, LORENA, RIO DE JANEIRO, SAO JOSE DOS CAMPOS, SAO PAULO, SOROCABA

MGBZ080322
MATHEUS LIMA
F
12/11/1991
(60) 32900-3234
CELTA
GBZ-2557
08/03/19
22:49
022.53
4
COTIA, JUNDIAI, LORENA, OSASCO, SAO PAULO, SAO ROQUE, SOROCABA

RCRW170811
ROBERT NORMAL
F
11/12/1998
(54) 58348-5016
FUSCA
CRW-5861
17/08/19
11:03
117.23
2
COTIA, JUNDIAI, OSASCO, SAO PAULO, SAO ROQUE, SOROCABA

RFWY181209
ROBERT DOWNEY JUNIOR F :(
M
01/02/1999
(26) 73985-2834
ONIX
FWY-3827
18/12/19
09:13
236.96
1
COTIA, JUNDIAI, LORENA, OSASCO, RIO DE JANEIRO, SAO PAULO, SAO ROQUE, SOROCABA, TAUBATE

RRHV170712
ROBERT DOWNEY JUNIOR F :(
M
04/11/1993
(73) 30107-4965
CIVIC
RHV-7257
17/07/19
12:06
012.10
4
COTIA, JUNDIAI, OSASCO, RIO DE JANEIRO, SAO JOSE DOS CAMPOS, SAO PAULO, SAO ROQUE, SOROCABA

SKWQ181217
SABRINA SATO
F
26/07/1992
(35) 98419-0286
GOL
KWQ-1183
18/12/19
17:05
059.20
1
COTIA, JUNDIAI, OSASCO, SAO JOSE DOS CAMPOS, SAO PAULO, SAO ROQUE, SOROCABA, TAUBATE

TRLJ171205
TATIANA MONTEIRO
F
11/07/1998
(40) 29199-6198
CIVIC
RLJ-8286
17/12/19
05:15
163.57
3
COTIA, LORENA, RIO DE JANEIRO, SAO JOSE DOS CAMPOS, SAO PAULO, SAO ROQUE, SOROCABA

TWIR240710
TATIANA MONTEIRO
F
07/11/1995
(43) 98742-6290
CIVIC
WIR-6237
24/07/19
10:16
096.90
4
SAO JOSE DOS CAMPOS, SAO PAULO, SAO ROQUE

BIJD150701
BRUNA MARQUEZINE
F
08/07/1999
(70) 68381-5316
COROLLA
IJD-7181
15/07/19
01:48
081.21
4
LORENA, SAO PAULO, SAO ROQUE

BMAW120107
BRUNA MARQUEZINE
M
13/02/1998
(69) 38564-2362
FIT
MAW-9161
12/01/19
07:11
064.39
2
LORENA, OSASCO, SAO ROQUE

FMHD260316
FATIMA BERNARDES
M
12/03/1995
(87) 91455-6651
FIT
MHD-8319
26/03/19
16:43
024.55
2
JUNDIAI, RIO DE JANEIRO, SAO JOSE DOS CAMPOS, SAO ROQUE

JDDE161001
JULIANA MENDES
M
18/05/1994
(85) 88533-6981
UNO
DDE-8990
16/10/19
01:25
200.68
2
SAO ROQUE, TAUBATE

JMEK230200
JULIANA PAES
F
17/03/1993
(93) 81555-6733
CORSA
MEK-9792
23/02/19
00:15
212.78
2
COTIA, JUNDIAI, LORENA, OSASCO, RIO DE JANEIRO, SAO JOSE DOS CAMPOS, SAO PAULO, SAO ROQUE, SOROCABA

MBFZ191017
MATHEUS AUGUSTO
M
27/12/1997
(29) 24753-6170
CELTA
BFZ-2792
19/10/19
17:23
025.74
1
OSASCO, SAO JOSE DOS CAMPOS, SAO ROQUE

MGBZ080322
MATHEUS LIMA
F
12/11/1991
(60) 32900-3234
CELTA
GBZ-2557
08/03/19
22:49
022.53
4
COTIA, JUNDIAI, LORENA, OSASCO, SAO PAULO, SAO ROQUE, SOROCABA

MVEI160303
MATHEUS AUGUSTO
F
01/01/1997
(16) 15858-9457
CORSA
VEI-6817
16/03/19
03:07
171.33
4
COTIA, JUNDIAI, OSASCO, RIO DE JANEIRO, SAO JOSE DOS CAMPOS, SAO ROQUE, SOROCABA, TAUBATE

RCRW170811
ROBERT NORMAL
F
11/12/1998
(54) 58348-5016
FUSCA
CRW-5861
17/08/19
11:03
117.23
2
COTIA, JUNDIAI, OSASCO, SAO PAULO, SAO ROQUE, SOROCABA

RFWY181209
ROBERT DOWNEY JUNIOR F :(
M
01/02/1999
(26) 73985-2834
ONIX
FWY-3827
18/12/19
09:13
236.96
1
COTIA, JUNDIAI, LORENA, OSASCO, RIO DE JANEIRO, SAO PAULO, SAO ROQUE, SOROCABA, TAUBATE

RRHV170712
ROBERT DOWNEY JUNIOR F :(
M
04/11/1993
(73) 30107-4965
CIVIC
RHV-7257
17/07/19
12:06
012.10
4
COTIA, JUNDIAI, OSASCO, RIO DE JANEIRO, SAO JOSE DOS CAMPOS, SAO PAULO, SAO ROQUE, SOROCABA

SILY111220
SABRINA SATO
M
12/06/1994
(18) 87971-7823
GOL
ILY-6648
11/12/19
20:42
070.75
3
COTIA, JUNDIAI, LORENA, OSASCO, SAO JOSE DOS CAMPOS, SAO ROQUE

SKWQ181217
SABRINA SATO
F
26/07/1992
(35) 98419-0286
GOL
KWQ-1183
18/12/19
17:05
059.20
1
COTIA, JUNDIAI, OSASCO, SAO JOSE DOS CAMPOS, SAO PAULO, SAO ROQUE, SOROCABA, TAUBATE

SLGX030608
SABRINA SATO
M
11/05/1994
(57) 40578-2829
ONIX
LGX-7267
03/06/19
08:17
161.68
1
SAO ROQUE, TAUBATE

TRLJ171205
TATIANA MONTEIRO
F
11/07/1998
(40) 29199-6198
CIVIC
RLJ-8286
17/12/19
05:15
163.57
3
COTIA, LORENA, RIO DE JANEIRO, SAO JOSE DOS CAMPOS, SAO PAULO, SAO ROQUE, SOROCABA

TWIR240710
TATIANA MONTEIRO
F
07/11/1995
(43) 98742-6290
CIVIC
WIR-6237
24/07/19
10:16
096.90
4
SAO JOSE DOS CAMPOS, SAO PAULO, SAO ROQUE

JMEK230200
JULIANA PAES
F
17/03/1993
(93) 81555-6733
CORSA
MEK-9792
23/02/19
00:15
212.78
2
COTIA, JUNDIAI, LORENA, OSASCO, RIO DE JANEIRO, SAO JOSE DOS CAMPOS, SAO PAULO, SAO ROQUE, SOROCABA

LSYM120623
LETICIA BASTOS
M
04/10/1989
(45) 48120-1418
FOX
SYM-1255
12/06/19
23:07
192.73
2
COTIA, LORENA, RIO DE JANEIRO, SAO JOSE DOS CAMPOS, SAO PAULO, SOROCABA

MGBZ080322
MATHEUS LIMA
F
12/11/1991
(60) 32900-3234
CELTA
GBZ-2557
08/03/19
22:49
022.53
4
COTIA, JUNDIAI, LORENA, OSASCO, SAO PAULO, SAO ROQUE, SOROCABA

MVEI160303
MATHEUS AUGUSTO
F
01/01/1997
(16) 15858-9457
CORSA
VEI-6817
16/03/19
03:07
171.33
4
COTIA, JUNDIAI, OSASCO, RIO DE JANEIRO, SAO JOSE DOS CAMPOS, SAO ROQUE, SOROCABA, TAUBATE

RCRW170811
ROBERT NORMAL
F
11/12/1998
(54) 58348-5016
FUSCA
CRW-5861
17/08/19
11:03
117.23
2
COTIA, JUNDIAI, OSASCO, SAO PAULO, SAO ROQUE, SOROCABA

RFWY181209
ROBERT DOWNEY JUNIOR F :(
M
01/02/1999
(26) 73985-2834
ONIX
FWY-3827
18/12/19
09:13
236.96
1
COTIA, JUNDIAI, LORENA, OSASCO, RIO DE JANEIRO, SAO PAULO, SAO ROQUE, SOROCABA, TAUBATE

RRHV170712
ROBERT DOWNEY JUNIOR F :(
M
04/11/1993
(73) 30107-4965
CIVIC
RHV-7257
17/07/19
12:06
012.10
4
COTIA, JUNDIAI, OSASCO, RIO DE JANEIRO, SAO JOSE DOS CAMPOS, SAO PAULO, SAO ROQUE, SOROCABA

SKWQ181217
SABRINA SATO
F
26/07/1992
(35) 98419-0286
GOL
KWQ-1183
18/12/19
17:05
059.20
1
COTIA, JUNDIAI, OSASCO, SAO JOSE DOS CAMPOS, SAO PAULO, SAO ROQUE, SOROCABA, TAUBATE

TRLJ171205
TATIANA MONTEIRO
F
11/07/1998
(40) 29199-6198
CIVIC
RLJ-8286
17/12/19
05:15
163.57
3
COTIA, LORENA, RIO DE JANEIRO, SAO JOSE DOS CAMPOS, SAO PAULO, SAO ROQUE, SOROCABA

AONL110819
ALEXANDRE O GRANDE
F
14/04/1994
(26) 89098-6850
CORSA
ONL-4068
11/08/19
19:39
154.37
3
JUNDIAI, RIO DE JANEIRO, SAO JOSE DOS CAMPOS, SAO PAULO, TAUBATE

GTJY201119
GABRIEL THE ANGEL
M
02/07/1998
(94) 03290-5224
CORSA
TJY-3348
20/11/19
19:40
203.24
3
COTIA, JUNDIAI, LORENA, OSASCO, SAO JOSE DOS CAMPOS, SAO PAULO, TAUBATE

JDDE161001
JULIANA MENDES
M
18/05/1994
(85) 88533-6981
UNO
DDE-8990
16/10/19
01:25
200.68
2
SAO ROQUE, TAUBATE

MVEI160303
MATHEUS AUGUSTO
F
01/01/1997
(16) 15858-9457
CORSA
VEI-6817
16/03/19
03:07
171.33
4
COTIA, JUNDIAI, OSASCO, RIO DE JANEIRO, SAO JOSE DOS CAMPOS, SAO ROQUE, SOROCABA, TAUBATE

RFWY181209
ROBERT DOWNEY JUNIOR F :(
M
01/02/1999
(26) 73985-2834
ONIX
FWY-3827
18/12/19
09:13
236.96
1
COTIA, JUNDIAI, LORENA, OSASCO, RIO DE JANEIRO, SAO PAULO, SAO ROQUE, SOROCABA, TAUBATE

SKWQ181217
SABRINA SATO
F
26/07/1992
(35) 98419-0286
GOL
KWQ-1183
18/12/19
17:05
059.20
1
COTIA, JUNDIAI, OSASCO, SAO JOSE DOS CAMPOS, SAO PAULO, SAO ROQUE, SOROCABA, TAUBATE

SLGX030608
SABRINA SATO
M
11/05/1994
(57) 40578-2829
ONIX
LGX-7267
03/06/19
08:17
161.68
1
SAO ROQUE, TAUBATE
**********************LISTAR**********************
AHBB250708
ALEXANDRE O CHEGA NE
M
17/05/1995
(98) 93894-2614
COROLLA
HBB-5768
25/07/19
08:37
202.28
3
COTIA, SAO JOSE DOS CAMPOS

AKWU110113
ALEXANDRE O GRANDE
F
26/07/1997
(86) 82798-0289
ONIX
KWU-6640
11/01/19
13:05
175.98
3
COTIA, JUNDIAI, LORENA, OSASCO, SAO JOSE DOS CAMPOS

AONL110819
ALEXANDRE O GRANDE
F
14/04/1994
(26) 89098-6850
CORSA
ONL-4068
11/08/19
19:39
154.37
3
JUNDIAI, RIO DE JANEIRO, SAO JOSE DOS CAMPOS, SAO PAULO, TAUBATE

AAGG220416
ALEXANDRE O PEQUENO
M
18/09/1995
(57) 70048-6680
CELTA
AGG-9009
22/04/19
16:26
070.75
4
COTIA, LORENA, RIO DE JANEIRO, SAO JOSE DOS CAMPOS, SAO PAULO

ANKG100220
ALEXANDRE O PEQUENO
M
20/06/1995
(63) 03640-5389
ONIX
NKG-6732
10/02/19
20:45
125.79
4
JUNDIAI, LORENA, OSASCO, RIO DE JANEIRO, SAO JOSE DOS CAMPOS, SAO PAULO

BIJD150701
BRUNA MARQUEZINE
F
08/07/1999
(70) 68381-5316
COROLLA
IJD-7181
15/07/19
01:48
081.21
4
LORENA, SAO PAULO, SAO ROQUE

BMAW120107
BRUNA MARQUEZINE
M
13/02/1998
(69) 38564-2362
FIT
MAW-9161
12/01/19
07:11
064.39
2
LORENA, OSASCO, SAO ROQUE

EQSX191001
EDUARDO COSTA
F
09/04/1991
(05) 74520-7019
UNO
QSX-9375
19/10/19
01:49
129.39
4
JUNDIAI, RIO DE JANEIRO

FMHD260316
FATIMA BERNARDES
M
12/03/1995
(87) 91455-6651
FIT
MHD-8319
26/03/19
16:43
024.55
2
JUNDIAI, RIO DE JANEIRO, SAO JOSE DOS CAMPOS, SAO ROQUE

GTJY201119
GABRIEL THE ANGEL
M
02/07/1998
(94) 03290-5224
CORSA
TJY-3348
20/11/19
19:40
203.24
3
COTIA, JUNDIAI, LORENA, OSASCO, SAO JOSE DOS CAMPOS, SAO PAULO, TAUBATE

JDDE161001
JULIANA MENDES
M
18/05/1994
(85) 88533-6981
UNO
DDE-8990
16/10/19
01:25
200.68
2
SAO ROQUE, TAUBATE

JZOP060323
JULIANA MENDES
M
21/08/1995
(05) 54360-9416
GOL
ZOP-7219
06/03/19
23:58
038.07
2
COTIA, LORENA, OSASCO, SAO JOSE DOS CAMPOS

JMEK230200
JULIANA PAES
F
17/03/1993
(93) 81555-6733
CORSA
MEK-9792
23/02/19
00:15
212.78
2
COTIA, JUNDIAI, LORENA, OSASCO, RIO DE JANEIRO, SAO JOSE DOS CAMPOS, SAO PAULO, SAO ROQUE, SOROCABA

LSYM120623
LETICIA BASTOS
M
04/10/1989
(45) 48120-1418
FOX
SYM-1255
12/06/19
23:07
192.73
2
COTIA, LORENA, RIO DE JANEIRO, SAO JOSE DOS CAMPOS, SAO PAULO, SOROCABA

LDGM030917
LETICIA FERREIRA DOS SANTOS
M
27/06/1993
(62) 90198-9783
FUSCA
DGM-2898
03/09/19
17:53
147.99
3
COTIA, JUNDIAI

MBFZ191017
MATHEUS AUGUSTO
M
27/12/1997
(29) 24753-6170
CELTA
BFZ-2792
19/10/19
17:23
025.74
1
OSASCO, SAO JOSE DOS CAMPOS, SAO ROQUE

MVEI160303
MATHEUS AUGUSTO
F
01/01/1997
(16) 15858-9457
CORSA
VEI-6817
16/03/19
03:07
171.33
4
COTIA, JUNDIAI, OSASCO, RIO DE JANEIRO, SAO JOSE DOS CAMPOS, SAO ROQUE, SOROCABA, TAUBATE

MGBZ080322
MATHEUS LIMA
F
12/11/1991
(60) 32900-3234
CELTA
GBZ-2557
08/03/19
22:49
022.53
4
COTIA, JUNDIAI, LORENA, OSASCO, SAO PAULO, SAO ROQUE, SOROCABA

RFWY181209
ROBERT DOWNEY JUNIOR F :(
M
01/02/1999
(26) 73985-2834
ONIX
FWY-3827
18/12/19
09:13
236.96
1
COTIA, JUNDIAI, LORENA, OSASCO, RIO DE JANEIRO, SAO PAULO, SAO ROQUE, SOROCABA, TAUBATE

RRHV170712
ROBERT DOWNEY JUNIOR F :(
M
04/11/1993
(73) 30107-4965
CIVIC
RHV-7257
17/07/19
12:06
012.10
4
COTIA, JUNDIAI, OSASCO, RIO DE JANEIRO, SAO JOSE DOS CAMPOS, SAO PAULO, SAO ROQUE, SOROCABA

RCRW170811
ROBERT NORMAL
F
11/12/1998
(54) 58348-5016
FUSCA
CRW-5861
17/08/19
11:03
117.23
2
COTIA, JUNDIAI, OSASCO, SAO PAULO, SAO ROQUE, SOROCABA

SILY111220
SABRINA SATO
M
12/06/1994
(18) 87971-7823
GOL
ILY-6648
11/12/19
20:42
070.75
3
COTIA, JUNDIAI, LORENA, OSASCO, SAO JOSE DOS CAMPOS, SAO ROQUE

SKWQ181217
SABRINA SATO
F
26/07/1992
(35) 98419-0286
GOL
KWQ-1183
18/12/19
17:05
059.20
1
COTIA, JUNDIAI, OSASCO, SAO JOSE DOS CAMPOS, SAO PAULO, SAO ROQUE, SOROCABA, TAUBATE

SLGX030608
SABRINA SATO
M
11/05/1994
(57) 40578-2829
ONIX
LGX-7267
03/06/19
08:17
161.68
1
SAO ROQUE, TAUBATE

TRLJ171205
TATIANA MONTEIRO
F
11/07/1998
(40) 29199-6198
CIVIC
RLJ-8286
17/12/19
05:15
163.57
3
COTIA, LORENA, RIO DE JANEIRO, SAO JOSE DOS CAMPOS, SAO PAULO, SAO ROQUE, SOROCABA

TWIR240710
TATIANA MONTEIRO
F
07/11/1995
(43) 98742-6290
CIVIC
WIR-6237
24/07/19
10:16
096.90
4
SAO JOSE DOS CAMPOS, SAO PAULO, SAO ROQUE
**********************BUSCAR**********************
AAGG220416
ALEXANDRE O PEQUENO
M
18/09/1995
(57) 70048-6680
CELTA
AGG-9009
22/04/19
16:26
070.75
4
COTIA, LORENA, RIO DE JANEIRO, SAO JOSE DOS CAMPOS, SAO PAULO

AHBB250708
ALEXANDRE O CHEGA NE
M
17/05/1995
(98) 93894-2614
COROLLA
HBB-5768
25/07/19
08:37
202.28
3
COTIA, SAO JOSE DOS CAMPOS

AKWU110113
ALEXANDRE O GRANDE
F
26/07/1997
(86) 82798-0289
ONIX
KWU-6640
11/01/19
13:05
175.98
3
COTIA, JUNDIAI, LORENA, OSASCO, SAO JOSE DOS CAMPOS

ANKG100220
ALEXANDRE O PEQUENO
M
20/06/1995
(63) 03640-5389
ONIX
NKG-6732
10/02/19
20:45
125.79
4
JUNDIAI, LORENA, OSASCO, RIO DE JANEIRO, SAO JOSE DOS CAMPOS, SAO PAULO

AONL110819
ALEXANDRE O GRANDE
F
14/04/1994
(26) 89098-6850
CORSA
ONL-4068
11/08/19
19:39
154.37
3
JUNDIAI, RIO DE JANEIRO, SAO JOSE DOS CAMPOS, SAO PAULO, TAUBATE

FMHD260316
FATIMA BERNARDES
M
12/03/1995
(87) 91455-6651
FIT
MHD-8319
26/03/19
16:43
024.55
2
JUNDIAI, RIO DE JANEIRO, SAO JOSE DOS CAMPOS, SAO ROQUE

GTJY201119
GABRIEL THE ANGEL
M
02/07/1998
(94) 03290-5224
CORSA
TJY-3348
20/11/19
19:40
203.24
3
COTIA, JUNDIAI, LORENA, OSASCO, SAO JOSE DOS CAMPOS, SAO PAULO, TAUBATE

JMEK230200
JULIANA PAES
F
17/03/1993
(93) 81555-6733
CORSA
MEK-9792
23/02/19
00:15
212.78
2
COTIA, JUNDIAI, LORENA, OSASCO, RIO DE JANEIRO, SAO JOSE DOS CAMPOS, SAO PAULO, SAO ROQUE, SOROCABA

JZOP060323
JULIANA MENDES
M
21/08/1995
(05) 54360-9416
GOL
ZOP-7219
06/03/19
23:58
038.07
2
COTIA, LORENA, OSASCO, SAO JOSE DOS CAMPOS

LSYM120623
LETICIA BASTOS
M
04/10/1989
(45) 48120-1418
FOX
SYM-1255
12/06/19
23:07
192.73
2
COTIA, LORENA, RIO DE JANEIRO, SAO JOSE DOS CAMPOS, SAO PAULO, SOROCABA

MBFZ191017
MATHEUS AUGUSTO
M
27/12/1997
(29) 24753-6170
CELTA
BFZ-2792
19/10/19
17:23
025.74
1
OSASCO, SAO JOSE DOS CAMPOS, SAO ROQUE

MVEI160303
MATHEUS AUGUSTO
F
01/01/1997
(16) 15858-9457
CORSA
VEI-6817
16/03/19
03:07
171.33
4
COTIA, JUNDIAI, OSASCO, RIO DE JANEIRO, SAO JOSE DOS CAMPOS, SAO ROQUE, SOROCABA, TAUBATE

RRHV170712
ROBERT DOWNEY JUNIOR F :(
M
04/11/1993
(73) 30107-4965
CIVIC
RHV-7257
17/07/19
12:06
012.10
4
COTIA, JUNDIAI, OSASCO, RIO DE JANEIRO, SAO JOSE DOS CAMPOS, SAO PAULO, SAO ROQUE, SOROCABA

SILY111220
SABRINA SATO
M
12/06/1994
(18) 87971-7823
GOL
ILY-6648
11/12/19
20:42
070.75
3
COTIA, JUNDIAI, LORENA, OSASCO, SAO JOSE DOS CAMPOS, SAO ROQUE

SKWQ181217
SABRINA SATO
F
26/07/1992
(35) 98419-0286
GOL
KWQ-1183
18/12/19
17:05
059.20
1
COTIA, JUNDIAI, OSASCO, SAO JOSE DOS CAMPOS, SAO PAULO, SAO ROQUE, SOROCABA, TAUBATE

TRLJ171205
TATIANA MONTEIRO
F
11/07/1998
(40) 29199-6198
CIVIC
RLJ-8286
17/12/19
05:15
163.57
3
COTIA, LORENA, RIO DE JANEIRO, SAO JOSE DOS CAMPOS, SAO PAULO, SAO ROQUE, SOROCABA

TWIR240710
TATIANA MONTEIRO
F
07/11/1995
(43) 98742-6290
CIVIC
WIR-6237
24/07/19
10:16
096.90
4
SAO JOSE DOS CAMPOS, SAO PAULO, SAO ROQUE
**********************LISTAR**********************
AKWU110113
ALEXANDRE O GRANDE
F
26/07/1997
(86) 82798-0289
ONIX
KWU-6640
11/01/19
13:05
175.98
3
COTIA, JUNDIAI, LORENA, OSASCO, SAO JOSE DOS CAMPOS

BMAW120107
BRUNA MARQUEZINE
M
13/02/1998
(69) 38564-2362
FIT
MAW-9161
12/01/19
07:11
064.39
2
LORENA, OSASCO, SAO ROQUE

ANKG100220
ALEXANDRE O PEQUENO
M
20/06/1995
(63) 03640-5389
ONIX
NKG-6732
10/02/19
20:45
125.79
4
JUNDIAI, LORENA, OSASCO, RIO DE JANEIRO, SAO JOSE DOS CAMPOS, SAO PAULO

JMEK230200
JULIANA PAES
F
17/03/1993
(93) 81555-6733
CORSA
MEK-9792
23/02/19
00:15
212.78
2
COTIA, JUNDIAI, LORENA, OSASCO, RIO DE JANEIRO, SAO JOSE DOS CAMPOS, SAO PAULO, SAO ROQUE, SOROCABA

JZOP060323
JULIANA MENDES
M
21/08/1995
(05) 54360-9416
GOL
ZOP-7219
06/03/19
23:58
038.07
2
COTIA, LORENA, OSASCO, SAO JOSE DOS CAMPOS

MGBZ080322
MATHEUS LIMA
F
12/11/1991
(60) 32900-3234
CELTA
GBZ-2557
08/03/19
22:49
022.53
4
COTIA, JUNDIAI, LORENA, OSASCO, SAO PAULO, SAO ROQUE, SOROCABA

MVEI160303
MATHEUS AUGUSTO
F
01/01/1997
(16) 15858-9457
CORSA
VEI-6817
16/03/19
03:07
171.33
4
COTIA, JUNDIAI, OSASCO, RIO DE JANEIRO, SAO JOSE DOS CAMPOS, SAO ROQUE, SOROCABA, TAUBATE

FMHD260316
FATIMA BERNARDES
M
12/03/1995
(87) 91455-6651
FIT
MHD-8319
26/03/19
16:43
024.55
2
JUNDIAI, RIO DE JANEIRO, SAO JOSE DOS CAMPOS, SAO ROQUE

AAGG220416
ALEXANDRE O PEQUENO
M
18/09/1995
(57) 70048-6680
CELTA
AGG-9009
22/04/19
16:26
070.75
4
COTIA, LORENA, RIO DE JANEIRO, SAO JOSE DOS CAMPOS, SAO PAULO

SLGX030608
SABRINA SATO
M
11/05/1994
(57) 40578-2829
ONIX
LGX-7267
03/06/19
08:17
161.68
1
SAO ROQUE, TAUBATE

LSYM120623
LETICIA BASTOS
M
04/10/1989
(45) 48120-1418
FOX
SYM-1255
12/06/19
23:07
192.73
2
COTIA, LORENA, RIO DE JANEIRO, SAO JOSE DOS CAMPOS, SAO PAULO, SOROCABA

BIJD150701
BRUNA MARQUEZINE
F
08/07/1999
(70) 68381-5316
COROLLA
IJD-7181
15/07/19
01:48
081.21
4
LORENA, SAO PAULO, SAO ROQUE

RRHV170712
ROBERT DOWNEY JUNIOR F :(
M
04/11/1993
(73) 30107-4965
CIVIC
RHV-7257
17/07/19
12:06
012.10
4
COTIA, JUNDIAI, OSASCO, RIO DE JANEIRO, SAO JOSE DOS CAMPOS, SAO PAULO, SAO ROQUE, SOROCABA

TWIR240710
TATIANA MONTEIRO
F
07/11/1995
(43) 98742-6290
CIVIC
WIR-6237
24/07/19
10:16
096.90
4
SAO JOSE DOS CAMPOS, SAO PAULO, SAO ROQUE

AHBB250708
ALEXANDRE O CHEGA NE
M
17/05/1995
(98) 93894-2614
COROLLA
HBB-5768
25/07/19
08:37
202.28
3
COTIA, SAO JOSE DOS CAMPOS

AONL110819
ALEXANDRE O GRANDE
F
14/04/1994
(26) 89098-6850
CORSA
ONL-4068
11/08/19
19:39
154.37
3
JUNDIAI, RIO DE JANEIRO, SAO JOSE DOS CAMPOS, SAO PAULO, TAUBATE

RCRW170811
ROBERT NORMAL
F
11/12/1998
(54) 58348-5016
FUSCA
CRW-5861
17/08/19
11:03
117.23
2
COTIA, JUNDIAI, OSASCO, SAO PAULO, SAO ROQUE, SOROCABA

LDGM030917
LETICIA FERREIRA DOS SANTOS
M
27/06/1993
(62) 90198-9783
FUSCA
DGM-2898
03/09/19
17:53
147.99
3
COTIA, JUNDIAI

JDDE161001
JULIANA MENDES
M
18/05/1994
(85) 88533-6981
UNO
DDE-8990
16/10/19
01:25
200.68
2
SAO ROQUE, TAUBATE

EQSX191001
EDUARDO COSTA
F
09/04/1991
(05) 74520-7019
UNO
QSX-9375
19/10/19
01:49
129.39
4
JUNDIAI, RIO DE JANEIRO

MBFZ191017
MATHEUS AUGUSTO
M
27/12/1997
(29) 24753-6170
CELTA
BFZ-2792
19/10/19
17:23
025.74
1
OSASCO, SAO JOSE DOS CAMPOS, SAO ROQUE

GTJY201119
GABRIEL THE ANGEL
M
02/07/1998
(94) 03290-5224
CORSA
TJY-3348
20/11/19
19:40
203.24
3
COTIA, JUNDIAI, LORENA, OSASCO, SAO JOSE DOS CAMPOS, SAO PAULO, TAUBATE

SILY111220
SABRINA SATO
M
12/06/1994
(18) 87971-7823
GOL
ILY-6648
11/12/19
20:42
070.75
3
COTIA, JUNDIAI, LORENA, OSASCO, SAO JOSE DOS CAMPOS, SAO ROQUE

TRLJ171205
TATIANA MONTEIRO
F
11/07/1998
(40) 29199-6198
CIVIC
RLJ-8286
17/12/19
05:15
163.57
3
COTIA, LORENA, RIO DE JANEIRO, SAO JOSE DOS CAMPOS, SAO PAULO, SAO ROQUE, SOROCABA

RFWY181209
ROBERT DOWNEY JUNIOR F :(
M
01/02/1999
(26) 73985-2834
ONIX
FWY-3827
18/12/19
09:13
236.96
1
COTIA, JUNDIAI, LORENA, OSASCO, RIO DE JANEIRO, SAO PAULO, SAO ROQUE, SOROCABA, TAUBATE

SKWQ181217
SABRINA SATO
F
26/07/1992
(35) 98419-0286
GOL
KWQ-1183
18/12/19
17:05
059.20
1
COTIA, JUNDIAI, OSASCO, SAO JOSE DOS CAMPOS, SAO PAULO, SAO ROQUE, SOROCABA, TAUBATE
*****************ARQUIVO SECUNDARIO****************
COTIA AAGG220416 AHBB250708 AKWU110113 GTJY201119 JMEK230200 JZOP060323 LDGM030917 LSYM120623 MGBZ080322 MVEI160303 RCRW170811 RFWY181209 RRHV170712 SILY111220 SKWQ181217 TRLJ171205
JUNDIAI AKWU110113 ANKG100220 AONL110819 EQSX191001 FMHD260316 GTJY201119 JMEK230200 LDGM030917 MGBZ080322 MVEI160303 RCRW170811 RFWY181209 RRHV170712 SILY111220 SKWQ181217
LORENA AAGG220416 AKWU110113 ANKG100220 BIJD150701 BMAW120107 GTJY201119 JMEK230200 JZOP060323 LSYM120623 MGBZ080322 RFWY181209 SILY111220 TRLJ171205
OSASCO AKWU110113 ANKG100220 BMAW120107 GTJY201119 JMEK230200 JZOP060323 MBFZ191017 MGBZ080322 MVEI160303 RCRW170811 RFWY181209 RRHV170712 SILY111220 SKWQ181217
RIO DE JANEIRO AAGG220416 ANKG100220 AONL110819 EQSX191001 FMHD260316 JMEK230200 LSYM120623 MVEI160303 RFWY181209 RRHV170712 TRLJ171205
SAO JOSE DOS CAMPOS AAGG220416 AHBB250708 AKWU110113 ANKG100220 AONL110819 FMHD260316 GTJY201119 JMEK230200 JZOP060323 LSYM120623 MBFZ191017 MVEI160303 RRHV170712 SILY111220 SKWQ181217 TRLJ171205 TWIR240710
SAO PAULO AAGG220416 ANKG100220 AONL110819 BIJD150701 GTJY201119 JMEK230200 LSYM120623 MGBZ080322 RCRW170811 RFWY181209 RRHV170712 SKWQ181217 TRLJ171205 TWIR240710
SAO ROQUE BIJD150701 BMAW120107 FMHD260316 JDDE161001 JMEK230200 MBFZ191017 MGBZ080322 MVEI160303 RCRW170811 RFWY181209 RRHV170712 SILY111220 SKWQ181217 SLGX030608 TRLJ171205 TWIR240710
SOROCABA JMEK230200 LSYM120623 MGBZ080322 MVEI160303 RCRW170811 RFWY181209 RRHV170712 SKWQ181217 TRLJ171205
TAUBATE AONL110819 GTJY201119 JDDE161001 MVEI160303 RFWY181209 SKWQ181217 SLGX030608
**********************ARQUIVO*********************
LETICIA FERREIRA DOS SANTOS@M@27/06/1993@(62) 90198-9783@FUSCA@DGM-2898@COTIA|JUNDIAI@03/09/19@17:53@147.99@3@##################################################################################################################################################BRUNA MARQUEZINE@M@13/02/1998@(69) 38564-2362@FIT@MAW-9161@LORENA|OSASCO|SAO ROQUE@12/01/19@07:11@064.39@2@#####################################################################################################################################################ROBERT DOWNEY JUNIOR F :(@M@01/02/1999@(26) 73985-2834@ONIX@FWY-3827@COTIA|JUNDIAI|LORENA|OSASCO|RIO DE JANEIRO|SAO PAULO|SAO ROQUE|SOROCABA|TAUBATE@18/12/19@09:13@236.96@1@###################################################################################ALEXANDRE O CHEGA NE@M@17/05/1995@(98) 93894-2614@COROLLA@HBB-5768@COTIA|SAO JOSE DOS CAMPOS@25/07/19@08:37@202.28@3@###########################################################################################################################################TATIANA MONTEIRO@F@11/07/1998@(40) 29199-6198@CIVIC@RLJ-8286@COTIA|LORENA|RIO DE JANEIRO|SAO JOSE DOS CAMPOS|SAO PAULO|SAO ROQUE|SOROCABA@17/12/19@05:15@163.57@3@##############################################################################################ALEXANDRE O PEQUENO@M@20/06/1995@(63) 03640-5389@ONIX@NKG-6732@JUNDIAI|LORENA|OSASCO|RIO DE JANEIRO|SAO JOSE DOS CAMPOS|SAO PAULO@10/02/19@20:45@125.79@4@######################################################################################################TATIANA MONTEIRO@F@07/11/1995@(43) 98742-6290@CIVIC@WIR-6237@SAO JOSE DOS CAMPOS|SAO PAULO|SAO ROQUE@24/07/19@10:16@096.90@4@###################################################################################################################################ALEXANDRE O GRANDE@F@26/07/1997@(86) 82798-0289@ONIX@KWU-6640@COTIA|JUNDIAI|LORENA|OSASCO|SAO JOSE DOS CAMPOS@11/01/19@13:05@175.98@3@##########################################################################################################################EDUARDO COSTA@F@09/04/1991@(05) 74520-7019@UNO@QSX-9375@JUNDIAI|RIO DE JANEIRO@19/10/19@01:49@129.39@4@#########################################################################################################################################################GABRIEL THE ANGEL@M@02/07/1998@(94) 03290-5224@CORSA@TJY-3348@COTIA|JUNDIAI|LORENA|OSASCO|SAO JOSE DOS CAMPOS|SAO PAULO|TAUBATE@20/11/19@19:40@203.24@3@########################################################################################################MATHEUS LIMA@F@12/11/1991@(60) 32900-3234@CELTA@GBZ-2557@COTIA|JUNDIAI|LORENA|OSASCO|SAO PAULO|SAO ROQUE|SOROCABA@08/03/19@22:49@022.53@4@######################################################################################################################JULIANA PAES@F@17/03/1993@(93) 81555-6733@CORSA@MEK-9792@COTIA|JUNDIAI|LORENA|OSASCO|RIO DE JANEIRO|SAO JOSE DOS CAMPOS|SAO PAULO|SAO ROQUE|SOROCABA@23/02/19@00:15@212.78@2@###################################################################################SABRINA SATO@F@26/07/1992@(35) 98419-0286@GOL@KWQ-1183@COTIA|JUNDIAI|OSASCO|SAO JOSE DOS CAMPOS|SAO PAULO|SAO ROQUE|SOROCABA|TAUBATE@18/12/19@17:05@059.20@1@###################################################################################################FATIMA BERNARDES@M@12/03/1995@(87) 91455-6651@FIT@MHD-8319@JUNDIAI|RIO DE JANEIRO|SAO JOSE DOS CAMPOS|SAO ROQUE@26/03/19@16:43@024.55@2@########################################################################################################################BRUNA MARQUEZINE@F@08/07/1999@(70) 68381-5316@COROLLA@IJD-7181@LORENA|SAO PAULO|SAO ROQUE@15/07/19@01:48@081.21@4@##############################################################################################################################################MATHEUS AUGUSTO@M@27/12/1997@(29) 24753-6170@CELTA@BFZ-2792@OSASCO|SAO JOSE DOS CAMPOS|SAO ROQUE@19/10/19@17:23@025.74@1@#######################################################################################################################################MATHEUS AUGUSTO@F@01/01/1997@(16) 15858-9457@CORSA@VEI-6817@COTIA|JUNDIAI|OSASCO|RIO DE JANEIRO|SAO JOSE DOS CAMPOS|SAO ROQUE|SOROCABA|TAUBATE@16/03/19@03:07@171.33@4@#########################################################################################ALEXANDRE O PEQUENO@M@18/09/1995@(57) 70048-6680@CELTA@AGG-9009@COTIA|LORENA|RIO DE JANEIRO|SAO JOSE DOS CAMPOS|SAO PAULO@22/04/19@16:26@070.75@4@##############################################################################################################ROBERT NORMAL@F@11/12/1998@(54) 58348-5016@FUSCA@CRW-5861@COTIA|JUNDIAI|OSASCO|SAO PAULO|SAO ROQUE|SOROCABA@17/08/19@11:03@117.23@2@############################################################################################################################SABRINA SATO@M@11/05/1994@(57) 40578-2829@ONIX@LGX-7267@SAO ROQUE|TAUBATE@03/06/19@08:17@161.68@1@##############################################################################################################################################################JULIANA MENDES@M@21/08/1995@(05) 54360-9416@GOL@ZOP-7219@COTIA|LORENA|OSASCO|SAO JOSE DOS CAMPOS@06/03/19@23:58@038.07@2@#######################################################################################################################################SABRINA SATO@M@12/06/1994@(18) 87971-7823@GOL@ILY-6648@COTIA|JUNDIAI|LORENA|OSASCO|SAO JOSE DOS CAMPOS|SAO ROQUE@11/12/19@20:42@070.75@3@#######################################################################################################################JULIANA MENDES@M@18/05/1994@(85) 88533-6981@UNO@DDE-8990@SAO ROQUE|TAUBATE@16/10/19@01:25@200.68@2@#############################################################################################################################################################LETICIA BASTOS@M@04/10/1989@(45) 48120-1418@FOX@SYM-1255@COTIA|LORENA|RIO DE JANEIRO|SAO JOSE DOS CAMPOS|SAO PAULO|SOROCABA@12/06/19@23:07@192.73@2@############################################################################################################ALEXANDRE O GRANDE@F@14/04/1994@(26) 89098-6850@CORSA@ONL-4068@JUNDIAI|RIO DE JANEIRO|SAO JOSE DOS CAMPOS|SAO PAULO|TAUBATE@11/08/19@19:39@154.37@3@############################################################################################################ROBERT DOWNEY JUNIOR F :(@M@04/11/1993@(73) 30107-4965@CIVIC@RHV-7257@COTIA|JUNDIAI|OSASCO|RIO DE JANEIRO|SAO JOSE DOS CAMPOS|SAO PAULO|SAO ROQUE|SOROCABA@17/07/19@12:06@012.10@4@#############################################################################
