**********************LISTAR**********************
AKWU110113
ALEXANDRE O GRANDE
F
26/07/1997
(86) 82798-0289
ONIX
KWU-6640
11/01/19
13:05
175.98
3
COTIA, JUNDIAI, LORENA, OSASCO, SAO JOSE DOS CAMPOS

BMAW120107
BRUNA MARQUEZINE
M
13/02/1998
(69) 38564-2362
FIT
MAW-9161
12/01/19
07:11
064.39
2
LORENA, OSASCO, SAO ROQUE

ANKG100220
ALEXANDRE O PEQUENO
M
20/06/1995
(63) 03640-5389
ONIX
NKG-6732
10/02/19
20:45
125.79
4
JUNDIAI, LORENA, OSASCO, RIO DE JANEIRO, SAO JOSE DOS CAMPOS, SAO PAULO

JMEK230200
JULIANA PAES
F
17/03/1993
(93) 81555-6733
CORSA
MEK-9792
23/02/19
00:15
212.78
2
COTIA, JUNDIAI, LORENA, OSASCO, RIO DE JANEIRO, SAO JOSE DOS CAMPOS, SAO PAULO, SAO ROQUE, SOROCABA

MGBZ080322
MATHEUS LIMA
F
12/11/1991
(60) 32900-3234
CELTA
GBZ-2557
08/03/19
22:49
022.53
4
COTIA, JUNDIAI, LORENA, OSASCO, SAO PAULO, SAO ROQUE, SOROCABA

FMHD260316
FATIMA BERNARDES
M
12/03/1995
(87) 91455-6651
FIT
MHD-8319
26/03/19
16:43
024.55
2
JUNDIAI, RIO DE JANEIRO, SAO JOSE DOS CAMPOS, SAO ROQUE

BIJD150701
BRUNA MARQUEZINE
F
08/07/1999
(70) 68381-5316
COROLLA
IJD-7181
15/07/19
01:48
081.21
4
LORENA, SAO PAULO, SAO ROQUE

TWIR240710
TATIANA MONTEIRO
F
07/11/1995
(43) 98742-6290
CIVIC
WIR-6237
24/07/19
10:16
096.90
4
SAO JOSE DOS CAMPOS, SAO PAULO, SAO ROQUE

AHBB250708
ALEXANDRE O CHEGA NE
M
17/05/1995
(98) 93894-2614
COROLLA
HBB-5768
25/07/19
08:37
202.28
3
COTIA, SAO JOSE DOS CAMPOS

LDGM030917
LETICIA FERREIRA DOS SANTOS
M
27/06/1993
(62) 90198-9783
FUSCA
DGM-2898
03/09/19
17:53
147.99
3
COTIA, JUNDIAI

EQSX191001
EDUARDO COSTA
F
09/04/1991
(05) 74520-7019
UNO
QSX-9375
19/10/19
01:49
129.39
4
JUNDIAI, RIO DE JANEIRO

GTJY201119
GABRIEL THE ANGEL
M
02/07/1998
(94) 03290-5224
CORSA
TJY-3348
20/11/19
19:40
203.24
3
COTIA, JUNDIAI, LORENA, OSASCO, SAO JOSE DOS CAMPOS, SAO PAULO, TAUBATE

TRLJ171205
TATIANA MONTEIRO
F
11/07/1998
(40) 29199-6198
CIVIC
RLJ-8286
17/12/19
05:15
163.57
3
COTIA, LORENA, RIO DE JANEIRO, SAO JOSE DOS CAMPOS, SAO PAULO, SAO ROQUE, SOROCABA

RFWY181209
ROBERT DOWNEY JUNIOR F :(
M
01/02/1999
(26) 73985-2834
ONIX
FWY-3827
18/12/19
09:13
236.96
1
COTIA, JUNDIAI, LORENA, OSASCO, RIO DE JANEIRO, SAO PAULO, SAO ROQUE, SOROCABA, TAUBATE

SKWQ181217
SABRINA SATO
F
26/07/1992
(35) 98419-0286
GOL
KWQ-1183
18/12/19
17:05
059.20
1
COTIA, JUNDIAI, OSASCO, SAO JOSE DOS CAMPOS, SAO PAULO, SAO ROQUE, SOROCABA, TAUBATE
**********************ALTERAR*********************
OPERACAO REALIZADA COM SUCESSO!
**********************BUSCAR**********************
Registro(s) nao encontrado!
**********************LISTAR**********************
AKWU110113
ALEXANDRE O GRANDE
F
26/07/1997
(86) 82798-0289
ONIX
KWU-6640
11/01/19
13:05
175.98
3
COTIA, JUNDIAI, LORENA, OSASCO, SAO JOSE DOS CAMPOS

JMEK230200
JULIANA PAES
F
17/03/1993
(93) 81555-6733
CORSA
MEK-9792
23/02/19
00:15
212.78
2
COTIA, JUNDIAI, LORENA, OSASCO, RIO DE JANEIRO, SAO JOSE DOS CAMPOS, SAO PAULO, SAO ROQUE, SOROCABA

MGBZ080322
MATHEUS LIMA
F
12/11/1991
(60) 32900-3234
CELTA
GBZ-2557
08/03/19
22:49
022.53
4
COTIA, JUNDIAI, LORENA, OSASCO, SAO PAULO, SAO ROQUE, SOROCABA

AHBB250708
ALEXANDRE O CHEGA NE
M
17/05/1995
(98) 93894-2614
COROLLA
HBB-5768
25/07/19
08:37
202.28
3
COTIA, SAO JOSE DOS CAMPOS

LDGM030917
LETICIA FERREIRA DOS SANTOS
M
27/06/1993
(62) 90198-9783
FUSCA
DGM-2898
03/09/19
17:53
147.99
3
COTIA, JUNDIAI

GTJY201119
GABRIEL THE ANGEL
M
02/07/1998
(94) 03290-5224
CORSA
TJY-3348
20/11/19
19:40
203.24
3
COTIA, JUNDIAI, LORENA, OSASCO, SAO JOSE DOS CAMPOS, SAO PAULO, TAUBATE

TRLJ171205
TATIANA MONTEIRO
F
11/07/1998
(40) 29199-6198
CIVIC
RLJ-8286
17/12/19
05:15
163.57
3
COTIA, LORENA, RIO DE JANEIRO, SAO JOSE DOS CAMPOS, SAO PAULO, SAO ROQUE, SOROCABA

RFWY181209
ROBERT DOWNEY JUNIOR F :(
M
01/02/1999
(26) 73985-2834
ONIX
FWY-3827
18/12/19
09:13
236.96
1
COTIA, JUNDIAI, LORENA, OSASCO, RIO DE JANEIRO, SAO PAULO, SAO ROQUE, SOROCABA, TAUBATE

SKWQ181217
SABRINA SATO
F
26/07/1992
(35) 98419-0286
GOL
KWQ-1183
18/12/19
17:05
059.20
1
COTIA, JUNDIAI, OSASCO, SAO JOSE DOS CAMPOS, SAO PAULO, SAO ROQUE, SOROCABA, TAUBATE

AKWU110113
ALEXANDRE O GRANDE
F
26/07/1997
(86) 82798-0289
ONIX
KWU-6640
11/01/19
13:05
175.98
3
COTIA, JUNDIAI, LORENA, OSASCO, SAO JOSE DOS CAMPOS

ANKG100220
ALEXANDRE O PEQUENO
M
20/06/1995
(63) 03640-5389
ONIX
NKG-6732
10/02/19
20:45
125.79
4
JUNDIAI, LORENA, OSASCO, RIO DE JANEIRO, SAO JOSE DOS CAMPOS, SAO PAULO

JMEK230200
JULIANA PAES
F
17/03/1993
(93) 81555-6733
CORSA
MEK-9792
23/02/19
00:15
212.78
2
COTIA, JUNDIAI, LORENA, OSASCO, RIO DE JANEIRO, SAO JOSE DOS CAMPOS, SAO PAULO, SAO ROQUE, SOROCABA

MGBZ080322
MATHEUS LIMA
F
12/11/1991
(60) 32900-3234
CELTA
GBZ-2557
08/03/19
22:49
022.53
4
COTIA, JUNDIAI, LORENA, OSASCO, SAO PAULO, SAO ROQUE, SOROCABA

FMHD260316
FATIMA BERNARDES
M
12/03/1995
(87) 91455-6651
FIT
MHD-8319
26/03/19
16:43
024.55
2
JUNDIAI, RIO DE JANEIRO, SAO JOSE DOS CAMPOS, SAO ROQUE

LDGM030917
LETICIA FERREIRA DOS SANTOS
M
27/06/1993
(62) 90198-9783
FUSCA
DGM-2898
03/09/19
17:53
147.99
3
COTIA, JUNDIAI

EQSX191001
EDUARDO COSTA
F
09/04/1991
(05) 74520-7019
UNO
QSX-9375
19/10/19
01:49
129.39
4
JUNDIAI, RIO DE JANEIRO

GTJY201119
GABRIEL THE ANGEL
M
02/07/1998
(94) 03290-5224
CORSA
TJY-3348
20/11/19
19:40
203.24
3
COTIA, JUNDIAI, LORENA, OSASCO, SAO JOSE DOS CAMPOS, SAO PAULO, TAUBATE

RFWY181209
ROBERT DOWNEY JUNIOR F :(
M
01/02/1999
(26) 73985-2834
ONIX
FWY-3827
18/12/19
09:13
236.96
1
COTIA, JUNDIAI, LORENA, OSASCO, RIO DE JANEIRO, SAO PAULO, SAO ROQUE, SOROCABA, TAUBATE

SKWQ181217
SABRINA SATO
F
26/07/1992
(35) 98419-0286
GOL
KWQ-1183
18/12/19
17:05
059.20
1
COTIA, JUNDIAI, OSASCO, SAO JOSE DOS CAMPOS, SAO PAULO, SAO ROQUE, SOROCABA, TAUBATE

AKWU110113
ALEXANDRE O GRANDE
F
26/07/1997
(86) 82798-0289
ONIX
KWU-6640
11/01/19
13:05
175.98
3
COTIA, JUNDIAI, LORENA, OSASCO, SAO JOSE DOS CAMPOS

BMAW120107
BRUNA MARQUEZINE
M
13/02/1998
(69) 38564-2362
FIT
MAW-9161
12/01/19
07:11
064.39
2
LORENA, OSASCO, SAO ROQUE

ANKG100220
ALEXANDRE O PEQUENO
M
20/06/1995
(63) 03640-5389
ONIX
NKG-6732
10/02/19
20:45
125.79
4
JUNDIAI, LORENA, OSASCO, RIO DE JANEIRO, SAO JOSE DOS CAMPOS, SAO PAULO

JMEK230200
JULIANA PAES
F
17/03/1993
(93) 81555-6733
CORSA
MEK-9792
23/02/19
00:15
212.78
2
COTIA, JUNDIAI, LORENA, OSASCO, RIO DE JANEIRO, SAO JOSE DOS CAMPOS, SAO PAULO, SAO ROQUE, SOROCABA

MGBZ080322
MATHEUS LIMA
F
12/11/1991
(60) 32900-3234
CELTA
GBZ-2557
08/03/19
22:49
022.53
4
COTIA, JUNDIAI, LORENA, OSASCO, SAO PAULO, SAO ROQUE, SOROCABA

BIJD150701
BRUNA MARQUEZINE
F
08/07/1999
(70) 68381-5316
COROLLA
IJD-7181
15/07/19
01:48
081.21
4
LORENA, SAO PAULO, SAO ROQUE

GTJY201119
GABRIEL THE ANGEL
M
02/07/1998
(94) 03290-5224
CORSA
TJY-3348
20/11/19
19:40
203.24
3
COTIA, JUNDIAI, LORENA, OSASCO, SAO JOSE DOS CAMPOS, SAO PAULO, TAUBATE

TRLJ171205
TATIANA MONTEIRO
F
11/07/1998
(40) 29199-6198
CIVIC
RLJ-8286
17/12/19
05:15
163.57
3
COTIA, LORENA, RIO DE JANEIRO, SAO JOSE DOS CAMPOS, SAO PAULO, SAO ROQUE, SOROCABA

RFWY181209
ROBERT DOWNEY JUNIOR F :(
M
01/02/1999
(26) 73985-2834
ONIX
FWY-3827
18/12/19
09:13
236.96
1
COTIA, JUNDIAI, LORENA, OSASCO, RIO DE JANEIRO, SAO PAULO, SAO ROQUE, SOROCABA, TAUBATE

AKWU110113
ALEXANDRE O GRANDE
F
26/07/1997
(86) 82798-0289
ONIX
KWU-6640
11/01/19
13:05
175.98
3
COTIA, JUNDIAI, LORENA, OSASCO, SAO JOSE DOS CAMPOS

BMAW120107
BRUNA MARQUEZINE
M
13/02/1998
(69) 38564-2362
FIT
MAW-9161
12/01/19
07:11
064.39
2
LORENA, OSASCO, SAO ROQUE

ANKG100220
ALEXANDRE O PEQUENO
M
20/06/1995
(63) 03640-5389
ONIX
NKG-6732
10/02/19
20:45
125.79
4
JUNDIAI, LORENA, OSASCO, RIO DE JANEIRO, SAO JOSE DOS CAMPOS, SAO PAULO

JMEK230200
JULIANA PAES
F
17/03/1993
(93) 81555-6733
CORSA
MEK-9792
23/02/19
00:15
212.78
2
COTIA, JUNDIAI, LORENA, OSASCO, RIO DE JANEIRO, SAO JOSE DOS CAMPOS, SAO PAULO, SAO ROQUE, SOROCABA

MGBZ080322
MATHEUS LIMA
F
12/11/1991
(60) 32900-3234
CELTA
GBZ-2557
08/03/19
22:49
022.53
4
COTIA, JUNDIAI, LORENA, OSASCO, SAO PAULO, SAO ROQUE, SOROCABA

GTJY201119
GABRIEL THE ANGEL
M
02/07/1998
(94) 03290-5224
CORSA
TJY-3348
20/11/19
19:40
203.24
3
COTIA, JUNDIAI, LORENA, OSASCO, SAO JOSE DOS CAMPOS, SAO PAULO, TAUBATE

RFWY181209
ROBERT DOWNEY JUNIOR F :(
M
01/02/1999
(26) 73985-2834
ONIX
FWY-3827
18/12/19
09:13
236.96
1
COTIA, JUNDIAI, LORENA, OSASCO, RIO DE JANEIRO, SAO PAULO, SAO ROQUE, SOROCABA, TAUBATE

SKWQ181217
SABRINA SATO
F
26/07/1992
(35) 98419-0286
GOL
KWQ-1183
18/12/19
17:05
059.20
1
COTIA, JUNDIAI, OSASCO, SAO JOSE DOS CAMPOS, SAO PAULO, SAO ROQUE, SOROCABA, TAUBATE

ANKG100220
ALEXANDRE O PEQUENO
M
20/06/1995
(63) 03640-5389
ONIX
NKG-6732
10/02/19
20:45
125.79
4
JUNDIAI, LORENA, OSASCO, RIO DE JANEIRO, SAO JOSE DOS CAMPOS, SAO PAULO

JMEK230200
JULIANA PAES
F
17/03/1993
(93) 81555-6733
CORSA
MEK-9792
23/02/19
00:15
212.78
2
COTIA, JUNDIAI, LORENA, OSASCO, RIO DE JANEIRO, SAO JOSE DOS CAMPOS, SAO PAULO, SAO ROQUE, SOROCABA

FMHD260316
FATIMA BERNARDES
M
12/03/1995
(87) 91455-6651
FIT
MHD-8319
26/03/19
16:43
024.55
2
JUNDIAI, RIO DE JANEIRO, SAO JOSE DOS CAMPOS, SAO ROQUE

EQSX191001
EDUARDO COSTA
F
09/04/1991
(05) 74520-7019
UNO
QSX-9375
19/10/19
01:49
129.39
4
JUNDIAI, RIO DE JANEIRO

TRLJ171205
TATIANA MONTEIRO
F
11/07/1998
(40) 29199-6198
CIVIC
RLJ-8286
17/12/19
05:15
163.57
3
COTIA, LORENA, RIO DE JANEIRO, SAO JOSE DOS CAMPOS, SAO PAULO, SAO ROQUE, SOROCABA

RFWY181209
ROBERT DOWNEY JUNIOR F :(
M
01/02/1999
(26) 73985-2834
ONIX
FWY-3827
18/12/19
09:13
236.96
1
COTIA, JUNDIAI, LORENA, OSASCO, RIO DE JANEIRO, SAO PAULO, SAO ROQUE, SOROCABA, TAUBATE

AKWU110113
ALEXANDRE O GRANDE
F
26/07/1997
(86) 82798-0289
ONIX
KWU-6640
11/01/19
13:05
175.98
3
COTIA, JUNDIAI, LORENA, OSASCO, SAO JOSE DOS CAMPOS

ANKG100220
ALEXANDRE O PEQUENO
M
20/06/1995
(63) 03640-5389
ONIX
NKG-6732
10/02/19
20:45
125.79
4
JUNDIAI, LORENA, OSASCO, RIO DE JANEIRO, SAO JOSE DOS CAMPOS, SAO PAULO

JMEK230200
JULIANA PAES
F
17/03/1993
(93) 81555-6733
CORSA
MEK-9792
23/02/19
00:15
212.78
2
COTIA, JUNDIAI, LORENA, OSASCO, RIO DE JANEIRO, SAO JOSE DOS CAMPOS, SAO PAULO, SAO ROQUE, SOROCABA

FMHD260316
FATIMA BERNARDES
M
12/03/1995
(87) 91455-6651
FIT
MHD-8319
26/03/19
16:43
024.55
2
JUNDIAI, RIO DE JANEIRO, SAO JOSE DOS CAMPOS, SAO ROQUE

TWIR240710
TATIANA MONTEIRO
F
07/11/1995
(43) 98742-6290
CIVIC
WIR-6237
24/07/19
10:16
096.90
4
SAO JOSE DOS CAMPOS, SAO PAULO, SAO ROQUE

AHBB250708
ALEXANDRE O CHEGA NE
M
17/05/1995
(98) 93894-2614
COROLLA
HBB-5768
25/07/19
08:37
202.28
3
COTIA, SAO JOSE DOS CAMPOS

GTJY201119
GABRIEL THE ANGEL
M
02/07/1998
(94) 03290-5224
CORSA
TJY-3348
20/11/19
19:40
203.24
3
COTIA, JUNDIAI, LORENA, OSASCO, SAO JOSE DOS CAMPOS, SAO PAULO, TAUBATE

TRLJ171205
TATIANA MONTEIRO
F
11/07/1998
(40) 29199-6198
CIVIC
RLJ-8286
17/12/19
05:15
163.57
3
COTIA, LORENA, RIO DE JANEIRO, SAO JOSE DOS CAMPOS, SAO PAULO, SAO ROQUE, SOROCABA

SKWQ181217
SABRINA SATO
F
26/07/1992
(35) 98419-0286
GOL
KWQ-1183
18/12/19
17:05
059.20
1
COTIA, JUNDIAI, OSASCO, SAO JOSE DOS CAMPOS, SAO PAULO, SAO ROQUE, SOROCABA, TAUBATE

ANKG100220
ALEXANDRE O PEQUENO
M
20/06/1995
(63) 03640-5389
ONIX
NKG-6732
10/02/19
20:45
125.79
4
JUNDIAI, LORENA, OSASCO, RIO DE JANEIRO, SAO JOSE DOS CAMPOS, SAO PAULO

JMEK230200
JULIANA PAES
F
17/03/1993
(93) 81555-6733
CORSA
MEK-9792
23/02/19
00:15
212.78
2
COTIA, JUNDIAI, LORENA, OSASCO, RIO DE JANEIRO, SAO JOSE DOS CAMPOS, SAO PAULO, SAO ROQUE, SOROCABA

MGBZ080322
MATHEUS LIMA
F
12/11/1991
(60) 32900-3234
CELTA
GBZ-2557
08/03/19
22:49
022.53
4
COTIA, JUNDIAI, LORENA, OSASCO, SAO PAULO, SAO ROQUE, SOROCABA

BIJD150701
BRUNA MARQUEZINE
F
08/07/1999
(70) 68381-5316
COROLLA
IJD-7181
15/07/19
01:48
081.21
4
LORENA, SAO PAULO, SAO ROQUE

TWIR240710
TATIANA MONTEIRO
F
07/11/1995
(43) 98742-6290
CIVIC
WIR-6237
24/07/19
10:16
096.90
4
SAO JOSE DOS CAMPOS, SAO PAULO, SAO ROQUE

GTJY201119
GABRIEL THE ANGEL
M
02/07/1998
(94) 03290-5224
CORSA
TJY-3348
20/11/19
19:40
203.24
3
COTIA, JUNDIAI, LORENA, OSASCO, SAO JOSE DOS CAMPOS, SAO PAULO, TAUBATE

TRLJ171205
TATIANA MONTEIRO
F
11/07/1998
(40) 29199-6198
CIVIC
RLJ-8286
17/12/19
05:15
163.57
3
COTIA, LORENA, RIO DE JANEIRO, SAO JOSE DOS CAMPOS, SAO PAULO, SAO ROQUE, SOROCABA

RFWY181209
ROBERT DOWNEY JUNIOR F :(
M
01/02/1999
(26) 73985-2834
ONIX
FWY-3827
18/12/19
09:13
236.96
1
COTIA, JUNDIAI, LORENA, OSASCO, RIO DE JANEIRO, SAO PAULO, SAO ROQUE, SOROCABA, TAUBATE

SKWQ181217
SABRINA SATO
F
26/07/1992
(35) 98419-0286
GOL
KWQ-1183
18/12/19
17:05
059.20
1
COTIA, JUNDIAI, OSASCO, SAO JOSE DOS CAMPOS, SAO PAULO, SAO ROQUE, SOROCABA, TAUBATE

BMAW120107
BRUNA MARQUEZINE
M
13/02/1998
(69) 38564-2362
FIT
MAW-9161
12/01/19
07:11
064.39
2
LORENA, OSASCO, SAO ROQUE

JMEK230200
JULIANA PAES
F
17/03/1993
(93) 81555-6733
CORSA
MEK-9792
23/02/19
00:15
212.78
2
COTIA, JUNDIAI, LORENA, OSASCO, RIO DE JANEIRO, SAO JOSE DOS CAMPOS, SAO PAULO, SAO ROQUE, SOROCABA

MGBZ080322
MATHEUS LIMA
F
12/11/1991
(60) 32900-3234
CELTA
GBZ-2557
08/03/19
22:49
022.53
4
COTIA, JUNDIAI, LORENA, OSASCO, SAO PAULO, SAO ROQUE, SOROCABA

FMHD260316
FATIMA BERNARDES
M
12/03/1995
(87) 91455-6651
FIT
MHD-8319
26/03/19
16:43
024.55
2
JUNDIAI, RIO DE JANEIRO, SAO JOSE DOS CAMPOS, SAO ROQUE

BIJD150701
BRUNA MARQUEZINE
F
08/07/1999
(70) 68381-5316
COROLLA
IJD-7181
15/07/19
01:48
081.21
4
LORENA, SAO PAULO, SAO ROQUE

TWIR240710
TATIANA MONTEIRO
F
07/11/1995
(43) 98742-6290
CIVIC
WIR-6237
24/07/19
10:16
096.90
4
SAO JOSE DOS CAMPOS, SAO PAULO, SAO ROQUE

TRLJ171205
TATIANA MONTEIRO
F
11/07/1998
(40) 29199-6198
CIVIC
RLJ-8286
17/12/19
05:15
163.57
3
COTIA, LORENA, RIO DE JANEIRO, SAO JOSE DOS CAMPOS, SAO PAULO, SAO ROQUE, SOROCABA

RFWY181209
ROBERT DOWNEY JUNIOR F :(
M
01/02/1999
(26) 73985-2834
ONIX
FWY-3827
18/12/19
09:13
236.96
1
COTIA, JUNDIAI, LORENA, OSASCO, RIO DE JANEIRO, SAO PAULO, SAO ROQUE, SOROCABA, TAUBATE

SKWQ181217
SABRINA SATO
F
26/07/1992
(35) 98419-0286
GOL
KWQ-1183
18/12/19
17:05
059.20
1
COTIA, JUNDIAI, OSASCO, SAO JOSE DOS CAMPOS, SAO PAULO, SAO ROQUE, SOROCABA, TAUBATE

JMEK230200
JULIANA PAES
F
17/03/1993
(93) 81555-6733
CORSA
MEK-9792
23/02/19
00:15
212.78
2
COTIA, JUNDIAI, LORENA, OSASCO, RIO DE JANEIRO, SAO JOSE DOS CAMPOS, SAO PAULO, SAO ROQUE, SOROCABA

MGBZ080322
MATHEUS LIMA
F
12/11/1991
(60) 32900-3234
CELTA
GBZ-2557
08/03/19
22:49
022.53
4
COTIA, JUNDIAI, LORENA, OSASCO, SAO PAULO, SAO ROQUE, SOROCABA

TRLJ171205
TATIANA MONTEIRO
F
11/07/1998
(40) 29199-6198
CIVIC
RLJ-8286
17/12/19
05:15
163.57
3
COTIA, LORENA, RIO DE JANEIRO, SAO JOSE DOS CAMPOS, SAO PAULO, SAO ROQUE, SOROCABA

RFWY181209
ROBERT DOWNEY JUNIOR F :(
M
01/02/1999
(26) 73985-2834
ONIX
FWY-3827
18/12/19
09:13
236.96
1
COTIA, JUNDIAI, LORENA, OSASCO, RIO DE JANEIRO, SAO PAULO, SAO ROQUE, SOROCABA, TAUBATE

SKWQ181217
SABRINA SATO
F
26/07/1992
(35) 98419-0286
GOL
KWQ-1183
18/12/19
17:05
059.20
1
COTIA, JUNDIAI, OSASCO, SAO JOSE DOS CAMPOS, SAO PAULO, SAO ROQUE, SOROCABA, TAUBATE

GTJY201119
GABRIEL THE ANGEL
M
02/07/1998
(94) 03290-5224
CORSA
TJY-3348
20/11/19
19:40
203.24
3
COTIA, JUNDIAI, LORENA, OSASCO, SAO JOSE DOS CAMPOS, SAO PAULO, TAUBATE

RFWY181209
ROBERT DOWNEY JUNIOR F :(
M
01/02/1999
(26) 73985-2834
ONIX
FWY-3827
18/12/19
09:13
236.96
1
COTIA, JUNDIAI, LORENA, OSASCO, RIO DE JANEIRO, SAO PAULO, SAO ROQUE, SOROCABA, TAUBATE

SKWQ181217
SABRINA SATO
F
26/07/1992
(35) 98419-0286
GOL
KWQ-1183
18/12/19
17:05
059.20
1
COTIA, JUNDIAI, OSASCO, SAO JOSE DOS CAMPOS, SAO PAULO, SAO ROQUE, SOROCABA, TAUBATE
**********************ALTERAR*********************
Registro(s) nao encontrado!
FALHA AO REALIZAR OPERACAO!
**********************ALTERAR*********************
OPERACAO REALIZADA COM SUCESSO!
**********************LISTAR**********************
AKWU110113
ALEXANDRE O GRANDE
F
26/07/1997
(86) 82798-0289
ONIX
KWU-6640
11/01/19
13:05
175.98
3
COTIA, JUNDIAI, LORENA, OSASCO, SAO JOSE DOS CAMPOS

BMAW120107
BRUNA MARQUEZINE
M
13/02/1998
(69) 38564-2362
FIT
MAW-9161
12/01/19
07:11
064.39
2
LORENA, OSASCO, SAO ROQUE

ANKG100220
ALEXANDRE O PEQUENO
M
20/06/1995
(63) 03640-5389
ONIX
NKG-6732
10/02/19
20:45
125.79
4
JUNDIAI, LORENA, OSASCO, RIO DE JANEIRO, SAO JOSE DOS CAMPOS, SAO PAULO

JMEK230200
JULIANA PAES
F
17/03/1993
(93) 81555-6733
CORSA
MEK-9792
23/02/19
00:15
212.78
2
COTIA, JUNDIAI, LORENA, OSASCO, RIO DE JANEIRO, SAO JOSE DOS CAMPOS, SAO PAULO, SAO ROQUE, SOROCABA

MGBZ080322
MATHEUS LIMA
F
12/11/1991
(60) 32900-3234
CELTA
GBZ-2557
08/03/19
22:49
022.53
4
COTIA, JUNDIAI, LORENA, OSASCO, SAO PAULO, SAO ROQUE, SOROCABA

FMHD260316
FATIMA BERNARDES
M
12/03/1995
(87) 91455-6651
FIT
MHD-8319
26/03/19
16:43
024.55
2
JUNDIAI, RIO DE JANEIRO, SAO JOSE DOS CAMPOS, SAO ROQUE

BIJD150701
BRUNA MARQUEZINE
F
08/07/1999
(70) 68381-5316
COROLLA
IJD-7181
15/07/19
01:48
081.21
4
LORENA, SAO PAULO, SAO ROQUE

TWIR240710
TATIANA MONTEIRO
F
07/11/1995
(43) 98742-6290
CIVIC
WIR-6237
24/07/19
10:16
096.90
3
SAO JOSE DOS CAMPOS, SAO PAULO, SAO ROQUE

AHBB250708
ALEXANDRE O CHEGA NE
M
17/05/1995
(98) 93894-2614
COROLLA
HBB-5768
25/07/19
08:37
202.28
3
COTIA, SAO JOSE DOS CAMPOS

LABJ070821
LAVINIE DIAS
M
19/02/1999
(18) 86321-7659
COROLLA
ABJ-1071
07/08/19
21:35
045.64
2
COTIA, JUNDIAI, OSASCO, RIO DE JANEIRO, SAO JOSE DOS CAMPOS, SAO PAULO, SAO ROQUE, SOROCABA

LDGM030917
LETICIA FERREIRA DOS SANTOS
M
27/06/1993
(62) 90198-9783
FUSCA
DGM-2898
03/09/19
17:53
147.99
3
COTIA, JUNDIAI

EQSX191001
EDUARDO COSTA
F
09/04/1991
(05) 74520-7019
UNO
QSX-9375
19/10/19
01:49
129.39
4
JUNDIAI, RIO DE JANEIRO

GTJY201119
GABRIEL THE ANGEL
M
02/07/1998
(94) 03290-5224
CORSA
TJY-3348
20/11/19
19:40
203.24
3
COTIA, JUNDIAI, LORENA, OSASCO, SAO JOSE DOS CAMPOS, SAO PAULO, TAUBATE

MZIV231110
MATHEUS LIMA
F
03/02/1990
(13) 91499-5758
FIT
ZIV-6906
23/11/19
10:06
169.22
4
COTIA, JUNDIAI, SAO JOSE DOS CAMPOS, SAO ROQUE, SOROCABA

TRLJ171205
TATIANA MONTEIRO
F
11/07/1998
(40) 29199-6198
CIVIC
RLJ-8286
17/12/19
05:15
163.57
3
COTIA, LORENA, RIO DE JANEIRO, SAO JOSE DOS CAMPOS, SAO PAULO, SAO ROQUE, SOROCABA

RFWY181209
ROBERT DOWNEY JUNIOR F :(
M
01/02/1999
(26) 73985-2834
ONIX
FWY-3827
18/12/19
09:13
236.96
1
COTIA, JUNDIAI, LORENA, OSASCO, RIO DE JANEIRO, SAO PAULO, SAO ROQUE, SOROCABA, TAUBATE

SKWQ181217
SABRINA SATO
F
26/07/1992
(35) 98419-0286
GOL
KWQ-1183
18/12/19
17:05
059.20
1
COTIA, JUNDIAI, OSASCO, SAO JOSE DOS CAMPOS, SAO PAULO, SAO ROQUE, SOROCABA, TAUBATE
**********************ALTERAR*********************
OPERACAO REALIZADA COM SUCESSO!
**********************LISTAR**********************
AHBB250708
ALEXANDRE O CHEGA NE
M
17/05/1995
(98) 93894-2614
COROLLA
HBB-5768
25/07/19
08:37
202.28
3
COTIA, SAO JOSE DOS CAMPOS

AKWU110113
ALEXANDRE O GRANDE
F
26/07/1997
(86) 82798-0289
ONIX
KWU-6640
11/01/19
13:05
175.98
3
COTIA, JUNDIAI, LORENA, OSASCO, SAO JOSE DOS CAMPOS

GTJY201119
GABRIEL THE ANGEL
M
02/07/1998
(94) 03290-5224
CORSA
TJY-3348
20/11/19
19:40
203.24
4
COTIA, JUNDIAI, LORENA, OSASCO, SAO JOSE DOS CAMPOS, SAO PAULO, TAUBATE

JMEK230200
JULIANA PAES
F
17/03/1993
(93) 81555-6733
CORSA
MEK-9792
23/02/19
00:15
212.78
2
COTIA, JUNDIAI, LORENA, OSASCO, RIO DE JANEIRO, SAO JOSE DOS CAMPOS, SAO PAULO, SAO ROQUE, SOROCABA

LABJ070821
LAVINIE DIAS
M
19/02/1999
(18) 86321-7659
COROLLA
ABJ-1071
07/08/19
21:35
045.64
2
COTIA, JUNDIAI, OSASCO, RIO DE JANEIRO, SAO JOSE DOS CAMPOS, SAO PAULO, SAO ROQUE, SOROCABA

LDGM030917
LETICIA FERREIRA DOS SANTOS
M
27/06/1993
(62) 90198-9783
FUSCA
DGM-2898
03/09/19
17:53
147.99
3
COTIA, JUNDIAI

MGBZ080322
MATHEUS LIMA
F
12/11/1991
(60) 32900-3234
CELTA
GBZ-2557
08/03/19
22:49
022.53
4
COTIA, JUNDIAI, LORENA, OSASCO, SAO PAULO, SAO ROQUE, SOROCABA

MZIV231110
MATHEUS LIMA
F
03/02/1990
(13) 91499-5758
FIT
ZIV-6906
23/11/19
10:06
169.22
4
COTIA, JUNDIAI, SAO JOSE DOS CAMPOS, SAO ROQUE, SOROCABA

RFWY181209
ROBERT DOWNEY JUNIOR F :(
M
01/02/1999
(26) 73985-2834
ONIX
FWY-3827
18/12/19
09:13
236.96
1
COTIA, JUNDIAI, LORENA, OSASCO, RIO DE JANEIRO, SAO PAULO, SAO ROQUE, SOROCABA, TAUBATE

SKWQ181217
SABRINA SATO
F
26/07/1992
(35) 98419-0286
GOL
KWQ-1183
18/12/19
17:05
059.20
1
COTIA, JUNDIAI, OSASCO, SAO JOSE DOS CAMPOS, SAO PAULO, SAO ROQUE, SOROCABA, TAUBATE

TRLJ171205
TATIANA MONTEIRO
F
11/07/1998
(40) 29199-6198
CIVIC
RLJ-8286
17/12/19
05:15
163.57
3
COTIA, LORENA, RIO DE JANEIRO, SAO JOSE DOS CAMPOS, SAO PAULO, SAO ROQUE, SOROCABA
AKWU110113
ALEXANDRE O GRANDE
F
26/07/1997
(86) 82798-0289
ONIX
KWU-6640
11/01/19
13:05
175.98
3
COTIA, JUNDIAI, LORENA, OSASCO, SAO JOSE DOS CAMPOS

ANKG100220
ALEXANDRE O PEQUENO
M
20/06/1995
(63) 03640-5389
ONIX
NKG-6732
10/02/19
20:45
125.79
4
JUNDIAI, LORENA, OSASCO, RIO DE JANEIRO, SAO JOSE DOS CAMPOS, SAO PAULO

EQSX191001
EDUARDO COSTA
F
09/04/1991
(05) 74520-7019
UNO
QSX-9375
19/10/19
01:49
129.39
4
JUNDIAI, RIO DE JANEIRO

FMHD260316
FATIMA BERNARDES
M
12/03/1995
(87) 91455-6651
FIT
MHD-8319
26/03/19
16:43
024.55
2
JUNDIAI, RIO DE JANEIRO, SAO JOSE DOS CAMPOS, SAO ROQUE

GTJY201119
GABRIEL THE ANGEL
M
02/07/1998
(94) 03290-5224
CORSA
TJY-3348
20/11/19
19:40
203.24
4
COTIA, JUNDIAI, LORENA, OSASCO, SAO JOSE DOS CAMPOS, SAO PAULO, TAUBATE

JMEK230200
JULIANA PAES
F
17/03/1993
(93) 81555-6733
CORSA
MEK-9792
23/02/19
00:15
212.78
2
COTIA, JUNDIAI, LORENA, OSASCO, RIO DE JANEIRO, SAO JOSE DOS CAMPOS, SAO PAULO, SAO ROQUE, SOROCABA

LABJ070821
LAVINIE DIAS
M
19/02/1999
(18) 86321-7659
COROLLA
ABJ-1071
07/08/19
21:35
045.64
2
COTIA, JUNDIAI, OSASCO, RIO DE JANEIRO, SAO JOSE DOS CAMPOS, SAO PAULO, SAO ROQUE, SOROCABA

LDGM030917
LETICIA FERREIRA DOS SANTOS
M
27/06/1993
(62) 90198-9783
FUSCA
DGM-2898
03/09/19
17:53
147.99
3
COTIA, JUNDIAI

MGBZ080322
MATHEUS LIMA
F
12/11/1991
(60) 32900-3234
CELTA
GBZ-2557
08/03/19
22:49
022.53
4
COTIA, JUNDIAI, LORENA, OSASCO, SAO PAULO, SAO ROQUE, SOROCABA

MZIV231110
MATHEUS LIMA
F
03/02/1990
(13) 91499-5758
FIT
ZIV-6906
23/11/19
10:06
169.22
4
COTIA, JUNDIAI, SAO JOSE DOS CAMPOS, SAO ROQUE, SOROCABA

RFWY181209
ROBERT DOWNEY JUNIOR F :(
M
01/02/1999
(26) 73985-2834
ONIX
FWY-3827
18/12/19
09:13
236.96
1
COTIA, JUNDIAI, LORENA, OSASCO, RIO DE JANEIRO, SAO PAULO, SAO ROQUE, SOROCABA, TAUBATE

SKWQ181217
SABRINA SATO
F
26/07/1992
(35) 98419-0286
GOL
KWQ-1183
18/12/19
17:05
059.20
1
COTIA, JUNDIAI, OSASCO, SAO JOSE DOS CAMPOS, SAO PAULO, SAO ROQUE, SOROCABA, TAUBATE
AKWU110113
ALEXANDRE O GRANDE
F
26/07/1997
(86) 82798-0289
ONIX
KWU-6640
11/01/19
13:05
175.98
3
COTIA, JUNDIAI, LORENA, OSASCO, SAO JOSE DOS CAMPOS

ANKG100220
ALEXANDRE O PEQUENO
M
20/06/1995
(63) 03640-5389
ONIX
NKG-6732
10/02/19
20:45
125.79
4
JUNDIAI, LORENA, OSASCO, RIO DE JANEIRO, SAO JOSE DOS CAMPOS, SAO PAULO

BIJD150701
BRUNA MARQUEZINE
F
08/07/1999
(70) 68381-5316
COROLLA
IJD-7181
15/07/19
01:48
081.21
4
LORENA, SAO PAULO, SAO ROQUE

BMAW120107
BRUNA MARQUEZINE
M
13/02/1998
(69) 38564-2362
FIT
MAW-9161
12/01/19
07:11
064.39
2
LORENA, OSASCO, SAO ROQUE

GTJY201119
GABRIEL THE ANGEL
M
02/07/1998
(94) 03290-5224
CORSA
TJY-3348
20/11/19
19:40
203.24
4
COTIA, JUNDIAI, LORENA, OSASCO, SAO JOSE DOS CAMPOS, SAO PAULO, TAUBATE

JMEK230200
JULIANA PAES
F
17/03/1993
(93) 81555-6733
CORSA
MEK-9792
23/02/19
00:15
212.78
2
COTIA, JUNDIAI, LORENA, OSASCO, RIO DE JANEIRO, SAO JOSE DOS CAMPOS, SAO PAULO, SAO ROQUE, SOROCABA

MGBZ080322
MATHEUS LIMA
F
12/11/1991
(60) 32900-3234
CELTA
GBZ-2557
08/03/19
22:49
022.53
4
COTIA, JUNDIAI, LORENA, OSASCO, SAO PAULO, SAO ROQUE, SOROCABA

RFWY181209
ROBERT DOWNEY JUNIOR F :(
M
01/02/1999
(26) 73985-2834
ONIX
FWY-3827
18/12/19
09:13
236.96
1
COTIA, JUNDIAI, LORENA, OSASCO, RIO DE JANEIRO, SAO PAULO, SAO ROQUE, SOROCABA, TAUBATE

TRLJ171205
TATIANA MONTEIRO
F
11/07/1998
(40) 29199-6198
CIVIC
RLJ-8286
17/12/19
05:15
163.57
3
COTIA, LORENA, RIO DE JANEIRO, SAO JOSE DOS CAMPOS, SAO PAULO, SAO ROQUE, SOROCABA
AKWU110113
ALEXANDRE O GRANDE
F
26/07/1997
(86) 82798-0289
ONIX
KWU-6640
11/01/19
13:05
175.98
3
COTIA, JUNDIAI, LORENA, OSASCO, SAO JOSE DOS CAMPOS

ANKG100220
ALEXANDRE O PEQUENO
M
20/06/1995
(63) 03640-5389
ONIX
NKG-6732
10/02/19
20:45
125.79
4
JUNDIAI, LORENA, OSASCO, RIO DE JANEIRO, SAO JOSE DOS CAMPOS, SAO PAULO

BMAW120107
BRUNA MARQUEZINE
M
13/02/1998
(69) 38564-2362
FIT
MAW-9161
12/01/19
07:11
064.39
2
LORENA, OSASCO, SAO ROQUE

GTJY201119
GABRIEL THE ANGEL
M
02/07/1998
(94) 03290-5224
CORSA
TJY-3348
20/11/19
19:40
203.24
4
COTIA, JUNDIAI, LORENA, OSASCO, SAO JOSE DOS CAMPOS, SAO PAULO, TAUBATE

JMEK230200
JULIANA PAES
F
17/03/1993
(93) 81555-6733
CORSA
MEK-9792
23/02/19
00:15
212.78
2
COTIA, JUNDIAI, LORENA, OSASCO, RIO DE JANEIRO, SAO JOSE DOS CAMPOS, SAO PAULO, SAO ROQUE, SOROCABA

LABJ070821
LAVINIE DIAS
M
19/02/1999
(18) 86321-7659
COROLLA
ABJ-1071
07/08/19
21:35
045.64
2
COTIA, JUNDIAI, OSASCO, RIO DE JANEIRO, SAO JOSE DOS CAMPOS, SAO PAULO, SAO ROQUE, SOROCABA

MGBZ080322
MATHEUS LIMA
F
12/11/1991
(60) 32900-3234
CELTA
GBZ-2557
08/03/19
22:49
022.53
4
COTIA, JUNDIAI, LORENA, OSASCO, SAO PAULO, SAO ROQUE, SOROCABA

RFWY181209
ROBERT DOWNEY JUNIOR F :(
M
01/02/1999
(26) 73985-2834
ONIX
FWY-3827
18/12/19
09:13
236.96
1
COTIA, JUNDIAI, LORENA, OSASCO, RIO DE JANEIRO, SAO PAULO, SAO ROQUE, SOROCABA, TAUBATE

SKWQ181217
SABRINA SATO
F
26/07/1992
(35) 98419-0286
GOL
KWQ-1183
18/12/19
17:05
059.20
1
COTIA, JUNDIAI, OSASCO, SAO JOSE DOS CAMPOS, SAO PAULO, SAO ROQUE, SOROCABA, TAUBATE
ANKG100220
ALEXANDRE O PEQUENO
M
20/06/1995
(63) 03640-5389
ONIX
NKG-6732
10/02/19
20:45
125.79
4
JUNDIAI, LORENA, OSASCO, RIO DE JANEIRO, SAO JOSE DOS CAMPOS, SAO PAULO

EQSX191001
EDUARDO COSTA
F
09/04/1991
(05) 74520-7019
UNO
QSX-9375
19/10/19
01:49
129.39
4
JUNDIAI, RIO DE JANEIRO

FMHD260316
FATIMA BERNARDES
M
12/03/1995
(87) 91455-6651
FIT
MHD-8319
26/03/19
16:43
024.55
2
JUNDIAI, RIO DE JANEIRO, SAO JOSE DOS CAMPOS, SAO ROQUE

JMEK230200
JULIANA PAES
F
17/03/1993
(93) 81555-6733
CORSA
MEK-9792
23/02/19
00:15
212.78
2
COTIA, JUNDIAI, LORENA, OSASCO, RIO DE JANEIRO, SAO JOSE DOS CAMPOS, SAO PAULO, SAO ROQUE, SOROCABA

LABJ070821
LAVINIE DIAS
M
19/02/1999
(18) 86321-7659
COROLLA
ABJ-1071
07/08/19
21:35
045.64
2
COTIA, JUNDIAI, OSASCO, RIO DE JANEIRO, SAO JOSE DOS CAMPOS, SAO PAULO, SAO ROQUE, SOROCABA

RFWY181209
ROBERT DOWNEY JUNIOR F :(
M
01/02/1999
(26) 73985-2834
ONIX
FWY-3827
18/12/19
09:13
236.96
1
COTIA, JUNDIAI, LORENA, OSASCO, RIO DE JANEIRO, SAO PAULO, SAO ROQUE, SOROCABA, TAUBATE

TRLJ171205
TATIANA MONTEIRO
F
11/07/1998
(40) 29199-6198
CIVIC
RLJ-8286
17/12/19
05:15
163.57
3
COTIA, LORENA, RIO DE JANEIRO, SAO JOSE DOS CAMPOS, SAO PAULO, SAO ROQUE, SOROCABA
AHBB250708
ALEXANDRE O CHEGA NE
M
17/05/1995
(98) 93894-2614
COROLLA
HBB-5768
25/07/19
08:37
202.28
3
COTIA, SAO JOSE DOS CAMPOS

AKWU110113
ALEXANDRE O GRANDE
F
26/07/1997
(86) 82798-0289
ONIX
KWU-6640
11/01/19
13:05
175.98
3
COTIA, JUNDIAI, LORENA, OSASCO, SAO JOSE DOS CAMPOS

ANKG100220
ALEXANDRE O PEQUENO
M
20/06/1995
(63) 03640-5389
ONIX
NKG-6732
10/02/19
20:45
125.79
4
JUNDIAI, LORENA, OSASCO, RIO DE JANEIRO, SAO JOSE DOS CAMPOS, SAO PAULO

FMHD260316
FATIMA BERNARDES
M
12/03/1995
(87) 91455-6651
FIT
MHD-8319
26/03/19
16:43
024.55
2
JUNDIAI, RIO DE JANEIRO, SAO JOSE DOS CAMPOS, SAO ROQUE

GTJY201119
GABRIEL THE ANGEL
M
02/07/1998
(94) 03290-5224
CORSA
TJY-3348
20/11/19
19:40
203.24
4
COTIA, JUNDIAI, LORENA, OSASCO, SAO JOSE DOS CAMPOS, SAO PAULO, TAUBATE

JMEK230200
JULIANA PAES
F
17/03/1993
(93) 81555-6733
CORSA
MEK-9792
23/02/19
00:15
212.78
2
COTIA, JUNDIAI, LORENA, OSASCO, RIO DE JANEIRO, SAO JOSE DOS CAMPOS, SAO PAULO, SAO ROQUE, SOROCABA

LABJ070821
LAVINIE DIAS
M
19/02/1999
(18) 86321-7659
COROLLA
ABJ-1071
07/08/19
21:35
045.64
2
COTIA, JUNDIAI, OSASCO, RIO DE JANEIRO, SAO JOSE DOS CAMPOS, SAO PAULO, SAO ROQUE, SOROCABA

MZIV231110
MATHEUS LIMA
F
03/02/1990
(13) 91499-5758
FIT
ZIV-6906
23/11/19
10:06
169.22
4
COTIA, JUNDIAI, SAO JOSE DOS CAMPOS, SAO ROQUE, SOROCABA

SKWQ181217
SABRINA SATO
F
26/07/1992
(35) 98419-0286
GOL
KWQ-1183
18/12/19
17:05
059.20
1
COTIA, JUNDIAI, OSASCO, SAO JOSE DOS CAMPOS, SAO PAULO, SAO ROQUE, SOROCABA, TAUBATE

TRLJ171205
TATIANA MONTEIRO
F
11/07/1998
(40) 29199-6198
CIVIC
RLJ-8286
17/12/19
05:15
163.57
3
COTIA, LORENA, RIO DE JANEIRO, SAO JOSE DOS CAMPOS, SAO PAULO, SAO ROQUE, SOROCABA

TWIR240710
TATIANA MONTEIRO
F
07/11/1995
(43) 98742-6290
CIVIC
WIR-6237
24/07/19
10:16
096.90
3
SAO JOSE DOS CAMPOS, SAO PAULO, SAO ROQUE
ANKG100220
ALEXANDRE O PEQUENO
M
20/06/1995
(63) 03640-5389
ONIX
NKG-6732
10/02/19
20:45
125.79
4
JUNDIAI, LORENA, OSASCO, RIO DE JANEIRO, SAO JOSE DOS CAMPOS, SAO PAULO

BIJD150701
BRUNA MARQUEZINE
F
08/07/1999
(70) 68381-5316
COROLLA
IJD-7181
15/07/19
01:48
081.21
4
LORENA, SAO PAULO, SAO ROQUE

GTJY201119
GABRIEL THE ANGEL
M
02/07/1998
(94) 03290-5224
CORSA
TJY-3348
20/11/19
19:40
203.24
4
COTIA, JUNDIAI, LORENA, OSASCO, SAO JOSE DOS CAMPOS, SAO PAULO, TAUBATE

JMEK230200
JULIANA PAES
F
17/03/1993
(93) 81555-6733
CORSA
MEK-9792
23/02/19
00:15
212.78
2
COTIA, JUNDIAI, LORENA, OSASCO, RIO DE JANEIRO, SAO JOSE DOS CAMPOS, SAO PAULO, SAO ROQUE, SOROCABA

LABJ070821
LAVINIE DIAS
M
19/02/1999
(18) 86321-7659
COROLLA
ABJ-1071
07/08/19
21:35
045.64
2
COTIA, JUNDIAI, OSASCO, RIO DE JANEIRO, SAO JOSE DOS CAMPOS, SAO PAULO, SAO ROQUE, SOROCABA

MGBZ080322
MATHEUS LIMA
F
12/11/1991
(60) 32900-3234
CELTA
GBZ-2557
08/03/19
22:49
022.53
4
COTIA, JUNDIAI, LORENA, OSASCO, SAO PAULO, SAO ROQUE, SOROCABA

RFWY181209
ROBERT DOWNEY JUNIOR F :(
M
01/02/1999
(26) 73985-2834
ONIX
FWY-3827
18/12/19
09:13
236.96
1
COTIA, JUNDIAI, LORENA, OSASCO, RIO DE JANEIRO, SAO PAULO, SAO ROQUE, SOROCABA, TAUBATE

SKWQ181217
SABRINA SATO
F
26/07/1992
(35) 98419-0286
GOL
KWQ-1183
18/12/19
17:05
059.20
1
COTIA, JUNDIAI, OSASCO, SAO JOSE DOS CAMPOS, SAO PAULO, SAO ROQUE, SOROCABA, TAUBATE

TRLJ171205
TATIANA MONTEIRO
F
11/07/1998
(40) 29199-6198
CIVIC
RLJ-8286
17/12/19
05:15
163.57
3
COTIA, LORENA, RIO DE JANEIRO, SAO JOSE DOS CAMPOS, SAO PAULO, SAO ROQUE, SOROCABA

TWIR240710
TATIANA MONTEIRO
F
07/11/1995
(43) 98742-6290
CIVIC
WIR-6237
24/07/19
10:16
096.90
3
SAO JOSE DOS CAMPOS, SAO PAULO, SAO ROQUE
BIJD150701
BRUNA MARQUEZINE
F
08/07/1999
(70) 68381-5316
COROLLA
IJD-7181
15/07/19
01:48
081.21
4
LORENA, SAO PAULO, SAO ROQUE

BMAW120107
BRUNA MARQUEZINE
M
13/02/1998
(69) 38564-2362
FIT
MAW-9161
12/01/19
07:11
064.39
2
LORENA, OSASCO, SAO ROQUE

FMHD260316
FATIMA BERNARDES
M
12/03/1995
(87) 91455-6651
FIT
MHD-8319
26/03/19
16:43
024.55
2
JUNDIAI, RIO DE JANEIRO, SAO JOSE DOS CAMPOS, SAO ROQUE

JMEK230200
JULIANA PAES
F
17/03/1993
(93) 81555-6733
CORSA
MEK-9792
23/02/19
00:15
212.78
2
COTIA, JUNDIAI, LORENA, OSASCO, RIO DE JANEIRO, SAO JOSE DOS CAMPOS, SAO PAULO, SAO ROQUE, SOROCABA

LABJ070821
LAVINIE DIAS
M
19/02/1999
(18) 86321-7659
COROLLA
ABJ-1071
07/08/19
21:35
045.64
2
COTIA, JUNDIAI, OSASCO, RIO DE JANEIRO, SAO JOSE DOS CAMPOS, SAO PAULO, SAO ROQUE, SOROCABA

MGBZ080322
MATHEUS LIMA
F
12/11/1991
(60) 32900-3234
CELTA
GBZ-2557
08/03/19
22:49
022.53
4
COTIA, JUNDIAI, LORENA, OSASCO, SAO PAULO, SAO ROQUE, SOROCABA

MZIV231110
MATHEUS LIMA
F
03/02/1990
(13) 91499-5758
FIT
ZIV-6906
23/11/19
10:06
169.22
4
COTIA, JUNDIAI, SAO JOSE DOS CAMPOS, SAO ROQUE, SOROCABA

RFWY181209
ROBERT DOWNEY JUNIOR F :(
M
01/02/1999
(26) 73985-2834
ONIX
FWY-3827
18/12/19
09:13
236.96
1
COTIA, JUNDIAI, LORENA, OSASCO, RIO DE JANEIRO, SAO PAULO, SAO ROQUE, SOROCABA, TAUBATE

SKWQ181217
SABRINA SATO
F
26/07/1992
(35) 98419-0286
GOL
KWQ-1183
18/12/19
17:05
059.20
1
COTIA, JUNDIAI, OSASCO, SAO JOSE DOS CAMPOS, SAO PAULO, SAO ROQUE, SOROCABA, TAUBATE

TRLJ171205
TATIANA MONTEIRO
F
11/07/1998
(40) 29199-6198
CIVIC
RLJ-8286
17/12/19
05:15
163.57
3
COTIA, LORENA, RIO DE JANEIRO, SAO JOSE DOS CAMPOS, SAO PAULO, SAO ROQUE, SOROCABA

TWIR240710
TATIANA MONTEIRO
F
07/11/1995
(43) 98742-6290
CIVIC
WIR-6237
24/07/19
10:16
096.90
3
SAO JOSE DOS CAMPOS, SAO PAULO, SAO ROQUE
JMEK230200
JULIANA PAES
F
17/03/1993
(93) 81555-6733
CORSA
MEK-9792
23/02/19
00:15
212.78
2
COTIA, JUNDIAI, LORENA, OSASCO, RIO DE JANEIRO, SAO JOSE DOS CAMPOS, SAO PAULO, SAO ROQUE, SOROCABA

LABJ070821
LAVINIE DIAS
M
19/02/1999
(18) 86321-7659
COROLLA
ABJ-1071
07/08/19
21:35
045.64
2
COTIA, JUNDIAI, OSASCO, RIO DE JANEIRO, SAO JOSE DOS CAMPOS, SAO PAULO, SAO ROQUE, SOROCABA

MGBZ080322
MATHEUS LIMA
F
12/11/1991
(60) 32900-3234
CELTA
GBZ-2557
08/03/19
22:49
022.53
4
COTIA, JUNDIAI, LORENA, OSASCO, SAO PAULO, SAO ROQUE, SOROCABA

MZIV231110
MATHEUS LIMA
F
03/02/1990
(13) 91499-5758
FIT
ZIV-6906
23/11/19
10:06
169.22
4
COTIA, JUNDIAI, SAO JOSE DOS CAMPOS, SAO ROQUE, SOROCABA

RFWY181209
ROBERT DOWNEY JUNIOR F :(
M
01/02/1999
(26) 73985-2834
ONIX
FWY-3827
18/12/19
09:13
236.96
1
COTIA, JUNDIAI, LORENA, OSASCO, RIO DE JANEIRO, SAO PAULO, SAO ROQUE, SOROCABA, TAUBATE

SKWQ181217
SABRINA SATO
F
26/07/1992
(35) 98419-0286
GOL
KWQ-1183
18/12/19
17:05
059.20
1
COTIA, JUNDIAI, OSASCO, SAO JOSE DOS CAMPOS, SAO PAULO, SAO ROQUE, SOROCABA, TAUBATE

TRLJ171205
TATIANA MONTEIRO
F
11/07/1998
(40) 29199-6198
CIVIC
RLJ-8286
17/12/19
05:15
163.57
3
COTIA, LORENA, RIO DE JANEIRO, SAO JOSE DOS CAMPOS, SAO PAULO, SAO ROQUE, SOROCABA
GTJY201119
GABRIEL THE ANGEL
M
02/07/1998
(94) 03290-5224
CORSA
TJY-3348
20/11/19
19:40
203.24
4
COTIA, JUNDIAI, LORENA, OSASCO, SAO JOSE DOS CAMPOS, SAO PAULO, TAUBATE

RFWY181209
ROBERT DOWNEY JUNIOR F :(
M
01/02/1999
(26) 73985-2834
ONIX
FWY-3827
18/12/19
09:13
236.96
1
COTIA, JUNDIAI, LORENA, OSASCO, RIO DE JANEIRO, SAO PAULO, SAO ROQUE, SOROCABA, TAUBATE

SKWQ181217
SABRINA SATO
F
26/07/1992
(35) 98419-0286
GOL
KWQ-1183
18/12/19
17:05
059.20
1
COTIA, JUNDIAI, OSASCO, SAO JOSE DOS CAMPOS, SAO PAULO, SAO ROQUE, SOROCABA, TAUBATE
**********************LISTAR**********************
AKWU110113
ALEXANDRE O GRANDE
F
26/07/1997
(86) 82798-0289
ONIX
KWU-6640
11/01/19
13:05
175.98
3
COTIA, JUNDIAI, LORENA, OSASCO, SAO JOSE DOS CAMPOS

JMEK230200
JULIANA PAES
F
17/03/1993
(93) 81555-6733
CORSA
MEK-9792
23/02/19
00:15
212.78
2
COTIA, JUNDIAI, LORENA, OSASCO, RIO DE JANEIRO, SAO JOSE DOS CAMPOS, SAO PAULO, SAO ROQUE, SOROCABA

MGBZ080322
MATHEUS LIMA
F
12/11/1991
(60) 32900-3234
CELTA
GBZ-2557
08/03/19
22:49
022.53
4
COTIA, JUNDIAI, LORENA, OSASCO, SAO PAULO, SAO ROQUE, SOROCABA

AHBB250708
ALEXANDRE O CHEGA NE
M
17/05/1995
(98) 93894-2614
COROLLA
HBB-5768
25/07/19
08:37
202.28
3
COTIA, SAO JOSE DOS CAMPOS

LABJ070821
LAVINIE DIAS
M
19/02/1999
(18) 86321-7659
COROLLA
ABJ-1071
07/08/19
21:35
045.64
2
COTIA, JUNDIAI, OSASCO, RIO DE JANEIRO, SAO JOSE DOS CAMPOS, SAO PAULO, SAO ROQUE, SOROCABA

LDGM030917
LETICIA FERREIRA DOS SANTOS
M
27/06/1993
(62) 90198-9783
FUSCA
DGM-2898
03/09/19
17:53
147.99
3
COTIA, JUNDIAI

GTJY201119
GABRIEL THE ANGEL
M
02/07/1998
(94) 03290-5224
CORSA
TJY-3348
20/11/19
19:40
203.24
4
COTIA, JUNDIAI, LORENA, OSASCO, SAO JOSE DOS CAMPOS, SAO PAULO, TAUBATE

MZIV231110
MATHEUS LIMA
F
03/02/1990
(13) 91499-5758
FIT
ZIV-6906
23/11/19
10:06
169.22
4
COTIA, JUNDIAI, SAO JOSE DOS CAMPOS, SAO ROQUE, SOROCABA

TRLJ171205
TATIANA MONTEIRO
F
11/07/1998
(40) 29199-6198
CIVIC
RLJ-8286
17/12/19
05:15
163.57
3
COTIA, LORENA, RIO DE JANEIRO, SAO JOSE DOS CAMPOS, SAO PAULO, SAO ROQUE, SOROCABA

RFWY181209
ROBERT DOWNEY JUNIOR F :(
M
01/02/1999
(26) 73985-2834
ONIX
FWY-3827
18/12/19
09:13
236.96
1
COTIA, JUNDIAI, LORENA, OSASCO, RIO DE JANEIRO, SAO PAULO, SAO ROQUE, SOROCABA, TAUBATE

SKWQ181217
SABRINA SATO
F
26/07/1992
(35) 98419-0286
GOL
KWQ-1183
18/12/19
17:05
059.20
1
COTIA, JUNDIAI, OSASCO, SAO JOSE DOS CAMPOS, SAO PAULO, SAO ROQUE, SOROCABA, TAUBATE

AKWU110113
ALEXANDRE O GRANDE
F
26/07/1997
(86) 82798-0289
ONIX
KWU-6640
11/01/19
13:05
175.98
3
COTIA, JUNDIAI, LORENA, OSASCO, SAO JOSE DOS CAMPOS

ANKG100220
ALEXANDRE O PEQUENO
M
20/06/1995
(63) 03640-5389
ONIX
NKG-6732
10/02/19
20:45
125.79
4
JUNDIAI, LORENA, OSASCO, RIO DE JANEIRO, SAO JOSE DOS CAMPOS, SAO PAULO

JMEK230200
JULIANA PAES
F
17/03/1993
(93) 81555-6733
CORSA
MEK-9792
23/02/19
00:15
212.78
2
COTIA, JUNDIAI, LORENA, OSASCO, RIO DE JANEIRO, SAO JOSE DOS CAMPOS, SAO PAULO, SAO ROQUE, SOROCABA

MGBZ080322
MATHEUS LIMA
F
12/11/1991
(60) 32900-3234
CELTA
GBZ-2557
08/03/19
22:49
022.53
4
COTIA, JUNDIAI, LORENA, OSASCO, SAO PAULO, SAO ROQUE, SOROCABA

FMHD260316
FATIMA BERNARDES
M
12/03/1995
(87) 91455-6651
FIT
MHD-8319
26/03/19
16:43
024.55
2
JUNDIAI, RIO DE JANEIRO, SAO JOSE DOS CAMPOS, SAO ROQUE

LABJ070821
LAVINIE DIAS
M
19/02/1999
(18) 86321-7659
COROLLA
ABJ-1071
07/08/19
21:35
045.64
2
COTIA, JUNDIAI, OSASCO, RIO DE JANEIRO, SAO JOSE DOS CAMPOS, SAO PAULO, SAO ROQUE, SOROCABA

LDGM030917
LETICIA FERREIRA DOS SANTOS
M
27/06/1993
(62) 90198-9783
FUSCA
DGM-2898
03/09/19
17:53
147.99
3
COTIA, JUNDIAI

EQSX191001
EDUARDO COSTA
F
09/04/1991
(05) 74520-7019
UNO
QSX-9375
19/10/19
01:49
129.39
4
JUNDIAI, RIO DE JANEIRO

GTJY201119
GABRIEL THE ANGEL
M
02/07/1998
(94) 03290-5224
CORSA
TJY-3348
20/11/19
19:40
203.24
4
COTIA, JUNDIAI, LORENA, OSASCO, SAO JOSE DOS CAMPOS, SAO PAULO, TAUBATE

MZIV231110
MATHEUS LIMA
F
03/02/1990
(13) 91499-5758
FIT
ZIV-6906
23/11/19
10:06
169.22
4
COTIA, JUNDIAI, SAO JOSE DOS CAMPOS, SAO ROQUE, SOROCABA

RFWY181209
ROBERT DOWNEY JUNIOR F :(
M
01/02/1999
(26) 73985-2834
ONIX
FWY-3827
18/12/19
09:13
236.96
1
COTIA, JUNDIAI, LORENA, OSASCO, RIO DE JANEIRO, SAO PAULO, SAO ROQUE, SOROCABA, TAUBATE

SKWQ181217
SABRINA SATO
F
26/07/1992
(35) 98419-0286
GOL
KWQ-1183
18/12/19
17:05
059.20
1
COTIA, JUNDIAI, OSASCO, SAO JOSE DOS CAMPOS, SAO PAULO, SAO ROQUE, SOROCABA, TAUBATE

AKWU110113
ALEXANDRE O GRANDE
F
26/07/1997
(86) 82798-0289
ONIX
KWU-6640
11/01/19
13:05
175.98
3
COTIA, JUNDIAI, LORENA, OSASCO, SAO JOSE DOS CAMPOS

BMAW120107
BRUNA MARQUEZINE
M
13/02/1998
(69) 38564-2362
FIT
MAW-9161
12/01/19
07:11
064.39
2
LORENA, OSASCO, SAO ROQUE

ANKG100220
ALEXANDRE O PEQUENO
M
20/06/1995
(63) 03640-5389
ONIX
NKG-6732
10/02/19
20:45
125.79
4
JUNDIAI, LORENA, OSASCO, RIO DE JANEIRO, SAO JOSE DOS CAMPOS, SAO PAULO

JMEK230200
JULIANA PAES
F
17/03/1993
(93) 81555-6733
CORSA
MEK-9792
23/02/19
00:15
212.78
2
COTIA, JUNDIAI, LORENA, OSASCO, RIO DE JANEIRO, SAO JOSE DOS CAMPOS, SAO PAULO, SAO ROQUE, SOROCABA

MGBZ080322
MATHEUS LIMA
F
12/11/1991
(60) 32900-3234
CELTA
GBZ-2557
08/03/19
22:49
022.53
4
COTIA, JUNDIAI, LORENA, OSASCO, SAO PAULO, SAO ROQUE, SOROCABA

BIJD150701
BRUNA MARQUEZINE
F
08/07/1999
(70) 68381-5316
COROLLA
IJD-7181
15/07/19
01:48
081.21
4
LORENA, SAO PAULO, SAO ROQUE

GTJY201119
GABRIEL THE ANGEL
M
02/07/1998
(94) 03290-5224
CORSA
TJY-3348
20/11/19
19:40
203.24
4
COTIA, JUNDIAI, LORENA, OSASCO, SAO JOSE DOS CAMPOS, SAO PAULO, TAUBATE

TRLJ171205
TATIANA MONTEIRO
F
11/07/1998
(40) 29199-6198
CIVIC
RLJ-8286
17/12/19
05:15
163.57
3
COTIA, LORENA, RIO DE JANEIRO, SAO JOSE DOS CAMPOS, SAO PAULO, SAO ROQUE, SOROCABA

RFWY181209
ROBERT DOWNEY JUNIOR F :(
M
01/02/1999
(26) 73985-2834
ONIX
FWY-3827
18/12/19
09:13
236.96
1
COTIA, JUNDIAI, LORENA, OSASCO, RIO DE JANEIRO, SAO PAULO, SAO ROQUE, SOROCABA, TAUBATE

AKWU110113
ALEXANDRE O GRANDE
F
26/07/1997
(86) 82798-0289
ONIX
KWU-6640
11/01/19
13:05
175.98
3
COTIA, JUNDIAI, LORENA, OSASCO, SAO JOSE DOS CAMPOS

BMAW120107
BRUNA MARQUEZINE
M
13/02/1998
(69) 38564-2362
FIT
MAW-9161
12/01/19
07:11
064.39
2
LORENA, OSASCO, SAO ROQUE

ANKG100220
ALEXANDRE O PEQUENO
M
20/06/1995
(63) 03640-5389
ONIX
NKG-6732
10/02/19
20:45
125.79
4
JUNDIAI, LORENA, OSASCO, RIO DE JANEIRO, SAO JOSE DOS CAMPOS, SAO PAULO

JMEK230200
JULIANA PAES
F
17/03/1993
(93) 81555-6733
CORSA
MEK-9792
23/02/19
00:15
212.78
2
COTIA, JUNDIAI, LORENA, OSASCO, RIO DE JANEIRO, SAO JOSE DOS CAMPOS, SAO PAULO, SAO ROQUE, SOROCABA

MGBZ080322
MATHEUS LIMA
F
12/11/1991
(60) 32900-3234
CELTA
GBZ-2557
08/03/19
22:49
022.53
4
COTIA, JUNDIAI, LORENA, OSASCO, SAO PAULO, SAO ROQUE, SOROCABA

LABJ070821
LAVINIE DIAS
M
19/02/1999
(18) 86321-7659
COROLLA
ABJ-1071
07/08/19
21:35
045.64
2
COTIA, JUNDIAI, OSASCO, RIO DE JANEIRO, SAO JOSE DOS CAMPOS, SAO PAULO, SAO ROQUE, SOROCABA

GTJY201119
GABRIEL THE ANGEL
M
02/07/1998
(94) 03290-5224
CORSA
TJY-3348
20/11/19
19:40
203.24
4
COTIA, JUNDIAI, LORENA, OSASCO, SAO JOSE DOS CAMPOS, SAO PAULO, TAUBATE

RFWY181209
ROBERT DOWNEY JUNIOR F :(
M
01/02/1999
(26) 73985-2834
ONIX
FWY-3827
18/12/19
09:13
236.96
1
COTIA, JUNDIAI, LORENA, OSASCO, RIO DE JANEIRO, SAO PAULO, SAO ROQUE, SOROCABA, TAUBATE

SKWQ181217
SABRINA SATO
F
26/07/1992
(35) 98419-0286
GOL
KWQ-1183
18/12/19
17:05
059.20
1
COTIA, JUNDIAI, OSASCO, SAO JOSE DOS CAMPOS, SAO PAULO, SAO ROQUE, SOROCABA, TAUBATE

ANKG100220
ALEXANDRE O PEQUENO
M
20/06/1995
(63) 03640-5389
ONIX
NKG-6732
10/02/19
20:45
125.79
4
JUNDIAI, LORENA, OSASCO, RIO DE JANEIRO, SAO JOSE DOS CAMPOS, SAO PAULO

JMEK230200
JULIANA PAES
F
17/03/1993
(93) 81555-6733
CORSA
MEK-9792
23/02/19
00:15
212.78
2
COTIA, JUNDIAI, LORENA, OSASCO, RIO DE JANEIRO, SAO JOSE DOS CAMPOS, SAO PAULO, SAO ROQUE, SOROCABA

FMHD260316
FATIMA BERNARDES
M
12/03/1995
(87) 91455-6651
FIT
MHD-8319
26/03/19
16:43
024.55
2
JUNDIAI, RIO DE JANEIRO, SAO JOSE DOS CAMPOS, SAO ROQUE

LABJ070821
LAVINIE DIAS
M
19/02/1999
(18) 86321-7659
COROLLA
ABJ-1071
07/08/19
21:35
045.64
2
COTIA, JUNDIAI, OSASCO, RIO DE JANEIRO, SAO JOSE DOS CAMPOS, SAO PAULO, SAO ROQUE, SOROCABA

EQSX191001
EDUARDO COSTA
F
09/04/1991
(05) 74520-7019
UNO
QSX-9375
19/10/19
01:49
129.39
4
JUNDIAI, RIO DE JANEIRO

TRLJ171205
TATIANA MONTEIRO
F
11/07/1998
(40) 29199-6198
CIVIC
RLJ-8286
17/12/19
05:15
163.57
3
COTIA, LORENA, RIO DE JANEIRO, SAO JOSE DOS CAMPOS, SAO PAULO, SAO ROQUE, SOROCABA

RFWY181209
ROBERT DOWNEY JUNIOR F :(
M
01/02/1999
(26) 73985-2834
ONIX
FWY-3827
18/12/19
09:13
236.96
1
COTIA, JUNDIAI, LORENA, OSASCO, RIO DE JANEIRO, SAO PAULO, SAO ROQUE, SOROCABA, TAUBATE

AKWU110113
ALEXANDRE O GRANDE
F
26/07/1997
(86) 82798-0289
ONIX
KWU-6640
11/01/19
13:05
175.98
3
COTIA, JUNDIAI, LORENA, OSASCO, SAO JOSE DOS CAMPOS

ANKG100220
ALEXANDRE O PEQUENO
M
20/06/1995
(63) 03640-5389
ONIX
NKG-6732
10/02/19
20:45
125.79
4
JUNDIAI, LORENA, OSASCO, RIO DE JANEIRO, SAO JOSE DOS CAMPOS, SAO PAULO

JMEK230200
JULIANA PAES
F
17/03/1993
(93) 81555-6733
CORSA
MEK-9792
23/02/19
00:15
212.78
2
COTIA, JUNDIAI, LORENA, OSASCO, RIO DE JANEIRO, SAO JOSE DOS CAMPOS, SAO PAULO, SAO ROQUE, SOROCABA

FMHD260316
FATIMA BERNARDES
M
12/03/1995
(87) 91455-6651
FIT
MHD-8319
26/03/19
16:43
024.55
2
JUNDIAI, RIO DE JANEIRO, SAO JOSE DOS CAMPOS, SAO ROQUE

TWIR240710
TATIANA MONTEIRO
F
07/11/1995
(43) 98742-6290
CIVIC
WIR-6237
24/07/19
10:16
096.90
3
SAO JOSE DOS CAMPOS, SAO PAULO, SAO ROQUE

AHBB250708
ALEXANDRE O CHEGA NE
M
17/05/1995
(98) 93894-2614
COROLLA
HBB-5768
25/07/19
08:37
202.28
3
COTIA, SAO JOSE DOS CAMPOS

LABJ070821
LAVINIE DIAS
M
19/02/1999
(18) 86321-7659
COROLLA
ABJ-1071
07/08/19
21:35
045.64
2
COTIA, JUNDIAI, OSASCO, RIO DE JANEIRO, SAO JOSE DOS CAMPOS, SAO PAULO, SAO ROQUE, SOROCABA

GTJY201119
GABRIEL THE ANGEL
M
02/07/1998
(94) 03290-5224
CORSA
TJY-3348
20/11/19
19:40
203.24
4
COTIA, JUNDIAI, LORENA, OSASCO, SAO JOSE DOS CAMPOS, SAO PAULO, TAUBATE

MZIV231110
MATHEUS LIMA
F
03/02/1990
(13) 91499-5758
FIT
ZIV-6906
23/11/19
10:06
169.22
4
COTIA, JUNDIAI, SAO JOSE DOS CAMPOS, SAO ROQUE, SOROCABA

TRLJ171205
TATIANA MONTEIRO
F
11/07/1998
(40) 29199-6198
CIVIC
RLJ-8286
17/12/19
05:15
163.57
3
COTIA, LORENA, RIO DE JANEIRO, SAO JOSE DOS CAMPOS, SAO PAULO, SAO ROQUE, SOROCABA

SKWQ181217
SABRINA SATO
F
26/07/1992
(35) 98419-0286
GOL
KWQ-1183
18/12/19
17:05
059.20
1
COTIA, JUNDIAI, OSASCO, SAO JOSE DOS CAMPOS, SAO PAULO, SAO ROQUE, SOROCABA, TAUBATE

ANKG100220
ALEXANDRE O PEQUENO
M
20/06/1995
(63) 03640-5389
ONIX
NKG-6732
10/02/19
20:45
125.79
4
JUNDIAI, LORENA, OSASCO, RIO DE JANEIRO, SAO JOSE DOS CAMPOS, SAO PAULO

JMEK230200
JULIANA PAES
F
17/03/1993
(93) 81555-6733
CORSA
MEK-9792
23/02/19
00:15
212.78
2
COTIA, JUNDIAI, LORENA, OSASCO, RIO DE JANEIRO, SAO JOSE DOS CAMPOS, SAO PAULO, SAO ROQUE, SOROCABA

MGBZ080322
MATHEUS LIMA
F
12/11/1991
(60) 32900-3234
CELTA
GBZ-2557
08/03/19
22:49
022.53
4
COTIA, JUNDIAI, LORENA, OSASCO, SAO PAULO, SAO ROQUE, SOROCABA

BIJD150701
BRUNA MARQUEZINE
F
08/07/1999
(70) 68381-5316
COROLLA
IJD-7181
15/07/19
01:48
081.21
4
LORENA, SAO PAULO, SAO ROQUE

TWIR240710
TATIANA MONTEIRO
F
07/11/1995
(43) 98742-6290
CIVIC
WIR-6237
24/07/19
10:16
096.90
3
SAO JOSE DOS CAMPOS, SAO PAULO, SAO ROQUE

LABJ070821
LAVINIE DIAS
M
19/02/1999
(18) 86321-7659
COROLLA
ABJ-1071
07/08/19
21:35
045.64
2
COTIA, JUNDIAI, OSASCO, RIO DE JANEIRO, SAO JOSE DOS CAMPOS, SAO PAULO, SAO ROQUE, SOROCABA

GTJY201119
GABRIEL THE ANGEL
M
02/07/1998
(94) 03290-5224
CORSA
TJY-3348
20/11/19
19:40
203.24
4
COTIA, JUNDIAI, LORENA, OSASCO, SAO JOSE DOS CAMPOS, SAO PAULO, TAUBATE

TRLJ171205
TATIANA MONTEIRO
F
11/07/1998
(40) 29199-6198
CIVIC
RLJ-8286
17/12/19
05:15
163.57
3
COTIA, LORENA, RIO DE JANEIRO, SAO JOSE DOS CAMPOS, SAO PAULO, SAO ROQUE, SOROCABA

RFWY181209
ROBERT DOWNEY JUNIOR F :(
M
01/02/1999
(26) 73985-2834
ONIX
FWY-3827
18/12/19
09:13
236.96
1
COTIA, JUNDIAI, LORENA, OSASCO, RIO DE JANEIRO, SAO PAULO, SAO ROQUE, SOROCABA, TAUBATE

SKWQ181217
SABRINA SATO
F
26/07/1992
(35) 98419-0286
GOL
KWQ-1183
18/12/19
17:05
059.20
1
COTIA, JUNDIAI, OSASCO, SAO JOSE DOS CAMPOS, SAO PAULO, SAO ROQUE, SOROCABA, TAUBATE

BMAW120107
BRUNA MARQUEZINE
M
13/02/1998
(69) 38564-2362
FIT
MAW-9161
12/01/19
07:11
064.39
2
LORENA, OSASCO, SAO ROQUE

JMEK230200
JULIANA PAES
F
17/03/1993
(93) 81555-6733
CORSA
MEK-9792
23/02/19
00:15
212.78
2
COTIA, JUNDIAI, LORENA, OSASCO, RIO DE JANEIRO, SAO JOSE DOS CAMPOS, SAO PAULO, SAO ROQUE, SOROCABA

MGBZ080322
MATHEUS LIMA
F
12/11/1991
(60) 32900-3234
CELTA
GBZ-2557
08/03/19
22:49
022.53
4
COTIA, JUNDIAI, LORENA, OSASCO, SAO PAULO, SAO ROQUE, SOROCABA

FMHD260316
FATIMA BERNARDES
M
12/03/1995
(87) 91455-6651
FIT
MHD-8319
26/03/19
16:43
024.55
2
JUNDIAI, RIO DE JANEIRO, SAO JOSE DOS CAMPOS, SAO ROQUE

BIJD150701
BRUNA MARQUEZINE
F
08/07/1999
(70) 68381-5316
COROLLA
IJD-7181
15/07/19
01:48
081.21
4
LORENA, SAO PAULO, SAO ROQUE

TWIR240710
TATIANA MONTEIRO
F
07/11/1995
(43) 98742-6290
CIVIC
WIR-6237
24/07/19
10:16
096.90
3
SAO JOSE DOS CAMPOS, SAO PAULO, SAO ROQUE

LABJ070821
LAVINIE DIAS
M
19/02/1999
(18) 86321-7659
COROLLA
ABJ-1071
07/08/19
21:35
045.64
2
COTIA, JUNDIAI, OSASCO, RIO DE JANEIRO, SAO JOSE DOS CAMPOS, SAO PAULO, SAO ROQUE, SOROCABA

MZIV231110
MATHEUS LIMA
F
03/02/1990
(13) 91499-5758
FIT
ZIV-6906
23/11/19
10:06
169.22
4
COTIA, JUNDIAI, SAO JOSE DOS CAMPOS, SAO ROQUE, SOROCABA

TRLJ171205
TATIANA MONTEIRO
F
11/07/1998
(40) 29199-6198
CIVIC
RLJ-8286
17/12/19
05:15
163.57
3
COTIA, LORENA, RIO DE JANEIRO, SAO JOSE DOS CAMPOS, SAO PAULO, SAO ROQUE, SOROCABA

RFWY181209
ROBERT DOWNEY JUNIOR F :(
M
01/02/1999
(26) 73985-2834
ONIX
FWY-3827
18/12/19
09:13
236.96
1
COTIA, JUNDIAI, LORENA, OSASCO, RIO DE JANEIRO, SAO PAULO, SAO ROQUE, SOROCABA, TAUBATE

SKWQ181217
SABRINA SATO
F
26/07/1992
(35) 98419-0286
GOL
KWQ-1183
18/12/19
17:05
059.20
1
COTIA, JUNDIAI, OSASCO, SAO JOSE DOS CAMPOS, SAO PAULO, SAO ROQUE, SOROCABA, TAUBATE

JMEK230200
JULIANA PAES
F
17/03/1993
(93) 81555-6733
CORSA
MEK-9792
23/02/19
00:15
212.78
2
COTIA, JUNDIAI, LORENA, OSASCO, RIO DE JANEIRO, SAO JOSE DOS CAMPOS, SAO PAULO, SAO ROQUE, SOROCABA

MGBZ080322
MATHEUS LIMA
F
12/11/1991
(60) 32900-3234
CELTA
GBZ-2557
08/03/19
22:49
022.53
4
COTIA, JUNDIAI, LORENA, OSASCO, SAO PAULO, SAO ROQUE, SOROCABA

LABJ070821
LAVINIE DIAS
M
19/02/1999
(18) 86321-7659
COROLLA
ABJ-1071
07/08/19
21:35
045.64
2
COTIA, JUNDIAI, OSASCO, RIO DE JANEIRO, SAO JOSE DOS CAMPOS, SAO PAULO, SAO ROQUE, SOROCABA

MZIV231110
MATHEUS LIMA
F
03/02/1990
(13) 91499-5758
FIT
ZIV-6906
23/11/19
10:06
169.22
4
COTIA, JUNDIAI, SAO JOSE DOS CAMPOS, SAO ROQUE, SOROCABA

TRLJ171205
TATIANA MONTEIRO
F
11/07/1998
(40) 29199-6198
CIVIC
RLJ-8286
17/12/19
05:15
163.57
3
COTIA, LORENA, RIO DE JANEIRO, SAO JOSE DOS CAMPOS, SAO PAULO, SAO ROQUE, SOROCABA

RFWY181209
ROBERT DOWNEY JUNIOR F :(
M
01/02/1999
(26) 73985-2834
ONIX
FWY-3827
18/12/19
09:13
236.96
1
COTIA, JUNDIAI, LORENA, OSASCO, RIO DE JANEIRO, SAO PAULO, SAO ROQUE, SOROCABA, TAUBATE

SKWQ181217
SABRINA SATO
F
26/07/1992
(35) 98419-0286
GOL
KWQ-1183
18/12/19
17:05
059.20
1
COTIA, JUNDIAI, OSASCO, SAO JOSE DOS CAMPOS, SAO PAULO, SAO ROQUE, SOROCABA, TAUBATE

GTJY201119
GABRIEL THE ANGEL
M
02/07/1998
(94) 03290-5224
CORSA
TJY-3348
20/11/19
19:40
203.24
4
COTIA, JUNDIAI, LORENA, OSASCO, SAO JOSE DOS CAMPOS, SAO PAULO, TAUBATE

RFWY181209
ROBERT DOWNEY JUNIOR F :(
M
01/02/1999
(26) 73985-2834
ONIX
FWY-3827
18/12/19
09:13
236.96
1
COTIA, JUNDIAI, LORENA, OSASCO, RIO DE JANEIRO, SAO PAULO, SAO ROQUE, SOROCABA, TAUBATE

SKWQ181217
SABRINA SATO
F
26/07/1992
(35) 98419-0286
GOL
KWQ-1183
18/12/19
17:05
059.20
1
COTIA, JUNDIAI, OSASCO, SAO JOSE DOS CAMPOS, SAO PAULO, SAO ROQUE, SOROCABA, TAUBATE
**********************BUSCAR**********************
Registro(s) nao encontrado!
**********************ALTERAR*********************
OPERACAO REALIZADA COM SUCESSO!
**********************ALTERAR*********************
OPERACAO REALIZADA COM SUCESSO!
*****************ARQUIVO SECUNDARIO****************
AKWU110113 11/01/19
BMAW120107 12/01/19
ANKG100220 10/02/19
JMEK230200 23/02/19
MGBZ080322 08/03/19
FMHD260316 26/03/19
BIJD150701 15/07/19
TWIR240710 24/07/19
AHBB250708 25/07/19
ELHI070818 07/08/19
LABJ070821 07/08/19
LDGM030917 03/09/19
EQSX191001 19/10/19
GTJY201119 20/11/19
MZIV231110 23/11/19
TRLJ171205 17/12/19
RFWY181209 18/12/19
SKWQ181217 18/12/19
**********************LISTAR**********************
AKWU110113
ALEXANDRE O GRANDE
F
26/07/1997
(86) 82798-0289
ONIX
KWU-6640
11/01/19
13:05
175.98
3
COTIA, JUNDIAI, LORENA, OSASCO, SAO JOSE DOS CAMPOS

BMAW120107
BRUNA MARQUEZINE
M
13/02/1998
(69) 38564-2362
FIT
MAW-9161
12/01/19
07:11
064.39
2
LORENA, OSASCO, SAO ROQUE

ANKG100220
ALEXANDRE O PEQUENO
M
20/06/1995
(63) 03640-5389
ONIX
NKG-6732
10/02/19
20:45
125.79
4
JUNDIAI, LORENA, OSASCO, RIO DE JANEIRO, SAO JOSE DOS CAMPOS, SAO PAULO

JMEK230200
JULIANA PAES
F
17/03/1993
(93) 81555-6733
CORSA
MEK-9792
23/02/19
00:15
212.78
2
COTIA, JUNDIAI, LORENA, OSASCO, RIO DE JANEIRO, SAO JOSE DOS CAMPOS, SAO PAULO, SAO ROQUE, SOROCABA

MGBZ080322
MATHEUS LIMA
F
12/11/1991
(60) 32900-3234
CELTA
GBZ-2557
08/03/19
22:49
022.53
4
COTIA, JUNDIAI, LORENA, OSASCO, SAO PAULO, SAO ROQUE, SOROCABA

FMHD260316
FATIMA BERNARDES
M
12/03/1995
(87) 91455-6651
FIT
MHD-8319
26/03/19
16:43
024.55
2
JUNDIAI, RIO DE JANEIRO, SAO JOSE DOS CAMPOS, SAO ROQUE

BIJD150701
BRUNA MARQUEZINE
F
08/07/1999
(70) 68381-5316
COROLLA
IJD-7181
15/07/19
01:48
081.21
4
LORENA, SAO PAULO, SAO ROQUE

TWIR240710
TATIANA MONTEIRO
F
07/11/1995
(43) 98742-6290
CIVIC
WIR-6237
24/07/19
10:16
096.90
3
SAO JOSE DOS CAMPOS, SAO PAULO, SAO ROQUE

AHBB250708
ALEXANDRE O CHEGA NE
M
17/05/1995
(98) 93894-2614
COROLLA
HBB-5768
25/07/19
08:37
202.28
2
COTIA, SAO JOSE DOS CAMPOS

ELHI070818
EDUARDO COSTA
F
15/03/1990
(71) 12993-0821
CORSA
LHI-1921
07/08/19
18:60
049.11
4
COTIA, JUNDIAI, OSASCO, SAO JOSE DOS CAMPOS, SAO PAULO, SAO ROQUE, TAUBATE

LABJ070821
LAVINIE DIAS
M
19/02/1999
(18) 86321-7659
COROLLA
ABJ-1071
07/08/19
21:35
045.64
2
COTIA, JUNDIAI, OSASCO, RIO DE JANEIRO, SAO JOSE DOS CAMPOS, SAO PAULO, SAO ROQUE, SOROCABA

LDGM030917
LETICIA FERREIRA DOS SANTOS
M
27/06/1993
(62) 90198-9783
FUSCA
DGM-2898
03/09/19
17:53
147.99
3
COTIA, JUNDIAI

EQSX191001
EDUARDO COSTA
F
09/04/1991
(05) 74520-7019
UNO
QSX-9375
19/10/19
01:49
129.39
4
JUNDIAI, RIO DE JANEIRO

GTJY201119
GABRIEL THE ANGEL
M
02/07/1998
(94) 03290-5224
CORSA
TJY-3348
20/11/19
19:40
203.24
4
COTIA, JUNDIAI, LORENA, OSASCO, SAO JOSE DOS CAMPOS, SAO PAULO, TAUBATE

MZIV231110
MATHEUS LIMA
F
03/02/1990
(13) 91499-5758
FIT
ZIV-6906
23/11/19
10:06
169.22
4
COTIA, JUNDIAI, SAO JOSE DOS CAMPOS, SAO ROQUE, SOROCABA

TRLJ171205
TATIANA MONTEIRO
F
11/07/1998
(40) 29199-6198
CIVIC
RLJ-8286
17/12/19
05:15
163.57
3
COTIA, LORENA, RIO DE JANEIRO, SAO JOSE DOS CAMPOS, SAO PAULO, SAO ROQUE, SOROCABA

RFWY181209
ROBERT DOWNEY JUNIOR F :(
M
01/02/1999
(26) 73985-2834
ONIX
FWY-3827
18/12/19
09:13
236.96
1
COTIA, JUNDIAI, LORENA, OSASCO, RIO DE JANEIRO, SAO PAULO, SAO ROQUE, SOROCABA, TAUBATE

SKWQ181217
SABRINA SATO
F
26/07/1992
(35) 98419-0286
GOL
KWQ-1183
18/12/19
17:05
059.20
1
COTIA, JUNDIAI, OSASCO, SAO JOSE DOS CAMPOS, SAO PAULO, SAO ROQUE, SOROCABA, TAUBATE
*****************ARQUIVO SECUNDARIO****************
AHBB250708 ALEXANDRE O CHEGA NE
AKWU110113 ALEXANDRE O GRANDE
ANKG100220 ALEXANDRE O PEQUENO
BIJD150701 BRUNA MARQUEZINE
BMAW120107 BRUNA MARQUEZINE
ELHI070818 EDUARDO COSTA
EQSX191001 EDUARDO COSTA
FMHD260316 FATIMA BERNARDES
GTJY201119 GABRIEL THE ANGEL
JMEK230200 JULIANA PAES
LABJ070821 LAVINIE DIAS
LDGM030917 LETICIA FERREIRA DOS SANTOS
MGBZ080322 MATHEUS LIMA
MZIV231110 MATHEUS LIMA
RFWY181209 ROBERT DOWNEY JUNIOR F :(
SKWQ181217 SABRINA SATO
TRLJ171205 TATIANA MONTEIRO
TWIR240710 TATIANA MONTEIRO
*****************ARQUIVO SECUNDARIO****************
JMEK230200 00:15
BIJD150701 01:48
EQSX191001 01:49
TRLJ171205 05:15
BMAW120107 07:11
AHBB250708 08:37
RFWY181209 09:13
MZIV231110 10:06
TWIR240710 10:16
AKWU110113 13:05
FMHD260316 16:43
SKWQ181217 17:05
LDGM030917 17:53
ELHI070818 18:60
GTJY201119 19:40
ANKG100220 20:45
LABJ070821 21:35
MGBZ080322 22:49
**********************BUSCAR**********************
Registro(s) nao encontrado!
*****************ARQUIVO SECUNDARIO****************
COTIA AHBB250708 AKWU110113 ELHI070818 GTJY201119 JMEK230200 LABJ070821 LDGM030917 MGBZ080322 MZIV231110 RFWY181209 SKWQ181217 TRLJ171205
JUNDIAI AKWU110113 ANKG100220 ELHI070818 EQSX191001 FMHD260316 GTJY201119 JMEK230200 LABJ070821 LDGM030917 MGBZ080322 MZIV231110 RFWY181209 SKWQ181217
LORENA AKWU110113 ANKG100220 BIJD150701 BMAW120107 GTJY201119 JMEK230200 MGBZ080322 RFWY181209 TRLJ171205
OSASCO AKWU110113 ANKG100220 BMAW120107 ELHI070818 GTJY201119 JMEK230200 LABJ070821 MGBZ080322 RFWY181209 SKWQ181217
RIO DE JANEIRO ANKG100220 EQSX191001 FMHD260316 JMEK230200 LABJ070821 RFWY181209 TRLJ171205
SAO JOSE DOS CAMPOS AHBB250708 AKWU110113 ANKG100220 ELHI070818 FMHD260316 GTJY201119 JMEK230200 LABJ070821 MZIV231110 SKWQ181217 TRLJ171205 TWIR240710
SAO PAULO ANKG100220 BIJD150701 ELHI070818 GTJY201119 JMEK230200 LABJ070821 MGBZ080322 RFWY181209 SKWQ181217 TRLJ171205 TWIR240710
SAO ROQUE BIJD150701 BMAW120107 ELHI070818 FMHD260316 JMEK230200 LABJ070821 MGBZ080322 MZIV231110 RFWY181209 SKWQ181217 TRLJ171205 TWIR240710
SOROCABA JMEK230200 LABJ070821 MGBZ080322 MZIV231110 RFWY181209 SKWQ181217 TRLJ171205
TAUBATE ELHI070818 GTJY201119 RFWY181209 SKWQ181217
**********************EXCLUIR*********************
OPERACAO REALIZADA COM SUCESSO!
**********************LISTAR**********************
AKWU110113
ALEXANDRE O GRANDE
F
26/07/1997
(86) 82798-0289
ONIX
KWU-6640
11/01/19
13:05
175.98
3
COTIA, JUNDIAI, LORENA, OSASCO, SAO JOSE DOS CAMPOS

MGBZ080322
MATHEUS LIMA
F
12/11/1991
(60) 32900-3234
CELTA
GBZ-2557
08/03/19
22:49
022.53
4
COTIA, JUNDIAI, LORENA, OSASCO, SAO PAULO, SAO ROQUE, SOROCABA

RZPD190405
RENATA ARAGAO
F
13/03/1994
(06) 05210-5042
CORSA
ZPD-8239
19/04/19
05:22
101.31
3
COTIA, JUNDIAI, LORENA, SAO JOSE DOS CAMPOS, SAO PAULO, SAO ROQUE, SOROCABA, TAUBATE

AHBB250708
ALEXANDRE O CHEGA NE
M
17/05/1995
(98) 93894-2614
COROLLA
HBB-5768
25/07/19
08:37
202.28
2
COTIA, SAO JOSE DOS CAMPOS

ELHI070818
EDUARDO COSTA
F
15/03/1990
(71) 12993-0821
CORSA
LHI-1921
07/08/19
18:60
049.11
4
COTIA, JUNDIAI, OSASCO, SAO JOSE DOS CAMPOS, SAO PAULO, SAO ROQUE, TAUBATE

LABJ070821
LAVINIE DIAS
M
19/02/1999
(18) 86321-7659
COROLLA
ABJ-1071
07/08/19
21:35
045.64
2
COTIA, JUNDIAI, OSASCO, RIO DE JANEIRO, SAO JOSE DOS CAMPOS, SAO PAULO, SAO ROQUE, SOROCABA

LDGM030917
LETICIA FERREIRA DOS SANTOS
M
27/06/1993
(62) 90198-9783
FUSCA
DGM-2898
03/09/19
17:53
147.99
3
COTIA, JUNDIAI

GTJY201119
GABRIEL THE ANGEL
M
02/07/1998
(94) 03290-5224
CORSA
TJY-3348
20/11/19
19:40
203.24
4
COTIA, JUNDIAI, LORENA, OSASCO, SAO JOSE DOS CAMPOS, SAO PAULO, TAUBATE

MZIV231110
MATHEUS LIMA
F
03/02/1990
(13) 91499-5758
FIT
ZIV-6906
23/11/19
10:06
169.22
4
COTIA, JUNDIAI, SAO JOSE DOS CAMPOS, SAO ROQUE, SOROCABA

RIOT101218
ROBERT PATTINSON
F
23/08/1992
(86) 78611-3694
CELTA
IOT-8929
10/12/19
18:09
094.75
2
COTIA, JUNDIAI, LORENA, SAO JOSE DOS CAMPOS, SAO PAULO, SAO ROQUE, SOROCABA

TRLJ171205
TATIANA MONTEIRO
F
11/07/1998
(40) 29199-6198
CIVIC
RLJ-8286
17/12/19
05:15
163.57
3
COTIA, LORENA, RIO DE JANEIRO, SAO JOSE DOS CAMPOS, SAO PAULO, SAO ROQUE, SOROCABA

RFWY181209
ROBERT DOWNEY JUNIOR F :(
M
01/02/1999
(26) 73985-2834
ONIX
FWY-3827
18/12/19
09:13
236.96
1
COTIA, JUNDIAI, LORENA, OSASCO, RIO DE JANEIRO, SAO PAULO, SAO ROQUE, SOROCABA, TAUBATE

SKWQ181217
SABRINA SATO
F
26/07/1992
(35) 98419-0286
GOL
KWQ-1183
18/12/19
17:05
059.20
1
COTIA, JUNDIAI, OSASCO, SAO JOSE DOS CAMPOS, SAO PAULO, SAO ROQUE, SOROCABA, TAUBATE

AKWU110113
ALEXANDRE O GRANDE
F
26/07/1997
(86) 82798-0289
ONIX
KWU-6640
11/01/19
13:05
175.98
3
COTIA, JUNDIAI, LORENA, OSASCO, SAO JOSE DOS CAMPOS

ANKG100220
ALEXANDRE O PEQUENO
M
20/06/1995
(63) 03640-5389
ONIX
NKG-6732
10/02/19
20:45
125.79
4
JUNDIAI, LORENA, OSASCO, RIO DE JANEIRO, SAO JOSE DOS CAMPOS, SAO PAULO

MGBZ080322
MATHEUS LIMA
F
12/11/1991
(60) 32900-3234
CELTA
GBZ-2557
08/03/19
22:49
022.53
4
COTIA, JUNDIAI, LORENA, OSASCO, SAO PAULO, SAO ROQUE, SOROCABA

FMHD260316
FATIMA BERNARDES
M
12/03/1995
(87) 91455-6651
FIT
MHD-8319
26/03/19
16:43
024.55
2
JUNDIAI, RIO DE JANEIRO, SAO JOSE DOS CAMPOS, SAO ROQUE

RZPD190405
RENATA ARAGAO
F
13/03/1994
(06) 05210-5042
CORSA
ZPD-8239
19/04/19
05:22
101.31
3
COTIA, JUNDIAI, LORENA, SAO JOSE DOS CAMPOS, SAO PAULO, SAO ROQUE, SOROCABA, TAUBATE

ELHI070818
EDUARDO COSTA
F
15/03/1990
(71) 12993-0821
CORSA
LHI-1921
07/08/19
18:60
049.11
4
COTIA, JUNDIAI, OSASCO, SAO JOSE DOS CAMPOS, SAO PAULO, SAO ROQUE, TAUBATE

LABJ070821
LAVINIE DIAS
M
19/02/1999
(18) 86321-7659
COROLLA
ABJ-1071
07/08/19
21:35
045.64
2
COTIA, JUNDIAI, OSASCO, RIO DE JANEIRO, SAO JOSE DOS CAMPOS, SAO PAULO, SAO ROQUE, SOROCABA

LDGM030917
LETICIA FERREIRA DOS SANTOS
M
27/06/1993
(62) 90198-9783
FUSCA
DGM-2898
03/09/19
17:53
147.99
3
COTIA, JUNDIAI

EQSX191001
EDUARDO COSTA
F
09/04/1991
(05) 74520-7019
UNO
QSX-9375
19/10/19
01:49
129.39
4
JUNDIAI, RIO DE JANEIRO

GTJY201119
GABRIEL THE ANGEL
M
02/07/1998
(94) 03290-5224
CORSA
TJY-3348
20/11/19
19:40
203.24
4
COTIA, JUNDIAI, LORENA, OSASCO, SAO JOSE DOS CAMPOS, SAO PAULO, TAUBATE

MZIV231110
MATHEUS LIMA
F
03/02/1990
(13) 91499-5758
FIT
ZIV-6906
23/11/19
10:06
169.22
4
COTIA, JUNDIAI, SAO JOSE DOS CAMPOS, SAO ROQUE, SOROCABA

RIOT101218
ROBERT PATTINSON
F
23/08/1992
(86) 78611-3694
CELTA
IOT-8929
10/12/19
18:09
094.75
2
COTIA, JUNDIAI, LORENA, SAO JOSE DOS CAMPOS, SAO PAULO, SAO ROQUE, SOROCABA

RFWY181209
ROBERT DOWNEY JUNIOR F :(
M
01/02/1999
(26) 73985-2834
ONIX
FWY-3827
18/12/19
09:13
236.96
1
COTIA, JUNDIAI, LORENA, OSASCO, RIO DE JANEIRO, SAO PAULO, SAO ROQUE, SOROCABA, TAUBATE

SKWQ181217
SABRINA SATO
F
26/07/1992
(35) 98419-0286
GOL
KWQ-1183
18/12/19
17:05
059.20
1
COTIA, JUNDIAI, OSASCO, SAO JOSE DOS CAMPOS, SAO PAULO, SAO ROQUE, SOROCABA, TAUBATE

AKWU110113
ALEXANDRE O GRANDE
F
26/07/1997
(86) 82798-0289
ONIX
KWU-6640
11/01/19
13:05
175.98
3
COTIA, JUNDIAI, LORENA, OSASCO, SAO JOSE DOS CAMPOS

BMAW120107
BRUNA MARQUEZINE
M
13/02/1998
(69) 38564-2362
FIT
MAW-9161
12/01/19
07:11
064.39
2
LORENA, OSASCO, SAO ROQUE

ANKG100220
ALEXANDRE O PEQUENO
M
20/06/1995
(63) 03640-5389
ONIX
NKG-6732
10/02/19
20:45
125.79
4
JUNDIAI, LORENA, OSASCO, RIO DE JANEIRO, SAO JOSE DOS CAMPOS, SAO PAULO

MGBZ080322
MATHEUS LIMA
F
12/11/1991
(60) 32900-3234
CELTA
GBZ-2557
08/03/19
22:49
022.53
4
COTIA, JUNDIAI, LORENA, OSASCO, SAO PAULO, SAO ROQUE, SOROCABA

RZPD190405
RENATA ARAGAO
F
13/03/1994
(06) 05210-5042
CORSA
ZPD-8239
19/04/19
05:22
101.31
3
COTIA, JUNDIAI, LORENA, SAO JOSE DOS CAMPOS, SAO PAULO, SAO ROQUE, SOROCABA, TAUBATE

BIJD150701
BRUNA MARQUEZINE
F
08/07/1999
(70) 68381-5316
COROLLA
IJD-7181
15/07/19
01:48
081.21
4
LORENA, SAO PAULO, SAO ROQUE

GTJY201119
GABRIEL THE ANGEL
M
02/07/1998
(94) 03290-5224
CORSA
TJY-3348
20/11/19
19:40
203.24
4
COTIA, JUNDIAI, LORENA, OSASCO, SAO JOSE DOS CAMPOS, SAO PAULO, TAUBATE

RIOT101218
ROBERT PATTINSON
F
23/08/1992
(86) 78611-3694
CELTA
IOT-8929
10/12/19
18:09
094.75
2
COTIA, JUNDIAI, LORENA, SAO JOSE DOS CAMPOS, SAO PAULO, SAO ROQUE, SOROCABA

TRLJ171205
TATIANA MONTEIRO
F
11/07/1998
(40) 29199-6198
CIVIC
RLJ-8286
17/12/19
05:15
163.57
3
COTIA, LORENA, RIO DE JANEIRO, SAO JOSE DOS CAMPOS, SAO PAULO, SAO ROQUE, SOROCABA

RFWY181209
ROBERT DOWNEY JUNIOR F :(
M
01/02/1999
(26) 73985-2834
ONIX
FWY-3827
18/12/19
09:13
236.96
1
COTIA, JUNDIAI, LORENA, OSASCO, RIO DE JANEIRO, SAO PAULO, SAO ROQUE, SOROCABA, TAUBATE

AKWU110113
ALEXANDRE O GRANDE
F
26/07/1997
(86) 82798-0289
ONIX
KWU-6640
11/01/19
13:05
175.98
3
COTIA, JUNDIAI, LORENA, OSASCO, SAO JOSE DOS CAMPOS

BMAW120107
BRUNA MARQUEZINE
M
13/02/1998
(69) 38564-2362
FIT
MAW-9161
12/01/19
07:11
064.39
2
LORENA, OSASCO, SAO ROQUE

ANKG100220
ALEXANDRE O PEQUENO
M
20/06/1995
(63) 03640-5389
ONIX
NKG-6732
10/02/19
20:45
125.79
4
JUNDIAI, LORENA, OSASCO, RIO DE JANEIRO, SAO JOSE DOS CAMPOS, SAO PAULO

MGBZ080322
MATHEUS LIMA
F
12/11/1991
(60) 32900-3234
CELTA
GBZ-2557
08/03/19
22:49
022.53
4
COTIA, JUNDIAI, LORENA, OSASCO, SAO PAULO, SAO ROQUE, SOROCABA

ELHI070818
EDUARDO COSTA
F
15/03/1990
(71) 12993-0821
CORSA
LHI-1921
07/08/19
18:60
049.11
4
COTIA, JUNDIAI, OSASCO, SAO JOSE DOS CAMPOS, SAO PAULO, SAO ROQUE, TAUBATE

LABJ070821
LAVINIE DIAS
M
19/02/1999
(18) 86321-7659
COROLLA
ABJ-1071
07/08/19
21:35
045.64
2
COTIA, JUNDIAI, OSASCO, RIO DE JANEIRO, SAO JOSE DOS CAMPOS, SAO PAULO, SAO ROQUE, SOROCABA

GTJY201119
GABRIEL THE ANGEL
M
02/07/1998
(94) 03290-5224
CORSA
TJY-3348
20/11/19
19:40
203.24
4
COTIA, JUNDIAI, LORENA, OSASCO, SAO JOSE DOS CAMPOS, SAO PAULO, TAUBATE

RFWY181209
ROBERT DOWNEY JUNIOR F :(
M
01/02/1999
(26) 73985-2834
ONIX
FWY-3827
18/12/19
09:13
236.96
1
COTIA, JUNDIAI, LORENA, OSASCO, RIO DE JANEIRO, SAO PAULO, SAO ROQUE, SOROCABA, TAUBATE

SKWQ181217
SABRINA SATO
F
26/07/1992
(35) 98419-0286
GOL
KWQ-1183
18/12/19
17:05
059.20
1
COTIA, JUNDIAI, OSASCO, SAO JOSE DOS CAMPOS, SAO PAULO, SAO ROQUE, SOROCABA, TAUBATE

ANKG100220
ALEXANDRE O PEQUENO
M
20/06/1995
(63) 03640-5389
ONIX
NKG-6732
10/02/19
20:45
125.79
4
JUNDIAI, LORENA, OSASCO, RIO DE JANEIRO, SAO JOSE DOS CAMPOS, SAO PAULO

FMHD260316
FATIMA BERNARDES
M
12/03/1995
(87) 91455-6651
FIT
MHD-8319
26/03/19
16:43
024.55
2
JUNDIAI, RIO DE JANEIRO, SAO JOSE DOS CAMPOS, SAO ROQUE

LABJ070821
LAVINIE DIAS
M
19/02/1999
(18) 86321-7659
COROLLA
ABJ-1071
07/08/19
21:35
045.64
2
COTIA, JUNDIAI, OSASCO, RIO DE JANEIRO, SAO JOSE DOS CAMPOS, SAO PAULO, SAO ROQUE, SOROCABA

EQSX191001
EDUARDO COSTA
F
09/04/1991
(05) 74520-7019
UNO
QSX-9375
19/10/19
01:49
129.39
4
JUNDIAI, RIO DE JANEIRO

TRLJ171205
TATIANA MONTEIRO
F
11/07/1998
(40) 29199-6198
CIVIC
RLJ-8286
17/12/19
05:15
163.57
3
COTIA, LORENA, RIO DE JANEIRO, SAO JOSE DOS CAMPOS, SAO PAULO, SAO ROQUE, SOROCABA

RFWY181209
ROBERT DOWNEY JUNIOR F :(
M
01/02/1999
(26) 73985-2834
ONIX
FWY-3827
18/12/19
09:13
236.96
1
COTIA, JUNDIAI, LORENA, OSASCO, RIO DE JANEIRO, SAO PAULO, SAO ROQUE, SOROCABA, TAUBATE

AKWU110113
ALEXANDRE O GRANDE
F
26/07/1997
(86) 82798-0289
ONIX
KWU-6640
11/01/19
13:05
175.98
3
COTIA, JUNDIAI, LORENA, OSASCO, SAO JOSE DOS CAMPOS

ANKG100220
ALEXANDRE O PEQUENO
M
20/06/1995
(63) 03640-5389
ONIX
NKG-6732
10/02/19
20:45
125.79
4
JUNDIAI, LORENA, OSASCO, RIO DE JANEIRO, SAO JOSE DOS CAMPOS, SAO PAULO

FMHD260316
FATIMA BERNARDES
M
12/03/1995
(87) 91455-6651
FIT
MHD-8319
26/03/19
16:43
024.55
2
JUNDIAI, RIO DE JANEIRO, SAO JOSE DOS CAMPOS, SAO ROQUE

RZPD190405
RENATA ARAGAO
F
13/03/1994
(06) 05210-5042
CORSA
ZPD-8239
19/04/19
05:22
101.31
3
COTIA, JUNDIAI, LORENA, SAO JOSE DOS CAMPOS, SAO PAULO, SAO ROQUE, SOROCABA, TAUBATE

TWIR240710
TATIANA MONTEIRO
F
07/11/1995
(43) 98742-6290
CIVIC
WIR-6237
24/07/19
10:16
096.90
3
SAO JOSE DOS CAMPOS, SAO PAULO, SAO ROQUE

AHBB250708
ALEXANDRE O CHEGA NE
M
17/05/1995
(98) 93894-2614
COROLLA
HBB-5768
25/07/19
08:37
202.28
2
COTIA, SAO JOSE DOS CAMPOS

ELHI070818
EDUARDO COSTA
F
15/03/1990
(71) 12993-0821
CORSA
LHI-1921
07/08/19
18:60
049.11
4
COTIA, JUNDIAI, OSASCO, SAO JOSE DOS CAMPOS, SAO PAULO, SAO ROQUE, TAUBATE

LABJ070821
LAVINIE DIAS
M
19/02/1999
(18) 86321-7659
COROLLA
ABJ-1071
07/08/19
21:35
045.64
2
COTIA, JUNDIAI, OSASCO, RIO DE JANEIRO, SAO JOSE DOS CAMPOS, SAO PAULO, SAO ROQUE, SOROCABA

GTJY201119
GABRIEL THE ANGEL
M
02/07/1998
(94) 03290-5224
CORSA
TJY-3348
20/11/19
19:40
203.24
4
COTIA, JUNDIAI, LORENA, OSASCO, SAO JOSE DOS CAMPOS, SAO PAULO, TAUBATE

MZIV231110
MATHEUS LIMA
F
03/02/1990
(13) 91499-5758
FIT
ZIV-6906
23/11/19
10:06
169.22
4
COTIA, JUNDIAI, SAO JOSE DOS CAMPOS, SAO ROQUE, SOROCABA

RIOT101218
ROBERT PATTINSON
F
23/08/1992
(86) 78611-3694
CELTA
IOT-8929
10/12/19
18:09
094.75
2
COTIA, JUNDIAI, LORENA, SAO JOSE DOS CAMPOS, SAO PAULO, SAO ROQUE, SOROCABA

TRLJ171205
TATIANA MONTEIRO
F
11/07/1998
(40) 29199-6198
CIVIC
RLJ-8286
17/12/19
05:15
163.57
3
COTIA, LORENA, RIO DE JANEIRO, SAO JOSE DOS CAMPOS, SAO PAULO, SAO ROQUE, SOROCABA

SKWQ181217
SABRINA SATO
F
26/07/1992
(35) 98419-0286
GOL
KWQ-1183
18/12/19
17:05
059.20
1
COTIA, JUNDIAI, OSASCO, SAO JOSE DOS CAMPOS, SAO PAULO, SAO ROQUE, SOROCABA, TAUBATE

ANKG100220
ALEXANDRE O PEQUENO
M
20/06/1995
(63) 03640-5389
ONIX
NKG-6732
10/02/19
20:45
125.79
4
JUNDIAI, LORENA, OSASCO, RIO DE JANEIRO, SAO JOSE DOS CAMPOS, SAO PAULO

MGBZ080322
MATHEUS LIMA
F
12/11/1991
(60) 32900-3234
CELTA
GBZ-2557
08/03/19
22:49
022.53
4
COTIA, JUNDIAI, LORENA, OSASCO, SAO PAULO, SAO ROQUE, SOROCABA

RZPD190405
RENATA ARAGAO
F
13/03/1994
(06) 05210-5042
CORSA
ZPD-8239
19/04/19
05:22
101.31
3
COTIA, JUNDIAI, LORENA, SAO JOSE DOS CAMPOS, SAO PAULO, SAO ROQUE, SOROCABA, TAUBATE

BIJD150701
BRUNA MARQUEZINE
F
08/07/1999
(70) 68381-5316
COROLLA
IJD-7181
15/07/19
01:48
081.21
4
LORENA, SAO PAULO, SAO ROQUE

TWIR240710
TATIANA MONTEIRO
F
07/11/1995
(43) 98742-6290
CIVIC
WIR-6237
24/07/19
10:16
096.90
3
SAO JOSE DOS CAMPOS, SAO PAULO, SAO ROQUE

ELHI070818
EDUARDO COSTA
F
15/03/1990
(71) 12993-0821
CORSA
LHI-1921
07/08/19
18:60
049.11
4
COTIA, JUNDIAI, OSASCO, SAO JOSE DOS CAMPOS, SAO PAULO, SAO ROQUE, TAUBATE

LABJ070821
LAVINIE DIAS
M
19/02/1999
(18) 86321-7659
COROLLA
ABJ-1071
07/08/19
21:35
045.64
2
COTIA, JUNDIAI, OSASCO, RIO DE JANEIRO, SAO JOSE DOS CAMPOS, SAO PAULO, SAO ROQUE, SOROCABA

GTJY201119
GABRIEL THE ANGEL
M
02/07/1998
(94) 03290-5224
CORSA
TJY-3348
20/11/19
19:40
203.24
4
COTIA, JUNDIAI, LORENA, OSASCO, SAO JOSE DOS CAMPOS, SAO PAULO, TAUBATE

RIOT101218
ROBERT PATTINSON
F
23/08/1992
(86) 78611-3694
CELTA
IOT-8929
10/12/19
18:09
094.75
2
COTIA, JUNDIAI, LORENA, SAO JOSE DOS CAMPOS, SAO PAULO, SAO ROQUE, SOROCABA

TRLJ171205
TATIANA MONTEIRO
F
11/07/1998
(40) 29199-6198
CIVIC
RLJ-8286
17/12/19
05:15
163.57
3
COTIA, LORENA, RIO DE JANEIRO, SAO JOSE DOS CAMPOS, SAO PAULO, SAO ROQUE, SOROCABA

RFWY181209
ROBERT DOWNEY JUNIOR F :(
M
01/02/1999
(26) 73985-2834
ONIX
FWY-3827
18/12/19
09:13
236.96
1
COTIA, JUNDIAI, LORENA, OSASCO, RIO DE JANEIRO, SAO PAULO, SAO ROQUE, SOROCABA, TAUBATE

SKWQ181217
SABRINA SATO
F
26/07/1992
(35) 98419-0286
GOL
KWQ-1183
18/12/19
17:05
059.20
1
COTIA, JUNDIAI, OSASCO, SAO JOSE DOS CAMPOS, SAO PAULO, SAO ROQUE, SOROCABA, TAUBATE

BMAW120107
BRUNA MARQUEZINE
M
13/02/1998
(69) 38564-2362
FIT
MAW-9161
12/01/19
07:11
064.39
2
LORENA, OSASCO, SAO ROQUE

MGBZ080322
MATHEUS LIMA
F
12/11/1991
(60) 32900-3234
CELTA
GBZ-2557
08/03/19
22:49
022.53
4
COTIA, JUNDIAI, LORENA, OSASCO, SAO PAULO, SAO ROQUE, SOROCABA

FMHD260316
FATIMA BERNARDES
M
12/03/1995
(87) 91455-6651
FIT
MHD-8319
26/03/19
16:43
024.55
2
JUNDIAI, RIO DE JANEIRO, SAO JOSE DOS CAMPOS, SAO ROQUE

RZPD190405
RENATA ARAGAO
F
13/03/1994
(06) 05210-5042
CORSA
ZPD-8239
19/04/19
05:22
101.31
3
COTIA, JUNDIAI, LORENA, SAO JOSE DOS CAMPOS, SAO PAULO, SAO ROQUE, SOROCABA, TAUBATE

BIJD150701
BRUNA MARQUEZINE
F
08/07/1999
(70) 68381-5316
COROLLA
IJD-7181
15/07/19
01:48
081.21
4
LORENA, SAO PAULO, SAO ROQUE

TWIR240710
TATIANA MONTEIRO
F
07/11/1995
(43) 98742-6290
CIVIC
WIR-6237
24/07/19
10:16
096.90
3
SAO JOSE DOS CAMPOS, SAO PAULO, SAO ROQUE

ELHI070818
EDUARDO COSTA
F
15/03/1990
(71) 12993-0821
CORSA
LHI-1921
07/08/19
18:60
049.11
4
COTIA, JUNDIAI, OSASCO, SAO JOSE DOS CAMPOS, SAO PAULO, SAO ROQUE, TAUBATE

LABJ070821
LAVINIE DIAS
M
19/02/1999
(18) 86321-7659
COROLLA
ABJ-1071
07/08/19
21:35
045.64
2
COTIA, JUNDIAI, OSASCO, RIO DE JANEIRO, SAO JOSE DOS CAMPOS, SAO PAULO, SAO ROQUE, SOROCABA

MZIV231110
MATHEUS LIMA
F
03/02/1990
(13) 91499-5758
FIT
ZIV-6906
23/11/19
10:06
169.22
4
COTIA, JUNDIAI, SAO JOSE DOS CAMPOS, SAO ROQUE, SOROCABA

RIOT101218
ROBERT PATTINSON
F
23/08/1992
(86) 78611-3694
CELTA
IOT-8929
10/12/19
18:09
094.75
2
COTIA, JUNDIAI, LORENA, SAO JOSE DOS CAMPOS, SAO PAULO, SAO ROQUE, SOROCABA

TRLJ171205
TATIANA MONTEIRO
F
11/07/1998
(40) 29199-6198
CIVIC
RLJ-8286
17/12/19
05:15
163.57
3
COTIA, LORENA, RIO DE JANEIRO, SAO JOSE DOS CAMPOS, SAO PAULO, SAO ROQUE, SOROCABA

RFWY181209
ROBERT DOWNEY JUNIOR F :(
M
01/02/1999
(26) 73985-2834
ONIX
FWY-3827
18/12/19
09:13
236.96
1
COTIA, JUNDIAI, LORENA, OSASCO, RIO DE JANEIRO, SAO PAULO, SAO ROQUE, SOROCABA, TAUBATE

SKWQ181217
SABRINA SATO
F
26/07/1992
(35) 98419-0286
GOL
KWQ-1183
18/12/19
17:05
059.20
1
COTIA, JUNDIAI, OSASCO, SAO JOSE DOS CAMPOS, SAO PAULO, SAO ROQUE, SOROCABA, TAUBATE

MGBZ080322
MATHEUS LIMA
F
12/11/1991
(60) 32900-3234
CELTA
GBZ-2557
08/03/19
22:49
022.53
4
COTIA, JUNDIAI, LORENA, OSASCO, SAO PAULO, SAO ROQUE, SOROCABA

RZPD190405
RENATA ARAGAO
F
13/03/1994
(06) 05210-5042
CORSA
ZPD-8239
19/04/19
05:22
101.31
3
COTIA, JUNDIAI, LORENA, SAO JOSE DOS CAMPOS, SAO PAULO, SAO ROQUE, SOROCABA, TAUBATE

LABJ070821
LAVINIE DIAS
M
19/02/1999
(18) 86321-7659
COROLLA
ABJ-1071
07/08/19
21:35
045.64
2
COTIA, JUNDIAI, OSASCO, RIO DE JANEIRO, SAO JOSE DOS CAMPOS, SAO PAULO, SAO ROQUE, SOROCABA

MZIV231110
MATHEUS LIMA
F
03/02/1990
(13) 91499-5758
FIT
ZIV-6906
23/11/19
10:06
169.22
4
COTIA, JUNDIAI, SAO JOSE DOS CAMPOS, SAO ROQUE, SOROCABA

RIOT101218
ROBERT PATTINSON
F
23/08/1992
(86) 78611-3694
CELTA
IOT-8929
10/12/19
18:09
094.75
2
COTIA, JUNDIAI, LORENA, SAO JOSE DOS CAMPOS, SAO PAULO, SAO ROQUE, SOROCABA

TRLJ171205
TATIANA MONTEIRO
F
11/07/1998
(40) 29199-6198
CIVIC
RLJ-8286
17/12/19
05:15
163.57
3
COTIA, LORENA, RIO DE JANEIRO, SAO JOSE DOS CAMPOS, SAO PAULO, SAO ROQUE, SOROCABA

RFWY181209
ROBERT DOWNEY JUNIOR F :(
M
01/02/1999
(26) 73985-2834
ONIX
FWY-3827
18/12/19
09:13
236.96
1
COTIA, JUNDIAI, LORENA, OSASCO, RIO DE JANEIRO, SAO PAULO, SAO ROQUE, SOROCABA, TAUBATE

SKWQ181217
SABRINA SATO
F
26/07/1992
(35) 98419-0286
GOL
KWQ-1183
18/12/19
17:05
059.20
1
COTIA, JUNDIAI, OSASCO, SAO JOSE DOS CAMPOS, SAO PAULO, SAO ROQUE, SOROCABA, TAUBATE

RZPD190405
RENATA ARAGAO
F
13/03/1994
(06) 05210-5042
CORSA
ZPD-8239
19/04/19
05:22
101.31
3
COTIA, JUNDIAI, LORENA, SAO JOSE DOS CAMPOS, SAO PAULO, SAO ROQUE, SOROCABA, TAUBATE

ELHI070818
EDUARDO COSTA
F
15/03/1990
(71) 12993-0821
CORSA
LHI-1921
07/08/19
18:60
049.11
4
COTIA, JUNDIAI, OSASCO, SAO JOSE DOS CAMPOS, SAO PAULO, SAO ROQUE, TAUBATE

GTJY201119
GABRIEL THE ANGEL
M
02/07/1998
(94) 03290-5224
CORSA
TJY-3348
20/11/19
19:40
203.24
4
COTIA, JUNDIAI, LORENA, OSASCO, SAO JOSE DOS CAMPOS, SAO PAULO, TAUBATE

RFWY181209
ROBERT DOWNEY JUNIOR F :(
M
01/02/1999
(26) 73985-2834
ONIX
FWY-3827
18/12/19
09:13
236.96
1
COTIA, JUNDIAI, LORENA, OSASCO, RIO DE JANEIRO, SAO PAULO, SAO ROQUE, SOROCABA, TAUBATE

SKWQ181217
SABRINA SATO
F
26/07/1992
(35) 98419-0286
GOL
KWQ-1183
18/12/19
17:05
059.20
1
COTIA, JUNDIAI, OSASCO, SAO JOSE DOS CAMPOS, SAO PAULO, SAO ROQUE, SOROCABA, TAUBATE
*****************ARQUIVO SECUNDARIO****************
AKWU110113 11/01/19
BMAW120107 12/01/19
ANKG100220 10/02/19
JMEK230200 23/02/19
MGBZ080322 08/03/19
FMHD260316 26/03/19
RZPD190405 19/04/19
BIJD150701 15/07/19
TWIR240710 24/07/19
AHBB250708 25/07/19
ELHI070818 07/08/19
LABJ070821 07/08/19
LDGM030917 03/09/19
EQSX191001 19/10/19
GTJY201119 20/11/19
MZIV231110 23/11/19
RIOT101218 10/12/19
TRLJ171205 17/12/19
RFWY181209 18/12/19
SKWQ181217 18/12/19
*****************ARQUIVO SECUNDARIO****************
JMEK230200 00:15
BIJD150701 01:48
EQSX191001 01:49
TRLJ171205 05:15
RZPD190405 05:22
BMAW120107 07:11
AHBB250708 08:37
RFWY181209 09:13
MZIV231110 10:06
TWIR240710 10:16
AKWU110113 13:05
FMHD260316 16:43
SKWQ181217 17:05
LDGM030917 17:53
RIOT101218 18:09
ELHI070818 18:60
GTJY201119 19:40
ANKG100220 20:45
LABJ070821 21:35
MGBZ080322 22:49
*****************ARQUIVO SECUNDARIO****************
AHBB250708 ALEXANDRE O CHEGA NE
AKWU110113 ALEXANDRE O GRANDE
AYRI101215 ALEXANDRE O MIXURUCA
ANKG100220 ALEXANDRE O PEQUENO
BIJD150701 BRUNA MARQUEZINE
BMAW120107 BRUNA MARQUEZINE
ELHI070818 EDUARDO COSTA
EQSX191001 EDUARDO COSTA
FMHD260316 FATIMA BERNARDES
GTJY201119 GABRIEL THE ANGEL
JMEK230200 JULIANA PAES
LABJ070821 LAVINIE DIAS
LDGM030917 LETICIA FERREIRA DOS SANTOS
MGBZ080322 MATHEUS LIMA
MZIV231110 MATHEUS LIMA
RZPD190405 RENATA ARAGAO
RFWY181209 ROBERT DOWNEY JUNIOR F :(
RIOT101218 ROBERT PATTINSON
SKWQ181217 SABRINA SATO
TRLJ171205 TATIANA MONTEIRO
TWIR240710 TATIANA MONTEIRO
**********************ARQUIVO*********************
LETICIA FERREIRA DOS SANTOS@M@27/06/1993@(62) 90198-9783@FUSCA@DGM-2898@COTIA|JUNDIAI@03/09/19@17:53@147.99@3@##################################################################################################################################################BRUNA MARQUEZINE@M@13/02/1998@(69) 38564-2362@FIT@MAW-9161@LORENA|OSASCO|SAO ROQUE@12/01/19@07:11@064.39@2@#####################################################################################################################################################ROBERT DOWNEY JUNIOR F :(@M@01/02/1999@(26) 73985-2834@ONIX@FWY-3827@COTIA|JUNDIAI|LORENA|OSASCO|RIO DE JANEIRO|SAO PAULO|SAO ROQUE|SOROCABA|TAUBATE@18/12/19@09:13@236.96@1@###################################################################################ALEXANDRE O CHEGA NE@M@17/05/1995@(98) 93894-2614@COROLLA@HBB-5768@COTIA|SAO JOSE DOS CAMPOS@25/07/19@08:37@202.28@2@###########################################################################################################################################TATIANA MONTEIRO@F@11/07/1998@(40) 29199-6198@CIVIC@RLJ-8286@COTIA|LORENA|RIO DE JANEIRO|SAO JOSE DOS CAMPOS|SAO PAULO|SAO ROQUE|SOROCABA@17/12/19@05:15@163.57@3@##############################################################################################ALEXANDRE O PEQUENO@M@20/06/1995@(63) 03640-5389@ONIX@NKG-6732@JUNDIAI|LORENA|OSASCO|RIO DE JANEIRO|SAO JOSE DOS CAMPOS|SAO PAULO@10/02/19@20:45@125.79@4@######################################################################################################TATIANA MONTEIRO@F@07/11/1995@(43) 98742-6290@CIVIC@WIR-6237@SAO JOSE DOS CAMPOS|SAO PAULO|SAO ROQUE@24/07/19@10:16@096.90@3@###################################################################################################################################ALEXANDRE O GRANDE@F@26/07/1997@(86) 82798-0289@ONIX@KWU-6640@COTIA|JUNDIAI|LORENA|OSASCO|SAO JOSE DOS CAMPOS@11/01/19@13:05@175.98@3@##########################################################################################################################EDUARDO COSTA@F@09/04/1991@(05) 74520-7019@UNO@QSX-9375@JUNDIAI|RIO DE JANEIRO@19/10/19@01:49@129.39@4@#########################################################################################################################################################GABRIEL THE ANGEL@M@02/07/1998@(94) 03290-5224@CORSA@TJY-3348@COTIA|JUNDIAI|LORENA|OSASCO|SAO JOSE DOS CAMPOS|SAO PAULO|TAUBATE@20/11/19@19:40@203.24@4@########################################################################################################MATHEUS LIMA@F@12/11/1991@(60) 32900-3234@CELTA@GBZ-2557@COTIA|JUNDIAI|LORENA|OSASCO|SAO PAULO|SAO ROQUE|SOROCABA@08/03/19@22:49@022.53@4@######################################################################################################################*|LIANA PAES@F@17/03/1993@(93) 81555-6733@CORSA@MEK-9792@COTIA|JUNDIAI|LORENA|OSASCO|RIO DE JANEIRO|SAO JOSE DOS CAMPOS|SAO PAULO|SAO ROQUE|SOROCABA@23/02/19@00:15@212.78@2@###################################################################################SABRINA SATO@F@26/07/1992@(35) 98419-0286@GOL@KWQ-1183@COTIA|JUNDIAI|OSASCO|SAO JOSE DOS CAMPOS|SAO PAULO|SAO ROQUE|SOROCABA|TAUBATE@18/12/19@17:05@059.20@1@###################################################################################################FATIMA BERNARDES@M@12/03/1995@(87) 91455-6651@FIT@MHD-8319@JUNDIAI|RIO DE JANEIRO|SAO JOSE DOS CAMPOS|SAO ROQUE@26/03/19@16:43@024.55@2@########################################################################################################################BRUNA MARQUEZINE@F@08/07/1999@(70) 68381-5316@COROLLA@IJD-7181@LORENA|SAO PAULO|SAO ROQUE@15/07/19@01:48@081.21@4@##############################################################################################################################################LAVINIE DIAS@M@19/02/1999@(18) 86321-7659@COROLLA@ABJ-1071@COTIA|JUNDIAI|OSASCO|RIO DE JANEIRO|SAO JOSE DOS CAMPOS|SAO PAULO|SAO ROQUE|SOROCABA@07/08/19@21:35@045.64@2@########################################################################################MATHEUS LIMA@F@03/02/1990@(13) 91499-5758@FIT@ZIV-6906@COTIA|JUNDIAI|SAO JOSE DOS CAMPOS|SAO ROQUE|SOROCABA@23/11/19@10:06@169.22@4@############################################################################################################################EDUARDO COSTA@F@15/03/1990@(71) 12993-0821@CORSA@LHI-1921@COTIA|JUNDIAI|OSASCO|SAO JOSE DOS CAMPOS|SAO PAULO|SAO ROQUE|TAUBATE@07/08/19@18:60@049.11@4@#########################################################################################################RENATA ARAGAO@F@13/03/1994@(06) 05210-5042@CORSA@ZPD-8239@COTIA|JUNDIAI|LORENA|SAO JOSE DOS CAMPOS|SAO PAULO|SAO ROQUE|SOROCABA|TAUBATE@19/04/19@05:22@101.31@3@################################################################################################ROBERT PATTINSON@F@23/08/1992@(86) 78611-3694@CELTA@IOT-8929@COTIA|JUNDIAI|LORENA|SAO JOSE DOS CAMPOS|SAO PAULO|SAO ROQUE|SOROCABA@10/12/19@18:09@094.75@2@#####################################################################################################ALEXANDRE O MIXURUCA@M@12/01/1992@(91) 92751-2042@FOX@YRI-5883@JUNDIAI|OSASCO|RIO DE JANEIRO@10/12/19@15:16@066.51@3@###########################################################################################################################################
**********************LISTAR**********************
AHBB250708
ALEXANDRE O CHEGA NE
M
17/05/1995
(98) 93894-2614
COROLLA
HBB-5768
25/07/19
08:37
202.28
2
COTIA, SAO JOSE DOS CAMPOS

AKWU110113
ALEXANDRE O GRANDE
F
26/07/1997
(86) 82798-0289
ONIX
KWU-6640
11/01/19
13:05
175.98
3
COTIA, JUNDIAI, LORENA, OSASCO, SAO JOSE DOS CAMPOS

ANKG100220
ALEXANDRE O PEQUENO
M
20/06/1995
(63) 03640-5389
ONIX
NKG-6732
10/02/19
20:45
125.79
4
JUNDIAI, LORENA, OSASCO, RIO DE JANEIRO, SAO JOSE DOS CAMPOS, SAO PAULO

AYRI101215
ALEXANDRE O MIXURUCA
M
12/01/1992
(91) 92751-2042
FOX
YRI-5883
10/12/19
15:16
066.51
3
JUNDIAI, OSASCO, RIO DE JANEIRO

BIJD150701
BRUNA MARQUEZINE
F
08/07/1999
(70) 68381-5316
COROLLA
IJD-7181
15/07/19
01:48
081.21
4
LORENA, SAO PAULO, SAO ROQUE

BMAW120107
BRUNA MARQUEZINE
M
13/02/1998
(69) 38564-2362
FIT
MAW-9161
12/01/19
07:11
064.39
2
LORENA, OSASCO, SAO ROQUE

ELHI070818
EDUARDO COSTA
F
15/03/1990
(71) 12993-0821
CORSA
LHI-1921
07/08/19
18:60
049.11
4
COTIA, JUNDIAI, OSASCO, SAO JOSE DOS CAMPOS, SAO PAULO, SAO ROQUE, TAUBATE

EQSX191001
EDUARDO COSTA
F
09/04/1991
(05) 74520-7019
UNO
QSX-9375
19/10/19
01:49
129.39
4
JUNDIAI, RIO DE JANEIRO

FMHD260316
FATIMA BERNARDES
M
12/03/1995
(87) 91455-6651
FIT
MHD-8319
26/03/19
16:43
024.55
2
JUNDIAI, RIO DE JANEIRO, SAO JOSE DOS CAMPOS, SAO ROQUE

GTJY201119
GABRIEL THE ANGEL
M
02/07/1998
(94) 03290-5224
CORSA
TJY-3348
20/11/19
19:40
203.24
4
COTIA, JUNDIAI, LORENA, OSASCO, SAO JOSE DOS CAMPOS, SAO PAULO, TAUBATE

LABJ070821
LAVINIE DIAS
M
19/02/1999
(18) 86321-7659
COROLLA
ABJ-1071
07/08/19
21:35
045.64
2
COTIA, JUNDIAI, OSASCO, RIO DE JANEIRO, SAO JOSE DOS CAMPOS, SAO PAULO, SAO ROQUE, SOROCABA

LDGM030917
LETICIA FERREIRA DOS SANTOS
M
27/06/1993
(62) 90198-9783
FUSCA
DGM-2898
03/09/19
17:53
147.99
3
COTIA, JUNDIAI

MGBZ080322
MATHEUS LIMA
F
12/11/1991
(60) 32900-3234
CELTA
GBZ-2557
08/03/19
22:49
022.53
4
COTIA, JUNDIAI, LORENA, OSASCO, SAO PAULO, SAO ROQUE, SOROCABA

MZIV231110
MATHEUS LIMA
F
03/02/1990
(13) 91499-5758
FIT
ZIV-6906
23/11/19
10:06
169.22
4
COTIA, JUNDIAI, SAO JOSE DOS CAMPOS, SAO ROQUE, SOROCABA

RFWY181209
ROBERT DOWNEY JUNIOR F :(
M
01/02/1999
(26) 73985-2834
ONIX
FWY-3827
18/12/19
09:13
236.96
1
COTIA, JUNDIAI, LORENA, OSASCO, RIO DE JANEIRO, SAO PAULO, SAO ROQUE, SOROCABA, TAUBATE

RIOT101218
ROBERT PATTINSON
F
23/08/1992
(86) 78611-3694
CELTA
IOT-8929
10/12/19
18:09
094.75
2
COTIA, JUNDIAI, LORENA, SAO JOSE DOS CAMPOS, SAO PAULO, SAO ROQUE, SOROCABA

RJYB120402
ROBERT DOWNEY JUNIOR F :(
F
14/05/1989
(81) 98860-2061
GOL
JYB-6253
12/04/19
02:33
048.03
2
LORENA, OSASCO, RIO DE JANEIRO, SAO JOSE DOS CAMPOS, SAO PAULO, SAO ROQUE, SOROCABA

RZPD190405
RENATA ARAGAO
F
13/03/1994
(06) 05210-5042
CORSA
ZPD-8239
19/04/19
05:22
101.31
3
COTIA, JUNDIAI, LORENA, SAO JOSE DOS CAMPOS, SAO PAULO, SAO ROQUE, SOROCABA, TAUBATE

SKWQ181217
SABRINA SATO
F
26/07/1992
(35) 98419-0286
GOL
KWQ-1183
18/12/19
17:05
059.20
1
COTIA, JUNDIAI, OSASCO, SAO JOSE DOS CAMPOS, SAO PAULO, SAO ROQUE, SOROCABA, TAUBATE

TRLJ171205
TATIANA MONTEIRO
F
11/07/1998
(40) 29199-6198
CIVIC
RLJ-8286
17/12/19
05:15
163.57
3
COTIA, LORENA, RIO DE JANEIRO, SAO JOSE DOS CAMPOS, SAO PAULO, SAO ROQUE, SOROCABA

TWIR240710
TATIANA MONTEIRO
F
07/11/1995
(43) 98742-6290
CIVIC
WIR-6237
24/07/19
10:16
096.90
3
SAO JOSE DOS CAMPOS, SAO PAULO, SAO ROQUE
**********************ALTERAR*********************
OPERACAO REALIZADA COM SUCESSO!
**********************BUSCAR**********************
ELHI070818
EDUARDO COSTA
F
15/03/1990
(71) 12993-0821
CORSA
LHI-1921
07/08/19
18:60
049.11
4
COTIA, JUNDIAI, OSASCO, SAO JOSE DOS CAMPOS, SAO PAULO, SAO ROQUE, TAUBATE

LABJ070821
LAVINIE DIAS
M
19/02/1999
(18) 86321-7659
COROLLA
ABJ-1071
07/08/19
21:35
045.64
2
COTIA, JUNDIAI, OSASCO, RIO DE JANEIRO, SAO JOSE DOS CAMPOS, SAO PAULO, SAO ROQUE, SOROCABA
**********************BUSCAR**********************
Registro(s) nao encontrado!
**********************BUSCAR**********************
GTJY201119
GABRIEL THE ANGEL
M
02/07/1998
(94) 03290-5224
CORSA
TJY-3348
20/11/19
19:40
203.24
4
COTIA, JUNDIAI, LORENA, OSASCO, SAO JOSE DOS CAMPOS, SAO PAULO, TAUBATE
**********************ALTERAR*********************
OPERACAO REALIZADA COM SUCESSO!
**********************EXCLUIR*********************
OPERACAO REALIZADA COM SUCESSO!
**********************LISTAR**********************
AHBB250708
ALEXANDRE O CHEGA NE
M
17/05/1995
(98) 93894-2614
COROLLA
HBB-5768
25/07/19
08:37
202.28
2
COTIA, SAO JOSE DOS CAMPOS

AKWU110113
ALEXANDRE O GRANDE
F
26/07/1997
(86) 82798-0289
ONIX
KWU-6640
11/01/19
13:05
175.98
3
COTIA, JUNDIAI, LORENA, OSASCO, SAO JOSE DOS CAMPOS

AYRI101215
ALEXANDRE O MIXURUCA
M
12/01/1992
(91) 92751-2042
FOX
YRI-5883
10/12/19
15:16
066.51
3
JUNDIAI, OSASCO, RIO DE JANEIRO

ANKG100220
ALEXANDRE O PEQUENO
M
20/06/1995
(63) 03640-5389
ONIX
NKG-6732
10/02/19
20:45
125.79
3
JUNDIAI, LORENA, OSASCO, RIO DE JANEIRO, SAO JOSE DOS CAMPOS, SAO PAULO

BIJD150701
BRUNA MARQUEZINE
F
08/07/1999
(70) 68381-5316
COROLLA
IJD-7181
15/07/19
01:48
081.21
4
LORENA, SAO PAULO, SAO ROQUE

BMAW120107
BRUNA MARQUEZINE
M
13/02/1998
(69) 38564-2362
FIT
MAW-9161
12/01/19
07:11
064.39
2
LORENA, OSASCO, SAO ROQUE

ELHI070818
EDUARDO COSTA
F
15/03/1990
(71) 12993-0821
CORSA
LHI-1921
07/08/19
18:60
049.11
4
COTIA, JUNDIAI, OSASCO, SAO JOSE DOS CAMPOS, SAO PAULO, SAO ROQUE, TAUBATE

EQSX191001
EDUARDO COSTA
F
09/04/1991
(05) 74520-7019
UNO
QSX-9375
19/10/19
01:49
129.39
4
JUNDIAI, RIO DE JANEIRO

FMHD260316
FATIMA BERNARDES
M
12/03/1995
(87) 91455-6651
FIT
MHD-8319
26/03/19
16:43
024.55
2
JUNDIAI, RIO DE JANEIRO, SAO JOSE DOS CAMPOS, SAO ROQUE

GTJY201119
GABRIEL THE ANGEL
M
02/07/1998
(94) 03290-5224
CORSA
TJY-3348
20/11/19
19:40
203.24
4
COTIA, JUNDIAI, LORENA, OSASCO, SAO JOSE DOS CAMPOS, SAO PAULO, TAUBATE

LABJ070821
LAVINIE DIAS
M
19/02/1999
(18) 86321-7659
COROLLA
ABJ-1071
07/08/19
21:35
045.64
2
COTIA, JUNDIAI, OSASCO, RIO DE JANEIRO, SAO JOSE DOS CAMPOS, SAO PAULO, SAO ROQUE, SOROCABA

LDGM030917
LETICIA FERREIRA DOS SANTOS
M
27/06/1993
(62) 90198-9783
FUSCA
DGM-2898
03/09/19
17:53
147.99
3
COTIA, JUNDIAI

MZIV231110
MATHEUS LIMA
F
03/02/1990
(13) 91499-5758
FIT
ZIV-6906
23/11/19
10:06
169.22
4
COTIA, JUNDIAI, SAO JOSE DOS CAMPOS, SAO ROQUE, SOROCABA

RZPD190405
RENATA ARAGAO
F
13/03/1994
(06) 05210-5042
CORSA
ZPD-8239
19/04/19
05:22
101.31
3
COTIA, JUNDIAI, LORENA, SAO JOSE DOS CAMPOS, SAO PAULO, SAO ROQUE, SOROCABA, TAUBATE

RFWY181209
ROBERT DOWNEY JUNIOR F :(
M
01/02/1999
(26) 73985-2834
ONIX
FWY-3827
18/12/19
09:13
236.96
1
COTIA, JUNDIAI, LORENA, OSASCO, RIO DE JANEIRO, SAO PAULO, SAO ROQUE, SOROCABA, TAUBATE

RJYB120402
ROBERT DOWNEY JUNIOR F :(
F
14/05/1989
(81) 98860-2061
GOL
JYB-6253
12/04/19
02:33
048.03
2
LORENA, OSASCO, RIO DE JANEIRO, SAO JOSE DOS CAMPOS, SAO PAULO, SAO ROQUE, SOROCABA

RIOT101218
ROBERT PATTINSON
F
23/08/1992
(86) 78611-3694
CELTA
IOT-8929
10/12/19
18:09
094.75
2
COTIA, JUNDIAI, LORENA, SAO JOSE DOS CAMPOS, SAO PAULO, SAO ROQUE, SOROCABA

SKWQ181217
SABRINA SATO
F
26/07/1992
(35) 98419-0286
GOL
KWQ-1183
18/12/19
17:05
059.20
1
COTIA, JUNDIAI, OSASCO, SAO JOSE DOS CAMPOS, SAO PAULO, SAO ROQUE, SOROCABA, TAUBATE

TRLJ171205
TATIANA MONTEIRO
F
11/07/1998
(40) 29199-6198
CIVIC
RLJ-8286
17/12/19
05:15
163.57
3
COTIA, LORENA, RIO DE JANEIRO, SAO JOSE DOS CAMPOS, SAO PAULO, SAO ROQUE, SOROCABA

TWIR240710
TATIANA MONTEIRO
F
07/11/1995
(43) 98742-6290
CIVIC
WIR-6237
24/07/19
10:16
096.90
3
SAO JOSE DOS CAMPOS, SAO PAULO, SAO ROQUE
**********************EXCLUIR*********************
Registro(s) nao encontrado!
FALHA AO REALIZAR OPERACAO!
**********************BUSCAR**********************
RJYB120402
ROBERT DOWNEY JUNIOR F :(
F
14/05/1989
(81) 98860-2061
GOL
JYB-6253
12/04/19
02:33
048.03
2
LORENA, OSASCO, RIO DE JANEIRO, SAO JOSE DOS CAMPOS, SAO PAULO, SAO ROQUE, SOROCABA
**********************BUSCAR**********************
AHBB250708
ALEXANDRE O CHEGA NE
M
17/05/1995
(98) 93894-2614
COROLLA
HBB-5768
25/07/19
08:37
202.28
2
COTIA, SAO JOSE DOS CAMPOS

AKWU110113
ALEXANDRE O GRANDE
F
26/07/1997
(86) 82798-0289
ONIX
KWU-6640
11/01/19
13:05
175.98
3
COTIA, JUNDIAI, LORENA, OSASCO, SAO JOSE DOS CAMPOS

ANKG100220
ALEXANDRE O PEQUENO
M
20/06/1995
(63) 03640-5389
ONIX
NKG-6732
10/02/19
20:45
125.79
3
JUNDIAI, LORENA, OSASCO, RIO DE JANEIRO, SAO JOSE DOS CAMPOS, SAO PAULO

AVZR141022
ALEXANDRE O GIGANTESCO
M
17/02/1991
(17) 70375-7536
CORSA
VZR-5222
14/10/19
22:41
091.07
3
COTIA, LORENA, OSASCO, SAO JOSE DOS CAMPOS, SAO ROQUE, SOROCABA

ELHI070818
EDUARDO COSTA
F
15/03/1990
(71) 12993-0821
CORSA
LHI-1921
07/08/19
18:60
049.11
4
COTIA, JUNDIAI, OSASCO, SAO JOSE DOS CAMPOS, SAO PAULO, SAO ROQUE, TAUBATE

FMHD260316
FATIMA BERNARDES
M
12/03/1995
(87) 91455-6651
FIT
MHD-8319
26/03/19
16:43
024.55
2
JUNDIAI, RIO DE JANEIRO, SAO JOSE DOS CAMPOS, SAO ROQUE

GTJY201119
GABRIEL THE ANGEL
M
02/07/1998
(94) 03290-5224
CORSA
TJY-3348
20/11/19
19:40
203.24
4
COTIA, JUNDIAI, LORENA, OSASCO, SAO JOSE DOS CAMPOS, SAO PAULO, TAUBATE

LABJ070821
LAVINIE DIAS
M
19/02/1999
(18) 86321-7659
COROLLA
ABJ-1071
07/08/19
21:35
045.64
2
COTIA, JUNDIAI, OSASCO, RIO DE JANEIRO, SAO JOSE DOS CAMPOS, SAO PAULO, SAO ROQUE, SOROCABA

MZIV231110
MATHEUS LIMA
F
03/02/1990
(13) 91499-5758
FIT
ZIV-6906
23/11/19
10:06
169.22
4
COTIA, JUNDIAI, SAO JOSE DOS CAMPOS, SAO ROQUE, SOROCABA

RIOT101218
ROBERT PATTINSON
F
23/08/1992
(86) 78611-3694
CELTA
IOT-8929
10/12/19
18:09
094.75
2
COTIA, JUNDIAI, LORENA, SAO JOSE DOS CAMPOS, SAO PAULO, SAO ROQUE, SOROCABA

RJYB120402
ROBERT DOWNEY JUNIOR F :(
F
14/05/1989
(81) 98860-2061
GOL
JYB-6253
12/04/19
02:33
048.03
2
LORENA, OSASCO, RIO DE JANEIRO, SAO JOSE DOS CAMPOS, SAO PAULO, SAO ROQUE, SOROCABA

RZPD190405
RENATA ARAGAO
F
13/03/1994
(06) 05210-5042
CORSA
ZPD-8239
19/04/19
05:22
101.31
3
COTIA, JUNDIAI, LORENA, SAO JOSE DOS CAMPOS, SAO PAULO, SAO ROQUE, SOROCABA, TAUBATE

SKWQ181217
SABRINA SATO
F
26/07/1992
(35) 98419-0286
GOL
KWQ-1183
18/12/19
17:05
059.20
1
COTIA, JUNDIAI, OSASCO, SAO JOSE DOS CAMPOS, SAO PAULO, SAO ROQUE, SOROCABA, TAUBATE

TRLJ171205
TATIANA MONTEIRO
F
11/07/1998
(40) 29199-6198
CIVIC
RLJ-8286
17/12/19
05:15
163.57
3
COTIA, LORENA, RIO DE JANEIRO, SAO JOSE DOS CAMPOS, SAO PAULO, SAO ROQUE, SOROCABA

TWIR240710
TATIANA MONTEIRO
F
07/11/1995
(43) 98742-6290
CIVIC
WIR-6237
24/07/19
10:16
096.90
3
SAO JOSE DOS CAMPOS, SAO PAULO, SAO ROQUE
**********************BUSCAR**********************
RIOT101218
ROBERT PATTINSON
F
23/08/1992
(86) 78611-3694
CELTA
IOT-8929
10/12/19
18:09
094.75
2
COTIA, JUNDIAI, LORENA, SAO JOSE DOS CAMPOS, SAO PAULO, SAO ROQUE, SOROCABA
**********************BUSCAR**********************
RZPD190405
RENATA ARAGAO
F
13/03/1994
(06) 05210-5042
CORSA
ZPD-8239
19/04/19
05:22
101.31
3
COTIA, JUNDIAI, LORENA, SAO JOSE DOS CAMPOS, SAO PAULO, SAO ROQUE, SOROCABA, TAUBATE
**********************ARQUIVO*********************
LETICIA FERREIRA DOS SANTOS@M@27/06/1993@(62) 90198-9783@FUSCA@DGM-2898@COTIA|JUNDIAI@03/09/19@17:53@147.99@3@##################################################################################################################################################BRUNA MARQUEZINE@M@13/02/1998@(69) 38564-2362@FIT@MAW-9161@LORENA|OSASCO|SAO ROQUE@12/01/19@07:11@064.39@2@#####################################################################################################################################################ROBERT DOWNEY JUNIOR F :(@M@01/02/1999@(26) 73985-2834@ONIX@FWY-3827@COTIA|JUNDIAI|LORENA|OSASCO|RIO DE JANEIRO|SAO PAULO|SAO ROQUE|SOROCABA|TAUBATE@18/12/19@09:13@236.96@1@###################################################################################ALEXANDRE O CHEGA NE@M@17/05/1995@(98) 93894-2614@COROLLA@HBB-5768@COTIA|SAO JOSE DOS CAMPOS@25/07/19@08:37@202.28@2@###########################################################################################################################################TATIANA MONTEIRO@F@11/07/1998@(40) 29199-6198@CIVIC@RLJ-8286@COTIA|LORENA|RIO DE JANEIRO|SAO JOSE DOS CAMPOS|SAO PAULO|SAO ROQUE|SOROCABA@17/12/19@05:15@163.57@3@##############################################################################################ALEXANDRE O PEQUENO@M@20/06/1995@(63) 03640-5389@ONIX@NKG-6732@JUNDIAI|LORENA|OSASCO|RIO DE JANEIRO|SAO JOSE DOS CAMPOS|SAO PAULO@10/02/19@20:45@125.79@3@######################################################################################################TATIANA MONTEIRO@F@07/11/1995@(43) 98742-6290@CIVIC@WIR-6237@SAO JOSE DOS CAMPOS|SAO PAULO|SAO ROQUE@24/07/19@10:16@096.90@3@###################################################################################################################################ALEXANDRE O GRANDE@F@26/07/1997@(86) 82798-0289@ONIX@KWU-6640@COTIA|JUNDIAI|LORENA|OSASCO|SAO JOSE DOS CAMPOS@11/01/19@13:05@175.98@3@##########################################################################################################################EDUARDO COSTA@F@09/04/1991@(05) 74520-7019@UNO@QSX-9375@JUNDIAI|RIO DE JANEIRO@19/10/19@01:49@129.39@4@#########################################################################################################################################################GABRIEL THE ANGEL@M@02/07/1998@(94) 03290-5224@CORSA@TJY-3348@COTIA|JUNDIAI|LORENA|OSASCO|SAO JOSE DOS CAMPOS|SAO PAULO|TAUBATE@20/11/19@19:40@203.24@4@########################################################################################################*|THEUS LIMA@F@12/11/1991@(60) 32900-3234@CELTA@GBZ-2557@COTIA|JUNDIAI|LORENA|OSASCO|SAO PAULO|SAO ROQUE|SOROCABA@08/03/19@22:49@022.53@3@######################################################################################################################*|LIANA PAES@F@17/03/1993@(93) 81555-6733@CORSA@MEK-9792@COTIA|JUNDIAI|LORENA|OSASCO|RIO DE JANEIRO|SAO JOSE DOS CAMPOS|SAO PAULO|SAO ROQUE|SOROCABA@23/02/19@00:15@212.78@2@###################################################################################SABRINA SATO@F@26/07/1992@(35) 98419-0286@GOL@KWQ-1183@COTIA|JUNDIAI|OSASCO|SAO JOSE DOS CAMPOS|SAO PAULO|SAO ROQUE|SOROCABA|TAUBATE@18/12/19@17:05@059.20@1@###################################################################################################FATIMA BERNARDES@M@12/03/1995@(87) 91455-6651@FIT@MHD-8319@JUNDIAI|RIO DE JANEIRO|SAO JOSE DOS CAMPOS|SAO ROQUE@26/03/19@16:43@024.55@2@########################################################################################################################BRUNA MARQUEZINE@F@08/07/1999@(70) 68381-5316@COROLLA@IJD-7181@LORENA|SAO PAULO|SAO ROQUE@15/07/19@01:48@081.21@4@##############################################################################################################################################LAVINIE DIAS@M@19/02/1999@(18) 86321-7659@COROLLA@ABJ-1071@COTIA|JUNDIAI|OSASCO|RIO DE JANEIRO|SAO JOSE DOS CAMPOS|SAO PAULO|SAO ROQUE|SOROCABA@07/08/19@21:35@045.64@2@########################################################################################MATHEUS LIMA@F@03/02/1990@(13) 91499-5758@FIT@ZIV-6906@COTIA|JUNDIAI|SAO JOSE DOS CAMPOS|SAO ROQUE|SOROCABA@23/11/19@10:06@169.22@4@############################################################################################################################EDUARDO COSTA@F@15/03/1990@(71) 12993-0821@CORSA@LHI-1921@COTIA|JUNDIAI|OSASCO|SAO JOSE DOS CAMPOS|SAO PAULO|SAO ROQUE|TAUBATE@07/08/19@18:60@049.11@4@#########################################################################################################RENATA ARAGAO@F@13/03/1994@(06) 05210-5042@CORSA@ZPD-8239@COTIA|JUNDIAI|LORENA|SAO JOSE DOS CAMPOS|SAO PAULO|SAO ROQUE|SOROCABA|TAUBATE@19/04/19@05:22@101.31@3@################################################################################################ROBERT PATTINSON@F@23/08/1992@(86) 78611-3694@CELTA@IOT-8929@COTIA|JUNDIAI|LORENA|SAO JOSE DOS CAMPOS|SAO PAULO|SAO ROQUE|SOROCABA@10/12/19@18:09@094.75@2@#####################################################################################################ALEXANDRE O MIXURUCA@M@12/01/1992@(91) 92751-2042@FOX@YRI-5883@JUNDIAI|OSASCO|RIO DE JANEIRO@10/12/19@15:16@066.51@3@###########################################################################################################################################ROBERT DOWNEY JUNIOR F :(@F@14/05/1989@(81) 98860-2061@GOL@JYB-6253@LORENA|OSASCO|RIO DE JANEIRO|SAO JOSE DOS CAMPOS|SAO PAULO|SAO ROQUE|SOROCABA@12/04/19@02:33@048.03@2@######################################################################################ALEXANDRE O GIGANTESCO@M@17/02/1991@(17) 70375-7536@CORSA@VZR-5222@COTIA|LORENA|OSASCO|SAO JOSE DOS CAMPOS|SAO ROQUE|SOROCABA@14/10/19@22:41@091.07@3@##########################################################################################################
