**********************EXCLUIR*********************
Registro(s) nao encontrado!
FALHA AO REALIZAR OPERACAO!
**********************EXCLUIR*********************
Registro(s) nao encontrado!
FALHA AO REALIZAR OPERACAO!
*****************ARQUIVO SECUNDARIO****************
JMEK230200 00:15
BIJD150701 01:48
EQSX191001 01:49
TRLJ171205 05:15
BMAW120107 07:11
AHBB250708 08:37
RFWY181209 09:13
TWIR240710 10:16
AIKV170112 12:18
AKWU110113 13:05
FMHD260316 16:43
SKWQ181217 17:05
LDGM030917 17:53
GTJY201119 19:40
ANKG100220 20:45
LVEO040122 22:15
MGBZ080322 22:49
**********************ALTERAR*********************
OPERACAO REALIZADA COM SUCESSO!
**********************ARQUIVO*********************
LETICIA FERREIRA DOS SANTOS@M@27/06/1993@(62) 90198-9783@FUSCA@DGM-2898@COTIA|JUNDIAI@03/09/19@17:53@147.99@3@##################################################################################################################################################BRUNA MARQUEZINE@M@13/02/1998@(69) 38564-2362@FIT@MAW-9161@LORENA|OSASCO|SAO ROQUE@12/01/19@07:11@064.39@2@#####################################################################################################################################################ROBERT DOWNEY JUNIOR F :(@M@01/02/1999@(26) 73985-2834@ONIX@FWY-3827@COTIA|JUNDIAI|LORENA|OSASCO|RIO DE JANEIRO|SAO PAULO|SAO ROQUE|SOROCABA|TAUBATE@18/12/19@09:13@236.96@1@###################################################################################ALEXANDRE O CHEGA NE@M@17/05/1995@(98) 93894-2614@COROLLA@HBB-5768@COTIA|SAO JOSE DOS CAMPOS@25/07/19@08:37@202.28@3@###########################################################################################################################################TATIANA MONTEIRO@F@11/07/1998@(40) 29199-6198@CIVIC@RLJ-8286@COTIA|LORENA|RIO DE JANEIRO|SAO JOSE DOS CAMPOS|SAO PAULO|SAO ROQUE|SOROCABA@17/12/19@05:15@163.57@3@##############################################################################################ALEXANDRE O PEQUENO@M@20/06/1995@(63) 03640-5389@ONIX@NKG-6732@JUNDIAI|LORENA|OSASCO|RIO DE JANEIRO|SAO JOSE DOS CAMPOS|SAO PAULO@10/02/19@20:45@125.79@4@######################################################################################################TATIANA MONTEIRO@F@07/11/1995@(43) 98742-6290@CIVIC@WIR-6237@SAO JOSE DOS CAMPOS|SAO PAULO|SAO ROQUE@24/07/19@10:16@096.90@4@###################################################################################################################################ALEXANDRE O GRANDE@F@26/07/1997@(86) 82798-0289@ONIX@KWU-6640@COTIA|JUNDIAI|LORENA|OSASCO|SAO JOSE DOS CAMPOS@11/01/19@13:05@175.98@3@##########################################################################################################################EDUARDO COSTA@F@09/04/1991@(05) 74520-7019@UNO@QSX-9375@JUNDIAI|RIO DE JANEIRO@19/10/19@01:49@129.39@4@#########################################################################################################################################################GABRIEL THE ANGEL@M@02/07/1998@(94) 03290-5224@CORSA@TJY-3348@COTIA|JUNDIAI|LORENA|OSASCO|SAO JOSE DOS CAMPOS|SAO PAULO|TAUBATE@20/11/19@19:40@203.24@3@########################################################################################################MATHEUS LIMA@F@12/11/1991@(60) 32900-3234@CELTA@GBZ-2557@COTIA|JUNDIAI|LORENA|OSASCO|SAO PAULO|SAO ROQUE|SOROCABA@08/03/19@22:49@022.53@4@######################################################################################################################JULIANA PAES@F@17/03/1993@(93) 81555-6733@CORSA@MEK-9792@COTIA|JUNDIAI|LORENA|OSASCO|RIO DE JANEIRO|SAO JOSE DOS CAMPOS|SAO PAULO|SAO ROQUE|SOROCABA@23/02/19@00:15@212.78@2@###################################################################################SABRINA SATO@F@26/07/1992@(35) 98419-0286@GOL@KWQ-1183@COTIA|JUNDIAI|OSASCO|SAO JOSE DOS CAMPOS|SAO PAULO|SAO ROQUE|SOROCABA|TAUBATE@18/12/19@17:05@059.20@1@###################################################################################################FATIMA BERNARDES@M@12/03/1995@(87) 91455-6651@FIT@MHD-8319@JUNDIAI|RIO DE JANEIRO|SAO JOSE DOS CAMPOS|SAO ROQUE@26/03/19@16:43@024.55@2@########################################################################################################################BRUNA MARQUEZINE@F@08/07/1999@(70) 68381-5316@COROLLA@IJD-7181@LORENA|SAO PAULO|SAO ROQUE@15/07/19@01:48@081.21@4@##############################################################################################################################################ALEXANDRE O PEQUENO@M@25/10/1996@(03) 43174-1927@FOX@IKV-5050@COTIA|JUNDIAI|RIO DE JANEIRO|SAO JOSE DOS CAMPOS|SAO PAULO|SOROCABA|TAUBATE@17/01/19@12:18@163.85@1@##############################################################################################LETICIA FERREIRA DOS SANTOS@M@03/07/1991@(16) 91094-6384@FOX@VEO-4607@COTIA|JUNDIAI|LORENA|OSASCO|RIO DE JANEIRO|SAO JOSE DOS CAMPOS|SAO PAULO|SAO ROQUE|SOROCABA|TAUBATE@04/01/19@22:15@159.20@4@##############################################################
*****************ARQUIVO SECUNDARIO****************
COTIA AHBB250708 AIKV170112 AKWU110113 GTJY201119 JMEK230200 LDGM030917 LVEO040122 MGBZ080322 RFWY181209 SKWQ181217 TRLJ171205
JUNDIAI AIKV170112 AKWU110113 ANKG100220 EQSX191001 FMHD260316 GTJY201119 JMEK230200 LDGM030917 LVEO040122 MGBZ080322 RFWY181209 SKWQ181217
LORENA AKWU110113 ANKG100220 BIJD150701 BMAW120107 GTJY201119 JMEK230200 LVEO040122 MGBZ080322 RFWY181209 TRLJ171205
OSASCO AKWU110113 ANKG100220 BMAW120107 GTJY201119 JMEK230200 LVEO040122 MGBZ080322 RFWY181209 SKWQ181217
RIO DE JANEIRO AIKV170112 ANKG100220 EQSX191001 FMHD260316 JMEK230200 LVEO040122 RFWY181209 TRLJ171205
SAO JOSE DOS CAMPOS AHBB250708 AIKV170112 AKWU110113 ANKG100220 FMHD260316 GTJY201119 JMEK230200 LVEO040122 SKWQ181217 TRLJ171205 TWIR240710
SAO PAULO AIKV170112 ANKG100220 BIJD150701 GTJY201119 JMEK230200 LVEO040122 MGBZ080322 RFWY181209 SKWQ181217 TRLJ171205 TWIR240710
SAO ROQUE BIJD150701 BMAW120107 FMHD260316 JMEK230200 LVEO040122 MGBZ080322 RFWY181209 SKWQ181217 TRLJ171205 TWIR240710
SOROCABA AIKV170112 JMEK230200 LVEO040122 MGBZ080322 RFWY181209 SKWQ181217 TRLJ171205
TAUBATE AIKV170112 GTJY201119 LVEO040122 RFWY181209 SKWQ181217
**********************LISTAR**********************
AHBB250708
ALEXANDRE O CHEGA NE
M
17/05/1995
(98) 93894-2614
COROLLA
HBB-5768
25/07/19
08:37
202.28
3
COTIA, SAO JOSE DOS CAMPOS

AIKV170112
ALEXANDRE O PEQUENO
M
25/10/1996
(03) 43174-1927
FOX
IKV-5050
17/01/19
12:18
163.85
1
COTIA, JUNDIAI, RIO DE JANEIRO, SAO JOSE DOS CAMPOS, SAO PAULO, SOROCABA, TAUBATE

AKWU110113
ALEXANDRE O GRANDE
F
26/07/1997
(86) 82798-0289
ONIX
KWU-6640
11/01/19
13:05
175.98
3
COTIA, JUNDIAI, LORENA, OSASCO, SAO JOSE DOS CAMPOS

ANKG100220
ALEXANDRE O PEQUENO
M
20/06/1995
(63) 03640-5389
ONIX
NKG-6732
10/02/19
20:45
125.79
4
JUNDIAI, LORENA, OSASCO, RIO DE JANEIRO, SAO JOSE DOS CAMPOS, SAO PAULO

BIJD150701
BRUNA MARQUEZINE
F
08/07/1999
(70) 68381-5316
COROLLA
IJD-7181
15/07/19
01:48
081.21
4
LORENA, SAO PAULO, SAO ROQUE

BMAW120107
BRUNA MARQUEZINE
M
13/02/1998
(69) 38564-2362
FIT
MAW-9161
12/01/19
07:11
064.39
2
LORENA, OSASCO, SAO ROQUE

EQSX191001
EDUARDO COSTA
F
09/04/1991
(05) 74520-7019
UNO
QSX-9375
19/10/19
01:49
129.39
4
JUNDIAI, RIO DE JANEIRO

FMHD260316
FATIMA BERNARDES
M
12/03/1995
(87) 91455-6651
FIT
MHD-8319
26/03/19
16:43
024.55
2
JUNDIAI, RIO DE JANEIRO, SAO JOSE DOS CAMPOS, SAO ROQUE

GTJY201119
GABRIEL THE ANGEL
M
02/07/1998
(94) 03290-5224
CORSA
TJY-3348
20/11/19
19:40
203.24
3
COTIA, JUNDIAI, LORENA, OSASCO, SAO JOSE DOS CAMPOS, SAO PAULO, TAUBATE

JMEK230200
JULIANA PAES
F
17/03/1993
(93) 81555-6733
CORSA
MEK-9792
23/02/19
00:15
212.78
2
COTIA, JUNDIAI, LORENA, OSASCO, RIO DE JANEIRO, SAO JOSE DOS CAMPOS, SAO PAULO, SAO ROQUE, SOROCABA

LDGM030917
LETICIA FERREIRA DOS SANTOS
M
27/06/1993
(62) 90198-9783
FUSCA
DGM-2898
03/09/19
17:53
147.99
3
COTIA, JUNDIAI

LVEO040122
LETICIA FERREIRA DOS SANTOS
M
03/07/1991
(16) 91094-6384
FOX
VEO-4607
04/01/19
22:15
159.20
4
COTIA, JUNDIAI, LORENA, OSASCO, RIO DE JANEIRO, SAO JOSE DOS CAMPOS, SAO PAULO, SAO ROQUE, SOROCABA, TAUBATE

MGBZ080322
MATHEUS LIMA
F
12/11/1991
(60) 32900-3234
CELTA
GBZ-2557
08/03/19
22:49
022.53
4
COTIA, JUNDIAI, LORENA, OSASCO, SAO PAULO, SAO ROQUE, SOROCABA

RFWY181209
ROBERT DOWNEY JUNIOR F :(
M
01/02/1999
(26) 73985-2834
ONIX
FWY-3827
18/12/19
09:13
236.96
1
COTIA, JUNDIAI, LORENA, OSASCO, RIO DE JANEIRO, SAO PAULO, SAO ROQUE, SOROCABA, TAUBATE

SKWQ181217
SABRINA SATO
F
26/07/1992
(35) 98419-0286
GOL
KWQ-1183
18/12/19
17:05
059.20
1
COTIA, JUNDIAI, OSASCO, SAO JOSE DOS CAMPOS, SAO PAULO, SAO ROQUE, SOROCABA, TAUBATE

TRLJ171205
TATIANA MONTEIRO
F
11/07/1998
(40) 29199-6198
CIVIC
RLJ-8286
17/12/19
05:15
163.57
3
COTIA, LORENA, RIO DE JANEIRO, SAO JOSE DOS CAMPOS, SAO PAULO, SAO ROQUE, SOROCABA

TWIR240710
TATIANA MONTEIRO
F
07/11/1995
(43) 98742-6290
CIVIC
WIR-6237
24/07/19
10:16
096.90
4
SAO JOSE DOS CAMPOS, SAO PAULO, SAO ROQUE
**********************LISTAR**********************
LVEO040122
LETICIA FERREIRA DOS SANTOS
M
03/07/1991
(16) 91094-6384
FOX
VEO-4607
04/01/19
22:15
159.20
4
COTIA, JUNDIAI, LORENA, OSASCO, RIO DE JANEIRO, SAO JOSE DOS CAMPOS, SAO PAULO, SAO ROQUE, SOROCABA, TAUBATE

AKWU110113
ALEXANDRE O GRANDE
F
26/07/1997
(86) 82798-0289
ONIX
KWU-6640
11/01/19
13:05
175.98
3
COTIA, JUNDIAI, LORENA, OSASCO, SAO JOSE DOS CAMPOS

BMAW120107
BRUNA MARQUEZINE
M
13/02/1998
(69) 38564-2362
FIT
MAW-9161
12/01/19
07:11
064.39
2
LORENA, OSASCO, SAO ROQUE

AIKV170112
ALEXANDRE O PEQUENO
M
25/10/1996
(03) 43174-1927
FOX
IKV-5050
17/01/19
12:18
163.85
1
COTIA, JUNDIAI, RIO DE JANEIRO, SAO JOSE DOS CAMPOS, SAO PAULO, SOROCABA, TAUBATE

ANKG100220
ALEXANDRE O PEQUENO
M
20/06/1995
(63) 03640-5389
ONIX
NKG-6732
10/02/19
20:45
125.79
4
JUNDIAI, LORENA, OSASCO, RIO DE JANEIRO, SAO JOSE DOS CAMPOS, SAO PAULO

JMEK230200
JULIANA PAES
F
17/03/1993
(93) 81555-6733
CORSA
MEK-9792
23/02/19
00:15
212.78
2
COTIA, JUNDIAI, LORENA, OSASCO, RIO DE JANEIRO, SAO JOSE DOS CAMPOS, SAO PAULO, SAO ROQUE, SOROCABA

MGBZ080322
MATHEUS LIMA
F
12/11/1991
(60) 32900-3234
CELTA
GBZ-2557
08/03/19
22:49
022.53
4
COTIA, JUNDIAI, LORENA, OSASCO, SAO PAULO, SAO ROQUE, SOROCABA

FMHD260316
FATIMA BERNARDES
M
12/03/1995
(87) 91455-6651
FIT
MHD-8319
26/03/19
16:43
024.55
2
JUNDIAI, RIO DE JANEIRO, SAO JOSE DOS CAMPOS, SAO ROQUE

BIJD150701
BRUNA MARQUEZINE
F
08/07/1999
(70) 68381-5316
COROLLA
IJD-7181
15/07/19
01:48
081.21
4
LORENA, SAO PAULO, SAO ROQUE

TWIR240710
TATIANA MONTEIRO
F
07/11/1995
(43) 98742-6290
CIVIC
WIR-6237
24/07/19
10:16
096.90
4
SAO JOSE DOS CAMPOS, SAO PAULO, SAO ROQUE

AHBB250708
ALEXANDRE O CHEGA NE
M
17/05/1995
(98) 93894-2614
COROLLA
HBB-5768
25/07/19
08:37
202.28
3
COTIA, SAO JOSE DOS CAMPOS

LDGM030917
LETICIA FERREIRA DOS SANTOS
M
27/06/1993
(62) 90198-9783
FUSCA
DGM-2898
03/09/19
17:53
147.99
3
COTIA, JUNDIAI

EQSX191001
EDUARDO COSTA
F
09/04/1991
(05) 74520-7019
UNO
QSX-9375
19/10/19
01:49
129.39
4
JUNDIAI, RIO DE JANEIRO

GTJY201119
GABRIEL THE ANGEL
M
02/07/1998
(94) 03290-5224
CORSA
TJY-3348
20/11/19
19:40
203.24
3
COTIA, JUNDIAI, LORENA, OSASCO, SAO JOSE DOS CAMPOS, SAO PAULO, TAUBATE

TRLJ171205
TATIANA MONTEIRO
F
11/07/1998
(40) 29199-6198
CIVIC
RLJ-8286
17/12/19
05:15
163.57
3
COTIA, LORENA, RIO DE JANEIRO, SAO JOSE DOS CAMPOS, SAO PAULO, SAO ROQUE, SOROCABA

RFWY181209
ROBERT DOWNEY JUNIOR F :(
M
01/02/1999
(26) 73985-2834
ONIX
FWY-3827
18/12/19
09:13
236.96
1
COTIA, JUNDIAI, LORENA, OSASCO, RIO DE JANEIRO, SAO PAULO, SAO ROQUE, SOROCABA, TAUBATE

SKWQ181217
SABRINA SATO
F
26/07/1992
(35) 98419-0286
GOL
KWQ-1183
18/12/19
17:05
059.20
1
COTIA, JUNDIAI, OSASCO, SAO JOSE DOS CAMPOS, SAO PAULO, SAO ROQUE, SOROCABA, TAUBATE
**********************ARQUIVO*********************
LETICIA FERREIRA DOS SANTOS@M@27/06/1993@(62) 90198-9783@FUSCA@DGM-2898@COTIA|JUNDIAI@03/09/19@17:53@147.99@3@##################################################################################################################################################BRUNA MARQUEZINE@M@13/02/1998@(69) 38564-2362@FIT@MAW-9161@LORENA|OSASCO|SAO ROQUE@12/01/19@07:11@064.39@2@#####################################################################################################################################################ROBERT DOWNEY JUNIOR F :(@M@01/02/1999@(26) 73985-2834@ONIX@FWY-3827@COTIA|JUNDIAI|LORENA|OSASCO|RIO DE JANEIRO|SAO PAULO|SAO ROQUE|SOROCABA|TAUBATE@18/12/19@09:13@236.96@1@###################################################################################ALEXANDRE O CHEGA NE@M@17/05/1995@(98) 93894-2614@COROLLA@HBB-5768@COTIA|SAO JOSE DOS CAMPOS@25/07/19@08:37@202.28@3@###########################################################################################################################################TATIANA MONTEIRO@F@11/07/1998@(40) 29199-6198@CIVIC@RLJ-8286@COTIA|LORENA|RIO DE JANEIRO|SAO JOSE DOS CAMPOS|SAO PAULO|SAO ROQUE|SOROCABA@17/12/19@05:15@163.57@3@##############################################################################################ALEXANDRE O PEQUENO@M@20/06/1995@(63) 03640-5389@ONIX@NKG-6732@JUNDIAI|LORENA|OSASCO|RIO DE JANEIRO|SAO JOSE DOS CAMPOS|SAO PAULO@10/02/19@20:45@125.79@4@######################################################################################################TATIANA MONTEIRO@F@07/11/1995@(43) 98742-6290@CIVIC@WIR-6237@SAO JOSE DOS CAMPOS|SAO PAULO|SAO ROQUE@24/07/19@10:16@096.90@4@###################################################################################################################################ALEXANDRE O GRANDE@F@26/07/1997@(86) 82798-0289@ONIX@KWU-6640@COTIA|JUNDIAI|LORENA|OSASCO|SAO JOSE DOS CAMPOS@11/01/19@13:05@175.98@3@##########################################################################################################################EDUARDO COSTA@F@09/04/1991@(05) 74520-7019@UNO@QSX-9375@JUNDIAI|RIO DE JANEIRO@19/10/19@01:49@129.39@4@#########################################################################################################################################################GABRIEL THE ANGEL@M@02/07/1998@(94) 03290-5224@CORSA@TJY-3348@COTIA|JUNDIAI|LORENA|OSASCO|SAO JOSE DOS CAMPOS|SAO PAULO|TAUBATE@20/11/19@19:40@203.24@3@########################################################################################################MATHEUS LIMA@F@12/11/1991@(60) 32900-3234@CELTA@GBZ-2557@COTIA|JUNDIAI|LORENA|OSASCO|SAO PAULO|SAO ROQUE|SOROCABA@08/03/19@22:49@022.53@4@######################################################################################################################JULIANA PAES@F@17/03/1993@(93) 81555-6733@CORSA@MEK-9792@COTIA|JUNDIAI|LORENA|OSASCO|RIO DE JANEIRO|SAO JOSE DOS CAMPOS|SAO PAULO|SAO ROQUE|SOROCABA@23/02/19@00:15@212.78@2@###################################################################################SABRINA SATO@F@26/07/1992@(35) 98419-0286@GOL@KWQ-1183@COTIA|JUNDIAI|OSASCO|SAO JOSE DOS CAMPOS|SAO PAULO|SAO ROQUE|SOROCABA|TAUBATE@18/12/19@17:05@059.20@1@###################################################################################################FATIMA BERNARDES@M@12/03/1995@(87) 91455-6651@FIT@MHD-8319@JUNDIAI|RIO DE JANEIRO|SAO JOSE DOS CAMPOS|SAO ROQUE@26/03/19@16:43@024.55@2@########################################################################################################################BRUNA MARQUEZINE@F@08/07/1999@(70) 68381-5316@COROLLA@IJD-7181@LORENA|SAO PAULO|SAO ROQUE@15/07/19@01:48@081.21@4@##############################################################################################################################################ALEXANDRE O PEQUENO@M@25/10/1996@(03) 43174-1927@FOX@IKV-5050@COTIA|JUNDIAI|RIO DE JANEIRO|SAO JOSE DOS CAMPOS|SAO PAULO|SOROCABA|TAUBATE@17/01/19@12:18@163.85@1@##############################################################################################LETICIA FERREIRA DOS SANTOS@M@03/07/1991@(16) 91094-6384@FOX@VEO-4607@COTIA|JUNDIAI|LORENA|OSASCO|RIO DE JANEIRO|SAO JOSE DOS CAMPOS|SAO PAULO|SAO ROQUE|SOROCABA|TAUBATE@04/01/19@22:15@159.20@4@##############################################################
**********************ALTERAR*********************
OPERACAO REALIZADA COM SUCESSO!
*****************ARQUIVO SECUNDARIO****************
LVEO040122 04/01/19
AKWU110113 11/01/19
BMAW120107 12/01/19
AIKV170112 17/01/19
ANKG100220 10/02/19
JMEK230200 23/02/19
MGBZ080322 08/03/19
FMHD260316 26/03/19
BIJD150701 15/07/19
TWIR240710 24/07/19
AHBB250708 25/07/19
LDGM030917 03/09/19
EQSX191001 19/10/19
GTJY201119 20/11/19
TRLJ171205 17/12/19
RFWY181209 18/12/19
SKWQ181217 18/12/19
**********************EXCLUIR*********************
Registro(s) nao encontrado!
FALHA AO REALIZAR OPERACAO!
**********************LISTAR**********************
LVEO040122
LETICIA FERREIRA DOS SANTOS
M
03/07/1991
(16) 91094-6384
FOX
VEO-4607
04/01/19
22:15
159.20
4
COTIA, JUNDIAI, LORENA, OSASCO, RIO DE JANEIRO, SAO JOSE DOS CAMPOS, SAO PAULO, SAO ROQUE, SOROCABA, TAUBATE

AKWU110113
ALEXANDRE O GRANDE
F
26/07/1997
(86) 82798-0289
ONIX
KWU-6640
11/01/19
13:05
175.98
3
COTIA, JUNDIAI, LORENA, OSASCO, SAO JOSE DOS CAMPOS

AIKV170112
ALEXANDRE O PEQUENO
M
25/10/1996
(03) 43174-1927
FOX
IKV-5050
17/01/19
12:18
163.85
1
COTIA, JUNDIAI, RIO DE JANEIRO, SAO JOSE DOS CAMPOS, SAO PAULO, SOROCABA, TAUBATE

JMEK230200
JULIANA PAES
F
17/03/1993
(93) 81555-6733
CORSA
MEK-9792
23/02/19
00:15
212.78
2
COTIA, JUNDIAI, LORENA, OSASCO, RIO DE JANEIRO, SAO JOSE DOS CAMPOS, SAO PAULO, SAO ROQUE, SOROCABA

MGBZ080322
MATHEUS LIMA
F
12/11/1991
(60) 32900-3234
CELTA
GBZ-2557
08/03/19
22:49
022.53
4
COTIA, JUNDIAI, LORENA, OSASCO, SAO PAULO, SAO ROQUE, SOROCABA

AHBB250708
ALEXANDRE O CHEGA NE
M
17/05/1995
(98) 93894-2614
COROLLA
HBB-5768
25/07/19
08:37
202.28
3
COTIA, SAO JOSE DOS CAMPOS

LDGM030917
LETICIA FERREIRA DOS SANTOS
M
27/06/1993
(62) 90198-9783
FUSCA
DGM-2898
03/09/19
17:53
147.99
3
COTIA, JUNDIAI

GTJY201119
GABRIEL THE ANGEL
M
02/07/1998
(94) 03290-5224
CORSA
TJY-3348
20/11/19
19:40
203.24
3
COTIA, JUNDIAI, LORENA, OSASCO, SAO JOSE DOS CAMPOS, SAO PAULO, TAUBATE

TRLJ171205
TATIANA MONTEIRO
F
11/07/1998
(40) 29199-6198
CIVIC
RLJ-8286
17/12/19
05:15
163.57
3
COTIA, LORENA, RIO DE JANEIRO, SAO JOSE DOS CAMPOS, SAO PAULO, SAO ROQUE, SOROCABA

RFWY181209
ROBERT DOWNEY JUNIOR F :(
M
01/02/1999
(26) 73985-2834
ONIX
FWY-3827
18/12/19
09:13
236.96
1
COTIA, JUNDIAI, LORENA, OSASCO, RIO DE JANEIRO, SAO PAULO, SAO ROQUE, SOROCABA, TAUBATE

SKWQ181217
SABRINA SATO
F
26/07/1992
(35) 98419-0286
GOL
KWQ-1183
18/12/19
17:05
059.20
3
COTIA, JUNDIAI, OSASCO, SAO JOSE DOS CAMPOS, SAO PAULO, SAO ROQUE, SOROCABA, TAUBATE

LVEO040122
LETICIA FERREIRA DOS SANTOS
M
03/07/1991
(16) 91094-6384
FOX
VEO-4607
04/01/19
22:15
159.20
4
COTIA, JUNDIAI, LORENA, OSASCO, RIO DE JANEIRO, SAO JOSE DOS CAMPOS, SAO PAULO, SAO ROQUE, SOROCABA, TAUBATE

AKWU110113
ALEXANDRE O GRANDE
F
26/07/1997
(86) 82798-0289
ONIX
KWU-6640
11/01/19
13:05
175.98
3
COTIA, JUNDIAI, LORENA, OSASCO, SAO JOSE DOS CAMPOS

AIKV170112
ALEXANDRE O PEQUENO
M
25/10/1996
(03) 43174-1927
FOX
IKV-5050
17/01/19
12:18
163.85
1
COTIA, JUNDIAI, RIO DE JANEIRO, SAO JOSE DOS CAMPOS, SAO PAULO, SOROCABA, TAUBATE

ANKG100220
ALEXANDRE O PEQUENO
M
20/06/1995
(63) 03640-5389
ONIX
NKG-6732
10/02/19
20:45
125.79
4
JUNDIAI, LORENA, OSASCO, RIO DE JANEIRO, SAO JOSE DOS CAMPOS, SAO PAULO

JMEK230200
JULIANA PAES
F
17/03/1993
(93) 81555-6733
CORSA
MEK-9792
23/02/19
00:15
212.78
2
COTIA, JUNDIAI, LORENA, OSASCO, RIO DE JANEIRO, SAO JOSE DOS CAMPOS, SAO PAULO, SAO ROQUE, SOROCABA

MGBZ080322
MATHEUS LIMA
F
12/11/1991
(60) 32900-3234
CELTA
GBZ-2557
08/03/19
22:49
022.53
4
COTIA, JUNDIAI, LORENA, OSASCO, SAO PAULO, SAO ROQUE, SOROCABA

FMHD260316
FATIMA BERNARDES
M
12/03/1995
(87) 91455-6651
FIT
MHD-8319
26/03/19
16:43
024.55
2
JUNDIAI, RIO DE JANEIRO, SAO JOSE DOS CAMPOS, SAO ROQUE

LDGM030917
LETICIA FERREIRA DOS SANTOS
M
27/06/1993
(62) 90198-9783
FUSCA
DGM-2898
03/09/19
17:53
147.99
3
COTIA, JUNDIAI

EQSX191001
EDUARDO COSTA
F
09/04/1991
(05) 74520-7019
UNO
QSX-9375
19/10/19
01:49
129.39
4
JUNDIAI, RIO DE JANEIRO

GTJY201119
GABRIEL THE ANGEL
M
02/07/1998
(94) 03290-5224
CORSA
TJY-3348
20/11/19
19:40
203.24
3
COTIA, JUNDIAI, LORENA, OSASCO, SAO JOSE DOS CAMPOS, SAO PAULO, TAUBATE

RFWY181209
ROBERT DOWNEY JUNIOR F :(
M
01/02/1999
(26) 73985-2834
ONIX
FWY-3827
18/12/19
09:13
236.96
1
COTIA, JUNDIAI, LORENA, OSASCO, RIO DE JANEIRO, SAO PAULO, SAO ROQUE, SOROCABA, TAUBATE

SKWQ181217
SABRINA SATO
F
26/07/1992
(35) 98419-0286
GOL
KWQ-1183
18/12/19
17:05
059.20
3
COTIA, JUNDIAI, OSASCO, SAO JOSE DOS CAMPOS, SAO PAULO, SAO ROQUE, SOROCABA, TAUBATE

LVEO040122
LETICIA FERREIRA DOS SANTOS
M
03/07/1991
(16) 91094-6384
FOX
VEO-4607
04/01/19
22:15
159.20
4
COTIA, JUNDIAI, LORENA, OSASCO, RIO DE JANEIRO, SAO JOSE DOS CAMPOS, SAO PAULO, SAO ROQUE, SOROCABA, TAUBATE

AKWU110113
ALEXANDRE O GRANDE
F
26/07/1997
(86) 82798-0289
ONIX
KWU-6640
11/01/19
13:05
175.98
3
COTIA, JUNDIAI, LORENA, OSASCO, SAO JOSE DOS CAMPOS

BMAW120107
BRUNA MARQUEZINE
M
13/02/1998
(69) 38564-2362
FIT
MAW-9161
12/01/19
07:11
064.39
2
LORENA, OSASCO, SAO ROQUE

ANKG100220
ALEXANDRE O PEQUENO
M
20/06/1995
(63) 03640-5389
ONIX
NKG-6732
10/02/19
20:45
125.79
4
JUNDIAI, LORENA, OSASCO, RIO DE JANEIRO, SAO JOSE DOS CAMPOS, SAO PAULO

JMEK230200
JULIANA PAES
F
17/03/1993
(93) 81555-6733
CORSA
MEK-9792
23/02/19
00:15
212.78
2
COTIA, JUNDIAI, LORENA, OSASCO, RIO DE JANEIRO, SAO JOSE DOS CAMPOS, SAO PAULO, SAO ROQUE, SOROCABA

MGBZ080322
MATHEUS LIMA
F
12/11/1991
(60) 32900-3234
CELTA
GBZ-2557
08/03/19
22:49
022.53
4
COTIA, JUNDIAI, LORENA, OSASCO, SAO PAULO, SAO ROQUE, SOROCABA

BIJD150701
BRUNA MARQUEZINE
F
08/07/1999
(70) 68381-5316
COROLLA
IJD-7181
15/07/19
01:48
081.21
4
LORENA, SAO PAULO, SAO ROQUE

GTJY201119
GABRIEL THE ANGEL
M
02/07/1998
(94) 03290-5224
CORSA
TJY-3348
20/11/19
19:40
203.24
3
COTIA, JUNDIAI, LORENA, OSASCO, SAO JOSE DOS CAMPOS, SAO PAULO, TAUBATE

TRLJ171205
TATIANA MONTEIRO
F
11/07/1998
(40) 29199-6198
CIVIC
RLJ-8286
17/12/19
05:15
163.57
3
COTIA, LORENA, RIO DE JANEIRO, SAO JOSE DOS CAMPOS, SAO PAULO, SAO ROQUE, SOROCABA

RFWY181209
ROBERT DOWNEY JUNIOR F :(
M
01/02/1999
(26) 73985-2834
ONIX
FWY-3827
18/12/19
09:13
236.96
1
COTIA, JUNDIAI, LORENA, OSASCO, RIO DE JANEIRO, SAO PAULO, SAO ROQUE, SOROCABA, TAUBATE

LVEO040122
LETICIA FERREIRA DOS SANTOS
M
03/07/1991
(16) 91094-6384
FOX
VEO-4607
04/01/19
22:15
159.20
4
COTIA, JUNDIAI, LORENA, OSASCO, RIO DE JANEIRO, SAO JOSE DOS CAMPOS, SAO PAULO, SAO ROQUE, SOROCABA, TAUBATE

AKWU110113
ALEXANDRE O GRANDE
F
26/07/1997
(86) 82798-0289
ONIX
KWU-6640
11/01/19
13:05
175.98
3
COTIA, JUNDIAI, LORENA, OSASCO, SAO JOSE DOS CAMPOS

BMAW120107
BRUNA MARQUEZINE
M
13/02/1998
(69) 38564-2362
FIT
MAW-9161
12/01/19
07:11
064.39
2
LORENA, OSASCO, SAO ROQUE

ANKG100220
ALEXANDRE O PEQUENO
M
20/06/1995
(63) 03640-5389
ONIX
NKG-6732
10/02/19
20:45
125.79
4
JUNDIAI, LORENA, OSASCO, RIO DE JANEIRO, SAO JOSE DOS CAMPOS, SAO PAULO

JMEK230200
JULIANA PAES
F
17/03/1993
(93) 81555-6733
CORSA
MEK-9792
23/02/19
00:15
212.78
2
COTIA, JUNDIAI, LORENA, OSASCO, RIO DE JANEIRO, SAO JOSE DOS CAMPOS, SAO PAULO, SAO ROQUE, SOROCABA

MGBZ080322
MATHEUS LIMA
F
12/11/1991
(60) 32900-3234
CELTA
GBZ-2557
08/03/19
22:49
022.53
4
COTIA, JUNDIAI, LORENA, OSASCO, SAO PAULO, SAO ROQUE, SOROCABA

GTJY201119
GABRIEL THE ANGEL
M
02/07/1998
(94) 03290-5224
CORSA
TJY-3348
20/11/19
19:40
203.24
3
COTIA, JUNDIAI, LORENA, OSASCO, SAO JOSE DOS CAMPOS, SAO PAULO, TAUBATE

RFWY181209
ROBERT DOWNEY JUNIOR F :(
M
01/02/1999
(26) 73985-2834
ONIX
FWY-3827
18/12/19
09:13
236.96
1
COTIA, JUNDIAI, LORENA, OSASCO, RIO DE JANEIRO, SAO PAULO, SAO ROQUE, SOROCABA, TAUBATE

SKWQ181217
SABRINA SATO
F
26/07/1992
(35) 98419-0286
GOL
KWQ-1183
18/12/19
17:05
059.20
3
COTIA, JUNDIAI, OSASCO, SAO JOSE DOS CAMPOS, SAO PAULO, SAO ROQUE, SOROCABA, TAUBATE

LVEO040122
LETICIA FERREIRA DOS SANTOS
M
03/07/1991
(16) 91094-6384
FOX
VEO-4607
04/01/19
22:15
159.20
4
COTIA, JUNDIAI, LORENA, OSASCO, RIO DE JANEIRO, SAO JOSE DOS CAMPOS, SAO PAULO, SAO ROQUE, SOROCABA, TAUBATE

AIKV170112
ALEXANDRE O PEQUENO
M
25/10/1996
(03) 43174-1927
FOX
IKV-5050
17/01/19
12:18
163.85
1
COTIA, JUNDIAI, RIO DE JANEIRO, SAO JOSE DOS CAMPOS, SAO PAULO, SOROCABA, TAUBATE

ANKG100220
ALEXANDRE O PEQUENO
M
20/06/1995
(63) 03640-5389
ONIX
NKG-6732
10/02/19
20:45
125.79
4
JUNDIAI, LORENA, OSASCO, RIO DE JANEIRO, SAO JOSE DOS CAMPOS, SAO PAULO

JMEK230200
JULIANA PAES
F
17/03/1993
(93) 81555-6733
CORSA
MEK-9792
23/02/19
00:15
212.78
2
COTIA, JUNDIAI, LORENA, OSASCO, RIO DE JANEIRO, SAO JOSE DOS CAMPOS, SAO PAULO, SAO ROQUE, SOROCABA

FMHD260316
FATIMA BERNARDES
M
12/03/1995
(87) 91455-6651
FIT
MHD-8319
26/03/19
16:43
024.55
2
JUNDIAI, RIO DE JANEIRO, SAO JOSE DOS CAMPOS, SAO ROQUE

EQSX191001
EDUARDO COSTA
F
09/04/1991
(05) 74520-7019
UNO
QSX-9375
19/10/19
01:49
129.39
4
JUNDIAI, RIO DE JANEIRO

TRLJ171205
TATIANA MONTEIRO
F
11/07/1998
(40) 29199-6198
CIVIC
RLJ-8286
17/12/19
05:15
163.57
3
COTIA, LORENA, RIO DE JANEIRO, SAO JOSE DOS CAMPOS, SAO PAULO, SAO ROQUE, SOROCABA

RFWY181209
ROBERT DOWNEY JUNIOR F :(
M
01/02/1999
(26) 73985-2834
ONIX
FWY-3827
18/12/19
09:13
236.96
1
COTIA, JUNDIAI, LORENA, OSASCO, RIO DE JANEIRO, SAO PAULO, SAO ROQUE, SOROCABA, TAUBATE

LVEO040122
LETICIA FERREIRA DOS SANTOS
M
03/07/1991
(16) 91094-6384
FOX
VEO-4607
04/01/19
22:15
159.20
4
COTIA, JUNDIAI, LORENA, OSASCO, RIO DE JANEIRO, SAO JOSE DOS CAMPOS, SAO PAULO, SAO ROQUE, SOROCABA, TAUBATE

AKWU110113
ALEXANDRE O GRANDE
F
26/07/1997
(86) 82798-0289
ONIX
KWU-6640
11/01/19
13:05
175.98
3
COTIA, JUNDIAI, LORENA, OSASCO, SAO JOSE DOS CAMPOS

AIKV170112
ALEXANDRE O PEQUENO
M
25/10/1996
(03) 43174-1927
FOX
IKV-5050
17/01/19
12:18
163.85
1
COTIA, JUNDIAI, RIO DE JANEIRO, SAO JOSE DOS CAMPOS, SAO PAULO, SOROCABA, TAUBATE

ANKG100220
ALEXANDRE O PEQUENO
M
20/06/1995
(63) 03640-5389
ONIX
NKG-6732
10/02/19
20:45
125.79
4
JUNDIAI, LORENA, OSASCO, RIO DE JANEIRO, SAO JOSE DOS CAMPOS, SAO PAULO

JMEK230200
JULIANA PAES
F
17/03/1993
(93) 81555-6733
CORSA
MEK-9792
23/02/19
00:15
212.78
2
COTIA, JUNDIAI, LORENA, OSASCO, RIO DE JANEIRO, SAO JOSE DOS CAMPOS, SAO PAULO, SAO ROQUE, SOROCABA

FMHD260316
FATIMA BERNARDES
M
12/03/1995
(87) 91455-6651
FIT
MHD-8319
26/03/19
16:43
024.55
2
JUNDIAI, RIO DE JANEIRO, SAO JOSE DOS CAMPOS, SAO ROQUE

TWIR240710
TATIANA MONTEIRO
F
07/11/1995
(43) 98742-6290
CIVIC
WIR-6237
24/07/19
10:16
096.90
4
SAO JOSE DOS CAMPOS, SAO PAULO, SAO ROQUE

AHBB250708
ALEXANDRE O CHEGA NE
M
17/05/1995
(98) 93894-2614
COROLLA
HBB-5768
25/07/19
08:37
202.28
3
COTIA, SAO JOSE DOS CAMPOS

GTJY201119
GABRIEL THE ANGEL
M
02/07/1998
(94) 03290-5224
CORSA
TJY-3348
20/11/19
19:40
203.24
3
COTIA, JUNDIAI, LORENA, OSASCO, SAO JOSE DOS CAMPOS, SAO PAULO, TAUBATE

TRLJ171205
TATIANA MONTEIRO
F
11/07/1998
(40) 29199-6198
CIVIC
RLJ-8286
17/12/19
05:15
163.57
3
COTIA, LORENA, RIO DE JANEIRO, SAO JOSE DOS CAMPOS, SAO PAULO, SAO ROQUE, SOROCABA

SKWQ181217
SABRINA SATO
F
26/07/1992
(35) 98419-0286
GOL
KWQ-1183
18/12/19
17:05
059.20
3
COTIA, JUNDIAI, OSASCO, SAO JOSE DOS CAMPOS, SAO PAULO, SAO ROQUE, SOROCABA, TAUBATE

LVEO040122
LETICIA FERREIRA DOS SANTOS
M
03/07/1991
(16) 91094-6384
FOX
VEO-4607
04/01/19
22:15
159.20
4
COTIA, JUNDIAI, LORENA, OSASCO, RIO DE JANEIRO, SAO JOSE DOS CAMPOS, SAO PAULO, SAO ROQUE, SOROCABA, TAUBATE

AIKV170112
ALEXANDRE O PEQUENO
M
25/10/1996
(03) 43174-1927
FOX
IKV-5050
17/01/19
12:18
163.85
1
COTIA, JUNDIAI, RIO DE JANEIRO, SAO JOSE DOS CAMPOS, SAO PAULO, SOROCABA, TAUBATE

ANKG100220
ALEXANDRE O PEQUENO
M
20/06/1995
(63) 03640-5389
ONIX
NKG-6732
10/02/19
20:45
125.79
4
JUNDIAI, LORENA, OSASCO, RIO DE JANEIRO, SAO JOSE DOS CAMPOS, SAO PAULO

JMEK230200
JULIANA PAES
F
17/03/1993
(93) 81555-6733
CORSA
MEK-9792
23/02/19
00:15
212.78
2
COTIA, JUNDIAI, LORENA, OSASCO, RIO DE JANEIRO, SAO JOSE DOS CAMPOS, SAO PAULO, SAO ROQUE, SOROCABA

MGBZ080322
MATHEUS LIMA
F
12/11/1991
(60) 32900-3234
CELTA
GBZ-2557
08/03/19
22:49
022.53
4
COTIA, JUNDIAI, LORENA, OSASCO, SAO PAULO, SAO ROQUE, SOROCABA

BIJD150701
BRUNA MARQUEZINE
F
08/07/1999
(70) 68381-5316
COROLLA
IJD-7181
15/07/19
01:48
081.21
4
LORENA, SAO PAULO, SAO ROQUE

TWIR240710
TATIANA MONTEIRO
F
07/11/1995
(43) 98742-6290
CIVIC
WIR-6237
24/07/19
10:16
096.90
4
SAO JOSE DOS CAMPOS, SAO PAULO, SAO ROQUE

GTJY201119
GABRIEL THE ANGEL
M
02/07/1998
(94) 03290-5224
CORSA
TJY-3348
20/11/19
19:40
203.24
3
COTIA, JUNDIAI, LORENA, OSASCO, SAO JOSE DOS CAMPOS, SAO PAULO, TAUBATE

TRLJ171205
TATIANA MONTEIRO
F
11/07/1998
(40) 29199-6198
CIVIC
RLJ-8286
17/12/19
05:15
163.57
3
COTIA, LORENA, RIO DE JANEIRO, SAO JOSE DOS CAMPOS, SAO PAULO, SAO ROQUE, SOROCABA

RFWY181209
ROBERT DOWNEY JUNIOR F :(
M
01/02/1999
(26) 73985-2834
ONIX
FWY-3827
18/12/19
09:13
236.96
1
COTIA, JUNDIAI, LORENA, OSASCO, RIO DE JANEIRO, SAO PAULO, SAO ROQUE, SOROCABA, TAUBATE

SKWQ181217
SABRINA SATO
F
26/07/1992
(35) 98419-0286
GOL
KWQ-1183
18/12/19
17:05
059.20
3
COTIA, JUNDIAI, OSASCO, SAO JOSE DOS CAMPOS, SAO PAULO, SAO ROQUE, SOROCABA, TAUBATE

LVEO040122
LETICIA FERREIRA DOS SANTOS
M
03/07/1991
(16) 91094-6384
FOX
VEO-4607
04/01/19
22:15
159.20
4
COTIA, JUNDIAI, LORENA, OSASCO, RIO DE JANEIRO, SAO JOSE DOS CAMPOS, SAO PAULO, SAO ROQUE, SOROCABA, TAUBATE

BMAW120107
BRUNA MARQUEZINE
M
13/02/1998
(69) 38564-2362
FIT
MAW-9161
12/01/19
07:11
064.39
2
LORENA, OSASCO, SAO ROQUE

JMEK230200
JULIANA PAES
F
17/03/1993
(93) 81555-6733
CORSA
MEK-9792
23/02/19
00:15
212.78
2
COTIA, JUNDIAI, LORENA, OSASCO, RIO DE JANEIRO, SAO JOSE DOS CAMPOS, SAO PAULO, SAO ROQUE, SOROCABA

MGBZ080322
MATHEUS LIMA
F
12/11/1991
(60) 32900-3234
CELTA
GBZ-2557
08/03/19
22:49
022.53
4
COTIA, JUNDIAI, LORENA, OSASCO, SAO PAULO, SAO ROQUE, SOROCABA

FMHD260316
FATIMA BERNARDES
M
12/03/1995
(87) 91455-6651
FIT
MHD-8319
26/03/19
16:43
024.55
2
JUNDIAI, RIO DE JANEIRO, SAO JOSE DOS CAMPOS, SAO ROQUE

BIJD150701
BRUNA MARQUEZINE
F
08/07/1999
(70) 68381-5316
COROLLA
IJD-7181
15/07/19
01:48
081.21
4
LORENA, SAO PAULO, SAO ROQUE

TWIR240710
TATIANA MONTEIRO
F
07/11/1995
(43) 98742-6290
CIVIC
WIR-6237
24/07/19
10:16
096.90
4
SAO JOSE DOS CAMPOS, SAO PAULO, SAO ROQUE

TRLJ171205
TATIANA MONTEIRO
F
11/07/1998
(40) 29199-6198
CIVIC
RLJ-8286
17/12/19
05:15
163.57
3
COTIA, LORENA, RIO DE JANEIRO, SAO JOSE DOS CAMPOS, SAO PAULO, SAO ROQUE, SOROCABA

RFWY181209
ROBERT DOWNEY JUNIOR F :(
M
01/02/1999
(26) 73985-2834
ONIX
FWY-3827
18/12/19
09:13
236.96
1
COTIA, JUNDIAI, LORENA, OSASCO, RIO DE JANEIRO, SAO PAULO, SAO ROQUE, SOROCABA, TAUBATE

SKWQ181217
SABRINA SATO
F
26/07/1992
(35) 98419-0286
GOL
KWQ-1183
18/12/19
17:05
059.20
3
COTIA, JUNDIAI, OSASCO, SAO JOSE DOS CAMPOS, SAO PAULO, SAO ROQUE, SOROCABA, TAUBATE

LVEO040122
LETICIA FERREIRA DOS SANTOS
M
03/07/1991
(16) 91094-6384
FOX
VEO-4607
04/01/19
22:15
159.20
4
COTIA, JUNDIAI, LORENA, OSASCO, RIO DE JANEIRO, SAO JOSE DOS CAMPOS, SAO PAULO, SAO ROQUE, SOROCABA, TAUBATE

AIKV170112
ALEXANDRE O PEQUENO
M
25/10/1996
(03) 43174-1927
FOX
IKV-5050
17/01/19
12:18
163.85
1
COTIA, JUNDIAI, RIO DE JANEIRO, SAO JOSE DOS CAMPOS, SAO PAULO, SOROCABA, TAUBATE

JMEK230200
JULIANA PAES
F
17/03/1993
(93) 81555-6733
CORSA
MEK-9792
23/02/19
00:15
212.78
2
COTIA, JUNDIAI, LORENA, OSASCO, RIO DE JANEIRO, SAO JOSE DOS CAMPOS, SAO PAULO, SAO ROQUE, SOROCABA

MGBZ080322
MATHEUS LIMA
F
12/11/1991
(60) 32900-3234
CELTA
GBZ-2557
08/03/19
22:49
022.53
4
COTIA, JUNDIAI, LORENA, OSASCO, SAO PAULO, SAO ROQUE, SOROCABA

TRLJ171205
TATIANA MONTEIRO
F
11/07/1998
(40) 29199-6198
CIVIC
RLJ-8286
17/12/19
05:15
163.57
3
COTIA, LORENA, RIO DE JANEIRO, SAO JOSE DOS CAMPOS, SAO PAULO, SAO ROQUE, SOROCABA

RFWY181209
ROBERT DOWNEY JUNIOR F :(
M
01/02/1999
(26) 73985-2834
ONIX
FWY-3827
18/12/19
09:13
236.96
1
COTIA, JUNDIAI, LORENA, OSASCO, RIO DE JANEIRO, SAO PAULO, SAO ROQUE, SOROCABA, TAUBATE

SKWQ181217
SABRINA SATO
F
26/07/1992
(35) 98419-0286
GOL
KWQ-1183
18/12/19
17:05
059.20
3
COTIA, JUNDIAI, OSASCO, SAO JOSE DOS CAMPOS, SAO PAULO, SAO ROQUE, SOROCABA, TAUBATE

LVEO040122
LETICIA FERREIRA DOS SANTOS
M
03/07/1991
(16) 91094-6384
FOX
VEO-4607
04/01/19
22:15
159.20
4
COTIA, JUNDIAI, LORENA, OSASCO, RIO DE JANEIRO, SAO JOSE DOS CAMPOS, SAO PAULO, SAO ROQUE, SOROCABA, TAUBATE

AIKV170112
ALEXANDRE O PEQUENO
M
25/10/1996
(03) 43174-1927
FOX
IKV-5050
17/01/19
12:18
163.85
1
COTIA, JUNDIAI, RIO DE JANEIRO, SAO JOSE DOS CAMPOS, SAO PAULO, SOROCABA, TAUBATE

GTJY201119
GABRIEL THE ANGEL
M
02/07/1998
(94) 03290-5224
CORSA
TJY-3348
20/11/19
19:40
203.24
3
COTIA, JUNDIAI, LORENA, OSASCO, SAO JOSE DOS CAMPOS, SAO PAULO, TAUBATE

RFWY181209
ROBERT DOWNEY JUNIOR F :(
M
01/02/1999
(26) 73985-2834
ONIX
FWY-3827
18/12/19
09:13
236.96
1
COTIA, JUNDIAI, LORENA, OSASCO, RIO DE JANEIRO, SAO PAULO, SAO ROQUE, SOROCABA, TAUBATE

SKWQ181217
SABRINA SATO
F
26/07/1992
(35) 98419-0286
GOL
KWQ-1183
18/12/19
17:05
059.20
3
COTIA, JUNDIAI, OSASCO, SAO JOSE DOS CAMPOS, SAO PAULO, SAO ROQUE, SOROCABA, TAUBATE
**********************EXCLUIR*********************
OPERACAO REALIZADA COM SUCESSO!
**********************ALTERAR*********************
OPERACAO REALIZADA COM SUCESSO!
**********************LISTAR**********************
LVEO040122
LETICIA FERREIRA DOS SANTOS
M
03/07/1991
(16) 91094-6384
FOX
VEO-4607
04/01/19
22:15
159.20
4
COTIA, JUNDIAI, LORENA, OSASCO, RIO DE JANEIRO, SAO JOSE DOS CAMPOS, SAO PAULO, SAO ROQUE, SOROCABA, TAUBATE

AKWU110113
ALEXANDRE O GRANDE
F
26/07/1997
(86) 82798-0289
ONIX
KWU-6640
11/01/19
13:05
175.98
3
COTIA, JUNDIAI, LORENA, OSASCO, SAO JOSE DOS CAMPOS

AIKV170112
ALEXANDRE O PEQUENO
M
25/10/1996
(03) 43174-1927
FOX
IKV-5050
17/01/19
12:18
163.85
1
COTIA, JUNDIAI, RIO DE JANEIRO, SAO JOSE DOS CAMPOS, SAO PAULO, SOROCABA, TAUBATE

ANKG100220
ALEXANDRE O PEQUENO
M
20/06/1995
(63) 03640-5389
ONIX
NKG-6732
10/02/19
20:45
125.79
4
JUNDIAI, LORENA, OSASCO, RIO DE JANEIRO, SAO JOSE DOS CAMPOS, SAO PAULO

JMEK230200
JULIANA PAES
F
17/03/1993
(93) 81555-6733
CORSA
MEK-9792
23/02/19
00:15
212.78
2
COTIA, JUNDIAI, LORENA, OSASCO, RIO DE JANEIRO, SAO JOSE DOS CAMPOS, SAO PAULO, SAO ROQUE, SOROCABA

MGBZ080322
MATHEUS LIMA
F
12/11/1991
(60) 32900-3234
CELTA
GBZ-2557
08/03/19
22:49
022.53
4
COTIA, JUNDIAI, LORENA, OSASCO, SAO PAULO, SAO ROQUE, SOROCABA

FMHD260316
FATIMA BERNARDES
M
12/03/1995
(87) 91455-6651
FIT
MHD-8319
26/03/19
16:43
024.55
2
JUNDIAI, RIO DE JANEIRO, SAO JOSE DOS CAMPOS, SAO ROQUE

BIJD150701
BRUNA MARQUEZINE
F
08/07/1999
(70) 68381-5316
COROLLA
IJD-7181
15/07/19
01:48
081.21
4
LORENA, SAO PAULO, SAO ROQUE

TWIR240710
TATIANA MONTEIRO
F
07/11/1995
(43) 98742-6290
CIVIC
WIR-6237
24/07/19
10:16
096.90
4
SAO JOSE DOS CAMPOS, SAO PAULO, SAO ROQUE

AHBB250708
ALEXANDRE O CHEGA NE
M
17/05/1995
(98) 93894-2614
COROLLA
HBB-5768
25/07/19
08:37
202.28
3
COTIA, SAO JOSE DOS CAMPOS

LDGM030917
LETICIA FERREIRA DOS SANTOS
M
27/06/1993
(62) 90198-9783
FUSCA
DGM-2898
03/09/19
17:53
147.99
3
COTIA, JUNDIAI

EQSX191001
EDUARDO COSTA
F
09/04/1991
(05) 74520-7019
UNO
QSX-9375
19/10/19
01:49
129.39
1
JUNDIAI, RIO DE JANEIRO

GTJY201119
GABRIEL THE ANGEL
M
02/07/1998
(94) 03290-5224
CORSA
TJY-3348
20/11/19
19:40
203.24
3
COTIA, JUNDIAI, LORENA, OSASCO, SAO JOSE DOS CAMPOS, SAO PAULO, TAUBATE

TRLJ171205
TATIANA MONTEIRO
F
11/07/1998
(40) 29199-6198
CIVIC
RLJ-8286
17/12/19
05:15
163.57
3
COTIA, LORENA, RIO DE JANEIRO, SAO JOSE DOS CAMPOS, SAO PAULO, SAO ROQUE, SOROCABA

RFWY181209
ROBERT DOWNEY JUNIOR F :(
M
01/02/1999
(26) 73985-2834
ONIX
FWY-3827
18/12/19
09:13
236.96
1
COTIA, JUNDIAI, LORENA, OSASCO, RIO DE JANEIRO, SAO PAULO, SAO ROQUE, SOROCABA, TAUBATE

SKWQ181217
SABRINA SATO
F
26/07/1992
(35) 98419-0286
GOL
KWQ-1183
18/12/19
17:05
059.20
3
COTIA, JUNDIAI, OSASCO, SAO JOSE DOS CAMPOS, SAO PAULO, SAO ROQUE, SOROCABA, TAUBATE
**********************BUSCAR**********************
FMHD260316
FATIMA BERNARDES
M
12/03/1995
(87) 91455-6651
FIT
MHD-8319
26/03/19
16:43
024.55
2
JUNDIAI, RIO DE JANEIRO, SAO JOSE DOS CAMPOS, SAO ROQUE
**********************EXCLUIR*********************
Registro(s) nao encontrado!
FALHA AO REALIZAR OPERACAO!
**********************EXCLUIR*********************
OPERACAO REALIZADA COM SUCESSO!
**********************BUSCAR**********************
FMHD260316
FATIMA BERNARDES
M
12/03/1995
(87) 91455-6651
FIT
MHD-8319
26/03/19
16:43
024.55
2
JUNDIAI, RIO DE JANEIRO, SAO JOSE DOS CAMPOS, SAO ROQUE
**********************BUSCAR**********************
LVEO040122
LETICIA FERREIRA DOS SANTOS
M
03/07/1991
(16) 91094-6384
FOX
VEO-4607
04/01/19
22:15
159.20
4
COTIA, JUNDIAI, LORENA, OSASCO, RIO DE JANEIRO, SAO JOSE DOS CAMPOS, SAO PAULO, SAO ROQUE, SOROCABA, TAUBATE
**********************EXCLUIR*********************
Registro(s) nao encontrado!
FALHA AO REALIZAR OPERACAO!
**********************ARQUIVO*********************
LETICIA FERREIRA DOS SANTOS@M@27/06/1993@(62) 90198-9783@FUSCA@DGM-2898@COTIA|JUNDIAI@03/09/19@17:53@147.99@3@##################################################################################################################################################ALEXANDRE O CHEGA NE@M@17/05/1995@(98) 93894-2614@COROLLA@HBB-5768@COTIA|SAO JOSE DOS CAMPOS@25/07/19@08:37@202.28@3@###########################################################################################################################################TATIANA MONTEIRO@F@11/07/1998@(40) 29199-6198@CIVIC@RLJ-8286@COTIA|LORENA|RIO DE JANEIRO|SAO JOSE DOS CAMPOS|SAO PAULO|SAO ROQUE|SOROCABA@17/12/19@05:15@163.57@3@##############################################################################################ALEXANDRE O PEQUENO@M@20/06/1995@(63) 03640-5389@ONIX@NKG-6732@JUNDIAI|LORENA|OSASCO|RIO DE JANEIRO|SAO JOSE DOS CAMPOS|SAO PAULO@10/02/19@20:45@125.79@4@######################################################################################################TATIANA MONTEIRO@F@07/11/1995@(43) 98742-6290@CIVIC@WIR-6237@SAO JOSE DOS CAMPOS|SAO PAULO|SAO ROQUE@24/07/19@10:16@096.90@4@###################################################################################################################################ALEXANDRE O GRANDE@F@26/07/1997@(86) 82798-0289@ONIX@KWU-6640@COTIA|JUNDIAI|LORENA|OSASCO|SAO JOSE DOS CAMPOS@11/01/19@13:05@175.98@3@##########################################################################################################################EDUARDO COSTA@F@09/04/1991@(05) 74520-7019@UNO@QSX-9375@JUNDIAI|RIO DE JANEIRO@19/10/19@01:49@129.39@1@#########################################################################################################################################################GABRIEL THE ANGEL@M@02/07/1998@(94) 03290-5224@CORSA@TJY-3348@COTIA|JUNDIAI|LORENA|OSASCO|SAO JOSE DOS CAMPOS|SAO PAULO|TAUBATE@20/11/19@19:40@203.24@3@########################################################################################################MATHEUS LIMA@F@12/11/1991@(60) 32900-3234@CELTA@GBZ-2557@COTIA|JUNDIAI|LORENA|OSASCO|SAO PAULO|SAO ROQUE|SOROCABA@08/03/19@22:49@022.53@4@######################################################################################################################JULIANA PAES@F@17/03/1993@(93) 81555-6733@CORSA@MEK-9792@COTIA|JUNDIAI|LORENA|OSASCO|RIO DE JANEIRO|SAO JOSE DOS CAMPOS|SAO PAULO|SAO ROQUE|SOROCABA@23/02/19@00:15@212.78@2@###################################################################################SABRINA SATO@F@26/07/1992@(35) 98419-0286@GOL@KWQ-1183@COTIA|JUNDIAI|OSASCO|SAO JOSE DOS CAMPOS|SAO PAULO|SAO ROQUE|SOROCABA|TAUBATE@18/12/19@17:05@059.20@3@###################################################################################################FATIMA BERNARDES@M@12/03/1995@(87) 91455-6651@FIT@MHD-8319@JUNDIAI|RIO DE JANEIRO|SAO JOSE DOS CAMPOS|SAO ROQUE@26/03/19@16:43@024.55@2@########################################################################################################################BRUNA MARQUEZINE@F@08/07/1999@(70) 68381-5316@COROLLA@IJD-7181@LORENA|SAO PAULO|SAO ROQUE@15/07/19@01:48@081.21@4@##############################################################################################################################################ALEXANDRE O PEQUENO@M@25/10/1996@(03) 43174-1927@FOX@IKV-5050@COTIA|JUNDIAI|RIO DE JANEIRO|SAO JOSE DOS CAMPOS|SAO PAULO|SOROCABA|TAUBATE@17/01/19@12:18@163.85@1@##############################################################################################LETICIA FERREIRA DOS SANTOS@M@03/07/1991@(16) 91094-6384@FOX@VEO-4607@COTIA|JUNDIAI|LORENA|OSASCO|RIO DE JANEIRO|SAO JOSE DOS CAMPOS|SAO PAULO|SAO ROQUE|SOROCABA|TAUBATE@04/01/19@22:15@159.20@4@##############################################################MATHEUS LIMA@F@08/12/1995@(59) 25415-5689@FIT@OHJ-8400@COTIA|LORENA|OSASCO|SAO JOSE DOS CAMPOS|SAO PAULO|SOROCABA@23/04/19@17:39@225.93@1@######################################################################################################################JULIA ANDRADE@F@09/09/1991@(90) 97323-5507@GOL@QFY-7082@COTIA|OSASCO|RIO DE JANEIRO|SAO PAULO|SAO ROQUE|SOROCABA@27/03/19@08:08@222.08@4@#######################################################################################################################
**********************ALTERAR*********************
OPERACAO REALIZADA COM SUCESSO!
**********************LISTAR**********************
LVEO040122
LETICIA FERREIRA DOS SANTOS
M
03/07/1991
(16) 91094-6384
FOX
VEO-4607
04/01/19
22:15
159.20
4
COTIA, JUNDIAI, LORENA, OSASCO, RIO DE JANEIRO, SAO JOSE DOS CAMPOS, SAO PAULO, SAO ROQUE, SOROCABA, TAUBATE

AKWU110113
ALEXANDRE O GRANDE
F
26/07/1997
(86) 82798-0289
ONIX
KWU-6640
11/01/19
13:05
175.98
3
COTIA, JUNDIAI, LORENA, OSASCO, SAO JOSE DOS CAMPOS

AIKV170112
ALEXANDRE O PEQUENO
M
25/10/1996
(03) 43174-1927
FOX
IKV-5050
17/01/19
12:18
163.85
1
COTIA, JUNDIAI, RIO DE JANEIRO, SAO JOSE DOS CAMPOS, SAO PAULO, SOROCABA, TAUBATE

JMEK230200
JULIANA PAES
F
17/03/1993
(93) 81555-6733
CORSA
MEK-9792
23/02/19
00:15
212.78
2
COTIA, JUNDIAI, LORENA, OSASCO, RIO DE JANEIRO, SAO JOSE DOS CAMPOS, SAO PAULO, SAO ROQUE, SOROCABA

MGBZ080322
MATHEUS LIMA
F
12/11/1991
(60) 32900-3234
CELTA
GBZ-2557
08/03/19
22:49
022.53
2
COTIA, JUNDIAI, LORENA, OSASCO, SAO PAULO, SAO ROQUE, SOROCABA

JQFY270308
JULIA ANDRADE
F
09/09/1991
(90) 97323-5507
GOL
QFY-7082
27/03/19
08:08
222.08
4
COTIA, OSASCO, RIO DE JANEIRO, SAO PAULO, SAO ROQUE, SOROCABA

MOHJ230417
MATHEUS LIMA
F
08/12/1995
(59) 25415-5689
FIT
OHJ-8400
23/04/19
17:39
225.93
1
COTIA, LORENA, OSASCO, SAO JOSE DOS CAMPOS, SAO PAULO, SOROCABA

AHBB250708
ALEXANDRE O CHEGA NE
M
17/05/1995
(98) 93894-2614
COROLLA
HBB-5768
25/07/19
08:37
202.28
3
COTIA, SAO JOSE DOS CAMPOS

LDGM030917
LETICIA FERREIRA DOS SANTOS
M
27/06/1993
(62) 90198-9783
FUSCA
DGM-2898
03/09/19
17:53
147.99
3
COTIA, JUNDIAI

GTJY201119
GABRIEL THE ANGEL
M
02/07/1998
(94) 03290-5224
CORSA
TJY-3348
20/11/19
19:40
203.24
3
COTIA, JUNDIAI, LORENA, OSASCO, SAO JOSE DOS CAMPOS, SAO PAULO, TAUBATE

TRLJ171205
TATIANA MONTEIRO
F
11/07/1998
(40) 29199-6198
CIVIC
RLJ-8286
17/12/19
05:15
163.57
3
COTIA, LORENA, RIO DE JANEIRO, SAO JOSE DOS CAMPOS, SAO PAULO, SAO ROQUE, SOROCABA

SKWQ181217
SABRINA SATO
F
26/07/1992
(35) 98419-0286
GOL
KWQ-1183
18/12/19
17:05
059.20
3
COTIA, JUNDIAI, OSASCO, SAO JOSE DOS CAMPOS, SAO PAULO, SAO ROQUE, SOROCABA, TAUBATE

LVEO040122
LETICIA FERREIRA DOS SANTOS
M
03/07/1991
(16) 91094-6384
FOX
VEO-4607
04/01/19
22:15
159.20
4
COTIA, JUNDIAI, LORENA, OSASCO, RIO DE JANEIRO, SAO JOSE DOS CAMPOS, SAO PAULO, SAO ROQUE, SOROCABA, TAUBATE

AKWU110113
ALEXANDRE O GRANDE
F
26/07/1997
(86) 82798-0289
ONIX
KWU-6640
11/01/19
13:05
175.98
3
COTIA, JUNDIAI, LORENA, OSASCO, SAO JOSE DOS CAMPOS

AIKV170112
ALEXANDRE O PEQUENO
M
25/10/1996
(03) 43174-1927
FOX
IKV-5050
17/01/19
12:18
163.85
1
COTIA, JUNDIAI, RIO DE JANEIRO, SAO JOSE DOS CAMPOS, SAO PAULO, SOROCABA, TAUBATE

ANKG100220
ALEXANDRE O PEQUENO
M
20/06/1995
(63) 03640-5389
ONIX
NKG-6732
10/02/19
20:45
125.79
4
JUNDIAI, LORENA, OSASCO, RIO DE JANEIRO, SAO JOSE DOS CAMPOS, SAO PAULO

JMEK230200
JULIANA PAES
F
17/03/1993
(93) 81555-6733
CORSA
MEK-9792
23/02/19
00:15
212.78
2
COTIA, JUNDIAI, LORENA, OSASCO, RIO DE JANEIRO, SAO JOSE DOS CAMPOS, SAO PAULO, SAO ROQUE, SOROCABA

MGBZ080322
MATHEUS LIMA
F
12/11/1991
(60) 32900-3234
CELTA
GBZ-2557
08/03/19
22:49
022.53
2
COTIA, JUNDIAI, LORENA, OSASCO, SAO PAULO, SAO ROQUE, SOROCABA

FMHD260316
FATIMA BERNARDES
M
12/03/1995
(87) 91455-6651
FIT
MHD-8319
26/03/19
16:43
024.55
2
JUNDIAI, RIO DE JANEIRO, SAO JOSE DOS CAMPOS, SAO ROQUE

LDGM030917
LETICIA FERREIRA DOS SANTOS
M
27/06/1993
(62) 90198-9783
FUSCA
DGM-2898
03/09/19
17:53
147.99
3
COTIA, JUNDIAI

EQSX191001
EDUARDO COSTA
F
09/04/1991
(05) 74520-7019
UNO
QSX-9375
19/10/19
01:49
129.39
1
JUNDIAI, RIO DE JANEIRO

GTJY201119
GABRIEL THE ANGEL
M
02/07/1998
(94) 03290-5224
CORSA
TJY-3348
20/11/19
19:40
203.24
3
COTIA, JUNDIAI, LORENA, OSASCO, SAO JOSE DOS CAMPOS, SAO PAULO, TAUBATE

SKWQ181217
SABRINA SATO
F
26/07/1992
(35) 98419-0286
GOL
KWQ-1183
18/12/19
17:05
059.20
3
COTIA, JUNDIAI, OSASCO, SAO JOSE DOS CAMPOS, SAO PAULO, SAO ROQUE, SOROCABA, TAUBATE

LVEO040122
LETICIA FERREIRA DOS SANTOS
M
03/07/1991
(16) 91094-6384
FOX
VEO-4607
04/01/19
22:15
159.20
4
COTIA, JUNDIAI, LORENA, OSASCO, RIO DE JANEIRO, SAO JOSE DOS CAMPOS, SAO PAULO, SAO ROQUE, SOROCABA, TAUBATE

AKWU110113
ALEXANDRE O GRANDE
F
26/07/1997
(86) 82798-0289
ONIX
KWU-6640
11/01/19
13:05
175.98
3
COTIA, JUNDIAI, LORENA, OSASCO, SAO JOSE DOS CAMPOS

ANKG100220
ALEXANDRE O PEQUENO
M
20/06/1995
(63) 03640-5389
ONIX
NKG-6732
10/02/19
20:45
125.79
4
JUNDIAI, LORENA, OSASCO, RIO DE JANEIRO, SAO JOSE DOS CAMPOS, SAO PAULO

JMEK230200
JULIANA PAES
F
17/03/1993
(93) 81555-6733
CORSA
MEK-9792
23/02/19
00:15
212.78
2
COTIA, JUNDIAI, LORENA, OSASCO, RIO DE JANEIRO, SAO JOSE DOS CAMPOS, SAO PAULO, SAO ROQUE, SOROCABA

MGBZ080322
MATHEUS LIMA
F
12/11/1991
(60) 32900-3234
CELTA
GBZ-2557
08/03/19
22:49
022.53
2
COTIA, JUNDIAI, LORENA, OSASCO, SAO PAULO, SAO ROQUE, SOROCABA

MOHJ230417
MATHEUS LIMA
F
08/12/1995
(59) 25415-5689
FIT
OHJ-8400
23/04/19
17:39
225.93
1
COTIA, LORENA, OSASCO, SAO JOSE DOS CAMPOS, SAO PAULO, SOROCABA

BIJD150701
BRUNA MARQUEZINE
F
08/07/1999
(70) 68381-5316
COROLLA
IJD-7181
15/07/19
01:48
081.21
4
LORENA, SAO PAULO, SAO ROQUE

GTJY201119
GABRIEL THE ANGEL
M
02/07/1998
(94) 03290-5224
CORSA
TJY-3348
20/11/19
19:40
203.24
3
COTIA, JUNDIAI, LORENA, OSASCO, SAO JOSE DOS CAMPOS, SAO PAULO, TAUBATE

TRLJ171205
TATIANA MONTEIRO
F
11/07/1998
(40) 29199-6198
CIVIC
RLJ-8286
17/12/19
05:15
163.57
3
COTIA, LORENA, RIO DE JANEIRO, SAO JOSE DOS CAMPOS, SAO PAULO, SAO ROQUE, SOROCABA

LVEO040122
LETICIA FERREIRA DOS SANTOS
M
03/07/1991
(16) 91094-6384
FOX
VEO-4607
04/01/19
22:15
159.20
4
COTIA, JUNDIAI, LORENA, OSASCO, RIO DE JANEIRO, SAO JOSE DOS CAMPOS, SAO PAULO, SAO ROQUE, SOROCABA, TAUBATE

AKWU110113
ALEXANDRE O GRANDE
F
26/07/1997
(86) 82798-0289
ONIX
KWU-6640
11/01/19
13:05
175.98
3
COTIA, JUNDIAI, LORENA, OSASCO, SAO JOSE DOS CAMPOS

ANKG100220
ALEXANDRE O PEQUENO
M
20/06/1995
(63) 03640-5389
ONIX
NKG-6732
10/02/19
20:45
125.79
4
JUNDIAI, LORENA, OSASCO, RIO DE JANEIRO, SAO JOSE DOS CAMPOS, SAO PAULO

JMEK230200
JULIANA PAES
F
17/03/1993
(93) 81555-6733
CORSA
MEK-9792
23/02/19
00:15
212.78
2
COTIA, JUNDIAI, LORENA, OSASCO, RIO DE JANEIRO, SAO JOSE DOS CAMPOS, SAO PAULO, SAO ROQUE, SOROCABA

MGBZ080322
MATHEUS LIMA
F
12/11/1991
(60) 32900-3234
CELTA
GBZ-2557
08/03/19
22:49
022.53
2
COTIA, JUNDIAI, LORENA, OSASCO, SAO PAULO, SAO ROQUE, SOROCABA

JQFY270308
JULIA ANDRADE
F
09/09/1991
(90) 97323-5507
GOL
QFY-7082
27/03/19
08:08
222.08
4
COTIA, OSASCO, RIO DE JANEIRO, SAO PAULO, SAO ROQUE, SOROCABA

MOHJ230417
MATHEUS LIMA
F
08/12/1995
(59) 25415-5689
FIT
OHJ-8400
23/04/19
17:39
225.93
1
COTIA, LORENA, OSASCO, SAO JOSE DOS CAMPOS, SAO PAULO, SOROCABA

GTJY201119
GABRIEL THE ANGEL
M
02/07/1998
(94) 03290-5224
CORSA
TJY-3348
20/11/19
19:40
203.24
3
COTIA, JUNDIAI, LORENA, OSASCO, SAO JOSE DOS CAMPOS, SAO PAULO, TAUBATE

SKWQ181217
SABRINA SATO
F
26/07/1992
(35) 98419-0286
GOL
KWQ-1183
18/12/19
17:05
059.20
3
COTIA, JUNDIAI, OSASCO, SAO JOSE DOS CAMPOS, SAO PAULO, SAO ROQUE, SOROCABA, TAUBATE

LVEO040122
LETICIA FERREIRA DOS SANTOS
M
03/07/1991
(16) 91094-6384
FOX
VEO-4607
04/01/19
22:15
159.20
4
COTIA, JUNDIAI, LORENA, OSASCO, RIO DE JANEIRO, SAO JOSE DOS CAMPOS, SAO PAULO, SAO ROQUE, SOROCABA, TAUBATE

AIKV170112
ALEXANDRE O PEQUENO
M
25/10/1996
(03) 43174-1927
FOX
IKV-5050
17/01/19
12:18
163.85
1
COTIA, JUNDIAI, RIO DE JANEIRO, SAO JOSE DOS CAMPOS, SAO PAULO, SOROCABA, TAUBATE

ANKG100220
ALEXANDRE O PEQUENO
M
20/06/1995
(63) 03640-5389
ONIX
NKG-6732
10/02/19
20:45
125.79
4
JUNDIAI, LORENA, OSASCO, RIO DE JANEIRO, SAO JOSE DOS CAMPOS, SAO PAULO

JMEK230200
JULIANA PAES
F
17/03/1993
(93) 81555-6733
CORSA
MEK-9792
23/02/19
00:15
212.78
2
COTIA, JUNDIAI, LORENA, OSASCO, RIO DE JANEIRO, SAO JOSE DOS CAMPOS, SAO PAULO, SAO ROQUE, SOROCABA

FMHD260316
FATIMA BERNARDES
M
12/03/1995
(87) 91455-6651
FIT
MHD-8319
26/03/19
16:43
024.55
2
JUNDIAI, RIO DE JANEIRO, SAO JOSE DOS CAMPOS, SAO ROQUE

JQFY270308
JULIA ANDRADE
F
09/09/1991
(90) 97323-5507
GOL
QFY-7082
27/03/19
08:08
222.08
4
COTIA, OSASCO, RIO DE JANEIRO, SAO PAULO, SAO ROQUE, SOROCABA

EQSX191001
EDUARDO COSTA
F
09/04/1991
(05) 74520-7019
UNO
QSX-9375
19/10/19
01:49
129.39
1
JUNDIAI, RIO DE JANEIRO

TRLJ171205
TATIANA MONTEIRO
F
11/07/1998
(40) 29199-6198
CIVIC
RLJ-8286
17/12/19
05:15
163.57
3
COTIA, LORENA, RIO DE JANEIRO, SAO JOSE DOS CAMPOS, SAO PAULO, SAO ROQUE, SOROCABA

LVEO040122
LETICIA FERREIRA DOS SANTOS
M
03/07/1991
(16) 91094-6384
FOX
VEO-4607
04/01/19
22:15
159.20
4
COTIA, JUNDIAI, LORENA, OSASCO, RIO DE JANEIRO, SAO JOSE DOS CAMPOS, SAO PAULO, SAO ROQUE, SOROCABA, TAUBATE

AKWU110113
ALEXANDRE O GRANDE
F
26/07/1997
(86) 82798-0289
ONIX
KWU-6640
11/01/19
13:05
175.98
3
COTIA, JUNDIAI, LORENA, OSASCO, SAO JOSE DOS CAMPOS

AIKV170112
ALEXANDRE O PEQUENO
M
25/10/1996
(03) 43174-1927
FOX
IKV-5050
17/01/19
12:18
163.85
1
COTIA, JUNDIAI, RIO DE JANEIRO, SAO JOSE DOS CAMPOS, SAO PAULO, SOROCABA, TAUBATE

ANKG100220
ALEXANDRE O PEQUENO
M
20/06/1995
(63) 03640-5389
ONIX
NKG-6732
10/02/19
20:45
125.79
4
JUNDIAI, LORENA, OSASCO, RIO DE JANEIRO, SAO JOSE DOS CAMPOS, SAO PAULO

JMEK230200
JULIANA PAES
F
17/03/1993
(93) 81555-6733
CORSA
MEK-9792
23/02/19
00:15
212.78
2
COTIA, JUNDIAI, LORENA, OSASCO, RIO DE JANEIRO, SAO JOSE DOS CAMPOS, SAO PAULO, SAO ROQUE, SOROCABA

FMHD260316
FATIMA BERNARDES
M
12/03/1995
(87) 91455-6651
FIT
MHD-8319
26/03/19
16:43
024.55
2
JUNDIAI, RIO DE JANEIRO, SAO JOSE DOS CAMPOS, SAO ROQUE

MOHJ230417
MATHEUS LIMA
F
08/12/1995
(59) 25415-5689
FIT
OHJ-8400
23/04/19
17:39
225.93
1
COTIA, LORENA, OSASCO, SAO JOSE DOS CAMPOS, SAO PAULO, SOROCABA

TWIR240710
TATIANA MONTEIRO
F
07/11/1995
(43) 98742-6290
CIVIC
WIR-6237
24/07/19
10:16
096.90
4
SAO JOSE DOS CAMPOS, SAO PAULO, SAO ROQUE

AHBB250708
ALEXANDRE O CHEGA NE
M
17/05/1995
(98) 93894-2614
COROLLA
HBB-5768
25/07/19
08:37
202.28
3
COTIA, SAO JOSE DOS CAMPOS

GTJY201119
GABRIEL THE ANGEL
M
02/07/1998
(94) 03290-5224
CORSA
TJY-3348
20/11/19
19:40
203.24
3
COTIA, JUNDIAI, LORENA, OSASCO, SAO JOSE DOS CAMPOS, SAO PAULO, TAUBATE

TRLJ171205
TATIANA MONTEIRO
F
11/07/1998
(40) 29199-6198
CIVIC
RLJ-8286
17/12/19
05:15
163.57
3
COTIA, LORENA, RIO DE JANEIRO, SAO JOSE DOS CAMPOS, SAO PAULO, SAO ROQUE, SOROCABA

SKWQ181217
SABRINA SATO
F
26/07/1992
(35) 98419-0286
GOL
KWQ-1183
18/12/19
17:05
059.20
3
COTIA, JUNDIAI, OSASCO, SAO JOSE DOS CAMPOS, SAO PAULO, SAO ROQUE, SOROCABA, TAUBATE

LVEO040122
LETICIA FERREIRA DOS SANTOS
M
03/07/1991
(16) 91094-6384
FOX
VEO-4607
04/01/19
22:15
159.20
4
COTIA, JUNDIAI, LORENA, OSASCO, RIO DE JANEIRO, SAO JOSE DOS CAMPOS, SAO PAULO, SAO ROQUE, SOROCABA, TAUBATE

AIKV170112
ALEXANDRE O PEQUENO
M
25/10/1996
(03) 43174-1927
FOX
IKV-5050
17/01/19
12:18
163.85
1
COTIA, JUNDIAI, RIO DE JANEIRO, SAO JOSE DOS CAMPOS, SAO PAULO, SOROCABA, TAUBATE

ANKG100220
ALEXANDRE O PEQUENO
M
20/06/1995
(63) 03640-5389
ONIX
NKG-6732
10/02/19
20:45
125.79
4
JUNDIAI, LORENA, OSASCO, RIO DE JANEIRO, SAO JOSE DOS CAMPOS, SAO PAULO

JMEK230200
JULIANA PAES
F
17/03/1993
(93) 81555-6733
CORSA
MEK-9792
23/02/19
00:15
212.78
2
COTIA, JUNDIAI, LORENA, OSASCO, RIO DE JANEIRO, SAO JOSE DOS CAMPOS, SAO PAULO, SAO ROQUE, SOROCABA

MGBZ080322
MATHEUS LIMA
F
12/11/1991
(60) 32900-3234
CELTA
GBZ-2557
08/03/19
22:49
022.53
2
COTIA, JUNDIAI, LORENA, OSASCO, SAO PAULO, SAO ROQUE, SOROCABA

JQFY270308
JULIA ANDRADE
F
09/09/1991
(90) 97323-5507
GOL
QFY-7082
27/03/19
08:08
222.08
4
COTIA, OSASCO, RIO DE JANEIRO, SAO PAULO, SAO ROQUE, SOROCABA

MOHJ230417
MATHEUS LIMA
F
08/12/1995
(59) 25415-5689
FIT
OHJ-8400
23/04/19
17:39
225.93
1
COTIA, LORENA, OSASCO, SAO JOSE DOS CAMPOS, SAO PAULO, SOROCABA

BIJD150701
BRUNA MARQUEZINE
F
08/07/1999
(70) 68381-5316
COROLLA
IJD-7181
15/07/19
01:48
081.21
4
LORENA, SAO PAULO, SAO ROQUE

TWIR240710
TATIANA MONTEIRO
F
07/11/1995
(43) 98742-6290
CIVIC
WIR-6237
24/07/19
10:16
096.90
4
SAO JOSE DOS CAMPOS, SAO PAULO, SAO ROQUE

GTJY201119
GABRIEL THE ANGEL
M
02/07/1998
(94) 03290-5224
CORSA
TJY-3348
20/11/19
19:40
203.24
3
COTIA, JUNDIAI, LORENA, OSASCO, SAO JOSE DOS CAMPOS, SAO PAULO, TAUBATE

TRLJ171205
TATIANA MONTEIRO
F
11/07/1998
(40) 29199-6198
CIVIC
RLJ-8286
17/12/19
05:15
163.57
3
COTIA, LORENA, RIO DE JANEIRO, SAO JOSE DOS CAMPOS, SAO PAULO, SAO ROQUE, SOROCABA

SKWQ181217
SABRINA SATO
F
26/07/1992
(35) 98419-0286
GOL
KWQ-1183
18/12/19
17:05
059.20
3
COTIA, JUNDIAI, OSASCO, SAO JOSE DOS CAMPOS, SAO PAULO, SAO ROQUE, SOROCABA, TAUBATE

LVEO040122
LETICIA FERREIRA DOS SANTOS
M
03/07/1991
(16) 91094-6384
FOX
VEO-4607
04/01/19
22:15
159.20
4
COTIA, JUNDIAI, LORENA, OSASCO, RIO DE JANEIRO, SAO JOSE DOS CAMPOS, SAO PAULO, SAO ROQUE, SOROCABA, TAUBATE

JMEK230200
JULIANA PAES
F
17/03/1993
(93) 81555-6733
CORSA
MEK-9792
23/02/19
00:15
212.78
2
COTIA, JUNDIAI, LORENA, OSASCO, RIO DE JANEIRO, SAO JOSE DOS CAMPOS, SAO PAULO, SAO ROQUE, SOROCABA

MGBZ080322
MATHEUS LIMA
F
12/11/1991
(60) 32900-3234
CELTA
GBZ-2557
08/03/19
22:49
022.53
2
COTIA, JUNDIAI, LORENA, OSASCO, SAO PAULO, SAO ROQUE, SOROCABA

FMHD260316
FATIMA BERNARDES
M
12/03/1995
(87) 91455-6651
FIT
MHD-8319
26/03/19
16:43
024.55
2
JUNDIAI, RIO DE JANEIRO, SAO JOSE DOS CAMPOS, SAO ROQUE

JQFY270308
JULIA ANDRADE
F
09/09/1991
(90) 97323-5507
GOL
QFY-7082
27/03/19
08:08
222.08
4
COTIA, OSASCO, RIO DE JANEIRO, SAO PAULO, SAO ROQUE, SOROCABA

BIJD150701
BRUNA MARQUEZINE
F
08/07/1999
(70) 68381-5316
COROLLA
IJD-7181
15/07/19
01:48
081.21
4
LORENA, SAO PAULO, SAO ROQUE

TWIR240710
TATIANA MONTEIRO
F
07/11/1995
(43) 98742-6290
CIVIC
WIR-6237
24/07/19
10:16
096.90
4
SAO JOSE DOS CAMPOS, SAO PAULO, SAO ROQUE

TRLJ171205
TATIANA MONTEIRO
F
11/07/1998
(40) 29199-6198
CIVIC
RLJ-8286
17/12/19
05:15
163.57
3
COTIA, LORENA, RIO DE JANEIRO, SAO JOSE DOS CAMPOS, SAO PAULO, SAO ROQUE, SOROCABA

SKWQ181217
SABRINA SATO
F
26/07/1992
(35) 98419-0286
GOL
KWQ-1183
18/12/19
17:05
059.20
3
COTIA, JUNDIAI, OSASCO, SAO JOSE DOS CAMPOS, SAO PAULO, SAO ROQUE, SOROCABA, TAUBATE

LVEO040122
LETICIA FERREIRA DOS SANTOS
M
03/07/1991
(16) 91094-6384
FOX
VEO-4607
04/01/19
22:15
159.20
4
COTIA, JUNDIAI, LORENA, OSASCO, RIO DE JANEIRO, SAO JOSE DOS CAMPOS, SAO PAULO, SAO ROQUE, SOROCABA, TAUBATE

AIKV170112
ALEXANDRE O PEQUENO
M
25/10/1996
(03) 43174-1927
FOX
IKV-5050
17/01/19
12:18
163.85
1
COTIA, JUNDIAI, RIO DE JANEIRO, SAO JOSE DOS CAMPOS, SAO PAULO, SOROCABA, TAUBATE

JMEK230200
JULIANA PAES
F
17/03/1993
(93) 81555-6733
CORSA
MEK-9792
23/02/19
00:15
212.78
2
COTIA, JUNDIAI, LORENA, OSASCO, RIO DE JANEIRO, SAO JOSE DOS CAMPOS, SAO PAULO, SAO ROQUE, SOROCABA

MGBZ080322
MATHEUS LIMA
F
12/11/1991
(60) 32900-3234
CELTA
GBZ-2557
08/03/19
22:49
022.53
2
COTIA, JUNDIAI, LORENA, OSASCO, SAO PAULO, SAO ROQUE, SOROCABA

JQFY270308
JULIA ANDRADE
F
09/09/1991
(90) 97323-5507
GOL
QFY-7082
27/03/19
08:08
222.08
4
COTIA, OSASCO, RIO DE JANEIRO, SAO PAULO, SAO ROQUE, SOROCABA

MOHJ230417
MATHEUS LIMA
F
08/12/1995
(59) 25415-5689
FIT
OHJ-8400
23/04/19
17:39
225.93
1
COTIA, LORENA, OSASCO, SAO JOSE DOS CAMPOS, SAO PAULO, SOROCABA

TRLJ171205
TATIANA MONTEIRO
F
11/07/1998
(40) 29199-6198
CIVIC
RLJ-8286
17/12/19
05:15
163.57
3
COTIA, LORENA, RIO DE JANEIRO, SAO JOSE DOS CAMPOS, SAO PAULO, SAO ROQUE, SOROCABA

SKWQ181217
SABRINA SATO
F
26/07/1992
(35) 98419-0286
GOL
KWQ-1183
18/12/19
17:05
059.20
3
COTIA, JUNDIAI, OSASCO, SAO JOSE DOS CAMPOS, SAO PAULO, SAO ROQUE, SOROCABA, TAUBATE

LVEO040122
LETICIA FERREIRA DOS SANTOS
M
03/07/1991
(16) 91094-6384
FOX
VEO-4607
04/01/19
22:15
159.20
4
COTIA, JUNDIAI, LORENA, OSASCO, RIO DE JANEIRO, SAO JOSE DOS CAMPOS, SAO PAULO, SAO ROQUE, SOROCABA, TAUBATE

AIKV170112
ALEXANDRE O PEQUENO
M
25/10/1996
(03) 43174-1927
FOX
IKV-5050
17/01/19
12:18
163.85
1
COTIA, JUNDIAI, RIO DE JANEIRO, SAO JOSE DOS CAMPOS, SAO PAULO, SOROCABA, TAUBATE

GTJY201119
GABRIEL THE ANGEL
M
02/07/1998
(94) 03290-5224
CORSA
TJY-3348
20/11/19
19:40
203.24
3
COTIA, JUNDIAI, LORENA, OSASCO, SAO JOSE DOS CAMPOS, SAO PAULO, TAUBATE

SKWQ181217
SABRINA SATO
F
26/07/1992
(35) 98419-0286
GOL
KWQ-1183
18/12/19
17:05
059.20
3
COTIA, JUNDIAI, OSASCO, SAO JOSE DOS CAMPOS, SAO PAULO, SAO ROQUE, SOROCABA, TAUBATE
**********************ALTERAR*********************
OPERACAO REALIZADA COM SUCESSO!
**********************ALTERAR*********************
Registro(s) nao encontrado!
FALHA AO REALIZAR OPERACAO!
**********************ALTERAR*********************
OPERACAO REALIZADA COM SUCESSO!
**********************ALTERAR*********************
OPERACAO REALIZADA COM SUCESSO!
**********************ALTERAR*********************
Registro(s) nao encontrado!
FALHA AO REALIZAR OPERACAO!
**********************BUSCAR**********************
JQFY270308
JULIA ANDRADE
F
09/09/1991
(90) 97323-5507
GOL
QFY-7082
27/03/19
08:08
222.08
1
COTIA, OSASCO, RIO DE JANEIRO, SAO PAULO, SAO ROQUE, SOROCABA
**********************EXCLUIR*********************
Registro(s) nao encontrado!
FALHA AO REALIZAR OPERACAO!
**********************BUSCAR**********************
AHBB250708
ALEXANDRE O CHEGA NE
M
17/05/1995
(98) 93894-2614
COROLLA
HBB-5768
25/07/19
08:37
202.28
3
COTIA, SAO JOSE DOS CAMPOS

AIKV170112
ALEXANDRE O PEQUENO
M
25/10/1996
(03) 43174-1927
FOX
IKV-5050
17/01/19
12:18
163.85
1
COTIA, JUNDIAI, RIO DE JANEIRO, SAO JOSE DOS CAMPOS, SAO PAULO, SOROCABA, TAUBATE

AKWU110113
ALEXANDRE O GRANDE
F
26/07/1997
(86) 82798-0289
ONIX
KWU-6640
11/01/19
13:05
175.98
3
COTIA, JUNDIAI, LORENA, OSASCO, SAO JOSE DOS CAMPOS

GTJY201119
GABRIEL THE ANGEL
M
02/07/1998
(94) 03290-5224
CORSA
TJY-3348
20/11/19
19:40
203.24
3
COTIA, JUNDIAI, LORENA, OSASCO, SAO JOSE DOS CAMPOS, SAO PAULO, TAUBATE

JMEK230200
JULIANA PAES
F
17/03/1993
(93) 81555-6733
CORSA
MEK-9792
23/02/19
00:15
212.78
2
COTIA, JUNDIAI, LORENA, OSASCO, RIO DE JANEIRO, SAO JOSE DOS CAMPOS, SAO PAULO, SAO ROQUE, SOROCABA

JQFY270308
JULIA ANDRADE
F
09/09/1991
(90) 97323-5507
GOL
QFY-7082
27/03/19
08:08
222.08
1
COTIA, OSASCO, RIO DE JANEIRO, SAO PAULO, SAO ROQUE, SOROCABA

LDGM030917
LETICIA FERREIRA DOS SANTOS
M
27/06/1993
(62) 90198-9783
FUSCA
DGM-2898
03/09/19
17:53
147.99
3
COTIA, JUNDIAI

LVEO040122
LETICIA FERREIRA DOS SANTOS
M
03/07/1991
(16) 91094-6384
FOX
VEO-4607
04/01/19
22:15
159.20
4
COTIA, JUNDIAI, LORENA, OSASCO, RIO DE JANEIRO, SAO JOSE DOS CAMPOS, SAO PAULO, SAO ROQUE, SOROCABA, TAUBATE

MGBZ080322
MATHEUS LIMA
F
12/11/1991
(60) 32900-3234
CELTA
GBZ-2557
08/03/19
22:49
022.53
3
COTIA, JUNDIAI, LORENA, OSASCO, SAO PAULO, SAO ROQUE, SOROCABA

MOHJ230417
MATHEUS LIMA
F
08/12/1995
(59) 25415-5689
FIT
OHJ-8400
23/04/19
17:39
225.93
1
COTIA, LORENA, OSASCO, SAO JOSE DOS CAMPOS, SAO PAULO, SOROCABA

SKWQ181217
SABRINA SATO
F
26/07/1992
(35) 98419-0286
GOL
KWQ-1183
18/12/19
17:05
059.20
3
COTIA, JUNDIAI, OSASCO, SAO JOSE DOS CAMPOS, SAO PAULO, SAO ROQUE, SOROCABA, TAUBATE

TRLJ171205
TATIANA MONTEIRO
F
11/07/1998
(40) 29199-6198
CIVIC
RLJ-8286
17/12/19
05:15
163.57
3
COTIA, LORENA, RIO DE JANEIRO, SAO JOSE DOS CAMPOS, SAO PAULO, SAO ROQUE, SOROCABA
**********************LISTAR**********************
AHBB250708
ALEXANDRE O CHEGA NE
M
17/05/1995
(98) 93894-2614
COROLLA
HBB-5768
25/07/19
08:37
202.28
3
COTIA, SAO JOSE DOS CAMPOS

AIKV170112
ALEXANDRE O PEQUENO
M
25/10/1996
(03) 43174-1927
FOX
IKV-5050
17/01/19
12:18
163.85
1
COTIA, JUNDIAI, RIO DE JANEIRO, SAO JOSE DOS CAMPOS, SAO PAULO, SOROCABA, TAUBATE

AKWU110113
ALEXANDRE O GRANDE
F
26/07/1997
(86) 82798-0289
ONIX
KWU-6640
11/01/19
13:05
175.98
3
COTIA, JUNDIAI, LORENA, OSASCO, SAO JOSE DOS CAMPOS

GTJY201119
GABRIEL THE ANGEL
M
02/07/1998
(94) 03290-5224
CORSA
TJY-3348
20/11/19
19:40
203.24
3
COTIA, JUNDIAI, LORENA, OSASCO, SAO JOSE DOS CAMPOS, SAO PAULO, TAUBATE

JMEK230200
JULIANA PAES
F
17/03/1993
(93) 81555-6733
CORSA
MEK-9792
23/02/19
00:15
212.78
2
COTIA, JUNDIAI, LORENA, OSASCO, RIO DE JANEIRO, SAO JOSE DOS CAMPOS, SAO PAULO, SAO ROQUE, SOROCABA

JQFY270308
JULIA ANDRADE
F
09/09/1991
(90) 97323-5507
GOL
QFY-7082
27/03/19
08:08
222.08
1
COTIA, OSASCO, RIO DE JANEIRO, SAO PAULO, SAO ROQUE, SOROCABA

LDGM030917
LETICIA FERREIRA DOS SANTOS
M
27/06/1993
(62) 90198-9783
FUSCA
DGM-2898
03/09/19
17:53
147.99
3
COTIA, JUNDIAI

LVEO040122
LETICIA FERREIRA DOS SANTOS
M
03/07/1991
(16) 91094-6384
FOX
VEO-4607
04/01/19
22:15
159.20
4
COTIA, JUNDIAI, LORENA, OSASCO, RIO DE JANEIRO, SAO JOSE DOS CAMPOS, SAO PAULO, SAO ROQUE, SOROCABA, TAUBATE

MGBZ080322
MATHEUS LIMA
F
12/11/1991
(60) 32900-3234
CELTA
GBZ-2557
08/03/19
22:49
022.53
3
COTIA, JUNDIAI, LORENA, OSASCO, SAO PAULO, SAO ROQUE, SOROCABA

MOHJ230417
MATHEUS LIMA
F
08/12/1995
(59) 25415-5689
FIT
OHJ-8400
23/04/19
17:39
225.93
1
COTIA, LORENA, OSASCO, SAO JOSE DOS CAMPOS, SAO PAULO, SOROCABA

SKWQ181217
SABRINA SATO
F
26/07/1992
(35) 98419-0286
GOL
KWQ-1183
18/12/19
17:05
059.20
3
COTIA, JUNDIAI, OSASCO, SAO JOSE DOS CAMPOS, SAO PAULO, SAO ROQUE, SOROCABA, TAUBATE

TRLJ171205
TATIANA MONTEIRO
F
11/07/1998
(40) 29199-6198
CIVIC
RLJ-8286
17/12/19
05:15
163.57
3
COTIA, LORENA, RIO DE JANEIRO, SAO JOSE DOS CAMPOS, SAO PAULO, SAO ROQUE, SOROCABA

AIKV170112
ALEXANDRE O PEQUENO
M
25/10/1996
(03) 43174-1927
FOX
IKV-5050
17/01/19
12:18
163.85
1
COTIA, JUNDIAI, RIO DE JANEIRO, SAO JOSE DOS CAMPOS, SAO PAULO, SOROCABA, TAUBATE

AKWU110113
ALEXANDRE O GRANDE
F
26/07/1997
(86) 82798-0289
ONIX
KWU-6640
11/01/19
13:05
175.98
3
COTIA, JUNDIAI, LORENA, OSASCO, SAO JOSE DOS CAMPOS

ANKG100220
ALEXANDRE O PEQUENO
M
20/06/1995
(63) 03640-5389
ONIX
NKG-6732
10/02/19
20:45
125.79
3
JUNDIAI, LORENA, OSASCO, RIO DE JANEIRO, SAO JOSE DOS CAMPOS, SAO PAULO

EQSX191001
EDUARDO COSTA
F
09/04/1991
(05) 74520-7019
UNO
QSX-9375
19/10/19
01:49
129.39
1
JUNDIAI, RIO DE JANEIRO

FMHD260316
FATIMA BERNARDES
M
12/03/1995
(87) 91455-6651
FIT
MHD-8319
26/03/19
16:43
024.55
2
JUNDIAI, RIO DE JANEIRO, SAO JOSE DOS CAMPOS, SAO ROQUE

GTJY201119
GABRIEL THE ANGEL
M
02/07/1998
(94) 03290-5224
CORSA
TJY-3348
20/11/19
19:40
203.24
3
COTIA, JUNDIAI, LORENA, OSASCO, SAO JOSE DOS CAMPOS, SAO PAULO, TAUBATE

JMEK230200
JULIANA PAES
F
17/03/1993
(93) 81555-6733
CORSA
MEK-9792
23/02/19
00:15
212.78
2
COTIA, JUNDIAI, LORENA, OSASCO, RIO DE JANEIRO, SAO JOSE DOS CAMPOS, SAO PAULO, SAO ROQUE, SOROCABA

LDGM030917
LETICIA FERREIRA DOS SANTOS
M
27/06/1993
(62) 90198-9783
FUSCA
DGM-2898
03/09/19
17:53
147.99
3
COTIA, JUNDIAI

LVEO040122
LETICIA FERREIRA DOS SANTOS
M
03/07/1991
(16) 91094-6384
FOX
VEO-4607
04/01/19
22:15
159.20
4
COTIA, JUNDIAI, LORENA, OSASCO, RIO DE JANEIRO, SAO JOSE DOS CAMPOS, SAO PAULO, SAO ROQUE, SOROCABA, TAUBATE

MGBZ080322
MATHEUS LIMA
F
12/11/1991
(60) 32900-3234
CELTA
GBZ-2557
08/03/19
22:49
022.53
3
COTIA, JUNDIAI, LORENA, OSASCO, SAO PAULO, SAO ROQUE, SOROCABA

SKWQ181217
SABRINA SATO
F
26/07/1992
(35) 98419-0286
GOL
KWQ-1183
18/12/19
17:05
059.20
3
COTIA, JUNDIAI, OSASCO, SAO JOSE DOS CAMPOS, SAO PAULO, SAO ROQUE, SOROCABA, TAUBATE

AKWU110113
ALEXANDRE O GRANDE
F
26/07/1997
(86) 82798-0289
ONIX
KWU-6640
11/01/19
13:05
175.98
3
COTIA, JUNDIAI, LORENA, OSASCO, SAO JOSE DOS CAMPOS

ANKG100220
ALEXANDRE O PEQUENO
M
20/06/1995
(63) 03640-5389
ONIX
NKG-6732
10/02/19
20:45
125.79
3
JUNDIAI, LORENA, OSASCO, RIO DE JANEIRO, SAO JOSE DOS CAMPOS, SAO PAULO

BIJD150701
BRUNA MARQUEZINE
F
08/07/1999
(70) 68381-5316
COROLLA
IJD-7181
15/07/19
01:48
081.21
4
LORENA, SAO PAULO, SAO ROQUE

GTJY201119
GABRIEL THE ANGEL
M
02/07/1998
(94) 03290-5224
CORSA
TJY-3348
20/11/19
19:40
203.24
3
COTIA, JUNDIAI, LORENA, OSASCO, SAO JOSE DOS CAMPOS, SAO PAULO, TAUBATE

JMEK230200
JULIANA PAES
F
17/03/1993
(93) 81555-6733
CORSA
MEK-9792
23/02/19
00:15
212.78
2
COTIA, JUNDIAI, LORENA, OSASCO, RIO DE JANEIRO, SAO JOSE DOS CAMPOS, SAO PAULO, SAO ROQUE, SOROCABA

LVEO040122
LETICIA FERREIRA DOS SANTOS
M
03/07/1991
(16) 91094-6384
FOX
VEO-4607
04/01/19
22:15
159.20
4
COTIA, JUNDIAI, LORENA, OSASCO, RIO DE JANEIRO, SAO JOSE DOS CAMPOS, SAO PAULO, SAO ROQUE, SOROCABA, TAUBATE

MGBZ080322
MATHEUS LIMA
F
12/11/1991
(60) 32900-3234
CELTA
GBZ-2557
08/03/19
22:49
022.53
3
COTIA, JUNDIAI, LORENA, OSASCO, SAO PAULO, SAO ROQUE, SOROCABA

MOHJ230417
MATHEUS LIMA
F
08/12/1995
(59) 25415-5689
FIT
OHJ-8400
23/04/19
17:39
225.93
1
COTIA, LORENA, OSASCO, SAO JOSE DOS CAMPOS, SAO PAULO, SOROCABA

TRLJ171205
TATIANA MONTEIRO
F
11/07/1998
(40) 29199-6198
CIVIC
RLJ-8286
17/12/19
05:15
163.57
3
COTIA, LORENA, RIO DE JANEIRO, SAO JOSE DOS CAMPOS, SAO PAULO, SAO ROQUE, SOROCABA

AKWU110113
ALEXANDRE O GRANDE
F
26/07/1997
(86) 82798-0289
ONIX
KWU-6640
11/01/19
13:05
175.98
3
COTIA, JUNDIAI, LORENA, OSASCO, SAO JOSE DOS CAMPOS

ANKG100220
ALEXANDRE O PEQUENO
M
20/06/1995
(63) 03640-5389
ONIX
NKG-6732
10/02/19
20:45
125.79
3
JUNDIAI, LORENA, OSASCO, RIO DE JANEIRO, SAO JOSE DOS CAMPOS, SAO PAULO

GTJY201119
GABRIEL THE ANGEL
M
02/07/1998
(94) 03290-5224
CORSA
TJY-3348
20/11/19
19:40
203.24
3
COTIA, JUNDIAI, LORENA, OSASCO, SAO JOSE DOS CAMPOS, SAO PAULO, TAUBATE

JMEK230200
JULIANA PAES
F
17/03/1993
(93) 81555-6733
CORSA
MEK-9792
23/02/19
00:15
212.78
2
COTIA, JUNDIAI, LORENA, OSASCO, RIO DE JANEIRO, SAO JOSE DOS CAMPOS, SAO PAULO, SAO ROQUE, SOROCABA

JQFY270308
JULIA ANDRADE
F
09/09/1991
(90) 97323-5507
GOL
QFY-7082
27/03/19
08:08
222.08
1
COTIA, OSASCO, RIO DE JANEIRO, SAO PAULO, SAO ROQUE, SOROCABA

LVEO040122
LETICIA FERREIRA DOS SANTOS
M
03/07/1991
(16) 91094-6384
FOX
VEO-4607
04/01/19
22:15
159.20
4
COTIA, JUNDIAI, LORENA, OSASCO, RIO DE JANEIRO, SAO JOSE DOS CAMPOS, SAO PAULO, SAO ROQUE, SOROCABA, TAUBATE

MGBZ080322
MATHEUS LIMA
F
12/11/1991
(60) 32900-3234
CELTA
GBZ-2557
08/03/19
22:49
022.53
3
COTIA, JUNDIAI, LORENA, OSASCO, SAO PAULO, SAO ROQUE, SOROCABA

MOHJ230417
MATHEUS LIMA
F
08/12/1995
(59) 25415-5689
FIT
OHJ-8400
23/04/19
17:39
225.93
1
COTIA, LORENA, OSASCO, SAO JOSE DOS CAMPOS, SAO PAULO, SOROCABA

SKWQ181217
SABRINA SATO
F
26/07/1992
(35) 98419-0286
GOL
KWQ-1183
18/12/19
17:05
059.20
3
COTIA, JUNDIAI, OSASCO, SAO JOSE DOS CAMPOS, SAO PAULO, SAO ROQUE, SOROCABA, TAUBATE

AIKV170112
ALEXANDRE O PEQUENO
M
25/10/1996
(03) 43174-1927
FOX
IKV-5050
17/01/19
12:18
163.85
1
COTIA, JUNDIAI, RIO DE JANEIRO, SAO JOSE DOS CAMPOS, SAO PAULO, SOROCABA, TAUBATE

ANKG100220
ALEXANDRE O PEQUENO
M
20/06/1995
(63) 03640-5389
ONIX
NKG-6732
10/02/19
20:45
125.79
3
JUNDIAI, LORENA, OSASCO, RIO DE JANEIRO, SAO JOSE DOS CAMPOS, SAO PAULO

EQSX191001
EDUARDO COSTA
F
09/04/1991
(05) 74520-7019
UNO
QSX-9375
19/10/19
01:49
129.39
1
JUNDIAI, RIO DE JANEIRO

FMHD260316
FATIMA BERNARDES
M
12/03/1995
(87) 91455-6651
FIT
MHD-8319
26/03/19
16:43
024.55
2
JUNDIAI, RIO DE JANEIRO, SAO JOSE DOS CAMPOS, SAO ROQUE

JMEK230200
JULIANA PAES
F
17/03/1993
(93) 81555-6733
CORSA
MEK-9792
23/02/19
00:15
212.78
2
COTIA, JUNDIAI, LORENA, OSASCO, RIO DE JANEIRO, SAO JOSE DOS CAMPOS, SAO PAULO, SAO ROQUE, SOROCABA

JQFY270308
JULIA ANDRADE
F
09/09/1991
(90) 97323-5507
GOL
QFY-7082
27/03/19
08:08
222.08
1
COTIA, OSASCO, RIO DE JANEIRO, SAO PAULO, SAO ROQUE, SOROCABA

LVEO040122
LETICIA FERREIRA DOS SANTOS
M
03/07/1991
(16) 91094-6384
FOX
VEO-4607
04/01/19
22:15
159.20
4
COTIA, JUNDIAI, LORENA, OSASCO, RIO DE JANEIRO, SAO JOSE DOS CAMPOS, SAO PAULO, SAO ROQUE, SOROCABA, TAUBATE

TRLJ171205
TATIANA MONTEIRO
F
11/07/1998
(40) 29199-6198
CIVIC
RLJ-8286
17/12/19
05:15
163.57
3
COTIA, LORENA, RIO DE JANEIRO, SAO JOSE DOS CAMPOS, SAO PAULO, SAO ROQUE, SOROCABA

AHBB250708
ALEXANDRE O CHEGA NE
M
17/05/1995
(98) 93894-2614
COROLLA
HBB-5768
25/07/19
08:37
202.28
3
COTIA, SAO JOSE DOS CAMPOS

AIKV170112
ALEXANDRE O PEQUENO
M
25/10/1996
(03) 43174-1927
FOX
IKV-5050
17/01/19
12:18
163.85
1
COTIA, JUNDIAI, RIO DE JANEIRO, SAO JOSE DOS CAMPOS, SAO PAULO, SOROCABA, TAUBATE

AKWU110113
ALEXANDRE O GRANDE
F
26/07/1997
(86) 82798-0289
ONIX
KWU-6640
11/01/19
13:05
175.98
3
COTIA, JUNDIAI, LORENA, OSASCO, SAO JOSE DOS CAMPOS

ANKG100220
ALEXANDRE O PEQUENO
M
20/06/1995
(63) 03640-5389
ONIX
NKG-6732
10/02/19
20:45
125.79
3
JUNDIAI, LORENA, OSASCO, RIO DE JANEIRO, SAO JOSE DOS CAMPOS, SAO PAULO

FMHD260316
FATIMA BERNARDES
M
12/03/1995
(87) 91455-6651
FIT
MHD-8319
26/03/19
16:43
024.55
2
JUNDIAI, RIO DE JANEIRO, SAO JOSE DOS CAMPOS, SAO ROQUE

GTJY201119
GABRIEL THE ANGEL
M
02/07/1998
(94) 03290-5224
CORSA
TJY-3348
20/11/19
19:40
203.24
3
COTIA, JUNDIAI, LORENA, OSASCO, SAO JOSE DOS CAMPOS, SAO PAULO, TAUBATE

JMEK230200
JULIANA PAES
F
17/03/1993
(93) 81555-6733
CORSA
MEK-9792
23/02/19
00:15
212.78
2
COTIA, JUNDIAI, LORENA, OSASCO, RIO DE JANEIRO, SAO JOSE DOS CAMPOS, SAO PAULO, SAO ROQUE, SOROCABA

LVEO040122
LETICIA FERREIRA DOS SANTOS
M
03/07/1991
(16) 91094-6384
FOX
VEO-4607
04/01/19
22:15
159.20
4
COTIA, JUNDIAI, LORENA, OSASCO, RIO DE JANEIRO, SAO JOSE DOS CAMPOS, SAO PAULO, SAO ROQUE, SOROCABA, TAUBATE

MOHJ230417
MATHEUS LIMA
F
08/12/1995
(59) 25415-5689
FIT
OHJ-8400
23/04/19
17:39
225.93
1
COTIA, LORENA, OSASCO, SAO JOSE DOS CAMPOS, SAO PAULO, SOROCABA

SKWQ181217
SABRINA SATO
F
26/07/1992
(35) 98419-0286
GOL
KWQ-1183
18/12/19
17:05
059.20
3
COTIA, JUNDIAI, OSASCO, SAO JOSE DOS CAMPOS, SAO PAULO, SAO ROQUE, SOROCABA, TAUBATE

TRLJ171205
TATIANA MONTEIRO
F
11/07/1998
(40) 29199-6198
CIVIC
RLJ-8286
17/12/19
05:15
163.57
3
COTIA, LORENA, RIO DE JANEIRO, SAO JOSE DOS CAMPOS, SAO PAULO, SAO ROQUE, SOROCABA

TWIR240710
TATIANA MONTEIRO
F
07/11/1995
(43) 98742-6290
CIVIC
WIR-6237
24/07/19
10:16
096.90
4
SAO JOSE DOS CAMPOS, SAO PAULO, SAO ROQUE

AIKV170112
ALEXANDRE O PEQUENO
M
25/10/1996
(03) 43174-1927
FOX
IKV-5050
17/01/19
12:18
163.85
1
COTIA, JUNDIAI, RIO DE JANEIRO, SAO JOSE DOS CAMPOS, SAO PAULO, SOROCABA, TAUBATE

ANKG100220
ALEXANDRE O PEQUENO
M
20/06/1995
(63) 03640-5389
ONIX
NKG-6732
10/02/19
20:45
125.79
3
JUNDIAI, LORENA, OSASCO, RIO DE JANEIRO, SAO JOSE DOS CAMPOS, SAO PAULO

BIJD150701
BRUNA MARQUEZINE
F
08/07/1999
(70) 68381-5316
COROLLA
IJD-7181
15/07/19
01:48
081.21
4
LORENA, SAO PAULO, SAO ROQUE

GTJY201119
GABRIEL THE ANGEL
M
02/07/1998
(94) 03290-5224
CORSA
TJY-3348
20/11/19
19:40
203.24
3
COTIA, JUNDIAI, LORENA, OSASCO, SAO JOSE DOS CAMPOS, SAO PAULO, TAUBATE

JMEK230200
JULIANA PAES
F
17/03/1993
(93) 81555-6733
CORSA
MEK-9792
23/02/19
00:15
212.78
2
COTIA, JUNDIAI, LORENA, OSASCO, RIO DE JANEIRO, SAO JOSE DOS CAMPOS, SAO PAULO, SAO ROQUE, SOROCABA

JQFY270308
JULIA ANDRADE
F
09/09/1991
(90) 97323-5507
GOL
QFY-7082
27/03/19
08:08
222.08
1
COTIA, OSASCO, RIO DE JANEIRO, SAO PAULO, SAO ROQUE, SOROCABA

LVEO040122
LETICIA FERREIRA DOS SANTOS
M
03/07/1991
(16) 91094-6384
FOX
VEO-4607
04/01/19
22:15
159.20
4
COTIA, JUNDIAI, LORENA, OSASCO, RIO DE JANEIRO, SAO JOSE DOS CAMPOS, SAO PAULO, SAO ROQUE, SOROCABA, TAUBATE

MGBZ080322
MATHEUS LIMA
F
12/11/1991
(60) 32900-3234
CELTA
GBZ-2557
08/03/19
22:49
022.53
3
COTIA, JUNDIAI, LORENA, OSASCO, SAO PAULO, SAO ROQUE, SOROCABA

MOHJ230417
MATHEUS LIMA
F
08/12/1995
(59) 25415-5689
FIT
OHJ-8400
23/04/19
17:39
225.93
1
COTIA, LORENA, OSASCO, SAO JOSE DOS CAMPOS, SAO PAULO, SOROCABA

SKWQ181217
SABRINA SATO
F
26/07/1992
(35) 98419-0286
GOL
KWQ-1183
18/12/19
17:05
059.20
3
COTIA, JUNDIAI, OSASCO, SAO JOSE DOS CAMPOS, SAO PAULO, SAO ROQUE, SOROCABA, TAUBATE

TRLJ171205
TATIANA MONTEIRO
F
11/07/1998
(40) 29199-6198
CIVIC
RLJ-8286
17/12/19
05:15
163.57
3
COTIA, LORENA, RIO DE JANEIRO, SAO JOSE DOS CAMPOS, SAO PAULO, SAO ROQUE, SOROCABA

TWIR240710
TATIANA MONTEIRO
F
07/11/1995
(43) 98742-6290
CIVIC
WIR-6237
24/07/19
10:16
096.90
4
SAO JOSE DOS CAMPOS, SAO PAULO, SAO ROQUE

BIJD150701
BRUNA MARQUEZINE
F
08/07/1999
(70) 68381-5316
COROLLA
IJD-7181
15/07/19
01:48
081.21
4
LORENA, SAO PAULO, SAO ROQUE

FMHD260316
FATIMA BERNARDES
M
12/03/1995
(87) 91455-6651
FIT
MHD-8319
26/03/19
16:43
024.55
2
JUNDIAI, RIO DE JANEIRO, SAO JOSE DOS CAMPOS, SAO ROQUE

JMEK230200
JULIANA PAES
F
17/03/1993
(93) 81555-6733
CORSA
MEK-9792
23/02/19
00:15
212.78
2
COTIA, JUNDIAI, LORENA, OSASCO, RIO DE JANEIRO, SAO JOSE DOS CAMPOS, SAO PAULO, SAO ROQUE, SOROCABA

JQFY270308
JULIA ANDRADE
F
09/09/1991
(90) 97323-5507
GOL
QFY-7082
27/03/19
08:08
222.08
1
COTIA, OSASCO, RIO DE JANEIRO, SAO PAULO, SAO ROQUE, SOROCABA

LVEO040122
LETICIA FERREIRA DOS SANTOS
M
03/07/1991
(16) 91094-6384
FOX
VEO-4607
04/01/19
22:15
159.20
4
COTIA, JUNDIAI, LORENA, OSASCO, RIO DE JANEIRO, SAO JOSE DOS CAMPOS, SAO PAULO, SAO ROQUE, SOROCABA, TAUBATE

MGBZ080322
MATHEUS LIMA
F
12/11/1991
(60) 32900-3234
CELTA
GBZ-2557
08/03/19
22:49
022.53
3
COTIA, JUNDIAI, LORENA, OSASCO, SAO PAULO, SAO ROQUE, SOROCABA

SKWQ181217
SABRINA SATO
F
26/07/1992
(35) 98419-0286
GOL
KWQ-1183
18/12/19
17:05
059.20
3
COTIA, JUNDIAI, OSASCO, SAO JOSE DOS CAMPOS, SAO PAULO, SAO ROQUE, SOROCABA, TAUBATE

TRLJ171205
TATIANA MONTEIRO
F
11/07/1998
(40) 29199-6198
CIVIC
RLJ-8286
17/12/19
05:15
163.57
3
COTIA, LORENA, RIO DE JANEIRO, SAO JOSE DOS CAMPOS, SAO PAULO, SAO ROQUE, SOROCABA

TWIR240710
TATIANA MONTEIRO
F
07/11/1995
(43) 98742-6290
CIVIC
WIR-6237
24/07/19
10:16
096.90
4
SAO JOSE DOS CAMPOS, SAO PAULO, SAO ROQUE

AIKV170112
ALEXANDRE O PEQUENO
M
25/10/1996
(03) 43174-1927
FOX
IKV-5050
17/01/19
12:18
163.85
1
COTIA, JUNDIAI, RIO DE JANEIRO, SAO JOSE DOS CAMPOS, SAO PAULO, SOROCABA, TAUBATE

JMEK230200
JULIANA PAES
F
17/03/1993
(93) 81555-6733
CORSA
MEK-9792
23/02/19
00:15
212.78
2
COTIA, JUNDIAI, LORENA, OSASCO, RIO DE JANEIRO, SAO JOSE DOS CAMPOS, SAO PAULO, SAO ROQUE, SOROCABA

JQFY270308
JULIA ANDRADE
F
09/09/1991
(90) 97323-5507
GOL
QFY-7082
27/03/19
08:08
222.08
1
COTIA, OSASCO, RIO DE JANEIRO, SAO PAULO, SAO ROQUE, SOROCABA

LVEO040122
LETICIA FERREIRA DOS SANTOS
M
03/07/1991
(16) 91094-6384
FOX
VEO-4607
04/01/19
22:15
159.20
4
COTIA, JUNDIAI, LORENA, OSASCO, RIO DE JANEIRO, SAO JOSE DOS CAMPOS, SAO PAULO, SAO ROQUE, SOROCABA, TAUBATE

MGBZ080322
MATHEUS LIMA
F
12/11/1991
(60) 32900-3234
CELTA
GBZ-2557
08/03/19
22:49
022.53
3
COTIA, JUNDIAI, LORENA, OSASCO, SAO PAULO, SAO ROQUE, SOROCABA

MOHJ230417
MATHEUS LIMA
F
08/12/1995
(59) 25415-5689
FIT
OHJ-8400
23/04/19
17:39
225.93
1
COTIA, LORENA, OSASCO, SAO JOSE DOS CAMPOS, SAO PAULO, SOROCABA

SKWQ181217
SABRINA SATO
F
26/07/1992
(35) 98419-0286
GOL
KWQ-1183
18/12/19
17:05
059.20
3
COTIA, JUNDIAI, OSASCO, SAO JOSE DOS CAMPOS, SAO PAULO, SAO ROQUE, SOROCABA, TAUBATE

TRLJ171205
TATIANA MONTEIRO
F
11/07/1998
(40) 29199-6198
CIVIC
RLJ-8286
17/12/19
05:15
163.57
3
COTIA, LORENA, RIO DE JANEIRO, SAO JOSE DOS CAMPOS, SAO PAULO, SAO ROQUE, SOROCABA

AIKV170112
ALEXANDRE O PEQUENO
M
25/10/1996
(03) 43174-1927
FOX
IKV-5050
17/01/19
12:18
163.85
1
COTIA, JUNDIAI, RIO DE JANEIRO, SAO JOSE DOS CAMPOS, SAO PAULO, SOROCABA, TAUBATE

GTJY201119
GABRIEL THE ANGEL
M
02/07/1998
(94) 03290-5224
CORSA
TJY-3348
20/11/19
19:40
203.24
3
COTIA, JUNDIAI, LORENA, OSASCO, SAO JOSE DOS CAMPOS, SAO PAULO, TAUBATE

LVEO040122
LETICIA FERREIRA DOS SANTOS
M
03/07/1991
(16) 91094-6384
FOX
VEO-4607
04/01/19
22:15
159.20
4
COTIA, JUNDIAI, LORENA, OSASCO, RIO DE JANEIRO, SAO JOSE DOS CAMPOS, SAO PAULO, SAO ROQUE, SOROCABA, TAUBATE

SKWQ181217
SABRINA SATO
F
26/07/1992
(35) 98419-0286
GOL
KWQ-1183
18/12/19
17:05
059.20
3
COTIA, JUNDIAI, OSASCO, SAO JOSE DOS CAMPOS, SAO PAULO, SAO ROQUE, SOROCABA, TAUBATE
**********************EXCLUIR*********************
Registro(s) nao encontrado!
FALHA AO REALIZAR OPERACAO!
**********************LISTAR**********************
AHBB250708
ALEXANDRE O CHEGA NE
M
17/05/1995
(98) 93894-2614
COROLLA
HBB-5768
25/07/19
08:37
202.28
3
COTIA, SAO JOSE DOS CAMPOS

AKWU110113
ALEXANDRE O GRANDE
F
26/07/1997
(86) 82798-0289
ONIX
KWU-6640
11/01/19
13:05
175.98
3
COTIA, JUNDIAI, LORENA, OSASCO, SAO JOSE DOS CAMPOS

AIKV170112
ALEXANDRE O PEQUENO
M
25/10/1996
(03) 43174-1927
FOX
IKV-5050
17/01/19
12:18
163.85
1
COTIA, JUNDIAI, RIO DE JANEIRO, SAO JOSE DOS CAMPOS, SAO PAULO, SOROCABA, TAUBATE

ANKG100220
ALEXANDRE O PEQUENO
M
20/06/1995
(63) 03640-5389
ONIX
NKG-6732
10/02/19
20:45
125.79
3
JUNDIAI, LORENA, OSASCO, RIO DE JANEIRO, SAO JOSE DOS CAMPOS, SAO PAULO

BIJD150701
BRUNA MARQUEZINE
F
08/07/1999
(70) 68381-5316
COROLLA
IJD-7181
15/07/19
01:48
081.21
4
LORENA, SAO PAULO, SAO ROQUE

EQSX191001
EDUARDO COSTA
F
09/04/1991
(05) 74520-7019
UNO
QSX-9375
19/10/19
01:49
129.39
1
JUNDIAI, RIO DE JANEIRO

FMHD260316
FATIMA BERNARDES
M
12/03/1995
(87) 91455-6651
FIT
MHD-8319
26/03/19
16:43
024.55
2
JUNDIAI, RIO DE JANEIRO, SAO JOSE DOS CAMPOS, SAO ROQUE

GTJY201119
GABRIEL THE ANGEL
M
02/07/1998
(94) 03290-5224
CORSA
TJY-3348
20/11/19
19:40
203.24
3
COTIA, JUNDIAI, LORENA, OSASCO, SAO JOSE DOS CAMPOS, SAO PAULO, TAUBATE

JQFY270308
JULIA ANDRADE
F
09/09/1991
(90) 97323-5507
GOL
QFY-7082
27/03/19
08:08
222.08
1
COTIA, OSASCO, RIO DE JANEIRO, SAO PAULO, SAO ROQUE, SOROCABA

JMEK230200
JULIANA PAES
F
17/03/1993
(93) 81555-6733
CORSA
MEK-9792
23/02/19
00:15
212.78
2
COTIA, JUNDIAI, LORENA, OSASCO, RIO DE JANEIRO, SAO JOSE DOS CAMPOS, SAO PAULO, SAO ROQUE, SOROCABA

LDGM030917
LETICIA FERREIRA DOS SANTOS
M
27/06/1993
(62) 90198-9783
FUSCA
DGM-2898
03/09/19
17:53
147.99
3
COTIA, JUNDIAI

LVEO040122
LETICIA FERREIRA DOS SANTOS
M
03/07/1991
(16) 91094-6384
FOX
VEO-4607
04/01/19
22:15
159.20
4
COTIA, JUNDIAI, LORENA, OSASCO, RIO DE JANEIRO, SAO JOSE DOS CAMPOS, SAO PAULO, SAO ROQUE, SOROCABA, TAUBATE

MGBZ080322
MATHEUS LIMA
F
12/11/1991
(60) 32900-3234
CELTA
GBZ-2557
08/03/19
22:49
022.53
3
COTIA, JUNDIAI, LORENA, OSASCO, SAO PAULO, SAO ROQUE, SOROCABA

MOHJ230417
MATHEUS LIMA
F
08/12/1995
(59) 25415-5689
FIT
OHJ-8400
23/04/19
17:39
225.93
1
COTIA, LORENA, OSASCO, SAO JOSE DOS CAMPOS, SAO PAULO, SOROCABA

SKWQ181217
SABRINA SATO
F
26/07/1992
(35) 98419-0286
GOL
KWQ-1183
18/12/19
17:05
059.20
3
COTIA, JUNDIAI, OSASCO, SAO JOSE DOS CAMPOS, SAO PAULO, SAO ROQUE, SOROCABA, TAUBATE

TRLJ171205
TATIANA MONTEIRO
F
11/07/1998
(40) 29199-6198
CIVIC
RLJ-8286
17/12/19
05:15
163.57
3
COTIA, LORENA, RIO DE JANEIRO, SAO JOSE DOS CAMPOS, SAO PAULO, SAO ROQUE, SOROCABA

TWIR240710
TATIANA MONTEIRO
F
07/11/1995
(43) 98742-6290
CIVIC
WIR-6237
24/07/19
10:16
096.90
4
SAO JOSE DOS CAMPOS, SAO PAULO, SAO ROQUE
**********************EXCLUIR*********************
Registro(s) nao encontrado!
FALHA AO REALIZAR OPERACAO!
**********************EXCLUIR*********************
OPERACAO REALIZADA COM SUCESSO!
**********************ARQUIVO*********************
LETICIA FERREIRA DOS SANTOS@M@27/06/1993@(62) 90198-9783@FUSCA@DGM-2898@COTIA|JUNDIAI@03/09/19@17:53@147.99@3@##################################################################################################################################################ALEXANDRE O CHEGA NE@M@17/05/1995@(98) 93894-2614@COROLLA@HBB-5768@COTIA|SAO JOSE DOS CAMPOS@25/07/19@08:37@202.28@3@###########################################################################################################################################TATIANA MONTEIRO@F@11/07/1998@(40) 29199-6198@CIVIC@RLJ-8286@COTIA|LORENA|RIO DE JANEIRO|SAO JOSE DOS CAMPOS|SAO PAULO|SAO ROQUE|SOROCABA@17/12/19@05:15@163.57@3@##############################################################################################ALEXANDRE O PEQUENO@M@20/06/1995@(63) 03640-5389@ONIX@NKG-6732@JUNDIAI|LORENA|OSASCO|RIO DE JANEIRO|SAO JOSE DOS CAMPOS|SAO PAULO@10/02/19@20:45@125.79@3@######################################################################################################TATIANA MONTEIRO@F@07/11/1995@(43) 98742-6290@CIVIC@WIR-6237@SAO JOSE DOS CAMPOS|SAO PAULO|SAO ROQUE@24/07/19@10:16@096.90@4@###################################################################################################################################ALEXANDRE O GRANDE@F@26/07/1997@(86) 82798-0289@ONIX@KWU-6640@COTIA|JUNDIAI|LORENA|OSASCO|SAO JOSE DOS CAMPOS@11/01/19@13:05@175.98@3@##########################################################################################################################EDUARDO COSTA@F@09/04/1991@(05) 74520-7019@UNO@QSX-9375@JUNDIAI|RIO DE JANEIRO@19/10/19@01:49@129.39@1@#########################################################################################################################################################GABRIEL THE ANGEL@M@02/07/1998@(94) 03290-5224@CORSA@TJY-3348@COTIA|JUNDIAI|LORENA|OSASCO|SAO JOSE DOS CAMPOS|SAO PAULO|TAUBATE@20/11/19@19:40@203.24@3@########################################################################################################MATHEUS LIMA@F@12/11/1991@(60) 32900-3234@CELTA@GBZ-2557@COTIA|JUNDIAI|LORENA|OSASCO|SAO PAULO|SAO ROQUE|SOROCABA@08/03/19@22:49@022.53@3@######################################################################################################################JULIANA PAES@F@17/03/1993@(93) 81555-6733@CORSA@MEK-9792@COTIA|JUNDIAI|LORENA|OSASCO|RIO DE JANEIRO|SAO JOSE DOS CAMPOS|SAO PAULO|SAO ROQUE|SOROCABA@23/02/19@00:15@212.78@2@###################################################################################*|BRINA SATO@F@26/07/1992@(35) 98419-0286@GOL@KWQ-1183@COTIA|JUNDIAI|OSASCO|SAO JOSE DOS CAMPOS|SAO PAULO|SAO ROQUE|SOROCABA|TAUBATE@18/12/19@17:05@059.20@3@###################################################################################################FATIMA BERNARDES@M@12/03/1995@(87) 91455-6651@FIT@MHD-8319@JUNDIAI|RIO DE JANEIRO|SAO JOSE DOS CAMPOS|SAO ROQUE@26/03/19@16:43@024.55@2@########################################################################################################################BRUNA MARQUEZINE@F@08/07/1999@(70) 68381-5316@COROLLA@IJD-7181@LORENA|SAO PAULO|SAO ROQUE@15/07/19@01:48@081.21@4@##############################################################################################################################################ALEXANDRE O PEQUENO@M@25/10/1996@(03) 43174-1927@FOX@IKV-5050@COTIA|JUNDIAI|RIO DE JANEIRO|SAO JOSE DOS CAMPOS|SAO PAULO|SOROCABA|TAUBATE@17/01/19@12:18@163.85@1@##############################################################################################LETICIA FERREIRA DOS SANTOS@M@03/07/1991@(16) 91094-6384@FOX@VEO-4607@COTIA|JUNDIAI|LORENA|OSASCO|RIO DE JANEIRO|SAO JOSE DOS CAMPOS|SAO PAULO|SAO ROQUE|SOROCABA|TAUBATE@04/01/19@22:15@159.20@4@##############################################################MATHEUS LIMA@F@08/12/1995@(59) 25415-5689@FIT@OHJ-8400@COTIA|LORENA|OSASCO|SAO JOSE DOS CAMPOS|SAO PAULO|SOROCABA@23/04/19@17:39@225.93@1@######################################################################################################################JULIA ANDRADE@F@09/09/1991@(90) 97323-5507@GOL@QFY-7082@COTIA|OSASCO|RIO DE JANEIRO|SAO PAULO|SAO ROQUE|SOROCABA@27/03/19@08:08@222.08@1@#######################################################################################################################
**********************LISTAR**********************
LVEO040122
LETICIA FERREIRA DOS SANTOS
M
03/07/1991
(16) 91094-6384
FOX
VEO-4607
04/01/19
22:15
159.20
4
COTIA, JUNDIAI, LORENA, OSASCO, RIO DE JANEIRO, SAO JOSE DOS CAMPOS, SAO PAULO, SAO ROQUE, SOROCABA, TAUBATE

AKWU110113
ALEXANDRE O GRANDE
F
26/07/1997
(86) 82798-0289
ONIX
KWU-6640
11/01/19
13:05
175.98
3
COTIA, JUNDIAI, LORENA, OSASCO, SAO JOSE DOS CAMPOS

AIKV170112
ALEXANDRE O PEQUENO
M
25/10/1996
(03) 43174-1927
FOX
IKV-5050
17/01/19
12:18
163.85
1
COTIA, JUNDIAI, RIO DE JANEIRO, SAO JOSE DOS CAMPOS, SAO PAULO, SOROCABA, TAUBATE

ANKG100220
ALEXANDRE O PEQUENO
M
20/06/1995
(63) 03640-5389
ONIX
NKG-6732
10/02/19
20:45
125.79
3
JUNDIAI, LORENA, OSASCO, RIO DE JANEIRO, SAO JOSE DOS CAMPOS, SAO PAULO

JMEK230200
JULIANA PAES
F
17/03/1993
(93) 81555-6733
CORSA
MEK-9792
23/02/19
00:15
212.78
2
COTIA, JUNDIAI, LORENA, OSASCO, RIO DE JANEIRO, SAO JOSE DOS CAMPOS, SAO PAULO, SAO ROQUE, SOROCABA

MGBZ080322
MATHEUS LIMA
F
12/11/1991
(60) 32900-3234
CELTA
GBZ-2557
08/03/19
22:49
022.53
3
COTIA, JUNDIAI, LORENA, OSASCO, SAO PAULO, SAO ROQUE, SOROCABA

FMHD260316
FATIMA BERNARDES
M
12/03/1995
(87) 91455-6651
FIT
MHD-8319
26/03/19
16:43
024.55
2
JUNDIAI, RIO DE JANEIRO, SAO JOSE DOS CAMPOS, SAO ROQUE

JQFY270308
JULIA ANDRADE
F
09/09/1991
(90) 97323-5507
GOL
QFY-7082
27/03/19
08:08
222.08
1
COTIA, OSASCO, RIO DE JANEIRO, SAO PAULO, SAO ROQUE, SOROCABA

MOHJ230417
MATHEUS LIMA
F
08/12/1995
(59) 25415-5689
FIT
OHJ-8400
23/04/19
17:39
225.93
1
COTIA, LORENA, OSASCO, SAO JOSE DOS CAMPOS, SAO PAULO, SOROCABA

BIJD150701
BRUNA MARQUEZINE
F
08/07/1999
(70) 68381-5316
COROLLA
IJD-7181
15/07/19
01:48
081.21
4
LORENA, SAO PAULO, SAO ROQUE

TWIR240710
TATIANA MONTEIRO
F
07/11/1995
(43) 98742-6290
CIVIC
WIR-6237
24/07/19
10:16
096.90
4
SAO JOSE DOS CAMPOS, SAO PAULO, SAO ROQUE

AHBB250708
ALEXANDRE O CHEGA NE
M
17/05/1995
(98) 93894-2614
COROLLA
HBB-5768
25/07/19
08:37
202.28
3
COTIA, SAO JOSE DOS CAMPOS

LDGM030917
LETICIA FERREIRA DOS SANTOS
M
27/06/1993
(62) 90198-9783
FUSCA
DGM-2898
03/09/19
17:53
147.99
3
COTIA, JUNDIAI

EQSX191001
EDUARDO COSTA
F
09/04/1991
(05) 74520-7019
UNO
QSX-9375
19/10/19
01:49
129.39
1
JUNDIAI, RIO DE JANEIRO

GTJY201119
GABRIEL THE ANGEL
M
02/07/1998
(94) 03290-5224
CORSA
TJY-3348
20/11/19
19:40
203.24
3
COTIA, JUNDIAI, LORENA, OSASCO, SAO JOSE DOS CAMPOS, SAO PAULO, TAUBATE

TRLJ171205
TATIANA MONTEIRO
F
11/07/1998
(40) 29199-6198
CIVIC
RLJ-8286
17/12/19
05:15
163.57
3
COTIA, LORENA, RIO DE JANEIRO, SAO JOSE DOS CAMPOS, SAO PAULO, SAO ROQUE, SOROCABA
**********************ALTERAR*********************
OPERACAO REALIZADA COM SUCESSO!
*****************ARQUIVO SECUNDARIO****************
AHBB250708 ALEXANDRE O CHEGA NE
AKWU110113 ALEXANDRE O GRANDE
AIKV170112 ALEXANDRE O PEQUENO
ANKG100220 ALEXANDRE O PEQUENO
BIJD150701 BRUNA MARQUEZINE
EQSX191001 EDUARDO COSTA
FMHD260316 FATIMA BERNARDES
GTJY201119 GABRIEL THE ANGEL
JQFY270308 JULIA ANDRADE
JMEK230200 JULIANA PAES
LDGM030917 LETICIA FERREIRA DOS SANTOS
LVEO040122 LETICIA FERREIRA DOS SANTOS
MGBZ080322 MATHEUS LIMA
MOHJ230417 MATHEUS LIMA
TRLJ171205 TATIANA MONTEIRO
TWIR240710 TATIANA MONTEIRO
**********************ALTERAR*********************
Registro(s) nao encontrado!
FALHA AO REALIZAR OPERACAO!
