**********************BUSCAR**********************
AIQC170414
ALEXANDRE O MEDIO
M
12/05/1994
(10) 05807-7143
UNO
IQC-6109
17/04/19
14:44
085.24
2
LORENA, RIO DE JANEIRO, SAO JOSE DOS CAMPOS
**********************BUSCAR**********************
Registro(s) nao encontrado!
**********************LISTAR**********************
AIQC170414
ALEXANDRE O MEDIO
M
12/05/1994
(10) 05807-7143
UNO
IQC-6109
17/04/19
14:44
085.24
2
LORENA, RIO DE JANEIRO, SAO JOSE DOS CAMPOS

PJHL220118
PABLO VITTAR
M
01/07/1997
(57) 90113-9135
ONIX
JHL-8560
22/01/19
18:40
220.94
1
COTIA, JUNDIAI, LORENA, OSASCO, RIO DE JANEIRO, SAO JOSE DOS CAMPOS, SAO PAULO, SAO ROQUE, SOROCABA, TAUBATE
**********************BUSCAR**********************
AIQC170414
ALEXANDRE O MEDIO
M
12/05/1994
(10) 05807-7143
UNO
IQC-6109
17/04/19
14:44
085.24
2
LORENA, RIO DE JANEIRO, SAO JOSE DOS CAMPOS
**********************LISTAR**********************
AIQC170414
ALEXANDRE O MEDIO
M
12/05/1994
(10) 05807-7143
UNO
IQC-6109
17/04/19
14:44
085.24
2
LORENA, RIO DE JANEIRO, SAO JOSE DOS CAMPOS

EGRT121103
EVELYN DOS SANTOS
F
23/09/1993
(70) 70074-6806
HB20
GRT-8683
12/11/19
03:25
039.49
4
JUNDIAI, OSASCO

PJHL220118
PABLO VITTAR
M
01/07/1997
(57) 90113-9135
ONIX
JHL-8560
22/01/19
18:40
220.94
1
COTIA, JUNDIAI, LORENA, OSASCO, RIO DE JANEIRO, SAO JOSE DOS CAMPOS, SAO PAULO, SAO ROQUE, SOROCABA, TAUBATE

TOPV180920
TATIANA MONTEIRO
F
27/01/1991
(41) 24609-3323
FUSCA
OPV-3401
18/09/19
20:14
229.79
4
COTIA, JUNDIAI, LORENA, OSASCO, SAO JOSE DOS CAMPOS
**********************ARQUIVO*********************
ALEXANDRE O MEDIO@M@12/05/1994@(10) 05807-7143@UNO@IQC-6109@LORENA|RIO DE JANEIRO|SAO JOSE DOS CAMPOS@17/04/19@14:44@085.24@2@##################################################################################################################################PABLO VITTAR@M@01/07/1997@(57) 90113-9135@ONIX@JHL-8560@COTIA|JUNDIAI|LORENA|OSASCO|RIO DE JANEIRO|SAO JOSE DOS CAMPOS|SAO PAULO|SAO ROQUE|SOROCABA|TAUBATE@22/01/19@18:40@220.94@1@############################################################################EVELYN DOS SANTOS@F@23/09/1993@(70) 70074-6806@HB20@GRT-8683@JUNDIAI|OSASCO@12/11/19@03:25@039.49@4@############################################################################################################################################################TATIANA MONTEIRO@F@27/01/1991@(41) 24609-3323@FUSCA@OPV-3401@COTIA|JUNDIAI|LORENA|OSASCO|SAO JOSE DOS CAMPOS@18/09/19@20:14@229.79@4@###########################################################################################################################EDUARDO COSTA@M@15/03/1989@(43) 64902-6830@FUSCA@FLJ-4005@COTIA|JUNDIAI|LORENA|OSASCO|RIO DE JANEIRO|SAO JOSE DOS CAMPOS|SAO PAULO|SAO ROQUE|SOROCABA|TAUBATE@15/08/19@04:08@233.01@3@##########################################################################PABLO VITTAR@F@02/04/1995@(82) 34225-4936@COROLLA@JIJ-5940@LORENA|SAO JOSE DOS CAMPOS|SAO PAULO|SOROCABA@12/02/19@06:46@112.12@1@###############################################################################################################################
*****************ARQUIVO SECUNDARIO****************
AIQC170414 ALEXANDRE O MEDIO
EFLJ150804 EDUARDO COSTA
EGRT121103 EVELYN DOS SANTOS
GMOA070816 GABRIEL THE ANGEL
JQWJ070211 JULIA ANDRADE
PJHL220118 PABLO VITTAR
PJIJ120206 PABLO VITTAR
TOPV180920 TATIANA MONTEIRO
**********************BUSCAR**********************
PJHL220118
PABLO VITTAR
M
01/07/1997
(57) 90113-9135
ONIX
JHL-8560
22/01/19
18:40
220.94
1
COTIA, JUNDIAI, LORENA, OSASCO, RIO DE JANEIRO, SAO JOSE DOS CAMPOS, SAO PAULO, SAO ROQUE, SOROCABA, TAUBATE
**********************LISTAR**********************
AIQC170414
ALEXANDRE O MEDIO
M
12/05/1994
(10) 05807-7143
UNO
IQC-6109
17/04/19
14:44
085.24
2
LORENA, RIO DE JANEIRO, SAO JOSE DOS CAMPOS

EFLJ150804
EDUARDO COSTA
M
15/03/1989
(43) 64902-6830
FUSCA
FLJ-4005
15/08/19
04:08
233.01
3
COTIA, JUNDIAI, LORENA, OSASCO, RIO DE JANEIRO, SAO JOSE DOS CAMPOS, SAO PAULO, SAO ROQUE, SOROCABA, TAUBATE

EGRT121103
EVELYN DOS SANTOS
F
23/09/1993
(70) 70074-6806
HB20
GRT-8683
12/11/19
03:25
039.49
4
JUNDIAI, OSASCO

GMOA070816
GABRIEL THE ANGEL
M
16/06/1999
(80) 28199-4687
ONIX
MOA-7599
07/08/19
16:54
056.17
4
SAO JOSE DOS CAMPOS, SAO PAULO

JQWJ070211
JULIA ANDRADE
F
01/02/1999
(85) 69160-2357
COROLLA
QWJ-5884
07/02/19
11:29
097.74
2
COTIA, JUNDIAI, LORENA, OSASCO, RIO DE JANEIRO, SAO JOSE DOS CAMPOS, SAO PAULO, SAO ROQUE

PJHL220118
PABLO VITTAR
M
01/07/1997
(57) 90113-9135
ONIX
JHL-8560
22/01/19
18:40
220.94
1
COTIA, JUNDIAI, LORENA, OSASCO, RIO DE JANEIRO, SAO JOSE DOS CAMPOS, SAO PAULO, SAO ROQUE, SOROCABA, TAUBATE

PJIJ120206
PABLO VITTAR
F
02/04/1995
(82) 34225-4936
COROLLA
JIJ-5940
12/02/19
06:46
112.12
1
LORENA, SAO JOSE DOS CAMPOS, SAO PAULO, SOROCABA

TOPV180920
TATIANA MONTEIRO
F
27/01/1991
(41) 24609-3323
FUSCA
OPV-3401
18/09/19
20:14
229.79
4
COTIA, JUNDIAI, LORENA, OSASCO, SAO JOSE DOS CAMPOS
**********************ARQUIVO*********************
ALEXANDRE O MEDIO@M@12/05/1994@(10) 05807-7143@UNO@IQC-6109@LORENA|RIO DE JANEIRO|SAO JOSE DOS CAMPOS@17/04/19@14:44@085.24@2@##################################################################################################################################PABLO VITTAR@M@01/07/1997@(57) 90113-9135@ONIX@JHL-8560@COTIA|JUNDIAI|LORENA|OSASCO|RIO DE JANEIRO|SAO JOSE DOS CAMPOS|SAO PAULO|SAO ROQUE|SOROCABA|TAUBATE@22/01/19@18:40@220.94@1@############################################################################EVELYN DOS SANTOS@F@23/09/1993@(70) 70074-6806@HB20@GRT-8683@JUNDIAI|OSASCO@12/11/19@03:25@039.49@4@############################################################################################################################################################TATIANA MONTEIRO@F@27/01/1991@(41) 24609-3323@FUSCA@OPV-3401@COTIA|JUNDIAI|LORENA|OSASCO|SAO JOSE DOS CAMPOS@18/09/19@20:14@229.79@4@###########################################################################################################################EDUARDO COSTA@M@15/03/1989@(43) 64902-6830@FUSCA@FLJ-4005@COTIA|JUNDIAI|LORENA|OSASCO|RIO DE JANEIRO|SAO JOSE DOS CAMPOS|SAO PAULO|SAO ROQUE|SOROCABA|TAUBATE@15/08/19@04:08@233.01@3@##########################################################################PABLO VITTAR@F@02/04/1995@(82) 34225-4936@COROLLA@JIJ-5940@LORENA|SAO JOSE DOS CAMPOS|SAO PAULO|SOROCABA@12/02/19@06:46@112.12@1@###############################################################################################################################GABRIEL THE ANGEL@M@16/06/1999@(80) 28199-4687@ONIX@MOA-7599@SAO JOSE DOS CAMPOS|SAO PAULO@07/08/19@16:54@056.17@4@#############################################################################################################################################JULIA ANDRADE@F@01/02/1999@(85) 69160-2357@COROLLA@QWJ-5884@COTIA|JUNDIAI|LORENA|OSASCO|RIO DE JANEIRO|SAO JOSE DOS CAMPOS|SAO PAULO|SAO ROQUE@07/02/19@11:29@097.74@2@#########################################################################################TATIANA MONTEIRO@M@02/02/1996@(57) 32642-8187@COROLLA@DNJ-8414@COTIA|JUNDIAI|LORENA|OSASCO|SAO JOSE DOS CAMPOS|SAO PAULO|SOROCABA|TAUBATE@09/11/19@07:36@018.77@3@##############################################################################################BRUNA MARQUEZINE@M@18/04/1995@(27) 37415-5874@HB20@OBB-2284@JUNDIAI|SAO PAULO|SAO ROQUE|TAUBATE@01/05/19@15:33@151.68@4@########################################################################################################################################
**********************LISTAR**********************
AIQC170414
ALEXANDRE O MEDIO
M
12/05/1994
(10) 05807-7143
UNO
IQC-6109
17/04/19
14:44
085.24
2
LORENA, RIO DE JANEIRO, SAO JOSE DOS CAMPOS

BOBB010515
BRUNA MARQUEZINE
M
18/04/1995
(27) 37415-5874
HB20
OBB-2284
01/05/19
15:33
151.68
4
JUNDIAI, SAO PAULO, SAO ROQUE, TAUBATE

EFLJ150804
EDUARDO COSTA
M
15/03/1989
(43) 64902-6830
FUSCA
FLJ-4005
15/08/19
04:08
233.01
3
COTIA, JUNDIAI, LORENA, OSASCO, RIO DE JANEIRO, SAO JOSE DOS CAMPOS, SAO PAULO, SAO ROQUE, SOROCABA, TAUBATE

EGRT121103
EVELYN DOS SANTOS
F
23/09/1993
(70) 70074-6806
HB20
GRT-8683
12/11/19
03:25
039.49
4
JUNDIAI, OSASCO

GMOA070816
GABRIEL THE ANGEL
M
16/06/1999
(80) 28199-4687
ONIX
MOA-7599
07/08/19
16:54
056.17
4
SAO JOSE DOS CAMPOS, SAO PAULO

JQWJ070211
JULIA ANDRADE
F
01/02/1999
(85) 69160-2357
COROLLA
QWJ-5884
07/02/19
11:29
097.74
2
COTIA, JUNDIAI, LORENA, OSASCO, RIO DE JANEIRO, SAO JOSE DOS CAMPOS, SAO PAULO, SAO ROQUE

PJHL220118
PABLO VITTAR
M
01/07/1997
(57) 90113-9135
ONIX
JHL-8560
22/01/19
18:40
220.94
1
COTIA, JUNDIAI, LORENA, OSASCO, RIO DE JANEIRO, SAO JOSE DOS CAMPOS, SAO PAULO, SAO ROQUE, SOROCABA, TAUBATE

PJIJ120206
PABLO VITTAR
F
02/04/1995
(82) 34225-4936
COROLLA
JIJ-5940
12/02/19
06:46
112.12
1
LORENA, SAO JOSE DOS CAMPOS, SAO PAULO, SOROCABA

TDNJ091107
TATIANA MONTEIRO
M
02/02/1996
(57) 32642-8187
COROLLA
DNJ-8414
09/11/19
07:36
018.77
3
COTIA, JUNDIAI, LORENA, OSASCO, SAO JOSE DOS CAMPOS, SAO PAULO, SOROCABA, TAUBATE

TOPV180920
TATIANA MONTEIRO
F
27/01/1991
(41) 24609-3323
FUSCA
OPV-3401
18/09/19
20:14
229.79
4
COTIA, JUNDIAI, LORENA, OSASCO, SAO JOSE DOS CAMPOS
**********************LISTAR**********************
AIQC170414
ALEXANDRE O MEDIO
M
12/05/1994
(10) 05807-7143
UNO
IQC-6109
17/04/19
14:44
085.24
2
LORENA, RIO DE JANEIRO, SAO JOSE DOS CAMPOS

BOBB010515
BRUNA MARQUEZINE
M
18/04/1995
(27) 37415-5874
HB20
OBB-2284
01/05/19
15:33
151.68
4
JUNDIAI, SAO PAULO, SAO ROQUE, TAUBATE

EFLJ150804
EDUARDO COSTA
M
15/03/1989
(43) 64902-6830
FUSCA
FLJ-4005
15/08/19
04:08
233.01
3
COTIA, JUNDIAI, LORENA, OSASCO, RIO DE JANEIRO, SAO JOSE DOS CAMPOS, SAO PAULO, SAO ROQUE, SOROCABA, TAUBATE

EGRT121103
EVELYN DOS SANTOS
F
23/09/1993
(70) 70074-6806
HB20
GRT-8683
12/11/19
03:25
039.49
4
JUNDIAI, OSASCO

GMOA070816
GABRIEL THE ANGEL
M
16/06/1999
(80) 28199-4687
ONIX
MOA-7599
07/08/19
16:54
056.17
4
SAO JOSE DOS CAMPOS, SAO PAULO

JQWJ070211
JULIA ANDRADE
F
01/02/1999
(85) 69160-2357
COROLLA
QWJ-5884
07/02/19
11:29
097.74
2
COTIA, JUNDIAI, LORENA, OSASCO, RIO DE JANEIRO, SAO JOSE DOS CAMPOS, SAO PAULO, SAO ROQUE

PJHL220118
PABLO VITTAR
M
01/07/1997
(57) 90113-9135
ONIX
JHL-8560
22/01/19
18:40
220.94
1
COTIA, JUNDIAI, LORENA, OSASCO, RIO DE JANEIRO, SAO JOSE DOS CAMPOS, SAO PAULO, SAO ROQUE, SOROCABA, TAUBATE

PJIJ120206
PABLO VITTAR
F
02/04/1995
(82) 34225-4936
COROLLA
JIJ-5940
12/02/19
06:46
112.12
1
LORENA, SAO JOSE DOS CAMPOS, SAO PAULO, SOROCABA

TDNJ091107
TATIANA MONTEIRO
M
02/02/1996
(57) 32642-8187
COROLLA
DNJ-8414
09/11/19
07:36
018.77
3
COTIA, JUNDIAI, LORENA, OSASCO, SAO JOSE DOS CAMPOS, SAO PAULO, SOROCABA, TAUBATE

TOPV180920
TATIANA MONTEIRO
F
27/01/1991
(41) 24609-3323
FUSCA
OPV-3401
18/09/19
20:14
229.79
4
COTIA, JUNDIAI, LORENA, OSASCO, SAO JOSE DOS CAMPOS
*****************ARQUIVO SECUNDARIO****************
PJHL220118 22/01/19
JQWJ070211 07/02/19
PJIJ120206 12/02/19
AIQC170414 17/04/19
BOBB010515 01/05/19
GMOA070816 07/08/19
EFLJ150804 15/08/19
TOPV180920 18/09/19
TDNJ091107 09/11/19
EGRT121103 12/11/19
**********************LISTAR**********************
AIQC170414
ALEXANDRE O MEDIO
M
12/05/1994
(10) 05807-7143
UNO
IQC-6109
17/04/19
14:44
085.24
2
LORENA, RIO DE JANEIRO, SAO JOSE DOS CAMPOS

BOBB010515
BRUNA MARQUEZINE
M
18/04/1995
(27) 37415-5874
HB20
OBB-2284
01/05/19
15:33
151.68
4
JUNDIAI, SAO PAULO, SAO ROQUE, TAUBATE

EFLJ150804
EDUARDO COSTA
M
15/03/1989
(43) 64902-6830
FUSCA
FLJ-4005
15/08/19
04:08
233.01
3
COTIA, JUNDIAI, LORENA, OSASCO, RIO DE JANEIRO, SAO JOSE DOS CAMPOS, SAO PAULO, SAO ROQUE, SOROCABA, TAUBATE

EGRT121103
EVELYN DOS SANTOS
F
23/09/1993
(70) 70074-6806
HB20
GRT-8683
12/11/19
03:25
039.49
4
JUNDIAI, OSASCO

GMOA070816
GABRIEL THE ANGEL
M
16/06/1999
(80) 28199-4687
ONIX
MOA-7599
07/08/19
16:54
056.17
4
SAO JOSE DOS CAMPOS, SAO PAULO

JQWJ070211
JULIA ANDRADE
F
01/02/1999
(85) 69160-2357
COROLLA
QWJ-5884
07/02/19
11:29
097.74
2
COTIA, JUNDIAI, LORENA, OSASCO, RIO DE JANEIRO, SAO JOSE DOS CAMPOS, SAO PAULO, SAO ROQUE

LWDG051001
LETICIA FERNANDES
M
18/01/1991
(72) 44788-1808
COROLLA
WDG-1705
05/10/19
01:26
086.11
3
JUNDIAI, SAO JOSE DOS CAMPOS, SAO PAULO

LWEV090102
LETICIA FERREIRA DOS SANTOS
F
05/02/1991
(51) 38452-7178
FUSCA
WEV-8238
09/01/19
02:25
122.08
3
COTIA, JUNDIAI, LORENA, OSASCO, RIO DE JANEIRO, SAO JOSE DOS CAMPOS, SAO PAULO, SAO ROQUE, SOROCABA, TAUBATE

PJHL220118
PABLO VITTAR
M
01/07/1997
(57) 90113-9135
ONIX
JHL-8560
22/01/19
18:40
220.94
1
COTIA, JUNDIAI, LORENA, OSASCO, RIO DE JANEIRO, SAO JOSE DOS CAMPOS, SAO PAULO, SAO ROQUE, SOROCABA, TAUBATE

PJIJ120206
PABLO VITTAR
F
02/04/1995
(82) 34225-4936
COROLLA
JIJ-5940
12/02/19
06:46
112.12
1
LORENA, SAO JOSE DOS CAMPOS, SAO PAULO, SOROCABA

TDNJ091107
TATIANA MONTEIRO
M
02/02/1996
(57) 32642-8187
COROLLA
DNJ-8414
09/11/19
07:36
018.77
3
COTIA, JUNDIAI, LORENA, OSASCO, SAO JOSE DOS CAMPOS, SAO PAULO, SOROCABA, TAUBATE

TOPV180920
TATIANA MONTEIRO
F
27/01/1991
(41) 24609-3323
FUSCA
OPV-3401
18/09/19
20:14
229.79
4
COTIA, JUNDIAI, LORENA, OSASCO, SAO JOSE DOS CAMPOS
**********************ARQUIVO*********************
ALEXANDRE O MEDIO@M@12/05/1994@(10) 05807-7143@UNO@IQC-6109@LORENA|RIO DE JANEIRO|SAO JOSE DOS CAMPOS@17/04/19@14:44@085.24@2@##################################################################################################################################PABLO VITTAR@M@01/07/1997@(57) 90113-9135@ONIX@JHL-8560@COTIA|JUNDIAI|LORENA|OSASCO|RIO DE JANEIRO|SAO JOSE DOS CAMPOS|SAO PAULO|SAO ROQUE|SOROCABA|TAUBATE@22/01/19@18:40@220.94@1@############################################################################EVELYN DOS SANTOS@F@23/09/1993@(70) 70074-6806@HB20@GRT-8683@JUNDIAI|OSASCO@12/11/19@03:25@039.49@4@############################################################################################################################################################TATIANA MONTEIRO@F@27/01/1991@(41) 24609-3323@FUSCA@OPV-3401@COTIA|JUNDIAI|LORENA|OSASCO|SAO JOSE DOS CAMPOS@18/09/19@20:14@229.79@4@###########################################################################################################################EDUARDO COSTA@M@15/03/1989@(43) 64902-6830@FUSCA@FLJ-4005@COTIA|JUNDIAI|LORENA|OSASCO|RIO DE JANEIRO|SAO JOSE DOS CAMPOS|SAO PAULO|SAO ROQUE|SOROCABA|TAUBATE@15/08/19@04:08@233.01@3@##########################################################################PABLO VITTAR@F@02/04/1995@(82) 34225-4936@COROLLA@JIJ-5940@LORENA|SAO JOSE DOS CAMPOS|SAO PAULO|SOROCABA@12/02/19@06:46@112.12@1@###############################################################################################################################GABRIEL THE ANGEL@M@16/06/1999@(80) 28199-4687@ONIX@MOA-7599@SAO JOSE DOS CAMPOS|SAO PAULO@07/08/19@16:54@056.17@4@#############################################################################################################################################JULIA ANDRADE@F@01/02/1999@(85) 69160-2357@COROLLA@QWJ-5884@COTIA|JUNDIAI|LORENA|OSASCO|RIO DE JANEIRO|SAO JOSE DOS CAMPOS|SAO PAULO|SAO ROQUE@07/02/19@11:29@097.74@2@#########################################################################################TATIANA MONTEIRO@M@02/02/1996@(57) 32642-8187@COROLLA@DNJ-8414@COTIA|JUNDIAI|LORENA|OSASCO|SAO JOSE DOS CAMPOS|SAO PAULO|SOROCABA|TAUBATE@09/11/19@07:36@018.77@3@##############################################################################################BRUNA MARQUEZINE@M@18/04/1995@(27) 37415-5874@HB20@OBB-2284@JUNDIAI|SAO PAULO|SAO ROQUE|TAUBATE@01/05/19@15:33@151.68@4@########################################################################################################################################LETICIA FERREIRA DOS SANTOS@F@05/02/1991@(51) 38452-7178@FUSCA@WEV-8238@COTIA|JUNDIAI|LORENA|OSASCO|RIO DE JANEIRO|SAO JOSE DOS CAMPOS|SAO PAULO|SAO ROQUE|SOROCABA|TAUBATE@09/01/19@02:25@122.08@3@############################################################LETICIA FERNANDES@M@18/01/1991@(72) 44788-1808@COROLLA@WDG-1705@JUNDIAI|SAO JOSE DOS CAMPOS|SAO PAULO@05/10/19@01:26@086.11@3@##################################################################################################################################
**********************BUSCAR**********************
LWDG051001
LETICIA FERNANDES
M
18/01/1991
(72) 44788-1808
COROLLA
WDG-1705
05/10/19
01:26
086.11
3
JUNDIAI, SAO JOSE DOS CAMPOS, SAO PAULO
**********************ARQUIVO*********************
ALEXANDRE O MEDIO@M@12/05/1994@(10) 05807-7143@UNO@IQC-6109@LORENA|RIO DE JANEIRO|SAO JOSE DOS CAMPOS@17/04/19@14:44@085.24@2@##################################################################################################################################PABLO VITTAR@M@01/07/1997@(57) 90113-9135@ONIX@JHL-8560@COTIA|JUNDIAI|LORENA|OSASCO|RIO DE JANEIRO|SAO JOSE DOS CAMPOS|SAO PAULO|SAO ROQUE|SOROCABA|TAUBATE@22/01/19@18:40@220.94@1@############################################################################EVELYN DOS SANTOS@F@23/09/1993@(70) 70074-6806@HB20@GRT-8683@JUNDIAI|OSASCO@12/11/19@03:25@039.49@4@############################################################################################################################################################TATIANA MONTEIRO@F@27/01/1991@(41) 24609-3323@FUSCA@OPV-3401@COTIA|JUNDIAI|LORENA|OSASCO|SAO JOSE DOS CAMPOS@18/09/19@20:14@229.79@4@###########################################################################################################################EDUARDO COSTA@M@15/03/1989@(43) 64902-6830@FUSCA@FLJ-4005@COTIA|JUNDIAI|LORENA|OSASCO|RIO DE JANEIRO|SAO JOSE DOS CAMPOS|SAO PAULO|SAO ROQUE|SOROCABA|TAUBATE@15/08/19@04:08@233.01@3@##########################################################################PABLO VITTAR@F@02/04/1995@(82) 34225-4936@COROLLA@JIJ-5940@LORENA|SAO JOSE DOS CAMPOS|SAO PAULO|SOROCABA@12/02/19@06:46@112.12@1@###############################################################################################################################GABRIEL THE ANGEL@M@16/06/1999@(80) 28199-4687@ONIX@MOA-7599@SAO JOSE DOS CAMPOS|SAO PAULO@07/08/19@16:54@056.17@4@#############################################################################################################################################JULIA ANDRADE@F@01/02/1999@(85) 69160-2357@COROLLA@QWJ-5884@COTIA|JUNDIAI|LORENA|OSASCO|RIO DE JANEIRO|SAO JOSE DOS CAMPOS|SAO PAULO|SAO ROQUE@07/02/19@11:29@097.74@2@#########################################################################################TATIANA MONTEIRO@M@02/02/1996@(57) 32642-8187@COROLLA@DNJ-8414@COTIA|JUNDIAI|LORENA|OSASCO|SAO JOSE DOS CAMPOS|SAO PAULO|SOROCABA|TAUBATE@09/11/19@07:36@018.77@3@##############################################################################################BRUNA MARQUEZINE@M@18/04/1995@(27) 37415-5874@HB20@OBB-2284@JUNDIAI|SAO PAULO|SAO ROQUE|TAUBATE@01/05/19@15:33@151.68@4@########################################################################################################################################LETICIA FERREIRA DOS SANTOS@F@05/02/1991@(51) 38452-7178@FUSCA@WEV-8238@COTIA|JUNDIAI|LORENA|OSASCO|RIO DE JANEIRO|SAO JOSE DOS CAMPOS|SAO PAULO|SAO ROQUE|SOROCABA|TAUBATE@09/01/19@02:25@122.08@3@############################################################LETICIA FERNANDES@M@18/01/1991@(72) 44788-1808@COROLLA@WDG-1705@JUNDIAI|SAO JOSE DOS CAMPOS|SAO PAULO@05/10/19@01:26@086.11@3@##################################################################################################################################
**********************LISTAR**********************
AIQC170414
ALEXANDRE O MEDIO
M
12/05/1994
(10) 05807-7143
UNO
IQC-6109
17/04/19
14:44
085.24
2
LORENA, RIO DE JANEIRO, SAO JOSE DOS CAMPOS

BOBB010515
BRUNA MARQUEZINE
M
18/04/1995
(27) 37415-5874
HB20
OBB-2284
01/05/19
15:33
151.68
4
JUNDIAI, SAO PAULO, SAO ROQUE, TAUBATE

EFLJ150804
EDUARDO COSTA
M
15/03/1989
(43) 64902-6830
FUSCA
FLJ-4005
15/08/19
04:08
233.01
3
COTIA, JUNDIAI, LORENA, OSASCO, RIO DE JANEIRO, SAO JOSE DOS CAMPOS, SAO PAULO, SAO ROQUE, SOROCABA, TAUBATE

EGRT121103
EVELYN DOS SANTOS
F
23/09/1993
(70) 70074-6806
HB20
GRT-8683
12/11/19
03:25
039.49
4
JUNDIAI, OSASCO

GMOA070816
GABRIEL THE ANGEL
M
16/06/1999
(80) 28199-4687
ONIX
MOA-7599
07/08/19
16:54
056.17
4
SAO JOSE DOS CAMPOS, SAO PAULO

JQWJ070211
JULIA ANDRADE
F
01/02/1999
(85) 69160-2357
COROLLA
QWJ-5884
07/02/19
11:29
097.74
2
COTIA, JUNDIAI, LORENA, OSASCO, RIO DE JANEIRO, SAO JOSE DOS CAMPOS, SAO PAULO, SAO ROQUE

LWDG051001
LETICIA FERNANDES
M
18/01/1991
(72) 44788-1808
COROLLA
WDG-1705
05/10/19
01:26
086.11
3
JUNDIAI, SAO JOSE DOS CAMPOS, SAO PAULO

LWEV090102
LETICIA FERREIRA DOS SANTOS
F
05/02/1991
(51) 38452-7178
FUSCA
WEV-8238
09/01/19
02:25
122.08
3
COTIA, JUNDIAI, LORENA, OSASCO, RIO DE JANEIRO, SAO JOSE DOS CAMPOS, SAO PAULO, SAO ROQUE, SOROCABA, TAUBATE

PJHL220118
PABLO VITTAR
M
01/07/1997
(57) 90113-9135
ONIX
JHL-8560
22/01/19
18:40
220.94
1
COTIA, JUNDIAI, LORENA, OSASCO, RIO DE JANEIRO, SAO JOSE DOS CAMPOS, SAO PAULO, SAO ROQUE, SOROCABA, TAUBATE

PJIJ120206
PABLO VITTAR
F
02/04/1995
(82) 34225-4936
COROLLA
JIJ-5940
12/02/19
06:46
112.12
1
LORENA, SAO JOSE DOS CAMPOS, SAO PAULO, SOROCABA

TDNJ091107
TATIANA MONTEIRO
M
02/02/1996
(57) 32642-8187
COROLLA
DNJ-8414
09/11/19
07:36
018.77
3
COTIA, JUNDIAI, LORENA, OSASCO, SAO JOSE DOS CAMPOS, SAO PAULO, SOROCABA, TAUBATE

TOPV180920
TATIANA MONTEIRO
F
27/01/1991
(41) 24609-3323
FUSCA
OPV-3401
18/09/19
20:14
229.79
4
COTIA, JUNDIAI, LORENA, OSASCO, SAO JOSE DOS CAMPOS
*****************ARQUIVO SECUNDARIO****************
LWEV090102 09/01/19
PJHL220118 22/01/19
JQWJ070211 07/02/19
PJIJ120206 12/02/19
AIQC170414 17/04/19
BOBB010515 01/05/19
GMOA070816 07/08/19
EFLJ150804 15/08/19
TOPV180920 18/09/19
LWDG051001 05/10/19
TDNJ091107 09/11/19
EGRT121103 12/11/19
*****************ARQUIVO SECUNDARIO****************
LWDG051001 01:26
LWEV090102 02:25
EGRT121103 03:25
EFLJ150804 04:08
PJIJ120206 06:46
TDNJ091107 07:36
JQWJ070211 11:29
AIQC170414 14:44
BOBB010515 15:33
GMOA070816 16:54
PJHL220118 18:40
TOPV180920 20:14
**********************LISTAR**********************
AIQC170414
ALEXANDRE O MEDIO
M
12/05/1994
(10) 05807-7143
UNO
IQC-6109
17/04/19
14:44
085.24
2
LORENA, RIO DE JANEIRO, SAO JOSE DOS CAMPOS

BOBB010515
BRUNA MARQUEZINE
M
18/04/1995
(27) 37415-5874
HB20
OBB-2284
01/05/19
15:33
151.68
4
JUNDIAI, SAO PAULO, SAO ROQUE, TAUBATE

EFLJ150804
EDUARDO COSTA
M
15/03/1989
(43) 64902-6830
FUSCA
FLJ-4005
15/08/19
04:08
233.01
3
COTIA, JUNDIAI, LORENA, OSASCO, RIO DE JANEIRO, SAO JOSE DOS CAMPOS, SAO PAULO, SAO ROQUE, SOROCABA, TAUBATE

EGRT121103
EVELYN DOS SANTOS
F
23/09/1993
(70) 70074-6806
HB20
GRT-8683
12/11/19
03:25
039.49
4
JUNDIAI, OSASCO

GMOA070816
GABRIEL THE ANGEL
M
16/06/1999
(80) 28199-4687
ONIX
MOA-7599
07/08/19
16:54
056.17
4
SAO JOSE DOS CAMPOS, SAO PAULO

JQWJ070211
JULIA ANDRADE
F
01/02/1999
(85) 69160-2357
COROLLA
QWJ-5884
07/02/19
11:29
097.74
2
COTIA, JUNDIAI, LORENA, OSASCO, RIO DE JANEIRO, SAO JOSE DOS CAMPOS, SAO PAULO, SAO ROQUE

LWDG051001
LETICIA FERNANDES
M
18/01/1991
(72) 44788-1808
COROLLA
WDG-1705
05/10/19
01:26
086.11
3
JUNDIAI, SAO JOSE DOS CAMPOS, SAO PAULO

LWEV090102
LETICIA FERREIRA DOS SANTOS
F
05/02/1991
(51) 38452-7178
FUSCA
WEV-8238
09/01/19
02:25
122.08
3
COTIA, JUNDIAI, LORENA, OSASCO, RIO DE JANEIRO, SAO JOSE DOS CAMPOS, SAO PAULO, SAO ROQUE, SOROCABA, TAUBATE

PJHL220118
PABLO VITTAR
M
01/07/1997
(57) 90113-9135
ONIX
JHL-8560
22/01/19
18:40
220.94
1
COTIA, JUNDIAI, LORENA, OSASCO, RIO DE JANEIRO, SAO JOSE DOS CAMPOS, SAO PAULO, SAO ROQUE, SOROCABA, TAUBATE

PJIJ120206
PABLO VITTAR
F
02/04/1995
(82) 34225-4936
COROLLA
JIJ-5940
12/02/19
06:46
112.12
1
LORENA, SAO JOSE DOS CAMPOS, SAO PAULO, SOROCABA

TDNJ091107
TATIANA MONTEIRO
M
02/02/1996
(57) 32642-8187
COROLLA
DNJ-8414
09/11/19
07:36
018.77
3
COTIA, JUNDIAI, LORENA, OSASCO, SAO JOSE DOS CAMPOS, SAO PAULO, SOROCABA, TAUBATE

TOPV180920
TATIANA MONTEIRO
F
27/01/1991
(41) 24609-3323
FUSCA
OPV-3401
18/09/19
20:14
229.79
4
COTIA, JUNDIAI, LORENA, OSASCO, SAO JOSE DOS CAMPOS
**********************ARQUIVO*********************
ALEXANDRE O MEDIO@M@12/05/1994@(10) 05807-7143@UNO@IQC-6109@LORENA|RIO DE JANEIRO|SAO JOSE DOS CAMPOS@17/04/19@14:44@085.24@2@##################################################################################################################################PABLO VITTAR@M@01/07/1997@(57) 90113-9135@ONIX@JHL-8560@COTIA|JUNDIAI|LORENA|OSASCO|RIO DE JANEIRO|SAO JOSE DOS CAMPOS|SAO PAULO|SAO ROQUE|SOROCABA|TAUBATE@22/01/19@18:40@220.94@1@############################################################################EVELYN DOS SANTOS@F@23/09/1993@(70) 70074-6806@HB20@GRT-8683@JUNDIAI|OSASCO@12/11/19@03:25@039.49@4@############################################################################################################################################################TATIANA MONTEIRO@F@27/01/1991@(41) 24609-3323@FUSCA@OPV-3401@COTIA|JUNDIAI|LORENA|OSASCO|SAO JOSE DOS CAMPOS@18/09/19@20:14@229.79@4@###########################################################################################################################EDUARDO COSTA@M@15/03/1989@(43) 64902-6830@FUSCA@FLJ-4005@COTIA|JUNDIAI|LORENA|OSASCO|RIO DE JANEIRO|SAO JOSE DOS CAMPOS|SAO PAULO|SAO ROQUE|SOROCABA|TAUBATE@15/08/19@04:08@233.01@3@##########################################################################PABLO VITTAR@F@02/04/1995@(82) 34225-4936@COROLLA@JIJ-5940@LORENA|SAO JOSE DOS CAMPOS|SAO PAULO|SOROCABA@12/02/19@06:46@112.12@1@###############################################################################################################################GABRIEL THE ANGEL@M@16/06/1999@(80) 28199-4687@ONIX@MOA-7599@SAO JOSE DOS CAMPOS|SAO PAULO@07/08/19@16:54@056.17@4@#############################################################################################################################################JULIA ANDRADE@F@01/02/1999@(85) 69160-2357@COROLLA@QWJ-5884@COTIA|JUNDIAI|LORENA|OSASCO|RIO DE JANEIRO|SAO JOSE DOS CAMPOS|SAO PAULO|SAO ROQUE@07/02/19@11:29@097.74@2@#########################################################################################TATIANA MONTEIRO@M@02/02/1996@(57) 32642-8187@COROLLA@DNJ-8414@COTIA|JUNDIAI|LORENA|OSASCO|SAO JOSE DOS CAMPOS|SAO PAULO|SOROCABA|TAUBATE@09/11/19@07:36@018.77@3@##############################################################################################BRUNA MARQUEZINE@M@18/04/1995@(27) 37415-5874@HB20@OBB-2284@JUNDIAI|SAO PAULO|SAO ROQUE|TAUBATE@01/05/19@15:33@151.68@4@########################################################################################################################################LETICIA FERREIRA DOS SANTOS@F@05/02/1991@(51) 38452-7178@FUSCA@WEV-8238@COTIA|JUNDIAI|LORENA|OSASCO|RIO DE JANEIRO|SAO JOSE DOS CAMPOS|SAO PAULO|SAO ROQUE|SOROCABA|TAUBATE@09/01/19@02:25@122.08@3@############################################################LETICIA FERNANDES@M@18/01/1991@(72) 44788-1808@COROLLA@WDG-1705@JUNDIAI|SAO JOSE DOS CAMPOS|SAO PAULO@05/10/19@01:26@086.11@3@##################################################################################################################################
