*****************ARQUIVO SECUNDARIO****************
Arquivo vazio!
**********************ARQUIVO*********************
Arquivo vazio!
*****************ARQUIVO SECUNDARIO****************
JVBQ250109 25/01/19
FPZX200213 20/02/19
*****************ARQUIVO SECUNDARIO****************
COTIA FPZX200213 JVBQ250109
JUNDIAI JVBQ250109
LORENA JVBQ250109
RIO DE JANEIRO FPZX200213
SAO JOSE DOS CAMPOS JVBQ250109
SAO ROQUE FPZX200213
SOROCABA FPZX200213
*****************ARQUIVO SECUNDARIO****************
FPZX200213 FATIMA BERNARDES
JVBQ250109 JULIANA MENDES
TEKP110701 TATIANA MONTEIRO
*****************ARQUIVO SECUNDARIO****************
JVBQ250109 25/01/19
FPZX200213 20/02/19
TEKP110701 11/07/19
*****************ARQUIVO SECUNDARIO****************
TEKP110701 01:18
JVBQ250109 09:12
FPZX200213 13:27
*****************ARQUIVO SECUNDARIO****************
COTIA FPZX200213 JVBQ250109 TEKP110701
JUNDIAI JVBQ250109 TEKP110701
LORENA JVBQ250109 TEKP110701
OSASCO TEKP110701
RIO DE JANEIRO FPZX200213 TEKP110701
SAO JOSE DOS CAMPOS JVBQ250109 TEKP110701
SAO PAULO TEKP110701
SAO ROQUE FPZX200213
SOROCABA FPZX200213 TEKP110701
TAUBATE TEKP110701
**********************ARQUIVO*********************
JULIANA MENDES@F@09/06/1994@(81) 96884-2007@HB20@VBQ-0028@COTIA|JUNDIAI|LORENA|SAO JOSE DOS CAMPOS@25/01/19@09:12@053.95@2@#####################################################################################################################################FATIMA BERNARDES@M@13/11/1998@(79) 77238-2971@GOL@PZX-6190@COTIA|RIO DE JANEIRO|SAO ROQUE|SOROCABA@20/02/19@13:27@030.68@3@#####################################################################################################################################TATIANA MONTEIRO@F@13/12/1990@(65) 65631-0295@HB20@EKP-4628@COTIA|JUNDIAI|LORENA|OSASCO|RIO DE JANEIRO|SAO JOSE DOS CAMPOS|SAO PAULO|SOROCABA|TAUBATE@11/07/19@01:18@022.84@1@##################################################################################
**********************BUSCAR**********************
TEKP110701
TATIANA MONTEIRO
F
13/12/1990
(65) 65631-0295
HB20
EKP-4628
11/07/19
01:18
022.84
1
COTIA, JUNDIAI, LORENA, OSASCO, RIO DE JANEIRO, SAO JOSE DOS CAMPOS, SAO PAULO, SOROCABA, TAUBATE
**********************BUSCAR**********************
JVBQ250109
JULIANA MENDES
F
09/06/1994
(81) 96884-2007
HB20
VBQ-0028
25/01/19
09:12
053.95
2
COTIA, JUNDIAI, LORENA, SAO JOSE DOS CAMPOS
*****************ARQUIVO SECUNDARIO****************
FPZX200213 FATIMA BERNARDES
JVBQ250109 JULIANA MENDES
TEKP110701 TATIANA MONTEIRO
**********************ARQUIVO*********************
JULIANA MENDES@F@09/06/1994@(81) 96884-2007@HB20@VBQ-0028@COTIA|JUNDIAI|LORENA|SAO JOSE DOS CAMPOS@25/01/19@09:12@053.95@2@#####################################################################################################################################FATIMA BERNARDES@M@13/11/1998@(79) 77238-2971@GOL@PZX-6190@COTIA|RIO DE JANEIRO|SAO ROQUE|SOROCABA@20/02/19@13:27@030.68@3@#####################################################################################################################################TATIANA MONTEIRO@F@13/12/1990@(65) 65631-0295@HB20@EKP-4628@COTIA|JUNDIAI|LORENA|OSASCO|RIO DE JANEIRO|SAO JOSE DOS CAMPOS|SAO PAULO|SOROCABA|TAUBATE@11/07/19@01:18@022.84@1@##################################################################################
*****************ARQUIVO SECUNDARIO****************
COTIA FPZX200213 JVBQ250109 TEKP110701
JUNDIAI JVBQ250109 TEKP110701
LORENA JVBQ250109 TEKP110701
OSASCO TEKP110701
RIO DE JANEIRO FPZX200213 TEKP110701
SAO JOSE DOS CAMPOS JVBQ250109 TEKP110701
SAO PAULO TEKP110701
SAO ROQUE FPZX200213
SOROCABA FPZX200213 TEKP110701
TAUBATE TEKP110701
**********************BUSCAR**********************
FPZX200213
FATIMA BERNARDES
M
13/11/1998
(79) 77238-2971
GOL
PZX-6190
20/02/19
13:27
030.68
3
COTIA, RIO DE JANEIRO, SAO ROQUE, SOROCABA
**********************ARQUIVO*********************
JULIANA MENDES@F@09/06/1994@(81) 96884-2007@HB20@VBQ-0028@COTIA|JUNDIAI|LORENA|SAO JOSE DOS CAMPOS@25/01/19@09:12@053.95@2@#####################################################################################################################################FATIMA BERNARDES@M@13/11/1998@(79) 77238-2971@GOL@PZX-6190@COTIA|RIO DE JANEIRO|SAO ROQUE|SOROCABA@20/02/19@13:27@030.68@3@#####################################################################################################################################TATIANA MONTEIRO@F@13/12/1990@(65) 65631-0295@HB20@EKP-4628@COTIA|JUNDIAI|LORENA|OSASCO|RIO DE JANEIRO|SAO JOSE DOS CAMPOS|SAO PAULO|SOROCABA|TAUBATE@11/07/19@01:18@022.84@1@##################################################################################
*****************ARQUIVO SECUNDARIO****************
JVBQ250109 25/01/19
FPZX200213 20/02/19
TEKP110701 11/07/19
**********************BUSCAR**********************
JVBQ250109
JULIANA MENDES
F
09/06/1994
(81) 96884-2007
HB20
VBQ-0028
25/01/19
09:12
053.95
2
COTIA, JUNDIAI, LORENA, SAO JOSE DOS CAMPOS
*****************ARQUIVO SECUNDARIO****************
JVBQ250109 25/01/19
FPZX200213 20/02/19
TEKP110701 11/07/19
AWOP020806 02/08/19
*****************ARQUIVO SECUNDARIO****************
JVBQ250109 25/01/19
FPZX200213 20/02/19
TEKP110701 11/07/19
AWOP020806 02/08/19
*****************ARQUIVO SECUNDARIO****************
TEKP110701 01:18
AWOP020806 06:02
JVBQ250109 09:12
FPZX200213 13:27
*****************ARQUIVO SECUNDARIO****************
JVBQ250109 25/01/19
FPZX200213 20/02/19
TEKP110701 11/07/19
AWOP020806 02/08/19
**********************BUSCAR**********************
FPZX200213
FATIMA BERNARDES
M
13/11/1998
(79) 77238-2971
GOL
PZX-6190
20/02/19
13:27
030.68
3
COTIA, RIO DE JANEIRO, SAO ROQUE, SOROCABA
**********************ARQUIVO*********************
JULIANA MENDES@F@09/06/1994@(81) 96884-2007@HB20@VBQ-0028@COTIA|JUNDIAI|LORENA|SAO JOSE DOS CAMPOS@25/01/19@09:12@053.95@2@#####################################################################################################################################FATIMA BERNARDES@M@13/11/1998@(79) 77238-2971@GOL@PZX-6190@COTIA|RIO DE JANEIRO|SAO ROQUE|SOROCABA@20/02/19@13:27@030.68@3@#####################################################################################################################################TATIANA MONTEIRO@F@13/12/1990@(65) 65631-0295@HB20@EKP-4628@COTIA|JUNDIAI|LORENA|OSASCO|RIO DE JANEIRO|SAO JOSE DOS CAMPOS|SAO PAULO|SOROCABA|TAUBATE@11/07/19@01:18@022.84@1@##################################################################################ALEXANDRE O MAIS OU MENOS@F@18/07/1993@(57) 88758-7157@CELTA@WOP-3491@LORENA|SAO PAULO@02/08/19@06:02@017.78@1@#################################################################################################################################################
*****************ARQUIVO SECUNDARIO****************
JVBQ250109 25/01/19
FPZX200213 20/02/19
TEKP110701 11/07/19
AWOP020806 02/08/19
**********************ARQUIVO*********************
JULIANA MENDES@F@09/06/1994@(81) 96884-2007@HB20@VBQ-0028@COTIA|JUNDIAI|LORENA|SAO JOSE DOS CAMPOS@25/01/19@09:12@053.95@2@#####################################################################################################################################FATIMA BERNARDES@M@13/11/1998@(79) 77238-2971@GOL@PZX-6190@COTIA|RIO DE JANEIRO|SAO ROQUE|SOROCABA@20/02/19@13:27@030.68@3@#####################################################################################################################################TATIANA MONTEIRO@F@13/12/1990@(65) 65631-0295@HB20@EKP-4628@COTIA|JUNDIAI|LORENA|OSASCO|RIO DE JANEIRO|SAO JOSE DOS CAMPOS|SAO PAULO|SOROCABA|TAUBATE@11/07/19@01:18@022.84@1@##################################################################################ALEXANDRE O MAIS OU MENOS@F@18/07/1993@(57) 88758-7157@CELTA@WOP-3491@LORENA|SAO PAULO@02/08/19@06:02@017.78@1@#################################################################################################################################################
