*****************ARQUIVO SECUNDARIO****************
Arquivo vazio!
**********************ARQUIVO*********************
Arquivo vazio!
*****************ARQUIVO SECUNDARIO****************
COTIA AXAS220518
JUNDIAI AXAS220518
LORENA AXAS220518
OSASCO AXAS220518
RIO DE JANEIRO AXAS220518
SAO PAULO AXAS220518
SOROCABA AXAS220518
TAUBATE AXAS220518
**********************BUSCAR**********************
Registro(s) nao encontrado!
**********************ARQUIVO*********************
ANA JULIA@F@12/07/1992@(12) 99132-1872@TORO@XAS-8050@COTIA|JUNDIAI|LORENA|OSASCO|RIO DE JANEIRO|SAO PAULO|SOROCABA|TAUBATE@22/05/19@18:29@064.31@1@#############################################################################################################JULIANA PAES@F@06/04/1990@(37) 02627-0122@COROLLA@EIP-1938@OSASCO|SAO PAULO@24/12/19@22:46@102.95@2@############################################################################################################################################################MATHEUS LIMA@F@01/10/1998@(22) 78528-7061@CIVIC@TNN-1657@COTIA|LORENA|RIO DE JANEIRO|SAO JOSE DOS CAMPOS|SAO PAULO|SAO ROQUE|SOROCABA@27/09/19@12:46@058.59@2@##################################################################################################
**********************ARQUIVO*********************
ANA JULIA@F@12/07/1992@(12) 99132-1872@TORO@XAS-8050@COTIA|JUNDIAI|LORENA|OSASCO|RIO DE JANEIRO|SAO PAULO|SOROCABA|TAUBATE@22/05/19@18:29@064.31@1@#############################################################################################################JULIANA PAES@F@06/04/1990@(37) 02627-0122@COROLLA@EIP-1938@OSASCO|SAO PAULO@24/12/19@22:46@102.95@2@############################################################################################################################################################MATHEUS LIMA@F@01/10/1998@(22) 78528-7061@CIVIC@TNN-1657@COTIA|LORENA|RIO DE JANEIRO|SAO JOSE DOS CAMPOS|SAO PAULO|SAO ROQUE|SOROCABA@27/09/19@12:46@058.59@2@##################################################################################################
*****************ARQUIVO SECUNDARIO****************
MTNN270912 12:46
AXAS220518 18:29
JEIP241222 22:46
*****************ARQUIVO SECUNDARIO****************
COTIA AXAS220518 MTNN270912
JUNDIAI AXAS220518 LKZH181113
LORENA AXAS220518 MTNN270912
OSASCO AXAS220518 JEIP241222
RIO DE JANEIRO AXAS220518 MTNN270912
SAO JOSE DOS CAMPOS LKZH181113 MTNN270912
SAO PAULO AXAS220518 JEIP241222 LKZH181113 MTNN270912
SAO ROQUE LKZH181113 MTNN270912
SOROCABA AXAS220518 MTNN270912
TAUBATE AXAS220518
*****************ARQUIVO SECUNDARIO****************
COTIA AXAS220518 MTNN270912
JUNDIAI AXAS220518 LKZH181113
LORENA AXAS220518 MTNN270912
OSASCO AXAS220518 JEIP241222
RIO DE JANEIRO AXAS220518 MTNN270912
SAO JOSE DOS CAMPOS LKZH181113 MTNN270912
SAO PAULO AXAS220518 JEIP241222 LKZH181113 MTNN270912
SAO ROQUE LKZH181113 MTNN270912
SOROCABA AXAS220518 MTNN270912
TAUBATE AXAS220518
**********************ARQUIVO*********************
ANA JULIA@F@12/07/1992@(12) 99132-1872@TORO@XAS-8050@COTIA|JUNDIAI|LORENA|OSASCO|RIO DE JANEIRO|SAO PAULO|SOROCABA|TAUBATE@22/05/19@18:29@064.31@1@#############################################################################################################JULIANA PAES@F@06/04/1990@(37) 02627-0122@COROLLA@EIP-1938@OSASCO|SAO PAULO@24/12/19@22:46@102.95@2@############################################################################################################################################################MATHEUS LIMA@F@01/10/1998@(22) 78528-7061@CIVIC@TNN-1657@COTIA|LORENA|RIO DE JANEIRO|SAO JOSE DOS CAMPOS|SAO PAULO|SAO ROQUE|SOROCABA@27/09/19@12:46@058.59@2@##################################################################################################LAVINIE DIAS@F@13/02/1989@(53) 39307-5647@CELTA@KZH-2402@JUNDIAI|SAO JOSE DOS CAMPOS|SAO PAULO|SAO ROQUE@18/11/19@13:05@120.14@3@###############################################################################################################################
*****************ARQUIVO SECUNDARIO****************
COTIA AXAS220518 JNRH121209 MTNN270912
JUNDIAI AXAS220518 LKZH181113
LORENA AXAS220518 JNRH121209 MTNN270912
OSASCO AXAS220518 JEIP241222
RIO DE JANEIRO AXAS220518 MTNN270912
SAO JOSE DOS CAMPOS LKZH181113 MTNN270912
SAO PAULO AXAS220518 JEIP241222 LKZH181113 MTNN270912
SAO ROQUE JNRH121209 LKZH181113 MTNN270912
SOROCABA AXAS220518 MTNN270912
TAUBATE AXAS220518
**********************ARQUIVO*********************
ANA JULIA@F@12/07/1992@(12) 99132-1872@TORO@XAS-8050@COTIA|JUNDIAI|LORENA|OSASCO|RIO DE JANEIRO|SAO PAULO|SOROCABA|TAUBATE@22/05/19@18:29@064.31@1@#############################################################################################################JULIANA PAES@F@06/04/1990@(37) 02627-0122@COROLLA@EIP-1938@OSASCO|SAO PAULO@24/12/19@22:46@102.95@2@############################################################################################################################################################MATHEUS LIMA@F@01/10/1998@(22) 78528-7061@CIVIC@TNN-1657@COTIA|LORENA|RIO DE JANEIRO|SAO JOSE DOS CAMPOS|SAO PAULO|SAO ROQUE|SOROCABA@27/09/19@12:46@058.59@2@##################################################################################################LAVINIE DIAS@F@13/02/1989@(53) 39307-5647@CELTA@KZH-2402@JUNDIAI|SAO JOSE DOS CAMPOS|SAO PAULO|SAO ROQUE@18/11/19@13:05@120.14@3@###############################################################################################################################JULIANA PAES@F@25/11/1994@(49) 25550-8220@TORO@NRH-0768@COTIA|LORENA|SAO ROQUE@12/12/19@09:02@005.01@3@#########################################################################################################################################################
**********************ARQUIVO*********************
ANA JULIA@F@12/07/1992@(12) 99132-1872@TORO@XAS-8050@COTIA|JUNDIAI|LORENA|OSASCO|RIO DE JANEIRO|SAO PAULO|SOROCABA|TAUBATE@22/05/19@18:29@064.31@1@#############################################################################################################JULIANA PAES@F@06/04/1990@(37) 02627-0122@COROLLA@EIP-1938@OSASCO|SAO PAULO@24/12/19@22:46@102.95@2@############################################################################################################################################################MATHEUS LIMA@F@01/10/1998@(22) 78528-7061@CIVIC@TNN-1657@COTIA|LORENA|RIO DE JANEIRO|SAO JOSE DOS CAMPOS|SAO PAULO|SAO ROQUE|SOROCABA@27/09/19@12:46@058.59@2@##################################################################################################LAVINIE DIAS@F@13/02/1989@(53) 39307-5647@CELTA@KZH-2402@JUNDIAI|SAO JOSE DOS CAMPOS|SAO PAULO|SAO ROQUE@18/11/19@13:05@120.14@3@###############################################################################################################################JULIANA PAES@F@25/11/1994@(49) 25550-8220@TORO@NRH-0768@COTIA|LORENA|SAO ROQUE@12/12/19@09:02@005.01@3@#########################################################################################################################################################
**********************ARQUIVO*********************
ANA JULIA@F@12/07/1992@(12) 99132-1872@TORO@XAS-8050@COTIA|JUNDIAI|LORENA|OSASCO|RIO DE JANEIRO|SAO PAULO|SOROCABA|TAUBATE@22/05/19@18:29@064.31@1@#############################################################################################################JULIANA PAES@F@06/04/1990@(37) 02627-0122@COROLLA@EIP-1938@OSASCO|SAO PAULO@24/12/19@22:46@102.95@2@############################################################################################################################################################MATHEUS LIMA@F@01/10/1998@(22) 78528-7061@CIVIC@TNN-1657@COTIA|LORENA|RIO DE JANEIRO|SAO JOSE DOS CAMPOS|SAO PAULO|SAO ROQUE|SOROCABA@27/09/19@12:46@058.59@2@##################################################################################################LAVINIE DIAS@F@13/02/1989@(53) 39307-5647@CELTA@KZH-2402@JUNDIAI|SAO JOSE DOS CAMPOS|SAO PAULO|SAO ROQUE@18/11/19@13:05@120.14@3@###############################################################################################################################JULIANA PAES@F@25/11/1994@(49) 25550-8220@TORO@NRH-0768@COTIA|LORENA|SAO ROQUE@12/12/19@09:02@005.01@3@#########################################################################################################################################################
**********************BUSCAR**********************
Registro(s) nao encontrado!
**********************ARQUIVO*********************
ANA JULIA@F@12/07/1992@(12) 99132-1872@TORO@XAS-8050@COTIA|JUNDIAI|LORENA|OSASCO|RIO DE JANEIRO|SAO PAULO|SOROCABA|TAUBATE@22/05/19@18:29@064.31@1@#############################################################################################################JULIANA PAES@F@06/04/1990@(37) 02627-0122@COROLLA@EIP-1938@OSASCO|SAO PAULO@24/12/19@22:46@102.95@2@############################################################################################################################################################MATHEUS LIMA@F@01/10/1998@(22) 78528-7061@CIVIC@TNN-1657@COTIA|LORENA|RIO DE JANEIRO|SAO JOSE DOS CAMPOS|SAO PAULO|SAO ROQUE|SOROCABA@27/09/19@12:46@058.59@2@##################################################################################################LAVINIE DIAS@F@13/02/1989@(53) 39307-5647@CELTA@KZH-2402@JUNDIAI|SAO JOSE DOS CAMPOS|SAO PAULO|SAO ROQUE@18/11/19@13:05@120.14@3@###############################################################################################################################JULIANA PAES@F@25/11/1994@(49) 25550-8220@TORO@NRH-0768@COTIA|LORENA|SAO ROQUE@12/12/19@09:02@005.01@3@#########################################################################################################################################################
**********************ARQUIVO*********************
ANA JULIA@F@12/07/1992@(12) 99132-1872@TORO@XAS-8050@COTIA|JUNDIAI|LORENA|OSASCO|RIO DE JANEIRO|SAO PAULO|SOROCABA|TAUBATE@22/05/19@18:29@064.31@1@#############################################################################################################JULIANA PAES@F@06/04/1990@(37) 02627-0122@COROLLA@EIP-1938@OSASCO|SAO PAULO@24/12/19@22:46@102.95@2@############################################################################################################################################################MATHEUS LIMA@F@01/10/1998@(22) 78528-7061@CIVIC@TNN-1657@COTIA|LORENA|RIO DE JANEIRO|SAO JOSE DOS CAMPOS|SAO PAULO|SAO ROQUE|SOROCABA@27/09/19@12:46@058.59@2@##################################################################################################LAVINIE DIAS@F@13/02/1989@(53) 39307-5647@CELTA@KZH-2402@JUNDIAI|SAO JOSE DOS CAMPOS|SAO PAULO|SAO ROQUE@18/11/19@13:05@120.14@3@###############################################################################################################################JULIANA PAES@F@25/11/1994@(49) 25550-8220@TORO@NRH-0768@COTIA|LORENA|SAO ROQUE@12/12/19@09:02@005.01@3@#########################################################################################################################################################PABLO ESCOBAR@F@21/12/1989@(45) 29872-3361@TORO@FJD-2543@JUNDIAI|LORENA|OSASCO|RIO DE JANEIRO|SAO JOSE DOS CAMPOS|SAO PAULO|SAO ROQUE|SOROCABA|TAUBATE@09/04/19@16:34@216.77@3@#################################################################################ANA JULIA@M@24/02/1991@(66) 91684-7455@CIVIC@LJZ-2406@COTIA|OSASCO|SAO JOSE DOS CAMPOS|SOROCABA@05/02/19@02:60@057.05@1@########################################################################################################################################
*****************ARQUIVO SECUNDARIO****************
AXGW051010 ALEXANDRE O GIGANTESCO
ALJZ050202 ANA JULIA
AXAS220518 ANA JULIA
JEIP241222 JULIANA PAES
JNRH121209 JULIANA PAES
LKZH181113 LAVINIE DIAS
MTNN270912 MATHEUS LIMA
PFJD090416 PABLO ESCOBAR
PHFP070607 PABLO PICASSO
**********************BUSCAR**********************
AXAS220518
ANA JULIA
F
12/07/1992
(12) 99132-1872
TORO
XAS-8050
22/05/19
18:29
064.31
1
COTIA, JUNDIAI, LORENA, OSASCO, RIO DE JANEIRO, SAO PAULO, SOROCABA, TAUBATE
**********************BUSCAR**********************
JAMA050210
JULIANA PAES
F
04/04/1998
(26) 32082-3867
GOL
AMA-7580
05/02/19
10:09
192.11
4
LORENA, RIO DE JANEIRO, SAO ROQUE, SOROCABA
**********************BUSCAR**********************
LKZH181113
LAVINIE DIAS
F
13/02/1989
(53) 39307-5647
CELTA
KZH-2402
18/11/19
13:05
120.14
3
JUNDIAI, SAO JOSE DOS CAMPOS, SAO PAULO, SAO ROQUE
**********************BUSCAR**********************
ALJZ050202
ANA JULIA
M
24/02/1991
(66) 91684-7455
CIVIC
LJZ-2406
05/02/19
02:60
057.05
1
COTIA, OSASCO, SAO JOSE DOS CAMPOS, SOROCABA

AXAS220518
ANA JULIA
F
12/07/1992
(12) 99132-1872
TORO
XAS-8050
22/05/19
18:29
064.31
1
COTIA, JUNDIAI, LORENA, OSASCO, RIO DE JANEIRO, SAO PAULO, SOROCABA, TAUBATE

AXGW051010
ALEXANDRE O GIGANTESCO
F
09/06/1991
(24) 11247-1947
TORO
XGW-5122
05/10/19
10:06
093.24
3
JUNDIAI, OSASCO, SAO ROQUE, SOROCABA

JAMA050210
JULIANA PAES
F
04/04/1998
(26) 32082-3867
GOL
AMA-7580
05/02/19
10:09
192.11
4
LORENA, RIO DE JANEIRO, SAO ROQUE, SOROCABA

LQRQ170802
LAVINIE DIAS
F
09/04/1997
(10) 83710-3513
COROLLA
QRQ-8743
17/08/19
02:46
135.72
2
COTIA, JUNDIAI, LORENA, OSASCO, RIO DE JANEIRO, SAO JOSE DOS CAMPOS, SAO PAULO, SAO ROQUE, SOROCABA, TAUBATE

MTNN270912
MATHEUS LIMA
F
01/10/1998
(22) 78528-7061
CIVIC
TNN-1657
27/09/19
12:46
058.59
2
COTIA, LORENA, RIO DE JANEIRO, SAO JOSE DOS CAMPOS, SAO PAULO, SAO ROQUE, SOROCABA

PFJD090416
PABLO ESCOBAR
F
21/12/1989
(45) 29872-3361
TORO
FJD-2543
09/04/19
16:34
216.77
3
JUNDIAI, LORENA, OSASCO, RIO DE JANEIRO, SAO JOSE DOS CAMPOS, SAO PAULO, SAO ROQUE, SOROCABA, TAUBATE

PHFP070607
PABLO PICASSO
F
16/03/1996
(89) 32655-4470
HB20
HFP-7672
07/06/19
07:45
200.51
3
COTIA, JUNDIAI, LORENA, OSASCO, RIO DE JANEIRO, SAO JOSE DOS CAMPOS, SAO PAULO, SAO ROQUE, SOROCABA, TAUBATE
**********************ARQUIVO*********************
ANA JULIA@F@12/07/1992@(12) 99132-1872@TORO@XAS-8050@COTIA|JUNDIAI|LORENA|OSASCO|RIO DE JANEIRO|SAO PAULO|SOROCABA|TAUBATE@22/05/19@18:29@064.31@1@#############################################################################################################JULIANA PAES@F@06/04/1990@(37) 02627-0122@COROLLA@EIP-1938@OSASCO|SAO PAULO@24/12/19@22:46@102.95@2@############################################################################################################################################################MATHEUS LIMA@F@01/10/1998@(22) 78528-7061@CIVIC@TNN-1657@COTIA|LORENA|RIO DE JANEIRO|SAO JOSE DOS CAMPOS|SAO PAULO|SAO ROQUE|SOROCABA@27/09/19@12:46@058.59@2@##################################################################################################LAVINIE DIAS@F@13/02/1989@(53) 39307-5647@CELTA@KZH-2402@JUNDIAI|SAO JOSE DOS CAMPOS|SAO PAULO|SAO ROQUE@18/11/19@13:05@120.14@3@###############################################################################################################################JULIANA PAES@F@25/11/1994@(49) 25550-8220@TORO@NRH-0768@COTIA|LORENA|SAO ROQUE@12/12/19@09:02@005.01@3@#########################################################################################################################################################PABLO ESCOBAR@F@21/12/1989@(45) 29872-3361@TORO@FJD-2543@JUNDIAI|LORENA|OSASCO|RIO DE JANEIRO|SAO JOSE DOS CAMPOS|SAO PAULO|SAO ROQUE|SOROCABA|TAUBATE@09/04/19@16:34@216.77@3@#################################################################################ANA JULIA@M@24/02/1991@(66) 91684-7455@CIVIC@LJZ-2406@COTIA|OSASCO|SAO JOSE DOS CAMPOS|SOROCABA@05/02/19@02:60@057.05@1@########################################################################################################################################PABLO PICASSO@F@16/03/1996@(89) 32655-4470@HB20@HFP-7672@COTIA|JUNDIAI|LORENA|OSASCO|RIO DE JANEIRO|SAO JOSE DOS CAMPOS|SAO PAULO|SAO ROQUE|SOROCABA|TAUBATE@07/06/19@07:45@200.51@3@###########################################################################ALEXANDRE O GIGANTESCO@F@09/06/1991@(24) 11247-1947@TORO@XGW-5122@JUNDIAI|OSASCO|SAO ROQUE|SOROCABA@05/10/19@10:06@093.24@3@####################################################################################################################################LAVINIE DIAS@F@09/04/1997@(10) 83710-3513@COROLLA@QRQ-8743@COTIA|JUNDIAI|LORENA|OSASCO|RIO DE JANEIRO|SAO JOSE DOS CAMPOS|SAO PAULO|SAO ROQUE|SOROCABA|TAUBATE@17/08/19@02:46@135.72@2@#########################################################################JULIANA PAES@F@04/04/1998@(26) 32082-3867@GOL@AMA-7580@LORENA|RIO DE JANEIRO|SAO ROQUE|SOROCABA@05/02/19@10:09@192.11@4@########################################################################################################################################FELIPE COUTINHO@M@02/02/1999@(79) 92279-5539@CIVIC@WOE-6623@COTIA|JUNDIAI|LORENA|OSASCO|SAO JOSE DOS CAMPOS|SAO PAULO|SOROCABA|TAUBATE@22/08/19@06:18@127.23@4@#################################################################################################
*****************ARQUIVO SECUNDARIO****************
COTIA ALJZ050202 AXAS220518 FWOE220806 JNRH121209 LQRQ170802 LSJT240618 MTNN270912 PHFP070607
JUNDIAI AXAS220518 AXGW051010 FWOE220806 LKZH181113 LQRQ170802 LSJT240618 PFJD090416 PHFP070607
LORENA AXAS220518 FWOE220806 JAMA050210 JNRH121209 LQRQ170802 LSJT240618 MTNN270912 PFJD090416 PHFP070607
OSASCO ALJZ050202 AXAS220518 AXGW051010 FWOE220806 JEIP241222 LQRQ170802 LSJT240618 PFJD090416 PHFP070607
RIO DE JANEIRO AXAS220518 JAMA050210 LQRQ170802 LSJT240618 MTNN270912 PFJD090416 PHFP070607
SAO JOSE DOS CAMPOS ALJZ050202 FWOE220806 LKZH181113 LQRQ170802 LSJT240618 MTNN270912 PFJD090416 PHFP070607
SAO PAULO AXAS220518 FWOE220806 JEIP241222 LKZH181113 LQRQ170802 LSJT240618 MTNN270912 PFJD090416 PHFP070607
SAO ROQUE AXGW051010 JAMA050210 JNRH121209 LKZH181113 LQRQ170802 LSJT240618 MTNN270912 PFJD090416 PHFP070607
SOROCABA ALJZ050202 AXAS220518 AXGW051010 FWOE220806 JAMA050210 LQRQ170802 LSJT240618 MTNN270912 PFJD090416 PHFP070607
TAUBATE AXAS220518 FWOE220806 LQRQ170802 LSJT240618 PFJD090416 PHFP070607
**********************ARQUIVO*********************
ANA JULIA@F@12/07/1992@(12) 99132-1872@TORO@XAS-8050@COTIA|JUNDIAI|LORENA|OSASCO|RIO DE JANEIRO|SAO PAULO|SOROCABA|TAUBATE@22/05/19@18:29@064.31@1@#############################################################################################################JULIANA PAES@F@06/04/1990@(37) 02627-0122@COROLLA@EIP-1938@OSASCO|SAO PAULO@24/12/19@22:46@102.95@2@############################################################################################################################################################MATHEUS LIMA@F@01/10/1998@(22) 78528-7061@CIVIC@TNN-1657@COTIA|LORENA|RIO DE JANEIRO|SAO JOSE DOS CAMPOS|SAO PAULO|SAO ROQUE|SOROCABA@27/09/19@12:46@058.59@2@##################################################################################################LAVINIE DIAS@F@13/02/1989@(53) 39307-5647@CELTA@KZH-2402@JUNDIAI|SAO JOSE DOS CAMPOS|SAO PAULO|SAO ROQUE@18/11/19@13:05@120.14@3@###############################################################################################################################JULIANA PAES@F@25/11/1994@(49) 25550-8220@TORO@NRH-0768@COTIA|LORENA|SAO ROQUE@12/12/19@09:02@005.01@3@#########################################################################################################################################################PABLO ESCOBAR@F@21/12/1989@(45) 29872-3361@TORO@FJD-2543@JUNDIAI|LORENA|OSASCO|RIO DE JANEIRO|SAO JOSE DOS CAMPOS|SAO PAULO|SAO ROQUE|SOROCABA|TAUBATE@09/04/19@16:34@216.77@3@#################################################################################ANA JULIA@M@24/02/1991@(66) 91684-7455@CIVIC@LJZ-2406@COTIA|OSASCO|SAO JOSE DOS CAMPOS|SOROCABA@05/02/19@02:60@057.05@1@########################################################################################################################################PABLO PICASSO@F@16/03/1996@(89) 32655-4470@HB20@HFP-7672@COTIA|JUNDIAI|LORENA|OSASCO|RIO DE JANEIRO|SAO JOSE DOS CAMPOS|SAO PAULO|SAO ROQUE|SOROCABA|TAUBATE@07/06/19@07:45@200.51@3@###########################################################################ALEXANDRE O GIGANTESCO@F@09/06/1991@(24) 11247-1947@TORO@XGW-5122@JUNDIAI|OSASCO|SAO ROQUE|SOROCABA@05/10/19@10:06@093.24@3@####################################################################################################################################LAVINIE DIAS@F@09/04/1997@(10) 83710-3513@COROLLA@QRQ-8743@COTIA|JUNDIAI|LORENA|OSASCO|RIO DE JANEIRO|SAO JOSE DOS CAMPOS|SAO PAULO|SAO ROQUE|SOROCABA|TAUBATE@17/08/19@02:46@135.72@2@#########################################################################JULIANA PAES@F@04/04/1998@(26) 32082-3867@GOL@AMA-7580@LORENA|RIO DE JANEIRO|SAO ROQUE|SOROCABA@05/02/19@10:09@192.11@4@########################################################################################################################################FELIPE COUTINHO@M@02/02/1999@(79) 92279-5539@CIVIC@WOE-6623@COTIA|JUNDIAI|LORENA|OSASCO|SAO JOSE DOS CAMPOS|SAO PAULO|SOROCABA|TAUBATE@22/08/19@06:18@127.23@4@#################################################################################################LETICIA OLIVEIRA FERREIRA@F@18/08/1998@(65) 15293-1990@CELTA@SJT-6665@COTIA|JUNDIAI|LORENA|OSASCO|RIO DE JANEIRO|SAO JOSE DOS CAMPOS|SAO PAULO|SAO ROQUE|SOROCABA|TAUBATE@24/06/19@18:34@102.62@2@##############################################################
**********************BUSCAR**********************
Registro(s) nao encontrado!
*****************ARQUIVO SECUNDARIO****************
AXGW051010 ALEXANDRE O GIGANTESCO
ALJZ050202 ANA JULIA
AXAS220518 ANA JULIA
FWOE220806 FELIPE COUTINHO
JZFY231215 JULIANA MENDES
JAMA050210 JULIANA PAES
JEIP241222 JULIANA PAES
JNRH121209 JULIANA PAES
LKZH181113 LAVINIE DIAS
LQRQ170802 LAVINIE DIAS
LSJT240618 LETICIA OLIVEIRA FERREIRA
MTNN270912 MATHEUS LIMA
PFJD090416 PABLO ESCOBAR
PHFP070607 PABLO PICASSO
**********************ARQUIVO*********************
ANA JULIA@F@12/07/1992@(12) 99132-1872@TORO@XAS-8050@COTIA|JUNDIAI|LORENA|OSASCO|RIO DE JANEIRO|SAO PAULO|SOROCABA|TAUBATE@22/05/19@18:29@064.31@1@#############################################################################################################JULIANA PAES@F@06/04/1990@(37) 02627-0122@COROLLA@EIP-1938@OSASCO|SAO PAULO@24/12/19@22:46@102.95@2@############################################################################################################################################################MATHEUS LIMA@F@01/10/1998@(22) 78528-7061@CIVIC@TNN-1657@COTIA|LORENA|RIO DE JANEIRO|SAO JOSE DOS CAMPOS|SAO PAULO|SAO ROQUE|SOROCABA@27/09/19@12:46@058.59@2@##################################################################################################LAVINIE DIAS@F@13/02/1989@(53) 39307-5647@CELTA@KZH-2402@JUNDIAI|SAO JOSE DOS CAMPOS|SAO PAULO|SAO ROQUE@18/11/19@13:05@120.14@3@###############################################################################################################################JULIANA PAES@F@25/11/1994@(49) 25550-8220@TORO@NRH-0768@COTIA|LORENA|SAO ROQUE@12/12/19@09:02@005.01@3@#########################################################################################################################################################PABLO ESCOBAR@F@21/12/1989@(45) 29872-3361@TORO@FJD-2543@JUNDIAI|LORENA|OSASCO|RIO DE JANEIRO|SAO JOSE DOS CAMPOS|SAO PAULO|SAO ROQUE|SOROCABA|TAUBATE@09/04/19@16:34@216.77@3@#################################################################################ANA JULIA@M@24/02/1991@(66) 91684-7455@CIVIC@LJZ-2406@COTIA|OSASCO|SAO JOSE DOS CAMPOS|SOROCABA@05/02/19@02:60@057.05@1@########################################################################################################################################PABLO PICASSO@F@16/03/1996@(89) 32655-4470@HB20@HFP-7672@COTIA|JUNDIAI|LORENA|OSASCO|RIO DE JANEIRO|SAO JOSE DOS CAMPOS|SAO PAULO|SAO ROQUE|SOROCABA|TAUBATE@07/06/19@07:45@200.51@3@###########################################################################ALEXANDRE O GIGANTESCO@F@09/06/1991@(24) 11247-1947@TORO@XGW-5122@JUNDIAI|OSASCO|SAO ROQUE|SOROCABA@05/10/19@10:06@093.24@3@####################################################################################################################################LAVINIE DIAS@F@09/04/1997@(10) 83710-3513@COROLLA@QRQ-8743@COTIA|JUNDIAI|LORENA|OSASCO|RIO DE JANEIRO|SAO JOSE DOS CAMPOS|SAO PAULO|SAO ROQUE|SOROCABA|TAUBATE@17/08/19@02:46@135.72@2@#########################################################################JULIANA PAES@F@04/04/1998@(26) 32082-3867@GOL@AMA-7580@LORENA|RIO DE JANEIRO|SAO ROQUE|SOROCABA@05/02/19@10:09@192.11@4@########################################################################################################################################FELIPE COUTINHO@M@02/02/1999@(79) 92279-5539@CIVIC@WOE-6623@COTIA|JUNDIAI|LORENA|OSASCO|SAO JOSE DOS CAMPOS|SAO PAULO|SOROCABA|TAUBATE@22/08/19@06:18@127.23@4@#################################################################################################LETICIA OLIVEIRA FERREIRA@F@18/08/1998@(65) 15293-1990@CELTA@SJT-6665@COTIA|JUNDIAI|LORENA|OSASCO|RIO DE JANEIRO|SAO JOSE DOS CAMPOS|SAO PAULO|SAO ROQUE|SOROCABA|TAUBATE@24/06/19@18:34@102.62@2@##############################################################JULIANA MENDES@M@13/12/1998@(11) 31493-2057@FIT@ZFY-6366@COTIA|LORENA|RIO DE JANEIRO@23/12/19@15:43@001.53@1@###################################################################################################################################################
