**********************LISTAR**********************
Registro(s) nao encontrado!
*****************ARQUIVO SECUNDARIO****************
GEUY180612 GABRIEL EL ANGEL
**********************ARQUIVO*********************
GABRIEL EL ANGEL@F@19/07/1990@(80) 28573-4032@CIVIC@EUY-3337@COTIA|JUNDIAI|LORENA|RIO DE JANEIRO|SAO PAULO|SAO ROQUE|SOROCABA@18/06/19@12:09@122.76@4@##########################################################################################################
*****************ARQUIVO SECUNDARIO****************
ABEL131117 ALEXANDRE O PEQUENO
GEUY180612 GABRIEL EL ANGEL
**********************BUSCAR**********************
Registro(s) nao encontrado!
**********************ARQUIVO*********************
GABRIEL EL ANGEL@F@19/07/1990@(80) 28573-4032@CIVIC@EUY-3337@COTIA|JUNDIAI|LORENA|RIO DE JANEIRO|SAO PAULO|SAO ROQUE|SOROCABA@18/06/19@12:09@122.76@4@##########################################################################################################ALEXANDRE O PEQUENO@M@27/08/1999@(94) 65945-9560@CIVIC@BEL-2267@OSASCO|SAO JOSE DOS CAMPOS|SAO PAULO|SAO ROQUE@13/11/19@17:02@160.23@1@#########################################################################################################################LAVINIE DIAS@F@19/07/1991@(34) 14899-2708@COROLLA@XCD-8175@COTIA|JUNDIAI|LORENA|OSASCO|RIO DE JANEIRO|SAO JOSE DOS CAMPOS|SAO PAULO|SAO ROQUE|SOROCABA|TAUBATE@02/11/19@01:35@092.71@3@#########################################################################
**********************LISTAR**********************
GEUY180612
GABRIEL EL ANGEL
F
19/07/1990
(80) 28573-4032
CIVIC
EUY-3337
18/06/19
12:09
122.76
4
COTIA, JUNDIAI, LORENA, RIO DE JANEIRO, SAO PAULO, SAO ROQUE, SOROCABA

LXCD021101
LAVINIE DIAS
F
19/07/1991
(34) 14899-2708
COROLLA
XCD-8175
02/11/19
01:35
092.71
3
COTIA, JUNDIAI, LORENA, OSASCO, RIO DE JANEIRO, SAO JOSE DOS CAMPOS, SAO PAULO, SAO ROQUE, SOROCABA, TAUBATE

GEUY180612
GABRIEL EL ANGEL
F
19/07/1990
(80) 28573-4032
CIVIC
EUY-3337
18/06/19
12:09
122.76
4
COTIA, JUNDIAI, LORENA, RIO DE JANEIRO, SAO PAULO, SAO ROQUE, SOROCABA

LXCD021101
LAVINIE DIAS
F
19/07/1991
(34) 14899-2708
COROLLA
XCD-8175
02/11/19
01:35
092.71
3
COTIA, JUNDIAI, LORENA, OSASCO, RIO DE JANEIRO, SAO JOSE DOS CAMPOS, SAO PAULO, SAO ROQUE, SOROCABA, TAUBATE

GEUY180612
GABRIEL EL ANGEL
F
19/07/1990
(80) 28573-4032
CIVIC
EUY-3337
18/06/19
12:09
122.76
4
COTIA, JUNDIAI, LORENA, RIO DE JANEIRO, SAO PAULO, SAO ROQUE, SOROCABA

LXCD021101
LAVINIE DIAS
F
19/07/1991
(34) 14899-2708
COROLLA
XCD-8175
02/11/19
01:35
092.71
3
COTIA, JUNDIAI, LORENA, OSASCO, RIO DE JANEIRO, SAO JOSE DOS CAMPOS, SAO PAULO, SAO ROQUE, SOROCABA, TAUBATE

ABEL131117
ALEXANDRE O PEQUENO
M
27/08/1999
(94) 65945-9560
CIVIC
BEL-2267
13/11/19
17:02
160.23
1
OSASCO, SAO JOSE DOS CAMPOS, SAO PAULO, SAO ROQUE

LXCD021101
LAVINIE DIAS
F
19/07/1991
(34) 14899-2708
COROLLA
XCD-8175
02/11/19
01:35
092.71
3
COTIA, JUNDIAI, LORENA, OSASCO, RIO DE JANEIRO, SAO JOSE DOS CAMPOS, SAO PAULO, SAO ROQUE, SOROCABA, TAUBATE

GEUY180612
GABRIEL EL ANGEL
F
19/07/1990
(80) 28573-4032
CIVIC
EUY-3337
18/06/19
12:09
122.76
4
COTIA, JUNDIAI, LORENA, RIO DE JANEIRO, SAO PAULO, SAO ROQUE, SOROCABA

LXCD021101
LAVINIE DIAS
F
19/07/1991
(34) 14899-2708
COROLLA
XCD-8175
02/11/19
01:35
092.71
3
COTIA, JUNDIAI, LORENA, OSASCO, RIO DE JANEIRO, SAO JOSE DOS CAMPOS, SAO PAULO, SAO ROQUE, SOROCABA, TAUBATE

ABEL131117
ALEXANDRE O PEQUENO
M
27/08/1999
(94) 65945-9560
CIVIC
BEL-2267
13/11/19
17:02
160.23
1
OSASCO, SAO JOSE DOS CAMPOS, SAO PAULO, SAO ROQUE

LXCD021101
LAVINIE DIAS
F
19/07/1991
(34) 14899-2708
COROLLA
XCD-8175
02/11/19
01:35
092.71
3
COTIA, JUNDIAI, LORENA, OSASCO, RIO DE JANEIRO, SAO JOSE DOS CAMPOS, SAO PAULO, SAO ROQUE, SOROCABA, TAUBATE

ABEL131117
ALEXANDRE O PEQUENO
M
27/08/1999
(94) 65945-9560
CIVIC
BEL-2267
13/11/19
17:02
160.23
1
OSASCO, SAO JOSE DOS CAMPOS, SAO PAULO, SAO ROQUE

GEUY180612
GABRIEL EL ANGEL
F
19/07/1990
(80) 28573-4032
CIVIC
EUY-3337
18/06/19
12:09
122.76
4
COTIA, JUNDIAI, LORENA, RIO DE JANEIRO, SAO PAULO, SAO ROQUE, SOROCABA

GIUV131008
GABRIEL EL ANGEL
F
08/02/1998
(39) 43020-6537
UNO
IUV-9901
13/10/19
08:41
101.98
4
SAO PAULO, SAO ROQUE, SOROCABA

LXCD021101
LAVINIE DIAS
F
19/07/1991
(34) 14899-2708
COROLLA
XCD-8175
02/11/19
01:35
092.71
3
COTIA, JUNDIAI, LORENA, OSASCO, RIO DE JANEIRO, SAO JOSE DOS CAMPOS, SAO PAULO, SAO ROQUE, SOROCABA, TAUBATE

ABEL131117
ALEXANDRE O PEQUENO
M
27/08/1999
(94) 65945-9560
CIVIC
BEL-2267
13/11/19
17:02
160.23
1
OSASCO, SAO JOSE DOS CAMPOS, SAO PAULO, SAO ROQUE

GEUY180612
GABRIEL EL ANGEL
F
19/07/1990
(80) 28573-4032
CIVIC
EUY-3337
18/06/19
12:09
122.76
4
COTIA, JUNDIAI, LORENA, RIO DE JANEIRO, SAO PAULO, SAO ROQUE, SOROCABA

GIUV131008
GABRIEL EL ANGEL
F
08/02/1998
(39) 43020-6537
UNO
IUV-9901
13/10/19
08:41
101.98
4
SAO PAULO, SAO ROQUE, SOROCABA

LXCD021101
LAVINIE DIAS
F
19/07/1991
(34) 14899-2708
COROLLA
XCD-8175
02/11/19
01:35
092.71
3
COTIA, JUNDIAI, LORENA, OSASCO, RIO DE JANEIRO, SAO JOSE DOS CAMPOS, SAO PAULO, SAO ROQUE, SOROCABA, TAUBATE

GEUY180612
GABRIEL EL ANGEL
F
19/07/1990
(80) 28573-4032
CIVIC
EUY-3337
18/06/19
12:09
122.76
4
COTIA, JUNDIAI, LORENA, RIO DE JANEIRO, SAO PAULO, SAO ROQUE, SOROCABA

GIUV131008
GABRIEL EL ANGEL
F
08/02/1998
(39) 43020-6537
UNO
IUV-9901
13/10/19
08:41
101.98
4
SAO PAULO, SAO ROQUE, SOROCABA

LXCD021101
LAVINIE DIAS
F
19/07/1991
(34) 14899-2708
COROLLA
XCD-8175
02/11/19
01:35
092.71
3
COTIA, JUNDIAI, LORENA, OSASCO, RIO DE JANEIRO, SAO JOSE DOS CAMPOS, SAO PAULO, SAO ROQUE, SOROCABA, TAUBATE

LXCD021101
LAVINIE DIAS
F
19/07/1991
(34) 14899-2708
COROLLA
XCD-8175
02/11/19
01:35
092.71
3
COTIA, JUNDIAI, LORENA, OSASCO, RIO DE JANEIRO, SAO JOSE DOS CAMPOS, SAO PAULO, SAO ROQUE, SOROCABA, TAUBATE
**********************ARQUIVO*********************
GABRIEL EL ANGEL@F@19/07/1990@(80) 28573-4032@CIVIC@EUY-3337@COTIA|JUNDIAI|LORENA|RIO DE JANEIRO|SAO PAULO|SAO ROQUE|SOROCABA@18/06/19@12:09@122.76@4@##########################################################################################################ALEXANDRE O PEQUENO@M@27/08/1999@(94) 65945-9560@CIVIC@BEL-2267@OSASCO|SAO JOSE DOS CAMPOS|SAO PAULO|SAO ROQUE@13/11/19@17:02@160.23@1@#########################################################################################################################LAVINIE DIAS@F@19/07/1991@(34) 14899-2708@COROLLA@XCD-8175@COTIA|JUNDIAI|LORENA|OSASCO|RIO DE JANEIRO|SAO JOSE DOS CAMPOS|SAO PAULO|SAO ROQUE|SOROCABA|TAUBATE@02/11/19@01:35@092.71@3@#########################################################################GABRIEL EL ANGEL@F@08/02/1998@(39) 43020-6537@UNO@IUV-9901@SAO PAULO|SAO ROQUE|SOROCABA@13/10/19@08:41@101.98@4@################################################################################################################################################
**********************ARQUIVO*********************
GABRIEL EL ANGEL@F@19/07/1990@(80) 28573-4032@CIVIC@EUY-3337@COTIA|JUNDIAI|LORENA|RIO DE JANEIRO|SAO PAULO|SAO ROQUE|SOROCABA@18/06/19@12:09@122.76@4@##########################################################################################################ALEXANDRE O PEQUENO@M@27/08/1999@(94) 65945-9560@CIVIC@BEL-2267@OSASCO|SAO JOSE DOS CAMPOS|SAO PAULO|SAO ROQUE@13/11/19@17:02@160.23@1@#########################################################################################################################LAVINIE DIAS@F@19/07/1991@(34) 14899-2708@COROLLA@XCD-8175@COTIA|JUNDIAI|LORENA|OSASCO|RIO DE JANEIRO|SAO JOSE DOS CAMPOS|SAO PAULO|SAO ROQUE|SOROCABA|TAUBATE@02/11/19@01:35@092.71@3@#########################################################################GABRIEL EL ANGEL@F@08/02/1998@(39) 43020-6537@UNO@IUV-9901@SAO PAULO|SAO ROQUE|SOROCABA@13/10/19@08:41@101.98@4@################################################################################################################################################MATHEUS LIMA@F@08/11/1999@(14) 20259-6103@ONIX@NMJ-9750@COTIA|LORENA@10/09/19@21:55@060.51@4@###################################################################################################################################################################
**********************BUSCAR**********************
LXCD021101
LAVINIE DIAS
F
19/07/1991
(34) 14899-2708
COROLLA
XCD-8175
02/11/19
01:35
092.71
3
COTIA, JUNDIAI, LORENA, OSASCO, RIO DE JANEIRO, SAO JOSE DOS CAMPOS, SAO PAULO, SAO ROQUE, SOROCABA, TAUBATE
**********************LISTAR**********************
GEUY180612
GABRIEL EL ANGEL
F
19/07/1990
(80) 28573-4032
CIVIC
EUY-3337
18/06/19
12:09
122.76
4
COTIA, JUNDIAI, LORENA, RIO DE JANEIRO, SAO PAULO, SAO ROQUE, SOROCABA

LXCD021101
LAVINIE DIAS
F
19/07/1991
(34) 14899-2708
COROLLA
XCD-8175
02/11/19
01:35
092.71
3
COTIA, JUNDIAI, LORENA, OSASCO, RIO DE JANEIRO, SAO JOSE DOS CAMPOS, SAO PAULO, SAO ROQUE, SOROCABA, TAUBATE

MNMJ100921
MATHEUS LIMA
F
08/11/1999
(14) 20259-6103
ONIX
NMJ-9750
10/09/19
21:55
060.51
4
COTIA, LORENA

GEUY180612
GABRIEL EL ANGEL
F
19/07/1990
(80) 28573-4032
CIVIC
EUY-3337
18/06/19
12:09
122.76
4
COTIA, JUNDIAI, LORENA, RIO DE JANEIRO, SAO PAULO, SAO ROQUE, SOROCABA

LXCD021101
LAVINIE DIAS
F
19/07/1991
(34) 14899-2708
COROLLA
XCD-8175
02/11/19
01:35
092.71
3
COTIA, JUNDIAI, LORENA, OSASCO, RIO DE JANEIRO, SAO JOSE DOS CAMPOS, SAO PAULO, SAO ROQUE, SOROCABA, TAUBATE

GEUY180612
GABRIEL EL ANGEL
F
19/07/1990
(80) 28573-4032
CIVIC
EUY-3337
18/06/19
12:09
122.76
4
COTIA, JUNDIAI, LORENA, RIO DE JANEIRO, SAO PAULO, SAO ROQUE, SOROCABA

LXCD021101
LAVINIE DIAS
F
19/07/1991
(34) 14899-2708
COROLLA
XCD-8175
02/11/19
01:35
092.71
3
COTIA, JUNDIAI, LORENA, OSASCO, RIO DE JANEIRO, SAO JOSE DOS CAMPOS, SAO PAULO, SAO ROQUE, SOROCABA, TAUBATE

MNMJ100921
MATHEUS LIMA
F
08/11/1999
(14) 20259-6103
ONIX
NMJ-9750
10/09/19
21:55
060.51
4
COTIA, LORENA

ABEL131117
ALEXANDRE O PEQUENO
M
27/08/1999
(94) 65945-9560
CIVIC
BEL-2267
13/11/19
17:02
160.23
1
OSASCO, SAO JOSE DOS CAMPOS, SAO PAULO, SAO ROQUE

LXCD021101
LAVINIE DIAS
F
19/07/1991
(34) 14899-2708
COROLLA
XCD-8175
02/11/19
01:35
092.71
3
COTIA, JUNDIAI, LORENA, OSASCO, RIO DE JANEIRO, SAO JOSE DOS CAMPOS, SAO PAULO, SAO ROQUE, SOROCABA, TAUBATE

GEUY180612
GABRIEL EL ANGEL
F
19/07/1990
(80) 28573-4032
CIVIC
EUY-3337
18/06/19
12:09
122.76
4
COTIA, JUNDIAI, LORENA, RIO DE JANEIRO, SAO PAULO, SAO ROQUE, SOROCABA

LXCD021101
LAVINIE DIAS
F
19/07/1991
(34) 14899-2708
COROLLA
XCD-8175
02/11/19
01:35
092.71
3
COTIA, JUNDIAI, LORENA, OSASCO, RIO DE JANEIRO, SAO JOSE DOS CAMPOS, SAO PAULO, SAO ROQUE, SOROCABA, TAUBATE

ABEL131117
ALEXANDRE O PEQUENO
M
27/08/1999
(94) 65945-9560
CIVIC
BEL-2267
13/11/19
17:02
160.23
1
OSASCO, SAO JOSE DOS CAMPOS, SAO PAULO, SAO ROQUE

LXCD021101
LAVINIE DIAS
F
19/07/1991
(34) 14899-2708
COROLLA
XCD-8175
02/11/19
01:35
092.71
3
COTIA, JUNDIAI, LORENA, OSASCO, RIO DE JANEIRO, SAO JOSE DOS CAMPOS, SAO PAULO, SAO ROQUE, SOROCABA, TAUBATE

ABEL131117
ALEXANDRE O PEQUENO
M
27/08/1999
(94) 65945-9560
CIVIC
BEL-2267
13/11/19
17:02
160.23
1
OSASCO, SAO JOSE DOS CAMPOS, SAO PAULO, SAO ROQUE

GEUY180612
GABRIEL EL ANGEL
F
19/07/1990
(80) 28573-4032
CIVIC
EUY-3337
18/06/19
12:09
122.76
4
COTIA, JUNDIAI, LORENA, RIO DE JANEIRO, SAO PAULO, SAO ROQUE, SOROCABA

GIUV131008
GABRIEL EL ANGEL
F
08/02/1998
(39) 43020-6537
UNO
IUV-9901
13/10/19
08:41
101.98
4
SAO PAULO, SAO ROQUE, SOROCABA

LXCD021101
LAVINIE DIAS
F
19/07/1991
(34) 14899-2708
COROLLA
XCD-8175
02/11/19
01:35
092.71
3
COTIA, JUNDIAI, LORENA, OSASCO, RIO DE JANEIRO, SAO JOSE DOS CAMPOS, SAO PAULO, SAO ROQUE, SOROCABA, TAUBATE

ABEL131117
ALEXANDRE O PEQUENO
M
27/08/1999
(94) 65945-9560
CIVIC
BEL-2267
13/11/19
17:02
160.23
1
OSASCO, SAO JOSE DOS CAMPOS, SAO PAULO, SAO ROQUE

GEUY180612
GABRIEL EL ANGEL
F
19/07/1990
(80) 28573-4032
CIVIC
EUY-3337
18/06/19
12:09
122.76
4
COTIA, JUNDIAI, LORENA, RIO DE JANEIRO, SAO PAULO, SAO ROQUE, SOROCABA

GIUV131008
GABRIEL EL ANGEL
F
08/02/1998
(39) 43020-6537
UNO
IUV-9901
13/10/19
08:41
101.98
4
SAO PAULO, SAO ROQUE, SOROCABA

LXCD021101
LAVINIE DIAS
F
19/07/1991
(34) 14899-2708
COROLLA
XCD-8175
02/11/19
01:35
092.71
3
COTIA, JUNDIAI, LORENA, OSASCO, RIO DE JANEIRO, SAO JOSE DOS CAMPOS, SAO PAULO, SAO ROQUE, SOROCABA, TAUBATE

GEUY180612
GABRIEL EL ANGEL
F
19/07/1990
(80) 28573-4032
CIVIC
EUY-3337
18/06/19
12:09
122.76
4
COTIA, JUNDIAI, LORENA, RIO DE JANEIRO, SAO PAULO, SAO ROQUE, SOROCABA

GIUV131008
GABRIEL EL ANGEL
F
08/02/1998
(39) 43020-6537
UNO
IUV-9901
13/10/19
08:41
101.98
4
SAO PAULO, SAO ROQUE, SOROCABA

LXCD021101
LAVINIE DIAS
F
19/07/1991
(34) 14899-2708
COROLLA
XCD-8175
02/11/19
01:35
092.71
3
COTIA, JUNDIAI, LORENA, OSASCO, RIO DE JANEIRO, SAO JOSE DOS CAMPOS, SAO PAULO, SAO ROQUE, SOROCABA, TAUBATE

LXCD021101
LAVINIE DIAS
F
19/07/1991
(34) 14899-2708
COROLLA
XCD-8175
02/11/19
01:35
092.71
3
COTIA, JUNDIAI, LORENA, OSASCO, RIO DE JANEIRO, SAO JOSE DOS CAMPOS, SAO PAULO, SAO ROQUE, SOROCABA, TAUBATE
**********************BUSCAR**********************
LXCD021101
LAVINIE DIAS
F
19/07/1991
(34) 14899-2708
COROLLA
XCD-8175
02/11/19
01:35
092.71
3
COTIA, JUNDIAI, LORENA, OSASCO, RIO DE JANEIRO, SAO JOSE DOS CAMPOS, SAO PAULO, SAO ROQUE, SOROCABA, TAUBATE
*****************ARQUIVO SECUNDARIO****************
COTIA GEUY180612 LXCD021101 MNMJ100921
JUNDIAI GEUY180612 LXCD021101
LORENA GEUY180612 LXCD021101 MNMJ100921
OSASCO ABEL131117 LXCD021101
RIO DE JANEIRO GEUY180612 LXCD021101
SAO JOSE DOS CAMPOS ABEL131117 LXCD021101
SAO PAULO ABEL131117 GEUY180612 GIUV131008 LXCD021101
SAO ROQUE ABEL131117 GEUY180612 GIUV131008 LXCD021101
SOROCABA GEUY180612 GIUV131008 LXCD021101
TAUBATE LXCD021101
*****************ARQUIVO SECUNDARIO****************
GEUY180612 18/06/19
MNMJ100921 10/09/19
AHLW220907 22/09/19
GIUV131008 13/10/19
LXCD021101 02/11/19
ABEL131117 13/11/19
**********************ARQUIVO*********************
GABRIEL EL ANGEL@F@19/07/1990@(80) 28573-4032@CIVIC@EUY-3337@COTIA|JUNDIAI|LORENA|RIO DE JANEIRO|SAO PAULO|SAO ROQUE|SOROCABA@18/06/19@12:09@122.76@4@##########################################################################################################ALEXANDRE O PEQUENO@M@27/08/1999@(94) 65945-9560@CIVIC@BEL-2267@OSASCO|SAO JOSE DOS CAMPOS|SAO PAULO|SAO ROQUE@13/11/19@17:02@160.23@1@#########################################################################################################################LAVINIE DIAS@F@19/07/1991@(34) 14899-2708@COROLLA@XCD-8175@COTIA|JUNDIAI|LORENA|OSASCO|RIO DE JANEIRO|SAO JOSE DOS CAMPOS|SAO PAULO|SAO ROQUE|SOROCABA|TAUBATE@02/11/19@01:35@092.71@3@#########################################################################GABRIEL EL ANGEL@F@08/02/1998@(39) 43020-6537@UNO@IUV-9901@SAO PAULO|SAO ROQUE|SOROCABA@13/10/19@08:41@101.98@4@################################################################################################################################################MATHEUS LIMA@F@08/11/1999@(14) 20259-6103@ONIX@NMJ-9750@COTIA|LORENA@10/09/19@21:55@060.51@4@###################################################################################################################################################################ALEXANDRE O PEQUENO@M@09/02/1997@(66) 33915-2463@CELTA@HLW-1122@COTIA|LORENA|RIO DE JANEIRO|SAO JOSE DOS CAMPOS@22/09/19@07:12@033.22@4@########################################################################################################################
**********************ARQUIVO*********************
GABRIEL EL ANGEL@F@19/07/1990@(80) 28573-4032@CIVIC@EUY-3337@COTIA|JUNDIAI|LORENA|RIO DE JANEIRO|SAO PAULO|SAO ROQUE|SOROCABA@18/06/19@12:09@122.76@4@##########################################################################################################ALEXANDRE O PEQUENO@M@27/08/1999@(94) 65945-9560@CIVIC@BEL-2267@OSASCO|SAO JOSE DOS CAMPOS|SAO PAULO|SAO ROQUE@13/11/19@17:02@160.23@1@#########################################################################################################################LAVINIE DIAS@F@19/07/1991@(34) 14899-2708@COROLLA@XCD-8175@COTIA|JUNDIAI|LORENA|OSASCO|RIO DE JANEIRO|SAO JOSE DOS CAMPOS|SAO PAULO|SAO ROQUE|SOROCABA|TAUBATE@02/11/19@01:35@092.71@3@#########################################################################GABRIEL EL ANGEL@F@08/02/1998@(39) 43020-6537@UNO@IUV-9901@SAO PAULO|SAO ROQUE|SOROCABA@13/10/19@08:41@101.98@4@################################################################################################################################################MATHEUS LIMA@F@08/11/1999@(14) 20259-6103@ONIX@NMJ-9750@COTIA|LORENA@10/09/19@21:55@060.51@4@###################################################################################################################################################################ALEXANDRE O PEQUENO@M@09/02/1997@(66) 33915-2463@CELTA@HLW-1122@COTIA|LORENA|RIO DE JANEIRO|SAO JOSE DOS CAMPOS@22/09/19@07:12@033.22@4@########################################################################################################################
*****************ARQUIVO SECUNDARIO****************
MWUT190412 19/04/19
GEUY180612 18/06/19
MNMJ100921 10/09/19
AHLW220907 22/09/19
GIUV131008 13/10/19
LXCD021101 02/11/19
ABEL131117 13/11/19
**********************LISTAR**********************
ABEL131117
ALEXANDRE O PEQUENO
M
27/08/1999
(94) 65945-9560
CIVIC
BEL-2267
13/11/19
17:02
160.23
1
OSASCO, SAO JOSE DOS CAMPOS, SAO PAULO, SAO ROQUE

AHLW220907
ALEXANDRE O PEQUENO
M
09/02/1997
(66) 33915-2463
CELTA
HLW-1122
22/09/19
07:12
033.22
4
COTIA, LORENA, RIO DE JANEIRO, SAO JOSE DOS CAMPOS

APXL011002
ALEXANDRE O MIXURUCA
M
02/03/1991
(17) 12841-5423
FIT
PXL-9975
01/10/19
02:50
144.67
1
JUNDIAI, LORENA

GEUY180612
GABRIEL EL ANGEL
F
19/07/1990
(80) 28573-4032
CIVIC
EUY-3337
18/06/19
12:09
122.76
4
COTIA, JUNDIAI, LORENA, RIO DE JANEIRO, SAO PAULO, SAO ROQUE, SOROCABA

GIUV131008
GABRIEL EL ANGEL
F
08/02/1998
(39) 43020-6537
UNO
IUV-9901
13/10/19
08:41
101.98
4
SAO PAULO, SAO ROQUE, SOROCABA

LXCD021101
LAVINIE DIAS
F
19/07/1991
(34) 14899-2708
COROLLA
XCD-8175
02/11/19
01:35
092.71
3
COTIA, JUNDIAI, LORENA, OSASCO, RIO DE JANEIRO, SAO JOSE DOS CAMPOS, SAO PAULO, SAO ROQUE, SOROCABA, TAUBATE

MNMJ100921
MATHEUS LIMA
F
08/11/1999
(14) 20259-6103
ONIX
NMJ-9750
10/09/19
21:55
060.51
4
COTIA, LORENA

MWUT190412
MATHEUS LIMA
M
23/12/1990
(12) 64531-0231
TORO
WUT-8146
19/04/19
12:14
208.98
3
COTIA, JUNDIAI, LORENA, OSASCO, RIO DE JANEIRO, SAO JOSE DOS CAMPOS, SAO PAULO, SAO ROQUE, SOROCABA
**********************BUSCAR**********************
GPKQ180810
GABRIEL O ANJO
M
08/03/1989
(61) 05982-8214
CORSA
PKQ-7325
18/08/19
10:57
149.62
4
COTIA, JUNDIAI, LORENA, OSASCO, RIO DE JANEIRO, SAO JOSE DOS CAMPOS, SAO PAULO, SAO ROQUE, SOROCABA, TAUBATE
**********************BUSCAR**********************
Registro(s) nao encontrado!
**********************LISTAR**********************
APXL011002
ALEXANDRE O MIXURUCA
M
02/03/1991
(17) 12841-5423
FIT
PXL-9975
01/10/19
02:50
144.67
1
JUNDIAI, LORENA

ABEL131117
ALEXANDRE O PEQUENO
M
27/08/1999
(94) 65945-9560
CIVIC
BEL-2267
13/11/19
17:02
160.23
1
OSASCO, SAO JOSE DOS CAMPOS, SAO PAULO, SAO ROQUE

AHLW220907
ALEXANDRE O PEQUENO
M
09/02/1997
(66) 33915-2463
CELTA
HLW-1122
22/09/19
07:12
033.22
4
COTIA, LORENA, RIO DE JANEIRO, SAO JOSE DOS CAMPOS

GEUY180612
GABRIEL EL ANGEL
F
19/07/1990
(80) 28573-4032
CIVIC
EUY-3337
18/06/19
12:09
122.76
4
COTIA, JUNDIAI, LORENA, RIO DE JANEIRO, SAO PAULO, SAO ROQUE, SOROCABA

GIUV131008
GABRIEL EL ANGEL
F
08/02/1998
(39) 43020-6537
UNO
IUV-9901
13/10/19
08:41
101.98
4
SAO PAULO, SAO ROQUE, SOROCABA

GPKQ180810
GABRIEL O ANJO
M
08/03/1989
(61) 05982-8214
CORSA
PKQ-7325
18/08/19
10:57
149.62
4
COTIA, JUNDIAI, LORENA, OSASCO, RIO DE JANEIRO, SAO JOSE DOS CAMPOS, SAO PAULO, SAO ROQUE, SOROCABA, TAUBATE

LXCD021101
LAVINIE DIAS
F
19/07/1991
(34) 14899-2708
COROLLA
XCD-8175
02/11/19
01:35
092.71
3
COTIA, JUNDIAI, LORENA, OSASCO, RIO DE JANEIRO, SAO JOSE DOS CAMPOS, SAO PAULO, SAO ROQUE, SOROCABA, TAUBATE

MNMJ100921
MATHEUS LIMA
F
08/11/1999
(14) 20259-6103
ONIX
NMJ-9750
10/09/19
21:55
060.51
4
COTIA, LORENA

MWUT190412
MATHEUS LIMA
M
23/12/1990
(12) 64531-0231
TORO
WUT-8146
19/04/19
12:14
208.98
3
COTIA, JUNDIAI, LORENA, OSASCO, RIO DE JANEIRO, SAO JOSE DOS CAMPOS, SAO PAULO, SAO ROQUE, SOROCABA
**********************LISTAR**********************
AHLW220907
ALEXANDRE O PEQUENO
M
09/02/1997
(66) 33915-2463
CELTA
HLW-1122
22/09/19
07:12
033.22
4
COTIA, LORENA, RIO DE JANEIRO, SAO JOSE DOS CAMPOS

GEUY180612
GABRIEL EL ANGEL
F
19/07/1990
(80) 28573-4032
CIVIC
EUY-3337
18/06/19
12:09
122.76
4
COTIA, JUNDIAI, LORENA, RIO DE JANEIRO, SAO PAULO, SAO ROQUE, SOROCABA

GPKQ180810
GABRIEL O ANJO
M
08/03/1989
(61) 05982-8214
CORSA
PKQ-7325
18/08/19
10:57
149.62
4
COTIA, JUNDIAI, LORENA, OSASCO, RIO DE JANEIRO, SAO JOSE DOS CAMPOS, SAO PAULO, SAO ROQUE, SOROCABA, TAUBATE

LXCD021101
LAVINIE DIAS
F
19/07/1991
(34) 14899-2708
COROLLA
XCD-8175
02/11/19
01:35
092.71
3
COTIA, JUNDIAI, LORENA, OSASCO, RIO DE JANEIRO, SAO JOSE DOS CAMPOS, SAO PAULO, SAO ROQUE, SOROCABA, TAUBATE

MNMJ100921
MATHEUS LIMA
F
08/11/1999
(14) 20259-6103
ONIX
NMJ-9750
10/09/19
21:55
060.51
4
COTIA, LORENA

MWUT190412
MATHEUS LIMA
M
23/12/1990
(12) 64531-0231
TORO
WUT-8146
19/04/19
12:14
208.98
3
COTIA, JUNDIAI, LORENA, OSASCO, RIO DE JANEIRO, SAO JOSE DOS CAMPOS, SAO PAULO, SAO ROQUE, SOROCABA

APXL011002
ALEXANDRE O MIXURUCA
M
02/03/1991
(17) 12841-5423
FIT
PXL-9975
01/10/19
02:50
144.67
1
JUNDIAI, LORENA

GEUY180612
GABRIEL EL ANGEL
F
19/07/1990
(80) 28573-4032
CIVIC
EUY-3337
18/06/19
12:09
122.76
4
COTIA, JUNDIAI, LORENA, RIO DE JANEIRO, SAO PAULO, SAO ROQUE, SOROCABA

GPKQ180810
GABRIEL O ANJO
M
08/03/1989
(61) 05982-8214
CORSA
PKQ-7325
18/08/19
10:57
149.62
4
COTIA, JUNDIAI, LORENA, OSASCO, RIO DE JANEIRO, SAO JOSE DOS CAMPOS, SAO PAULO, SAO ROQUE, SOROCABA, TAUBATE

LXCD021101
LAVINIE DIAS
F
19/07/1991
(34) 14899-2708
COROLLA
XCD-8175
02/11/19
01:35
092.71
3
COTIA, JUNDIAI, LORENA, OSASCO, RIO DE JANEIRO, SAO JOSE DOS CAMPOS, SAO PAULO, SAO ROQUE, SOROCABA, TAUBATE

MWUT190412
MATHEUS LIMA
M
23/12/1990
(12) 64531-0231
TORO
WUT-8146
19/04/19
12:14
208.98
3
COTIA, JUNDIAI, LORENA, OSASCO, RIO DE JANEIRO, SAO JOSE DOS CAMPOS, SAO PAULO, SAO ROQUE, SOROCABA

AHLW220907
ALEXANDRE O PEQUENO
M
09/02/1997
(66) 33915-2463
CELTA
HLW-1122
22/09/19
07:12
033.22
4
COTIA, LORENA, RIO DE JANEIRO, SAO JOSE DOS CAMPOS

APXL011002
ALEXANDRE O MIXURUCA
M
02/03/1991
(17) 12841-5423
FIT
PXL-9975
01/10/19
02:50
144.67
1
JUNDIAI, LORENA

GEUY180612
GABRIEL EL ANGEL
F
19/07/1990
(80) 28573-4032
CIVIC
EUY-3337
18/06/19
12:09
122.76
4
COTIA, JUNDIAI, LORENA, RIO DE JANEIRO, SAO PAULO, SAO ROQUE, SOROCABA

GPKQ180810
GABRIEL O ANJO
M
08/03/1989
(61) 05982-8214
CORSA
PKQ-7325
18/08/19
10:57
149.62
4
COTIA, JUNDIAI, LORENA, OSASCO, RIO DE JANEIRO, SAO JOSE DOS CAMPOS, SAO PAULO, SAO ROQUE, SOROCABA, TAUBATE

LXCD021101
LAVINIE DIAS
F
19/07/1991
(34) 14899-2708
COROLLA
XCD-8175
02/11/19
01:35
092.71
3
COTIA, JUNDIAI, LORENA, OSASCO, RIO DE JANEIRO, SAO JOSE DOS CAMPOS, SAO PAULO, SAO ROQUE, SOROCABA, TAUBATE

MNMJ100921
MATHEUS LIMA
F
08/11/1999
(14) 20259-6103
ONIX
NMJ-9750
10/09/19
21:55
060.51
4
COTIA, LORENA

MWUT190412
MATHEUS LIMA
M
23/12/1990
(12) 64531-0231
TORO
WUT-8146
19/04/19
12:14
208.98
3
COTIA, JUNDIAI, LORENA, OSASCO, RIO DE JANEIRO, SAO JOSE DOS CAMPOS, SAO PAULO, SAO ROQUE, SOROCABA

ABEL131117
ALEXANDRE O PEQUENO
M
27/08/1999
(94) 65945-9560
CIVIC
BEL-2267
13/11/19
17:02
160.23
1
OSASCO, SAO JOSE DOS CAMPOS, SAO PAULO, SAO ROQUE

GPKQ180810
GABRIEL O ANJO
M
08/03/1989
(61) 05982-8214
CORSA
PKQ-7325
18/08/19
10:57
149.62
4
COTIA, JUNDIAI, LORENA, OSASCO, RIO DE JANEIRO, SAO JOSE DOS CAMPOS, SAO PAULO, SAO ROQUE, SOROCABA, TAUBATE

LXCD021101
LAVINIE DIAS
F
19/07/1991
(34) 14899-2708
COROLLA
XCD-8175
02/11/19
01:35
092.71
3
COTIA, JUNDIAI, LORENA, OSASCO, RIO DE JANEIRO, SAO JOSE DOS CAMPOS, SAO PAULO, SAO ROQUE, SOROCABA, TAUBATE

MWUT190412
MATHEUS LIMA
M
23/12/1990
(12) 64531-0231
TORO
WUT-8146
19/04/19
12:14
208.98
3
COTIA, JUNDIAI, LORENA, OSASCO, RIO DE JANEIRO, SAO JOSE DOS CAMPOS, SAO PAULO, SAO ROQUE, SOROCABA

AHLW220907
ALEXANDRE O PEQUENO
M
09/02/1997
(66) 33915-2463
CELTA
HLW-1122
22/09/19
07:12
033.22
4
COTIA, LORENA, RIO DE JANEIRO, SAO JOSE DOS CAMPOS

GEUY180612
GABRIEL EL ANGEL
F
19/07/1990
(80) 28573-4032
CIVIC
EUY-3337
18/06/19
12:09
122.76
4
COTIA, JUNDIAI, LORENA, RIO DE JANEIRO, SAO PAULO, SAO ROQUE, SOROCABA

GPKQ180810
GABRIEL O ANJO
M
08/03/1989
(61) 05982-8214
CORSA
PKQ-7325
18/08/19
10:57
149.62
4
COTIA, JUNDIAI, LORENA, OSASCO, RIO DE JANEIRO, SAO JOSE DOS CAMPOS, SAO PAULO, SAO ROQUE, SOROCABA, TAUBATE

LXCD021101
LAVINIE DIAS
F
19/07/1991
(34) 14899-2708
COROLLA
XCD-8175
02/11/19
01:35
092.71
3
COTIA, JUNDIAI, LORENA, OSASCO, RIO DE JANEIRO, SAO JOSE DOS CAMPOS, SAO PAULO, SAO ROQUE, SOROCABA, TAUBATE

MWUT190412
MATHEUS LIMA
M
23/12/1990
(12) 64531-0231
TORO
WUT-8146
19/04/19
12:14
208.98
3
COTIA, JUNDIAI, LORENA, OSASCO, RIO DE JANEIRO, SAO JOSE DOS CAMPOS, SAO PAULO, SAO ROQUE, SOROCABA

ABEL131117
ALEXANDRE O PEQUENO
M
27/08/1999
(94) 65945-9560
CIVIC
BEL-2267
13/11/19
17:02
160.23
1
OSASCO, SAO JOSE DOS CAMPOS, SAO PAULO, SAO ROQUE

AHLW220907
ALEXANDRE O PEQUENO
M
09/02/1997
(66) 33915-2463
CELTA
HLW-1122
22/09/19
07:12
033.22
4
COTIA, LORENA, RIO DE JANEIRO, SAO JOSE DOS CAMPOS

GPKQ180810
GABRIEL O ANJO
M
08/03/1989
(61) 05982-8214
CORSA
PKQ-7325
18/08/19
10:57
149.62
4
COTIA, JUNDIAI, LORENA, OSASCO, RIO DE JANEIRO, SAO JOSE DOS CAMPOS, SAO PAULO, SAO ROQUE, SOROCABA, TAUBATE

LXCD021101
LAVINIE DIAS
F
19/07/1991
(34) 14899-2708
COROLLA
XCD-8175
02/11/19
01:35
092.71
3
COTIA, JUNDIAI, LORENA, OSASCO, RIO DE JANEIRO, SAO JOSE DOS CAMPOS, SAO PAULO, SAO ROQUE, SOROCABA, TAUBATE

MWUT190412
MATHEUS LIMA
M
23/12/1990
(12) 64531-0231
TORO
WUT-8146
19/04/19
12:14
208.98
3
COTIA, JUNDIAI, LORENA, OSASCO, RIO DE JANEIRO, SAO JOSE DOS CAMPOS, SAO PAULO, SAO ROQUE, SOROCABA

ABEL131117
ALEXANDRE O PEQUENO
M
27/08/1999
(94) 65945-9560
CIVIC
BEL-2267
13/11/19
17:02
160.23
1
OSASCO, SAO JOSE DOS CAMPOS, SAO PAULO, SAO ROQUE

GEUY180612
GABRIEL EL ANGEL
F
19/07/1990
(80) 28573-4032
CIVIC
EUY-3337
18/06/19
12:09
122.76
4
COTIA, JUNDIAI, LORENA, RIO DE JANEIRO, SAO PAULO, SAO ROQUE, SOROCABA

GIUV131008
GABRIEL EL ANGEL
F
08/02/1998
(39) 43020-6537
UNO
IUV-9901
13/10/19
08:41
101.98
4
SAO PAULO, SAO ROQUE, SOROCABA

GPKQ180810
GABRIEL O ANJO
M
08/03/1989
(61) 05982-8214
CORSA
PKQ-7325
18/08/19
10:57
149.62
4
COTIA, JUNDIAI, LORENA, OSASCO, RIO DE JANEIRO, SAO JOSE DOS CAMPOS, SAO PAULO, SAO ROQUE, SOROCABA, TAUBATE

LXCD021101
LAVINIE DIAS
F
19/07/1991
(34) 14899-2708
COROLLA
XCD-8175
02/11/19
01:35
092.71
3
COTIA, JUNDIAI, LORENA, OSASCO, RIO DE JANEIRO, SAO JOSE DOS CAMPOS, SAO PAULO, SAO ROQUE, SOROCABA, TAUBATE

MWUT190412
MATHEUS LIMA
M
23/12/1990
(12) 64531-0231
TORO
WUT-8146
19/04/19
12:14
208.98
3
COTIA, JUNDIAI, LORENA, OSASCO, RIO DE JANEIRO, SAO JOSE DOS CAMPOS, SAO PAULO, SAO ROQUE, SOROCABA

ABEL131117
ALEXANDRE O PEQUENO
M
27/08/1999
(94) 65945-9560
CIVIC
BEL-2267
13/11/19
17:02
160.23
1
OSASCO, SAO JOSE DOS CAMPOS, SAO PAULO, SAO ROQUE

GEUY180612
GABRIEL EL ANGEL
F
19/07/1990
(80) 28573-4032
CIVIC
EUY-3337
18/06/19
12:09
122.76
4
COTIA, JUNDIAI, LORENA, RIO DE JANEIRO, SAO PAULO, SAO ROQUE, SOROCABA

GIUV131008
GABRIEL EL ANGEL
F
08/02/1998
(39) 43020-6537
UNO
IUV-9901
13/10/19
08:41
101.98
4
SAO PAULO, SAO ROQUE, SOROCABA

GPKQ180810
GABRIEL O ANJO
M
08/03/1989
(61) 05982-8214
CORSA
PKQ-7325
18/08/19
10:57
149.62
4
COTIA, JUNDIAI, LORENA, OSASCO, RIO DE JANEIRO, SAO JOSE DOS CAMPOS, SAO PAULO, SAO ROQUE, SOROCABA, TAUBATE

LXCD021101
LAVINIE DIAS
F
19/07/1991
(34) 14899-2708
COROLLA
XCD-8175
02/11/19
01:35
092.71
3
COTIA, JUNDIAI, LORENA, OSASCO, RIO DE JANEIRO, SAO JOSE DOS CAMPOS, SAO PAULO, SAO ROQUE, SOROCABA, TAUBATE

MWUT190412
MATHEUS LIMA
M
23/12/1990
(12) 64531-0231
TORO
WUT-8146
19/04/19
12:14
208.98
3
COTIA, JUNDIAI, LORENA, OSASCO, RIO DE JANEIRO, SAO JOSE DOS CAMPOS, SAO PAULO, SAO ROQUE, SOROCABA

GEUY180612
GABRIEL EL ANGEL
F
19/07/1990
(80) 28573-4032
CIVIC
EUY-3337
18/06/19
12:09
122.76
4
COTIA, JUNDIAI, LORENA, RIO DE JANEIRO, SAO PAULO, SAO ROQUE, SOROCABA

GIUV131008
GABRIEL EL ANGEL
F
08/02/1998
(39) 43020-6537
UNO
IUV-9901
13/10/19
08:41
101.98
4
SAO PAULO, SAO ROQUE, SOROCABA

GPKQ180810
GABRIEL O ANJO
M
08/03/1989
(61) 05982-8214
CORSA
PKQ-7325
18/08/19
10:57
149.62
4
COTIA, JUNDIAI, LORENA, OSASCO, RIO DE JANEIRO, SAO JOSE DOS CAMPOS, SAO PAULO, SAO ROQUE, SOROCABA, TAUBATE

LXCD021101
LAVINIE DIAS
F
19/07/1991
(34) 14899-2708
COROLLA
XCD-8175
02/11/19
01:35
092.71
3
COTIA, JUNDIAI, LORENA, OSASCO, RIO DE JANEIRO, SAO JOSE DOS CAMPOS, SAO PAULO, SAO ROQUE, SOROCABA, TAUBATE

MWUT190412
MATHEUS LIMA
M
23/12/1990
(12) 64531-0231
TORO
WUT-8146
19/04/19
12:14
208.98
3
COTIA, JUNDIAI, LORENA, OSASCO, RIO DE JANEIRO, SAO JOSE DOS CAMPOS, SAO PAULO, SAO ROQUE, SOROCABA

GPKQ180810
GABRIEL O ANJO
M
08/03/1989
(61) 05982-8214
CORSA
PKQ-7325
18/08/19
10:57
149.62
4
COTIA, JUNDIAI, LORENA, OSASCO, RIO DE JANEIRO, SAO JOSE DOS CAMPOS, SAO PAULO, SAO ROQUE, SOROCABA, TAUBATE

LXCD021101
LAVINIE DIAS
F
19/07/1991
(34) 14899-2708
COROLLA
XCD-8175
02/11/19
01:35
092.71
3
COTIA, JUNDIAI, LORENA, OSASCO, RIO DE JANEIRO, SAO JOSE DOS CAMPOS, SAO PAULO, SAO ROQUE, SOROCABA, TAUBATE
**********************LISTAR**********************
AHLW220907
ALEXANDRE O PEQUENO
M
09/02/1997
(66) 33915-2463
CELTA
HLW-1122
22/09/19
07:12
033.22
4
COTIA, LORENA, RIO DE JANEIRO, SAO JOSE DOS CAMPOS

GEUY180612
GABRIEL EL ANGEL
F
19/07/1990
(80) 28573-4032
CIVIC
EUY-3337
18/06/19
12:09
122.76
4
COTIA, JUNDIAI, LORENA, RIO DE JANEIRO, SAO PAULO, SAO ROQUE, SOROCABA

GPKQ180810
GABRIEL O ANJO
M
08/03/1989
(61) 05982-8214
CORSA
PKQ-7325
18/08/19
10:57
149.62
4
COTIA, JUNDIAI, LORENA, OSASCO, RIO DE JANEIRO, SAO JOSE DOS CAMPOS, SAO PAULO, SAO ROQUE, SOROCABA, TAUBATE

LXCD021101
LAVINIE DIAS
F
19/07/1991
(34) 14899-2708
COROLLA
XCD-8175
02/11/19
01:35
092.71
3
COTIA, JUNDIAI, LORENA, OSASCO, RIO DE JANEIRO, SAO JOSE DOS CAMPOS, SAO PAULO, SAO ROQUE, SOROCABA, TAUBATE

MNMJ100921
MATHEUS LIMA
F
08/11/1999
(14) 20259-6103
ONIX
NMJ-9750
10/09/19
21:55
060.51
4
COTIA, LORENA

MWUT190412
MATHEUS LIMA
M
23/12/1990
(12) 64531-0231
TORO
WUT-8146
19/04/19
12:14
208.98
3
COTIA, JUNDIAI, LORENA, OSASCO, RIO DE JANEIRO, SAO JOSE DOS CAMPOS, SAO PAULO, SAO ROQUE, SOROCABA

APXL011002
ALEXANDRE O MIXURUCA
M
02/03/1991
(17) 12841-5423
FIT
PXL-9975
01/10/19
02:50
144.67
1
JUNDIAI, LORENA

GEUY180612
GABRIEL EL ANGEL
F
19/07/1990
(80) 28573-4032
CIVIC
EUY-3337
18/06/19
12:09
122.76
4
COTIA, JUNDIAI, LORENA, RIO DE JANEIRO, SAO PAULO, SAO ROQUE, SOROCABA

GPKQ180810
GABRIEL O ANJO
M
08/03/1989
(61) 05982-8214
CORSA
PKQ-7325
18/08/19
10:57
149.62
4
COTIA, JUNDIAI, LORENA, OSASCO, RIO DE JANEIRO, SAO JOSE DOS CAMPOS, SAO PAULO, SAO ROQUE, SOROCABA, TAUBATE

LXCD021101
LAVINIE DIAS
F
19/07/1991
(34) 14899-2708
COROLLA
XCD-8175
02/11/19
01:35
092.71
3
COTIA, JUNDIAI, LORENA, OSASCO, RIO DE JANEIRO, SAO JOSE DOS CAMPOS, SAO PAULO, SAO ROQUE, SOROCABA, TAUBATE

MWUT190412
MATHEUS LIMA
M
23/12/1990
(12) 64531-0231
TORO
WUT-8146
19/04/19
12:14
208.98
3
COTIA, JUNDIAI, LORENA, OSASCO, RIO DE JANEIRO, SAO JOSE DOS CAMPOS, SAO PAULO, SAO ROQUE, SOROCABA

AHLW220907
ALEXANDRE O PEQUENO
M
09/02/1997
(66) 33915-2463
CELTA
HLW-1122
22/09/19
07:12
033.22
4
COTIA, LORENA, RIO DE JANEIRO, SAO JOSE DOS CAMPOS

APXL011002
ALEXANDRE O MIXURUCA
M
02/03/1991
(17) 12841-5423
FIT
PXL-9975
01/10/19
02:50
144.67
1
JUNDIAI, LORENA

GEUY180612
GABRIEL EL ANGEL
F
19/07/1990
(80) 28573-4032
CIVIC
EUY-3337
18/06/19
12:09
122.76
4
COTIA, JUNDIAI, LORENA, RIO DE JANEIRO, SAO PAULO, SAO ROQUE, SOROCABA

GPKQ180810
GABRIEL O ANJO
M
08/03/1989
(61) 05982-8214
CORSA
PKQ-7325
18/08/19
10:57
149.62
4
COTIA, JUNDIAI, LORENA, OSASCO, RIO DE JANEIRO, SAO JOSE DOS CAMPOS, SAO PAULO, SAO ROQUE, SOROCABA, TAUBATE

LXCD021101
LAVINIE DIAS
F
19/07/1991
(34) 14899-2708
COROLLA
XCD-8175
02/11/19
01:35
092.71
3
COTIA, JUNDIAI, LORENA, OSASCO, RIO DE JANEIRO, SAO JOSE DOS CAMPOS, SAO PAULO, SAO ROQUE, SOROCABA, TAUBATE

MNMJ100921
MATHEUS LIMA
F
08/11/1999
(14) 20259-6103
ONIX
NMJ-9750
10/09/19
21:55
060.51
4
COTIA, LORENA

MWUT190412
MATHEUS LIMA
M
23/12/1990
(12) 64531-0231
TORO
WUT-8146
19/04/19
12:14
208.98
3
COTIA, JUNDIAI, LORENA, OSASCO, RIO DE JANEIRO, SAO JOSE DOS CAMPOS, SAO PAULO, SAO ROQUE, SOROCABA

ABEL131117
ALEXANDRE O PEQUENO
M
27/08/1999
(94) 65945-9560
CIVIC
BEL-2267
13/11/19
17:02
160.23
1
OSASCO, SAO JOSE DOS CAMPOS, SAO PAULO, SAO ROQUE

GPKQ180810
GABRIEL O ANJO
M
08/03/1989
(61) 05982-8214
CORSA
PKQ-7325
18/08/19
10:57
149.62
4
COTIA, JUNDIAI, LORENA, OSASCO, RIO DE JANEIRO, SAO JOSE DOS CAMPOS, SAO PAULO, SAO ROQUE, SOROCABA, TAUBATE

LXCD021101
LAVINIE DIAS
F
19/07/1991
(34) 14899-2708
COROLLA
XCD-8175
02/11/19
01:35
092.71
3
COTIA, JUNDIAI, LORENA, OSASCO, RIO DE JANEIRO, SAO JOSE DOS CAMPOS, SAO PAULO, SAO ROQUE, SOROCABA, TAUBATE

MWUT190412
MATHEUS LIMA
M
23/12/1990
(12) 64531-0231
TORO
WUT-8146
19/04/19
12:14
208.98
3
COTIA, JUNDIAI, LORENA, OSASCO, RIO DE JANEIRO, SAO JOSE DOS CAMPOS, SAO PAULO, SAO ROQUE, SOROCABA

AHLW220907
ALEXANDRE O PEQUENO
M
09/02/1997
(66) 33915-2463
CELTA
HLW-1122
22/09/19
07:12
033.22
4
COTIA, LORENA, RIO DE JANEIRO, SAO JOSE DOS CAMPOS

GEUY180612
GABRIEL EL ANGEL
F
19/07/1990
(80) 28573-4032
CIVIC
EUY-3337
18/06/19
12:09
122.76
4
COTIA, JUNDIAI, LORENA, RIO DE JANEIRO, SAO PAULO, SAO ROQUE, SOROCABA

GPKQ180810
GABRIEL O ANJO
M
08/03/1989
(61) 05982-8214
CORSA
PKQ-7325
18/08/19
10:57
149.62
4
COTIA, JUNDIAI, LORENA, OSASCO, RIO DE JANEIRO, SAO JOSE DOS CAMPOS, SAO PAULO, SAO ROQUE, SOROCABA, TAUBATE

LXCD021101
LAVINIE DIAS
F
19/07/1991
(34) 14899-2708
COROLLA
XCD-8175
02/11/19
01:35
092.71
3
COTIA, JUNDIAI, LORENA, OSASCO, RIO DE JANEIRO, SAO JOSE DOS CAMPOS, SAO PAULO, SAO ROQUE, SOROCABA, TAUBATE

MWUT190412
MATHEUS LIMA
M
23/12/1990
(12) 64531-0231
TORO
WUT-8146
19/04/19
12:14
208.98
3
COTIA, JUNDIAI, LORENA, OSASCO, RIO DE JANEIRO, SAO JOSE DOS CAMPOS, SAO PAULO, SAO ROQUE, SOROCABA

ABEL131117
ALEXANDRE O PEQUENO
M
27/08/1999
(94) 65945-9560
CIVIC
BEL-2267
13/11/19
17:02
160.23
1
OSASCO, SAO JOSE DOS CAMPOS, SAO PAULO, SAO ROQUE

AHLW220907
ALEXANDRE O PEQUENO
M
09/02/1997
(66) 33915-2463
CELTA
HLW-1122
22/09/19
07:12
033.22
4
COTIA, LORENA, RIO DE JANEIRO, SAO JOSE DOS CAMPOS

GPKQ180810
GABRIEL O ANJO
M
08/03/1989
(61) 05982-8214
CORSA
PKQ-7325
18/08/19
10:57
149.62
4
COTIA, JUNDIAI, LORENA, OSASCO, RIO DE JANEIRO, SAO JOSE DOS CAMPOS, SAO PAULO, SAO ROQUE, SOROCABA, TAUBATE

LXCD021101
LAVINIE DIAS
F
19/07/1991
(34) 14899-2708
COROLLA
XCD-8175
02/11/19
01:35
092.71
3
COTIA, JUNDIAI, LORENA, OSASCO, RIO DE JANEIRO, SAO JOSE DOS CAMPOS, SAO PAULO, SAO ROQUE, SOROCABA, TAUBATE

MWUT190412
MATHEUS LIMA
M
23/12/1990
(12) 64531-0231
TORO
WUT-8146
19/04/19
12:14
208.98
3
COTIA, JUNDIAI, LORENA, OSASCO, RIO DE JANEIRO, SAO JOSE DOS CAMPOS, SAO PAULO, SAO ROQUE, SOROCABA

ABEL131117
ALEXANDRE O PEQUENO
M
27/08/1999
(94) 65945-9560
CIVIC
BEL-2267
13/11/19
17:02
160.23
1
OSASCO, SAO JOSE DOS CAMPOS, SAO PAULO, SAO ROQUE

GEUY180612
GABRIEL EL ANGEL
F
19/07/1990
(80) 28573-4032
CIVIC
EUY-3337
18/06/19
12:09
122.76
4
COTIA, JUNDIAI, LORENA, RIO DE JANEIRO, SAO PAULO, SAO ROQUE, SOROCABA

GIUV131008
GABRIEL EL ANGEL
F
08/02/1998
(39) 43020-6537
UNO
IUV-9901
13/10/19
08:41
101.98
4
SAO PAULO, SAO ROQUE, SOROCABA

GPKQ180810
GABRIEL O ANJO
M
08/03/1989
(61) 05982-8214
CORSA
PKQ-7325
18/08/19
10:57
149.62
4
COTIA, JUNDIAI, LORENA, OSASCO, RIO DE JANEIRO, SAO JOSE DOS CAMPOS, SAO PAULO, SAO ROQUE, SOROCABA, TAUBATE

LXCD021101
LAVINIE DIAS
F
19/07/1991
(34) 14899-2708
COROLLA
XCD-8175
02/11/19
01:35
092.71
3
COTIA, JUNDIAI, LORENA, OSASCO, RIO DE JANEIRO, SAO JOSE DOS CAMPOS, SAO PAULO, SAO ROQUE, SOROCABA, TAUBATE

MWUT190412
MATHEUS LIMA
M
23/12/1990
(12) 64531-0231
TORO
WUT-8146
19/04/19
12:14
208.98
3
COTIA, JUNDIAI, LORENA, OSASCO, RIO DE JANEIRO, SAO JOSE DOS CAMPOS, SAO PAULO, SAO ROQUE, SOROCABA

ABEL131117
ALEXANDRE O PEQUENO
M
27/08/1999
(94) 65945-9560
CIVIC
BEL-2267
13/11/19
17:02
160.23
1
OSASCO, SAO JOSE DOS CAMPOS, SAO PAULO, SAO ROQUE

GEUY180612
GABRIEL EL ANGEL
F
19/07/1990
(80) 28573-4032
CIVIC
EUY-3337
18/06/19
12:09
122.76
4
COTIA, JUNDIAI, LORENA, RIO DE JANEIRO, SAO PAULO, SAO ROQUE, SOROCABA

GIUV131008
GABRIEL EL ANGEL
F
08/02/1998
(39) 43020-6537
UNO
IUV-9901
13/10/19
08:41
101.98
4
SAO PAULO, SAO ROQUE, SOROCABA

GPKQ180810
GABRIEL O ANJO
M
08/03/1989
(61) 05982-8214
CORSA
PKQ-7325
18/08/19
10:57
149.62
4
COTIA, JUNDIAI, LORENA, OSASCO, RIO DE JANEIRO, SAO JOSE DOS CAMPOS, SAO PAULO, SAO ROQUE, SOROCABA, TAUBATE

LXCD021101
LAVINIE DIAS
F
19/07/1991
(34) 14899-2708
COROLLA
XCD-8175
02/11/19
01:35
092.71
3
COTIA, JUNDIAI, LORENA, OSASCO, RIO DE JANEIRO, SAO JOSE DOS CAMPOS, SAO PAULO, SAO ROQUE, SOROCABA, TAUBATE

MWUT190412
MATHEUS LIMA
M
23/12/1990
(12) 64531-0231
TORO
WUT-8146
19/04/19
12:14
208.98
3
COTIA, JUNDIAI, LORENA, OSASCO, RIO DE JANEIRO, SAO JOSE DOS CAMPOS, SAO PAULO, SAO ROQUE, SOROCABA

GEUY180612
GABRIEL EL ANGEL
F
19/07/1990
(80) 28573-4032
CIVIC
EUY-3337
18/06/19
12:09
122.76
4
COTIA, JUNDIAI, LORENA, RIO DE JANEIRO, SAO PAULO, SAO ROQUE, SOROCABA

GIUV131008
GABRIEL EL ANGEL
F
08/02/1998
(39) 43020-6537
UNO
IUV-9901
13/10/19
08:41
101.98
4
SAO PAULO, SAO ROQUE, SOROCABA

GPKQ180810
GABRIEL O ANJO
M
08/03/1989
(61) 05982-8214
CORSA
PKQ-7325
18/08/19
10:57
149.62
4
COTIA, JUNDIAI, LORENA, OSASCO, RIO DE JANEIRO, SAO JOSE DOS CAMPOS, SAO PAULO, SAO ROQUE, SOROCABA, TAUBATE

LXCD021101
LAVINIE DIAS
F
19/07/1991
(34) 14899-2708
COROLLA
XCD-8175
02/11/19
01:35
092.71
3
COTIA, JUNDIAI, LORENA, OSASCO, RIO DE JANEIRO, SAO JOSE DOS CAMPOS, SAO PAULO, SAO ROQUE, SOROCABA, TAUBATE

MWUT190412
MATHEUS LIMA
M
23/12/1990
(12) 64531-0231
TORO
WUT-8146
19/04/19
12:14
208.98
3
COTIA, JUNDIAI, LORENA, OSASCO, RIO DE JANEIRO, SAO JOSE DOS CAMPOS, SAO PAULO, SAO ROQUE, SOROCABA

GPKQ180810
GABRIEL O ANJO
M
08/03/1989
(61) 05982-8214
CORSA
PKQ-7325
18/08/19
10:57
149.62
4
COTIA, JUNDIAI, LORENA, OSASCO, RIO DE JANEIRO, SAO JOSE DOS CAMPOS, SAO PAULO, SAO ROQUE, SOROCABA, TAUBATE

LXCD021101
LAVINIE DIAS
F
19/07/1991
(34) 14899-2708
COROLLA
XCD-8175
02/11/19
01:35
092.71
3
COTIA, JUNDIAI, LORENA, OSASCO, RIO DE JANEIRO, SAO JOSE DOS CAMPOS, SAO PAULO, SAO ROQUE, SOROCABA, TAUBATE
**********************ARQUIVO*********************
GABRIEL EL ANGEL@F@19/07/1990@(80) 28573-4032@CIVIC@EUY-3337@COTIA|JUNDIAI|LORENA|RIO DE JANEIRO|SAO PAULO|SAO ROQUE|SOROCABA@18/06/19@12:09@122.76@4@##########################################################################################################ALEXANDRE O PEQUENO@M@27/08/1999@(94) 65945-9560@CIVIC@BEL-2267@OSASCO|SAO JOSE DOS CAMPOS|SAO PAULO|SAO ROQUE@13/11/19@17:02@160.23@1@#########################################################################################################################LAVINIE DIAS@F@19/07/1991@(34) 14899-2708@COROLLA@XCD-8175@COTIA|JUNDIAI|LORENA|OSASCO|RIO DE JANEIRO|SAO JOSE DOS CAMPOS|SAO PAULO|SAO ROQUE|SOROCABA|TAUBATE@02/11/19@01:35@092.71@3@#########################################################################GABRIEL EL ANGEL@F@08/02/1998@(39) 43020-6537@UNO@IUV-9901@SAO PAULO|SAO ROQUE|SOROCABA@13/10/19@08:41@101.98@4@################################################################################################################################################MATHEUS LIMA@F@08/11/1999@(14) 20259-6103@ONIX@NMJ-9750@COTIA|LORENA@10/09/19@21:55@060.51@4@###################################################################################################################################################################ALEXANDRE O PEQUENO@M@09/02/1997@(66) 33915-2463@CELTA@HLW-1122@COTIA|LORENA|RIO DE JANEIRO|SAO JOSE DOS CAMPOS@22/09/19@07:12@033.22@4@########################################################################################################################MATHEUS LIMA@M@23/12/1990@(12) 64531-0231@TORO@WUT-8146@COTIA|JUNDIAI|LORENA|OSASCO|RIO DE JANEIRO|SAO JOSE DOS CAMPOS|SAO PAULO|SAO ROQUE|SOROCABA@19/04/19@12:14@208.98@3@####################################################################################ALEXANDRE O MIXURUCA@M@02/03/1991@(17) 12841-5423@FIT@PXL-9975@JUNDIAI|LORENA@01/10/19@02:50@144.67@1@##########################################################################################################################################################GABRIEL O ANJO@M@08/03/1989@(61) 05982-8214@CORSA@PKQ-7325@COTIA|JUNDIAI|LORENA|OSASCO|RIO DE JANEIRO|SAO JOSE DOS CAMPOS|SAO PAULO|SAO ROQUE|SOROCABA|TAUBATE@18/08/19@10:57@149.62@4@#########################################################################
*****************ARQUIVO SECUNDARIO****************
MWUT190412 19/04/19
GEUY180612 18/06/19
GPKQ180810 18/08/19
MNMJ100921 10/09/19
AHLW220907 22/09/19
APXL011002 01/10/19
GIUV131008 13/10/19
LXCD021101 02/11/19
ABEL131117 13/11/19
*****************ARQUIVO SECUNDARIO****************
APXL011002 ALEXANDRE O MIXURUCA
ABEL131117 ALEXANDRE O PEQUENO
AHLW220907 ALEXANDRE O PEQUENO
GEUY180612 GABRIEL EL ANGEL
GIUV131008 GABRIEL EL ANGEL
GPKQ180810 GABRIEL O ANJO
LXCD021101 LAVINIE DIAS
MNMJ100921 MATHEUS LIMA
MWUT190412 MATHEUS LIMA
*****************ARQUIVO SECUNDARIO****************
MWUT190412 19/04/19
GEUY180612 18/06/19
GPKQ180810 18/08/19
MNMJ100921 10/09/19
AHLW220907 22/09/19
APXL011002 01/10/19
GIUV131008 13/10/19
LXCD021101 02/11/19
ABEL131117 13/11/19
**********************BUSCAR**********************
MNMJ100921
MATHEUS LIMA
F
08/11/1999
(14) 20259-6103
ONIX
NMJ-9750
10/09/19
21:55
060.51
4
COTIA, LORENA
**********************BUSCAR**********************
Registro(s) nao encontrado!
**********************ARQUIVO*********************
GABRIEL EL ANGEL@F@19/07/1990@(80) 28573-4032@CIVIC@EUY-3337@COTIA|JUNDIAI|LORENA|RIO DE JANEIRO|SAO PAULO|SAO ROQUE|SOROCABA@18/06/19@12:09@122.76@4@##########################################################################################################ALEXANDRE O PEQUENO@M@27/08/1999@(94) 65945-9560@CIVIC@BEL-2267@OSASCO|SAO JOSE DOS CAMPOS|SAO PAULO|SAO ROQUE@13/11/19@17:02@160.23@1@#########################################################################################################################LAVINIE DIAS@F@19/07/1991@(34) 14899-2708@COROLLA@XCD-8175@COTIA|JUNDIAI|LORENA|OSASCO|RIO DE JANEIRO|SAO JOSE DOS CAMPOS|SAO PAULO|SAO ROQUE|SOROCABA|TAUBATE@02/11/19@01:35@092.71@3@#########################################################################GABRIEL EL ANGEL@F@08/02/1998@(39) 43020-6537@UNO@IUV-9901@SAO PAULO|SAO ROQUE|SOROCABA@13/10/19@08:41@101.98@4@################################################################################################################################################MATHEUS LIMA@F@08/11/1999@(14) 20259-6103@ONIX@NMJ-9750@COTIA|LORENA@10/09/19@21:55@060.51@4@###################################################################################################################################################################ALEXANDRE O PEQUENO@M@09/02/1997@(66) 33915-2463@CELTA@HLW-1122@COTIA|LORENA|RIO DE JANEIRO|SAO JOSE DOS CAMPOS@22/09/19@07:12@033.22@4@########################################################################################################################MATHEUS LIMA@M@23/12/1990@(12) 64531-0231@TORO@WUT-8146@COTIA|JUNDIAI|LORENA|OSASCO|RIO DE JANEIRO|SAO JOSE DOS CAMPOS|SAO PAULO|SAO ROQUE|SOROCABA@19/04/19@12:14@208.98@3@####################################################################################ALEXANDRE O MIXURUCA@M@02/03/1991@(17) 12841-5423@FIT@PXL-9975@JUNDIAI|LORENA@01/10/19@02:50@144.67@1@##########################################################################################################################################################GABRIEL O ANJO@M@08/03/1989@(61) 05982-8214@CORSA@PKQ-7325@COTIA|JUNDIAI|LORENA|OSASCO|RIO DE JANEIRO|SAO JOSE DOS CAMPOS|SAO PAULO|SAO ROQUE|SOROCABA|TAUBATE@18/08/19@10:57@149.62@4@#########################################################################GABRIEL O ANJO@M@02/02/1996@(01) 72153-6973@GOL@YPX-3760@COTIA|JUNDIAI|LORENA|SAO JOSE DOS CAMPOS@17/04/19@04:31@146.18@3@######################################################################################################################################EVELYN DOS SANTOS@F@10/11/1993@(90) 33815-4447@FOX@XHF-2082@COTIA|JUNDIAI|LORENA|OSASCO|RIO DE JANEIRO|SAO JOSE DOS CAMPOS|SAO PAULO@02/04/19@06:05@114.56@4@###################################################################################################ALEXANDRE O CHEGA NE@M@08/09/1999@(02) 87383-8443@TORO@DJV-9971@JUNDIAI|SAO ROQUE@01/12/19@01:09@134.45@2@######################################################################################################################################################LETICIA OLIVEIRA FERREIRA@F@21/10/1989@(19) 12551-5252@COROLLA@EUG-8779@COTIA|JUNDIAI|LORENA|RIO DE JANEIRO|SAO JOSE DOS CAMPOS|SAO PAULO|SAO ROQUE|SOROCABA@17/04/19@02:34@000.85@1@###########################################################################PABLO PICASSO@F@25/09/1995@(48) 45523-3348@FIT@NRN-3906@COTIA|JUNDIAI|LORENA|OSASCO|RIO DE JANEIRO|SAO JOSE DOS CAMPOS|SAO PAULO|SAO ROQUE|TAUBATE@22/03/19@16:22@042.85@2@#####################################################################################BRUNA MARQUEZINE@F@06/07/1997@(08) 90620-4488@FUSCA@OWU-0022@COTIA|OSASCO|SAO PAULO|SAO ROQUE|SOROCABA@08/10/19@08:06@057.34@2@#################################################################################################################################
**********************BUSCAR**********************
ADUG041000
ALEXANDRE O MAIS OU MENOS
F
22/08/1996
(56) 70173-8989
CORSA
DUG-7489
04/10/19
00:25
161.46
2
JUNDIAI, LORENA, OSASCO, RIO DE JANEIRO, SAO JOSE DOS CAMPOS, SAO PAULO, SAO ROQUE, SOROCABA, TAUBATE

GPKQ180810
GABRIEL O ANJO
M
08/03/1989
(61) 05982-8214
CORSA
PKQ-7325
18/08/19
10:57
149.62
4
COTIA, JUNDIAI, LORENA, OSASCO, RIO DE JANEIRO, SAO JOSE DOS CAMPOS, SAO PAULO, SAO ROQUE, SOROCABA, TAUBATE

LXCD021101
LAVINIE DIAS
F
19/07/1991
(34) 14899-2708
COROLLA
XCD-8175
02/11/19
01:35
092.71
3
COTIA, JUNDIAI, LORENA, OSASCO, RIO DE JANEIRO, SAO JOSE DOS CAMPOS, SAO PAULO, SAO ROQUE, SOROCABA, TAUBATE

PNRN220316
PABLO PICASSO
F
25/09/1995
(48) 45523-3348
FIT
NRN-3906
22/03/19
16:22
042.85
2
COTIA, JUNDIAI, LORENA, OSASCO, RIO DE JANEIRO, SAO JOSE DOS CAMPOS, SAO PAULO, SAO ROQUE, TAUBATE
**********************BUSCAR**********************
ADJV011201
ALEXANDRE O CHEGA NE
M
08/09/1999
(02) 87383-8443
TORO
DJV-9971
01/12/19
01:09
134.45
2
JUNDIAI, SAO ROQUE
**********************LISTAR**********************
PNRN220316
PABLO PICASSO
F
25/09/1995
(48) 45523-3348
FIT
NRN-3906
22/03/19
16:22
042.85
2
COTIA, JUNDIAI, LORENA, OSASCO, RIO DE JANEIRO, SAO JOSE DOS CAMPOS, SAO PAULO, SAO ROQUE, TAUBATE

EXHF020406
EVELYN DOS SANTOS
F
10/11/1993
(90) 33815-4447
FOX
XHF-2082
02/04/19
06:05
114.56
4
COTIA, JUNDIAI, LORENA, OSASCO, RIO DE JANEIRO, SAO JOSE DOS CAMPOS, SAO PAULO

LEUG170402
LETICIA OLIVEIRA FERREIRA
F
21/10/1989
(19) 12551-5252
COROLLA
EUG-8779
17/04/19
02:34
000.85
1
COTIA, JUNDIAI, LORENA, RIO DE JANEIRO, SAO JOSE DOS CAMPOS, SAO PAULO, SAO ROQUE, SOROCABA

GYPX170404
GABRIEL O ANJO
M
02/02/1996
(01) 72153-6973
GOL
YPX-3760
17/04/19
04:31
146.18
3
COTIA, JUNDIAI, LORENA, SAO JOSE DOS CAMPOS

MWUT190412
MATHEUS LIMA
M
23/12/1990
(12) 64531-0231
TORO
WUT-8146
19/04/19
12:14
208.98
3
COTIA, JUNDIAI, LORENA, OSASCO, RIO DE JANEIRO, SAO JOSE DOS CAMPOS, SAO PAULO, SAO ROQUE, SOROCABA

GEUY180612
GABRIEL EL ANGEL
F
19/07/1990
(80) 28573-4032
CIVIC
EUY-3337
18/06/19
12:09
122.76
4
COTIA, JUNDIAI, LORENA, RIO DE JANEIRO, SAO PAULO, SAO ROQUE, SOROCABA

GPKQ180810
GABRIEL O ANJO
M
08/03/1989
(61) 05982-8214
CORSA
PKQ-7325
18/08/19
10:57
149.62
4
COTIA, JUNDIAI, LORENA, OSASCO, RIO DE JANEIRO, SAO JOSE DOS CAMPOS, SAO PAULO, SAO ROQUE, SOROCABA, TAUBATE

MNMJ100921
MATHEUS LIMA
F
08/11/1999
(14) 20259-6103
ONIX
NMJ-9750
10/09/19
21:55
060.51
4
COTIA, LORENA

AHLW220907
ALEXANDRE O PEQUENO
M
09/02/1997
(66) 33915-2463
CELTA
HLW-1122
22/09/19
07:12
033.22
4
COTIA, LORENA, RIO DE JANEIRO, SAO JOSE DOS CAMPOS

BOWU081008
BRUNA MARQUEZINE
F
06/07/1997
(08) 90620-4488
FUSCA
OWU-0022
08/10/19
08:06
057.34
2
COTIA, OSASCO, SAO PAULO, SAO ROQUE, SOROCABA

LXCD021101
LAVINIE DIAS
F
19/07/1991
(34) 14899-2708
COROLLA
XCD-8175
02/11/19
01:35
092.71
3
COTIA, JUNDIAI, LORENA, OSASCO, RIO DE JANEIRO, SAO JOSE DOS CAMPOS, SAO PAULO, SAO ROQUE, SOROCABA, TAUBATE

PNRN220316
PABLO PICASSO
F
25/09/1995
(48) 45523-3348
FIT
NRN-3906
22/03/19
16:22
042.85
2
COTIA, JUNDIAI, LORENA, OSASCO, RIO DE JANEIRO, SAO JOSE DOS CAMPOS, SAO PAULO, SAO ROQUE, TAUBATE

EXHF020406
EVELYN DOS SANTOS
F
10/11/1993
(90) 33815-4447
FOX
XHF-2082
02/04/19
06:05
114.56
4
COTIA, JUNDIAI, LORENA, OSASCO, RIO DE JANEIRO, SAO JOSE DOS CAMPOS, SAO PAULO

LEUG170402
LETICIA OLIVEIRA FERREIRA
F
21/10/1989
(19) 12551-5252
COROLLA
EUG-8779
17/04/19
02:34
000.85
1
COTIA, JUNDIAI, LORENA, RIO DE JANEIRO, SAO JOSE DOS CAMPOS, SAO PAULO, SAO ROQUE, SOROCABA

GYPX170404
GABRIEL O ANJO
M
02/02/1996
(01) 72153-6973
GOL
YPX-3760
17/04/19
04:31
146.18
3
COTIA, JUNDIAI, LORENA, SAO JOSE DOS CAMPOS

MWUT190412
MATHEUS LIMA
M
23/12/1990
(12) 64531-0231
TORO
WUT-8146
19/04/19
12:14
208.98
3
COTIA, JUNDIAI, LORENA, OSASCO, RIO DE JANEIRO, SAO JOSE DOS CAMPOS, SAO PAULO, SAO ROQUE, SOROCABA

GEUY180612
GABRIEL EL ANGEL
F
19/07/1990
(80) 28573-4032
CIVIC
EUY-3337
18/06/19
12:09
122.76
4
COTIA, JUNDIAI, LORENA, RIO DE JANEIRO, SAO PAULO, SAO ROQUE, SOROCABA

GPKQ180810
GABRIEL O ANJO
M
08/03/1989
(61) 05982-8214
CORSA
PKQ-7325
18/08/19
10:57
149.62
4
COTIA, JUNDIAI, LORENA, OSASCO, RIO DE JANEIRO, SAO JOSE DOS CAMPOS, SAO PAULO, SAO ROQUE, SOROCABA, TAUBATE

APXL011002
ALEXANDRE O MIXURUCA
M
02/03/1991
(17) 12841-5423
FIT
PXL-9975
01/10/19
02:50
144.67
1
JUNDIAI, LORENA

ADUG041000
ALEXANDRE O MAIS OU MENOS
F
22/08/1996
(56) 70173-8989
CORSA
DUG-7489
04/10/19
00:25
161.46
2
JUNDIAI, LORENA, OSASCO, RIO DE JANEIRO, SAO JOSE DOS CAMPOS, SAO PAULO, SAO ROQUE, SOROCABA, TAUBATE

LXCD021101
LAVINIE DIAS
F
19/07/1991
(34) 14899-2708
COROLLA
XCD-8175
02/11/19
01:35
092.71
3
COTIA, JUNDIAI, LORENA, OSASCO, RIO DE JANEIRO, SAO JOSE DOS CAMPOS, SAO PAULO, SAO ROQUE, SOROCABA, TAUBATE

ADJV011201
ALEXANDRE O CHEGA NE
M
08/09/1999
(02) 87383-8443
TORO
DJV-9971
01/12/19
01:09
134.45
2
JUNDIAI, SAO ROQUE

PNRN220316
PABLO PICASSO
F
25/09/1995
(48) 45523-3348
FIT
NRN-3906
22/03/19
16:22
042.85
2
COTIA, JUNDIAI, LORENA, OSASCO, RIO DE JANEIRO, SAO JOSE DOS CAMPOS, SAO PAULO, SAO ROQUE, TAUBATE

EXHF020406
EVELYN DOS SANTOS
F
10/11/1993
(90) 33815-4447
FOX
XHF-2082
02/04/19
06:05
114.56
4
COTIA, JUNDIAI, LORENA, OSASCO, RIO DE JANEIRO, SAO JOSE DOS CAMPOS, SAO PAULO

LEUG170402
LETICIA OLIVEIRA FERREIRA
F
21/10/1989
(19) 12551-5252
COROLLA
EUG-8779
17/04/19
02:34
000.85
1
COTIA, JUNDIAI, LORENA, RIO DE JANEIRO, SAO JOSE DOS CAMPOS, SAO PAULO, SAO ROQUE, SOROCABA

GYPX170404
GABRIEL O ANJO
M
02/02/1996
(01) 72153-6973
GOL
YPX-3760
17/04/19
04:31
146.18
3
COTIA, JUNDIAI, LORENA, SAO JOSE DOS CAMPOS

MWUT190412
MATHEUS LIMA
M
23/12/1990
(12) 64531-0231
TORO
WUT-8146
19/04/19
12:14
208.98
3
COTIA, JUNDIAI, LORENA, OSASCO, RIO DE JANEIRO, SAO JOSE DOS CAMPOS, SAO PAULO, SAO ROQUE, SOROCABA

GEUY180612
GABRIEL EL ANGEL
F
19/07/1990
(80) 28573-4032
CIVIC
EUY-3337
18/06/19
12:09
122.76
4
COTIA, JUNDIAI, LORENA, RIO DE JANEIRO, SAO PAULO, SAO ROQUE, SOROCABA

GPKQ180810
GABRIEL O ANJO
M
08/03/1989
(61) 05982-8214
CORSA
PKQ-7325
18/08/19
10:57
149.62
4
COTIA, JUNDIAI, LORENA, OSASCO, RIO DE JANEIRO, SAO JOSE DOS CAMPOS, SAO PAULO, SAO ROQUE, SOROCABA, TAUBATE

MNMJ100921
MATHEUS LIMA
F
08/11/1999
(14) 20259-6103
ONIX
NMJ-9750
10/09/19
21:55
060.51
4
COTIA, LORENA

AHLW220907
ALEXANDRE O PEQUENO
M
09/02/1997
(66) 33915-2463
CELTA
HLW-1122
22/09/19
07:12
033.22
4
COTIA, LORENA, RIO DE JANEIRO, SAO JOSE DOS CAMPOS

APXL011002
ALEXANDRE O MIXURUCA
M
02/03/1991
(17) 12841-5423
FIT
PXL-9975
01/10/19
02:50
144.67
1
JUNDIAI, LORENA

ADUG041000
ALEXANDRE O MAIS OU MENOS
F
22/08/1996
(56) 70173-8989
CORSA
DUG-7489
04/10/19
00:25
161.46
2
JUNDIAI, LORENA, OSASCO, RIO DE JANEIRO, SAO JOSE DOS CAMPOS, SAO PAULO, SAO ROQUE, SOROCABA, TAUBATE

LXCD021101
LAVINIE DIAS
F
19/07/1991
(34) 14899-2708
COROLLA
XCD-8175
02/11/19
01:35
092.71
3
COTIA, JUNDIAI, LORENA, OSASCO, RIO DE JANEIRO, SAO JOSE DOS CAMPOS, SAO PAULO, SAO ROQUE, SOROCABA, TAUBATE

PNRN220316
PABLO PICASSO
F
25/09/1995
(48) 45523-3348
FIT
NRN-3906
22/03/19
16:22
042.85
2
COTIA, JUNDIAI, LORENA, OSASCO, RIO DE JANEIRO, SAO JOSE DOS CAMPOS, SAO PAULO, SAO ROQUE, TAUBATE

EXHF020406
EVELYN DOS SANTOS
F
10/11/1993
(90) 33815-4447
FOX
XHF-2082
02/04/19
06:05
114.56
4
COTIA, JUNDIAI, LORENA, OSASCO, RIO DE JANEIRO, SAO JOSE DOS CAMPOS, SAO PAULO

MWUT190412
MATHEUS LIMA
M
23/12/1990
(12) 64531-0231
TORO
WUT-8146
19/04/19
12:14
208.98
3
COTIA, JUNDIAI, LORENA, OSASCO, RIO DE JANEIRO, SAO JOSE DOS CAMPOS, SAO PAULO, SAO ROQUE, SOROCABA

GPKQ180810
GABRIEL O ANJO
M
08/03/1989
(61) 05982-8214
CORSA
PKQ-7325
18/08/19
10:57
149.62
4
COTIA, JUNDIAI, LORENA, OSASCO, RIO DE JANEIRO, SAO JOSE DOS CAMPOS, SAO PAULO, SAO ROQUE, SOROCABA, TAUBATE

ADUG041000
ALEXANDRE O MAIS OU MENOS
F
22/08/1996
(56) 70173-8989
CORSA
DUG-7489
04/10/19
00:25
161.46
2
JUNDIAI, LORENA, OSASCO, RIO DE JANEIRO, SAO JOSE DOS CAMPOS, SAO PAULO, SAO ROQUE, SOROCABA, TAUBATE

BOWU081008
BRUNA MARQUEZINE
F
06/07/1997
(08) 90620-4488
FUSCA
OWU-0022
08/10/19
08:06
057.34
2
COTIA, OSASCO, SAO PAULO, SAO ROQUE, SOROCABA

LXCD021101
LAVINIE DIAS
F
19/07/1991
(34) 14899-2708
COROLLA
XCD-8175
02/11/19
01:35
092.71
3
COTIA, JUNDIAI, LORENA, OSASCO, RIO DE JANEIRO, SAO JOSE DOS CAMPOS, SAO PAULO, SAO ROQUE, SOROCABA, TAUBATE

ABEL131117
ALEXANDRE O PEQUENO
M
27/08/1999
(94) 65945-9560
CIVIC
BEL-2267
13/11/19
17:02
160.23
1
OSASCO, SAO JOSE DOS CAMPOS, SAO PAULO, SAO ROQUE

PNRN220316
PABLO PICASSO
F
25/09/1995
(48) 45523-3348
FIT
NRN-3906
22/03/19
16:22
042.85
2
COTIA, JUNDIAI, LORENA, OSASCO, RIO DE JANEIRO, SAO JOSE DOS CAMPOS, SAO PAULO, SAO ROQUE, TAUBATE

EXHF020406
EVELYN DOS SANTOS
F
10/11/1993
(90) 33815-4447
FOX
XHF-2082
02/04/19
06:05
114.56
4
COTIA, JUNDIAI, LORENA, OSASCO, RIO DE JANEIRO, SAO JOSE DOS CAMPOS, SAO PAULO

LEUG170402
LETICIA OLIVEIRA FERREIRA
F
21/10/1989
(19) 12551-5252
COROLLA
EUG-8779
17/04/19
02:34
000.85
1
COTIA, JUNDIAI, LORENA, RIO DE JANEIRO, SAO JOSE DOS CAMPOS, SAO PAULO, SAO ROQUE, SOROCABA

MWUT190412
MATHEUS LIMA
M
23/12/1990
(12) 64531-0231
TORO
WUT-8146
19/04/19
12:14
208.98
3
COTIA, JUNDIAI, LORENA, OSASCO, RIO DE JANEIRO, SAO JOSE DOS CAMPOS, SAO PAULO, SAO ROQUE, SOROCABA

GEUY180612
GABRIEL EL ANGEL
F
19/07/1990
(80) 28573-4032
CIVIC
EUY-3337
18/06/19
12:09
122.76
4
COTIA, JUNDIAI, LORENA, RIO DE JANEIRO, SAO PAULO, SAO ROQUE, SOROCABA

GPKQ180810
GABRIEL O ANJO
M
08/03/1989
(61) 05982-8214
CORSA
PKQ-7325
18/08/19
10:57
149.62
4
COTIA, JUNDIAI, LORENA, OSASCO, RIO DE JANEIRO, SAO JOSE DOS CAMPOS, SAO PAULO, SAO ROQUE, SOROCABA, TAUBATE

AHLW220907
ALEXANDRE O PEQUENO
M
09/02/1997
(66) 33915-2463
CELTA
HLW-1122
22/09/19
07:12
033.22
4
COTIA, LORENA, RIO DE JANEIRO, SAO JOSE DOS CAMPOS

ADUG041000
ALEXANDRE O MAIS OU MENOS
F
22/08/1996
(56) 70173-8989
CORSA
DUG-7489
04/10/19
00:25
161.46
2
JUNDIAI, LORENA, OSASCO, RIO DE JANEIRO, SAO JOSE DOS CAMPOS, SAO PAULO, SAO ROQUE, SOROCABA, TAUBATE

LXCD021101
LAVINIE DIAS
F
19/07/1991
(34) 14899-2708
COROLLA
XCD-8175
02/11/19
01:35
092.71
3
COTIA, JUNDIAI, LORENA, OSASCO, RIO DE JANEIRO, SAO JOSE DOS CAMPOS, SAO PAULO, SAO ROQUE, SOROCABA, TAUBATE

PNRN220316
PABLO PICASSO
F
25/09/1995
(48) 45523-3348
FIT
NRN-3906
22/03/19
16:22
042.85
2
COTIA, JUNDIAI, LORENA, OSASCO, RIO DE JANEIRO, SAO JOSE DOS CAMPOS, SAO PAULO, SAO ROQUE, TAUBATE

EXHF020406
EVELYN DOS SANTOS
F
10/11/1993
(90) 33815-4447
FOX
XHF-2082
02/04/19
06:05
114.56
4
COTIA, JUNDIAI, LORENA, OSASCO, RIO DE JANEIRO, SAO JOSE DOS CAMPOS, SAO PAULO

LEUG170402
LETICIA OLIVEIRA FERREIRA
F
21/10/1989
(19) 12551-5252
COROLLA
EUG-8779
17/04/19
02:34
000.85
1
COTIA, JUNDIAI, LORENA, RIO DE JANEIRO, SAO JOSE DOS CAMPOS, SAO PAULO, SAO ROQUE, SOROCABA

GYPX170404
GABRIEL O ANJO
M
02/02/1996
(01) 72153-6973
GOL
YPX-3760
17/04/19
04:31
146.18
3
COTIA, JUNDIAI, LORENA, SAO JOSE DOS CAMPOS

MWUT190412
MATHEUS LIMA
M
23/12/1990
(12) 64531-0231
TORO
WUT-8146
19/04/19
12:14
208.98
3
COTIA, JUNDIAI, LORENA, OSASCO, RIO DE JANEIRO, SAO JOSE DOS CAMPOS, SAO PAULO, SAO ROQUE, SOROCABA

GPKQ180810
GABRIEL O ANJO
M
08/03/1989
(61) 05982-8214
CORSA
PKQ-7325
18/08/19
10:57
149.62
4
COTIA, JUNDIAI, LORENA, OSASCO, RIO DE JANEIRO, SAO JOSE DOS CAMPOS, SAO PAULO, SAO ROQUE, SOROCABA, TAUBATE

AHLW220907
ALEXANDRE O PEQUENO
M
09/02/1997
(66) 33915-2463
CELTA
HLW-1122
22/09/19
07:12
033.22
4
COTIA, LORENA, RIO DE JANEIRO, SAO JOSE DOS CAMPOS

ADUG041000
ALEXANDRE O MAIS OU MENOS
F
22/08/1996
(56) 70173-8989
CORSA
DUG-7489
04/10/19
00:25
161.46
2
JUNDIAI, LORENA, OSASCO, RIO DE JANEIRO, SAO JOSE DOS CAMPOS, SAO PAULO, SAO ROQUE, SOROCABA, TAUBATE

LXCD021101
LAVINIE DIAS
F
19/07/1991
(34) 14899-2708
COROLLA
XCD-8175
02/11/19
01:35
092.71
3
COTIA, JUNDIAI, LORENA, OSASCO, RIO DE JANEIRO, SAO JOSE DOS CAMPOS, SAO PAULO, SAO ROQUE, SOROCABA, TAUBATE

ABEL131117
ALEXANDRE O PEQUENO
M
27/08/1999
(94) 65945-9560
CIVIC
BEL-2267
13/11/19
17:02
160.23
1
OSASCO, SAO JOSE DOS CAMPOS, SAO PAULO, SAO ROQUE

PNRN220316
PABLO PICASSO
F
25/09/1995
(48) 45523-3348
FIT
NRN-3906
22/03/19
16:22
042.85
2
COTIA, JUNDIAI, LORENA, OSASCO, RIO DE JANEIRO, SAO JOSE DOS CAMPOS, SAO PAULO, SAO ROQUE, TAUBATE

EXHF020406
EVELYN DOS SANTOS
F
10/11/1993
(90) 33815-4447
FOX
XHF-2082
02/04/19
06:05
114.56
4
COTIA, JUNDIAI, LORENA, OSASCO, RIO DE JANEIRO, SAO JOSE DOS CAMPOS, SAO PAULO

LEUG170402
LETICIA OLIVEIRA FERREIRA
F
21/10/1989
(19) 12551-5252
COROLLA
EUG-8779
17/04/19
02:34
000.85
1
COTIA, JUNDIAI, LORENA, RIO DE JANEIRO, SAO JOSE DOS CAMPOS, SAO PAULO, SAO ROQUE, SOROCABA

MWUT190412
MATHEUS LIMA
M
23/12/1990
(12) 64531-0231
TORO
WUT-8146
19/04/19
12:14
208.98
3
COTIA, JUNDIAI, LORENA, OSASCO, RIO DE JANEIRO, SAO JOSE DOS CAMPOS, SAO PAULO, SAO ROQUE, SOROCABA

GEUY180612
GABRIEL EL ANGEL
F
19/07/1990
(80) 28573-4032
CIVIC
EUY-3337
18/06/19
12:09
122.76
4
COTIA, JUNDIAI, LORENA, RIO DE JANEIRO, SAO PAULO, SAO ROQUE, SOROCABA

GPKQ180810
GABRIEL O ANJO
M
08/03/1989
(61) 05982-8214
CORSA
PKQ-7325
18/08/19
10:57
149.62
4
COTIA, JUNDIAI, LORENA, OSASCO, RIO DE JANEIRO, SAO JOSE DOS CAMPOS, SAO PAULO, SAO ROQUE, SOROCABA, TAUBATE

ADUG041000
ALEXANDRE O MAIS OU MENOS
F
22/08/1996
(56) 70173-8989
CORSA
DUG-7489
04/10/19
00:25
161.46
2
JUNDIAI, LORENA, OSASCO, RIO DE JANEIRO, SAO JOSE DOS CAMPOS, SAO PAULO, SAO ROQUE, SOROCABA, TAUBATE

BOWU081008
BRUNA MARQUEZINE
F
06/07/1997
(08) 90620-4488
FUSCA
OWU-0022
08/10/19
08:06
057.34
2
COTIA, OSASCO, SAO PAULO, SAO ROQUE, SOROCABA

GIUV131008
GABRIEL EL ANGEL
F
08/02/1998
(39) 43020-6537
UNO
IUV-9901
13/10/19
08:41
101.98
4
SAO PAULO, SAO ROQUE, SOROCABA

LXCD021101
LAVINIE DIAS
F
19/07/1991
(34) 14899-2708
COROLLA
XCD-8175
02/11/19
01:35
092.71
3
COTIA, JUNDIAI, LORENA, OSASCO, RIO DE JANEIRO, SAO JOSE DOS CAMPOS, SAO PAULO, SAO ROQUE, SOROCABA, TAUBATE

ABEL131117
ALEXANDRE O PEQUENO
M
27/08/1999
(94) 65945-9560
CIVIC
BEL-2267
13/11/19
17:02
160.23
1
OSASCO, SAO JOSE DOS CAMPOS, SAO PAULO, SAO ROQUE

PNRN220316
PABLO PICASSO
F
25/09/1995
(48) 45523-3348
FIT
NRN-3906
22/03/19
16:22
042.85
2
COTIA, JUNDIAI, LORENA, OSASCO, RIO DE JANEIRO, SAO JOSE DOS CAMPOS, SAO PAULO, SAO ROQUE, TAUBATE

LEUG170402
LETICIA OLIVEIRA FERREIRA
F
21/10/1989
(19) 12551-5252
COROLLA
EUG-8779
17/04/19
02:34
000.85
1
COTIA, JUNDIAI, LORENA, RIO DE JANEIRO, SAO JOSE DOS CAMPOS, SAO PAULO, SAO ROQUE, SOROCABA

MWUT190412
MATHEUS LIMA
M
23/12/1990
(12) 64531-0231
TORO
WUT-8146
19/04/19
12:14
208.98
3
COTIA, JUNDIAI, LORENA, OSASCO, RIO DE JANEIRO, SAO JOSE DOS CAMPOS, SAO PAULO, SAO ROQUE, SOROCABA

GEUY180612
GABRIEL EL ANGEL
F
19/07/1990
(80) 28573-4032
CIVIC
EUY-3337
18/06/19
12:09
122.76
4
COTIA, JUNDIAI, LORENA, RIO DE JANEIRO, SAO PAULO, SAO ROQUE, SOROCABA

GPKQ180810
GABRIEL O ANJO
M
08/03/1989
(61) 05982-8214
CORSA
PKQ-7325
18/08/19
10:57
149.62
4
COTIA, JUNDIAI, LORENA, OSASCO, RIO DE JANEIRO, SAO JOSE DOS CAMPOS, SAO PAULO, SAO ROQUE, SOROCABA, TAUBATE

ADUG041000
ALEXANDRE O MAIS OU MENOS
F
22/08/1996
(56) 70173-8989
CORSA
DUG-7489
04/10/19
00:25
161.46
2
JUNDIAI, LORENA, OSASCO, RIO DE JANEIRO, SAO JOSE DOS CAMPOS, SAO PAULO, SAO ROQUE, SOROCABA, TAUBATE

BOWU081008
BRUNA MARQUEZINE
F
06/07/1997
(08) 90620-4488
FUSCA
OWU-0022
08/10/19
08:06
057.34
2
COTIA, OSASCO, SAO PAULO, SAO ROQUE, SOROCABA

GIUV131008
GABRIEL EL ANGEL
F
08/02/1998
(39) 43020-6537
UNO
IUV-9901
13/10/19
08:41
101.98
4
SAO PAULO, SAO ROQUE, SOROCABA

LXCD021101
LAVINIE DIAS
F
19/07/1991
(34) 14899-2708
COROLLA
XCD-8175
02/11/19
01:35
092.71
3
COTIA, JUNDIAI, LORENA, OSASCO, RIO DE JANEIRO, SAO JOSE DOS CAMPOS, SAO PAULO, SAO ROQUE, SOROCABA, TAUBATE

ABEL131117
ALEXANDRE O PEQUENO
M
27/08/1999
(94) 65945-9560
CIVIC
BEL-2267
13/11/19
17:02
160.23
1
OSASCO, SAO JOSE DOS CAMPOS, SAO PAULO, SAO ROQUE

ADJV011201
ALEXANDRE O CHEGA NE
M
08/09/1999
(02) 87383-8443
TORO
DJV-9971
01/12/19
01:09
134.45
2
JUNDIAI, SAO ROQUE

LEUG170402
LETICIA OLIVEIRA FERREIRA
F
21/10/1989
(19) 12551-5252
COROLLA
EUG-8779
17/04/19
02:34
000.85
1
COTIA, JUNDIAI, LORENA, RIO DE JANEIRO, SAO JOSE DOS CAMPOS, SAO PAULO, SAO ROQUE, SOROCABA

MWUT190412
MATHEUS LIMA
M
23/12/1990
(12) 64531-0231
TORO
WUT-8146
19/04/19
12:14
208.98
3
COTIA, JUNDIAI, LORENA, OSASCO, RIO DE JANEIRO, SAO JOSE DOS CAMPOS, SAO PAULO, SAO ROQUE, SOROCABA

GEUY180612
GABRIEL EL ANGEL
F
19/07/1990
(80) 28573-4032
CIVIC
EUY-3337
18/06/19
12:09
122.76
4
COTIA, JUNDIAI, LORENA, RIO DE JANEIRO, SAO PAULO, SAO ROQUE, SOROCABA

GPKQ180810
GABRIEL O ANJO
M
08/03/1989
(61) 05982-8214
CORSA
PKQ-7325
18/08/19
10:57
149.62
4
COTIA, JUNDIAI, LORENA, OSASCO, RIO DE JANEIRO, SAO JOSE DOS CAMPOS, SAO PAULO, SAO ROQUE, SOROCABA, TAUBATE

ADUG041000
ALEXANDRE O MAIS OU MENOS
F
22/08/1996
(56) 70173-8989
CORSA
DUG-7489
04/10/19
00:25
161.46
2
JUNDIAI, LORENA, OSASCO, RIO DE JANEIRO, SAO JOSE DOS CAMPOS, SAO PAULO, SAO ROQUE, SOROCABA, TAUBATE

BOWU081008
BRUNA MARQUEZINE
F
06/07/1997
(08) 90620-4488
FUSCA
OWU-0022
08/10/19
08:06
057.34
2
COTIA, OSASCO, SAO PAULO, SAO ROQUE, SOROCABA

GIUV131008
GABRIEL EL ANGEL
F
08/02/1998
(39) 43020-6537
UNO
IUV-9901
13/10/19
08:41
101.98
4
SAO PAULO, SAO ROQUE, SOROCABA

LXCD021101
LAVINIE DIAS
F
19/07/1991
(34) 14899-2708
COROLLA
XCD-8175
02/11/19
01:35
092.71
3
COTIA, JUNDIAI, LORENA, OSASCO, RIO DE JANEIRO, SAO JOSE DOS CAMPOS, SAO PAULO, SAO ROQUE, SOROCABA, TAUBATE

PNRN220316
PABLO PICASSO
F
25/09/1995
(48) 45523-3348
FIT
NRN-3906
22/03/19
16:22
042.85
2
COTIA, JUNDIAI, LORENA, OSASCO, RIO DE JANEIRO, SAO JOSE DOS CAMPOS, SAO PAULO, SAO ROQUE, TAUBATE

GPKQ180810
GABRIEL O ANJO
M
08/03/1989
(61) 05982-8214
CORSA
PKQ-7325
18/08/19
10:57
149.62
4
COTIA, JUNDIAI, LORENA, OSASCO, RIO DE JANEIRO, SAO JOSE DOS CAMPOS, SAO PAULO, SAO ROQUE, SOROCABA, TAUBATE

ADUG041000
ALEXANDRE O MAIS OU MENOS
F
22/08/1996
(56) 70173-8989
CORSA
DUG-7489
04/10/19
00:25
161.46
2
JUNDIAI, LORENA, OSASCO, RIO DE JANEIRO, SAO JOSE DOS CAMPOS, SAO PAULO, SAO ROQUE, SOROCABA, TAUBATE

LXCD021101
LAVINIE DIAS
F
19/07/1991
(34) 14899-2708
COROLLA
XCD-8175
02/11/19
01:35
092.71
3
COTIA, JUNDIAI, LORENA, OSASCO, RIO DE JANEIRO, SAO JOSE DOS CAMPOS, SAO PAULO, SAO ROQUE, SOROCABA, TAUBATE
**********************LISTAR**********************
PNRN220316
PABLO PICASSO
F
25/09/1995
(48) 45523-3348
FIT
NRN-3906
22/03/19
16:22
042.85
2
COTIA, JUNDIAI, LORENA, OSASCO, RIO DE JANEIRO, SAO JOSE DOS CAMPOS, SAO PAULO, SAO ROQUE, TAUBATE

EXHF020406
EVELYN DOS SANTOS
F
10/11/1993
(90) 33815-4447
FOX
XHF-2082
02/04/19
06:05
114.56
4
COTIA, JUNDIAI, LORENA, OSASCO, RIO DE JANEIRO, SAO JOSE DOS CAMPOS, SAO PAULO

LEUG170402
LETICIA OLIVEIRA FERREIRA
F
21/10/1989
(19) 12551-5252
COROLLA
EUG-8779
17/04/19
02:34
000.85
1
COTIA, JUNDIAI, LORENA, RIO DE JANEIRO, SAO JOSE DOS CAMPOS, SAO PAULO, SAO ROQUE, SOROCABA

GYPX170404
GABRIEL O ANJO
M
02/02/1996
(01) 72153-6973
GOL
YPX-3760
17/04/19
04:31
146.18
3
COTIA, JUNDIAI, LORENA, SAO JOSE DOS CAMPOS

MWUT190412
MATHEUS LIMA
M
23/12/1990
(12) 64531-0231
TORO
WUT-8146
19/04/19
12:14
208.98
3
COTIA, JUNDIAI, LORENA, OSASCO, RIO DE JANEIRO, SAO JOSE DOS CAMPOS, SAO PAULO, SAO ROQUE, SOROCABA

GEUY180612
GABRIEL EL ANGEL
F
19/07/1990
(80) 28573-4032
CIVIC
EUY-3337
18/06/19
12:09
122.76
4
COTIA, JUNDIAI, LORENA, RIO DE JANEIRO, SAO PAULO, SAO ROQUE, SOROCABA

GPKQ180810
GABRIEL O ANJO
M
08/03/1989
(61) 05982-8214
CORSA
PKQ-7325
18/08/19
10:57
149.62
4
COTIA, JUNDIAI, LORENA, OSASCO, RIO DE JANEIRO, SAO JOSE DOS CAMPOS, SAO PAULO, SAO ROQUE, SOROCABA, TAUBATE

MNMJ100921
MATHEUS LIMA
F
08/11/1999
(14) 20259-6103
ONIX
NMJ-9750
10/09/19
21:55
060.51
4
COTIA, LORENA

AHLW220907
ALEXANDRE O PEQUENO
M
09/02/1997
(66) 33915-2463
CELTA
HLW-1122
22/09/19
07:12
033.22
4
COTIA, LORENA, RIO DE JANEIRO, SAO JOSE DOS CAMPOS

APXL011002
ALEXANDRE O MIXURUCA
M
02/03/1991
(17) 12841-5423
FIT
PXL-9975
01/10/19
02:50
144.67
1
JUNDIAI, LORENA

ADUG041000
ALEXANDRE O MAIS OU MENOS
F
22/08/1996
(56) 70173-8989
CORSA
DUG-7489
04/10/19
00:25
161.46
2
JUNDIAI, LORENA, OSASCO, RIO DE JANEIRO, SAO JOSE DOS CAMPOS, SAO PAULO, SAO ROQUE, SOROCABA, TAUBATE

BOWU081008
BRUNA MARQUEZINE
F
06/07/1997
(08) 90620-4488
FUSCA
OWU-0022
08/10/19
08:06
057.34
2
COTIA, OSASCO, SAO PAULO, SAO ROQUE, SOROCABA

GIUV131008
GABRIEL EL ANGEL
F
08/02/1998
(39) 43020-6537
UNO
IUV-9901
13/10/19
08:41
101.98
4
SAO PAULO, SAO ROQUE, SOROCABA

LXCD021101
LAVINIE DIAS
F
19/07/1991
(34) 14899-2708
COROLLA
XCD-8175
02/11/19
01:35
092.71
3
COTIA, JUNDIAI, LORENA, OSASCO, RIO DE JANEIRO, SAO JOSE DOS CAMPOS, SAO PAULO, SAO ROQUE, SOROCABA, TAUBATE

ABEL131117
ALEXANDRE O PEQUENO
M
27/08/1999
(94) 65945-9560
CIVIC
BEL-2267
13/11/19
17:02
160.23
1
OSASCO, SAO JOSE DOS CAMPOS, SAO PAULO, SAO ROQUE

ADJV011201
ALEXANDRE O CHEGA NE
M
08/09/1999
(02) 87383-8443
TORO
DJV-9971
01/12/19
01:09
134.45
2
JUNDIAI, SAO ROQUE
**********************BUSCAR**********************
ADUG041000
ALEXANDRE O MAIS OU MENOS
F
22/08/1996
(56) 70173-8989
CORSA
DUG-7489
04/10/19
00:25
161.46
2
JUNDIAI, LORENA, OSASCO, RIO DE JANEIRO, SAO JOSE DOS CAMPOS, SAO PAULO, SAO ROQUE, SOROCABA, TAUBATE
**********************BUSCAR**********************
Registro(s) nao encontrado!
*****************ARQUIVO SECUNDARIO****************
ADJV011201 ALEXANDRE O CHEGA NE
ADUG041000 ALEXANDRE O MAIS OU MENOS
APXL011002 ALEXANDRE O MIXURUCA
ABEL131117 ALEXANDRE O PEQUENO
AHLW220907 ALEXANDRE O PEQUENO
BOWU081008 BRUNA MARQUEZINE
EXHF020406 EVELYN DOS SANTOS
GEUY180612 GABRIEL EL ANGEL
GIUV131008 GABRIEL EL ANGEL
GPKQ180810 GABRIEL O ANJO
GYPX170404 GABRIEL O ANJO
LXCD021101 LAVINIE DIAS
LEUG170402 LETICIA OLIVEIRA FERREIRA
MNMJ100921 MATHEUS LIMA
MWUT190412 MATHEUS LIMA
PNRN220316 PABLO PICASSO
*****************ARQUIVO SECUNDARIO****************
PNRN220316 22/03/19
EXHF020406 02/04/19
GYPX170404 17/04/19
LEUG170402 17/04/19
MWUT190412 19/04/19
GEUY180612 18/06/19
GPKQ180810 18/08/19
MNMJ100921 10/09/19
AHLW220907 22/09/19
APXL011002 01/10/19
ADUG041000 04/10/19
BOWU081008 08/10/19
GIUV131008 13/10/19
LXCD021101 02/11/19
ABEL131117 13/11/19
ADJV011201 01/12/19
*****************ARQUIVO SECUNDARIO****************
ADUG041000 00:25
ADJV011201 01:09
LXCD021101 01:35
LEUG170402 02:34
APXL011002 02:50
GYPX170404 04:31
EXHF020406 06:05
AHLW220907 07:12
BOWU081008 08:06
GIUV131008 08:41
GPKQ180810 10:57
GEUY180612 12:09
MWUT190412 12:14
PNRN220316 16:22
ABEL131117 17:02
MNMJ100921 21:55
*****************ARQUIVO SECUNDARIO****************
COTIA AHLW220907 BOWU081008 EXHF020406 GEUY180612 GPKQ180810 GYPX170404 LEUG170402 LXCD021101 MNMJ100921 MWUT190412 PNRN220316
JUNDIAI ADJV011201 ADUG041000 APXL011002 EXHF020406 GEUY180612 GPKQ180810 GYPX170404 LEUG170402 LXCD021101 MWUT190412 PNRN220316
LORENA ADUG041000 AHLW220907 APXL011002 EXHF020406 GEUY180612 GPKQ180810 GYPX170404 LEUG170402 LXCD021101 MNMJ100921 MWUT190412 PNRN220316
OSASCO ABEL131117 ADUG041000 BOWU081008 EXHF020406 GPKQ180810 LXCD021101 MWUT190412 PNRN220316
RIO DE JANEIRO ADUG041000 AHLW220907 EXHF020406 GEUY180612 GPKQ180810 LEUG170402 LXCD021101 MWUT190412 PNRN220316
SAO JOSE DOS CAMPOS ABEL131117 ADUG041000 AHLW220907 EXHF020406 GPKQ180810 GYPX170404 LEUG170402 LXCD021101 MWUT190412 PNRN220316
SAO PAULO ABEL131117 ADUG041000 BOWU081008 EXHF020406 GEUY180612 GIUV131008 GPKQ180810 LEUG170402 LXCD021101 MWUT190412 PNRN220316
SAO ROQUE ABEL131117 ADJV011201 ADUG041000 BOWU081008 GEUY180612 GIUV131008 GPKQ180810 LEUG170402 LXCD021101 MWUT190412 PNRN220316
SOROCABA ADUG041000 BOWU081008 GEUY180612 GIUV131008 GPKQ180810 LEUG170402 LXCD021101 MWUT190412
TAUBATE ADUG041000 GPKQ180810 LXCD021101 PNRN220316
**********************ARQUIVO*********************
GABRIEL EL ANGEL@F@19/07/1990@(80) 28573-4032@CIVIC@EUY-3337@COTIA|JUNDIAI|LORENA|RIO DE JANEIRO|SAO PAULO|SAO ROQUE|SOROCABA@18/06/19@12:09@122.76@4@##########################################################################################################ALEXANDRE O PEQUENO@M@27/08/1999@(94) 65945-9560@CIVIC@BEL-2267@OSASCO|SAO JOSE DOS CAMPOS|SAO PAULO|SAO ROQUE@13/11/19@17:02@160.23@1@#########################################################################################################################LAVINIE DIAS@F@19/07/1991@(34) 14899-2708@COROLLA@XCD-8175@COTIA|JUNDIAI|LORENA|OSASCO|RIO DE JANEIRO|SAO JOSE DOS CAMPOS|SAO PAULO|SAO ROQUE|SOROCABA|TAUBATE@02/11/19@01:35@092.71@3@#########################################################################GABRIEL EL ANGEL@F@08/02/1998@(39) 43020-6537@UNO@IUV-9901@SAO PAULO|SAO ROQUE|SOROCABA@13/10/19@08:41@101.98@4@################################################################################################################################################MATHEUS LIMA@F@08/11/1999@(14) 20259-6103@ONIX@NMJ-9750@COTIA|LORENA@10/09/19@21:55@060.51@4@###################################################################################################################################################################ALEXANDRE O PEQUENO@M@09/02/1997@(66) 33915-2463@CELTA@HLW-1122@COTIA|LORENA|RIO DE JANEIRO|SAO JOSE DOS CAMPOS@22/09/19@07:12@033.22@4@########################################################################################################################MATHEUS LIMA@M@23/12/1990@(12) 64531-0231@TORO@WUT-8146@COTIA|JUNDIAI|LORENA|OSASCO|RIO DE JANEIRO|SAO JOSE DOS CAMPOS|SAO PAULO|SAO ROQUE|SOROCABA@19/04/19@12:14@208.98@3@####################################################################################ALEXANDRE O MIXURUCA@M@02/03/1991@(17) 12841-5423@FIT@PXL-9975@JUNDIAI|LORENA@01/10/19@02:50@144.67@1@##########################################################################################################################################################GABRIEL O ANJO@M@08/03/1989@(61) 05982-8214@CORSA@PKQ-7325@COTIA|JUNDIAI|LORENA|OSASCO|RIO DE JANEIRO|SAO JOSE DOS CAMPOS|SAO PAULO|SAO ROQUE|SOROCABA|TAUBATE@18/08/19@10:57@149.62@4@#########################################################################GABRIEL O ANJO@M@02/02/1996@(01) 72153-6973@GOL@YPX-3760@COTIA|JUNDIAI|LORENA|SAO JOSE DOS CAMPOS@17/04/19@04:31@146.18@3@######################################################################################################################################EVELYN DOS SANTOS@F@10/11/1993@(90) 33815-4447@FOX@XHF-2082@COTIA|JUNDIAI|LORENA|OSASCO|RIO DE JANEIRO|SAO JOSE DOS CAMPOS|SAO PAULO@02/04/19@06:05@114.56@4@###################################################################################################ALEXANDRE O CHEGA NE@M@08/09/1999@(02) 87383-8443@TORO@DJV-9971@JUNDIAI|SAO ROQUE@01/12/19@01:09@134.45@2@######################################################################################################################################################LETICIA OLIVEIRA FERREIRA@F@21/10/1989@(19) 12551-5252@COROLLA@EUG-8779@COTIA|JUNDIAI|LORENA|RIO DE JANEIRO|SAO JOSE DOS CAMPOS|SAO PAULO|SAO ROQUE|SOROCABA@17/04/19@02:34@000.85@1@###########################################################################PABLO PICASSO@F@25/09/1995@(48) 45523-3348@FIT@NRN-3906@COTIA|JUNDIAI|LORENA|OSASCO|RIO DE JANEIRO|SAO JOSE DOS CAMPOS|SAO PAULO|SAO ROQUE|TAUBATE@22/03/19@16:22@042.85@2@#####################################################################################BRUNA MARQUEZINE@F@06/07/1997@(08) 90620-4488@FUSCA@OWU-0022@COTIA|OSASCO|SAO PAULO|SAO ROQUE|SOROCABA@08/10/19@08:06@057.34@2@#################################################################################################################################ALEXANDRE O MAIS OU MENOS@F@22/08/1996@(56) 70173-8989@CORSA@DUG-7489@JUNDIAI|LORENA|OSASCO|RIO DE JANEIRO|SAO JOSE DOS CAMPOS|SAO PAULO|SAO ROQUE|SOROCABA|TAUBATE@04/10/19@00:25@161.46@2@####################################################################
