**********************ARQUIVO*********************
Arquivo vazio!
*****************ARQUIVO SECUNDARIO****************
AAKX041022 04/10/19
**********************LISTAR**********************
AAKX041022
ALEXANDRE O GIGANTESCO
M
07/03/1991
(77) 91651-6550
FUSCA
AKX-9887
04/10/19
22:52
004.38
4
COTIA, LORENA, RIO DE JANEIRO, SAO PAULO

AAKX041022
ALEXANDRE O GIGANTESCO
M
07/03/1991
(77) 91651-6550
FUSCA
AKX-9887
04/10/19
22:52
004.38
4
COTIA, LORENA, RIO DE JANEIRO, SAO PAULO

AAKX041022
ALEXANDRE O GIGANTESCO
M
07/03/1991
(77) 91651-6550
FUSCA
AKX-9887
04/10/19
22:52
004.38
4
COTIA, LORENA, RIO DE JANEIRO, SAO PAULO

AAKX041022
ALEXANDRE O GIGANTESCO
M
07/03/1991
(77) 91651-6550
FUSCA
AKX-9887
04/10/19
22:52
004.38
4
COTIA, LORENA, RIO DE JANEIRO, SAO PAULO
**********************ALTERAR*********************
OPERACAO REALIZADA COM SUCESSO!
**********************ALTERAR*********************
OPERACAO REALIZADA COM SUCESSO!
**********************BUSCAR**********************
AAKX041022
ALEXANDRE O GIGANTESCO
M
07/03/1991
(77) 91651-6550
FUSCA
AKX-9887
04/10/19
22:52
004.38
2
COTIA, LORENA, RIO DE JANEIRO, SAO PAULO

AEVE020800
ALEXANDRE O MIXURUCA
F
23/12/1993
(61) 04457-6152
CELTA
EVE-7699
02/08/19
00:50
154.37
4
COTIA, JUNDIAI, LORENA, OSASCO, RIO DE JANEIRO, SAO JOSE DOS CAMPOS, SAO PAULO, SOROCABA, TAUBATE
**********************LISTAR**********************
AAKX041022
ALEXANDRE O GIGANTESCO
M
07/03/1991
(77) 91651-6550
FUSCA
AKX-9887
04/10/19
22:52
004.38
2
COTIA, LORENA, RIO DE JANEIRO, SAO PAULO

AEVE020800
ALEXANDRE O MIXURUCA
F
23/12/1993
(61) 04457-6152
CELTA
EVE-7699
02/08/19
00:50
154.37
4
COTIA, JUNDIAI, LORENA, OSASCO, RIO DE JANEIRO, SAO JOSE DOS CAMPOS, SAO PAULO, SOROCABA, TAUBATE
**********************LISTAR**********************
AEVE020800
ALEXANDRE O MIXURUCA
F
23/12/1993
(61) 04457-6152
CELTA
EVE-7699
02/08/19
00:50
154.37
4
COTIA, JUNDIAI, LORENA, OSASCO, RIO DE JANEIRO, SAO JOSE DOS CAMPOS, SAO PAULO, SOROCABA, TAUBATE

AAKX041022
ALEXANDRE O GIGANTESCO
M
07/03/1991
(77) 91651-6550
FUSCA
AKX-9887
04/10/19
22:52
004.38
2
COTIA, LORENA, RIO DE JANEIRO, SAO PAULO

AEVE020800
ALEXANDRE O MIXURUCA
F
23/12/1993
(61) 04457-6152
CELTA
EVE-7699
02/08/19
00:50
154.37
4
COTIA, JUNDIAI, LORENA, OSASCO, RIO DE JANEIRO, SAO JOSE DOS CAMPOS, SAO PAULO, SOROCABA, TAUBATE

AEVE020800
ALEXANDRE O MIXURUCA
F
23/12/1993
(61) 04457-6152
CELTA
EVE-7699
02/08/19
00:50
154.37
4
COTIA, JUNDIAI, LORENA, OSASCO, RIO DE JANEIRO, SAO JOSE DOS CAMPOS, SAO PAULO, SOROCABA, TAUBATE

AAKX041022
ALEXANDRE O GIGANTESCO
M
07/03/1991
(77) 91651-6550
FUSCA
AKX-9887
04/10/19
22:52
004.38
2
COTIA, LORENA, RIO DE JANEIRO, SAO PAULO

AEVE020800
ALEXANDRE O MIXURUCA
F
23/12/1993
(61) 04457-6152
CELTA
EVE-7699
02/08/19
00:50
154.37
4
COTIA, JUNDIAI, LORENA, OSASCO, RIO DE JANEIRO, SAO JOSE DOS CAMPOS, SAO PAULO, SOROCABA, TAUBATE

AEVE020800
ALEXANDRE O MIXURUCA
F
23/12/1993
(61) 04457-6152
CELTA
EVE-7699
02/08/19
00:50
154.37
4
COTIA, JUNDIAI, LORENA, OSASCO, RIO DE JANEIRO, SAO JOSE DOS CAMPOS, SAO PAULO, SOROCABA, TAUBATE

AAKX041022
ALEXANDRE O GIGANTESCO
M
07/03/1991
(77) 91651-6550
FUSCA
AKX-9887
04/10/19
22:52
004.38
2
COTIA, LORENA, RIO DE JANEIRO, SAO PAULO

AEVE020800
ALEXANDRE O MIXURUCA
F
23/12/1993
(61) 04457-6152
CELTA
EVE-7699
02/08/19
00:50
154.37
4
COTIA, JUNDIAI, LORENA, OSASCO, RIO DE JANEIRO, SAO JOSE DOS CAMPOS, SAO PAULO, SOROCABA, TAUBATE

AEVE020800
ALEXANDRE O MIXURUCA
F
23/12/1993
(61) 04457-6152
CELTA
EVE-7699
02/08/19
00:50
154.37
4
COTIA, JUNDIAI, LORENA, OSASCO, RIO DE JANEIRO, SAO JOSE DOS CAMPOS, SAO PAULO, SOROCABA, TAUBATE

AAKX041022
ALEXANDRE O GIGANTESCO
M
07/03/1991
(77) 91651-6550
FUSCA
AKX-9887
04/10/19
22:52
004.38
2
COTIA, LORENA, RIO DE JANEIRO, SAO PAULO

AEVE020800
ALEXANDRE O MIXURUCA
F
23/12/1993
(61) 04457-6152
CELTA
EVE-7699
02/08/19
00:50
154.37
4
COTIA, JUNDIAI, LORENA, OSASCO, RIO DE JANEIRO, SAO JOSE DOS CAMPOS, SAO PAULO, SOROCABA, TAUBATE

AEVE020800
ALEXANDRE O MIXURUCA
F
23/12/1993
(61) 04457-6152
CELTA
EVE-7699
02/08/19
00:50
154.37
4
COTIA, JUNDIAI, LORENA, OSASCO, RIO DE JANEIRO, SAO JOSE DOS CAMPOS, SAO PAULO, SOROCABA, TAUBATE
**********************ALTERAR*********************
OPERACAO REALIZADA COM SUCESSO!
**********************ALTERAR*********************
OPERACAO REALIZADA COM SUCESSO!
**********************LISTAR**********************
AAKX041022
ALEXANDRE O GIGANTESCO
M
07/03/1991
(77) 91651-6550
FUSCA
AKX-9887
04/10/19
22:52
004.38
2
COTIA, LORENA, RIO DE JANEIRO, SAO PAULO

AEVE020800
ALEXANDRE O MIXURUCA
F
23/12/1993
(61) 04457-6152
CELTA
EVE-7699
02/08/19
00:50
154.37
2
COTIA, JUNDIAI, LORENA, OSASCO, RIO DE JANEIRO, SAO JOSE DOS CAMPOS, SAO PAULO, SOROCABA, TAUBATE
AEVE020800
ALEXANDRE O MIXURUCA
F
23/12/1993
(61) 04457-6152
CELTA
EVE-7699
02/08/19
00:50
154.37
2
COTIA, JUNDIAI, LORENA, OSASCO, RIO DE JANEIRO, SAO JOSE DOS CAMPOS, SAO PAULO, SOROCABA, TAUBATE
AAKX041022
ALEXANDRE O GIGANTESCO
M
07/03/1991
(77) 91651-6550
FUSCA
AKX-9887
04/10/19
22:52
004.38
2
COTIA, LORENA, RIO DE JANEIRO, SAO PAULO

AEVE020800
ALEXANDRE O MIXURUCA
F
23/12/1993
(61) 04457-6152
CELTA
EVE-7699
02/08/19
00:50
154.37
2
COTIA, JUNDIAI, LORENA, OSASCO, RIO DE JANEIRO, SAO JOSE DOS CAMPOS, SAO PAULO, SOROCABA, TAUBATE
AEVE020800
ALEXANDRE O MIXURUCA
F
23/12/1993
(61) 04457-6152
CELTA
EVE-7699
02/08/19
00:50
154.37
2
COTIA, JUNDIAI, LORENA, OSASCO, RIO DE JANEIRO, SAO JOSE DOS CAMPOS, SAO PAULO, SOROCABA, TAUBATE
AAKX041022
ALEXANDRE O GIGANTESCO
M
07/03/1991
(77) 91651-6550
FUSCA
AKX-9887
04/10/19
22:52
004.38
2
COTIA, LORENA, RIO DE JANEIRO, SAO PAULO

AEVE020800
ALEXANDRE O MIXURUCA
F
23/12/1993
(61) 04457-6152
CELTA
EVE-7699
02/08/19
00:50
154.37
2
COTIA, JUNDIAI, LORENA, OSASCO, RIO DE JANEIRO, SAO JOSE DOS CAMPOS, SAO PAULO, SOROCABA, TAUBATE
AEVE020800
ALEXANDRE O MIXURUCA
F
23/12/1993
(61) 04457-6152
CELTA
EVE-7699
02/08/19
00:50
154.37
2
COTIA, JUNDIAI, LORENA, OSASCO, RIO DE JANEIRO, SAO JOSE DOS CAMPOS, SAO PAULO, SOROCABA, TAUBATE
AAKX041022
ALEXANDRE O GIGANTESCO
M
07/03/1991
(77) 91651-6550
FUSCA
AKX-9887
04/10/19
22:52
004.38
2
COTIA, LORENA, RIO DE JANEIRO, SAO PAULO

AEVE020800
ALEXANDRE O MIXURUCA
F
23/12/1993
(61) 04457-6152
CELTA
EVE-7699
02/08/19
00:50
154.37
2
COTIA, JUNDIAI, LORENA, OSASCO, RIO DE JANEIRO, SAO JOSE DOS CAMPOS, SAO PAULO, SOROCABA, TAUBATE
AEVE020800
ALEXANDRE O MIXURUCA
F
23/12/1993
(61) 04457-6152
CELTA
EVE-7699
02/08/19
00:50
154.37
2
COTIA, JUNDIAI, LORENA, OSASCO, RIO DE JANEIRO, SAO JOSE DOS CAMPOS, SAO PAULO, SOROCABA, TAUBATE
AEVE020800
ALEXANDRE O MIXURUCA
F
23/12/1993
(61) 04457-6152
CELTA
EVE-7699
02/08/19
00:50
154.37
2
COTIA, JUNDIAI, LORENA, OSASCO, RIO DE JANEIRO, SAO JOSE DOS CAMPOS, SAO PAULO, SOROCABA, TAUBATE
*****************ARQUIVO SECUNDARIO****************
AEVE020800 02/08/19
AAKX041022 04/10/19
*****************ARQUIVO SECUNDARIO****************
AEVE020800 00:50
AAKX041022 22:52
**********************ALTERAR*********************
OPERACAO REALIZADA COM SUCESSO!
**********************BUSCAR**********************
Registro(s) nao encontrado!
**********************LISTAR**********************
AAKX041022
ALEXANDRE O GIGANTESCO
M
07/03/1991
(77) 91651-6550
FUSCA
AKX-9887
04/10/19
22:52
004.38
2
COTIA, LORENA, RIO DE JANEIRO, SAO PAULO

AEVE020800
ALEXANDRE O MIXURUCA
F
23/12/1993
(61) 04457-6152
CELTA
EVE-7699
02/08/19
00:50
154.37
3
COTIA, JUNDIAI, LORENA, OSASCO, RIO DE JANEIRO, SAO JOSE DOS CAMPOS, SAO PAULO, SOROCABA, TAUBATE
*****************ARQUIVO SECUNDARIO****************
AEVE020800 00:50
AAKX041022 22:52
**********************ALTERAR*********************
OPERACAO REALIZADA COM SUCESSO!
**********************LISTAR**********************
AEVE020800
ALEXANDRE O MIXURUCA
F
23/12/1993
(61) 04457-6152
CELTA
EVE-7699
02/08/19
00:50
154.37
3
COTIA, JUNDIAI, LORENA, OSASCO, RIO DE JANEIRO, SAO JOSE DOS CAMPOS, SAO PAULO, SOROCABA, TAUBATE

AAKX041022
ALEXANDRE O GIGANTESCO
M
07/03/1991
(77) 91651-6550
FUSCA
AKX-9887
04/10/19
22:52
004.38
1
COTIA, LORENA, RIO DE JANEIRO, SAO PAULO

PQJU231023
PABLO ESCOBAR
M
04/12/1990
(47) 74437-4088
CELTA
QJU-5117
23/10/19
23:54
165.42
3
LORENA, OSASCO, SAO JOSE DOS CAMPOS, SAO PAULO, SAO ROQUE, SOROCABA
**********************LISTAR**********************
AAKX041022
ALEXANDRE O GIGANTESCO
M
07/03/1991
(77) 91651-6550
FUSCA
AKX-9887
04/10/19
22:52
004.38
1
COTIA, LORENA, RIO DE JANEIRO, SAO PAULO

AEVE020800
ALEXANDRE O MIXURUCA
F
23/12/1993
(61) 04457-6152
CELTA
EVE-7699
02/08/19
00:50
154.37
3
COTIA, JUNDIAI, LORENA, OSASCO, RIO DE JANEIRO, SAO JOSE DOS CAMPOS, SAO PAULO, SOROCABA, TAUBATE
AEVE020800
ALEXANDRE O MIXURUCA
F
23/12/1993
(61) 04457-6152
CELTA
EVE-7699
02/08/19
00:50
154.37
3
COTIA, JUNDIAI, LORENA, OSASCO, RIO DE JANEIRO, SAO JOSE DOS CAMPOS, SAO PAULO, SOROCABA, TAUBATE
AAKX041022
ALEXANDRE O GIGANTESCO
M
07/03/1991
(77) 91651-6550
FUSCA
AKX-9887
04/10/19
22:52
004.38
1
COTIA, LORENA, RIO DE JANEIRO, SAO PAULO

AEVE020800
ALEXANDRE O MIXURUCA
F
23/12/1993
(61) 04457-6152
CELTA
EVE-7699
02/08/19
00:50
154.37
3
COTIA, JUNDIAI, LORENA, OSASCO, RIO DE JANEIRO, SAO JOSE DOS CAMPOS, SAO PAULO, SOROCABA, TAUBATE

PQJU231023
PABLO ESCOBAR
M
04/12/1990
(47) 74437-4088
CELTA
QJU-5117
23/10/19
23:54
165.42
3
LORENA, OSASCO, SAO JOSE DOS CAMPOS, SAO PAULO, SAO ROQUE, SOROCABA
AEVE020800
ALEXANDRE O MIXURUCA
F
23/12/1993
(61) 04457-6152
CELTA
EVE-7699
02/08/19
00:50
154.37
3
COTIA, JUNDIAI, LORENA, OSASCO, RIO DE JANEIRO, SAO JOSE DOS CAMPOS, SAO PAULO, SOROCABA, TAUBATE

PQJU231023
PABLO ESCOBAR
M
04/12/1990
(47) 74437-4088
CELTA
QJU-5117
23/10/19
23:54
165.42
3
LORENA, OSASCO, SAO JOSE DOS CAMPOS, SAO PAULO, SAO ROQUE, SOROCABA
AAKX041022
ALEXANDRE O GIGANTESCO
M
07/03/1991
(77) 91651-6550
FUSCA
AKX-9887
04/10/19
22:52
004.38
1
COTIA, LORENA, RIO DE JANEIRO, SAO PAULO

AEVE020800
ALEXANDRE O MIXURUCA
F
23/12/1993
(61) 04457-6152
CELTA
EVE-7699
02/08/19
00:50
154.37
3
COTIA, JUNDIAI, LORENA, OSASCO, RIO DE JANEIRO, SAO JOSE DOS CAMPOS, SAO PAULO, SOROCABA, TAUBATE
AEVE020800
ALEXANDRE O MIXURUCA
F
23/12/1993
(61) 04457-6152
CELTA
EVE-7699
02/08/19
00:50
154.37
3
COTIA, JUNDIAI, LORENA, OSASCO, RIO DE JANEIRO, SAO JOSE DOS CAMPOS, SAO PAULO, SOROCABA, TAUBATE

PQJU231023
PABLO ESCOBAR
M
04/12/1990
(47) 74437-4088
CELTA
QJU-5117
23/10/19
23:54
165.42
3
LORENA, OSASCO, SAO JOSE DOS CAMPOS, SAO PAULO, SAO ROQUE, SOROCABA
AAKX041022
ALEXANDRE O GIGANTESCO
M
07/03/1991
(77) 91651-6550
FUSCA
AKX-9887
04/10/19
22:52
004.38
1
COTIA, LORENA, RIO DE JANEIRO, SAO PAULO

AEVE020800
ALEXANDRE O MIXURUCA
F
23/12/1993
(61) 04457-6152
CELTA
EVE-7699
02/08/19
00:50
154.37
3
COTIA, JUNDIAI, LORENA, OSASCO, RIO DE JANEIRO, SAO JOSE DOS CAMPOS, SAO PAULO, SOROCABA, TAUBATE

PQJU231023
PABLO ESCOBAR
M
04/12/1990
(47) 74437-4088
CELTA
QJU-5117
23/10/19
23:54
165.42
3
LORENA, OSASCO, SAO JOSE DOS CAMPOS, SAO PAULO, SAO ROQUE, SOROCABA
PQJU231023
PABLO ESCOBAR
M
04/12/1990
(47) 74437-4088
CELTA
QJU-5117
23/10/19
23:54
165.42
3
LORENA, OSASCO, SAO JOSE DOS CAMPOS, SAO PAULO, SAO ROQUE, SOROCABA
AEVE020800
ALEXANDRE O MIXURUCA
F
23/12/1993
(61) 04457-6152
CELTA
EVE-7699
02/08/19
00:50
154.37
3
COTIA, JUNDIAI, LORENA, OSASCO, RIO DE JANEIRO, SAO JOSE DOS CAMPOS, SAO PAULO, SOROCABA, TAUBATE

PQJU231023
PABLO ESCOBAR
M
04/12/1990
(47) 74437-4088
CELTA
QJU-5117
23/10/19
23:54
165.42
3
LORENA, OSASCO, SAO JOSE DOS CAMPOS, SAO PAULO, SAO ROQUE, SOROCABA
AEVE020800
ALEXANDRE O MIXURUCA
F
23/12/1993
(61) 04457-6152
CELTA
EVE-7699
02/08/19
00:50
154.37
3
COTIA, JUNDIAI, LORENA, OSASCO, RIO DE JANEIRO, SAO JOSE DOS CAMPOS, SAO PAULO, SOROCABA, TAUBATE
*****************ARQUIVO SECUNDARIO****************
COTIA AAKX041022 AEVE020800
JUNDIAI AEVE020800
LORENA AAKX041022 AEVE020800 PQJU231023
OSASCO AEVE020800 PQJU231023
RIO DE JANEIRO AAKX041022 AEVE020800
SAO JOSE DOS CAMPOS AEVE020800 PQJU231023
SAO PAULO AAKX041022 AEVE020800 PQJU231023
SAO ROQUE PQJU231023
SOROCABA AEVE020800 PQJU231023
TAUBATE AEVE020800
**********************ALTERAR*********************
OPERACAO REALIZADA COM SUCESSO!
**********************BUSCAR**********************
AEVE020800
ALEXANDRE O MIXURUCA
F
23/12/1993
(61) 04457-6152
CELTA
EVE-7699
02/08/19
00:50
154.37
3
COTIA, JUNDIAI, LORENA, OSASCO, RIO DE JANEIRO, SAO JOSE DOS CAMPOS, SAO PAULO, SOROCABA, TAUBATE
**********************ALTERAR*********************
OPERACAO REALIZADA COM SUCESSO!
**********************ALTERAR*********************
OPERACAO REALIZADA COM SUCESSO!
**********************ALTERAR*********************
OPERACAO REALIZADA COM SUCESSO!
*****************ARQUIVO SECUNDARIO****************
AAKX041022 ALEXANDRE O GIGANTESCO
AEVE020800 ALEXANDRE O MIXURUCA
PQJU231023 PABLO ESCOBAR
**********************ALTERAR*********************
Registro(s) nao encontrado!
FALHA AO REALIZAR OPERACAO!
*****************ARQUIVO SECUNDARIO****************
COTIA AAKX041022 AEVE020800
JUNDIAI AEVE020800
LORENA AAKX041022 AEVE020800 PQJU231023 RGAT190107
OSASCO AEVE020800 PQJU231023 RGAT190107 RXEZ101204
RIO DE JANEIRO AAKX041022 AEVE020800
SAO JOSE DOS CAMPOS AEVE020800 PQJU231023
SAO PAULO AAKX041022 AEVE020800 PQJU231023
SAO ROQUE PQJU231023 RGAT190107
SOROCABA AEVE020800 PQJU231023 RGAT190107
TAUBATE AEVE020800 RGAT190107 RXEZ101204
**********************ALTERAR*********************
OPERACAO REALIZADA COM SUCESSO!
**********************LISTAR**********************
AAKX041022
ALEXANDRE O GIGANTESCO
M
07/03/1991
(77) 91651-6550
FUSCA
AKX-9887
04/10/19
22:52
004.38
1
COTIA, LORENA, RIO DE JANEIRO, SAO PAULO

AEVE020800
ALEXANDRE O MIXURUCA
F
23/12/1993
(61) 04457-6152
CELTA
EVE-7699
02/08/19
00:50
154.37
1
COTIA, JUNDIAI, LORENA, OSASCO, RIO DE JANEIRO, SAO JOSE DOS CAMPOS, SAO PAULO, SOROCABA, TAUBATE
AEVE020800
ALEXANDRE O MIXURUCA
F
23/12/1993
(61) 04457-6152
CELTA
EVE-7699
02/08/19
00:50
154.37
1
COTIA, JUNDIAI, LORENA, OSASCO, RIO DE JANEIRO, SAO JOSE DOS CAMPOS, SAO PAULO, SOROCABA, TAUBATE
AAKX041022
ALEXANDRE O GIGANTESCO
M
07/03/1991
(77) 91651-6550
FUSCA
AKX-9887
04/10/19
22:52
004.38
1
COTIA, LORENA, RIO DE JANEIRO, SAO PAULO

AEVE020800
ALEXANDRE O MIXURUCA
F
23/12/1993
(61) 04457-6152
CELTA
EVE-7699
02/08/19
00:50
154.37
1
COTIA, JUNDIAI, LORENA, OSASCO, RIO DE JANEIRO, SAO JOSE DOS CAMPOS, SAO PAULO, SOROCABA, TAUBATE

PQJU231023
PABLO ESCOBAR
M
04/12/1990
(47) 74437-4088
CELTA
QJU-5117
23/10/19
23:54
165.42
3
LORENA, OSASCO, SAO JOSE DOS CAMPOS, SAO PAULO, SAO ROQUE, SOROCABA

RGAT190107
RENATA ARAGAO
M
07/06/1993
(75) 75679-3418
CORSA
GAT-7440
19/01/19
07:38
220.93
1
LORENA, OSASCO, SAO ROQUE, SOROCABA, TAUBATE
AEVE020800
ALEXANDRE O MIXURUCA
F
23/12/1993
(61) 04457-6152
CELTA
EVE-7699
02/08/19
00:50
154.37
1
COTIA, JUNDIAI, LORENA, OSASCO, RIO DE JANEIRO, SAO JOSE DOS CAMPOS, SAO PAULO, SOROCABA, TAUBATE

PQJU231023
PABLO ESCOBAR
M
04/12/1990
(47) 74437-4088
CELTA
QJU-5117
23/10/19
23:54
165.42
3
LORENA, OSASCO, SAO JOSE DOS CAMPOS, SAO PAULO, SAO ROQUE, SOROCABA

RGAT190107
RENATA ARAGAO
M
07/06/1993
(75) 75679-3418
CORSA
GAT-7440
19/01/19
07:38
220.93
1
LORENA, OSASCO, SAO ROQUE, SOROCABA, TAUBATE

RXEZ101204
ROBERT DOWNEY JUNIOR F :(
M
12/09/1993
(53) 61907-9201
CIVIC
XEZ-9734
10/12/19
04:21
184.57
4
OSASCO, TAUBATE
AAKX041022
ALEXANDRE O GIGANTESCO
M
07/03/1991
(77) 91651-6550
FUSCA
AKX-9887
04/10/19
22:52
004.38
1
COTIA, LORENA, RIO DE JANEIRO, SAO PAULO

AEVE020800
ALEXANDRE O MIXURUCA
F
23/12/1993
(61) 04457-6152
CELTA
EVE-7699
02/08/19
00:50
154.37
1
COTIA, JUNDIAI, LORENA, OSASCO, RIO DE JANEIRO, SAO JOSE DOS CAMPOS, SAO PAULO, SOROCABA, TAUBATE
AEVE020800
ALEXANDRE O MIXURUCA
F
23/12/1993
(61) 04457-6152
CELTA
EVE-7699
02/08/19
00:50
154.37
1
COTIA, JUNDIAI, LORENA, OSASCO, RIO DE JANEIRO, SAO JOSE DOS CAMPOS, SAO PAULO, SOROCABA, TAUBATE

PQJU231023
PABLO ESCOBAR
M
04/12/1990
(47) 74437-4088
CELTA
QJU-5117
23/10/19
23:54
165.42
3
LORENA, OSASCO, SAO JOSE DOS CAMPOS, SAO PAULO, SAO ROQUE, SOROCABA
AAKX041022
ALEXANDRE O GIGANTESCO
M
07/03/1991
(77) 91651-6550
FUSCA
AKX-9887
04/10/19
22:52
004.38
1
COTIA, LORENA, RIO DE JANEIRO, SAO PAULO

AEVE020800
ALEXANDRE O MIXURUCA
F
23/12/1993
(61) 04457-6152
CELTA
EVE-7699
02/08/19
00:50
154.37
1
COTIA, JUNDIAI, LORENA, OSASCO, RIO DE JANEIRO, SAO JOSE DOS CAMPOS, SAO PAULO, SOROCABA, TAUBATE

PQJU231023
PABLO ESCOBAR
M
04/12/1990
(47) 74437-4088
CELTA
QJU-5117
23/10/19
23:54
165.42
3
LORENA, OSASCO, SAO JOSE DOS CAMPOS, SAO PAULO, SAO ROQUE, SOROCABA
PQJU231023
PABLO ESCOBAR
M
04/12/1990
(47) 74437-4088
CELTA
QJU-5117
23/10/19
23:54
165.42
3
LORENA, OSASCO, SAO JOSE DOS CAMPOS, SAO PAULO, SAO ROQUE, SOROCABA

RGAT190107
RENATA ARAGAO
M
07/06/1993
(75) 75679-3418
CORSA
GAT-7440
19/01/19
07:38
220.93
1
LORENA, OSASCO, SAO ROQUE, SOROCABA, TAUBATE
AEVE020800
ALEXANDRE O MIXURUCA
F
23/12/1993
(61) 04457-6152
CELTA
EVE-7699
02/08/19
00:50
154.37
1
COTIA, JUNDIAI, LORENA, OSASCO, RIO DE JANEIRO, SAO JOSE DOS CAMPOS, SAO PAULO, SOROCABA, TAUBATE

PQJU231023
PABLO ESCOBAR
M
04/12/1990
(47) 74437-4088
CELTA
QJU-5117
23/10/19
23:54
165.42
3
LORENA, OSASCO, SAO JOSE DOS CAMPOS, SAO PAULO, SAO ROQUE, SOROCABA

RGAT190107
RENATA ARAGAO
M
07/06/1993
(75) 75679-3418
CORSA
GAT-7440
19/01/19
07:38
220.93
1
LORENA, OSASCO, SAO ROQUE, SOROCABA, TAUBATE
AEVE020800
ALEXANDRE O MIXURUCA
F
23/12/1993
(61) 04457-6152
CELTA
EVE-7699
02/08/19
00:50
154.37
1
COTIA, JUNDIAI, LORENA, OSASCO, RIO DE JANEIRO, SAO JOSE DOS CAMPOS, SAO PAULO, SOROCABA, TAUBATE

RGAT190107
RENATA ARAGAO
M
07/06/1993
(75) 75679-3418
CORSA
GAT-7440
19/01/19
07:38
220.93
1
LORENA, OSASCO, SAO ROQUE, SOROCABA, TAUBATE

RXEZ101204
ROBERT DOWNEY JUNIOR F :(
M
12/09/1993
(53) 61907-9201
CIVIC
XEZ-9734
10/12/19
04:21
184.57
4
OSASCO, TAUBATE
**********************BUSCAR**********************
AAKX041022
ALEXANDRE O GIGANTESCO
M
07/03/1991
(77) 91651-6550
FUSCA
AKX-9887
04/10/19
22:52
004.38
1
COTIA, LORENA, RIO DE JANEIRO, SAO PAULO
*****************ARQUIVO SECUNDARIO****************
AAKX041022 ALEXANDRE O GIGANTESCO
AEVE020800 ALEXANDRE O MIXURUCA
PQJU231023 PABLO ESCOBAR
RGAT190107 RENATA ARAGAO
RXEZ101204 ROBERT DOWNEY JUNIOR F :(
*****************ARQUIVO SECUNDARIO****************
COTIA AAKX041022 AEVE020800
JUNDIAI AEVE020800
LORENA AAKX041022 AEVE020800 PQJU231023 RGAT190107
OSASCO AEVE020800 PQJU231023 RGAT190107 RXEZ101204
RIO DE JANEIRO AAKX041022 AEVE020800
SAO JOSE DOS CAMPOS AEVE020800 PQJU231023
SAO PAULO AAKX041022 AEVE020800 PQJU231023
SAO ROQUE PQJU231023 RGAT190107
SOROCABA AEVE020800 PQJU231023 RGAT190107
TAUBATE AEVE020800 RGAT190107 RXEZ101204
**********************BUSCAR**********************
AEVE020800
ALEXANDRE O MIXURUCA
F
23/12/1993
(61) 04457-6152
CELTA
EVE-7699
02/08/19
00:50
154.37
1
COTIA, JUNDIAI, LORENA, OSASCO, RIO DE JANEIRO, SAO JOSE DOS CAMPOS, SAO PAULO, SOROCABA, TAUBATE

PQJU231023
PABLO ESCOBAR
M
04/12/1990
(47) 74437-4088
CELTA
QJU-5117
23/10/19
23:54
165.42
3
LORENA, OSASCO, SAO JOSE DOS CAMPOS, SAO PAULO, SAO ROQUE, SOROCABA
*****************ARQUIVO SECUNDARIO****************
AEVE020800 00:50
RXEZ101204 04:21
RGAT190107 07:38
AAKX041022 22:52
PQJU231023 23:54
**********************BUSCAR**********************
AEVE020800
ALEXANDRE O MIXURUCA
F
23/12/1993
(61) 04457-6152
CELTA
EVE-7699
02/08/19
00:50
154.37
1
COTIA, JUNDIAI, LORENA, OSASCO, RIO DE JANEIRO, SAO JOSE DOS CAMPOS, SAO PAULO, SOROCABA, TAUBATE

LQSQ250602
LETICIA BASTOS
M
08/09/1997
(76) 86095-2502
CIVIC
QSQ-9207
25/06/19
02:53
088.10
3
COTIA, JUNDIAI, LORENA, OSASCO, RIO DE JANEIRO, SAO JOSE DOS CAMPOS, SAO PAULO, SAO ROQUE, SOROCABA, TAUBATE
*****************ARQUIVO SECUNDARIO****************
AEVE020800 00:50
LQSQ250602 02:53
RXEZ101204 04:21
RGAT190107 07:38
AAKX041022 22:52
PQJU231023 23:54
**********************ARQUIVO*********************
ALEXANDRE O GIGANTESCO@M@07/03/1991@(77) 91651-6550@FUSCA@AKX-9887@COTIA|LORENA|RIO DE JANEIRO|SAO PAULO@04/10/19@22:52@004.38@1@###############################################################################################################################ALEXANDRE O MIXURUCA@F@23/12/1993@(61) 04457-6152@CELTA@EVE-7699@COTIA|JUNDIAI|LORENA|OSASCO|RIO DE JANEIRO|SAO JOSE DOS CAMPOS|SAO PAULO|SOROCABA|TAUBATE@02/08/19@00:50@154.37@1@#############################################################################PABLO ESCOBAR@M@04/12/1990@(47) 74437-4088@CELTA@QJU-5117@LORENA|OSASCO|SAO JOSE DOS CAMPOS|SAO PAULO|SAO ROQUE|SOROCABA@23/10/19@23:54@165.42@3@###############################################################################################################ROBERT DOWNEY JUNIOR F :(@M@12/09/1993@(53) 61907-9201@CIVIC@XEZ-9734@OSASCO|TAUBATE@10/12/19@04:21@184.57@4@###################################################################################################################################################RENATA ARAGAO@M@07/06/1993@(75) 75679-3418@CORSA@GAT-7440@LORENA|OSASCO|SAO ROQUE|SOROCABA|TAUBATE@19/01/19@07:38@220.93@1@#####################################################################################################################################LETICIA BASTOS@M@08/09/1997@(76) 86095-2502@CIVIC@QSQ-9207@COTIA|JUNDIAI|LORENA|OSASCO|RIO DE JANEIRO|SAO JOSE DOS CAMPOS|SAO PAULO|SAO ROQUE|SOROCABA|TAUBATE@25/06/19@02:53@088.10@3@#########################################################################
**********************ALTERAR*********************
OPERACAO REALIZADA COM SUCESSO!
**********************ARQUIVO*********************
ALEXANDRE O GIGANTESCO@M@07/03/1991@(77) 91651-6550@FUSCA@AKX-9887@COTIA|LORENA|RIO DE JANEIRO|SAO PAULO@04/10/19@22:52@004.38@1@###############################################################################################################################ALEXANDRE O MIXURUCA@F@23/12/1993@(61) 04457-6152@CELTA@EVE-7699@COTIA|JUNDIAI|LORENA|OSASCO|RIO DE JANEIRO|SAO JOSE DOS CAMPOS|SAO PAULO|SOROCABA|TAUBATE@02/08/19@00:50@154.37@1@#############################################################################PABLO ESCOBAR@M@04/12/1990@(47) 74437-4088@CELTA@QJU-5117@LORENA|OSASCO|SAO JOSE DOS CAMPOS|SAO PAULO|SAO ROQUE|SOROCABA@23/10/19@23:54@165.42@3@###############################################################################################################ROBERT DOWNEY JUNIOR F :(@M@12/09/1993@(53) 61907-9201@CIVIC@XEZ-9734@OSASCO|TAUBATE@10/12/19@04:21@184.57@2@###################################################################################################################################################RENATA ARAGAO@M@07/06/1993@(75) 75679-3418@CORSA@GAT-7440@LORENA|OSASCO|SAO ROQUE|SOROCABA|TAUBATE@19/01/19@07:38@220.93@1@#####################################################################################################################################LETICIA BASTOS@M@08/09/1997@(76) 86095-2502@CIVIC@QSQ-9207@COTIA|JUNDIAI|LORENA|OSASCO|RIO DE JANEIRO|SAO JOSE DOS CAMPOS|SAO PAULO|SAO ROQUE|SOROCABA|TAUBATE@25/06/19@02:53@088.10@3@#########################################################################
