**********************EXCLUIR*********************
Registro(s) nao encontrado!
FALHA AO REALIZAR OPERACAO!
**********************EXCLUIR*********************
Registro(s) nao encontrado!
FALHA AO REALIZAR OPERACAO!
**********************EXCLUIR*********************
Registro(s) nao encontrado!
FALHA AO REALIZAR OPERACAO!
**********************BUSCAR**********************
GWSL151102
GABRIEL PENSADOR
M
22/04/1992
(55) 57241-0051
COROLLA
WSL-3436
15/11/19
02:26
181.56
1
COTIA, JUNDIAI, LORENA, OSASCO, SAO JOSE DOS CAMPOS, SAO PAULO, SAO ROQUE, SOROCABA
**********************LISTAR**********************
AHHN260914
ALEXANDRE O GRANDE
F
12/05/1993
(25) 95911-1780
COROLLA
HHN-4949
26/09/19
14:55
124.47
3
COTIA, JUNDIAI, LORENA, OSASCO, RIO DE JANEIRO, SAO JOSE DOS CAMPOS, SAO PAULO, SAO ROQUE, SOROCABA, TAUBATE

GWSL151102
GABRIEL PENSADOR
M
22/04/1992
(55) 57241-0051
COROLLA
WSL-3436
15/11/19
02:26
181.56
1
COTIA, JUNDIAI, LORENA, OSASCO, SAO JOSE DOS CAMPOS, SAO PAULO, SAO ROQUE, SOROCABA
**********************ARQUIVO*********************
ALEXANDRE O GRANDE@F@12/05/1993@(25) 95911-1780@COROLLA@HHN-4949@COTIA|JUNDIAI|LORENA|OSASCO|RIO DE JANEIRO|SAO JOSE DOS CAMPOS|SAO PAULO|SAO ROQUE|SOROCABA|TAUBATE@26/09/19@14:55@124.47@3@###################################################################GABRIEL PENSADOR@M@22/04/1992@(55) 57241-0051@COROLLA@WSL-3436@COTIA|JUNDIAI|LORENA|OSASCO|SAO JOSE DOS CAMPOS|SAO PAULO|SAO ROQUE|SOROCABA@15/11/19@02:26@181.56@1@############################################################################################ROBERT NORMAL@M@21/01/1990@(34) 00686-3036@UNO@NCC-7016@COTIA|OSASCO|SAO JOSE DOS CAMPOS@01/04/19@10:60@170.85@2@###############################################################################################################################################
**********************ALTERAR*********************
OPERACAO REALIZADA COM SUCESSO!
**********************BUSCAR**********************
AHHN260914
ALEXANDRE O GRANDE
F
12/05/1993
(25) 95911-1780
COROLLA
HHN-4949
26/09/19
14:55
124.47
1
COTIA, JUNDIAI, LORENA, OSASCO, RIO DE JANEIRO, SAO JOSE DOS CAMPOS, SAO PAULO, SAO ROQUE, SOROCABA, TAUBATE

GWSL151102
GABRIEL PENSADOR
M
22/04/1992
(55) 57241-0051
COROLLA
WSL-3436
15/11/19
02:26
181.56
1
COTIA, JUNDIAI, LORENA, OSASCO, SAO JOSE DOS CAMPOS, SAO PAULO, SAO ROQUE, SOROCABA

RNCC010410
ROBERT NORMAL
M
21/01/1990
(34) 00686-3036
UNO
NCC-7016
01/04/19
10:60
170.85
2
COTIA, OSASCO, SAO JOSE DOS CAMPOS
*****************ARQUIVO SECUNDARIO****************
GWSL151102 02:26
RNCC010410 10:60
AHHN260914 14:55
**********************BUSCAR**********************
Registro(s) nao encontrado!
**********************BUSCAR**********************
AHHN260914
ALEXANDRE O GRANDE
F
12/05/1993
(25) 95911-1780
COROLLA
HHN-4949
26/09/19
14:55
124.47
1
COTIA, JUNDIAI, LORENA, OSASCO, RIO DE JANEIRO, SAO JOSE DOS CAMPOS, SAO PAULO, SAO ROQUE, SOROCABA, TAUBATE
**********************ALTERAR*********************
OPERACAO REALIZADA COM SUCESSO!
**********************LISTAR**********************
AHHN260914
ALEXANDRE O GRANDE
F
12/05/1993
(25) 95911-1780
COROLLA
HHN-4949
26/09/19
14:55
124.47
1
COTIA, JUNDIAI, LORENA, OSASCO, RIO DE JANEIRO, SAO JOSE DOS CAMPOS, SAO PAULO, SAO ROQUE, SOROCABA, TAUBATE

GWSL151102
GABRIEL PENSADOR
M
22/04/1992
(55) 57241-0051
COROLLA
WSL-3436
15/11/19
02:26
181.56
1
COTIA, JUNDIAI, LORENA, OSASCO, SAO JOSE DOS CAMPOS, SAO PAULO, SAO ROQUE, SOROCABA

RNCC010410
ROBERT NORMAL
M
21/01/1990
(34) 00686-3036
UNO
NCC-7016
01/04/19
10:60
170.85
2
COTIA, OSASCO, SAO JOSE DOS CAMPOS
*****************ARQUIVO SECUNDARIO****************
AHHN260914 ALEXANDRE O GRANDE
GWSL151102 GABRIEL PENSADOR
RNCC010410 ROBERT NORMAL
**********************EXCLUIR*********************
Registro(s) nao encontrado!
FALHA AO REALIZAR OPERACAO!
**********************BUSCAR**********************
GWSL151102
GABRIEL PENSADOR
M
22/04/1992
(55) 57241-0051
COROLLA
WSL-3436
15/11/19
02:26
181.56
1
COTIA, JUNDIAI, LORENA, OSASCO, SAO JOSE DOS CAMPOS, SAO PAULO, SAO ROQUE, SOROCABA
**********************ALTERAR*********************
OPERACAO REALIZADA COM SUCESSO!
**********************LISTAR**********************
RNCC010410
ROBERT NORMAL
M
21/01/1990
(34) 00686-3036
UNO
NCC-7016
01/04/19
10:60
170.85
4
COTIA, OSASCO, SAO JOSE DOS CAMPOS

AHHN260914
ALEXANDRE O GRANDE
F
12/05/1993
(25) 95911-1780
COROLLA
HHN-4949
26/09/19
14:55
124.47
1
COTIA, JUNDIAI, LORENA, OSASCO, RIO DE JANEIRO, SAO JOSE DOS CAMPOS, SAO PAULO, SAO ROQUE, SOROCABA, TAUBATE

GWSL151102
GABRIEL PENSADOR
M
22/04/1992
(55) 57241-0051
COROLLA
WSL-3436
15/11/19
02:26
181.56
1
COTIA, JUNDIAI, LORENA, OSASCO, SAO JOSE DOS CAMPOS, SAO PAULO, SAO ROQUE, SOROCABA
**********************ALTERAR*********************
OPERACAO REALIZADA COM SUCESSO!
**********************EXCLUIR*********************
OPERACAO REALIZADA COM SUCESSO!
**********************LISTAR**********************
AHHN260914
ALEXANDRE O GRANDE
F
12/05/1993
(25) 95911-1780
COROLLA
HHN-4949
26/09/19
14:55
124.47
1
COTIA, JUNDIAI, LORENA, OSASCO, RIO DE JANEIRO, SAO JOSE DOS CAMPOS, SAO PAULO, SAO ROQUE, SOROCABA, TAUBATE

RNCC010410
ROBERT NORMAL
M
21/01/1990
(34) 00686-3036
UNO
NCC-7016
01/04/19
10:60
170.85
3
COTIA, OSASCO, SAO JOSE DOS CAMPOS
**********************EXCLUIR*********************
Registro(s) nao encontrado!
FALHA AO REALIZAR OPERACAO!
*****************ARQUIVO SECUNDARIO****************
COTIA AHHN260914 GWSL151102 RNCC010410
JUNDIAI AHHN260914 GWSL151102
LORENA AHHN260914 GWSL151102
OSASCO AHHN260914 GWSL151102 RNCC010410
RIO DE JANEIRO AHHN260914
SAO JOSE DOS CAMPOS AHHN260914 GWSL151102 RNCC010410
SAO PAULO AHHN260914 GWSL151102
SAO ROQUE AHHN260914 GWSL151102
SOROCABA AHHN260914 GWSL151102
TAUBATE AHHN260914
**********************EXCLUIR*********************
OPERACAO REALIZADA COM SUCESSO!
**********************LISTAR**********************
AHHN260914
ALEXANDRE O GRANDE
F
12/05/1993
(25) 95911-1780
COROLLA
HHN-4949
26/09/19
14:55
124.47
1
COTIA, JUNDIAI, LORENA, OSASCO, RIO DE JANEIRO, SAO JOSE DOS CAMPOS, SAO PAULO, SAO ROQUE, SOROCABA, TAUBATE

AHHN260914
ALEXANDRE O GRANDE
F
12/05/1993
(25) 95911-1780
COROLLA
HHN-4949
26/09/19
14:55
124.47
1
COTIA, JUNDIAI, LORENA, OSASCO, RIO DE JANEIRO, SAO JOSE DOS CAMPOS, SAO PAULO, SAO ROQUE, SOROCABA, TAUBATE

AHHN260914
ALEXANDRE O GRANDE
F
12/05/1993
(25) 95911-1780
COROLLA
HHN-4949
26/09/19
14:55
124.47
1
COTIA, JUNDIAI, LORENA, OSASCO, RIO DE JANEIRO, SAO JOSE DOS CAMPOS, SAO PAULO, SAO ROQUE, SOROCABA, TAUBATE

AHHN260914
ALEXANDRE O GRANDE
F
12/05/1993
(25) 95911-1780
COROLLA
HHN-4949
26/09/19
14:55
124.47
1
COTIA, JUNDIAI, LORENA, OSASCO, RIO DE JANEIRO, SAO JOSE DOS CAMPOS, SAO PAULO, SAO ROQUE, SOROCABA, TAUBATE

AHHN260914
ALEXANDRE O GRANDE
F
12/05/1993
(25) 95911-1780
COROLLA
HHN-4949
26/09/19
14:55
124.47
1
COTIA, JUNDIAI, LORENA, OSASCO, RIO DE JANEIRO, SAO JOSE DOS CAMPOS, SAO PAULO, SAO ROQUE, SOROCABA, TAUBATE

AHHN260914
ALEXANDRE O GRANDE
F
12/05/1993
(25) 95911-1780
COROLLA
HHN-4949
26/09/19
14:55
124.47
1
COTIA, JUNDIAI, LORENA, OSASCO, RIO DE JANEIRO, SAO JOSE DOS CAMPOS, SAO PAULO, SAO ROQUE, SOROCABA, TAUBATE

AHHN260914
ALEXANDRE O GRANDE
F
12/05/1993
(25) 95911-1780
COROLLA
HHN-4949
26/09/19
14:55
124.47
1
COTIA, JUNDIAI, LORENA, OSASCO, RIO DE JANEIRO, SAO JOSE DOS CAMPOS, SAO PAULO, SAO ROQUE, SOROCABA, TAUBATE

AHHN260914
ALEXANDRE O GRANDE
F
12/05/1993
(25) 95911-1780
COROLLA
HHN-4949
26/09/19
14:55
124.47
1
COTIA, JUNDIAI, LORENA, OSASCO, RIO DE JANEIRO, SAO JOSE DOS CAMPOS, SAO PAULO, SAO ROQUE, SOROCABA, TAUBATE

AHHN260914
ALEXANDRE O GRANDE
F
12/05/1993
(25) 95911-1780
COROLLA
HHN-4949
26/09/19
14:55
124.47
1
COTIA, JUNDIAI, LORENA, OSASCO, RIO DE JANEIRO, SAO JOSE DOS CAMPOS, SAO PAULO, SAO ROQUE, SOROCABA, TAUBATE

AHHN260914
ALEXANDRE O GRANDE
F
12/05/1993
(25) 95911-1780
COROLLA
HHN-4949
26/09/19
14:55
124.47
1
COTIA, JUNDIAI, LORENA, OSASCO, RIO DE JANEIRO, SAO JOSE DOS CAMPOS, SAO PAULO, SAO ROQUE, SOROCABA, TAUBATE
**********************BUSCAR**********************
Registro(s) nao encontrado!
**********************LISTAR**********************
AHHN260914
ALEXANDRE O GRANDE
F
12/05/1993
(25) 95911-1780
COROLLA
HHN-4949
26/09/19
14:55
124.47
1
COTIA, JUNDIAI, LORENA, OSASCO, RIO DE JANEIRO, SAO JOSE DOS CAMPOS, SAO PAULO, SAO ROQUE, SOROCABA, TAUBATE

AHHN260914
ALEXANDRE O GRANDE
F
12/05/1993
(25) 95911-1780
COROLLA
HHN-4949
26/09/19
14:55
124.47
1
COTIA, JUNDIAI, LORENA, OSASCO, RIO DE JANEIRO, SAO JOSE DOS CAMPOS, SAO PAULO, SAO ROQUE, SOROCABA, TAUBATE

AHHN260914
ALEXANDRE O GRANDE
F
12/05/1993
(25) 95911-1780
COROLLA
HHN-4949
26/09/19
14:55
124.47
1
COTIA, JUNDIAI, LORENA, OSASCO, RIO DE JANEIRO, SAO JOSE DOS CAMPOS, SAO PAULO, SAO ROQUE, SOROCABA, TAUBATE

AHHN260914
ALEXANDRE O GRANDE
F
12/05/1993
(25) 95911-1780
COROLLA
HHN-4949
26/09/19
14:55
124.47
1
COTIA, JUNDIAI, LORENA, OSASCO, RIO DE JANEIRO, SAO JOSE DOS CAMPOS, SAO PAULO, SAO ROQUE, SOROCABA, TAUBATE

AHHN260914
ALEXANDRE O GRANDE
F
12/05/1993
(25) 95911-1780
COROLLA
HHN-4949
26/09/19
14:55
124.47
1
COTIA, JUNDIAI, LORENA, OSASCO, RIO DE JANEIRO, SAO JOSE DOS CAMPOS, SAO PAULO, SAO ROQUE, SOROCABA, TAUBATE

AHHN260914
ALEXANDRE O GRANDE
F
12/05/1993
(25) 95911-1780
COROLLA
HHN-4949
26/09/19
14:55
124.47
1
COTIA, JUNDIAI, LORENA, OSASCO, RIO DE JANEIRO, SAO JOSE DOS CAMPOS, SAO PAULO, SAO ROQUE, SOROCABA, TAUBATE

GYZE100512
GABRIELA ALVEZ
M
16/01/1992
(24) 51778-5594
FOX
YZE-5539
10/05/19
12:42
245.04
1
SAO JOSE DOS CAMPOS, SAO PAULO

AHHN260914
ALEXANDRE O GRANDE
F
12/05/1993
(25) 95911-1780
COROLLA
HHN-4949
26/09/19
14:55
124.47
1
COTIA, JUNDIAI, LORENA, OSASCO, RIO DE JANEIRO, SAO JOSE DOS CAMPOS, SAO PAULO, SAO ROQUE, SOROCABA, TAUBATE

GYZE100512
GABRIELA ALVEZ
M
16/01/1992
(24) 51778-5594
FOX
YZE-5539
10/05/19
12:42
245.04
1
SAO JOSE DOS CAMPOS, SAO PAULO

AHHN260914
ALEXANDRE O GRANDE
F
12/05/1993
(25) 95911-1780
COROLLA
HHN-4949
26/09/19
14:55
124.47
1
COTIA, JUNDIAI, LORENA, OSASCO, RIO DE JANEIRO, SAO JOSE DOS CAMPOS, SAO PAULO, SAO ROQUE, SOROCABA, TAUBATE

AHHN260914
ALEXANDRE O GRANDE
F
12/05/1993
(25) 95911-1780
COROLLA
HHN-4949
26/09/19
14:55
124.47
1
COTIA, JUNDIAI, LORENA, OSASCO, RIO DE JANEIRO, SAO JOSE DOS CAMPOS, SAO PAULO, SAO ROQUE, SOROCABA, TAUBATE

AHHN260914
ALEXANDRE O GRANDE
F
12/05/1993
(25) 95911-1780
COROLLA
HHN-4949
26/09/19
14:55
124.47
1
COTIA, JUNDIAI, LORENA, OSASCO, RIO DE JANEIRO, SAO JOSE DOS CAMPOS, SAO PAULO, SAO ROQUE, SOROCABA, TAUBATE
**********************BUSCAR**********************
AHHN260914
ALEXANDRE O GRANDE
F
12/05/1993
(25) 95911-1780
COROLLA
HHN-4949
26/09/19
14:55
124.47
1
COTIA, JUNDIAI, LORENA, OSASCO, RIO DE JANEIRO, SAO JOSE DOS CAMPOS, SAO PAULO, SAO ROQUE, SOROCABA, TAUBATE
**********************BUSCAR**********************
AHHN260914
ALEXANDRE O GRANDE
F
12/05/1993
(25) 95911-1780
COROLLA
HHN-4949
26/09/19
14:55
124.47
1
COTIA, JUNDIAI, LORENA, OSASCO, RIO DE JANEIRO, SAO JOSE DOS CAMPOS, SAO PAULO, SAO ROQUE, SOROCABA, TAUBATE
**********************ALTERAR*********************
OPERACAO REALIZADA COM SUCESSO!
**********************EXCLUIR*********************
Registro(s) nao encontrado!
FALHA AO REALIZAR OPERACAO!
**********************BUSCAR**********************
Registro(s) nao encontrado!
**********************EXCLUIR*********************
Registro(s) nao encontrado!
FALHA AO REALIZAR OPERACAO!
**********************ALTERAR*********************
OPERACAO REALIZADA COM SUCESSO!
**********************EXCLUIR*********************
Registro(s) nao encontrado!
FALHA AO REALIZAR OPERACAO!
**********************ALTERAR*********************
OPERACAO REALIZADA COM SUCESSO!
*****************ARQUIVO SECUNDARIO****************
RNCC010410 01/04/19
GYZE100512 10/05/19
AHHN260914 26/09/19
RNME091019 09/10/19
GWSL151102 15/11/19
**********************ARQUIVO*********************
ALEXANDRE O GRANDE@F@12/05/1993@(25) 95911-1780@COROLLA@HHN-4949@COTIA|JUNDIAI|LORENA|OSASCO|RIO DE JANEIRO|SAO JOSE DOS CAMPOS|SAO PAULO|SAO ROQUE|SOROCABA|TAUBATE@26/09/19@14:55@124.47@1@###################################################################*|BRIEL PENSADOR@M@22/04/1992@(55) 57241-0051@COROLLA@WSL-3436@COTIA|JUNDIAI|LORENA|OSASCO|SAO JOSE DOS CAMPOS|SAO PAULO|SAO ROQUE|SOROCABA@15/11/19@02:26@181.56@1@############################################################################################*|BERT NORMAL@M@21/01/1990@(34) 00686-3036@UNO@NCC-7016@COTIA|OSASCO|SAO JOSE DOS CAMPOS@01/04/19@10:60@170.85@3@###############################################################################################################################################GABRIELA ALVEZ@M@16/01/1992@(24) 51778-5594@FOX@YZE-5539@SAO JOSE DOS CAMPOS|SAO PAULO@10/05/19@12:42@245.04@1@#################################################################################################################################################RENATA ARAGAO@F@17/10/1992@(06) 27459-3383@ONIX@NME-2735@COTIA|OSASCO@09/10/19@19:20@063.24@3@##################################################################################################################################################################
