**********************ARQUIVO*********************
ANA JULIA@M@24/05/1997@(43) 68350-0478@FUSCA@VIE-7985@COTIA|JUNDIAI|RIO DE JANEIRO|SAO JOSE DOS CAMPOS|SAO PAULO@14/09/19@20:03@053.15@4@#######################################################################################################################
**********************ALTERAR*********************
OPERACAO REALIZADA COM SUCESSO!
**********************LISTAR**********************
AVIE140920
ANA JULIA
M
24/05/1997
(43) 68350-0478
FUSCA
VIE-7985
14/09/19
20:03
053.15
3
COTIA, JUNDIAI, RIO DE JANEIRO, SAO JOSE DOS CAMPOS, SAO PAULO
**********************EXCLUIR*********************
Registro(s) nao encontrado!
FALHA AO REALIZAR OPERACAO!
**********************BUSCAR**********************
AVIE140920
ANA JULIA
M
24/05/1997
(43) 68350-0478
FUSCA
VIE-7985
14/09/19
20:03
053.15
3
COTIA, JUNDIAI, RIO DE JANEIRO, SAO JOSE DOS CAMPOS, SAO PAULO
**********************ALTERAR*********************
OPERACAO REALIZADA COM SUCESSO!
*****************ARQUIVO SECUNDARIO****************
AVIE140920 ANA JULIA
GSPM240709 GABRIEL EL ANGEL
**********************LISTAR**********************
AVIE140920
ANA JULIA
M
24/05/1997
(43) 68350-0478
FUSCA
VIE-7985
14/09/19
20:03
053.15
2
COTIA, JUNDIAI, RIO DE JANEIRO, SAO JOSE DOS CAMPOS, SAO PAULO

AZYU261114
ALEXANDRE O MIXURUCA
M
26/12/1989
(51) 59239-9149
HB20
ZYU-0669
26/11/19
14:47
049.59
3
RIO DE JANEIRO, SOROCABA

GSPM240709
GABRIEL EL ANGEL
M
10/09/1990
(93) 68348-6491
CIVIC
SPM-5004
24/07/19
09:60
193.25
2
COTIA, JUNDIAI, LORENA, SAO JOSE DOS CAMPOS, SAO PAULO, SAO ROQUE, SOROCABA
**********************LISTAR**********************
GSPM240709
GABRIEL EL ANGEL
M
10/09/1990
(93) 68348-6491
CIVIC
SPM-5004
24/07/19
09:60
193.25
2
COTIA, JUNDIAI, LORENA, SAO JOSE DOS CAMPOS, SAO PAULO, SAO ROQUE, SOROCABA

AVIE140920
ANA JULIA
M
24/05/1997
(43) 68350-0478
FUSCA
VIE-7985
14/09/19
20:03
053.15
2
COTIA, JUNDIAI, RIO DE JANEIRO, SAO JOSE DOS CAMPOS, SAO PAULO

GSPM240709
GABRIEL EL ANGEL
M
10/09/1990
(93) 68348-6491
CIVIC
SPM-5004
24/07/19
09:60
193.25
2
COTIA, JUNDIAI, LORENA, SAO JOSE DOS CAMPOS, SAO PAULO, SAO ROQUE, SOROCABA

AVIE140920
ANA JULIA
M
24/05/1997
(43) 68350-0478
FUSCA
VIE-7985
14/09/19
20:03
053.15
2
COTIA, JUNDIAI, RIO DE JANEIRO, SAO JOSE DOS CAMPOS, SAO PAULO

GSPM240709
GABRIEL EL ANGEL
M
10/09/1990
(93) 68348-6491
CIVIC
SPM-5004
24/07/19
09:60
193.25
2
COTIA, JUNDIAI, LORENA, SAO JOSE DOS CAMPOS, SAO PAULO, SAO ROQUE, SOROCABA

AVIE140920
ANA JULIA
M
24/05/1997
(43) 68350-0478
FUSCA
VIE-7985
14/09/19
20:03
053.15
2
COTIA, JUNDIAI, RIO DE JANEIRO, SAO JOSE DOS CAMPOS, SAO PAULO

AZYU261114
ALEXANDRE O MIXURUCA
M
26/12/1989
(51) 59239-9149
HB20
ZYU-0669
26/11/19
14:47
049.59
3
RIO DE JANEIRO, SOROCABA

GSPM240709
GABRIEL EL ANGEL
M
10/09/1990
(93) 68348-6491
CIVIC
SPM-5004
24/07/19
09:60
193.25
2
COTIA, JUNDIAI, LORENA, SAO JOSE DOS CAMPOS, SAO PAULO, SAO ROQUE, SOROCABA

AVIE140920
ANA JULIA
M
24/05/1997
(43) 68350-0478
FUSCA
VIE-7985
14/09/19
20:03
053.15
2
COTIA, JUNDIAI, RIO DE JANEIRO, SAO JOSE DOS CAMPOS, SAO PAULO

GSPM240709
GABRIEL EL ANGEL
M
10/09/1990
(93) 68348-6491
CIVIC
SPM-5004
24/07/19
09:60
193.25
2
COTIA, JUNDIAI, LORENA, SAO JOSE DOS CAMPOS, SAO PAULO, SAO ROQUE, SOROCABA

AVIE140920
ANA JULIA
M
24/05/1997
(43) 68350-0478
FUSCA
VIE-7985
14/09/19
20:03
053.15
2
COTIA, JUNDIAI, RIO DE JANEIRO, SAO JOSE DOS CAMPOS, SAO PAULO

GSPM240709
GABRIEL EL ANGEL
M
10/09/1990
(93) 68348-6491
CIVIC
SPM-5004
24/07/19
09:60
193.25
2
COTIA, JUNDIAI, LORENA, SAO JOSE DOS CAMPOS, SAO PAULO, SAO ROQUE, SOROCABA

GSPM240709
GABRIEL EL ANGEL
M
10/09/1990
(93) 68348-6491
CIVIC
SPM-5004
24/07/19
09:60
193.25
2
COTIA, JUNDIAI, LORENA, SAO JOSE DOS CAMPOS, SAO PAULO, SAO ROQUE, SOROCABA

AZYU261114
ALEXANDRE O MIXURUCA
M
26/12/1989
(51) 59239-9149
HB20
ZYU-0669
26/11/19
14:47
049.59
3
RIO DE JANEIRO, SOROCABA
**********************LISTAR**********************
AZYU261114
ALEXANDRE O MIXURUCA
M
26/12/1989
(51) 59239-9149
HB20
ZYU-0669
26/11/19
14:47
049.59
3
RIO DE JANEIRO, SOROCABA

AVIE140920
ANA JULIA
M
24/05/1997
(43) 68350-0478
FUSCA
VIE-7985
14/09/19
20:03
053.15
2
COTIA, JUNDIAI, RIO DE JANEIRO, SAO JOSE DOS CAMPOS, SAO PAULO

GSPM240709
GABRIEL EL ANGEL
M
10/09/1990
(93) 68348-6491
CIVIC
SPM-5004
24/07/19
09:60
193.25
2
COTIA, JUNDIAI, LORENA, SAO JOSE DOS CAMPOS, SAO PAULO, SAO ROQUE, SOROCABA
**********************BUSCAR**********************
AZYU261114
ALEXANDRE O MIXURUCA
M
26/12/1989
(51) 59239-9149
HB20
ZYU-0669
26/11/19
14:47
049.59
3
RIO DE JANEIRO, SOROCABA
**********************LISTAR**********************
GSPM240709
GABRIEL EL ANGEL
M
10/09/1990
(93) 68348-6491
CIVIC
SPM-5004
24/07/19
09:60
193.25
2
COTIA, JUNDIAI, LORENA, SAO JOSE DOS CAMPOS, SAO PAULO, SAO ROQUE, SOROCABA

AVIE140920
ANA JULIA
M
24/05/1997
(43) 68350-0478
FUSCA
VIE-7985
14/09/19
20:03
053.15
2
COTIA, JUNDIAI, RIO DE JANEIRO, SAO JOSE DOS CAMPOS, SAO PAULO

AZYU261114
ALEXANDRE O MIXURUCA
M
26/12/1989
(51) 59239-9149
HB20
ZYU-0669
26/11/19
14:47
049.59
3
RIO DE JANEIRO, SOROCABA
**********************BUSCAR**********************
AVIE140920
ANA JULIA
M
24/05/1997
(43) 68350-0478
FUSCA
VIE-7985
14/09/19
20:03
053.15
2
COTIA, JUNDIAI, RIO DE JANEIRO, SAO JOSE DOS CAMPOS, SAO PAULO

GSPM240709
GABRIEL EL ANGEL
M
10/09/1990
(93) 68348-6491
CIVIC
SPM-5004
24/07/19
09:60
193.25
2
COTIA, JUNDIAI, LORENA, SAO JOSE DOS CAMPOS, SAO PAULO, SAO ROQUE, SOROCABA

RHHU090322
ROBERT NORMAL
F
01/06/1995
(56) 52271-6131
CELTA
HHU-6741
09/03/19
22:27
230.36
3
COTIA, JUNDIAI, LORENA, OSASCO, RIO DE JANEIRO, SAO JOSE DOS CAMPOS, SAO ROQUE, SOROCABA, TAUBATE

RMDA090910
ROBERT NORMAL
F
10/02/1995
(79) 24904-4263
CELTA
MDA-9569
09/09/19
10:22
078.81
2
JUNDIAI, OSASCO, SAO JOSE DOS CAMPOS, SAO PAULO
**********************LISTAR**********************
ANFM140623
ALEXANDRE O GRANDE
M
02/05/1995
(88) 91325-1566
FIT
NFM-1020
14/06/19
23:02
059.96
2
COTIA, SAO PAULO

AVIE140920
ANA JULIA
M
24/05/1997
(43) 68350-0478
FUSCA
VIE-7985
14/09/19
20:03
053.15
2
COTIA, JUNDIAI, RIO DE JANEIRO, SAO JOSE DOS CAMPOS, SAO PAULO

EWOH260709
EDUARDO COSTA
M
22/07/1995
(42) 01805-8872
TORO
WOH-1932
26/07/19
09:56
197.40
3
COTIA, LORENA, SAO JOSE DOS CAMPOS, SOROCABA

GSPM240709
GABRIEL EL ANGEL
M
10/09/1990
(93) 68348-6491
CIVIC
SPM-5004
24/07/19
09:60
193.25
2
COTIA, JUNDIAI, LORENA, SAO JOSE DOS CAMPOS, SAO PAULO, SAO ROQUE, SOROCABA

RHHU090322
ROBERT NORMAL
F
01/06/1995
(56) 52271-6131
CELTA
HHU-6741
09/03/19
22:27
230.36
3
COTIA, JUNDIAI, LORENA, OSASCO, RIO DE JANEIRO, SAO JOSE DOS CAMPOS, SAO ROQUE, SOROCABA, TAUBATE
AVIE140920
ANA JULIA
M
24/05/1997
(43) 68350-0478
FUSCA
VIE-7985
14/09/19
20:03
053.15
2
COTIA, JUNDIAI, RIO DE JANEIRO, SAO JOSE DOS CAMPOS, SAO PAULO

GSPM240709
GABRIEL EL ANGEL
M
10/09/1990
(93) 68348-6491
CIVIC
SPM-5004
24/07/19
09:60
193.25
2
COTIA, JUNDIAI, LORENA, SAO JOSE DOS CAMPOS, SAO PAULO, SAO ROQUE, SOROCABA

RHHU090322
ROBERT NORMAL
F
01/06/1995
(56) 52271-6131
CELTA
HHU-6741
09/03/19
22:27
230.36
3
COTIA, JUNDIAI, LORENA, OSASCO, RIO DE JANEIRO, SAO JOSE DOS CAMPOS, SAO ROQUE, SOROCABA, TAUBATE

RMDA090910
ROBERT NORMAL
F
10/02/1995
(79) 24904-4263
CELTA
MDA-9569
09/09/19
10:22
078.81
2
JUNDIAI, OSASCO, SAO JOSE DOS CAMPOS, SAO PAULO
EWOH260709
EDUARDO COSTA
M
22/07/1995
(42) 01805-8872
TORO
WOH-1932
26/07/19
09:56
197.40
3
COTIA, LORENA, SAO JOSE DOS CAMPOS, SOROCABA

GSPM240709
GABRIEL EL ANGEL
M
10/09/1990
(93) 68348-6491
CIVIC
SPM-5004
24/07/19
09:60
193.25
2
COTIA, JUNDIAI, LORENA, SAO JOSE DOS CAMPOS, SAO PAULO, SAO ROQUE, SOROCABA

RHHU090322
ROBERT NORMAL
F
01/06/1995
(56) 52271-6131
CELTA
HHU-6741
09/03/19
22:27
230.36
3
COTIA, JUNDIAI, LORENA, OSASCO, RIO DE JANEIRO, SAO JOSE DOS CAMPOS, SAO ROQUE, SOROCABA, TAUBATE
RHHU090322
ROBERT NORMAL
F
01/06/1995
(56) 52271-6131
CELTA
HHU-6741
09/03/19
22:27
230.36
3
COTIA, JUNDIAI, LORENA, OSASCO, RIO DE JANEIRO, SAO JOSE DOS CAMPOS, SAO ROQUE, SOROCABA, TAUBATE

RMDA090910
ROBERT NORMAL
F
10/02/1995
(79) 24904-4263
CELTA
MDA-9569
09/09/19
10:22
078.81
2
JUNDIAI, OSASCO, SAO JOSE DOS CAMPOS, SAO PAULO
AVIE140920
ANA JULIA
M
24/05/1997
(43) 68350-0478
FUSCA
VIE-7985
14/09/19
20:03
053.15
2
COTIA, JUNDIAI, RIO DE JANEIRO, SAO JOSE DOS CAMPOS, SAO PAULO

AZYU261114
ALEXANDRE O MIXURUCA
M
26/12/1989
(51) 59239-9149
HB20
ZYU-0669
26/11/19
14:47
049.59
3
RIO DE JANEIRO, SOROCABA

RHHU090322
ROBERT NORMAL
F
01/06/1995
(56) 52271-6131
CELTA
HHU-6741
09/03/19
22:27
230.36
3
COTIA, JUNDIAI, LORENA, OSASCO, RIO DE JANEIRO, SAO JOSE DOS CAMPOS, SAO ROQUE, SOROCABA, TAUBATE
AVIE140920
ANA JULIA
M
24/05/1997
(43) 68350-0478
FUSCA
VIE-7985
14/09/19
20:03
053.15
2
COTIA, JUNDIAI, RIO DE JANEIRO, SAO JOSE DOS CAMPOS, SAO PAULO

EWOH260709
EDUARDO COSTA
M
22/07/1995
(42) 01805-8872
TORO
WOH-1932
26/07/19
09:56
197.40
3
COTIA, LORENA, SAO JOSE DOS CAMPOS, SOROCABA

GSPM240709
GABRIEL EL ANGEL
M
10/09/1990
(93) 68348-6491
CIVIC
SPM-5004
24/07/19
09:60
193.25
2
COTIA, JUNDIAI, LORENA, SAO JOSE DOS CAMPOS, SAO PAULO, SAO ROQUE, SOROCABA

RHHU090322
ROBERT NORMAL
F
01/06/1995
(56) 52271-6131
CELTA
HHU-6741
09/03/19
22:27
230.36
3
COTIA, JUNDIAI, LORENA, OSASCO, RIO DE JANEIRO, SAO JOSE DOS CAMPOS, SAO ROQUE, SOROCABA, TAUBATE

RMDA090910
ROBERT NORMAL
F
10/02/1995
(79) 24904-4263
CELTA
MDA-9569
09/09/19
10:22
078.81
2
JUNDIAI, OSASCO, SAO JOSE DOS CAMPOS, SAO PAULO
ANFM140623
ALEXANDRE O GRANDE
M
02/05/1995
(88) 91325-1566
FIT
NFM-1020
14/06/19
23:02
059.96
2
COTIA, SAO PAULO

AVIE140920
ANA JULIA
M
24/05/1997
(43) 68350-0478
FUSCA
VIE-7985
14/09/19
20:03
053.15
2
COTIA, JUNDIAI, RIO DE JANEIRO, SAO JOSE DOS CAMPOS, SAO PAULO

GSPM240709
GABRIEL EL ANGEL
M
10/09/1990
(93) 68348-6491
CIVIC
SPM-5004
24/07/19
09:60
193.25
2
COTIA, JUNDIAI, LORENA, SAO JOSE DOS CAMPOS, SAO PAULO, SAO ROQUE, SOROCABA

RMDA090910
ROBERT NORMAL
F
10/02/1995
(79) 24904-4263
CELTA
MDA-9569
09/09/19
10:22
078.81
2
JUNDIAI, OSASCO, SAO JOSE DOS CAMPOS, SAO PAULO
GSPM240709
GABRIEL EL ANGEL
M
10/09/1990
(93) 68348-6491
CIVIC
SPM-5004
24/07/19
09:60
193.25
2
COTIA, JUNDIAI, LORENA, SAO JOSE DOS CAMPOS, SAO PAULO, SAO ROQUE, SOROCABA

RHHU090322
ROBERT NORMAL
F
01/06/1995
(56) 52271-6131
CELTA
HHU-6741
09/03/19
22:27
230.36
3
COTIA, JUNDIAI, LORENA, OSASCO, RIO DE JANEIRO, SAO JOSE DOS CAMPOS, SAO ROQUE, SOROCABA, TAUBATE
AZYU261114
ALEXANDRE O MIXURUCA
M
26/12/1989
(51) 59239-9149
HB20
ZYU-0669
26/11/19
14:47
049.59
3
RIO DE JANEIRO, SOROCABA

EWOH260709
EDUARDO COSTA
M
22/07/1995
(42) 01805-8872
TORO
WOH-1932
26/07/19
09:56
197.40
3
COTIA, LORENA, SAO JOSE DOS CAMPOS, SOROCABA

GSPM240709
GABRIEL EL ANGEL
M
10/09/1990
(93) 68348-6491
CIVIC
SPM-5004
24/07/19
09:60
193.25
2
COTIA, JUNDIAI, LORENA, SAO JOSE DOS CAMPOS, SAO PAULO, SAO ROQUE, SOROCABA

RHHU090322
ROBERT NORMAL
F
01/06/1995
(56) 52271-6131
CELTA
HHU-6741
09/03/19
22:27
230.36
3
COTIA, JUNDIAI, LORENA, OSASCO, RIO DE JANEIRO, SAO JOSE DOS CAMPOS, SAO ROQUE, SOROCABA, TAUBATE
RHHU090322
ROBERT NORMAL
F
01/06/1995
(56) 52271-6131
CELTA
HHU-6741
09/03/19
22:27
230.36
3
COTIA, JUNDIAI, LORENA, OSASCO, RIO DE JANEIRO, SAO JOSE DOS CAMPOS, SAO ROQUE, SOROCABA, TAUBATE
**********************ALTERAR*********************
OPERACAO REALIZADA COM SUCESSO!
**********************ALTERAR*********************
OPERACAO REALIZADA COM SUCESSO!
*****************ARQUIVO SECUNDARIO****************
RHHU090322 09/03/19
AUND150413 15/04/19
ANFM140623 14/06/19
GSPM240709 24/07/19
EWOH260709 26/07/19
RMDA090910 09/09/19
AVIE140920 14/09/19
AZYU261114 26/11/19
**********************ALTERAR*********************
OPERACAO REALIZADA COM SUCESSO!
**********************LISTAR**********************
RHHU090322
ROBERT NORMAL
F
01/06/1995
(56) 52271-6131
CELTA
HHU-6741
09/03/19
22:27
230.36
1
COTIA, JUNDIAI, LORENA, OSASCO, RIO DE JANEIRO, SAO JOSE DOS CAMPOS, SAO ROQUE, SOROCABA, TAUBATE

AUND150413
ALEXANDRE O CHEGA NE
F
26/08/1995
(56) 60287-1747
FIT
UND-1815
15/04/19
13:27
139.48
3
RIO DE JANEIRO, SAO PAULO

ANFM140623
ALEXANDRE O GRANDE
M
02/05/1995
(88) 91325-1566
FIT
NFM-1020
14/06/19
23:02
059.96
2
COTIA, SAO PAULO

GSPM240709
GABRIEL EL ANGEL
M
10/09/1990
(93) 68348-6491
CIVIC
SPM-5004
24/07/19
09:60
193.25
2
COTIA, JUNDIAI, LORENA, SAO JOSE DOS CAMPOS, SAO PAULO, SAO ROQUE, SOROCABA

EWOH260709
EDUARDO COSTA
M
22/07/1995
(42) 01805-8872
TORO
WOH-1932
26/07/19
09:56
197.40
3
COTIA, LORENA, SAO JOSE DOS CAMPOS, SOROCABA

RMDA090910
ROBERT NORMAL
F
10/02/1995
(79) 24904-4263
CELTA
MDA-9569
09/09/19
10:22
078.81
1
JUNDIAI, OSASCO, SAO JOSE DOS CAMPOS, SAO PAULO

AVIE140920
ANA JULIA
M
24/05/1997
(43) 68350-0478
FUSCA
VIE-7985
14/09/19
20:03
053.15
3
COTIA, JUNDIAI, RIO DE JANEIRO, SAO JOSE DOS CAMPOS, SAO PAULO

AZYU261114
ALEXANDRE O MIXURUCA
M
26/12/1989
(51) 59239-9149
HB20
ZYU-0669
26/11/19
14:47
049.59
3
RIO DE JANEIRO, SOROCABA
**********************EXCLUIR*********************
OPERACAO REALIZADA COM SUCESSO!
*****************ARQUIVO SECUNDARIO****************
EWOH260709 09:56
GSPM240709 09:60
RMDA090910 10:22
AUND150413 13:27
AZYU261114 14:47
AVIE140920 20:03
RHHU090322 22:27
ANFM140623 23:02
**********************EXCLUIR*********************
OPERACAO REALIZADA COM SUCESSO!
**********************LISTAR**********************
AUND150413
ALEXANDRE O CHEGA NE
F
26/08/1995
(56) 60287-1747
FIT
UND-1815
15/04/19
13:27
139.48
3
RIO DE JANEIRO, SAO PAULO

AZYU261114
ALEXANDRE O MIXURUCA
M
26/12/1989
(51) 59239-9149
HB20
ZYU-0669
26/11/19
14:47
049.59
3
RIO DE JANEIRO, SOROCABA

AVIE140920
ANA JULIA
M
24/05/1997
(43) 68350-0478
FUSCA
VIE-7985
14/09/19
20:03
053.15
3
COTIA, JUNDIAI, RIO DE JANEIRO, SAO JOSE DOS CAMPOS, SAO PAULO

EWOH260709
EDUARDO COSTA
M
22/07/1995
(42) 01805-8872
TORO
WOH-1932
26/07/19
09:56
197.40
3
COTIA, LORENA, SAO JOSE DOS CAMPOS, SOROCABA

RHHU090322
ROBERT NORMAL
F
01/06/1995
(56) 52271-6131
CELTA
HHU-6741
09/03/19
22:27
230.36
1
COTIA, JUNDIAI, LORENA, OSASCO, RIO DE JANEIRO, SAO JOSE DOS CAMPOS, SAO ROQUE, SOROCABA, TAUBATE

RMDA090910
ROBERT NORMAL
F
10/02/1995
(79) 24904-4263
CELTA
MDA-9569
09/09/19
10:22
078.81
1
JUNDIAI, OSASCO, SAO JOSE DOS CAMPOS, SAO PAULO
**********************BUSCAR**********************
EWOH260709
EDUARDO COSTA
M
22/07/1995
(42) 01805-8872
TORO
WOH-1932
26/07/19
09:56
197.40
3
COTIA, LORENA, SAO JOSE DOS CAMPOS, SOROCABA
**********************BUSCAR**********************
RHHU090322
ROBERT NORMAL
F
01/06/1995
(56) 52271-6131
CELTA
HHU-6741
09/03/19
22:27
230.36
1
COTIA, JUNDIAI, LORENA, OSASCO, RIO DE JANEIRO, SAO JOSE DOS CAMPOS, SAO ROQUE, SOROCABA, TAUBATE
*****************ARQUIVO SECUNDARIO****************
RHHU090322 09/03/19
AUND150413 15/04/19
EWOH260709 26/07/19
RMDA090910 09/09/19
AVIE140920 14/09/19
AZYU261114 26/11/19
**********************EXCLUIR*********************
OPERACAO REALIZADA COM SUCESSO!
*****************ARQUIVO SECUNDARIO****************
AUND150413 ALEXANDRE O CHEGA NE
AZYU261114 ALEXANDRE O MIXURUCA
ALMG261005 ANA JULIA
AVIE140920 ANA JULIA
EWOH260709 EDUARDO COSTA
PDWY100700 PABLO VITTAR
RHHU090322 ROBERT NORMAL
RMDA090910 ROBERT NORMAL
RUHK210816 ROBERT NORMAL
**********************BUSCAR**********************
PDWY100700
PABLO VITTAR
M
26/06/1991
(57) 03301-1430
HB20
DWY-6503
10/07/19
00:19
086.88
1
COTIA, JUNDIAI, OSASCO, RIO DE JANEIRO, SAO PAULO
**********************ALTERAR*********************
Registro(s) nao encontrado!
FALHA AO REALIZAR OPERACAO!
*****************ARQUIVO SECUNDARIO****************
COTIA AVIE140920 EWOH260709 PDWY100700 RHHU090322 RUHK210816
JUNDIAI AFXC111000 ALMG261005 AVIE140920 PDWY100700 RHHU090322 RMDA090910 RUHK210816
LORENA ALMG261005 EWOH260709 RHHU090322
OSASCO AFXC111000 ALMG261005 PDWY100700 RHHU090322 RMDA090910 RUHK210816
RIO DE JANEIRO ALMG261005 AVIE140920 AZYU261114 PDWY100700 RHHU090322
SAO JOSE DOS CAMPOS ALMG261005 AVIE140920 EWOH260709 RHHU090322 RMDA090910 RUHK210816
SAO PAULO AFXC111000 ALMG261005 AVIE140920 PDWY100700 RMDA090910 RUHK210816
SAO ROQUE ALMG261005 RHHU090322
SOROCABA ALMG261005 AZYU261114 EWOH260709 RHHU090322
TAUBATE ALMG261005 RHHU090322
**********************BUSCAR**********************
ALMG261005
ANA JULIA
F
10/02/1995
(53) 98097-6620
TORO
LMG-2644
26/10/19
05:35
034.57
3
JUNDIAI, LORENA, OSASCO, RIO DE JANEIRO, SAO JOSE DOS CAMPOS, SAO PAULO, SAO ROQUE, SOROCABA, TAUBATE

EWOH260709
EDUARDO COSTA
M
22/07/1995
(42) 01805-8872
TORO
WOH-1932
26/07/19
09:56
197.40
3
COTIA, LORENA, SAO JOSE DOS CAMPOS, SOROCABA

RHHU090322
ROBERT NORMAL
F
01/06/1995
(56) 52271-6131
CELTA
HHU-6741
09/03/19
22:27
230.36
1
COTIA, JUNDIAI, LORENA, OSASCO, RIO DE JANEIRO, SAO JOSE DOS CAMPOS, SAO ROQUE, SOROCABA, TAUBATE
**********************ALTERAR*********************
OPERACAO REALIZADA COM SUCESSO!
**********************ARQUIVO*********************
ANA JULIA@M@24/05/1997@(43) 68350-0478@FUSCA@VIE-7985@COTIA|JUNDIAI|RIO DE JANEIRO|SAO JOSE DOS CAMPOS|SAO PAULO@14/09/19@20:03@053.15@3@#######################################################################################################################ALEXANDRE O MIXURUCA@M@26/12/1989@(51) 59239-9149@HB20@ZYU-0669@RIO DE JANEIRO|SOROCABA@26/11/19@14:47@049.59@3@################################################################################################################################################ROBERT NORMAL@F@01/06/1995@(56) 52271-6131@CELTA@HHU-6741@COTIA|JUNDIAI|LORENA|OSASCO|RIO DE JANEIRO|SAO JOSE DOS CAMPOS|SAO ROQUE|SOROCABA|TAUBATE@09/03/19@22:27@230.36@1@####################################################################################ROBERT NORMAL@F@10/02/1995@(79) 24904-4263@CELTA@MDA-9569@JUNDIAI|OSASCO|SAO JOSE DOS CAMPOS|SAO PAULO@09/09/19@10:22@078.81@1@#################################################################################################################################EDUARDO COSTA@M@22/07/1995@(42) 01805-8872@TORO@WOH-1932@COTIA|LORENA|SAO JOSE DOS CAMPOS|SOROCABA@26/07/19@09:56@197.40@3@#####################################################################################################################################ANA JULIA@F@10/02/1995@(53) 98097-6620@TORO@LMG-2644@JUNDIAI|LORENA|OSASCO|RIO DE JANEIRO|SAO JOSE DOS CAMPOS|SAO PAULO|SAO ROQUE|SOROCABA|TAUBATE@26/10/19@05:35@034.57@3@#####################################################################################ROBERT NORMAL@M@09/07/1995@(11) 04652-5373@FOX@UHK-3944@COTIA|JUNDIAI|OSASCO|SAO JOSE DOS CAMPOS|SAO PAULO@21/08/19@16:02@122.10@4@#############################################################################################################################PABLO VITTAR@M@26/06/1991@(57) 03301-1430@HB20@DWY-6503@COTIA|JUNDIAI|OSASCO|RIO DE JANEIRO|SAO PAULO@10/07/19@00:19@086.88@1@##################################################################################################################################ANA JULIA@F@21/09/1991@(92) 30328-2671@HB20@FXC-9666@JUNDIAI|OSASCO|SAO PAULO@11/10/19@00:60@170.96@3@##########################################################################################################################################################
