**********************ARQUIVO*********************
Arquivo vazio!
**********************BUSCAR**********************
Registro(s) nao encontrado!
**********************BUSCAR**********************
Registro(s) nao encontrado!
**********************BUSCAR**********************
TJOR240504
TATIANA MONTEIRO
F
07/04/1995
(25) 15593-1347
GOL
JOR-1721
24/05/19
04:17
080.40
3
COTIA, JUNDIAI, LORENA, RIO DE JANEIRO, SAO JOSE DOS CAMPOS, SAO PAULO, SAO ROQUE
**********************LISTAR**********************
TJOR240504
TATIANA MONTEIRO
F
07/04/1995
(25) 15593-1347
GOL
JOR-1721
24/05/19
04:17
080.40
3
COTIA, JUNDIAI, LORENA, RIO DE JANEIRO, SAO JOSE DOS CAMPOS, SAO PAULO, SAO ROQUE
*****************ARQUIVO SECUNDARIO****************
MWXN131022 MATEUS ALVES
TJOR240504 TATIANA MONTEIRO
**********************ARQUIVO*********************
TATIANA MONTEIRO@F@07/04/1995@(25) 15593-1347@GOL@JOR-1721@COTIA|JUNDIAI|LORENA|RIO DE JANEIRO|SAO JOSE DOS CAMPOS|SAO PAULO|SAO ROQUE@24/05/19@04:17@080.40@3@#################################################################################################MATEUS ALVES@M@17/06/1993@(69) 21221-8044@CORSA@WXN-1212@COTIA|JUNDIAI|LORENA|OSASCO|RIO DE JANEIRO|SAO JOSE DOS CAMPOS|SAO PAULO|SAO ROQUE|TAUBATE@13/10/19@22:38@155.63@1@####################################################################################RENATA ARAGAO@F@16/06/1993@(65) 43556-4370@CELTA@TSQ-7461@COTIA|JUNDIAI|RIO DE JANEIRO|SAO JOSE DOS CAMPOS|SOROCABA@10/08/19@04:33@086.89@2@####################################################################################################################EVELYN DOS SANTOS@F@22/01/1999@(28) 39024-4543@GOL@IYA-0554@LORENA|SOROCABA@08/07/19@12:42@039.85@3@############################################################################################################################################################LETICIA FERNANDES@M@08/07/1994@(27) 57847-5233@UNO@KKR-3778@COTIA|JUNDIAI|LORENA|OSASCO|RIO DE JANEIRO|SAO JOSE DOS CAMPOS|SAO ROQUE|SOROCABA|TAUBATE@11/09/19@10:08@106.76@1@##################################################################################
**********************LISTAR**********************
EIYA080712
EVELYN DOS SANTOS
F
22/01/1999
(28) 39024-4543
GOL
IYA-0554
08/07/19
12:42
039.85
3
LORENA, SOROCABA

LKKR110910
LETICIA FERNANDES
M
08/07/1994
(27) 57847-5233
UNO
KKR-3778
11/09/19
10:08
106.76
1
COTIA, JUNDIAI, LORENA, OSASCO, RIO DE JANEIRO, SAO JOSE DOS CAMPOS, SAO ROQUE, SOROCABA, TAUBATE

MWXN131022
MATEUS ALVES
M
17/06/1993
(69) 21221-8044
CORSA
WXN-1212
13/10/19
22:38
155.63
1
COTIA, JUNDIAI, LORENA, OSASCO, RIO DE JANEIRO, SAO JOSE DOS CAMPOS, SAO PAULO, SAO ROQUE, TAUBATE

RTSQ100804
RENATA ARAGAO
F
16/06/1993
(65) 43556-4370
CELTA
TSQ-7461
10/08/19
04:33
086.89
2
COTIA, JUNDIAI, RIO DE JANEIRO, SAO JOSE DOS CAMPOS, SOROCABA

TJOR240504
TATIANA MONTEIRO
F
07/04/1995
(25) 15593-1347
GOL
JOR-1721
24/05/19
04:17
080.40
3
COTIA, JUNDIAI, LORENA, RIO DE JANEIRO, SAO JOSE DOS CAMPOS, SAO PAULO, SAO ROQUE
**********************LISTAR**********************
TJOR240504
TATIANA MONTEIRO
F
07/04/1995
(25) 15593-1347
GOL
JOR-1721
24/05/19
04:17
080.40
3
COTIA, JUNDIAI, LORENA, RIO DE JANEIRO, SAO JOSE DOS CAMPOS, SAO PAULO, SAO ROQUE

EIYA080712
EVELYN DOS SANTOS
F
22/01/1999
(28) 39024-4543
GOL
IYA-0554
08/07/19
12:42
039.85
3
LORENA, SOROCABA

RTSQ100804
RENATA ARAGAO
F
16/06/1993
(65) 43556-4370
CELTA
TSQ-7461
10/08/19
04:33
086.89
2
COTIA, JUNDIAI, RIO DE JANEIRO, SAO JOSE DOS CAMPOS, SOROCABA

LKKR110910
LETICIA FERNANDES
M
08/07/1994
(27) 57847-5233
UNO
KKR-3778
11/09/19
10:08
106.76
1
COTIA, JUNDIAI, LORENA, OSASCO, RIO DE JANEIRO, SAO JOSE DOS CAMPOS, SAO ROQUE, SOROCABA, TAUBATE

MWXN131022
MATEUS ALVES
M
17/06/1993
(69) 21221-8044
CORSA
WXN-1212
13/10/19
22:38
155.63
1
COTIA, JUNDIAI, LORENA, OSASCO, RIO DE JANEIRO, SAO JOSE DOS CAMPOS, SAO PAULO, SAO ROQUE, TAUBATE
*****************ARQUIVO SECUNDARIO****************
COTIA LKKR110910 MWXN131022 RTSQ100804 TJOR240504
JUNDIAI LKKR110910 MWXN131022 RTSQ100804 TJOR240504
LORENA EIYA080712 LKKR110910 MWXN131022 TJOR240504
OSASCO LKKR110910 MWXN131022
RIO DE JANEIRO LKKR110910 MWXN131022 RTSQ100804 TJOR240504
SAO JOSE DOS CAMPOS LKKR110910 MWXN131022 RTSQ100804 TJOR240504
SAO PAULO MWXN131022 TJOR240504
SAO ROQUE LKKR110910 MWXN131022 TJOR240504
SOROCABA EIYA080712 LKKR110910 RTSQ100804
TAUBATE LKKR110910 MWXN131022
**********************ARQUIVO*********************
TATIANA MONTEIRO@F@07/04/1995@(25) 15593-1347@GOL@JOR-1721@COTIA|JUNDIAI|LORENA|RIO DE JANEIRO|SAO JOSE DOS CAMPOS|SAO PAULO|SAO ROQUE@24/05/19@04:17@080.40@3@#################################################################################################MATEUS ALVES@M@17/06/1993@(69) 21221-8044@CORSA@WXN-1212@COTIA|JUNDIAI|LORENA|OSASCO|RIO DE JANEIRO|SAO JOSE DOS CAMPOS|SAO PAULO|SAO ROQUE|TAUBATE@13/10/19@22:38@155.63@1@####################################################################################RENATA ARAGAO@F@16/06/1993@(65) 43556-4370@CELTA@TSQ-7461@COTIA|JUNDIAI|RIO DE JANEIRO|SAO JOSE DOS CAMPOS|SOROCABA@10/08/19@04:33@086.89@2@####################################################################################################################EVELYN DOS SANTOS@F@22/01/1999@(28) 39024-4543@GOL@IYA-0554@LORENA|SOROCABA@08/07/19@12:42@039.85@3@############################################################################################################################################################LETICIA FERNANDES@M@08/07/1994@(27) 57847-5233@UNO@KKR-3778@COTIA|JUNDIAI|LORENA|OSASCO|RIO DE JANEIRO|SAO JOSE DOS CAMPOS|SAO ROQUE|SOROCABA|TAUBATE@11/09/19@10:08@106.76@1@##################################################################################
**********************ARQUIVO*********************
TATIANA MONTEIRO@F@07/04/1995@(25) 15593-1347@GOL@JOR-1721@COTIA|JUNDIAI|LORENA|RIO DE JANEIRO|SAO JOSE DOS CAMPOS|SAO PAULO|SAO ROQUE@24/05/19@04:17@080.40@3@#################################################################################################MATEUS ALVES@M@17/06/1993@(69) 21221-8044@CORSA@WXN-1212@COTIA|JUNDIAI|LORENA|OSASCO|RIO DE JANEIRO|SAO JOSE DOS CAMPOS|SAO PAULO|SAO ROQUE|TAUBATE@13/10/19@22:38@155.63@1@####################################################################################RENATA ARAGAO@F@16/06/1993@(65) 43556-4370@CELTA@TSQ-7461@COTIA|JUNDIAI|RIO DE JANEIRO|SAO JOSE DOS CAMPOS|SOROCABA@10/08/19@04:33@086.89@2@####################################################################################################################EVELYN DOS SANTOS@F@22/01/1999@(28) 39024-4543@GOL@IYA-0554@LORENA|SOROCABA@08/07/19@12:42@039.85@3@############################################################################################################################################################LETICIA FERNANDES@M@08/07/1994@(27) 57847-5233@UNO@KKR-3778@COTIA|JUNDIAI|LORENA|OSASCO|RIO DE JANEIRO|SAO JOSE DOS CAMPOS|SAO ROQUE|SOROCABA|TAUBATE@11/09/19@10:08@106.76@1@##################################################################################ALEXANDRE O GRANDE@F@19/03/1992@(79) 01707-7035@GOL@YJH-7300@RIO DE JANEIRO|SAO JOSE DOS CAMPOS|SAO PAULO|SOROCABA@25/10/19@06:48@243.10@4@#####################################################################################################################JULIANA MENDES@F@24/09/1996@(22) 14956-2823@CORSA@HCP-3176@COTIA|JUNDIAI|OSASCO|RIO DE JANEIRO|SAO JOSE DOS CAMPOS|SAO PAULO|SAO ROQUE|SOROCABA|TAUBATE@03/08/19@07:39@186.06@4@################################################################################
**********************BUSCAR**********************
JHCP030807
JULIANA MENDES
F
24/09/1996
(22) 14956-2823
CORSA
HCP-3176
03/08/19
07:39
186.06
4
COTIA, JUNDIAI, OSASCO, RIO DE JANEIRO, SAO JOSE DOS CAMPOS, SAO PAULO, SAO ROQUE, SOROCABA, TAUBATE
*****************ARQUIVO SECUNDARIO****************
COTIA JHCP030807 LKKR110910 MWXN131022 RTSQ100804 TJOR240504
JUNDIAI JHCP030807 LKKR110910 MWXN131022 RTSQ100804 TJOR240504
LORENA EIYA080712 LKKR110910 MWXN131022 TJOR240504
OSASCO JHCP030807 LKKR110910 MWXN131022
RIO DE JANEIRO AYJH251006 JHCP030807 LKKR110910 MWXN131022 RTSQ100804 TJOR240504
SAO JOSE DOS CAMPOS AYJH251006 JHCP030807 LKKR110910 MWXN131022 RTSQ100804 TJOR240504
SAO PAULO AYJH251006 JHCP030807 MWXN131022 TJOR240504
SAO ROQUE JHCP030807 LKKR110910 MWXN131022 TJOR240504
SOROCABA AYJH251006 EIYA080712 JHCP030807 LKKR110910 RTSQ100804
TAUBATE JHCP030807 LKKR110910 MWXN131022
**********************BUSCAR**********************
JHCP030807
JULIANA MENDES
F
24/09/1996
(22) 14956-2823
CORSA
HCP-3176
03/08/19
07:39
186.06
4
COTIA, JUNDIAI, OSASCO, RIO DE JANEIRO, SAO JOSE DOS CAMPOS, SAO PAULO, SAO ROQUE, SOROCABA, TAUBATE
**********************LISTAR**********************
AALM230100
ALEXANDRE O GRANDE
M
10/06/1991
(93) 24597-7150
CELTA
ALM-4782
23/01/19
00:16
233.40
1
COTIA, JUNDIAI, RIO DE JANEIRO, SAO PAULO, SAO ROQUE, SOROCABA

AYJH251006
ALEXANDRE O GRANDE
F
19/03/1992
(79) 01707-7035
GOL
YJH-7300
25/10/19
06:48
243.10
4
RIO DE JANEIRO, SAO JOSE DOS CAMPOS, SAO PAULO, SOROCABA

EIYA080712
EVELYN DOS SANTOS
F
22/01/1999
(28) 39024-4543
GOL
IYA-0554
08/07/19
12:42
039.85
3
LORENA, SOROCABA

EYXF250718
EVELYN DOS SANTOS
M
11/01/1994
(07) 31621-1748
CELTA
YXF-4975
25/07/19
18:13
066.61
1
COTIA, JUNDIAI, LORENA, OSASCO, RIO DE JANEIRO, SAO JOSE DOS CAMPOS, SAO PAULO, SOROCABA, TAUBATE

JHCP030807
JULIANA MENDES
F
24/09/1996
(22) 14956-2823
CORSA
HCP-3176
03/08/19
07:39
186.06
4
COTIA, JUNDIAI, OSASCO, RIO DE JANEIRO, SAO JOSE DOS CAMPOS, SAO PAULO, SAO ROQUE, SOROCABA, TAUBATE

LKKR110910
LETICIA FERNANDES
M
08/07/1994
(27) 57847-5233
UNO
KKR-3778
11/09/19
10:08
106.76
1
COTIA, JUNDIAI, LORENA, OSASCO, RIO DE JANEIRO, SAO JOSE DOS CAMPOS, SAO ROQUE, SOROCABA, TAUBATE

MWXN131022
MATEUS ALVES
M
17/06/1993
(69) 21221-8044
CORSA
WXN-1212
13/10/19
22:38
155.63
1
COTIA, JUNDIAI, LORENA, OSASCO, RIO DE JANEIRO, SAO JOSE DOS CAMPOS, SAO PAULO, SAO ROQUE, TAUBATE

RTSQ100804
RENATA ARAGAO
F
16/06/1993
(65) 43556-4370
CELTA
TSQ-7461
10/08/19
04:33
086.89
2
COTIA, JUNDIAI, RIO DE JANEIRO, SAO JOSE DOS CAMPOS, SOROCABA

TJOR240504
TATIANA MONTEIRO
F
07/04/1995
(25) 15593-1347
GOL
JOR-1721
24/05/19
04:17
080.40
3
COTIA, JUNDIAI, LORENA, RIO DE JANEIRO, SAO JOSE DOS CAMPOS, SAO PAULO, SAO ROQUE
**********************BUSCAR**********************
AALM230100
ALEXANDRE O GRANDE
M
10/06/1991
(93) 24597-7150
CELTA
ALM-4782
23/01/19
00:16
233.40
1
COTIA, JUNDIAI, RIO DE JANEIRO, SAO PAULO, SAO ROQUE, SOROCABA
**********************LISTAR**********************
AALM230100
ALEXANDRE O GRANDE
M
10/06/1991
(93) 24597-7150
CELTA
ALM-4782
23/01/19
00:16
233.40
1
COTIA, JUNDIAI, RIO DE JANEIRO, SAO PAULO, SAO ROQUE, SOROCABA

EYXF250718
EVELYN DOS SANTOS
M
11/01/1994
(07) 31621-1748
CELTA
YXF-4975
25/07/19
18:13
066.61
1
COTIA, JUNDIAI, LORENA, OSASCO, RIO DE JANEIRO, SAO JOSE DOS CAMPOS, SAO PAULO, SOROCABA, TAUBATE

JHCP030807
JULIANA MENDES
F
24/09/1996
(22) 14956-2823
CORSA
HCP-3176
03/08/19
07:39
186.06
4
COTIA, JUNDIAI, OSASCO, RIO DE JANEIRO, SAO JOSE DOS CAMPOS, SAO PAULO, SAO ROQUE, SOROCABA, TAUBATE

LKKR110910
LETICIA FERNANDES
M
08/07/1994
(27) 57847-5233
UNO
KKR-3778
11/09/19
10:08
106.76
1
COTIA, JUNDIAI, LORENA, OSASCO, RIO DE JANEIRO, SAO JOSE DOS CAMPOS, SAO ROQUE, SOROCABA, TAUBATE

MWXN131022
MATEUS ALVES
M
17/06/1993
(69) 21221-8044
CORSA
WXN-1212
13/10/19
22:38
155.63
1
COTIA, JUNDIAI, LORENA, OSASCO, RIO DE JANEIRO, SAO JOSE DOS CAMPOS, SAO PAULO, SAO ROQUE, TAUBATE

RTSQ100804
RENATA ARAGAO
F
16/06/1993
(65) 43556-4370
CELTA
TSQ-7461
10/08/19
04:33
086.89
2
COTIA, JUNDIAI, RIO DE JANEIRO, SAO JOSE DOS CAMPOS, SOROCABA

TJOR240504
TATIANA MONTEIRO
F
07/04/1995
(25) 15593-1347
GOL
JOR-1721
24/05/19
04:17
080.40
3
COTIA, JUNDIAI, LORENA, RIO DE JANEIRO, SAO JOSE DOS CAMPOS, SAO PAULO, SAO ROQUE
AALM230100
ALEXANDRE O GRANDE
M
10/06/1991
(93) 24597-7150
CELTA
ALM-4782
23/01/19
00:16
233.40
1
COTIA, JUNDIAI, RIO DE JANEIRO, SAO PAULO, SAO ROQUE, SOROCABA

EYXF250718
EVELYN DOS SANTOS
M
11/01/1994
(07) 31621-1748
CELTA
YXF-4975
25/07/19
18:13
066.61
1
COTIA, JUNDIAI, LORENA, OSASCO, RIO DE JANEIRO, SAO JOSE DOS CAMPOS, SAO PAULO, SOROCABA, TAUBATE

JHCP030807
JULIANA MENDES
F
24/09/1996
(22) 14956-2823
CORSA
HCP-3176
03/08/19
07:39
186.06
4
COTIA, JUNDIAI, OSASCO, RIO DE JANEIRO, SAO JOSE DOS CAMPOS, SAO PAULO, SAO ROQUE, SOROCABA, TAUBATE

LKKR110910
LETICIA FERNANDES
M
08/07/1994
(27) 57847-5233
UNO
KKR-3778
11/09/19
10:08
106.76
1
COTIA, JUNDIAI, LORENA, OSASCO, RIO DE JANEIRO, SAO JOSE DOS CAMPOS, SAO ROQUE, SOROCABA, TAUBATE

MWXN131022
MATEUS ALVES
M
17/06/1993
(69) 21221-8044
CORSA
WXN-1212
13/10/19
22:38
155.63
1
COTIA, JUNDIAI, LORENA, OSASCO, RIO DE JANEIRO, SAO JOSE DOS CAMPOS, SAO PAULO, SAO ROQUE, TAUBATE

RTSQ100804
RENATA ARAGAO
F
16/06/1993
(65) 43556-4370
CELTA
TSQ-7461
10/08/19
04:33
086.89
2
COTIA, JUNDIAI, RIO DE JANEIRO, SAO JOSE DOS CAMPOS, SOROCABA

TJOR240504
TATIANA MONTEIRO
F
07/04/1995
(25) 15593-1347
GOL
JOR-1721
24/05/19
04:17
080.40
3
COTIA, JUNDIAI, LORENA, RIO DE JANEIRO, SAO JOSE DOS CAMPOS, SAO PAULO, SAO ROQUE
EIYA080712
EVELYN DOS SANTOS
F
22/01/1999
(28) 39024-4543
GOL
IYA-0554
08/07/19
12:42
039.85
3
LORENA, SOROCABA

EYXF250718
EVELYN DOS SANTOS
M
11/01/1994
(07) 31621-1748
CELTA
YXF-4975
25/07/19
18:13
066.61
1
COTIA, JUNDIAI, LORENA, OSASCO, RIO DE JANEIRO, SAO JOSE DOS CAMPOS, SAO PAULO, SOROCABA, TAUBATE

LKKR110910
LETICIA FERNANDES
M
08/07/1994
(27) 57847-5233
UNO
KKR-3778
11/09/19
10:08
106.76
1
COTIA, JUNDIAI, LORENA, OSASCO, RIO DE JANEIRO, SAO JOSE DOS CAMPOS, SAO ROQUE, SOROCABA, TAUBATE

MWXN131022
MATEUS ALVES
M
17/06/1993
(69) 21221-8044
CORSA
WXN-1212
13/10/19
22:38
155.63
1
COTIA, JUNDIAI, LORENA, OSASCO, RIO DE JANEIRO, SAO JOSE DOS CAMPOS, SAO PAULO, SAO ROQUE, TAUBATE

TJOR240504
TATIANA MONTEIRO
F
07/04/1995
(25) 15593-1347
GOL
JOR-1721
24/05/19
04:17
080.40
3
COTIA, JUNDIAI, LORENA, RIO DE JANEIRO, SAO JOSE DOS CAMPOS, SAO PAULO, SAO ROQUE
EYXF250718
EVELYN DOS SANTOS
M
11/01/1994
(07) 31621-1748
CELTA
YXF-4975
25/07/19
18:13
066.61
1
COTIA, JUNDIAI, LORENA, OSASCO, RIO DE JANEIRO, SAO JOSE DOS CAMPOS, SAO PAULO, SOROCABA, TAUBATE

JHCP030807
JULIANA MENDES
F
24/09/1996
(22) 14956-2823
CORSA
HCP-3176
03/08/19
07:39
186.06
4
COTIA, JUNDIAI, OSASCO, RIO DE JANEIRO, SAO JOSE DOS CAMPOS, SAO PAULO, SAO ROQUE, SOROCABA, TAUBATE

LKKR110910
LETICIA FERNANDES
M
08/07/1994
(27) 57847-5233
UNO
KKR-3778
11/09/19
10:08
106.76
1
COTIA, JUNDIAI, LORENA, OSASCO, RIO DE JANEIRO, SAO JOSE DOS CAMPOS, SAO ROQUE, SOROCABA, TAUBATE

MWXN131022
MATEUS ALVES
M
17/06/1993
(69) 21221-8044
CORSA
WXN-1212
13/10/19
22:38
155.63
1
COTIA, JUNDIAI, LORENA, OSASCO, RIO DE JANEIRO, SAO JOSE DOS CAMPOS, SAO PAULO, SAO ROQUE, TAUBATE
AALM230100
ALEXANDRE O GRANDE
M
10/06/1991
(93) 24597-7150
CELTA
ALM-4782
23/01/19
00:16
233.40
1
COTIA, JUNDIAI, RIO DE JANEIRO, SAO PAULO, SAO ROQUE, SOROCABA

AYJH251006
ALEXANDRE O GRANDE
F
19/03/1992
(79) 01707-7035
GOL
YJH-7300
25/10/19
06:48
243.10
4
RIO DE JANEIRO, SAO JOSE DOS CAMPOS, SAO PAULO, SOROCABA

EYXF250718
EVELYN DOS SANTOS
M
11/01/1994
(07) 31621-1748
CELTA
YXF-4975
25/07/19
18:13
066.61
1
COTIA, JUNDIAI, LORENA, OSASCO, RIO DE JANEIRO, SAO JOSE DOS CAMPOS, SAO PAULO, SOROCABA, TAUBATE

JHCP030807
JULIANA MENDES
F
24/09/1996
(22) 14956-2823
CORSA
HCP-3176
03/08/19
07:39
186.06
4
COTIA, JUNDIAI, OSASCO, RIO DE JANEIRO, SAO JOSE DOS CAMPOS, SAO PAULO, SAO ROQUE, SOROCABA, TAUBATE

LKKR110910
LETICIA FERNANDES
M
08/07/1994
(27) 57847-5233
UNO
KKR-3778
11/09/19
10:08
106.76
1
COTIA, JUNDIAI, LORENA, OSASCO, RIO DE JANEIRO, SAO JOSE DOS CAMPOS, SAO ROQUE, SOROCABA, TAUBATE

MWXN131022
MATEUS ALVES
M
17/06/1993
(69) 21221-8044
CORSA
WXN-1212
13/10/19
22:38
155.63
1
COTIA, JUNDIAI, LORENA, OSASCO, RIO DE JANEIRO, SAO JOSE DOS CAMPOS, SAO PAULO, SAO ROQUE, TAUBATE

RTSQ100804
RENATA ARAGAO
F
16/06/1993
(65) 43556-4370
CELTA
TSQ-7461
10/08/19
04:33
086.89
2
COTIA, JUNDIAI, RIO DE JANEIRO, SAO JOSE DOS CAMPOS, SOROCABA

TJOR240504
TATIANA MONTEIRO
F
07/04/1995
(25) 15593-1347
GOL
JOR-1721
24/05/19
04:17
080.40
3
COTIA, JUNDIAI, LORENA, RIO DE JANEIRO, SAO JOSE DOS CAMPOS, SAO PAULO, SAO ROQUE
AYJH251006
ALEXANDRE O GRANDE
F
19/03/1992
(79) 01707-7035
GOL
YJH-7300
25/10/19
06:48
243.10
4
RIO DE JANEIRO, SAO JOSE DOS CAMPOS, SAO PAULO, SOROCABA

EYXF250718
EVELYN DOS SANTOS
M
11/01/1994
(07) 31621-1748
CELTA
YXF-4975
25/07/19
18:13
066.61
1
COTIA, JUNDIAI, LORENA, OSASCO, RIO DE JANEIRO, SAO JOSE DOS CAMPOS, SAO PAULO, SOROCABA, TAUBATE

JHCP030807
JULIANA MENDES
F
24/09/1996
(22) 14956-2823
CORSA
HCP-3176
03/08/19
07:39
186.06
4
COTIA, JUNDIAI, OSASCO, RIO DE JANEIRO, SAO JOSE DOS CAMPOS, SAO PAULO, SAO ROQUE, SOROCABA, TAUBATE

LKKR110910
LETICIA FERNANDES
M
08/07/1994
(27) 57847-5233
UNO
KKR-3778
11/09/19
10:08
106.76
1
COTIA, JUNDIAI, LORENA, OSASCO, RIO DE JANEIRO, SAO JOSE DOS CAMPOS, SAO ROQUE, SOROCABA, TAUBATE

MWXN131022
MATEUS ALVES
M
17/06/1993
(69) 21221-8044
CORSA
WXN-1212
13/10/19
22:38
155.63
1
COTIA, JUNDIAI, LORENA, OSASCO, RIO DE JANEIRO, SAO JOSE DOS CAMPOS, SAO PAULO, SAO ROQUE, TAUBATE

RTSQ100804
RENATA ARAGAO
F
16/06/1993
(65) 43556-4370
CELTA
TSQ-7461
10/08/19
04:33
086.89
2
COTIA, JUNDIAI, RIO DE JANEIRO, SAO JOSE DOS CAMPOS, SOROCABA

TJOR240504
TATIANA MONTEIRO
F
07/04/1995
(25) 15593-1347
GOL
JOR-1721
24/05/19
04:17
080.40
3
COTIA, JUNDIAI, LORENA, RIO DE JANEIRO, SAO JOSE DOS CAMPOS, SAO PAULO, SAO ROQUE
AALM230100
ALEXANDRE O GRANDE
M
10/06/1991
(93) 24597-7150
CELTA
ALM-4782
23/01/19
00:16
233.40
1
COTIA, JUNDIAI, RIO DE JANEIRO, SAO PAULO, SAO ROQUE, SOROCABA

AYJH251006
ALEXANDRE O GRANDE
F
19/03/1992
(79) 01707-7035
GOL
YJH-7300
25/10/19
06:48
243.10
4
RIO DE JANEIRO, SAO JOSE DOS CAMPOS, SAO PAULO, SOROCABA

EYXF250718
EVELYN DOS SANTOS
M
11/01/1994
(07) 31621-1748
CELTA
YXF-4975
25/07/19
18:13
066.61
1
COTIA, JUNDIAI, LORENA, OSASCO, RIO DE JANEIRO, SAO JOSE DOS CAMPOS, SAO PAULO, SOROCABA, TAUBATE

JHCP030807
JULIANA MENDES
F
24/09/1996
(22) 14956-2823
CORSA
HCP-3176
03/08/19
07:39
186.06
4
COTIA, JUNDIAI, OSASCO, RIO DE JANEIRO, SAO JOSE DOS CAMPOS, SAO PAULO, SAO ROQUE, SOROCABA, TAUBATE

MWXN131022
MATEUS ALVES
M
17/06/1993
(69) 21221-8044
CORSA
WXN-1212
13/10/19
22:38
155.63
1
COTIA, JUNDIAI, LORENA, OSASCO, RIO DE JANEIRO, SAO JOSE DOS CAMPOS, SAO PAULO, SAO ROQUE, TAUBATE

TJOR240504
TATIANA MONTEIRO
F
07/04/1995
(25) 15593-1347
GOL
JOR-1721
24/05/19
04:17
080.40
3
COTIA, JUNDIAI, LORENA, RIO DE JANEIRO, SAO JOSE DOS CAMPOS, SAO PAULO, SAO ROQUE
AALM230100
ALEXANDRE O GRANDE
M
10/06/1991
(93) 24597-7150
CELTA
ALM-4782
23/01/19
00:16
233.40
1
COTIA, JUNDIAI, RIO DE JANEIRO, SAO PAULO, SAO ROQUE, SOROCABA

JHCP030807
JULIANA MENDES
F
24/09/1996
(22) 14956-2823
CORSA
HCP-3176
03/08/19
07:39
186.06
4
COTIA, JUNDIAI, OSASCO, RIO DE JANEIRO, SAO JOSE DOS CAMPOS, SAO PAULO, SAO ROQUE, SOROCABA, TAUBATE

LKKR110910
LETICIA FERNANDES
M
08/07/1994
(27) 57847-5233
UNO
KKR-3778
11/09/19
10:08
106.76
1
COTIA, JUNDIAI, LORENA, OSASCO, RIO DE JANEIRO, SAO JOSE DOS CAMPOS, SAO ROQUE, SOROCABA, TAUBATE

MWXN131022
MATEUS ALVES
M
17/06/1993
(69) 21221-8044
CORSA
WXN-1212
13/10/19
22:38
155.63
1
COTIA, JUNDIAI, LORENA, OSASCO, RIO DE JANEIRO, SAO JOSE DOS CAMPOS, SAO PAULO, SAO ROQUE, TAUBATE

TJOR240504
TATIANA MONTEIRO
F
07/04/1995
(25) 15593-1347
GOL
JOR-1721
24/05/19
04:17
080.40
3
COTIA, JUNDIAI, LORENA, RIO DE JANEIRO, SAO JOSE DOS CAMPOS, SAO PAULO, SAO ROQUE
AALM230100
ALEXANDRE O GRANDE
M
10/06/1991
(93) 24597-7150
CELTA
ALM-4782
23/01/19
00:16
233.40
1
COTIA, JUNDIAI, RIO DE JANEIRO, SAO PAULO, SAO ROQUE, SOROCABA

AYJH251006
ALEXANDRE O GRANDE
F
19/03/1992
(79) 01707-7035
GOL
YJH-7300
25/10/19
06:48
243.10
4
RIO DE JANEIRO, SAO JOSE DOS CAMPOS, SAO PAULO, SOROCABA

EIYA080712
EVELYN DOS SANTOS
F
22/01/1999
(28) 39024-4543
GOL
IYA-0554
08/07/19
12:42
039.85
3
LORENA, SOROCABA

EYXF250718
EVELYN DOS SANTOS
M
11/01/1994
(07) 31621-1748
CELTA
YXF-4975
25/07/19
18:13
066.61
1
COTIA, JUNDIAI, LORENA, OSASCO, RIO DE JANEIRO, SAO JOSE DOS CAMPOS, SAO PAULO, SOROCABA, TAUBATE

JHCP030807
JULIANA MENDES
F
24/09/1996
(22) 14956-2823
CORSA
HCP-3176
03/08/19
07:39
186.06
4
COTIA, JUNDIAI, OSASCO, RIO DE JANEIRO, SAO JOSE DOS CAMPOS, SAO PAULO, SAO ROQUE, SOROCABA, TAUBATE

LKKR110910
LETICIA FERNANDES
M
08/07/1994
(27) 57847-5233
UNO
KKR-3778
11/09/19
10:08
106.76
1
COTIA, JUNDIAI, LORENA, OSASCO, RIO DE JANEIRO, SAO JOSE DOS CAMPOS, SAO ROQUE, SOROCABA, TAUBATE

RTSQ100804
RENATA ARAGAO
F
16/06/1993
(65) 43556-4370
CELTA
TSQ-7461
10/08/19
04:33
086.89
2
COTIA, JUNDIAI, RIO DE JANEIRO, SAO JOSE DOS CAMPOS, SOROCABA
EYXF250718
EVELYN DOS SANTOS
M
11/01/1994
(07) 31621-1748
CELTA
YXF-4975
25/07/19
18:13
066.61
1
COTIA, JUNDIAI, LORENA, OSASCO, RIO DE JANEIRO, SAO JOSE DOS CAMPOS, SAO PAULO, SOROCABA, TAUBATE

JHCP030807
JULIANA MENDES
F
24/09/1996
(22) 14956-2823
CORSA
HCP-3176
03/08/19
07:39
186.06
4
COTIA, JUNDIAI, OSASCO, RIO DE JANEIRO, SAO JOSE DOS CAMPOS, SAO PAULO, SAO ROQUE, SOROCABA, TAUBATE

LKKR110910
LETICIA FERNANDES
M
08/07/1994
(27) 57847-5233
UNO
KKR-3778
11/09/19
10:08
106.76
1
COTIA, JUNDIAI, LORENA, OSASCO, RIO DE JANEIRO, SAO JOSE DOS CAMPOS, SAO ROQUE, SOROCABA, TAUBATE

MWXN131022
MATEUS ALVES
M
17/06/1993
(69) 21221-8044
CORSA
WXN-1212
13/10/19
22:38
155.63
1
COTIA, JUNDIAI, LORENA, OSASCO, RIO DE JANEIRO, SAO JOSE DOS CAMPOS, SAO PAULO, SAO ROQUE, TAUBATE
**********************LISTAR**********************
AALM230100
ALEXANDRE O GRANDE
M
10/06/1991
(93) 24597-7150
CELTA
ALM-4782
23/01/19
00:16
233.40
1
COTIA, JUNDIAI, RIO DE JANEIRO, SAO PAULO, SAO ROQUE, SOROCABA

TJOR240504
TATIANA MONTEIRO
F
07/04/1995
(25) 15593-1347
GOL
JOR-1721
24/05/19
04:17
080.40
3
COTIA, JUNDIAI, LORENA, RIO DE JANEIRO, SAO JOSE DOS CAMPOS, SAO PAULO, SAO ROQUE

EIYA080712
EVELYN DOS SANTOS
F
22/01/1999
(28) 39024-4543
GOL
IYA-0554
08/07/19
12:42
039.85
3
LORENA, SOROCABA

EYXF250718
EVELYN DOS SANTOS
M
11/01/1994
(07) 31621-1748
CELTA
YXF-4975
25/07/19
18:13
066.61
1
COTIA, JUNDIAI, LORENA, OSASCO, RIO DE JANEIRO, SAO JOSE DOS CAMPOS, SAO PAULO, SOROCABA, TAUBATE

JHCP030807
JULIANA MENDES
F
24/09/1996
(22) 14956-2823
CORSA
HCP-3176
03/08/19
07:39
186.06
4
COTIA, JUNDIAI, OSASCO, RIO DE JANEIRO, SAO JOSE DOS CAMPOS, SAO PAULO, SAO ROQUE, SOROCABA, TAUBATE

RTSQ100804
RENATA ARAGAO
F
16/06/1993
(65) 43556-4370
CELTA
TSQ-7461
10/08/19
04:33
086.89
2
COTIA, JUNDIAI, RIO DE JANEIRO, SAO JOSE DOS CAMPOS, SOROCABA

LKKR110910
LETICIA FERNANDES
M
08/07/1994
(27) 57847-5233
UNO
KKR-3778
11/09/19
10:08
106.76
1
COTIA, JUNDIAI, LORENA, OSASCO, RIO DE JANEIRO, SAO JOSE DOS CAMPOS, SAO ROQUE, SOROCABA, TAUBATE

MWXN131022
MATEUS ALVES
M
17/06/1993
(69) 21221-8044
CORSA
WXN-1212
13/10/19
22:38
155.63
1
COTIA, JUNDIAI, LORENA, OSASCO, RIO DE JANEIRO, SAO JOSE DOS CAMPOS, SAO PAULO, SAO ROQUE, TAUBATE

AYJH251006
ALEXANDRE O GRANDE
F
19/03/1992
(79) 01707-7035
GOL
YJH-7300
25/10/19
06:48
243.10
4
RIO DE JANEIRO, SAO JOSE DOS CAMPOS, SAO PAULO, SOROCABA
**********************ARQUIVO*********************
TATIANA MONTEIRO@F@07/04/1995@(25) 15593-1347@GOL@JOR-1721@COTIA|JUNDIAI|LORENA|RIO DE JANEIRO|SAO JOSE DOS CAMPOS|SAO PAULO|SAO ROQUE@24/05/19@04:17@080.40@3@#################################################################################################MATEUS ALVES@M@17/06/1993@(69) 21221-8044@CORSA@WXN-1212@COTIA|JUNDIAI|LORENA|OSASCO|RIO DE JANEIRO|SAO JOSE DOS CAMPOS|SAO PAULO|SAO ROQUE|TAUBATE@13/10/19@22:38@155.63@1@####################################################################################RENATA ARAGAO@F@16/06/1993@(65) 43556-4370@CELTA@TSQ-7461@COTIA|JUNDIAI|RIO DE JANEIRO|SAO JOSE DOS CAMPOS|SOROCABA@10/08/19@04:33@086.89@2@####################################################################################################################EVELYN DOS SANTOS@F@22/01/1999@(28) 39024-4543@GOL@IYA-0554@LORENA|SOROCABA@08/07/19@12:42@039.85@3@############################################################################################################################################################LETICIA FERNANDES@M@08/07/1994@(27) 57847-5233@UNO@KKR-3778@COTIA|JUNDIAI|LORENA|OSASCO|RIO DE JANEIRO|SAO JOSE DOS CAMPOS|SAO ROQUE|SOROCABA|TAUBATE@11/09/19@10:08@106.76@1@##################################################################################ALEXANDRE O GRANDE@F@19/03/1992@(79) 01707-7035@GOL@YJH-7300@RIO DE JANEIRO|SAO JOSE DOS CAMPOS|SAO PAULO|SOROCABA@25/10/19@06:48@243.10@4@#####################################################################################################################JULIANA MENDES@F@24/09/1996@(22) 14956-2823@CORSA@HCP-3176@COTIA|JUNDIAI|OSASCO|RIO DE JANEIRO|SAO JOSE DOS CAMPOS|SAO PAULO|SAO ROQUE|SOROCABA|TAUBATE@03/08/19@07:39@186.06@4@################################################################################EVELYN DOS SANTOS@M@11/01/1994@(07) 31621-1748@CELTA@YXF-4975@COTIA|JUNDIAI|LORENA|OSASCO|RIO DE JANEIRO|SAO JOSE DOS CAMPOS|SAO PAULO|SOROCABA|TAUBATE@25/07/19@18:13@066.61@1@################################################################################ALEXANDRE O GRANDE@M@10/06/1991@(93) 24597-7150@CELTA@ALM-4782@COTIA|JUNDIAI|RIO DE JANEIRO|SAO PAULO|SAO ROQUE|SOROCABA@23/01/19@00:16@233.40@1@###############################################################################################################FELIPE COUTINHO@M@16/07/1993@(00) 15813-8436@COROLLA@MAZ-5514@OSASCO|SAO JOSE DOS CAMPOS@08/04/19@12:42@010.39@3@###############################################################################################################################################
**********************ARQUIVO*********************
TATIANA MONTEIRO@F@07/04/1995@(25) 15593-1347@GOL@JOR-1721@COTIA|JUNDIAI|LORENA|RIO DE JANEIRO|SAO JOSE DOS CAMPOS|SAO PAULO|SAO ROQUE@24/05/19@04:17@080.40@3@#################################################################################################MATEUS ALVES@M@17/06/1993@(69) 21221-8044@CORSA@WXN-1212@COTIA|JUNDIAI|LORENA|OSASCO|RIO DE JANEIRO|SAO JOSE DOS CAMPOS|SAO PAULO|SAO ROQUE|TAUBATE@13/10/19@22:38@155.63@1@####################################################################################RENATA ARAGAO@F@16/06/1993@(65) 43556-4370@CELTA@TSQ-7461@COTIA|JUNDIAI|RIO DE JANEIRO|SAO JOSE DOS CAMPOS|SOROCABA@10/08/19@04:33@086.89@2@####################################################################################################################EVELYN DOS SANTOS@F@22/01/1999@(28) 39024-4543@GOL@IYA-0554@LORENA|SOROCABA@08/07/19@12:42@039.85@3@############################################################################################################################################################LETICIA FERNANDES@M@08/07/1994@(27) 57847-5233@UNO@KKR-3778@COTIA|JUNDIAI|LORENA|OSASCO|RIO DE JANEIRO|SAO JOSE DOS CAMPOS|SAO ROQUE|SOROCABA|TAUBATE@11/09/19@10:08@106.76@1@##################################################################################ALEXANDRE O GRANDE@F@19/03/1992@(79) 01707-7035@GOL@YJH-7300@RIO DE JANEIRO|SAO JOSE DOS CAMPOS|SAO PAULO|SOROCABA@25/10/19@06:48@243.10@4@#####################################################################################################################JULIANA MENDES@F@24/09/1996@(22) 14956-2823@CORSA@HCP-3176@COTIA|JUNDIAI|OSASCO|RIO DE JANEIRO|SAO JOSE DOS CAMPOS|SAO PAULO|SAO ROQUE|SOROCABA|TAUBATE@03/08/19@07:39@186.06@4@################################################################################EVELYN DOS SANTOS@M@11/01/1994@(07) 31621-1748@CELTA@YXF-4975@COTIA|JUNDIAI|LORENA|OSASCO|RIO DE JANEIRO|SAO JOSE DOS CAMPOS|SAO PAULO|SOROCABA|TAUBATE@25/07/19@18:13@066.61@1@################################################################################ALEXANDRE O GRANDE@M@10/06/1991@(93) 24597-7150@CELTA@ALM-4782@COTIA|JUNDIAI|RIO DE JANEIRO|SAO PAULO|SAO ROQUE|SOROCABA@23/01/19@00:16@233.40@1@###############################################################################################################FELIPE COUTINHO@M@16/07/1993@(00) 15813-8436@COROLLA@MAZ-5514@OSASCO|SAO JOSE DOS CAMPOS@08/04/19@12:42@010.39@3@###############################################################################################################################################
**********************LISTAR**********************
AALM230100
ALEXANDRE O GRANDE
M
10/06/1991
(93) 24597-7150
CELTA
ALM-4782
23/01/19
00:16
233.40
1
COTIA, JUNDIAI, RIO DE JANEIRO, SAO PAULO, SAO ROQUE, SOROCABA

AYJH251006
ALEXANDRE O GRANDE
F
19/03/1992
(79) 01707-7035
GOL
YJH-7300
25/10/19
06:48
243.10
4
RIO DE JANEIRO, SAO JOSE DOS CAMPOS, SAO PAULO, SOROCABA

EIYA080712
EVELYN DOS SANTOS
F
22/01/1999
(28) 39024-4543
GOL
IYA-0554
08/07/19
12:42
039.85
3
LORENA, SOROCABA

EYXF250718
EVELYN DOS SANTOS
M
11/01/1994
(07) 31621-1748
CELTA
YXF-4975
25/07/19
18:13
066.61
1
COTIA, JUNDIAI, LORENA, OSASCO, RIO DE JANEIRO, SAO JOSE DOS CAMPOS, SAO PAULO, SOROCABA, TAUBATE

FMAZ080412
FELIPE COUTINHO
M
16/07/1993
(00) 15813-8436
COROLLA
MAZ-5514
08/04/19
12:42
010.39
3
OSASCO, SAO JOSE DOS CAMPOS

JHCP030807
JULIANA MENDES
F
24/09/1996
(22) 14956-2823
CORSA
HCP-3176
03/08/19
07:39
186.06
4
COTIA, JUNDIAI, OSASCO, RIO DE JANEIRO, SAO JOSE DOS CAMPOS, SAO PAULO, SAO ROQUE, SOROCABA, TAUBATE

LKKR110910
LETICIA FERNANDES
M
08/07/1994
(27) 57847-5233
UNO
KKR-3778
11/09/19
10:08
106.76
1
COTIA, JUNDIAI, LORENA, OSASCO, RIO DE JANEIRO, SAO JOSE DOS CAMPOS, SAO ROQUE, SOROCABA, TAUBATE

MWXN131022
MATEUS ALVES
M
17/06/1993
(69) 21221-8044
CORSA
WXN-1212
13/10/19
22:38
155.63
1
COTIA, JUNDIAI, LORENA, OSASCO, RIO DE JANEIRO, SAO JOSE DOS CAMPOS, SAO PAULO, SAO ROQUE, TAUBATE

RTSQ100804
RENATA ARAGAO
F
16/06/1993
(65) 43556-4370
CELTA
TSQ-7461
10/08/19
04:33
086.89
2
COTIA, JUNDIAI, RIO DE JANEIRO, SAO JOSE DOS CAMPOS, SOROCABA

TJOR240504
TATIANA MONTEIRO
F
07/04/1995
(25) 15593-1347
GOL
JOR-1721
24/05/19
04:17
080.40
3
COTIA, JUNDIAI, LORENA, RIO DE JANEIRO, SAO JOSE DOS CAMPOS, SAO PAULO, SAO ROQUE
**********************ARQUIVO*********************
TATIANA MONTEIRO@F@07/04/1995@(25) 15593-1347@GOL@JOR-1721@COTIA|JUNDIAI|LORENA|RIO DE JANEIRO|SAO JOSE DOS CAMPOS|SAO PAULO|SAO ROQUE@24/05/19@04:17@080.40@3@#################################################################################################MATEUS ALVES@M@17/06/1993@(69) 21221-8044@CORSA@WXN-1212@COTIA|JUNDIAI|LORENA|OSASCO|RIO DE JANEIRO|SAO JOSE DOS CAMPOS|SAO PAULO|SAO ROQUE|TAUBATE@13/10/19@22:38@155.63@1@####################################################################################RENATA ARAGAO@F@16/06/1993@(65) 43556-4370@CELTA@TSQ-7461@COTIA|JUNDIAI|RIO DE JANEIRO|SAO JOSE DOS CAMPOS|SOROCABA@10/08/19@04:33@086.89@2@####################################################################################################################EVELYN DOS SANTOS@F@22/01/1999@(28) 39024-4543@GOL@IYA-0554@LORENA|SOROCABA@08/07/19@12:42@039.85@3@############################################################################################################################################################LETICIA FERNANDES@M@08/07/1994@(27) 57847-5233@UNO@KKR-3778@COTIA|JUNDIAI|LORENA|OSASCO|RIO DE JANEIRO|SAO JOSE DOS CAMPOS|SAO ROQUE|SOROCABA|TAUBATE@11/09/19@10:08@106.76@1@##################################################################################ALEXANDRE O GRANDE@F@19/03/1992@(79) 01707-7035@GOL@YJH-7300@RIO DE JANEIRO|SAO JOSE DOS CAMPOS|SAO PAULO|SOROCABA@25/10/19@06:48@243.10@4@#####################################################################################################################JULIANA MENDES@F@24/09/1996@(22) 14956-2823@CORSA@HCP-3176@COTIA|JUNDIAI|OSASCO|RIO DE JANEIRO|SAO JOSE DOS CAMPOS|SAO PAULO|SAO ROQUE|SOROCABA|TAUBATE@03/08/19@07:39@186.06@4@################################################################################EVELYN DOS SANTOS@M@11/01/1994@(07) 31621-1748@CELTA@YXF-4975@COTIA|JUNDIAI|LORENA|OSASCO|RIO DE JANEIRO|SAO JOSE DOS CAMPOS|SAO PAULO|SOROCABA|TAUBATE@25/07/19@18:13@066.61@1@################################################################################ALEXANDRE O GRANDE@M@10/06/1991@(93) 24597-7150@CELTA@ALM-4782@COTIA|JUNDIAI|RIO DE JANEIRO|SAO PAULO|SAO ROQUE|SOROCABA@23/01/19@00:16@233.40@1@###############################################################################################################FELIPE COUTINHO@M@16/07/1993@(00) 15813-8436@COROLLA@MAZ-5514@OSASCO|SAO JOSE DOS CAMPOS@08/04/19@12:42@010.39@3@###############################################################################################################################################RENATA ARAGAO@F@16/02/1998@(85) 70151-3111@FOX@RZV-0883@JUNDIAI|LORENA|SAO JOSE DOS CAMPOS|SAO ROQUE|TAUBATE@16/11/19@11:60@098.79@4@###########################################################################################################################ALEXANDRE O CHEGA NE@M@11/10/1989@(96) 40637-5799@FIT@OOJ-6566@JUNDIAI|SAO PAULO@06/05/19@17:16@105.48@1@#######################################################################################################################################################
**********************ARQUIVO*********************
TATIANA MONTEIRO@F@07/04/1995@(25) 15593-1347@GOL@JOR-1721@COTIA|JUNDIAI|LORENA|RIO DE JANEIRO|SAO JOSE DOS CAMPOS|SAO PAULO|SAO ROQUE@24/05/19@04:17@080.40@3@#################################################################################################MATEUS ALVES@M@17/06/1993@(69) 21221-8044@CORSA@WXN-1212@COTIA|JUNDIAI|LORENA|OSASCO|RIO DE JANEIRO|SAO JOSE DOS CAMPOS|SAO PAULO|SAO ROQUE|TAUBATE@13/10/19@22:38@155.63@1@####################################################################################RENATA ARAGAO@F@16/06/1993@(65) 43556-4370@CELTA@TSQ-7461@COTIA|JUNDIAI|RIO DE JANEIRO|SAO JOSE DOS CAMPOS|SOROCABA@10/08/19@04:33@086.89@2@####################################################################################################################EVELYN DOS SANTOS@F@22/01/1999@(28) 39024-4543@GOL@IYA-0554@LORENA|SOROCABA@08/07/19@12:42@039.85@3@############################################################################################################################################################LETICIA FERNANDES@M@08/07/1994@(27) 57847-5233@UNO@KKR-3778@COTIA|JUNDIAI|LORENA|OSASCO|RIO DE JANEIRO|SAO JOSE DOS CAMPOS|SAO ROQUE|SOROCABA|TAUBATE@11/09/19@10:08@106.76@1@##################################################################################ALEXANDRE O GRANDE@F@19/03/1992@(79) 01707-7035@GOL@YJH-7300@RIO DE JANEIRO|SAO JOSE DOS CAMPOS|SAO PAULO|SOROCABA@25/10/19@06:48@243.10@4@#####################################################################################################################JULIANA MENDES@F@24/09/1996@(22) 14956-2823@CORSA@HCP-3176@COTIA|JUNDIAI|OSASCO|RIO DE JANEIRO|SAO JOSE DOS CAMPOS|SAO PAULO|SAO ROQUE|SOROCABA|TAUBATE@03/08/19@07:39@186.06@4@################################################################################EVELYN DOS SANTOS@M@11/01/1994@(07) 31621-1748@CELTA@YXF-4975@COTIA|JUNDIAI|LORENA|OSASCO|RIO DE JANEIRO|SAO JOSE DOS CAMPOS|SAO PAULO|SOROCABA|TAUBATE@25/07/19@18:13@066.61@1@################################################################################ALEXANDRE O GRANDE@M@10/06/1991@(93) 24597-7150@CELTA@ALM-4782@COTIA|JUNDIAI|RIO DE JANEIRO|SAO PAULO|SAO ROQUE|SOROCABA@23/01/19@00:16@233.40@1@###############################################################################################################FELIPE COUTINHO@M@16/07/1993@(00) 15813-8436@COROLLA@MAZ-5514@OSASCO|SAO JOSE DOS CAMPOS@08/04/19@12:42@010.39@3@###############################################################################################################################################RENATA ARAGAO@F@16/02/1998@(85) 70151-3111@FOX@RZV-0883@JUNDIAI|LORENA|SAO JOSE DOS CAMPOS|SAO ROQUE|TAUBATE@16/11/19@11:60@098.79@4@###########################################################################################################################ALEXANDRE O CHEGA NE@M@11/10/1989@(96) 40637-5799@FIT@OOJ-6566@JUNDIAI|SAO PAULO@06/05/19@17:16@105.48@1@#######################################################################################################################################################SABRINA SATO@F@21/10/1992@(46) 52827-1171@GOL@CTV-8028@COTIA|JUNDIAI|LORENA|OSASCO|SAO JOSE DOS CAMPOS|SAO PAULO|SAO ROQUE@23/10/19@16:28@009.60@2@#############################################################################################################
*****************ARQUIVO SECUNDARIO****************
AALM230100 23/01/19
FMAZ080412 08/04/19
AOOJ060517 06/05/19
TJOR240504 24/05/19
EIYA080712 08/07/19
EYXF250718 25/07/19
JHCP030807 03/08/19
RTSQ100804 10/08/19
LKKR110910 11/09/19
MWXN131022 13/10/19
SCTV231016 23/10/19
AYJH251006 25/10/19
RRZV161111 16/11/19
**********************BUSCAR**********************
AALM230100
ALEXANDRE O GRANDE
M
10/06/1991
(93) 24597-7150
CELTA
ALM-4782
23/01/19
00:16
233.40
1
COTIA, JUNDIAI, RIO DE JANEIRO, SAO PAULO, SAO ROQUE, SOROCABA

JHCP030807
JULIANA MENDES
F
24/09/1996
(22) 14956-2823
CORSA
HCP-3176
03/08/19
07:39
186.06
4
COTIA, JUNDIAI, OSASCO, RIO DE JANEIRO, SAO JOSE DOS CAMPOS, SAO PAULO, SAO ROQUE, SOROCABA, TAUBATE

JMKO060422
JULIANA MENDES
M
07/11/1991
(25) 06137-8932
COROLLA
MKO-2515
06/04/19
22:19
041.82
4
COTIA, JUNDIAI, LORENA, OSASCO, RIO DE JANEIRO, SAO JOSE DOS CAMPOS, SAO PAULO, SAO ROQUE, SOROCABA, TAUBATE

LKKR110910
LETICIA FERNANDES
M
08/07/1994
(27) 57847-5233
UNO
KKR-3778
11/09/19
10:08
106.76
1
COTIA, JUNDIAI, LORENA, OSASCO, RIO DE JANEIRO, SAO JOSE DOS CAMPOS, SAO ROQUE, SOROCABA, TAUBATE

MWXN131022
MATEUS ALVES
M
17/06/1993
(69) 21221-8044
CORSA
WXN-1212
13/10/19
22:38
155.63
1
COTIA, JUNDIAI, LORENA, OSASCO, RIO DE JANEIRO, SAO JOSE DOS CAMPOS, SAO PAULO, SAO ROQUE, TAUBATE

RRZV161111
RENATA ARAGAO
F
16/02/1998
(85) 70151-3111
FOX
RZV-0883
16/11/19
11:60
098.79
4
JUNDIAI, LORENA, SAO JOSE DOS CAMPOS, SAO ROQUE, TAUBATE

SCTV231016
SABRINA SATO
F
21/10/1992
(46) 52827-1171
GOL
CTV-8028
23/10/19
16:28
009.60
2
COTIA, JUNDIAI, LORENA, OSASCO, SAO JOSE DOS CAMPOS, SAO PAULO, SAO ROQUE

TJOR240504
TATIANA MONTEIRO
F
07/04/1995
(25) 15593-1347
GOL
JOR-1721
24/05/19
04:17
080.40
3
COTIA, JUNDIAI, LORENA, RIO DE JANEIRO, SAO JOSE DOS CAMPOS, SAO PAULO, SAO ROQUE
*****************ARQUIVO SECUNDARIO****************
AALM230100 00:16
TJOR240504 04:17
RTSQ100804 04:33
AYJH251006 06:48
JHCP030807 07:39
LKKR110910 10:08
RRZV161111 11:60
EIYA080712 12:42
FMAZ080412 12:42
SCTV231016 16:28
AOOJ060517 17:16
EYXF250718 18:13
JMKO060422 22:19
MWXN131022 22:38
*****************ARQUIVO SECUNDARIO****************
COTIA AALM230100 EYXF250718 JHCP030807 JMKO060422 LKKR110910 MWXN131022 RTSQ100804 SCTV231016 TJOR240504
JUNDIAI AALM230100 AOOJ060517 EYXF250718 JHCP030807 JMKO060422 LKKR110910 MWXN131022 RRZV161111 RTSQ100804 SCTV231016 TJOR240504
LORENA EIYA080712 EYXF250718 JMKO060422 LKKR110910 MWXN131022 RRZV161111 SCTV231016 TJOR240504
OSASCO EYXF250718 FMAZ080412 JHCP030807 JMKO060422 LKKR110910 MWXN131022 SCTV231016
RIO DE JANEIRO AALM230100 AYJH251006 EYXF250718 JHCP030807 JMKO060422 LKKR110910 MWXN131022 RTSQ100804 TJOR240504
SAO JOSE DOS CAMPOS AYJH251006 EYXF250718 FMAZ080412 JHCP030807 JMKO060422 LKKR110910 MWXN131022 RRZV161111 RTSQ100804 SCTV231016 TJOR240504
SAO PAULO AALM230100 AOOJ060517 AYJH251006 EYXF250718 JHCP030807 JMKO060422 MWXN131022 SCTV231016 TJOR240504
SAO ROQUE AALM230100 JHCP030807 JMKO060422 LKKR110910 MWXN131022 RRZV161111 SCTV231016 TJOR240504
SOROCABA AALM230100 AYJH251006 EIYA080712 EYXF250718 JHCP030807 JMKO060422 LKKR110910 RTSQ100804
TAUBATE EYXF250718 JHCP030807 JMKO060422 LKKR110910 MWXN131022 RRZV161111
**********************ARQUIVO*********************
TATIANA MONTEIRO@F@07/04/1995@(25) 15593-1347@GOL@JOR-1721@COTIA|JUNDIAI|LORENA|RIO DE JANEIRO|SAO JOSE DOS CAMPOS|SAO PAULO|SAO ROQUE@24/05/19@04:17@080.40@3@#################################################################################################MATEUS ALVES@M@17/06/1993@(69) 21221-8044@CORSA@WXN-1212@COTIA|JUNDIAI|LORENA|OSASCO|RIO DE JANEIRO|SAO JOSE DOS CAMPOS|SAO PAULO|SAO ROQUE|TAUBATE@13/10/19@22:38@155.63@1@####################################################################################RENATA ARAGAO@F@16/06/1993@(65) 43556-4370@CELTA@TSQ-7461@COTIA|JUNDIAI|RIO DE JANEIRO|SAO JOSE DOS CAMPOS|SOROCABA@10/08/19@04:33@086.89@2@####################################################################################################################EVELYN DOS SANTOS@F@22/01/1999@(28) 39024-4543@GOL@IYA-0554@LORENA|SOROCABA@08/07/19@12:42@039.85@3@############################################################################################################################################################LETICIA FERNANDES@M@08/07/1994@(27) 57847-5233@UNO@KKR-3778@COTIA|JUNDIAI|LORENA|OSASCO|RIO DE JANEIRO|SAO JOSE DOS CAMPOS|SAO ROQUE|SOROCABA|TAUBATE@11/09/19@10:08@106.76@1@##################################################################################ALEXANDRE O GRANDE@F@19/03/1992@(79) 01707-7035@GOL@YJH-7300@RIO DE JANEIRO|SAO JOSE DOS CAMPOS|SAO PAULO|SOROCABA@25/10/19@06:48@243.10@4@#####################################################################################################################JULIANA MENDES@F@24/09/1996@(22) 14956-2823@CORSA@HCP-3176@COTIA|JUNDIAI|OSASCO|RIO DE JANEIRO|SAO JOSE DOS CAMPOS|SAO PAULO|SAO ROQUE|SOROCABA|TAUBATE@03/08/19@07:39@186.06@4@################################################################################EVELYN DOS SANTOS@M@11/01/1994@(07) 31621-1748@CELTA@YXF-4975@COTIA|JUNDIAI|LORENA|OSASCO|RIO DE JANEIRO|SAO JOSE DOS CAMPOS|SAO PAULO|SOROCABA|TAUBATE@25/07/19@18:13@066.61@1@################################################################################ALEXANDRE O GRANDE@M@10/06/1991@(93) 24597-7150@CELTA@ALM-4782@COTIA|JUNDIAI|RIO DE JANEIRO|SAO PAULO|SAO ROQUE|SOROCABA@23/01/19@00:16@233.40@1@###############################################################################################################FELIPE COUTINHO@M@16/07/1993@(00) 15813-8436@COROLLA@MAZ-5514@OSASCO|SAO JOSE DOS CAMPOS@08/04/19@12:42@010.39@3@###############################################################################################################################################RENATA ARAGAO@F@16/02/1998@(85) 70151-3111@FOX@RZV-0883@JUNDIAI|LORENA|SAO JOSE DOS CAMPOS|SAO ROQUE|TAUBATE@16/11/19@11:60@098.79@4@###########################################################################################################################ALEXANDRE O CHEGA NE@M@11/10/1989@(96) 40637-5799@FIT@OOJ-6566@JUNDIAI|SAO PAULO@06/05/19@17:16@105.48@1@#######################################################################################################################################################SABRINA SATO@F@21/10/1992@(46) 52827-1171@GOL@CTV-8028@COTIA|JUNDIAI|LORENA|OSASCO|SAO JOSE DOS CAMPOS|SAO PAULO|SAO ROQUE@23/10/19@16:28@009.60@2@#############################################################################################################JULIANA MENDES@M@07/11/1991@(25) 06137-8932@COROLLA@MKO-2515@COTIA|JUNDIAI|LORENA|OSASCO|RIO DE JANEIRO|SAO JOSE DOS CAMPOS|SAO PAULO|SAO ROQUE|SOROCABA|TAUBATE@06/04/19@22:19@041.82@4@#######################################################################
