**********************ARQUIVO*********************
Arquivo vazio!
*****************ARQUIVO SECUNDARIO****************
Arquivo vazio!
**********************ARQUIVO*********************
LETICIA CARRARA@F@14/11/1995@(56) 45321-5392@GOL@TBL-7434@COTIA|LORENA|SAO JOSE DOS CAMPOS|SOROCABA|TAUBATE@26/05/19@06:60@074.29@4@############################################################################################################################
*****************ARQUIVO SECUNDARIO****************
COTIA LTBL260506
LORENA LTBL260506 PDZO060921
OSASCO PDZO060921
SAO JOSE DOS CAMPOS LTBL260506
SAO PAULO PDZO060921
SAO ROQUE PDZO060921
SOROCABA LTBL260506
TAUBATE LTBL260506 PDZO060921
**********************BUSCAR**********************
PDZO060921
PABLO ESCOBAR
F
05/06/1994
(40) 09304-5903
UNO
DZO-3983
06/09/19
21:10
099.78
4
LORENA, OSASCO, SAO PAULO, SAO ROQUE, TAUBATE
**********************ARQUIVO*********************
LETICIA CARRARA@F@14/11/1995@(56) 45321-5392@GOL@TBL-7434@COTIA|LORENA|SAO JOSE DOS CAMPOS|SOROCABA|TAUBATE@26/05/19@06:60@074.29@4@############################################################################################################################PABLO ESCOBAR@F@05/06/1994@(40) 09304-5903@UNO@DZO-3983@LORENA|OSASCO|SAO PAULO|SAO ROQUE|TAUBATE@06/09/19@21:10@099.78@4@######################################################################################################################################
*****************ARQUIVO SECUNDARIO****************
COTIA LTBL260506
LORENA LTBL260506 PDZO060921
OSASCO PDZO060921
SAO JOSE DOS CAMPOS LTBL260506
SAO PAULO PDZO060921
SAO ROQUE PDZO060921
SOROCABA LTBL260506
TAUBATE LTBL260506 PDZO060921
**********************ARQUIVO*********************
LETICIA CARRARA@F@14/11/1995@(56) 45321-5392@GOL@TBL-7434@COTIA|LORENA|SAO JOSE DOS CAMPOS|SOROCABA|TAUBATE@26/05/19@06:60@074.29@4@############################################################################################################################PABLO ESCOBAR@F@05/06/1994@(40) 09304-5903@UNO@DZO-3983@LORENA|OSASCO|SAO PAULO|SAO ROQUE|TAUBATE@06/09/19@21:10@099.78@4@######################################################################################################################################
**********************LISTAR**********************
LTBL260506
LETICIA CARRARA
F
14/11/1995
(56) 45321-5392
GOL
TBL-7434
26/05/19
06:60
074.29
4
COTIA, LORENA, SAO JOSE DOS CAMPOS, SOROCABA, TAUBATE

LTBL260506
LETICIA CARRARA
F
14/11/1995
(56) 45321-5392
GOL
TBL-7434
26/05/19
06:60
074.29
4
COTIA, LORENA, SAO JOSE DOS CAMPOS, SOROCABA, TAUBATE

PDZO060921
PABLO ESCOBAR
F
05/06/1994
(40) 09304-5903
UNO
DZO-3983
06/09/19
21:10
099.78
4
LORENA, OSASCO, SAO PAULO, SAO ROQUE, TAUBATE

PDZO060921
PABLO ESCOBAR
F
05/06/1994
(40) 09304-5903
UNO
DZO-3983
06/09/19
21:10
099.78
4
LORENA, OSASCO, SAO PAULO, SAO ROQUE, TAUBATE

LTBL260506
LETICIA CARRARA
F
14/11/1995
(56) 45321-5392
GOL
TBL-7434
26/05/19
06:60
074.29
4
COTIA, LORENA, SAO JOSE DOS CAMPOS, SOROCABA, TAUBATE

PDZO060921
PABLO ESCOBAR
F
05/06/1994
(40) 09304-5903
UNO
DZO-3983
06/09/19
21:10
099.78
4
LORENA, OSASCO, SAO PAULO, SAO ROQUE, TAUBATE

PDZO060921
PABLO ESCOBAR
F
05/06/1994
(40) 09304-5903
UNO
DZO-3983
06/09/19
21:10
099.78
4
LORENA, OSASCO, SAO PAULO, SAO ROQUE, TAUBATE

LTBL260506
LETICIA CARRARA
F
14/11/1995
(56) 45321-5392
GOL
TBL-7434
26/05/19
06:60
074.29
4
COTIA, LORENA, SAO JOSE DOS CAMPOS, SOROCABA, TAUBATE

LTBL260506
LETICIA CARRARA
F
14/11/1995
(56) 45321-5392
GOL
TBL-7434
26/05/19
06:60
074.29
4
COTIA, LORENA, SAO JOSE DOS CAMPOS, SOROCABA, TAUBATE

PDZO060921
PABLO ESCOBAR
F
05/06/1994
(40) 09304-5903
UNO
DZO-3983
06/09/19
21:10
099.78
4
LORENA, OSASCO, SAO PAULO, SAO ROQUE, TAUBATE
**********************ARQUIVO*********************
LETICIA CARRARA@F@14/11/1995@(56) 45321-5392@GOL@TBL-7434@COTIA|LORENA|SAO JOSE DOS CAMPOS|SOROCABA|TAUBATE@26/05/19@06:60@074.29@4@############################################################################################################################PABLO ESCOBAR@F@05/06/1994@(40) 09304-5903@UNO@DZO-3983@LORENA|OSASCO|SAO PAULO|SAO ROQUE|TAUBATE@06/09/19@21:10@099.78@4@######################################################################################################################################
**********************LISTAR**********************
LTBL260506
LETICIA CARRARA
F
14/11/1995
(56) 45321-5392
GOL
TBL-7434
26/05/19
06:60
074.29
4
COTIA, LORENA, SAO JOSE DOS CAMPOS, SOROCABA, TAUBATE

PDZO060921
PABLO ESCOBAR
F
05/06/1994
(40) 09304-5903
UNO
DZO-3983
06/09/19
21:10
099.78
4
LORENA, OSASCO, SAO PAULO, SAO ROQUE, TAUBATE
**********************LISTAR**********************
LTBL260506
LETICIA CARRARA
F
14/11/1995
(56) 45321-5392
GOL
TBL-7434
26/05/19
06:60
074.29
4
COTIA, LORENA, SAO JOSE DOS CAMPOS, SOROCABA, TAUBATE

PDZO060921
PABLO ESCOBAR
F
05/06/1994
(40) 09304-5903
UNO
DZO-3983
06/09/19
21:10
099.78
4
LORENA, OSASCO, SAO PAULO, SAO ROQUE, TAUBATE
**********************LISTAR**********************
LTBL260506
LETICIA CARRARA
F
14/11/1995
(56) 45321-5392
GOL
TBL-7434
26/05/19
06:60
074.29
4
COTIA, LORENA, SAO JOSE DOS CAMPOS, SOROCABA, TAUBATE

PDZO060921
PABLO ESCOBAR
F
05/06/1994
(40) 09304-5903
UNO
DZO-3983
06/09/19
21:10
099.78
4
LORENA, OSASCO, SAO PAULO, SAO ROQUE, TAUBATE
**********************BUSCAR**********************
LTBL260506
LETICIA CARRARA
F
14/11/1995
(56) 45321-5392
GOL
TBL-7434
26/05/19
06:60
074.29
4
COTIA, LORENA, SAO JOSE DOS CAMPOS, SOROCABA, TAUBATE
**********************ARQUIVO*********************
LETICIA CARRARA@F@14/11/1995@(56) 45321-5392@GOL@TBL-7434@COTIA|LORENA|SAO JOSE DOS CAMPOS|SOROCABA|TAUBATE@26/05/19@06:60@074.29@4@############################################################################################################################PABLO ESCOBAR@F@05/06/1994@(40) 09304-5903@UNO@DZO-3983@LORENA|OSASCO|SAO PAULO|SAO ROQUE|TAUBATE@06/09/19@21:10@099.78@4@######################################################################################################################################
**********************BUSCAR**********************
LTBL260506
LETICIA CARRARA
F
14/11/1995
(56) 45321-5392
GOL
TBL-7434
26/05/19
06:60
074.29
4
COTIA, LORENA, SAO JOSE DOS CAMPOS, SOROCABA, TAUBATE
*****************ARQUIVO SECUNDARIO****************
COTIA LTBL260506
LORENA LTBL260506 PDZO060921
OSASCO PDZO060921
SAO JOSE DOS CAMPOS LTBL260506
SAO PAULO PDZO060921
SAO ROQUE PDZO060921
SOROCABA LTBL260506
TAUBATE LTBL260506 PDZO060921
**********************LISTAR**********************
LTBL260506
LETICIA CARRARA
F
14/11/1995
(56) 45321-5392
GOL
TBL-7434
26/05/19
06:60
074.29
4
COTIA, LORENA, SAO JOSE DOS CAMPOS, SOROCABA, TAUBATE

PDZO060921
PABLO ESCOBAR
F
05/06/1994
(40) 09304-5903
UNO
DZO-3983
06/09/19
21:10
099.78
4
LORENA, OSASCO, SAO PAULO, SAO ROQUE, TAUBATE

PEIL080411
PABLO PICASSO
M
06/11/1989
(63) 64579-0105
FOX
EIL-9584
08/04/19
11:41
005.59
4
COTIA, JUNDIAI, LORENA, RIO DE JANEIRO, SAO JOSE DOS CAMPOS, SAO ROQUE
**********************LISTAR**********************
LTBL260506
LETICIA CARRARA
F
14/11/1995
(56) 45321-5392
GOL
TBL-7434
26/05/19
06:60
074.29
4
COTIA, LORENA, SAO JOSE DOS CAMPOS, SOROCABA, TAUBATE

PEIL080411
PABLO PICASSO
M
06/11/1989
(63) 64579-0105
FOX
EIL-9584
08/04/19
11:41
005.59
4
COTIA, JUNDIAI, LORENA, RIO DE JANEIRO, SAO JOSE DOS CAMPOS, SAO ROQUE
PEIL080411
PABLO PICASSO
M
06/11/1989
(63) 64579-0105
FOX
EIL-9584
08/04/19
11:41
005.59
4
COTIA, JUNDIAI, LORENA, RIO DE JANEIRO, SAO JOSE DOS CAMPOS, SAO ROQUE
LTBL260506
LETICIA CARRARA
F
14/11/1995
(56) 45321-5392
GOL
TBL-7434
26/05/19
06:60
074.29
4
COTIA, LORENA, SAO JOSE DOS CAMPOS, SOROCABA, TAUBATE

PDZO060921
PABLO ESCOBAR
F
05/06/1994
(40) 09304-5903
UNO
DZO-3983
06/09/19
21:10
099.78
4
LORENA, OSASCO, SAO PAULO, SAO ROQUE, TAUBATE

PEIL080411
PABLO PICASSO
M
06/11/1989
(63) 64579-0105
FOX
EIL-9584
08/04/19
11:41
005.59
4
COTIA, JUNDIAI, LORENA, RIO DE JANEIRO, SAO JOSE DOS CAMPOS, SAO ROQUE
PDZO060921
PABLO ESCOBAR
F
05/06/1994
(40) 09304-5903
UNO
DZO-3983
06/09/19
21:10
099.78
4
LORENA, OSASCO, SAO PAULO, SAO ROQUE, TAUBATE
PEIL080411
PABLO PICASSO
M
06/11/1989
(63) 64579-0105
FOX
EIL-9584
08/04/19
11:41
005.59
4
COTIA, JUNDIAI, LORENA, RIO DE JANEIRO, SAO JOSE DOS CAMPOS, SAO ROQUE
LTBL260506
LETICIA CARRARA
F
14/11/1995
(56) 45321-5392
GOL
TBL-7434
26/05/19
06:60
074.29
4
COTIA, LORENA, SAO JOSE DOS CAMPOS, SOROCABA, TAUBATE

PEIL080411
PABLO PICASSO
M
06/11/1989
(63) 64579-0105
FOX
EIL-9584
08/04/19
11:41
005.59
4
COTIA, JUNDIAI, LORENA, RIO DE JANEIRO, SAO JOSE DOS CAMPOS, SAO ROQUE
PDZO060921
PABLO ESCOBAR
F
05/06/1994
(40) 09304-5903
UNO
DZO-3983
06/09/19
21:10
099.78
4
LORENA, OSASCO, SAO PAULO, SAO ROQUE, TAUBATE
PDZO060921
PABLO ESCOBAR
F
05/06/1994
(40) 09304-5903
UNO
DZO-3983
06/09/19
21:10
099.78
4
LORENA, OSASCO, SAO PAULO, SAO ROQUE, TAUBATE

PEIL080411
PABLO PICASSO
M
06/11/1989
(63) 64579-0105
FOX
EIL-9584
08/04/19
11:41
005.59
4
COTIA, JUNDIAI, LORENA, RIO DE JANEIRO, SAO JOSE DOS CAMPOS, SAO ROQUE
LTBL260506
LETICIA CARRARA
F
14/11/1995
(56) 45321-5392
GOL
TBL-7434
26/05/19
06:60
074.29
4
COTIA, LORENA, SAO JOSE DOS CAMPOS, SOROCABA, TAUBATE
LTBL260506
LETICIA CARRARA
F
14/11/1995
(56) 45321-5392
GOL
TBL-7434
26/05/19
06:60
074.29
4
COTIA, LORENA, SAO JOSE DOS CAMPOS, SOROCABA, TAUBATE

PDZO060921
PABLO ESCOBAR
F
05/06/1994
(40) 09304-5903
UNO
DZO-3983
06/09/19
21:10
099.78
4
LORENA, OSASCO, SAO PAULO, SAO ROQUE, TAUBATE
**********************ARQUIVO*********************
LETICIA CARRARA@F@14/11/1995@(56) 45321-5392@GOL@TBL-7434@COTIA|LORENA|SAO JOSE DOS CAMPOS|SOROCABA|TAUBATE@26/05/19@06:60@074.29@4@############################################################################################################################PABLO ESCOBAR@F@05/06/1994@(40) 09304-5903@UNO@DZO-3983@LORENA|OSASCO|SAO PAULO|SAO ROQUE|TAUBATE@06/09/19@21:10@099.78@4@######################################################################################################################################PABLO PICASSO@M@06/11/1989@(63) 64579-0105@FOX@EIL-9584@COTIA|JUNDIAI|LORENA|RIO DE JANEIRO|SAO JOSE DOS CAMPOS|SAO ROQUE@08/04/19@11:41@005.59@4@##############################################################################################################
**********************ARQUIVO*********************
LETICIA CARRARA@F@14/11/1995@(56) 45321-5392@GOL@TBL-7434@COTIA|LORENA|SAO JOSE DOS CAMPOS|SOROCABA|TAUBATE@26/05/19@06:60@074.29@4@############################################################################################################################PABLO ESCOBAR@F@05/06/1994@(40) 09304-5903@UNO@DZO-3983@LORENA|OSASCO|SAO PAULO|SAO ROQUE|TAUBATE@06/09/19@21:10@099.78@4@######################################################################################################################################PABLO PICASSO@M@06/11/1989@(63) 64579-0105@FOX@EIL-9584@COTIA|JUNDIAI|LORENA|RIO DE JANEIRO|SAO JOSE DOS CAMPOS|SAO ROQUE@08/04/19@11:41@005.59@4@##############################################################################################################
**********************BUSCAR**********************
Registro(s) nao encontrado!
*****************ARQUIVO SECUNDARIO****************
LMGP060201 06/02/19
PEIL080411 08/04/19
LTBL260506 26/05/19
PDZO060921 06/09/19
**********************BUSCAR**********************
LTBL260506
LETICIA CARRARA
F
14/11/1995
(56) 45321-5392
GOL
TBL-7434
26/05/19
06:60
074.29
4
COTIA, LORENA, SAO JOSE DOS CAMPOS, SOROCABA, TAUBATE
*****************ARQUIVO SECUNDARIO****************
LMGP060201 06/02/19
PEIL080411 08/04/19
LTBL260506 26/05/19
PDZO060921 06/09/19
**********************LISTAR**********************
LMGP060201
LETICIA FERNANDES
M
13/08/1991
(85) 88347-0626
CIVIC
MGP-3375
06/02/19
01:36
143.08
4
COTIA, JUNDIAI, LORENA, OSASCO, RIO DE JANEIRO, SAO JOSE DOS CAMPOS, SAO PAULO, SOROCABA, TAUBATE

PEIL080411
PABLO PICASSO
M
06/11/1989
(63) 64579-0105
FOX
EIL-9584
08/04/19
11:41
005.59
4
COTIA, JUNDIAI, LORENA, RIO DE JANEIRO, SAO JOSE DOS CAMPOS, SAO ROQUE

LTBL260506
LETICIA CARRARA
F
14/11/1995
(56) 45321-5392
GOL
TBL-7434
26/05/19
06:60
074.29
4
COTIA, LORENA, SAO JOSE DOS CAMPOS, SOROCABA, TAUBATE

PDZO060921
PABLO ESCOBAR
F
05/06/1994
(40) 09304-5903
UNO
DZO-3983
06/09/19
21:10
099.78
4
LORENA, OSASCO, SAO PAULO, SAO ROQUE, TAUBATE
*****************ARQUIVO SECUNDARIO****************
LTBL260506 LETICIA CARRARA
LMGP060201 LETICIA FERNANDES
PDZO060921 PABLO ESCOBAR
PEIL080411 PABLO PICASSO
**********************LISTAR**********************
AAVN190521
ALEXANDRE O MIXURUCA
F
21/12/1990
(23) 51752-4634
ONIX
AVN-4068
19/05/19
21:25
120.79
2
COTIA, JUNDIAI, OSASCO, RIO DE JANEIRO, SAO PAULO, SOROCABA

LMGP060201
LETICIA FERNANDES
M
13/08/1991
(85) 88347-0626
CIVIC
MGP-3375
06/02/19
01:36
143.08
4
COTIA, JUNDIAI, LORENA, OSASCO, RIO DE JANEIRO, SAO JOSE DOS CAMPOS, SAO PAULO, SOROCABA, TAUBATE

LTBL260506
LETICIA CARRARA
F
14/11/1995
(56) 45321-5392
GOL
TBL-7434
26/05/19
06:60
074.29
4
COTIA, LORENA, SAO JOSE DOS CAMPOS, SOROCABA, TAUBATE

PEIL080411
PABLO PICASSO
M
06/11/1989
(63) 64579-0105
FOX
EIL-9584
08/04/19
11:41
005.59
4
COTIA, JUNDIAI, LORENA, RIO DE JANEIRO, SAO JOSE DOS CAMPOS, SAO ROQUE
AAVN190521
ALEXANDRE O MIXURUCA
F
21/12/1990
(23) 51752-4634
ONIX
AVN-4068
19/05/19
21:25
120.79
2
COTIA, JUNDIAI, OSASCO, RIO DE JANEIRO, SAO PAULO, SOROCABA

LMGP060201
LETICIA FERNANDES
M
13/08/1991
(85) 88347-0626
CIVIC
MGP-3375
06/02/19
01:36
143.08
4
COTIA, JUNDIAI, LORENA, OSASCO, RIO DE JANEIRO, SAO JOSE DOS CAMPOS, SAO PAULO, SOROCABA, TAUBATE

PEIL080411
PABLO PICASSO
M
06/11/1989
(63) 64579-0105
FOX
EIL-9584
08/04/19
11:41
005.59
4
COTIA, JUNDIAI, LORENA, RIO DE JANEIRO, SAO JOSE DOS CAMPOS, SAO ROQUE
LMGP060201
LETICIA FERNANDES
M
13/08/1991
(85) 88347-0626
CIVIC
MGP-3375
06/02/19
01:36
143.08
4
COTIA, JUNDIAI, LORENA, OSASCO, RIO DE JANEIRO, SAO JOSE DOS CAMPOS, SAO PAULO, SOROCABA, TAUBATE

LTBL260506
LETICIA CARRARA
F
14/11/1995
(56) 45321-5392
GOL
TBL-7434
26/05/19
06:60
074.29
4
COTIA, LORENA, SAO JOSE DOS CAMPOS, SOROCABA, TAUBATE

PDZO060921
PABLO ESCOBAR
F
05/06/1994
(40) 09304-5903
UNO
DZO-3983
06/09/19
21:10
099.78
4
LORENA, OSASCO, SAO PAULO, SAO ROQUE, TAUBATE

PEIL080411
PABLO PICASSO
M
06/11/1989
(63) 64579-0105
FOX
EIL-9584
08/04/19
11:41
005.59
4
COTIA, JUNDIAI, LORENA, RIO DE JANEIRO, SAO JOSE DOS CAMPOS, SAO ROQUE
AAVN190521
ALEXANDRE O MIXURUCA
F
21/12/1990
(23) 51752-4634
ONIX
AVN-4068
19/05/19
21:25
120.79
2
COTIA, JUNDIAI, OSASCO, RIO DE JANEIRO, SAO PAULO, SOROCABA

LMGP060201
LETICIA FERNANDES
M
13/08/1991
(85) 88347-0626
CIVIC
MGP-3375
06/02/19
01:36
143.08
4
COTIA, JUNDIAI, LORENA, OSASCO, RIO DE JANEIRO, SAO JOSE DOS CAMPOS, SAO PAULO, SOROCABA, TAUBATE

PDZO060921
PABLO ESCOBAR
F
05/06/1994
(40) 09304-5903
UNO
DZO-3983
06/09/19
21:10
099.78
4
LORENA, OSASCO, SAO PAULO, SAO ROQUE, TAUBATE
AAVN190521
ALEXANDRE O MIXURUCA
F
21/12/1990
(23) 51752-4634
ONIX
AVN-4068
19/05/19
21:25
120.79
2
COTIA, JUNDIAI, OSASCO, RIO DE JANEIRO, SAO PAULO, SOROCABA

LMGP060201
LETICIA FERNANDES
M
13/08/1991
(85) 88347-0626
CIVIC
MGP-3375
06/02/19
01:36
143.08
4
COTIA, JUNDIAI, LORENA, OSASCO, RIO DE JANEIRO, SAO JOSE DOS CAMPOS, SAO PAULO, SOROCABA, TAUBATE

PEIL080411
PABLO PICASSO
M
06/11/1989
(63) 64579-0105
FOX
EIL-9584
08/04/19
11:41
005.59
4
COTIA, JUNDIAI, LORENA, RIO DE JANEIRO, SAO JOSE DOS CAMPOS, SAO ROQUE
LMGP060201
LETICIA FERNANDES
M
13/08/1991
(85) 88347-0626
CIVIC
MGP-3375
06/02/19
01:36
143.08
4
COTIA, JUNDIAI, LORENA, OSASCO, RIO DE JANEIRO, SAO JOSE DOS CAMPOS, SAO PAULO, SOROCABA, TAUBATE

LTBL260506
LETICIA CARRARA
F
14/11/1995
(56) 45321-5392
GOL
TBL-7434
26/05/19
06:60
074.29
4
COTIA, LORENA, SAO JOSE DOS CAMPOS, SOROCABA, TAUBATE

PEIL080411
PABLO PICASSO
M
06/11/1989
(63) 64579-0105
FOX
EIL-9584
08/04/19
11:41
005.59
4
COTIA, JUNDIAI, LORENA, RIO DE JANEIRO, SAO JOSE DOS CAMPOS, SAO ROQUE
AAVN190521
ALEXANDRE O MIXURUCA
F
21/12/1990
(23) 51752-4634
ONIX
AVN-4068
19/05/19
21:25
120.79
2
COTIA, JUNDIAI, OSASCO, RIO DE JANEIRO, SAO PAULO, SOROCABA

LMGP060201
LETICIA FERNANDES
M
13/08/1991
(85) 88347-0626
CIVIC
MGP-3375
06/02/19
01:36
143.08
4
COTIA, JUNDIAI, LORENA, OSASCO, RIO DE JANEIRO, SAO JOSE DOS CAMPOS, SAO PAULO, SOROCABA, TAUBATE

PDZO060921
PABLO ESCOBAR
F
05/06/1994
(40) 09304-5903
UNO
DZO-3983
06/09/19
21:10
099.78
4
LORENA, OSASCO, SAO PAULO, SAO ROQUE, TAUBATE
PDZO060921
PABLO ESCOBAR
F
05/06/1994
(40) 09304-5903
UNO
DZO-3983
06/09/19
21:10
099.78
4
LORENA, OSASCO, SAO PAULO, SAO ROQUE, TAUBATE

PEIL080411
PABLO PICASSO
M
06/11/1989
(63) 64579-0105
FOX
EIL-9584
08/04/19
11:41
005.59
4
COTIA, JUNDIAI, LORENA, RIO DE JANEIRO, SAO JOSE DOS CAMPOS, SAO ROQUE
AAVN190521
ALEXANDRE O MIXURUCA
F
21/12/1990
(23) 51752-4634
ONIX
AVN-4068
19/05/19
21:25
120.79
2
COTIA, JUNDIAI, OSASCO, RIO DE JANEIRO, SAO PAULO, SOROCABA

LMGP060201
LETICIA FERNANDES
M
13/08/1991
(85) 88347-0626
CIVIC
MGP-3375
06/02/19
01:36
143.08
4
COTIA, JUNDIAI, LORENA, OSASCO, RIO DE JANEIRO, SAO JOSE DOS CAMPOS, SAO PAULO, SOROCABA, TAUBATE

LTBL260506
LETICIA CARRARA
F
14/11/1995
(56) 45321-5392
GOL
TBL-7434
26/05/19
06:60
074.29
4
COTIA, LORENA, SAO JOSE DOS CAMPOS, SOROCABA, TAUBATE
LMGP060201
LETICIA FERNANDES
M
13/08/1991
(85) 88347-0626
CIVIC
MGP-3375
06/02/19
01:36
143.08
4
COTIA, JUNDIAI, LORENA, OSASCO, RIO DE JANEIRO, SAO JOSE DOS CAMPOS, SAO PAULO, SOROCABA, TAUBATE

LTBL260506
LETICIA CARRARA
F
14/11/1995
(56) 45321-5392
GOL
TBL-7434
26/05/19
06:60
074.29
4
COTIA, LORENA, SAO JOSE DOS CAMPOS, SOROCABA, TAUBATE

PDZO060921
PABLO ESCOBAR
F
05/06/1994
(40) 09304-5903
UNO
DZO-3983
06/09/19
21:10
099.78
4
LORENA, OSASCO, SAO PAULO, SAO ROQUE, TAUBATE
**********************BUSCAR**********************
PDZO060921
PABLO ESCOBAR
F
05/06/1994
(40) 09304-5903
UNO
DZO-3983
06/09/19
21:10
099.78
4
LORENA, OSASCO, SAO PAULO, SAO ROQUE, TAUBATE
**********************BUSCAR**********************
LTBL260506
LETICIA CARRARA
F
14/11/1995
(56) 45321-5392
GOL
TBL-7434
26/05/19
06:60
074.29
4
COTIA, LORENA, SAO JOSE DOS CAMPOS, SOROCABA, TAUBATE
**********************BUSCAR**********************
LMGP060201
LETICIA FERNANDES
M
13/08/1991
(85) 88347-0626
CIVIC
MGP-3375
06/02/19
01:36
143.08
4
COTIA, JUNDIAI, LORENA, OSASCO, RIO DE JANEIRO, SAO JOSE DOS CAMPOS, SAO PAULO, SOROCABA, TAUBATE
**********************BUSCAR**********************
PDZO060921
PABLO ESCOBAR
F
05/06/1994
(40) 09304-5903
UNO
DZO-3983
06/09/19
21:10
099.78
4
LORENA, OSASCO, SAO PAULO, SAO ROQUE, TAUBATE
*****************ARQUIVO SECUNDARIO****************
LMYI240401 01:03
LMGP060201 01:36
LTBL260506 06:60
PEIL080411 11:41
REMO180416 16:14
PDZO060921 21:10
AAVN190521 21:25
**********************LISTAR**********************
AAVN190521
ALEXANDRE O MIXURUCA
F
21/12/1990
(23) 51752-4634
ONIX
AVN-4068
19/05/19
21:25
120.79
2
COTIA, JUNDIAI, OSASCO, RIO DE JANEIRO, SAO PAULO, SOROCABA

LMGP060201
LETICIA FERNANDES
M
13/08/1991
(85) 88347-0626
CIVIC
MGP-3375
06/02/19
01:36
143.08
4
COTIA, JUNDIAI, LORENA, OSASCO, RIO DE JANEIRO, SAO JOSE DOS CAMPOS, SAO PAULO, SOROCABA, TAUBATE

LMYI240401
LETICIA FERREIRA DOS SANTOS
F
01/02/1997
(24) 28114-3061
GOL
MYI-0679
24/04/19
01:03
227.99
2
COTIA, JUNDIAI, OSASCO, RIO DE JANEIRO, SAO JOSE DOS CAMPOS, SAO PAULO, SOROCABA, TAUBATE

LTBL260506
LETICIA CARRARA
F
14/11/1995
(56) 45321-5392
GOL
TBL-7434
26/05/19
06:60
074.29
4
COTIA, LORENA, SAO JOSE DOS CAMPOS, SOROCABA, TAUBATE

PDZO060921
PABLO ESCOBAR
F
05/06/1994
(40) 09304-5903
UNO
DZO-3983
06/09/19
21:10
099.78
4
LORENA, OSASCO, SAO PAULO, SAO ROQUE, TAUBATE

PEIL080411
PABLO PICASSO
M
06/11/1989
(63) 64579-0105
FOX
EIL-9584
08/04/19
11:41
005.59
4
COTIA, JUNDIAI, LORENA, RIO DE JANEIRO, SAO JOSE DOS CAMPOS, SAO ROQUE

REMO180416
ROBERT PATTINSON
F
17/05/1997
(58) 75387-7310
GOL
EMO-0885
18/04/19
16:14
236.15
3
OSASCO, RIO DE JANEIRO, SAO JOSE DOS CAMPOS, SAO ROQUE, TAUBATE
**********************LISTAR**********************
LMGP060201
LETICIA FERNANDES
M
13/08/1991
(85) 88347-0626
CIVIC
MGP-3375
06/02/19
01:36
143.08
4
COTIA, JUNDIAI, LORENA, OSASCO, RIO DE JANEIRO, SAO JOSE DOS CAMPOS, SAO PAULO, SOROCABA, TAUBATE

PEIL080411
PABLO PICASSO
M
06/11/1989
(63) 64579-0105
FOX
EIL-9584
08/04/19
11:41
005.59
4
COTIA, JUNDIAI, LORENA, RIO DE JANEIRO, SAO JOSE DOS CAMPOS, SAO ROQUE

REMO180416
ROBERT PATTINSON
F
17/05/1997
(58) 75387-7310
GOL
EMO-0885
18/04/19
16:14
236.15
3
OSASCO, RIO DE JANEIRO, SAO JOSE DOS CAMPOS, SAO ROQUE, TAUBATE

LMYI240401
LETICIA FERREIRA DOS SANTOS
F
01/02/1997
(24) 28114-3061
GOL
MYI-0679
24/04/19
01:03
227.99
2
COTIA, JUNDIAI, OSASCO, RIO DE JANEIRO, SAO JOSE DOS CAMPOS, SAO PAULO, SOROCABA, TAUBATE

AAVN190521
ALEXANDRE O MIXURUCA
F
21/12/1990
(23) 51752-4634
ONIX
AVN-4068
19/05/19
21:25
120.79
2
COTIA, JUNDIAI, OSASCO, RIO DE JANEIRO, SAO PAULO, SOROCABA

LTBL260506
LETICIA CARRARA
F
14/11/1995
(56) 45321-5392
GOL
TBL-7434
26/05/19
06:60
074.29
4
COTIA, LORENA, SAO JOSE DOS CAMPOS, SOROCABA, TAUBATE

PDZO060921
PABLO ESCOBAR
F
05/06/1994
(40) 09304-5903
UNO
DZO-3983
06/09/19
21:10
099.78
4
LORENA, OSASCO, SAO PAULO, SAO ROQUE, TAUBATE
**********************LISTAR**********************
LMGP060201
LETICIA FERNANDES
M
13/08/1991
(85) 88347-0626
CIVIC
MGP-3375
06/02/19
01:36
143.08
4
COTIA, JUNDIAI, LORENA, OSASCO, RIO DE JANEIRO, SAO JOSE DOS CAMPOS, SAO PAULO, SOROCABA, TAUBATE

MYIO110202
MATHEUS LIMA
F
21/11/1995
(18) 55142-1393
CORSA
YIO-9923
11/02/19
02:08
092.05
4
COTIA, JUNDIAI, LORENA, OSASCO, RIO DE JANEIRO, SAO JOSE DOS CAMPOS, SAO PAULO

PEIL080411
PABLO PICASSO
M
06/11/1989
(63) 64579-0105
FOX
EIL-9584
08/04/19
11:41
005.59
4
COTIA, JUNDIAI, LORENA, RIO DE JANEIRO, SAO JOSE DOS CAMPOS, SAO ROQUE

LMYI240401
LETICIA FERREIRA DOS SANTOS
F
01/02/1997
(24) 28114-3061
GOL
MYI-0679
24/04/19
01:03
227.99
2
COTIA, JUNDIAI, OSASCO, RIO DE JANEIRO, SAO JOSE DOS CAMPOS, SAO PAULO, SOROCABA, TAUBATE

AAVN190521
ALEXANDRE O MIXURUCA
F
21/12/1990
(23) 51752-4634
ONIX
AVN-4068
19/05/19
21:25
120.79
2
COTIA, JUNDIAI, OSASCO, RIO DE JANEIRO, SAO PAULO, SOROCABA

LTBL260506
LETICIA CARRARA
F
14/11/1995
(56) 45321-5392
GOL
TBL-7434
26/05/19
06:60
074.29
4
COTIA, LORENA, SAO JOSE DOS CAMPOS, SOROCABA, TAUBATE

LMGP060201
LETICIA FERNANDES
M
13/08/1991
(85) 88347-0626
CIVIC
MGP-3375
06/02/19
01:36
143.08
4
COTIA, JUNDIAI, LORENA, OSASCO, RIO DE JANEIRO, SAO JOSE DOS CAMPOS, SAO PAULO, SOROCABA, TAUBATE

MYIO110202
MATHEUS LIMA
F
21/11/1995
(18) 55142-1393
CORSA
YIO-9923
11/02/19
02:08
092.05
4
COTIA, JUNDIAI, LORENA, OSASCO, RIO DE JANEIRO, SAO JOSE DOS CAMPOS, SAO PAULO

PEIL080411
PABLO PICASSO
M
06/11/1989
(63) 64579-0105
FOX
EIL-9584
08/04/19
11:41
005.59
4
COTIA, JUNDIAI, LORENA, RIO DE JANEIRO, SAO JOSE DOS CAMPOS, SAO ROQUE

LMYI240401
LETICIA FERREIRA DOS SANTOS
F
01/02/1997
(24) 28114-3061
GOL
MYI-0679
24/04/19
01:03
227.99
2
COTIA, JUNDIAI, OSASCO, RIO DE JANEIRO, SAO JOSE DOS CAMPOS, SAO PAULO, SOROCABA, TAUBATE

AAVN190521
ALEXANDRE O MIXURUCA
F
21/12/1990
(23) 51752-4634
ONIX
AVN-4068
19/05/19
21:25
120.79
2
COTIA, JUNDIAI, OSASCO, RIO DE JANEIRO, SAO PAULO, SOROCABA

LMGP060201
LETICIA FERNANDES
M
13/08/1991
(85) 88347-0626
CIVIC
MGP-3375
06/02/19
01:36
143.08
4
COTIA, JUNDIAI, LORENA, OSASCO, RIO DE JANEIRO, SAO JOSE DOS CAMPOS, SAO PAULO, SOROCABA, TAUBATE

MYIO110202
MATHEUS LIMA
F
21/11/1995
(18) 55142-1393
CORSA
YIO-9923
11/02/19
02:08
092.05
4
COTIA, JUNDIAI, LORENA, OSASCO, RIO DE JANEIRO, SAO JOSE DOS CAMPOS, SAO PAULO

PEIL080411
PABLO PICASSO
M
06/11/1989
(63) 64579-0105
FOX
EIL-9584
08/04/19
11:41
005.59
4
COTIA, JUNDIAI, LORENA, RIO DE JANEIRO, SAO JOSE DOS CAMPOS, SAO ROQUE

LTBL260506
LETICIA CARRARA
F
14/11/1995
(56) 45321-5392
GOL
TBL-7434
26/05/19
06:60
074.29
4
COTIA, LORENA, SAO JOSE DOS CAMPOS, SOROCABA, TAUBATE

PDZO060921
PABLO ESCOBAR
F
05/06/1994
(40) 09304-5903
UNO
DZO-3983
06/09/19
21:10
099.78
4
LORENA, OSASCO, SAO PAULO, SAO ROQUE, TAUBATE

LMGP060201
LETICIA FERNANDES
M
13/08/1991
(85) 88347-0626
CIVIC
MGP-3375
06/02/19
01:36
143.08
4
COTIA, JUNDIAI, LORENA, OSASCO, RIO DE JANEIRO, SAO JOSE DOS CAMPOS, SAO PAULO, SOROCABA, TAUBATE

MYIO110202
MATHEUS LIMA
F
21/11/1995
(18) 55142-1393
CORSA
YIO-9923
11/02/19
02:08
092.05
4
COTIA, JUNDIAI, LORENA, OSASCO, RIO DE JANEIRO, SAO JOSE DOS CAMPOS, SAO PAULO

REMO180416
ROBERT PATTINSON
F
17/05/1997
(58) 75387-7310
GOL
EMO-0885
18/04/19
16:14
236.15
3
OSASCO, RIO DE JANEIRO, SAO JOSE DOS CAMPOS, SAO ROQUE, TAUBATE

LMYI240401
LETICIA FERREIRA DOS SANTOS
F
01/02/1997
(24) 28114-3061
GOL
MYI-0679
24/04/19
01:03
227.99
2
COTIA, JUNDIAI, OSASCO, RIO DE JANEIRO, SAO JOSE DOS CAMPOS, SAO PAULO, SOROCABA, TAUBATE

AAVN190521
ALEXANDRE O MIXURUCA
F
21/12/1990
(23) 51752-4634
ONIX
AVN-4068
19/05/19
21:25
120.79
2
COTIA, JUNDIAI, OSASCO, RIO DE JANEIRO, SAO PAULO, SOROCABA

PDZO060921
PABLO ESCOBAR
F
05/06/1994
(40) 09304-5903
UNO
DZO-3983
06/09/19
21:10
099.78
4
LORENA, OSASCO, SAO PAULO, SAO ROQUE, TAUBATE

LMGP060201
LETICIA FERNANDES
M
13/08/1991
(85) 88347-0626
CIVIC
MGP-3375
06/02/19
01:36
143.08
4
COTIA, JUNDIAI, LORENA, OSASCO, RIO DE JANEIRO, SAO JOSE DOS CAMPOS, SAO PAULO, SOROCABA, TAUBATE

MYIO110202
MATHEUS LIMA
F
21/11/1995
(18) 55142-1393
CORSA
YIO-9923
11/02/19
02:08
092.05
4
COTIA, JUNDIAI, LORENA, OSASCO, RIO DE JANEIRO, SAO JOSE DOS CAMPOS, SAO PAULO

PEIL080411
PABLO PICASSO
M
06/11/1989
(63) 64579-0105
FOX
EIL-9584
08/04/19
11:41
005.59
4
COTIA, JUNDIAI, LORENA, RIO DE JANEIRO, SAO JOSE DOS CAMPOS, SAO ROQUE

REMO180416
ROBERT PATTINSON
F
17/05/1997
(58) 75387-7310
GOL
EMO-0885
18/04/19
16:14
236.15
3
OSASCO, RIO DE JANEIRO, SAO JOSE DOS CAMPOS, SAO ROQUE, TAUBATE

LMYI240401
LETICIA FERREIRA DOS SANTOS
F
01/02/1997
(24) 28114-3061
GOL
MYI-0679
24/04/19
01:03
227.99
2
COTIA, JUNDIAI, OSASCO, RIO DE JANEIRO, SAO JOSE DOS CAMPOS, SAO PAULO, SOROCABA, TAUBATE

AAVN190521
ALEXANDRE O MIXURUCA
F
21/12/1990
(23) 51752-4634
ONIX
AVN-4068
19/05/19
21:25
120.79
2
COTIA, JUNDIAI, OSASCO, RIO DE JANEIRO, SAO PAULO, SOROCABA

LMGP060201
LETICIA FERNANDES
M
13/08/1991
(85) 88347-0626
CIVIC
MGP-3375
06/02/19
01:36
143.08
4
COTIA, JUNDIAI, LORENA, OSASCO, RIO DE JANEIRO, SAO JOSE DOS CAMPOS, SAO PAULO, SOROCABA, TAUBATE

MYIO110202
MATHEUS LIMA
F
21/11/1995
(18) 55142-1393
CORSA
YIO-9923
11/02/19
02:08
092.05
4
COTIA, JUNDIAI, LORENA, OSASCO, RIO DE JANEIRO, SAO JOSE DOS CAMPOS, SAO PAULO

PEIL080411
PABLO PICASSO
M
06/11/1989
(63) 64579-0105
FOX
EIL-9584
08/04/19
11:41
005.59
4
COTIA, JUNDIAI, LORENA, RIO DE JANEIRO, SAO JOSE DOS CAMPOS, SAO ROQUE

REMO180416
ROBERT PATTINSON
F
17/05/1997
(58) 75387-7310
GOL
EMO-0885
18/04/19
16:14
236.15
3
OSASCO, RIO DE JANEIRO, SAO JOSE DOS CAMPOS, SAO ROQUE, TAUBATE

LMYI240401
LETICIA FERREIRA DOS SANTOS
F
01/02/1997
(24) 28114-3061
GOL
MYI-0679
24/04/19
01:03
227.99
2
COTIA, JUNDIAI, OSASCO, RIO DE JANEIRO, SAO JOSE DOS CAMPOS, SAO PAULO, SOROCABA, TAUBATE

LTBL260506
LETICIA CARRARA
F
14/11/1995
(56) 45321-5392
GOL
TBL-7434
26/05/19
06:60
074.29
4
COTIA, LORENA, SAO JOSE DOS CAMPOS, SOROCABA, TAUBATE

LMGP060201
LETICIA FERNANDES
M
13/08/1991
(85) 88347-0626
CIVIC
MGP-3375
06/02/19
01:36
143.08
4
COTIA, JUNDIAI, LORENA, OSASCO, RIO DE JANEIRO, SAO JOSE DOS CAMPOS, SAO PAULO, SOROCABA, TAUBATE

MYIO110202
MATHEUS LIMA
F
21/11/1995
(18) 55142-1393
CORSA
YIO-9923
11/02/19
02:08
092.05
4
COTIA, JUNDIAI, LORENA, OSASCO, RIO DE JANEIRO, SAO JOSE DOS CAMPOS, SAO PAULO

LMYI240401
LETICIA FERREIRA DOS SANTOS
F
01/02/1997
(24) 28114-3061
GOL
MYI-0679
24/04/19
01:03
227.99
2
COTIA, JUNDIAI, OSASCO, RIO DE JANEIRO, SAO JOSE DOS CAMPOS, SAO PAULO, SOROCABA, TAUBATE

AAVN190521
ALEXANDRE O MIXURUCA
F
21/12/1990
(23) 51752-4634
ONIX
AVN-4068
19/05/19
21:25
120.79
2
COTIA, JUNDIAI, OSASCO, RIO DE JANEIRO, SAO PAULO, SOROCABA

PDZO060921
PABLO ESCOBAR
F
05/06/1994
(40) 09304-5903
UNO
DZO-3983
06/09/19
21:10
099.78
4
LORENA, OSASCO, SAO PAULO, SAO ROQUE, TAUBATE

PEIL080411
PABLO PICASSO
M
06/11/1989
(63) 64579-0105
FOX
EIL-9584
08/04/19
11:41
005.59
4
COTIA, JUNDIAI, LORENA, RIO DE JANEIRO, SAO JOSE DOS CAMPOS, SAO ROQUE

REMO180416
ROBERT PATTINSON
F
17/05/1997
(58) 75387-7310
GOL
EMO-0885
18/04/19
16:14
236.15
3
OSASCO, RIO DE JANEIRO, SAO JOSE DOS CAMPOS, SAO ROQUE, TAUBATE

PDZO060921
PABLO ESCOBAR
F
05/06/1994
(40) 09304-5903
UNO
DZO-3983
06/09/19
21:10
099.78
4
LORENA, OSASCO, SAO PAULO, SAO ROQUE, TAUBATE

LMGP060201
LETICIA FERNANDES
M
13/08/1991
(85) 88347-0626
CIVIC
MGP-3375
06/02/19
01:36
143.08
4
COTIA, JUNDIAI, LORENA, OSASCO, RIO DE JANEIRO, SAO JOSE DOS CAMPOS, SAO PAULO, SOROCABA, TAUBATE

LMYI240401
LETICIA FERREIRA DOS SANTOS
F
01/02/1997
(24) 28114-3061
GOL
MYI-0679
24/04/19
01:03
227.99
2
COTIA, JUNDIAI, OSASCO, RIO DE JANEIRO, SAO JOSE DOS CAMPOS, SAO PAULO, SOROCABA, TAUBATE

AAVN190521
ALEXANDRE O MIXURUCA
F
21/12/1990
(23) 51752-4634
ONIX
AVN-4068
19/05/19
21:25
120.79
2
COTIA, JUNDIAI, OSASCO, RIO DE JANEIRO, SAO PAULO, SOROCABA

LTBL260506
LETICIA CARRARA
F
14/11/1995
(56) 45321-5392
GOL
TBL-7434
26/05/19
06:60
074.29
4
COTIA, LORENA, SAO JOSE DOS CAMPOS, SOROCABA, TAUBATE

LMGP060201
LETICIA FERNANDES
M
13/08/1991
(85) 88347-0626
CIVIC
MGP-3375
06/02/19
01:36
143.08
4
COTIA, JUNDIAI, LORENA, OSASCO, RIO DE JANEIRO, SAO JOSE DOS CAMPOS, SAO PAULO, SOROCABA, TAUBATE

REMO180416
ROBERT PATTINSON
F
17/05/1997
(58) 75387-7310
GOL
EMO-0885
18/04/19
16:14
236.15
3
OSASCO, RIO DE JANEIRO, SAO JOSE DOS CAMPOS, SAO ROQUE, TAUBATE

LMYI240401
LETICIA FERREIRA DOS SANTOS
F
01/02/1997
(24) 28114-3061
GOL
MYI-0679
24/04/19
01:03
227.99
2
COTIA, JUNDIAI, OSASCO, RIO DE JANEIRO, SAO JOSE DOS CAMPOS, SAO PAULO, SOROCABA, TAUBATE

LTBL260506
LETICIA CARRARA
F
14/11/1995
(56) 45321-5392
GOL
TBL-7434
26/05/19
06:60
074.29
4
COTIA, LORENA, SAO JOSE DOS CAMPOS, SOROCABA, TAUBATE

PDZO060921
PABLO ESCOBAR
F
05/06/1994
(40) 09304-5903
UNO
DZO-3983
06/09/19
21:10
099.78
4
LORENA, OSASCO, SAO PAULO, SAO ROQUE, TAUBATE
**********************ARQUIVO*********************
LETICIA CARRARA@F@14/11/1995@(56) 45321-5392@GOL@TBL-7434@COTIA|LORENA|SAO JOSE DOS CAMPOS|SOROCABA|TAUBATE@26/05/19@06:60@074.29@4@############################################################################################################################PABLO ESCOBAR@F@05/06/1994@(40) 09304-5903@UNO@DZO-3983@LORENA|OSASCO|SAO PAULO|SAO ROQUE|TAUBATE@06/09/19@21:10@099.78@4@######################################################################################################################################PABLO PICASSO@M@06/11/1989@(63) 64579-0105@FOX@EIL-9584@COTIA|JUNDIAI|LORENA|RIO DE JANEIRO|SAO JOSE DOS CAMPOS|SAO ROQUE@08/04/19@11:41@005.59@4@##############################################################################################################LETICIA FERNANDES@M@13/08/1991@(85) 88347-0626@CIVIC@MGP-3375@COTIA|JUNDIAI|LORENA|OSASCO|RIO DE JANEIRO|SAO JOSE DOS CAMPOS|SAO PAULO|SOROCABA|TAUBATE@06/02/19@01:36@143.08@4@################################################################################ALEXANDRE O MIXURUCA@F@21/12/1990@(23) 51752-4634@ONIX@AVN-4068@COTIA|JUNDIAI|OSASCO|RIO DE JANEIRO|SAO PAULO|SOROCABA@19/05/19@21:25@120.79@2@#################################################################################################################ROBERT PATTINSON@F@17/05/1997@(58) 75387-7310@GOL@EMO-0885@OSASCO|RIO DE JANEIRO|SAO JOSE DOS CAMPOS|SAO ROQUE|TAUBATE@18/04/19@16:14@236.15@3@#################################################################################################################LETICIA FERREIRA DOS SANTOS@F@01/02/1997@(24) 28114-3061@GOL@MYI-0679@COTIA|JUNDIAI|OSASCO|RIO DE JANEIRO|SAO JOSE DOS CAMPOS|SAO PAULO|SOROCABA|TAUBATE@24/04/19@01:03@227.99@2@###############################################################################MATHEUS LIMA@F@21/11/1995@(18) 55142-1393@CORSA@YIO-9923@COTIA|JUNDIAI|LORENA|OSASCO|RIO DE JANEIRO|SAO JOSE DOS CAMPOS|SAO PAULO@11/02/19@02:08@092.05@4@######################################################################################################
**********************BUSCAR**********************
AAVN190521
ALEXANDRE O MIXURUCA
F
21/12/1990
(23) 51752-4634
ONIX
AVN-4068
19/05/19
21:25
120.79
2
COTIA, JUNDIAI, OSASCO, RIO DE JANEIRO, SAO PAULO, SOROCABA

LMGP060201
LETICIA FERNANDES
M
13/08/1991
(85) 88347-0626
CIVIC
MGP-3375
06/02/19
01:36
143.08
4
COTIA, JUNDIAI, LORENA, OSASCO, RIO DE JANEIRO, SAO JOSE DOS CAMPOS, SAO PAULO, SOROCABA, TAUBATE

LMYI240401
LETICIA FERREIRA DOS SANTOS
F
01/02/1997
(24) 28114-3061
GOL
MYI-0679
24/04/19
01:03
227.99
2
COTIA, JUNDIAI, OSASCO, RIO DE JANEIRO, SAO JOSE DOS CAMPOS, SAO PAULO, SOROCABA, TAUBATE

MYIO110202
MATHEUS LIMA
F
21/11/1995
(18) 55142-1393
CORSA
YIO-9923
11/02/19
02:08
092.05
4
COTIA, JUNDIAI, LORENA, OSASCO, RIO DE JANEIRO, SAO JOSE DOS CAMPOS, SAO PAULO

PDZO060921
PABLO ESCOBAR
F
05/06/1994
(40) 09304-5903
UNO
DZO-3983
06/09/19
21:10
099.78
4
LORENA, OSASCO, SAO PAULO, SAO ROQUE, TAUBATE

REMO180416
ROBERT PATTINSON
F
17/05/1997
(58) 75387-7310
GOL
EMO-0885
18/04/19
16:14
236.15
3
OSASCO, RIO DE JANEIRO, SAO JOSE DOS CAMPOS, SAO ROQUE, TAUBATE
**********************LISTAR**********************
LMGP060201
LETICIA FERNANDES
M
13/08/1991
(85) 88347-0626
CIVIC
MGP-3375
06/02/19
01:36
143.08
4
COTIA, JUNDIAI, LORENA, OSASCO, RIO DE JANEIRO, SAO JOSE DOS CAMPOS, SAO PAULO, SOROCABA, TAUBATE

MYIO110202
MATHEUS LIMA
F
21/11/1995
(18) 55142-1393
CORSA
YIO-9923
11/02/19
02:08
092.05
4
COTIA, JUNDIAI, LORENA, OSASCO, RIO DE JANEIRO, SAO JOSE DOS CAMPOS, SAO PAULO

PEIL080411
PABLO PICASSO
M
06/11/1989
(63) 64579-0105
FOX
EIL-9584
08/04/19
11:41
005.59
4
COTIA, JUNDIAI, LORENA, RIO DE JANEIRO, SAO JOSE DOS CAMPOS, SAO ROQUE

LMYI240401
LETICIA FERREIRA DOS SANTOS
F
01/02/1997
(24) 28114-3061
GOL
MYI-0679
24/04/19
01:03
227.99
2
COTIA, JUNDIAI, OSASCO, RIO DE JANEIRO, SAO JOSE DOS CAMPOS, SAO PAULO, SOROCABA, TAUBATE

AAVN190521
ALEXANDRE O MIXURUCA
F
21/12/1990
(23) 51752-4634
ONIX
AVN-4068
19/05/19
21:25
120.79
2
COTIA, JUNDIAI, OSASCO, RIO DE JANEIRO, SAO PAULO, SOROCABA

LTBL260506
LETICIA CARRARA
F
14/11/1995
(56) 45321-5392
GOL
TBL-7434
26/05/19
06:60
074.29
4
COTIA, LORENA, SAO JOSE DOS CAMPOS, SOROCABA, TAUBATE

LMGP060201
LETICIA FERNANDES
M
13/08/1991
(85) 88347-0626
CIVIC
MGP-3375
06/02/19
01:36
143.08
4
COTIA, JUNDIAI, LORENA, OSASCO, RIO DE JANEIRO, SAO JOSE DOS CAMPOS, SAO PAULO, SOROCABA, TAUBATE

MYIO110202
MATHEUS LIMA
F
21/11/1995
(18) 55142-1393
CORSA
YIO-9923
11/02/19
02:08
092.05
4
COTIA, JUNDIAI, LORENA, OSASCO, RIO DE JANEIRO, SAO JOSE DOS CAMPOS, SAO PAULO

PEIL080411
PABLO PICASSO
M
06/11/1989
(63) 64579-0105
FOX
EIL-9584
08/04/19
11:41
005.59
4
COTIA, JUNDIAI, LORENA, RIO DE JANEIRO, SAO JOSE DOS CAMPOS, SAO ROQUE

AWAR230407
ANA JULIA
M
05/03/1989
(80) 70592-9561
ONIX
WAR-7627
23/04/19
07:59
186.14
3
JUNDIAI, LORENA, SAO PAULO

LMYI240401
LETICIA FERREIRA DOS SANTOS
F
01/02/1997
(24) 28114-3061
GOL
MYI-0679
24/04/19
01:03
227.99
2
COTIA, JUNDIAI, OSASCO, RIO DE JANEIRO, SAO JOSE DOS CAMPOS, SAO PAULO, SOROCABA, TAUBATE

AAVN190521
ALEXANDRE O MIXURUCA
F
21/12/1990
(23) 51752-4634
ONIX
AVN-4068
19/05/19
21:25
120.79
2
COTIA, JUNDIAI, OSASCO, RIO DE JANEIRO, SAO PAULO, SOROCABA

LMGP060201
LETICIA FERNANDES
M
13/08/1991
(85) 88347-0626
CIVIC
MGP-3375
06/02/19
01:36
143.08
4
COTIA, JUNDIAI, LORENA, OSASCO, RIO DE JANEIRO, SAO JOSE DOS CAMPOS, SAO PAULO, SOROCABA, TAUBATE

MYIO110202
MATHEUS LIMA
F
21/11/1995
(18) 55142-1393
CORSA
YIO-9923
11/02/19
02:08
092.05
4
COTIA, JUNDIAI, LORENA, OSASCO, RIO DE JANEIRO, SAO JOSE DOS CAMPOS, SAO PAULO

PEIL080411
PABLO PICASSO
M
06/11/1989
(63) 64579-0105
FOX
EIL-9584
08/04/19
11:41
005.59
4
COTIA, JUNDIAI, LORENA, RIO DE JANEIRO, SAO JOSE DOS CAMPOS, SAO ROQUE

AWAR230407
ANA JULIA
M
05/03/1989
(80) 70592-9561
ONIX
WAR-7627
23/04/19
07:59
186.14
3
JUNDIAI, LORENA, SAO PAULO

LTBL260506
LETICIA CARRARA
F
14/11/1995
(56) 45321-5392
GOL
TBL-7434
26/05/19
06:60
074.29
4
COTIA, LORENA, SAO JOSE DOS CAMPOS, SOROCABA, TAUBATE

PDZO060921
PABLO ESCOBAR
F
05/06/1994
(40) 09304-5903
UNO
DZO-3983
06/09/19
21:10
099.78
4
LORENA, OSASCO, SAO PAULO, SAO ROQUE, TAUBATE

LMGP060201
LETICIA FERNANDES
M
13/08/1991
(85) 88347-0626
CIVIC
MGP-3375
06/02/19
01:36
143.08
4
COTIA, JUNDIAI, LORENA, OSASCO, RIO DE JANEIRO, SAO JOSE DOS CAMPOS, SAO PAULO, SOROCABA, TAUBATE

MYIO110202
MATHEUS LIMA
F
21/11/1995
(18) 55142-1393
CORSA
YIO-9923
11/02/19
02:08
092.05
4
COTIA, JUNDIAI, LORENA, OSASCO, RIO DE JANEIRO, SAO JOSE DOS CAMPOS, SAO PAULO

REMO180416
ROBERT PATTINSON
F
17/05/1997
(58) 75387-7310
GOL
EMO-0885
18/04/19
16:14
236.15
3
OSASCO, RIO DE JANEIRO, SAO JOSE DOS CAMPOS, SAO ROQUE, TAUBATE

LMYI240401
LETICIA FERREIRA DOS SANTOS
F
01/02/1997
(24) 28114-3061
GOL
MYI-0679
24/04/19
01:03
227.99
2
COTIA, JUNDIAI, OSASCO, RIO DE JANEIRO, SAO JOSE DOS CAMPOS, SAO PAULO, SOROCABA, TAUBATE

AAVN190521
ALEXANDRE O MIXURUCA
F
21/12/1990
(23) 51752-4634
ONIX
AVN-4068
19/05/19
21:25
120.79
2
COTIA, JUNDIAI, OSASCO, RIO DE JANEIRO, SAO PAULO, SOROCABA

PDZO060921
PABLO ESCOBAR
F
05/06/1994
(40) 09304-5903
UNO
DZO-3983
06/09/19
21:10
099.78
4
LORENA, OSASCO, SAO PAULO, SAO ROQUE, TAUBATE

LMGP060201
LETICIA FERNANDES
M
13/08/1991
(85) 88347-0626
CIVIC
MGP-3375
06/02/19
01:36
143.08
4
COTIA, JUNDIAI, LORENA, OSASCO, RIO DE JANEIRO, SAO JOSE DOS CAMPOS, SAO PAULO, SOROCABA, TAUBATE

MYIO110202
MATHEUS LIMA
F
21/11/1995
(18) 55142-1393
CORSA
YIO-9923
11/02/19
02:08
092.05
4
COTIA, JUNDIAI, LORENA, OSASCO, RIO DE JANEIRO, SAO JOSE DOS CAMPOS, SAO PAULO

PEIL080411
PABLO PICASSO
M
06/11/1989
(63) 64579-0105
FOX
EIL-9584
08/04/19
11:41
005.59
4
COTIA, JUNDIAI, LORENA, RIO DE JANEIRO, SAO JOSE DOS CAMPOS, SAO ROQUE

REMO180416
ROBERT PATTINSON
F
17/05/1997
(58) 75387-7310
GOL
EMO-0885
18/04/19
16:14
236.15
3
OSASCO, RIO DE JANEIRO, SAO JOSE DOS CAMPOS, SAO ROQUE, TAUBATE

LMYI240401
LETICIA FERREIRA DOS SANTOS
F
01/02/1997
(24) 28114-3061
GOL
MYI-0679
24/04/19
01:03
227.99
2
COTIA, JUNDIAI, OSASCO, RIO DE JANEIRO, SAO JOSE DOS CAMPOS, SAO PAULO, SOROCABA, TAUBATE

AAVN190521
ALEXANDRE O MIXURUCA
F
21/12/1990
(23) 51752-4634
ONIX
AVN-4068
19/05/19
21:25
120.79
2
COTIA, JUNDIAI, OSASCO, RIO DE JANEIRO, SAO PAULO, SOROCABA

LMGP060201
LETICIA FERNANDES
M
13/08/1991
(85) 88347-0626
CIVIC
MGP-3375
06/02/19
01:36
143.08
4
COTIA, JUNDIAI, LORENA, OSASCO, RIO DE JANEIRO, SAO JOSE DOS CAMPOS, SAO PAULO, SOROCABA, TAUBATE

MYIO110202
MATHEUS LIMA
F
21/11/1995
(18) 55142-1393
CORSA
YIO-9923
11/02/19
02:08
092.05
4
COTIA, JUNDIAI, LORENA, OSASCO, RIO DE JANEIRO, SAO JOSE DOS CAMPOS, SAO PAULO

PEIL080411
PABLO PICASSO
M
06/11/1989
(63) 64579-0105
FOX
EIL-9584
08/04/19
11:41
005.59
4
COTIA, JUNDIAI, LORENA, RIO DE JANEIRO, SAO JOSE DOS CAMPOS, SAO ROQUE

REMO180416
ROBERT PATTINSON
F
17/05/1997
(58) 75387-7310
GOL
EMO-0885
18/04/19
16:14
236.15
3
OSASCO, RIO DE JANEIRO, SAO JOSE DOS CAMPOS, SAO ROQUE, TAUBATE

LMYI240401
LETICIA FERREIRA DOS SANTOS
F
01/02/1997
(24) 28114-3061
GOL
MYI-0679
24/04/19
01:03
227.99
2
COTIA, JUNDIAI, OSASCO, RIO DE JANEIRO, SAO JOSE DOS CAMPOS, SAO PAULO, SOROCABA, TAUBATE

LTBL260506
LETICIA CARRARA
F
14/11/1995
(56) 45321-5392
GOL
TBL-7434
26/05/19
06:60
074.29
4
COTIA, LORENA, SAO JOSE DOS CAMPOS, SOROCABA, TAUBATE

LMGP060201
LETICIA FERNANDES
M
13/08/1991
(85) 88347-0626
CIVIC
MGP-3375
06/02/19
01:36
143.08
4
COTIA, JUNDIAI, LORENA, OSASCO, RIO DE JANEIRO, SAO JOSE DOS CAMPOS, SAO PAULO, SOROCABA, TAUBATE

MYIO110202
MATHEUS LIMA
F
21/11/1995
(18) 55142-1393
CORSA
YIO-9923
11/02/19
02:08
092.05
4
COTIA, JUNDIAI, LORENA, OSASCO, RIO DE JANEIRO, SAO JOSE DOS CAMPOS, SAO PAULO

AWAR230407
ANA JULIA
M
05/03/1989
(80) 70592-9561
ONIX
WAR-7627
23/04/19
07:59
186.14
3
JUNDIAI, LORENA, SAO PAULO

LMYI240401
LETICIA FERREIRA DOS SANTOS
F
01/02/1997
(24) 28114-3061
GOL
MYI-0679
24/04/19
01:03
227.99
2
COTIA, JUNDIAI, OSASCO, RIO DE JANEIRO, SAO JOSE DOS CAMPOS, SAO PAULO, SOROCABA, TAUBATE

AAVN190521
ALEXANDRE O MIXURUCA
F
21/12/1990
(23) 51752-4634
ONIX
AVN-4068
19/05/19
21:25
120.79
2
COTIA, JUNDIAI, OSASCO, RIO DE JANEIRO, SAO PAULO, SOROCABA

PDZO060921
PABLO ESCOBAR
F
05/06/1994
(40) 09304-5903
UNO
DZO-3983
06/09/19
21:10
099.78
4
LORENA, OSASCO, SAO PAULO, SAO ROQUE, TAUBATE

PEIL080411
PABLO PICASSO
M
06/11/1989
(63) 64579-0105
FOX
EIL-9584
08/04/19
11:41
005.59
4
COTIA, JUNDIAI, LORENA, RIO DE JANEIRO, SAO JOSE DOS CAMPOS, SAO ROQUE

REMO180416
ROBERT PATTINSON
F
17/05/1997
(58) 75387-7310
GOL
EMO-0885
18/04/19
16:14
236.15
3
OSASCO, RIO DE JANEIRO, SAO JOSE DOS CAMPOS, SAO ROQUE, TAUBATE

PDZO060921
PABLO ESCOBAR
F
05/06/1994
(40) 09304-5903
UNO
DZO-3983
06/09/19
21:10
099.78
4
LORENA, OSASCO, SAO PAULO, SAO ROQUE, TAUBATE

LMGP060201
LETICIA FERNANDES
M
13/08/1991
(85) 88347-0626
CIVIC
MGP-3375
06/02/19
01:36
143.08
4
COTIA, JUNDIAI, LORENA, OSASCO, RIO DE JANEIRO, SAO JOSE DOS CAMPOS, SAO PAULO, SOROCABA, TAUBATE

LMYI240401
LETICIA FERREIRA DOS SANTOS
F
01/02/1997
(24) 28114-3061
GOL
MYI-0679
24/04/19
01:03
227.99
2
COTIA, JUNDIAI, OSASCO, RIO DE JANEIRO, SAO JOSE DOS CAMPOS, SAO PAULO, SOROCABA, TAUBATE

AAVN190521
ALEXANDRE O MIXURUCA
F
21/12/1990
(23) 51752-4634
ONIX
AVN-4068
19/05/19
21:25
120.79
2
COTIA, JUNDIAI, OSASCO, RIO DE JANEIRO, SAO PAULO, SOROCABA

LTBL260506
LETICIA CARRARA
F
14/11/1995
(56) 45321-5392
GOL
TBL-7434
26/05/19
06:60
074.29
4
COTIA, LORENA, SAO JOSE DOS CAMPOS, SOROCABA, TAUBATE

LMGP060201
LETICIA FERNANDES
M
13/08/1991
(85) 88347-0626
CIVIC
MGP-3375
06/02/19
01:36
143.08
4
COTIA, JUNDIAI, LORENA, OSASCO, RIO DE JANEIRO, SAO JOSE DOS CAMPOS, SAO PAULO, SOROCABA, TAUBATE

REMO180416
ROBERT PATTINSON
F
17/05/1997
(58) 75387-7310
GOL
EMO-0885
18/04/19
16:14
236.15
3
OSASCO, RIO DE JANEIRO, SAO JOSE DOS CAMPOS, SAO ROQUE, TAUBATE

LMYI240401
LETICIA FERREIRA DOS SANTOS
F
01/02/1997
(24) 28114-3061
GOL
MYI-0679
24/04/19
01:03
227.99
2
COTIA, JUNDIAI, OSASCO, RIO DE JANEIRO, SAO JOSE DOS CAMPOS, SAO PAULO, SOROCABA, TAUBATE

LTBL260506
LETICIA CARRARA
F
14/11/1995
(56) 45321-5392
GOL
TBL-7434
26/05/19
06:60
074.29
4
COTIA, LORENA, SAO JOSE DOS CAMPOS, SOROCABA, TAUBATE

PDZO060921
PABLO ESCOBAR
F
05/06/1994
(40) 09304-5903
UNO
DZO-3983
06/09/19
21:10
099.78
4
LORENA, OSASCO, SAO PAULO, SAO ROQUE, TAUBATE
**********************LISTAR**********************
AAVN190521
ALEXANDRE O MIXURUCA
F
21/12/1990
(23) 51752-4634
ONIX
AVN-4068
19/05/19
21:25
120.79
2
COTIA, JUNDIAI, OSASCO, RIO DE JANEIRO, SAO PAULO, SOROCABA

AWAR230407
ANA JULIA
M
05/03/1989
(80) 70592-9561
ONIX
WAR-7627
23/04/19
07:59
186.14
3
JUNDIAI, LORENA, SAO PAULO

LMGP060201
LETICIA FERNANDES
M
13/08/1991
(85) 88347-0626
CIVIC
MGP-3375
06/02/19
01:36
143.08
4
COTIA, JUNDIAI, LORENA, OSASCO, RIO DE JANEIRO, SAO JOSE DOS CAMPOS, SAO PAULO, SOROCABA, TAUBATE

LMYI240401
LETICIA FERREIRA DOS SANTOS
F
01/02/1997
(24) 28114-3061
GOL
MYI-0679
24/04/19
01:03
227.99
2
COTIA, JUNDIAI, OSASCO, RIO DE JANEIRO, SAO JOSE DOS CAMPOS, SAO PAULO, SOROCABA, TAUBATE

LTBL260506
LETICIA CARRARA
F
14/11/1995
(56) 45321-5392
GOL
TBL-7434
26/05/19
06:60
074.29
4
COTIA, LORENA, SAO JOSE DOS CAMPOS, SOROCABA, TAUBATE

MYIO110202
MATHEUS LIMA
F
21/11/1995
(18) 55142-1393
CORSA
YIO-9923
11/02/19
02:08
092.05
4
COTIA, JUNDIAI, LORENA, OSASCO, RIO DE JANEIRO, SAO JOSE DOS CAMPOS, SAO PAULO

PDZO060921
PABLO ESCOBAR
F
05/06/1994
(40) 09304-5903
UNO
DZO-3983
06/09/19
21:10
099.78
4
LORENA, OSASCO, SAO PAULO, SAO ROQUE, TAUBATE

PEIL080411
PABLO PICASSO
M
06/11/1989
(63) 64579-0105
FOX
EIL-9584
08/04/19
11:41
005.59
4
COTIA, JUNDIAI, LORENA, RIO DE JANEIRO, SAO JOSE DOS CAMPOS, SAO ROQUE

REMO180416
ROBERT PATTINSON
F
17/05/1997
(58) 75387-7310
GOL
EMO-0885
18/04/19
16:14
236.15
3
OSASCO, RIO DE JANEIRO, SAO JOSE DOS CAMPOS, SAO ROQUE, TAUBATE
**********************ARQUIVO*********************
LETICIA CARRARA@F@14/11/1995@(56) 45321-5392@GOL@TBL-7434@COTIA|LORENA|SAO JOSE DOS CAMPOS|SOROCABA|TAUBATE@26/05/19@06:60@074.29@4@############################################################################################################################PABLO ESCOBAR@F@05/06/1994@(40) 09304-5903@UNO@DZO-3983@LORENA|OSASCO|SAO PAULO|SAO ROQUE|TAUBATE@06/09/19@21:10@099.78@4@######################################################################################################################################PABLO PICASSO@M@06/11/1989@(63) 64579-0105@FOX@EIL-9584@COTIA|JUNDIAI|LORENA|RIO DE JANEIRO|SAO JOSE DOS CAMPOS|SAO ROQUE@08/04/19@11:41@005.59@4@##############################################################################################################LETICIA FERNANDES@M@13/08/1991@(85) 88347-0626@CIVIC@MGP-3375@COTIA|JUNDIAI|LORENA|OSASCO|RIO DE JANEIRO|SAO JOSE DOS CAMPOS|SAO PAULO|SOROCABA|TAUBATE@06/02/19@01:36@143.08@4@################################################################################ALEXANDRE O MIXURUCA@F@21/12/1990@(23) 51752-4634@ONIX@AVN-4068@COTIA|JUNDIAI|OSASCO|RIO DE JANEIRO|SAO PAULO|SOROCABA@19/05/19@21:25@120.79@2@#################################################################################################################ROBERT PATTINSON@F@17/05/1997@(58) 75387-7310@GOL@EMO-0885@OSASCO|RIO DE JANEIRO|SAO JOSE DOS CAMPOS|SAO ROQUE|TAUBATE@18/04/19@16:14@236.15@3@#################################################################################################################LETICIA FERREIRA DOS SANTOS@F@01/02/1997@(24) 28114-3061@GOL@MYI-0679@COTIA|JUNDIAI|OSASCO|RIO DE JANEIRO|SAO JOSE DOS CAMPOS|SAO PAULO|SOROCABA|TAUBATE@24/04/19@01:03@227.99@2@###############################################################################MATHEUS LIMA@F@21/11/1995@(18) 55142-1393@CORSA@YIO-9923@COTIA|JUNDIAI|LORENA|OSASCO|RIO DE JANEIRO|SAO JOSE DOS CAMPOS|SAO PAULO@11/02/19@02:08@092.05@4@######################################################################################################ANA JULIA@M@05/03/1989@(80) 70592-9561@ONIX@WAR-7627@JUNDIAI|LORENA|SAO PAULO@23/04/19@07:59@186.14@3@##########################################################################################################################################################
