**********************LISTAR**********************
Registro(s) nao encontrado!
**********************ALTERAR*********************
OPERACAO REALIZADA COM SUCESSO!
**********************BUSCAR**********************
Registro(s) nao encontrado!
**********************ALTERAR*********************
Registro(s) nao encontrado!
FALHA AO REALIZAR OPERACAO!
**********************ARQUIVO*********************
ANA JULIA@M@26/09/1995@(30) 41244-9305@HB20@BKB-8143@SOROCABA|TAUBATE@24/01/19@16:46@034.06@3@##################################################################################################################################################################
*****************ARQUIVO SECUNDARIO****************
ABKB240116 ANA JULIA
*****************ARQUIVO SECUNDARIO****************
ABKB240116 16:46
*****************ARQUIVO SECUNDARIO****************
ABKB240116 16:46
LDGZ270416 16:56
**********************ARQUIVO*********************
ANA JULIA@M@26/09/1995@(30) 41244-9305@HB20@BKB-8143@SOROCABA|TAUBATE@24/01/19@16:46@034.06@3@##################################################################################################################################################################LETICIA OLIVEIRA FERREIRA@M@23/01/1996@(56) 67828-2173@CELTA@DGZ-6860@COTIA|JUNDIAI|LORENA|OSASCO|RIO DE JANEIRO|SAO JOSE DOS CAMPOS|SAO PAULO|SAO ROQUE|SOROCABA|TAUBATE@27/04/19@16:56@027.01@2@##############################################################
**********************ALTERAR*********************
OPERACAO REALIZADA COM SUCESSO!
*****************ARQUIVO SECUNDARIO****************
COTIA LDGZ270416
JUNDIAI JNTA150510 LDGZ270416
LORENA JNTA150510 LDGZ270416
OSASCO LDGZ270416
RIO DE JANEIRO LDGZ270416
SAO JOSE DOS CAMPOS LDGZ270416
SAO PAULO LDGZ270416
SAO ROQUE JNTA150510 LDGZ270416
SOROCABA ABKB240116 LDGZ270416
TAUBATE ABKB240116 JNTA150510 LDGZ270416
**********************ALTERAR*********************
OPERACAO REALIZADA COM SUCESSO!
**********************BUSCAR**********************
FPTK240822
FELIPE COUTINHO
M
24/11/1993
(23) 92003-4020
FIT
PTK-4803
24/08/19
22:15
162.74
4
LORENA, OSASCO, RIO DE JANEIRO, SAO JOSE DOS CAMPOS, SAO PAULO, SAO ROQUE

JNTA150510
JULIANA PAES
F
24/04/1990
(50) 07142-0170
HB20
NTA-2103
15/05/19
10:45
090.45
4
JUNDIAI, LORENA, SAO ROQUE, TAUBATE

LDGZ270416
LETICIA OLIVEIRA FERREIRA
M
23/01/1996
(56) 67828-2173
CELTA
DGZ-6860
27/04/19
16:56
027.01
3
COTIA, JUNDIAI, LORENA, OSASCO, RIO DE JANEIRO, SAO JOSE DOS CAMPOS, SAO PAULO, SAO ROQUE, SOROCABA, TAUBATE
**********************LISTAR**********************
GMJQ140918
GABRIEL O ANJO
F
04/10/1995
(15) 21828-0458
CELTA
MJQ-2446
14/09/19
18:32
160.85
3
COTIA, OSASCO, RIO DE JANEIRO, SAO JOSE DOS CAMPOS, SAO ROQUE, SOROCABA, TAUBATE

LDGZ270416
LETICIA OLIVEIRA FERREIRA
M
23/01/1996
(56) 67828-2173
CELTA
DGZ-6860
27/04/19
16:56
027.01
3
COTIA, JUNDIAI, LORENA, OSASCO, RIO DE JANEIRO, SAO JOSE DOS CAMPOS, SAO PAULO, SAO ROQUE, SOROCABA, TAUBATE

TFXF220621
TATIANA MONTEIRO
M
21/12/1992
(04) 96549-7283
ONIX
FXF-1604
22/06/19
21:42
120.68
1
COTIA, JUNDIAI, LORENA, OSASCO, RIO DE JANEIRO, SAO JOSE DOS CAMPOS, SAO PAULO, SAO ROQUE, SOROCABA, TAUBATE
JNTA150510
JULIANA PAES
F
24/04/1990
(50) 07142-0170
HB20
NTA-2103
15/05/19
10:45
090.45
4
JUNDIAI, LORENA, SAO ROQUE, TAUBATE

LDGZ270416
LETICIA OLIVEIRA FERREIRA
M
23/01/1996
(56) 67828-2173
CELTA
DGZ-6860
27/04/19
16:56
027.01
3
COTIA, JUNDIAI, LORENA, OSASCO, RIO DE JANEIRO, SAO JOSE DOS CAMPOS, SAO PAULO, SAO ROQUE, SOROCABA, TAUBATE

TFXF220621
TATIANA MONTEIRO
M
21/12/1992
(04) 96549-7283
ONIX
FXF-1604
22/06/19
21:42
120.68
1
COTIA, JUNDIAI, LORENA, OSASCO, RIO DE JANEIRO, SAO JOSE DOS CAMPOS, SAO PAULO, SAO ROQUE, SOROCABA, TAUBATE
FPTK240822
FELIPE COUTINHO
M
24/11/1993
(23) 92003-4020
FIT
PTK-4803
24/08/19
22:15
162.74
4
LORENA, OSASCO, RIO DE JANEIRO, SAO JOSE DOS CAMPOS, SAO PAULO, SAO ROQUE

JNTA150510
JULIANA PAES
F
24/04/1990
(50) 07142-0170
HB20
NTA-2103
15/05/19
10:45
090.45
4
JUNDIAI, LORENA, SAO ROQUE, TAUBATE

LDGZ270416
LETICIA OLIVEIRA FERREIRA
M
23/01/1996
(56) 67828-2173
CELTA
DGZ-6860
27/04/19
16:56
027.01
3
COTIA, JUNDIAI, LORENA, OSASCO, RIO DE JANEIRO, SAO JOSE DOS CAMPOS, SAO PAULO, SAO ROQUE, SOROCABA, TAUBATE

TFXF220621
TATIANA MONTEIRO
M
21/12/1992
(04) 96549-7283
ONIX
FXF-1604
22/06/19
21:42
120.68
1
COTIA, JUNDIAI, LORENA, OSASCO, RIO DE JANEIRO, SAO JOSE DOS CAMPOS, SAO PAULO, SAO ROQUE, SOROCABA, TAUBATE
FPTK240822
FELIPE COUTINHO
M
24/11/1993
(23) 92003-4020
FIT
PTK-4803
24/08/19
22:15
162.74
4
LORENA, OSASCO, RIO DE JANEIRO, SAO JOSE DOS CAMPOS, SAO PAULO, SAO ROQUE

GMJQ140918
GABRIEL O ANJO
F
04/10/1995
(15) 21828-0458
CELTA
MJQ-2446
14/09/19
18:32
160.85
3
COTIA, OSASCO, RIO DE JANEIRO, SAO JOSE DOS CAMPOS, SAO ROQUE, SOROCABA, TAUBATE

LDGZ270416
LETICIA OLIVEIRA FERREIRA
M
23/01/1996
(56) 67828-2173
CELTA
DGZ-6860
27/04/19
16:56
027.01
3
COTIA, JUNDIAI, LORENA, OSASCO, RIO DE JANEIRO, SAO JOSE DOS CAMPOS, SAO PAULO, SAO ROQUE, SOROCABA, TAUBATE

TFXF220621
TATIANA MONTEIRO
M
21/12/1992
(04) 96549-7283
ONIX
FXF-1604
22/06/19
21:42
120.68
1
COTIA, JUNDIAI, LORENA, OSASCO, RIO DE JANEIRO, SAO JOSE DOS CAMPOS, SAO PAULO, SAO ROQUE, SOROCABA, TAUBATE
FPTK240822
FELIPE COUTINHO
M
24/11/1993
(23) 92003-4020
FIT
PTK-4803
24/08/19
22:15
162.74
4
LORENA, OSASCO, RIO DE JANEIRO, SAO JOSE DOS CAMPOS, SAO PAULO, SAO ROQUE

GMJQ140918
GABRIEL O ANJO
F
04/10/1995
(15) 21828-0458
CELTA
MJQ-2446
14/09/19
18:32
160.85
3
COTIA, OSASCO, RIO DE JANEIRO, SAO JOSE DOS CAMPOS, SAO ROQUE, SOROCABA, TAUBATE

LDGZ270416
LETICIA OLIVEIRA FERREIRA
M
23/01/1996
(56) 67828-2173
CELTA
DGZ-6860
27/04/19
16:56
027.01
3
COTIA, JUNDIAI, LORENA, OSASCO, RIO DE JANEIRO, SAO JOSE DOS CAMPOS, SAO PAULO, SAO ROQUE, SOROCABA, TAUBATE

TFXF220621
TATIANA MONTEIRO
M
21/12/1992
(04) 96549-7283
ONIX
FXF-1604
22/06/19
21:42
120.68
1
COTIA, JUNDIAI, LORENA, OSASCO, RIO DE JANEIRO, SAO JOSE DOS CAMPOS, SAO PAULO, SAO ROQUE, SOROCABA, TAUBATE
FPTK240822
FELIPE COUTINHO
M
24/11/1993
(23) 92003-4020
FIT
PTK-4803
24/08/19
22:15
162.74
4
LORENA, OSASCO, RIO DE JANEIRO, SAO JOSE DOS CAMPOS, SAO PAULO, SAO ROQUE

GMJQ140918
GABRIEL O ANJO
F
04/10/1995
(15) 21828-0458
CELTA
MJQ-2446
14/09/19
18:32
160.85
3
COTIA, OSASCO, RIO DE JANEIRO, SAO JOSE DOS CAMPOS, SAO ROQUE, SOROCABA, TAUBATE

LDGZ270416
LETICIA OLIVEIRA FERREIRA
M
23/01/1996
(56) 67828-2173
CELTA
DGZ-6860
27/04/19
16:56
027.01
3
COTIA, JUNDIAI, LORENA, OSASCO, RIO DE JANEIRO, SAO JOSE DOS CAMPOS, SAO PAULO, SAO ROQUE, SOROCABA, TAUBATE

TFXF220621
TATIANA MONTEIRO
M
21/12/1992
(04) 96549-7283
ONIX
FXF-1604
22/06/19
21:42
120.68
1
COTIA, JUNDIAI, LORENA, OSASCO, RIO DE JANEIRO, SAO JOSE DOS CAMPOS, SAO PAULO, SAO ROQUE, SOROCABA, TAUBATE
FPTK240822
FELIPE COUTINHO
M
24/11/1993
(23) 92003-4020
FIT
PTK-4803
24/08/19
22:15
162.74
4
LORENA, OSASCO, RIO DE JANEIRO, SAO JOSE DOS CAMPOS, SAO PAULO, SAO ROQUE

LDGZ270416
LETICIA OLIVEIRA FERREIRA
M
23/01/1996
(56) 67828-2173
CELTA
DGZ-6860
27/04/19
16:56
027.01
3
COTIA, JUNDIAI, LORENA, OSASCO, RIO DE JANEIRO, SAO JOSE DOS CAMPOS, SAO PAULO, SAO ROQUE, SOROCABA, TAUBATE

TFXF220621
TATIANA MONTEIRO
M
21/12/1992
(04) 96549-7283
ONIX
FXF-1604
22/06/19
21:42
120.68
1
COTIA, JUNDIAI, LORENA, OSASCO, RIO DE JANEIRO, SAO JOSE DOS CAMPOS, SAO PAULO, SAO ROQUE, SOROCABA, TAUBATE
FPTK240822
FELIPE COUTINHO
M
24/11/1993
(23) 92003-4020
FIT
PTK-4803
24/08/19
22:15
162.74
4
LORENA, OSASCO, RIO DE JANEIRO, SAO JOSE DOS CAMPOS, SAO PAULO, SAO ROQUE

GMJQ140918
GABRIEL O ANJO
F
04/10/1995
(15) 21828-0458
CELTA
MJQ-2446
14/09/19
18:32
160.85
3
COTIA, OSASCO, RIO DE JANEIRO, SAO JOSE DOS CAMPOS, SAO ROQUE, SOROCABA, TAUBATE

JNTA150510
JULIANA PAES
F
24/04/1990
(50) 07142-0170
HB20
NTA-2103
15/05/19
10:45
090.45
4
JUNDIAI, LORENA, SAO ROQUE, TAUBATE

LDGZ270416
LETICIA OLIVEIRA FERREIRA
M
23/01/1996
(56) 67828-2173
CELTA
DGZ-6860
27/04/19
16:56
027.01
3
COTIA, JUNDIAI, LORENA, OSASCO, RIO DE JANEIRO, SAO JOSE DOS CAMPOS, SAO PAULO, SAO ROQUE, SOROCABA, TAUBATE

TFXF220621
TATIANA MONTEIRO
M
21/12/1992
(04) 96549-7283
ONIX
FXF-1604
22/06/19
21:42
120.68
1
COTIA, JUNDIAI, LORENA, OSASCO, RIO DE JANEIRO, SAO JOSE DOS CAMPOS, SAO PAULO, SAO ROQUE, SOROCABA, TAUBATE
ABKB240116
ANA JULIA
M
26/09/1995
(30) 41244-9305
HB20
BKB-8143
24/01/19
16:46
034.06
2
SOROCABA, TAUBATE

GMJQ140918
GABRIEL O ANJO
F
04/10/1995
(15) 21828-0458
CELTA
MJQ-2446
14/09/19
18:32
160.85
3
COTIA, OSASCO, RIO DE JANEIRO, SAO JOSE DOS CAMPOS, SAO ROQUE, SOROCABA, TAUBATE

LDGZ270416
LETICIA OLIVEIRA FERREIRA
M
23/01/1996
(56) 67828-2173
CELTA
DGZ-6860
27/04/19
16:56
027.01
3
COTIA, JUNDIAI, LORENA, OSASCO, RIO DE JANEIRO, SAO JOSE DOS CAMPOS, SAO PAULO, SAO ROQUE, SOROCABA, TAUBATE

TFXF220621
TATIANA MONTEIRO
M
21/12/1992
(04) 96549-7283
ONIX
FXF-1604
22/06/19
21:42
120.68
1
COTIA, JUNDIAI, LORENA, OSASCO, RIO DE JANEIRO, SAO JOSE DOS CAMPOS, SAO PAULO, SAO ROQUE, SOROCABA, TAUBATE
ABKB240116
ANA JULIA
M
26/09/1995
(30) 41244-9305
HB20
BKB-8143
24/01/19
16:46
034.06
2
SOROCABA, TAUBATE

GMJQ140918
GABRIEL O ANJO
F
04/10/1995
(15) 21828-0458
CELTA
MJQ-2446
14/09/19
18:32
160.85
3
COTIA, OSASCO, RIO DE JANEIRO, SAO JOSE DOS CAMPOS, SAO ROQUE, SOROCABA, TAUBATE

JNTA150510
JULIANA PAES
F
24/04/1990
(50) 07142-0170
HB20
NTA-2103
15/05/19
10:45
090.45
4
JUNDIAI, LORENA, SAO ROQUE, TAUBATE

LDGZ270416
LETICIA OLIVEIRA FERREIRA
M
23/01/1996
(56) 67828-2173
CELTA
DGZ-6860
27/04/19
16:56
027.01
3
COTIA, JUNDIAI, LORENA, OSASCO, RIO DE JANEIRO, SAO JOSE DOS CAMPOS, SAO PAULO, SAO ROQUE, SOROCABA, TAUBATE

TFXF220621
TATIANA MONTEIRO
M
21/12/1992
(04) 96549-7283
ONIX
FXF-1604
22/06/19
21:42
120.68
1
COTIA, JUNDIAI, LORENA, OSASCO, RIO DE JANEIRO, SAO JOSE DOS CAMPOS, SAO PAULO, SAO ROQUE, SOROCABA, TAUBATE
**********************ALTERAR*********************
Registro(s) nao encontrado!
FALHA AO REALIZAR OPERACAO!
**********************BUSCAR**********************
TFXF220621
TATIANA MONTEIRO
M
21/12/1992
(04) 96549-7283
ONIX
FXF-1604
22/06/19
21:42
120.68
1
COTIA, JUNDIAI, LORENA, OSASCO, RIO DE JANEIRO, SAO JOSE DOS CAMPOS, SAO PAULO, SAO ROQUE, SOROCABA, TAUBATE
**********************ALTERAR*********************
OPERACAO REALIZADA COM SUCESSO!
**********************LISTAR**********************
GEDS250205
GABRIELA ALVEZ
F
26/05/1990
(50) 27252-7304
ONIX
EDS-7809
25/02/19
05:18
114.31
2
COTIA, LORENA, SAO ROQUE

LDGZ270416
LETICIA OLIVEIRA FERREIRA
M
23/01/1996
(56) 67828-2173
CELTA
DGZ-6860
27/04/19
16:56
027.01
1
COTIA, JUNDIAI, LORENA, OSASCO, RIO DE JANEIRO, SAO JOSE DOS CAMPOS, SAO PAULO, SAO ROQUE, SOROCABA, TAUBATE

TFXF220621
TATIANA MONTEIRO
M
21/12/1992
(04) 96549-7283
ONIX
FXF-1604
22/06/19
21:42
120.68
1
COTIA, JUNDIAI, LORENA, OSASCO, RIO DE JANEIRO, SAO JOSE DOS CAMPOS, SAO PAULO, SAO ROQUE, SOROCABA, TAUBATE

GMJQ140918
GABRIEL O ANJO
F
04/10/1995
(15) 21828-0458
CELTA
MJQ-2446
14/09/19
18:32
160.85
3
COTIA, OSASCO, RIO DE JANEIRO, SAO JOSE DOS CAMPOS, SAO ROQUE, SOROCABA, TAUBATE

LDGZ270416
LETICIA OLIVEIRA FERREIRA
M
23/01/1996
(56) 67828-2173
CELTA
DGZ-6860
27/04/19
16:56
027.01
1
COTIA, JUNDIAI, LORENA, OSASCO, RIO DE JANEIRO, SAO JOSE DOS CAMPOS, SAO PAULO, SAO ROQUE, SOROCABA, TAUBATE

JNTA150510
JULIANA PAES
F
24/04/1990
(50) 07142-0170
HB20
NTA-2103
15/05/19
10:45
090.45
4
JUNDIAI, LORENA, SAO ROQUE, TAUBATE

BRQP120604
BRUNA MARQUEZINE
F
27/05/1997
(96) 11776-7283
CORSA
RQP-5299
12/06/19
04:47
208.47
3
JUNDIAI, OSASCO, RIO DE JANEIRO, SAO JOSE DOS CAMPOS, SAO PAULO, SOROCABA, TAUBATE

TFXF220621
TATIANA MONTEIRO
M
21/12/1992
(04) 96549-7283
ONIX
FXF-1604
22/06/19
21:42
120.68
1
COTIA, JUNDIAI, LORENA, OSASCO, RIO DE JANEIRO, SAO JOSE DOS CAMPOS, SAO PAULO, SAO ROQUE, SOROCABA, TAUBATE

GEDS250205
GABRIELA ALVEZ
F
26/05/1990
(50) 27252-7304
ONIX
EDS-7809
25/02/19
05:18
114.31
2
COTIA, LORENA, SAO ROQUE

LDGZ270416
LETICIA OLIVEIRA FERREIRA
M
23/01/1996
(56) 67828-2173
CELTA
DGZ-6860
27/04/19
16:56
027.01
1
COTIA, JUNDIAI, LORENA, OSASCO, RIO DE JANEIRO, SAO JOSE DOS CAMPOS, SAO PAULO, SAO ROQUE, SOROCABA, TAUBATE

JNTA150510
JULIANA PAES
F
24/04/1990
(50) 07142-0170
HB20
NTA-2103
15/05/19
10:45
090.45
4
JUNDIAI, LORENA, SAO ROQUE, TAUBATE

TFXF220621
TATIANA MONTEIRO
M
21/12/1992
(04) 96549-7283
ONIX
FXF-1604
22/06/19
21:42
120.68
1
COTIA, JUNDIAI, LORENA, OSASCO, RIO DE JANEIRO, SAO JOSE DOS CAMPOS, SAO PAULO, SAO ROQUE, SOROCABA, TAUBATE

FPTK240822
FELIPE COUTINHO
M
24/11/1993
(23) 92003-4020
FIT
PTK-4803
24/08/19
22:15
162.74
4
LORENA, OSASCO, RIO DE JANEIRO, SAO JOSE DOS CAMPOS, SAO PAULO, SAO ROQUE

LDGZ270416
LETICIA OLIVEIRA FERREIRA
M
23/01/1996
(56) 67828-2173
CELTA
DGZ-6860
27/04/19
16:56
027.01
1
COTIA, JUNDIAI, LORENA, OSASCO, RIO DE JANEIRO, SAO JOSE DOS CAMPOS, SAO PAULO, SAO ROQUE, SOROCABA, TAUBATE

BRQP120604
BRUNA MARQUEZINE
F
27/05/1997
(96) 11776-7283
CORSA
RQP-5299
12/06/19
04:47
208.47
3
JUNDIAI, OSASCO, RIO DE JANEIRO, SAO JOSE DOS CAMPOS, SAO PAULO, SOROCABA, TAUBATE

TFXF220621
TATIANA MONTEIRO
M
21/12/1992
(04) 96549-7283
ONIX
FXF-1604
22/06/19
21:42
120.68
1
COTIA, JUNDIAI, LORENA, OSASCO, RIO DE JANEIRO, SAO JOSE DOS CAMPOS, SAO PAULO, SAO ROQUE, SOROCABA, TAUBATE

FPTK240822
FELIPE COUTINHO
M
24/11/1993
(23) 92003-4020
FIT
PTK-4803
24/08/19
22:15
162.74
4
LORENA, OSASCO, RIO DE JANEIRO, SAO JOSE DOS CAMPOS, SAO PAULO, SAO ROQUE

GMJQ140918
GABRIEL O ANJO
F
04/10/1995
(15) 21828-0458
CELTA
MJQ-2446
14/09/19
18:32
160.85
3
COTIA, OSASCO, RIO DE JANEIRO, SAO JOSE DOS CAMPOS, SAO ROQUE, SOROCABA, TAUBATE

LDGZ270416
LETICIA OLIVEIRA FERREIRA
M
23/01/1996
(56) 67828-2173
CELTA
DGZ-6860
27/04/19
16:56
027.01
1
COTIA, JUNDIAI, LORENA, OSASCO, RIO DE JANEIRO, SAO JOSE DOS CAMPOS, SAO PAULO, SAO ROQUE, SOROCABA, TAUBATE

BRQP120604
BRUNA MARQUEZINE
F
27/05/1997
(96) 11776-7283
CORSA
RQP-5299
12/06/19
04:47
208.47
3
JUNDIAI, OSASCO, RIO DE JANEIRO, SAO JOSE DOS CAMPOS, SAO PAULO, SOROCABA, TAUBATE

TFXF220621
TATIANA MONTEIRO
M
21/12/1992
(04) 96549-7283
ONIX
FXF-1604
22/06/19
21:42
120.68
1
COTIA, JUNDIAI, LORENA, OSASCO, RIO DE JANEIRO, SAO JOSE DOS CAMPOS, SAO PAULO, SAO ROQUE, SOROCABA, TAUBATE

FPTK240822
FELIPE COUTINHO
M
24/11/1993
(23) 92003-4020
FIT
PTK-4803
24/08/19
22:15
162.74
4
LORENA, OSASCO, RIO DE JANEIRO, SAO JOSE DOS CAMPOS, SAO PAULO, SAO ROQUE

GMJQ140918
GABRIEL O ANJO
F
04/10/1995
(15) 21828-0458
CELTA
MJQ-2446
14/09/19
18:32
160.85
3
COTIA, OSASCO, RIO DE JANEIRO, SAO JOSE DOS CAMPOS, SAO ROQUE, SOROCABA, TAUBATE

LDGZ270416
LETICIA OLIVEIRA FERREIRA
M
23/01/1996
(56) 67828-2173
CELTA
DGZ-6860
27/04/19
16:56
027.01
1
COTIA, JUNDIAI, LORENA, OSASCO, RIO DE JANEIRO, SAO JOSE DOS CAMPOS, SAO PAULO, SAO ROQUE, SOROCABA, TAUBATE

BRQP120604
BRUNA MARQUEZINE
F
27/05/1997
(96) 11776-7283
CORSA
RQP-5299
12/06/19
04:47
208.47
3
JUNDIAI, OSASCO, RIO DE JANEIRO, SAO JOSE DOS CAMPOS, SAO PAULO, SOROCABA, TAUBATE

TFXF220621
TATIANA MONTEIRO
M
21/12/1992
(04) 96549-7283
ONIX
FXF-1604
22/06/19
21:42
120.68
1
COTIA, JUNDIAI, LORENA, OSASCO, RIO DE JANEIRO, SAO JOSE DOS CAMPOS, SAO PAULO, SAO ROQUE, SOROCABA, TAUBATE

FPTK240822
FELIPE COUTINHO
M
24/11/1993
(23) 92003-4020
FIT
PTK-4803
24/08/19
22:15
162.74
4
LORENA, OSASCO, RIO DE JANEIRO, SAO JOSE DOS CAMPOS, SAO PAULO, SAO ROQUE

GMJQ140918
GABRIEL O ANJO
F
04/10/1995
(15) 21828-0458
CELTA
MJQ-2446
14/09/19
18:32
160.85
3
COTIA, OSASCO, RIO DE JANEIRO, SAO JOSE DOS CAMPOS, SAO ROQUE, SOROCABA, TAUBATE

LDGZ270416
LETICIA OLIVEIRA FERREIRA
M
23/01/1996
(56) 67828-2173
CELTA
DGZ-6860
27/04/19
16:56
027.01
1
COTIA, JUNDIAI, LORENA, OSASCO, RIO DE JANEIRO, SAO JOSE DOS CAMPOS, SAO PAULO, SAO ROQUE, SOROCABA, TAUBATE

BRQP120604
BRUNA MARQUEZINE
F
27/05/1997
(96) 11776-7283
CORSA
RQP-5299
12/06/19
04:47
208.47
3
JUNDIAI, OSASCO, RIO DE JANEIRO, SAO JOSE DOS CAMPOS, SAO PAULO, SOROCABA, TAUBATE

TFXF220621
TATIANA MONTEIRO
M
21/12/1992
(04) 96549-7283
ONIX
FXF-1604
22/06/19
21:42
120.68
1
COTIA, JUNDIAI, LORENA, OSASCO, RIO DE JANEIRO, SAO JOSE DOS CAMPOS, SAO PAULO, SAO ROQUE, SOROCABA, TAUBATE

FPTK240822
FELIPE COUTINHO
M
24/11/1993
(23) 92003-4020
FIT
PTK-4803
24/08/19
22:15
162.74
4
LORENA, OSASCO, RIO DE JANEIRO, SAO JOSE DOS CAMPOS, SAO PAULO, SAO ROQUE

GEDS250205
GABRIELA ALVEZ
F
26/05/1990
(50) 27252-7304
ONIX
EDS-7809
25/02/19
05:18
114.31
2
COTIA, LORENA, SAO ROQUE

LDGZ270416
LETICIA OLIVEIRA FERREIRA
M
23/01/1996
(56) 67828-2173
CELTA
DGZ-6860
27/04/19
16:56
027.01
1
COTIA, JUNDIAI, LORENA, OSASCO, RIO DE JANEIRO, SAO JOSE DOS CAMPOS, SAO PAULO, SAO ROQUE, SOROCABA, TAUBATE

JNTA150510
JULIANA PAES
F
24/04/1990
(50) 07142-0170
HB20
NTA-2103
15/05/19
10:45
090.45
4
JUNDIAI, LORENA, SAO ROQUE, TAUBATE

TFXF220621
TATIANA MONTEIRO
M
21/12/1992
(04) 96549-7283
ONIX
FXF-1604
22/06/19
21:42
120.68
1
COTIA, JUNDIAI, LORENA, OSASCO, RIO DE JANEIRO, SAO JOSE DOS CAMPOS, SAO PAULO, SAO ROQUE, SOROCABA, TAUBATE

FPTK240822
FELIPE COUTINHO
M
24/11/1993
(23) 92003-4020
FIT
PTK-4803
24/08/19
22:15
162.74
4
LORENA, OSASCO, RIO DE JANEIRO, SAO JOSE DOS CAMPOS, SAO PAULO, SAO ROQUE

GMJQ140918
GABRIEL O ANJO
F
04/10/1995
(15) 21828-0458
CELTA
MJQ-2446
14/09/19
18:32
160.85
3
COTIA, OSASCO, RIO DE JANEIRO, SAO JOSE DOS CAMPOS, SAO ROQUE, SOROCABA, TAUBATE

ABKB240116
ANA JULIA
M
26/09/1995
(30) 41244-9305
HB20
BKB-8143
24/01/19
16:46
034.06
2
SOROCABA, TAUBATE

LDGZ270416
LETICIA OLIVEIRA FERREIRA
M
23/01/1996
(56) 67828-2173
CELTA
DGZ-6860
27/04/19
16:56
027.01
1
COTIA, JUNDIAI, LORENA, OSASCO, RIO DE JANEIRO, SAO JOSE DOS CAMPOS, SAO PAULO, SAO ROQUE, SOROCABA, TAUBATE

BRQP120604
BRUNA MARQUEZINE
F
27/05/1997
(96) 11776-7283
CORSA
RQP-5299
12/06/19
04:47
208.47
3
JUNDIAI, OSASCO, RIO DE JANEIRO, SAO JOSE DOS CAMPOS, SAO PAULO, SOROCABA, TAUBATE

TFXF220621
TATIANA MONTEIRO
M
21/12/1992
(04) 96549-7283
ONIX
FXF-1604
22/06/19
21:42
120.68
1
COTIA, JUNDIAI, LORENA, OSASCO, RIO DE JANEIRO, SAO JOSE DOS CAMPOS, SAO PAULO, SAO ROQUE, SOROCABA, TAUBATE

GMJQ140918
GABRIEL O ANJO
F
04/10/1995
(15) 21828-0458
CELTA
MJQ-2446
14/09/19
18:32
160.85
3
COTIA, OSASCO, RIO DE JANEIRO, SAO JOSE DOS CAMPOS, SAO ROQUE, SOROCABA, TAUBATE

ABKB240116
ANA JULIA
M
26/09/1995
(30) 41244-9305
HB20
BKB-8143
24/01/19
16:46
034.06
2
SOROCABA, TAUBATE

LDGZ270416
LETICIA OLIVEIRA FERREIRA
M
23/01/1996
(56) 67828-2173
CELTA
DGZ-6860
27/04/19
16:56
027.01
1
COTIA, JUNDIAI, LORENA, OSASCO, RIO DE JANEIRO, SAO JOSE DOS CAMPOS, SAO PAULO, SAO ROQUE, SOROCABA, TAUBATE

JNTA150510
JULIANA PAES
F
24/04/1990
(50) 07142-0170
HB20
NTA-2103
15/05/19
10:45
090.45
4
JUNDIAI, LORENA, SAO ROQUE, TAUBATE

BRQP120604
BRUNA MARQUEZINE
F
27/05/1997
(96) 11776-7283
CORSA
RQP-5299
12/06/19
04:47
208.47
3
JUNDIAI, OSASCO, RIO DE JANEIRO, SAO JOSE DOS CAMPOS, SAO PAULO, SOROCABA, TAUBATE

TFXF220621
TATIANA MONTEIRO
M
21/12/1992
(04) 96549-7283
ONIX
FXF-1604
22/06/19
21:42
120.68
1
COTIA, JUNDIAI, LORENA, OSASCO, RIO DE JANEIRO, SAO JOSE DOS CAMPOS, SAO PAULO, SAO ROQUE, SOROCABA, TAUBATE

GMJQ140918
GABRIEL O ANJO
F
04/10/1995
(15) 21828-0458
CELTA
MJQ-2446
14/09/19
18:32
160.85
3
COTIA, OSASCO, RIO DE JANEIRO, SAO JOSE DOS CAMPOS, SAO ROQUE, SOROCABA, TAUBATE
**********************ALTERAR*********************
OPERACAO REALIZADA COM SUCESSO!
**********************BUSCAR**********************
GMJQ140918
GABRIEL O ANJO
F
04/10/1995
(15) 21828-0458
CELTA
MJQ-2446
14/09/19
18:32
160.85
2
COTIA, OSASCO, RIO DE JANEIRO, SAO JOSE DOS CAMPOS, SAO ROQUE, SOROCABA, TAUBATE
**********************ALTERAR*********************
Registro(s) nao encontrado!
FALHA AO REALIZAR OPERACAO!
**********************ALTERAR*********************
OPERACAO REALIZADA COM SUCESSO!
*****************ARQUIVO SECUNDARIO****************
ABKB240116 ANA JULIA
BRQP120604 BRUNA MARQUEZINE
FPTK240822 FELIPE COUTINHO
GMJQ140918 GABRIEL O ANJO
GEDS250205 GABRIELA ALVEZ
JNTA150510 JULIANA PAES
LDGZ270416 LETICIA OLIVEIRA FERREIRA
TFXF220621 TATIANA MONTEIRO
**********************ARQUIVO*********************
ANA JULIA@M@26/09/1995@(30) 41244-9305@HB20@BKB-8143@SOROCABA|TAUBATE@24/01/19@16:46@034.06@2@##################################################################################################################################################################LETICIA OLIVEIRA FERREIRA@M@23/01/1996@(56) 67828-2173@CELTA@DGZ-6860@COTIA|JUNDIAI|LORENA|OSASCO|RIO DE JANEIRO|SAO JOSE DOS CAMPOS|SAO PAULO|SAO ROQUE|SOROCABA|TAUBATE@27/04/19@16:56@027.01@1@##############################################################JULIANA PAES@F@24/04/1990@(50) 07142-0170@HB20@NTA-2103@JUNDIAI|LORENA|SAO ROQUE|TAUBATE@15/05/19@10:45@090.45@4@###############################################################################################################################################FELIPE COUTINHO@M@24/11/1993@(23) 92003-4020@FIT@PTK-4803@LORENA|OSASCO|RIO DE JANEIRO|SAO JOSE DOS CAMPOS|SAO PAULO|SAO ROQUE@24/08/19@22:15@162.74@4@#########################################################################################################TATIANA MONTEIRO@M@21/12/1992@(04) 96549-7283@ONIX@FXF-1604@COTIA|JUNDIAI|LORENA|OSASCO|RIO DE JANEIRO|SAO JOSE DOS CAMPOS|SAO PAULO|SAO ROQUE|SOROCABA|TAUBATE@22/06/19@21:42@120.68@1@########################################################################GABRIEL O ANJO@F@04/10/1995@(15) 21828-0458@CELTA@MJQ-2446@COTIA|OSASCO|RIO DE JANEIRO|SAO JOSE DOS CAMPOS|SAO ROQUE|SOROCABA|TAUBATE@14/09/19@18:32@160.85@4@##################################################################################################GABRIELA ALVEZ@F@26/05/1990@(50) 27252-7304@ONIX@EDS-7809@COTIA|LORENA|SAO ROQUE@25/02/19@05:18@114.31@2@#######################################################################################################################################################BRUNA MARQUEZINE@F@27/05/1997@(96) 11776-7283@CORSA@RQP-5299@JUNDIAI|OSASCO|RIO DE JANEIRO|SAO JOSE DOS CAMPOS|SAO PAULO|SOROCABA|TAUBATE@12/06/19@04:47@208.47@3@##############################################################################################
**********************BUSCAR**********************
ABKB240116
ANA JULIA
M
26/09/1995
(30) 41244-9305
HB20
BKB-8143
24/01/19
16:46
034.06
2
SOROCABA, TAUBATE

BRQP120604
BRUNA MARQUEZINE
F
27/05/1997
(96) 11776-7283
CORSA
RQP-5299
12/06/19
04:47
208.47
3
JUNDIAI, OSASCO, RIO DE JANEIRO, SAO JOSE DOS CAMPOS, SAO PAULO, SOROCABA, TAUBATE

GMJQ140918
GABRIEL O ANJO
F
04/10/1995
(15) 21828-0458
CELTA
MJQ-2446
14/09/19
18:32
160.85
4
COTIA, OSASCO, RIO DE JANEIRO, SAO JOSE DOS CAMPOS, SAO ROQUE, SOROCABA, TAUBATE

JNTA150510
JULIANA PAES
F
24/04/1990
(50) 07142-0170
HB20
NTA-2103
15/05/19
10:45
090.45
4
JUNDIAI, LORENA, SAO ROQUE, TAUBATE

LDGZ270416
LETICIA OLIVEIRA FERREIRA
M
23/01/1996
(56) 67828-2173
CELTA
DGZ-6860
27/04/19
16:56
027.01
1
COTIA, JUNDIAI, LORENA, OSASCO, RIO DE JANEIRO, SAO JOSE DOS CAMPOS, SAO PAULO, SAO ROQUE, SOROCABA, TAUBATE

TFXF220621
TATIANA MONTEIRO
M
21/12/1992
(04) 96549-7283
ONIX
FXF-1604
22/06/19
21:42
120.68
1
COTIA, JUNDIAI, LORENA, OSASCO, RIO DE JANEIRO, SAO JOSE DOS CAMPOS, SAO PAULO, SAO ROQUE, SOROCABA, TAUBATE
**********************LISTAR**********************
ABKB240116
ANA JULIA
M
26/09/1995
(30) 41244-9305
HB20
BKB-8143
24/01/19
16:46
034.06
2
SOROCABA, TAUBATE

BRQP120604
BRUNA MARQUEZINE
F
27/05/1997
(96) 11776-7283
CORSA
RQP-5299
12/06/19
04:47
208.47
3
JUNDIAI, OSASCO, RIO DE JANEIRO, SAO JOSE DOS CAMPOS, SAO PAULO, SOROCABA, TAUBATE

FPTK240822
FELIPE COUTINHO
M
24/11/1993
(23) 92003-4020
FIT
PTK-4803
24/08/19
22:15
162.74
4
LORENA, OSASCO, RIO DE JANEIRO, SAO JOSE DOS CAMPOS, SAO PAULO, SAO ROQUE

GMJQ140918
GABRIEL O ANJO
F
04/10/1995
(15) 21828-0458
CELTA
MJQ-2446
14/09/19
18:32
160.85
4
COTIA, OSASCO, RIO DE JANEIRO, SAO JOSE DOS CAMPOS, SAO ROQUE, SOROCABA, TAUBATE

GEDS250205
GABRIELA ALVEZ
F
26/05/1990
(50) 27252-7304
ONIX
EDS-7809
25/02/19
05:18
114.31
2
COTIA, LORENA, SAO ROQUE

JNTA150510
JULIANA PAES
F
24/04/1990
(50) 07142-0170
HB20
NTA-2103
15/05/19
10:45
090.45
4
JUNDIAI, LORENA, SAO ROQUE, TAUBATE

LDGZ270416
LETICIA OLIVEIRA FERREIRA
M
23/01/1996
(56) 67828-2173
CELTA
DGZ-6860
27/04/19
16:56
027.01
1
COTIA, JUNDIAI, LORENA, OSASCO, RIO DE JANEIRO, SAO JOSE DOS CAMPOS, SAO PAULO, SAO ROQUE, SOROCABA, TAUBATE

TFXF220621
TATIANA MONTEIRO
M
21/12/1992
(04) 96549-7283
ONIX
FXF-1604
22/06/19
21:42
120.68
1
COTIA, JUNDIAI, LORENA, OSASCO, RIO DE JANEIRO, SAO JOSE DOS CAMPOS, SAO PAULO, SAO ROQUE, SOROCABA, TAUBATE
**********************BUSCAR**********************
FPTK240822
FELIPE COUTINHO
M
24/11/1993
(23) 92003-4020
FIT
PTK-4803
24/08/19
22:15
162.74
4
LORENA, OSASCO, RIO DE JANEIRO, SAO JOSE DOS CAMPOS, SAO PAULO, SAO ROQUE

GEDS250205
GABRIELA ALVEZ
F
26/05/1990
(50) 27252-7304
ONIX
EDS-7809
25/02/19
05:18
114.31
2
COTIA, LORENA, SAO ROQUE

JNTA150510
JULIANA PAES
F
24/04/1990
(50) 07142-0170
HB20
NTA-2103
15/05/19
10:45
090.45
4
JUNDIAI, LORENA, SAO ROQUE, TAUBATE

LDGZ270416
LETICIA OLIVEIRA FERREIRA
M
23/01/1996
(56) 67828-2173
CELTA
DGZ-6860
27/04/19
16:56
027.01
1
COTIA, JUNDIAI, LORENA, OSASCO, RIO DE JANEIRO, SAO JOSE DOS CAMPOS, SAO PAULO, SAO ROQUE, SOROCABA, TAUBATE

TFXF220621
TATIANA MONTEIRO
M
21/12/1992
(04) 96549-7283
ONIX
FXF-1604
22/06/19
21:42
120.68
1
COTIA, JUNDIAI, LORENA, OSASCO, RIO DE JANEIRO, SAO JOSE DOS CAMPOS, SAO PAULO, SAO ROQUE, SOROCABA, TAUBATE
**********************LISTAR**********************
GEDS250205
GABRIELA ALVEZ
F
26/05/1990
(50) 27252-7304
ONIX
EDS-7809
25/02/19
05:18
114.31
2
COTIA, LORENA, SAO ROQUE

GMJQ140918
GABRIEL O ANJO
F
04/10/1995
(15) 21828-0458
CELTA
MJQ-2446
14/09/19
18:32
160.85
4
COTIA, OSASCO, RIO DE JANEIRO, SAO JOSE DOS CAMPOS, SAO ROQUE, SOROCABA, TAUBATE

LDGZ270416
LETICIA OLIVEIRA FERREIRA
M
23/01/1996
(56) 67828-2173
CELTA
DGZ-6860
27/04/19
16:56
027.01
1
COTIA, JUNDIAI, LORENA, OSASCO, RIO DE JANEIRO, SAO JOSE DOS CAMPOS, SAO PAULO, SAO ROQUE, SOROCABA, TAUBATE

TFXF220621
TATIANA MONTEIRO
M
21/12/1992
(04) 96549-7283
ONIX
FXF-1604
22/06/19
21:42
120.68
1
COTIA, JUNDIAI, LORENA, OSASCO, RIO DE JANEIRO, SAO JOSE DOS CAMPOS, SAO PAULO, SAO ROQUE, SOROCABA, TAUBATE
BRQP120604
BRUNA MARQUEZINE
F
27/05/1997
(96) 11776-7283
CORSA
RQP-5299
12/06/19
04:47
208.47
3
JUNDIAI, OSASCO, RIO DE JANEIRO, SAO JOSE DOS CAMPOS, SAO PAULO, SOROCABA, TAUBATE

JNTA150510
JULIANA PAES
F
24/04/1990
(50) 07142-0170
HB20
NTA-2103
15/05/19
10:45
090.45
4
JUNDIAI, LORENA, SAO ROQUE, TAUBATE

LDGZ270416
LETICIA OLIVEIRA FERREIRA
M
23/01/1996
(56) 67828-2173
CELTA
DGZ-6860
27/04/19
16:56
027.01
1
COTIA, JUNDIAI, LORENA, OSASCO, RIO DE JANEIRO, SAO JOSE DOS CAMPOS, SAO PAULO, SAO ROQUE, SOROCABA, TAUBATE

TFXF220621
TATIANA MONTEIRO
M
21/12/1992
(04) 96549-7283
ONIX
FXF-1604
22/06/19
21:42
120.68
1
COTIA, JUNDIAI, LORENA, OSASCO, RIO DE JANEIRO, SAO JOSE DOS CAMPOS, SAO PAULO, SAO ROQUE, SOROCABA, TAUBATE
FPTK240822
FELIPE COUTINHO
M
24/11/1993
(23) 92003-4020
FIT
PTK-4803
24/08/19
22:15
162.74
4
LORENA, OSASCO, RIO DE JANEIRO, SAO JOSE DOS CAMPOS, SAO PAULO, SAO ROQUE

GEDS250205
GABRIELA ALVEZ
F
26/05/1990
(50) 27252-7304
ONIX
EDS-7809
25/02/19
05:18
114.31
2
COTIA, LORENA, SAO ROQUE

JNTA150510
JULIANA PAES
F
24/04/1990
(50) 07142-0170
HB20
NTA-2103
15/05/19
10:45
090.45
4
JUNDIAI, LORENA, SAO ROQUE, TAUBATE

LDGZ270416
LETICIA OLIVEIRA FERREIRA
M
23/01/1996
(56) 67828-2173
CELTA
DGZ-6860
27/04/19
16:56
027.01
1
COTIA, JUNDIAI, LORENA, OSASCO, RIO DE JANEIRO, SAO JOSE DOS CAMPOS, SAO PAULO, SAO ROQUE, SOROCABA, TAUBATE

TFXF220621
TATIANA MONTEIRO
M
21/12/1992
(04) 96549-7283
ONIX
FXF-1604
22/06/19
21:42
120.68
1
COTIA, JUNDIAI, LORENA, OSASCO, RIO DE JANEIRO, SAO JOSE DOS CAMPOS, SAO PAULO, SAO ROQUE, SOROCABA, TAUBATE
BRQP120604
BRUNA MARQUEZINE
F
27/05/1997
(96) 11776-7283
CORSA
RQP-5299
12/06/19
04:47
208.47
3
JUNDIAI, OSASCO, RIO DE JANEIRO, SAO JOSE DOS CAMPOS, SAO PAULO, SOROCABA, TAUBATE

FPTK240822
FELIPE COUTINHO
M
24/11/1993
(23) 92003-4020
FIT
PTK-4803
24/08/19
22:15
162.74
4
LORENA, OSASCO, RIO DE JANEIRO, SAO JOSE DOS CAMPOS, SAO PAULO, SAO ROQUE

GMJQ140918
GABRIEL O ANJO
F
04/10/1995
(15) 21828-0458
CELTA
MJQ-2446
14/09/19
18:32
160.85
4
COTIA, OSASCO, RIO DE JANEIRO, SAO JOSE DOS CAMPOS, SAO ROQUE, SOROCABA, TAUBATE

LDGZ270416
LETICIA OLIVEIRA FERREIRA
M
23/01/1996
(56) 67828-2173
CELTA
DGZ-6860
27/04/19
16:56
027.01
1
COTIA, JUNDIAI, LORENA, OSASCO, RIO DE JANEIRO, SAO JOSE DOS CAMPOS, SAO PAULO, SAO ROQUE, SOROCABA, TAUBATE

TFXF220621
TATIANA MONTEIRO
M
21/12/1992
(04) 96549-7283
ONIX
FXF-1604
22/06/19
21:42
120.68
1
COTIA, JUNDIAI, LORENA, OSASCO, RIO DE JANEIRO, SAO JOSE DOS CAMPOS, SAO PAULO, SAO ROQUE, SOROCABA, TAUBATE
BRQP120604
BRUNA MARQUEZINE
F
27/05/1997
(96) 11776-7283
CORSA
RQP-5299
12/06/19
04:47
208.47
3
JUNDIAI, OSASCO, RIO DE JANEIRO, SAO JOSE DOS CAMPOS, SAO PAULO, SOROCABA, TAUBATE

FPTK240822
FELIPE COUTINHO
M
24/11/1993
(23) 92003-4020
FIT
PTK-4803
24/08/19
22:15
162.74
4
LORENA, OSASCO, RIO DE JANEIRO, SAO JOSE DOS CAMPOS, SAO PAULO, SAO ROQUE

GMJQ140918
GABRIEL O ANJO
F
04/10/1995
(15) 21828-0458
CELTA
MJQ-2446
14/09/19
18:32
160.85
4
COTIA, OSASCO, RIO DE JANEIRO, SAO JOSE DOS CAMPOS, SAO ROQUE, SOROCABA, TAUBATE

LDGZ270416
LETICIA OLIVEIRA FERREIRA
M
23/01/1996
(56) 67828-2173
CELTA
DGZ-6860
27/04/19
16:56
027.01
1
COTIA, JUNDIAI, LORENA, OSASCO, RIO DE JANEIRO, SAO JOSE DOS CAMPOS, SAO PAULO, SAO ROQUE, SOROCABA, TAUBATE

TFXF220621
TATIANA MONTEIRO
M
21/12/1992
(04) 96549-7283
ONIX
FXF-1604
22/06/19
21:42
120.68
1
COTIA, JUNDIAI, LORENA, OSASCO, RIO DE JANEIRO, SAO JOSE DOS CAMPOS, SAO PAULO, SAO ROQUE, SOROCABA, TAUBATE
BRQP120604
BRUNA MARQUEZINE
F
27/05/1997
(96) 11776-7283
CORSA
RQP-5299
12/06/19
04:47
208.47
3
JUNDIAI, OSASCO, RIO DE JANEIRO, SAO JOSE DOS CAMPOS, SAO PAULO, SOROCABA, TAUBATE

FPTK240822
FELIPE COUTINHO
M
24/11/1993
(23) 92003-4020
FIT
PTK-4803
24/08/19
22:15
162.74
4
LORENA, OSASCO, RIO DE JANEIRO, SAO JOSE DOS CAMPOS, SAO PAULO, SAO ROQUE

GMJQ140918
GABRIEL O ANJO
F
04/10/1995
(15) 21828-0458
CELTA
MJQ-2446
14/09/19
18:32
160.85
4
COTIA, OSASCO, RIO DE JANEIRO, SAO JOSE DOS CAMPOS, SAO ROQUE, SOROCABA, TAUBATE

LDGZ270416
LETICIA OLIVEIRA FERREIRA
M
23/01/1996
(56) 67828-2173
CELTA
DGZ-6860
27/04/19
16:56
027.01
1
COTIA, JUNDIAI, LORENA, OSASCO, RIO DE JANEIRO, SAO JOSE DOS CAMPOS, SAO PAULO, SAO ROQUE, SOROCABA, TAUBATE

TFXF220621
TATIANA MONTEIRO
M
21/12/1992
(04) 96549-7283
ONIX
FXF-1604
22/06/19
21:42
120.68
1
COTIA, JUNDIAI, LORENA, OSASCO, RIO DE JANEIRO, SAO JOSE DOS CAMPOS, SAO PAULO, SAO ROQUE, SOROCABA, TAUBATE
BRQP120604
BRUNA MARQUEZINE
F
27/05/1997
(96) 11776-7283
CORSA
RQP-5299
12/06/19
04:47
208.47
3
JUNDIAI, OSASCO, RIO DE JANEIRO, SAO JOSE DOS CAMPOS, SAO PAULO, SOROCABA, TAUBATE

FPTK240822
FELIPE COUTINHO
M
24/11/1993
(23) 92003-4020
FIT
PTK-4803
24/08/19
22:15
162.74
4
LORENA, OSASCO, RIO DE JANEIRO, SAO JOSE DOS CAMPOS, SAO PAULO, SAO ROQUE

LDGZ270416
LETICIA OLIVEIRA FERREIRA
M
23/01/1996
(56) 67828-2173
CELTA
DGZ-6860
27/04/19
16:56
027.01
1
COTIA, JUNDIAI, LORENA, OSASCO, RIO DE JANEIRO, SAO JOSE DOS CAMPOS, SAO PAULO, SAO ROQUE, SOROCABA, TAUBATE

TFXF220621
TATIANA MONTEIRO
M
21/12/1992
(04) 96549-7283
ONIX
FXF-1604
22/06/19
21:42
120.68
1
COTIA, JUNDIAI, LORENA, OSASCO, RIO DE JANEIRO, SAO JOSE DOS CAMPOS, SAO PAULO, SAO ROQUE, SOROCABA, TAUBATE
FPTK240822
FELIPE COUTINHO
M
24/11/1993
(23) 92003-4020
FIT
PTK-4803
24/08/19
22:15
162.74
4
LORENA, OSASCO, RIO DE JANEIRO, SAO JOSE DOS CAMPOS, SAO PAULO, SAO ROQUE

GEDS250205
GABRIELA ALVEZ
F
26/05/1990
(50) 27252-7304
ONIX
EDS-7809
25/02/19
05:18
114.31
2
COTIA, LORENA, SAO ROQUE

GMJQ140918
GABRIEL O ANJO
F
04/10/1995
(15) 21828-0458
CELTA
MJQ-2446
14/09/19
18:32
160.85
4
COTIA, OSASCO, RIO DE JANEIRO, SAO JOSE DOS CAMPOS, SAO ROQUE, SOROCABA, TAUBATE

JNTA150510
JULIANA PAES
F
24/04/1990
(50) 07142-0170
HB20
NTA-2103
15/05/19
10:45
090.45
4
JUNDIAI, LORENA, SAO ROQUE, TAUBATE

LDGZ270416
LETICIA OLIVEIRA FERREIRA
M
23/01/1996
(56) 67828-2173
CELTA
DGZ-6860
27/04/19
16:56
027.01
1
COTIA, JUNDIAI, LORENA, OSASCO, RIO DE JANEIRO, SAO JOSE DOS CAMPOS, SAO PAULO, SAO ROQUE, SOROCABA, TAUBATE

TFXF220621
TATIANA MONTEIRO
M
21/12/1992
(04) 96549-7283
ONIX
FXF-1604
22/06/19
21:42
120.68
1
COTIA, JUNDIAI, LORENA, OSASCO, RIO DE JANEIRO, SAO JOSE DOS CAMPOS, SAO PAULO, SAO ROQUE, SOROCABA, TAUBATE
ABKB240116
ANA JULIA
M
26/09/1995
(30) 41244-9305
HB20
BKB-8143
24/01/19
16:46
034.06
2
SOROCABA, TAUBATE

BRQP120604
BRUNA MARQUEZINE
F
27/05/1997
(96) 11776-7283
CORSA
RQP-5299
12/06/19
04:47
208.47
3
JUNDIAI, OSASCO, RIO DE JANEIRO, SAO JOSE DOS CAMPOS, SAO PAULO, SOROCABA, TAUBATE

GMJQ140918
GABRIEL O ANJO
F
04/10/1995
(15) 21828-0458
CELTA
MJQ-2446
14/09/19
18:32
160.85
4
COTIA, OSASCO, RIO DE JANEIRO, SAO JOSE DOS CAMPOS, SAO ROQUE, SOROCABA, TAUBATE

LDGZ270416
LETICIA OLIVEIRA FERREIRA
M
23/01/1996
(56) 67828-2173
CELTA
DGZ-6860
27/04/19
16:56
027.01
1
COTIA, JUNDIAI, LORENA, OSASCO, RIO DE JANEIRO, SAO JOSE DOS CAMPOS, SAO PAULO, SAO ROQUE, SOROCABA, TAUBATE

TFXF220621
TATIANA MONTEIRO
M
21/12/1992
(04) 96549-7283
ONIX
FXF-1604
22/06/19
21:42
120.68
1
COTIA, JUNDIAI, LORENA, OSASCO, RIO DE JANEIRO, SAO JOSE DOS CAMPOS, SAO PAULO, SAO ROQUE, SOROCABA, TAUBATE
ABKB240116
ANA JULIA
M
26/09/1995
(30) 41244-9305
HB20
BKB-8143
24/01/19
16:46
034.06
2
SOROCABA, TAUBATE

BRQP120604
BRUNA MARQUEZINE
F
27/05/1997
(96) 11776-7283
CORSA
RQP-5299
12/06/19
04:47
208.47
3
JUNDIAI, OSASCO, RIO DE JANEIRO, SAO JOSE DOS CAMPOS, SAO PAULO, SOROCABA, TAUBATE

GMJQ140918
GABRIEL O ANJO
F
04/10/1995
(15) 21828-0458
CELTA
MJQ-2446
14/09/19
18:32
160.85
4
COTIA, OSASCO, RIO DE JANEIRO, SAO JOSE DOS CAMPOS, SAO ROQUE, SOROCABA, TAUBATE

JNTA150510
JULIANA PAES
F
24/04/1990
(50) 07142-0170
HB20
NTA-2103
15/05/19
10:45
090.45
4
JUNDIAI, LORENA, SAO ROQUE, TAUBATE

LDGZ270416
LETICIA OLIVEIRA FERREIRA
M
23/01/1996
(56) 67828-2173
CELTA
DGZ-6860
27/04/19
16:56
027.01
1
COTIA, JUNDIAI, LORENA, OSASCO, RIO DE JANEIRO, SAO JOSE DOS CAMPOS, SAO PAULO, SAO ROQUE, SOROCABA, TAUBATE

TFXF220621
TATIANA MONTEIRO
M
21/12/1992
(04) 96549-7283
ONIX
FXF-1604
22/06/19
21:42
120.68
1
COTIA, JUNDIAI, LORENA, OSASCO, RIO DE JANEIRO, SAO JOSE DOS CAMPOS, SAO PAULO, SAO ROQUE, SOROCABA, TAUBATE
**********************BUSCAR**********************
ABKB240116
ANA JULIA
M
26/09/1995
(30) 41244-9305
HB20
BKB-8143
24/01/19
16:46
034.06
2
SOROCABA, TAUBATE
**********************ARQUIVO*********************
ANA JULIA@M@26/09/1995@(30) 41244-9305@HB20@BKB-8143@SOROCABA|TAUBATE@24/01/19@16:46@034.06@2@##################################################################################################################################################################LETICIA OLIVEIRA FERREIRA@M@23/01/1996@(56) 67828-2173@CELTA@DGZ-6860@COTIA|JUNDIAI|LORENA|OSASCO|RIO DE JANEIRO|SAO JOSE DOS CAMPOS|SAO PAULO|SAO ROQUE|SOROCABA|TAUBATE@27/04/19@16:56@027.01@1@##############################################################JULIANA PAES@F@24/04/1990@(50) 07142-0170@HB20@NTA-2103@JUNDIAI|LORENA|SAO ROQUE|TAUBATE@15/05/19@10:45@090.45@4@###############################################################################################################################################FELIPE COUTINHO@M@24/11/1993@(23) 92003-4020@FIT@PTK-4803@LORENA|OSASCO|RIO DE JANEIRO|SAO JOSE DOS CAMPOS|SAO PAULO|SAO ROQUE@24/08/19@22:15@162.74@4@#########################################################################################################TATIANA MONTEIRO@M@21/12/1992@(04) 96549-7283@ONIX@FXF-1604@COTIA|JUNDIAI|LORENA|OSASCO|RIO DE JANEIRO|SAO JOSE DOS CAMPOS|SAO PAULO|SAO ROQUE|SOROCABA|TAUBATE@22/06/19@21:42@120.68@1@########################################################################GABRIEL O ANJO@F@04/10/1995@(15) 21828-0458@CELTA@MJQ-2446@COTIA|OSASCO|RIO DE JANEIRO|SAO JOSE DOS CAMPOS|SAO ROQUE|SOROCABA|TAUBATE@14/09/19@18:32@160.85@4@##################################################################################################GABRIELA ALVEZ@F@26/05/1990@(50) 27252-7304@ONIX@EDS-7809@COTIA|LORENA|SAO ROQUE@25/02/19@05:18@114.31@2@#######################################################################################################################################################BRUNA MARQUEZINE@F@27/05/1997@(96) 11776-7283@CORSA@RQP-5299@JUNDIAI|OSASCO|RIO DE JANEIRO|SAO JOSE DOS CAMPOS|SAO PAULO|SOROCABA|TAUBATE@12/06/19@04:47@208.47@3@##############################################################################################MATHEUS LIMA@F@01/03/1994@(81) 47700-0879@CIVIC@VQN-7244@COTIA|LORENA@18/04/19@20:10@062.81@3@##################################################################################################################################################################
**********************BUSCAR**********************
BRQP120604
BRUNA MARQUEZINE
F
27/05/1997
(96) 11776-7283
CORSA
RQP-5299
12/06/19
04:47
208.47
3
JUNDIAI, OSASCO, RIO DE JANEIRO, SAO JOSE DOS CAMPOS, SAO PAULO, SOROCABA, TAUBATE

FPTK240822
FELIPE COUTINHO
M
24/11/1993
(23) 92003-4020
FIT
PTK-4803
24/08/19
22:15
162.74
4
LORENA, OSASCO, RIO DE JANEIRO, SAO JOSE DOS CAMPOS, SAO PAULO, SAO ROQUE

GMJQ140918
GABRIEL O ANJO
F
04/10/1995
(15) 21828-0458
CELTA
MJQ-2446
14/09/19
18:32
160.85
4
COTIA, OSASCO, RIO DE JANEIRO, SAO JOSE DOS CAMPOS, SAO ROQUE, SOROCABA, TAUBATE

LDGZ270416
LETICIA OLIVEIRA FERREIRA
M
23/01/1996
(56) 67828-2173
CELTA
DGZ-6860
27/04/19
16:56
027.01
1
COTIA, JUNDIAI, LORENA, OSASCO, RIO DE JANEIRO, SAO JOSE DOS CAMPOS, SAO PAULO, SAO ROQUE, SOROCABA, TAUBATE

TFXF220621
TATIANA MONTEIRO
M
21/12/1992
(04) 96549-7283
ONIX
FXF-1604
22/06/19
21:42
120.68
1
COTIA, JUNDIAI, LORENA, OSASCO, RIO DE JANEIRO, SAO JOSE DOS CAMPOS, SAO PAULO, SAO ROQUE, SOROCABA, TAUBATE
**********************LISTAR**********************
ABKB240116
ANA JULIA
M
26/09/1995
(30) 41244-9305
HB20
BKB-8143
24/01/19
16:46
034.06
2
SOROCABA, TAUBATE

BRQP120604
BRUNA MARQUEZINE
F
27/05/1997
(96) 11776-7283
CORSA
RQP-5299
12/06/19
04:47
208.47
3
JUNDIAI, OSASCO, RIO DE JANEIRO, SAO JOSE DOS CAMPOS, SAO PAULO, SOROCABA, TAUBATE

FPTK240822
FELIPE COUTINHO
M
24/11/1993
(23) 92003-4020
FIT
PTK-4803
24/08/19
22:15
162.74
4
LORENA, OSASCO, RIO DE JANEIRO, SAO JOSE DOS CAMPOS, SAO PAULO, SAO ROQUE

GMJQ140918
GABRIEL O ANJO
F
04/10/1995
(15) 21828-0458
CELTA
MJQ-2446
14/09/19
18:32
160.85
4
COTIA, OSASCO, RIO DE JANEIRO, SAO JOSE DOS CAMPOS, SAO ROQUE, SOROCABA, TAUBATE

GEDS250205
GABRIELA ALVEZ
F
26/05/1990
(50) 27252-7304
ONIX
EDS-7809
25/02/19
05:18
114.31
2
COTIA, LORENA, SAO ROQUE

JNTA150510
JULIANA PAES
F
24/04/1990
(50) 07142-0170
HB20
NTA-2103
15/05/19
10:45
090.45
4
JUNDIAI, LORENA, SAO ROQUE, TAUBATE

LDGZ270416
LETICIA OLIVEIRA FERREIRA
M
23/01/1996
(56) 67828-2173
CELTA
DGZ-6860
27/04/19
16:56
027.01
1
COTIA, JUNDIAI, LORENA, OSASCO, RIO DE JANEIRO, SAO JOSE DOS CAMPOS, SAO PAULO, SAO ROQUE, SOROCABA, TAUBATE

MVQN180420
MATHEUS LIMA
F
01/03/1994
(81) 47700-0879
CIVIC
VQN-7244
18/04/19
20:10
062.81
3
COTIA, LORENA

TFXF220621
TATIANA MONTEIRO
M
21/12/1992
(04) 96549-7283
ONIX
FXF-1604
22/06/19
21:42
120.68
1
COTIA, JUNDIAI, LORENA, OSASCO, RIO DE JANEIRO, SAO JOSE DOS CAMPOS, SAO PAULO, SAO ROQUE, SOROCABA, TAUBATE
**********************ARQUIVO*********************
ANA JULIA@M@26/09/1995@(30) 41244-9305@HB20@BKB-8143@SOROCABA|TAUBATE@24/01/19@16:46@034.06@2@##################################################################################################################################################################LETICIA OLIVEIRA FERREIRA@M@23/01/1996@(56) 67828-2173@CELTA@DGZ-6860@COTIA|JUNDIAI|LORENA|OSASCO|RIO DE JANEIRO|SAO JOSE DOS CAMPOS|SAO PAULO|SAO ROQUE|SOROCABA|TAUBATE@27/04/19@16:56@027.01@1@##############################################################JULIANA PAES@F@24/04/1990@(50) 07142-0170@HB20@NTA-2103@JUNDIAI|LORENA|SAO ROQUE|TAUBATE@15/05/19@10:45@090.45@4@###############################################################################################################################################FELIPE COUTINHO@M@24/11/1993@(23) 92003-4020@FIT@PTK-4803@LORENA|OSASCO|RIO DE JANEIRO|SAO JOSE DOS CAMPOS|SAO PAULO|SAO ROQUE@24/08/19@22:15@162.74@4@#########################################################################################################TATIANA MONTEIRO@M@21/12/1992@(04) 96549-7283@ONIX@FXF-1604@COTIA|JUNDIAI|LORENA|OSASCO|RIO DE JANEIRO|SAO JOSE DOS CAMPOS|SAO PAULO|SAO ROQUE|SOROCABA|TAUBATE@22/06/19@21:42@120.68@1@########################################################################GABRIEL O ANJO@F@04/10/1995@(15) 21828-0458@CELTA@MJQ-2446@COTIA|OSASCO|RIO DE JANEIRO|SAO JOSE DOS CAMPOS|SAO ROQUE|SOROCABA|TAUBATE@14/09/19@18:32@160.85@4@##################################################################################################GABRIELA ALVEZ@F@26/05/1990@(50) 27252-7304@ONIX@EDS-7809@COTIA|LORENA|SAO ROQUE@25/02/19@05:18@114.31@2@#######################################################################################################################################################BRUNA MARQUEZINE@F@27/05/1997@(96) 11776-7283@CORSA@RQP-5299@JUNDIAI|OSASCO|RIO DE JANEIRO|SAO JOSE DOS CAMPOS|SAO PAULO|SOROCABA|TAUBATE@12/06/19@04:47@208.47@3@##############################################################################################MATHEUS LIMA@F@01/03/1994@(81) 47700-0879@CIVIC@VQN-7244@COTIA|LORENA@18/04/19@20:10@062.81@3@##################################################################################################################################################################
**********************ARQUIVO*********************
ANA JULIA@M@26/09/1995@(30) 41244-9305@HB20@BKB-8143@SOROCABA|TAUBATE@24/01/19@16:46@034.06@2@##################################################################################################################################################################LETICIA OLIVEIRA FERREIRA@M@23/01/1996@(56) 67828-2173@CELTA@DGZ-6860@COTIA|JUNDIAI|LORENA|OSASCO|RIO DE JANEIRO|SAO JOSE DOS CAMPOS|SAO PAULO|SAO ROQUE|SOROCABA|TAUBATE@27/04/19@16:56@027.01@1@##############################################################JULIANA PAES@F@24/04/1990@(50) 07142-0170@HB20@NTA-2103@JUNDIAI|LORENA|SAO ROQUE|TAUBATE@15/05/19@10:45@090.45@4@###############################################################################################################################################FELIPE COUTINHO@M@24/11/1993@(23) 92003-4020@FIT@PTK-4803@LORENA|OSASCO|RIO DE JANEIRO|SAO JOSE DOS CAMPOS|SAO PAULO|SAO ROQUE@24/08/19@22:15@162.74@4@#########################################################################################################TATIANA MONTEIRO@M@21/12/1992@(04) 96549-7283@ONIX@FXF-1604@COTIA|JUNDIAI|LORENA|OSASCO|RIO DE JANEIRO|SAO JOSE DOS CAMPOS|SAO PAULO|SAO ROQUE|SOROCABA|TAUBATE@22/06/19@21:42@120.68@1@########################################################################GABRIEL O ANJO@F@04/10/1995@(15) 21828-0458@CELTA@MJQ-2446@COTIA|OSASCO|RIO DE JANEIRO|SAO JOSE DOS CAMPOS|SAO ROQUE|SOROCABA|TAUBATE@14/09/19@18:32@160.85@4@##################################################################################################GABRIELA ALVEZ@F@26/05/1990@(50) 27252-7304@ONIX@EDS-7809@COTIA|LORENA|SAO ROQUE@25/02/19@05:18@114.31@2@#######################################################################################################################################################BRUNA MARQUEZINE@F@27/05/1997@(96) 11776-7283@CORSA@RQP-5299@JUNDIAI|OSASCO|RIO DE JANEIRO|SAO JOSE DOS CAMPOS|SAO PAULO|SOROCABA|TAUBATE@12/06/19@04:47@208.47@3@##############################################################################################MATHEUS LIMA@F@01/03/1994@(81) 47700-0879@CIVIC@VQN-7244@COTIA|LORENA@18/04/19@20:10@062.81@3@##################################################################################################################################################################
**********************ARQUIVO*********************
ANA JULIA@M@26/09/1995@(30) 41244-9305@HB20@BKB-8143@SOROCABA|TAUBATE@24/01/19@16:46@034.06@2@##################################################################################################################################################################LETICIA OLIVEIRA FERREIRA@M@23/01/1996@(56) 67828-2173@CELTA@DGZ-6860@COTIA|JUNDIAI|LORENA|OSASCO|RIO DE JANEIRO|SAO JOSE DOS CAMPOS|SAO PAULO|SAO ROQUE|SOROCABA|TAUBATE@27/04/19@16:56@027.01@1@##############################################################JULIANA PAES@F@24/04/1990@(50) 07142-0170@HB20@NTA-2103@JUNDIAI|LORENA|SAO ROQUE|TAUBATE@15/05/19@10:45@090.45@4@###############################################################################################################################################FELIPE COUTINHO@M@24/11/1993@(23) 92003-4020@FIT@PTK-4803@LORENA|OSASCO|RIO DE JANEIRO|SAO JOSE DOS CAMPOS|SAO PAULO|SAO ROQUE@24/08/19@22:15@162.74@4@#########################################################################################################TATIANA MONTEIRO@M@21/12/1992@(04) 96549-7283@ONIX@FXF-1604@COTIA|JUNDIAI|LORENA|OSASCO|RIO DE JANEIRO|SAO JOSE DOS CAMPOS|SAO PAULO|SAO ROQUE|SOROCABA|TAUBATE@22/06/19@21:42@120.68@1@########################################################################GABRIEL O ANJO@F@04/10/1995@(15) 21828-0458@CELTA@MJQ-2446@COTIA|OSASCO|RIO DE JANEIRO|SAO JOSE DOS CAMPOS|SAO ROQUE|SOROCABA|TAUBATE@14/09/19@18:32@160.85@4@##################################################################################################GABRIELA ALVEZ@F@26/05/1990@(50) 27252-7304@ONIX@EDS-7809@COTIA|LORENA|SAO ROQUE@25/02/19@05:18@114.31@2@#######################################################################################################################################################BRUNA MARQUEZINE@F@27/05/1997@(96) 11776-7283@CORSA@RQP-5299@JUNDIAI|OSASCO|RIO DE JANEIRO|SAO JOSE DOS CAMPOS|SAO PAULO|SOROCABA|TAUBATE@12/06/19@04:47@208.47@3@##############################################################################################MATHEUS LIMA@F@01/03/1994@(81) 47700-0879@CIVIC@VQN-7244@COTIA|LORENA@18/04/19@20:10@062.81@3@##################################################################################################################################################################
**********************ARQUIVO*********************
ANA JULIA@M@26/09/1995@(30) 41244-9305@HB20@BKB-8143@SOROCABA|TAUBATE@24/01/19@16:46@034.06@2@##################################################################################################################################################################LETICIA OLIVEIRA FERREIRA@M@23/01/1996@(56) 67828-2173@CELTA@DGZ-6860@COTIA|JUNDIAI|LORENA|OSASCO|RIO DE JANEIRO|SAO JOSE DOS CAMPOS|SAO PAULO|SAO ROQUE|SOROCABA|TAUBATE@27/04/19@16:56@027.01@1@##############################################################JULIANA PAES@F@24/04/1990@(50) 07142-0170@HB20@NTA-2103@JUNDIAI|LORENA|SAO ROQUE|TAUBATE@15/05/19@10:45@090.45@4@###############################################################################################################################################FELIPE COUTINHO@M@24/11/1993@(23) 92003-4020@FIT@PTK-4803@LORENA|OSASCO|RIO DE JANEIRO|SAO JOSE DOS CAMPOS|SAO PAULO|SAO ROQUE@24/08/19@22:15@162.74@4@#########################################################################################################TATIANA MONTEIRO@M@21/12/1992@(04) 96549-7283@ONIX@FXF-1604@COTIA|JUNDIAI|LORENA|OSASCO|RIO DE JANEIRO|SAO JOSE DOS CAMPOS|SAO PAULO|SAO ROQUE|SOROCABA|TAUBATE@22/06/19@21:42@120.68@1@########################################################################GABRIEL O ANJO@F@04/10/1995@(15) 21828-0458@CELTA@MJQ-2446@COTIA|OSASCO|RIO DE JANEIRO|SAO JOSE DOS CAMPOS|SAO ROQUE|SOROCABA|TAUBATE@14/09/19@18:32@160.85@4@##################################################################################################GABRIELA ALVEZ@F@26/05/1990@(50) 27252-7304@ONIX@EDS-7809@COTIA|LORENA|SAO ROQUE@25/02/19@05:18@114.31@2@#######################################################################################################################################################BRUNA MARQUEZINE@F@27/05/1997@(96) 11776-7283@CORSA@RQP-5299@JUNDIAI|OSASCO|RIO DE JANEIRO|SAO JOSE DOS CAMPOS|SAO PAULO|SOROCABA|TAUBATE@12/06/19@04:47@208.47@3@##############################################################################################MATHEUS LIMA@F@01/03/1994@(81) 47700-0879@CIVIC@VQN-7244@COTIA|LORENA@18/04/19@20:10@062.81@3@##################################################################################################################################################################
*****************ARQUIVO SECUNDARIO****************
AQFH100604 04:21
BRQP120604 04:47
GEDS250205 05:18
JNTA150510 10:45
ABKB240116 16:46
LDGZ270416 16:56
GMJQ140918 18:32
MVQN180420 20:10
TFXF220621 21:42
FPTK240822 22:15
**********************BUSCAR**********************
LDGZ270416
LETICIA OLIVEIRA FERREIRA
M
23/01/1996
(56) 67828-2173
CELTA
DGZ-6860
27/04/19
16:56
027.01
1
COTIA, JUNDIAI, LORENA, OSASCO, RIO DE JANEIRO, SAO JOSE DOS CAMPOS, SAO PAULO, SAO ROQUE, SOROCABA, TAUBATE
*****************ARQUIVO SECUNDARIO****************
COTIA AGUR190202 AYVT060207 GEDS250205 GMJQ140918 LDGZ270416 MVQN180420 TFXF220621
JUNDIAI AGUR190202 AQFH100604 AYVT060207 BRQP120604 JNTA150510 LDGZ270416 TFXF220621
LORENA AQFH100604 AYVT060207 FPTK240822 GEDS250205 JNTA150510 LDGZ270416 MVQN180420 TFXF220621
OSASCO AGUR190202 AYVT060207 BRQP120604 FPTK240822 GMJQ140918 LDGZ270416 TFXF220621
RIO DE JANEIRO AGUR190202 AYVT060207 BRQP120604 FPTK240822 GMJQ140918 LDGZ270416 TFXF220621
SAO JOSE DOS CAMPOS AGUR190202 AMWH010611 AQFH100604 AYVT060207 BRQP120604 FPTK240822 GMJQ140918 LDGZ270416 TFXF220621
SAO PAULO AGUR190202 AYVT060207 BRQP120604 FPTK240822 LDGZ270416 TFXF220621
SAO ROQUE AQFH100604 AYVT060207 FPTK240822 GEDS250205 GMJQ140918 JNTA150510 LDGZ270416 TFXF220621
SOROCABA ABKB240116 AGUR190202 AMWH010611 AQFH100604 AYVT060207 BRQP120604 GMJQ140918 LDGZ270416 TFXF220621
TAUBATE ABKB240116 AQFH100604 BRQP120604 GMJQ140918 JNTA150510 LDGZ270416 TFXF220621
**********************ARQUIVO*********************
ANA JULIA@M@26/09/1995@(30) 41244-9305@HB20@BKB-8143@SOROCABA|TAUBATE@24/01/19@16:46@034.06@2@##################################################################################################################################################################LETICIA OLIVEIRA FERREIRA@M@23/01/1996@(56) 67828-2173@CELTA@DGZ-6860@COTIA|JUNDIAI|LORENA|OSASCO|RIO DE JANEIRO|SAO JOSE DOS CAMPOS|SAO PAULO|SAO ROQUE|SOROCABA|TAUBATE@27/04/19@16:56@027.01@1@##############################################################JULIANA PAES@F@24/04/1990@(50) 07142-0170@HB20@NTA-2103@JUNDIAI|LORENA|SAO ROQUE|TAUBATE@15/05/19@10:45@090.45@4@###############################################################################################################################################FELIPE COUTINHO@M@24/11/1993@(23) 92003-4020@FIT@PTK-4803@LORENA|OSASCO|RIO DE JANEIRO|SAO JOSE DOS CAMPOS|SAO PAULO|SAO ROQUE@24/08/19@22:15@162.74@4@#########################################################################################################TATIANA MONTEIRO@M@21/12/1992@(04) 96549-7283@ONIX@FXF-1604@COTIA|JUNDIAI|LORENA|OSASCO|RIO DE JANEIRO|SAO JOSE DOS CAMPOS|SAO PAULO|SAO ROQUE|SOROCABA|TAUBATE@22/06/19@21:42@120.68@1@########################################################################GABRIEL O ANJO@F@04/10/1995@(15) 21828-0458@CELTA@MJQ-2446@COTIA|OSASCO|RIO DE JANEIRO|SAO JOSE DOS CAMPOS|SAO ROQUE|SOROCABA|TAUBATE@14/09/19@18:32@160.85@4@##################################################################################################GABRIELA ALVEZ@F@26/05/1990@(50) 27252-7304@ONIX@EDS-7809@COTIA|LORENA|SAO ROQUE@25/02/19@05:18@114.31@2@#######################################################################################################################################################BRUNA MARQUEZINE@F@27/05/1997@(96) 11776-7283@CORSA@RQP-5299@JUNDIAI|OSASCO|RIO DE JANEIRO|SAO JOSE DOS CAMPOS|SAO PAULO|SOROCABA|TAUBATE@12/06/19@04:47@208.47@3@##############################################################################################MATHEUS LIMA@F@01/03/1994@(81) 47700-0879@CIVIC@VQN-7244@COTIA|LORENA@18/04/19@20:10@062.81@3@##################################################################################################################################################################ALEXANDRE O PEQUENO@M@06/05/1990@(87) 42464-0521@FIT@QFH-6096@JUNDIAI|LORENA|SAO JOSE DOS CAMPOS|SAO ROQUE|SOROCABA|TAUBATE@10/06/19@04:21@217.30@1@############################################################################################################ALEXANDRE O GRANDE@M@16/12/1992@(18) 42525-0988@FOX@YVT-5114@COTIA|JUNDIAI|LORENA|OSASCO|RIO DE JANEIRO|SAO JOSE DOS CAMPOS|SAO PAULO|SAO ROQUE|SOROCABA@06/02/19@07:03@185.94@4@###############################################################################ALEXANDRE O MEDIO@F@20/12/1989@(80) 44624-3072@CIVIC@GUR-7469@COTIA|JUNDIAI|OSASCO|RIO DE JANEIRO|SAO JOSE DOS CAMPOS|SAO PAULO|SOROCABA@19/02/19@02:45@235.90@4@###############################################################################################ALEXANDRE O MEDIO@M@01/04/1993@(07) 26463-7812@FOX@MWH-3524@SAO JOSE DOS CAMPOS|SOROCABA@01/06/19@11:46@156.01@1@###############################################################################################################################################GABRIEL PENSADOR@M@16/06/1997@(22) 71125-3965@CORSA@DMT-2675@JUNDIAI|OSASCO@08/04/19@12:09@036.50@4@############################################################################################################################################################
*****************ARQUIVO SECUNDARIO****************
ABKB240116 24/01/19
AYVT060207 06/02/19
AGUR190202 19/02/19
GEDS250205 25/02/19
GDMT080412 08/04/19
MVQN180420 18/04/19
LDGZ270416 27/04/19
JNTA150510 15/05/19
AMWH010611 01/06/19
AQFH100604 10/06/19
BRQP120604 12/06/19
TFXF220621 22/06/19
FPTK240822 24/08/19
GMJQ140918 14/09/19
**********************LISTAR**********************
ABKB240116
ANA JULIA
M
26/09/1995
(30) 41244-9305
HB20
BKB-8143
24/01/19
16:46
034.06
2
SOROCABA, TAUBATE

AYVT060207
ALEXANDRE O GRANDE
M
16/12/1992
(18) 42525-0988
FOX
YVT-5114
06/02/19
07:03
185.94
4
COTIA, JUNDIAI, LORENA, OSASCO, RIO DE JANEIRO, SAO JOSE DOS CAMPOS, SAO PAULO, SAO ROQUE, SOROCABA

AGUR190202
ALEXANDRE O MEDIO
F
20/12/1989
(80) 44624-3072
CIVIC
GUR-7469
19/02/19
02:45
235.90
4
COTIA, JUNDIAI, OSASCO, RIO DE JANEIRO, SAO JOSE DOS CAMPOS, SAO PAULO, SOROCABA

GEDS250205
GABRIELA ALVEZ
F
26/05/1990
(50) 27252-7304
ONIX
EDS-7809
25/02/19
05:18
114.31
2
COTIA, LORENA, SAO ROQUE

GDMT080412
GABRIEL PENSADOR
M
16/06/1997
(22) 71125-3965
CORSA
DMT-2675
08/04/19
12:09
036.50
4
JUNDIAI, OSASCO

MVQN180420
MATHEUS LIMA
F
01/03/1994
(81) 47700-0879
CIVIC
VQN-7244
18/04/19
20:10
062.81
3
COTIA, LORENA

LDGZ270416
LETICIA OLIVEIRA FERREIRA
M
23/01/1996
(56) 67828-2173
CELTA
DGZ-6860
27/04/19
16:56
027.01
1
COTIA, JUNDIAI, LORENA, OSASCO, RIO DE JANEIRO, SAO JOSE DOS CAMPOS, SAO PAULO, SAO ROQUE, SOROCABA, TAUBATE

JNTA150510
JULIANA PAES
F
24/04/1990
(50) 07142-0170
HB20
NTA-2103
15/05/19
10:45
090.45
4
JUNDIAI, LORENA, SAO ROQUE, TAUBATE

AMWH010611
ALEXANDRE O MEDIO
M
01/04/1993
(07) 26463-7812
FOX
MWH-3524
01/06/19
11:46
156.01
1
SAO JOSE DOS CAMPOS, SOROCABA

AQFH100604
ALEXANDRE O PEQUENO
M
06/05/1990
(87) 42464-0521
FIT
QFH-6096
10/06/19
04:21
217.30
1
JUNDIAI, LORENA, SAO JOSE DOS CAMPOS, SAO ROQUE, SOROCABA, TAUBATE

BRQP120604
BRUNA MARQUEZINE
F
27/05/1997
(96) 11776-7283
CORSA
RQP-5299
12/06/19
04:47
208.47
3
JUNDIAI, OSASCO, RIO DE JANEIRO, SAO JOSE DOS CAMPOS, SAO PAULO, SOROCABA, TAUBATE

TFXF220621
TATIANA MONTEIRO
M
21/12/1992
(04) 96549-7283
ONIX
FXF-1604
22/06/19
21:42
120.68
1
COTIA, JUNDIAI, LORENA, OSASCO, RIO DE JANEIRO, SAO JOSE DOS CAMPOS, SAO PAULO, SAO ROQUE, SOROCABA, TAUBATE

FPTK240822
FELIPE COUTINHO
M
24/11/1993
(23) 92003-4020
FIT
PTK-4803
24/08/19
22:15
162.74
4
LORENA, OSASCO, RIO DE JANEIRO, SAO JOSE DOS CAMPOS, SAO PAULO, SAO ROQUE

GMJQ140918
GABRIEL O ANJO
F
04/10/1995
(15) 21828-0458
CELTA
MJQ-2446
14/09/19
18:32
160.85
4
COTIA, OSASCO, RIO DE JANEIRO, SAO JOSE DOS CAMPOS, SAO ROQUE, SOROCABA, TAUBATE
**********************ARQUIVO*********************
ANA JULIA@M@26/09/1995@(30) 41244-9305@HB20@BKB-8143@SOROCABA|TAUBATE@24/01/19@16:46@034.06@2@##################################################################################################################################################################LETICIA OLIVEIRA FERREIRA@M@23/01/1996@(56) 67828-2173@CELTA@DGZ-6860@COTIA|JUNDIAI|LORENA|OSASCO|RIO DE JANEIRO|SAO JOSE DOS CAMPOS|SAO PAULO|SAO ROQUE|SOROCABA|TAUBATE@27/04/19@16:56@027.01@1@##############################################################JULIANA PAES@F@24/04/1990@(50) 07142-0170@HB20@NTA-2103@JUNDIAI|LORENA|SAO ROQUE|TAUBATE@15/05/19@10:45@090.45@4@###############################################################################################################################################FELIPE COUTINHO@M@24/11/1993@(23) 92003-4020@FIT@PTK-4803@LORENA|OSASCO|RIO DE JANEIRO|SAO JOSE DOS CAMPOS|SAO PAULO|SAO ROQUE@24/08/19@22:15@162.74@4@#########################################################################################################TATIANA MONTEIRO@M@21/12/1992@(04) 96549-7283@ONIX@FXF-1604@COTIA|JUNDIAI|LORENA|OSASCO|RIO DE JANEIRO|SAO JOSE DOS CAMPOS|SAO PAULO|SAO ROQUE|SOROCABA|TAUBATE@22/06/19@21:42@120.68@1@########################################################################GABRIEL O ANJO@F@04/10/1995@(15) 21828-0458@CELTA@MJQ-2446@COTIA|OSASCO|RIO DE JANEIRO|SAO JOSE DOS CAMPOS|SAO ROQUE|SOROCABA|TAUBATE@14/09/19@18:32@160.85@4@##################################################################################################GABRIELA ALVEZ@F@26/05/1990@(50) 27252-7304@ONIX@EDS-7809@COTIA|LORENA|SAO ROQUE@25/02/19@05:18@114.31@2@#######################################################################################################################################################BRUNA MARQUEZINE@F@27/05/1997@(96) 11776-7283@CORSA@RQP-5299@JUNDIAI|OSASCO|RIO DE JANEIRO|SAO JOSE DOS CAMPOS|SAO PAULO|SOROCABA|TAUBATE@12/06/19@04:47@208.47@3@##############################################################################################MATHEUS LIMA@F@01/03/1994@(81) 47700-0879@CIVIC@VQN-7244@COTIA|LORENA@18/04/19@20:10@062.81@3@##################################################################################################################################################################ALEXANDRE O PEQUENO@M@06/05/1990@(87) 42464-0521@FIT@QFH-6096@JUNDIAI|LORENA|SAO JOSE DOS CAMPOS|SAO ROQUE|SOROCABA|TAUBATE@10/06/19@04:21@217.30@1@############################################################################################################ALEXANDRE O GRANDE@M@16/12/1992@(18) 42525-0988@FOX@YVT-5114@COTIA|JUNDIAI|LORENA|OSASCO|RIO DE JANEIRO|SAO JOSE DOS CAMPOS|SAO PAULO|SAO ROQUE|SOROCABA@06/02/19@07:03@185.94@4@###############################################################################ALEXANDRE O MEDIO@F@20/12/1989@(80) 44624-3072@CIVIC@GUR-7469@COTIA|JUNDIAI|OSASCO|RIO DE JANEIRO|SAO JOSE DOS CAMPOS|SAO PAULO|SOROCABA@19/02/19@02:45@235.90@4@###############################################################################################ALEXANDRE O MEDIO@M@01/04/1993@(07) 26463-7812@FOX@MWH-3524@SAO JOSE DOS CAMPOS|SOROCABA@01/06/19@11:46@156.01@1@###############################################################################################################################################GABRIEL PENSADOR@M@16/06/1997@(22) 71125-3965@CORSA@DMT-2675@JUNDIAI|OSASCO@08/04/19@12:09@036.50@4@############################################################################################################################################################
