**********************LISTAR**********************
Registro(s) nao encontrado!
**********************ARQUIVO*********************
Arquivo vazio!
*****************ARQUIVO SECUNDARIO****************
POXQ270513 13:43
SPAA200917 17:19
**********************LISTAR**********************
PRBP220515
PABLO PICASSO
F
26/02/1993
(44) 71856-3571
UNO
RBP-9779
22/05/19
15:47
045.23
2
LORENA, RIO DE JANEIRO, SAO JOSE DOS CAMPOS, TAUBATE

POXQ270513
PABLO VITTAR
M
12/09/1999
(37) 03712-2477
ONIX
OXQ-9303
27/05/19
13:43
169.85
1
JUNDIAI, LORENA, RIO DE JANEIRO, SAO PAULO, SAO ROQUE, SOROCABA, TAUBATE

MJES170815
MATHEUS ROCHA
F
26/12/1996
(15) 21807-8336
CELTA
JES-6484
17/08/19
15:19
209.95
3
COTIA, JUNDIAI, SAO PAULO, SAO ROQUE, SOROCABA

SPAA200917
SABRINA SATO
M
21/04/1995
(32) 70403-4179
FUSCA
PAA-0917
20/09/19
17:19
240.63
3
COTIA, JUNDIAI, LORENA, OSASCO, SAO JOSE DOS CAMPOS, SAO PAULO, SOROCABA, TAUBATE
**********************ARQUIVO*********************
SABRINA SATO@M@21/04/1995@(32) 70403-4179@FUSCA@PAA-0917@COTIA|JUNDIAI|LORENA|OSASCO|SAO JOSE DOS CAMPOS|SAO PAULO|SOROCABA|TAUBATE@20/09/19@17:19@240.63@3@####################################################################################################PABLO VITTAR@M@12/09/1999@(37) 03712-2477@ONIX@OXQ-9303@JUNDIAI|LORENA|RIO DE JANEIRO|SAO PAULO|SAO ROQUE|SOROCABA|TAUBATE@27/05/19@13:43@169.85@1@#############################################################################################################PABLO PICASSO@F@26/02/1993@(44) 71856-3571@UNO@RBP-9779@LORENA|RIO DE JANEIRO|SAO JOSE DOS CAMPOS|TAUBATE@22/05/19@15:47@045.23@2@##############################################################################################################################MATHEUS ROCHA@F@26/12/1996@(15) 21807-8336@CELTA@JES-6484@COTIA|JUNDIAI|SAO PAULO|SAO ROQUE|SOROCABA@17/08/19@15:19@209.95@3@###################################################################################################################################
**********************LISTAR**********************
MJES170815
MATHEUS ROCHA
F
26/12/1996
(15) 21807-8336
CELTA
JES-6484
17/08/19
15:19
209.95
3
COTIA, JUNDIAI, SAO PAULO, SAO ROQUE, SOROCABA

SPAA200917
SABRINA SATO
M
21/04/1995
(32) 70403-4179
FUSCA
PAA-0917
20/09/19
17:19
240.63
3
COTIA, JUNDIAI, LORENA, OSASCO, SAO JOSE DOS CAMPOS, SAO PAULO, SOROCABA, TAUBATE

MJES170815
MATHEUS ROCHA
F
26/12/1996
(15) 21807-8336
CELTA
JES-6484
17/08/19
15:19
209.95
3
COTIA, JUNDIAI, SAO PAULO, SAO ROQUE, SOROCABA

POXQ270513
PABLO VITTAR
M
12/09/1999
(37) 03712-2477
ONIX
OXQ-9303
27/05/19
13:43
169.85
1
JUNDIAI, LORENA, RIO DE JANEIRO, SAO PAULO, SAO ROQUE, SOROCABA, TAUBATE

SPAA200917
SABRINA SATO
M
21/04/1995
(32) 70403-4179
FUSCA
PAA-0917
20/09/19
17:19
240.63
3
COTIA, JUNDIAI, LORENA, OSASCO, SAO JOSE DOS CAMPOS, SAO PAULO, SOROCABA, TAUBATE

POXQ270513
PABLO VITTAR
M
12/09/1999
(37) 03712-2477
ONIX
OXQ-9303
27/05/19
13:43
169.85
1
JUNDIAI, LORENA, RIO DE JANEIRO, SAO PAULO, SAO ROQUE, SOROCABA, TAUBATE

PRBP220515
PABLO PICASSO
F
26/02/1993
(44) 71856-3571
UNO
RBP-9779
22/05/19
15:47
045.23
2
LORENA, RIO DE JANEIRO, SAO JOSE DOS CAMPOS, TAUBATE

SPAA200917
SABRINA SATO
M
21/04/1995
(32) 70403-4179
FUSCA
PAA-0917
20/09/19
17:19
240.63
3
COTIA, JUNDIAI, LORENA, OSASCO, SAO JOSE DOS CAMPOS, SAO PAULO, SOROCABA, TAUBATE

SPAA200917
SABRINA SATO
M
21/04/1995
(32) 70403-4179
FUSCA
PAA-0917
20/09/19
17:19
240.63
3
COTIA, JUNDIAI, LORENA, OSASCO, SAO JOSE DOS CAMPOS, SAO PAULO, SOROCABA, TAUBATE

POXQ270513
PABLO VITTAR
M
12/09/1999
(37) 03712-2477
ONIX
OXQ-9303
27/05/19
13:43
169.85
1
JUNDIAI, LORENA, RIO DE JANEIRO, SAO PAULO, SAO ROQUE, SOROCABA, TAUBATE

PRBP220515
PABLO PICASSO
F
26/02/1993
(44) 71856-3571
UNO
RBP-9779
22/05/19
15:47
045.23
2
LORENA, RIO DE JANEIRO, SAO JOSE DOS CAMPOS, TAUBATE

PRBP220515
PABLO PICASSO
F
26/02/1993
(44) 71856-3571
UNO
RBP-9779
22/05/19
15:47
045.23
2
LORENA, RIO DE JANEIRO, SAO JOSE DOS CAMPOS, TAUBATE

SPAA200917
SABRINA SATO
M
21/04/1995
(32) 70403-4179
FUSCA
PAA-0917
20/09/19
17:19
240.63
3
COTIA, JUNDIAI, LORENA, OSASCO, SAO JOSE DOS CAMPOS, SAO PAULO, SOROCABA, TAUBATE

MJES170815
MATHEUS ROCHA
F
26/12/1996
(15) 21807-8336
CELTA
JES-6484
17/08/19
15:19
209.95
3
COTIA, JUNDIAI, SAO PAULO, SAO ROQUE, SOROCABA

POXQ270513
PABLO VITTAR
M
12/09/1999
(37) 03712-2477
ONIX
OXQ-9303
27/05/19
13:43
169.85
1
JUNDIAI, LORENA, RIO DE JANEIRO, SAO PAULO, SAO ROQUE, SOROCABA, TAUBATE

SPAA200917
SABRINA SATO
M
21/04/1995
(32) 70403-4179
FUSCA
PAA-0917
20/09/19
17:19
240.63
3
COTIA, JUNDIAI, LORENA, OSASCO, SAO JOSE DOS CAMPOS, SAO PAULO, SOROCABA, TAUBATE

MJES170815
MATHEUS ROCHA
F
26/12/1996
(15) 21807-8336
CELTA
JES-6484
17/08/19
15:19
209.95
3
COTIA, JUNDIAI, SAO PAULO, SAO ROQUE, SOROCABA

POXQ270513
PABLO VITTAR
M
12/09/1999
(37) 03712-2477
ONIX
OXQ-9303
27/05/19
13:43
169.85
1
JUNDIAI, LORENA, RIO DE JANEIRO, SAO PAULO, SAO ROQUE, SOROCABA, TAUBATE

MJES170815
MATHEUS ROCHA
F
26/12/1996
(15) 21807-8336
CELTA
JES-6484
17/08/19
15:19
209.95
3
COTIA, JUNDIAI, SAO PAULO, SAO ROQUE, SOROCABA

POXQ270513
PABLO VITTAR
M
12/09/1999
(37) 03712-2477
ONIX
OXQ-9303
27/05/19
13:43
169.85
1
JUNDIAI, LORENA, RIO DE JANEIRO, SAO PAULO, SAO ROQUE, SOROCABA, TAUBATE

SPAA200917
SABRINA SATO
M
21/04/1995
(32) 70403-4179
FUSCA
PAA-0917
20/09/19
17:19
240.63
3
COTIA, JUNDIAI, LORENA, OSASCO, SAO JOSE DOS CAMPOS, SAO PAULO, SOROCABA, TAUBATE

POXQ270513
PABLO VITTAR
M
12/09/1999
(37) 03712-2477
ONIX
OXQ-9303
27/05/19
13:43
169.85
1
JUNDIAI, LORENA, RIO DE JANEIRO, SAO PAULO, SAO ROQUE, SOROCABA, TAUBATE

PRBP220515
PABLO PICASSO
F
26/02/1993
(44) 71856-3571
UNO
RBP-9779
22/05/19
15:47
045.23
2
LORENA, RIO DE JANEIRO, SAO JOSE DOS CAMPOS, TAUBATE

SPAA200917
SABRINA SATO
M
21/04/1995
(32) 70403-4179
FUSCA
PAA-0917
20/09/19
17:19
240.63
3
COTIA, JUNDIAI, LORENA, OSASCO, SAO JOSE DOS CAMPOS, SAO PAULO, SOROCABA, TAUBATE
**********************ARQUIVO*********************
SABRINA SATO@M@21/04/1995@(32) 70403-4179@FUSCA@PAA-0917@COTIA|JUNDIAI|LORENA|OSASCO|SAO JOSE DOS CAMPOS|SAO PAULO|SOROCABA|TAUBATE@20/09/19@17:19@240.63@3@####################################################################################################PABLO VITTAR@M@12/09/1999@(37) 03712-2477@ONIX@OXQ-9303@JUNDIAI|LORENA|RIO DE JANEIRO|SAO PAULO|SAO ROQUE|SOROCABA|TAUBATE@27/05/19@13:43@169.85@1@#############################################################################################################PABLO PICASSO@F@26/02/1993@(44) 71856-3571@UNO@RBP-9779@LORENA|RIO DE JANEIRO|SAO JOSE DOS CAMPOS|TAUBATE@22/05/19@15:47@045.23@2@##############################################################################################################################MATHEUS ROCHA@F@26/12/1996@(15) 21807-8336@CELTA@JES-6484@COTIA|JUNDIAI|SAO PAULO|SAO ROQUE|SOROCABA@17/08/19@15:19@209.95@3@###################################################################################################################################
**********************ARQUIVO*********************
SABRINA SATO@M@21/04/1995@(32) 70403-4179@FUSCA@PAA-0917@COTIA|JUNDIAI|LORENA|OSASCO|SAO JOSE DOS CAMPOS|SAO PAULO|SOROCABA|TAUBATE@20/09/19@17:19@240.63@3@####################################################################################################PABLO VITTAR@M@12/09/1999@(37) 03712-2477@ONIX@OXQ-9303@JUNDIAI|LORENA|RIO DE JANEIRO|SAO PAULO|SAO ROQUE|SOROCABA|TAUBATE@27/05/19@13:43@169.85@1@#############################################################################################################PABLO PICASSO@F@26/02/1993@(44) 71856-3571@UNO@RBP-9779@LORENA|RIO DE JANEIRO|SAO JOSE DOS CAMPOS|TAUBATE@22/05/19@15:47@045.23@2@##############################################################################################################################MATHEUS ROCHA@F@26/12/1996@(15) 21807-8336@CELTA@JES-6484@COTIA|JUNDIAI|SAO PAULO|SAO ROQUE|SOROCABA@17/08/19@15:19@209.95@3@###################################################################################################################################MATHEUS ROCHA@F@07/04/1989@(13) 18756-8462@COROLLA@HBZ-2276@JUNDIAI|LORENA|OSASCO|SAO ROQUE|SOROCABA@27/03/19@22:04@168.01@4@###################################################################################################################################
**********************BUSCAR**********************
Registro(s) nao encontrado!
**********************LISTAR**********************
MHBZ270322
MATHEUS ROCHA
F
07/04/1989
(13) 18756-8462
COROLLA
HBZ-2276
27/03/19
22:04
168.01
4
JUNDIAI, LORENA, OSASCO, SAO ROQUE, SOROCABA

MJES170815
MATHEUS ROCHA
F
26/12/1996
(15) 21807-8336
CELTA
JES-6484
17/08/19
15:19
209.95
3
COTIA, JUNDIAI, SAO PAULO, SAO ROQUE, SOROCABA

POXQ270513
PABLO VITTAR
M
12/09/1999
(37) 03712-2477
ONIX
OXQ-9303
27/05/19
13:43
169.85
1
JUNDIAI, LORENA, RIO DE JANEIRO, SAO PAULO, SAO ROQUE, SOROCABA, TAUBATE

PRBP220515
PABLO PICASSO
F
26/02/1993
(44) 71856-3571
UNO
RBP-9779
22/05/19
15:47
045.23
2
LORENA, RIO DE JANEIRO, SAO JOSE DOS CAMPOS, TAUBATE

SPAA200917
SABRINA SATO
M
21/04/1995
(32) 70403-4179
FUSCA
PAA-0917
20/09/19
17:19
240.63
3
COTIA, JUNDIAI, LORENA, OSASCO, SAO JOSE DOS CAMPOS, SAO PAULO, SOROCABA, TAUBATE
**********************BUSCAR**********************
Registro(s) nao encontrado!
**********************BUSCAR**********************
PRBP220515
PABLO PICASSO
F
26/02/1993
(44) 71856-3571
UNO
RBP-9779
22/05/19
15:47
045.23
2
LORENA, RIO DE JANEIRO, SAO JOSE DOS CAMPOS, TAUBATE
**********************EXCLUIR*********************
Registro(s) nao encontrado!
FALHA AO REALIZAR OPERACAO!
**********************LISTAR**********************
MJES170815
MATHEUS ROCHA
F
26/12/1996
(15) 21807-8336
CELTA
JES-6484
17/08/19
15:19
209.95
3
COTIA, JUNDIAI, SAO PAULO, SAO ROQUE, SOROCABA

SPAA200917
SABRINA SATO
M
21/04/1995
(32) 70403-4179
FUSCA
PAA-0917
20/09/19
17:19
240.63
3
COTIA, JUNDIAI, LORENA, OSASCO, SAO JOSE DOS CAMPOS, SAO PAULO, SOROCABA, TAUBATE

MHBZ270322
MATHEUS ROCHA
F
07/04/1989
(13) 18756-8462
COROLLA
HBZ-2276
27/03/19
22:04
168.01
4
JUNDIAI, LORENA, OSASCO, SAO ROQUE, SOROCABA

MJES170815
MATHEUS ROCHA
F
26/12/1996
(15) 21807-8336
CELTA
JES-6484
17/08/19
15:19
209.95
3
COTIA, JUNDIAI, SAO PAULO, SAO ROQUE, SOROCABA

POXQ270513
PABLO VITTAR
M
12/09/1999
(37) 03712-2477
ONIX
OXQ-9303
27/05/19
13:43
169.85
1
JUNDIAI, LORENA, RIO DE JANEIRO, SAO PAULO, SAO ROQUE, SOROCABA, TAUBATE

SPAA200917
SABRINA SATO
M
21/04/1995
(32) 70403-4179
FUSCA
PAA-0917
20/09/19
17:19
240.63
3
COTIA, JUNDIAI, LORENA, OSASCO, SAO JOSE DOS CAMPOS, SAO PAULO, SOROCABA, TAUBATE

MHBZ270322
MATHEUS ROCHA
F
07/04/1989
(13) 18756-8462
COROLLA
HBZ-2276
27/03/19
22:04
168.01
4
JUNDIAI, LORENA, OSASCO, SAO ROQUE, SOROCABA

POXQ270513
PABLO VITTAR
M
12/09/1999
(37) 03712-2477
ONIX
OXQ-9303
27/05/19
13:43
169.85
1
JUNDIAI, LORENA, RIO DE JANEIRO, SAO PAULO, SAO ROQUE, SOROCABA, TAUBATE

PRBP220515
PABLO PICASSO
F
26/02/1993
(44) 71856-3571
UNO
RBP-9779
22/05/19
15:47
045.23
2
LORENA, RIO DE JANEIRO, SAO JOSE DOS CAMPOS, TAUBATE

SPAA200917
SABRINA SATO
M
21/04/1995
(32) 70403-4179
FUSCA
PAA-0917
20/09/19
17:19
240.63
3
COTIA, JUNDIAI, LORENA, OSASCO, SAO JOSE DOS CAMPOS, SAO PAULO, SOROCABA, TAUBATE

MHBZ270322
MATHEUS ROCHA
F
07/04/1989
(13) 18756-8462
COROLLA
HBZ-2276
27/03/19
22:04
168.01
4
JUNDIAI, LORENA, OSASCO, SAO ROQUE, SOROCABA

SPAA200917
SABRINA SATO
M
21/04/1995
(32) 70403-4179
FUSCA
PAA-0917
20/09/19
17:19
240.63
3
COTIA, JUNDIAI, LORENA, OSASCO, SAO JOSE DOS CAMPOS, SAO PAULO, SOROCABA, TAUBATE

POXQ270513
PABLO VITTAR
M
12/09/1999
(37) 03712-2477
ONIX
OXQ-9303
27/05/19
13:43
169.85
1
JUNDIAI, LORENA, RIO DE JANEIRO, SAO PAULO, SAO ROQUE, SOROCABA, TAUBATE

PRBP220515
PABLO PICASSO
F
26/02/1993
(44) 71856-3571
UNO
RBP-9779
22/05/19
15:47
045.23
2
LORENA, RIO DE JANEIRO, SAO JOSE DOS CAMPOS, TAUBATE

PRBP220515
PABLO PICASSO
F
26/02/1993
(44) 71856-3571
UNO
RBP-9779
22/05/19
15:47
045.23
2
LORENA, RIO DE JANEIRO, SAO JOSE DOS CAMPOS, TAUBATE

SPAA200917
SABRINA SATO
M
21/04/1995
(32) 70403-4179
FUSCA
PAA-0917
20/09/19
17:19
240.63
3
COTIA, JUNDIAI, LORENA, OSASCO, SAO JOSE DOS CAMPOS, SAO PAULO, SOROCABA, TAUBATE

MJES170815
MATHEUS ROCHA
F
26/12/1996
(15) 21807-8336
CELTA
JES-6484
17/08/19
15:19
209.95
3
COTIA, JUNDIAI, SAO PAULO, SAO ROQUE, SOROCABA

POXQ270513
PABLO VITTAR
M
12/09/1999
(37) 03712-2477
ONIX
OXQ-9303
27/05/19
13:43
169.85
1
JUNDIAI, LORENA, RIO DE JANEIRO, SAO PAULO, SAO ROQUE, SOROCABA, TAUBATE

SPAA200917
SABRINA SATO
M
21/04/1995
(32) 70403-4179
FUSCA
PAA-0917
20/09/19
17:19
240.63
3
COTIA, JUNDIAI, LORENA, OSASCO, SAO JOSE DOS CAMPOS, SAO PAULO, SOROCABA, TAUBATE

MHBZ270322
MATHEUS ROCHA
F
07/04/1989
(13) 18756-8462
COROLLA
HBZ-2276
27/03/19
22:04
168.01
4
JUNDIAI, LORENA, OSASCO, SAO ROQUE, SOROCABA

MJES170815
MATHEUS ROCHA
F
26/12/1996
(15) 21807-8336
CELTA
JES-6484
17/08/19
15:19
209.95
3
COTIA, JUNDIAI, SAO PAULO, SAO ROQUE, SOROCABA

POXQ270513
PABLO VITTAR
M
12/09/1999
(37) 03712-2477
ONIX
OXQ-9303
27/05/19
13:43
169.85
1
JUNDIAI, LORENA, RIO DE JANEIRO, SAO PAULO, SAO ROQUE, SOROCABA, TAUBATE

MHBZ270322
MATHEUS ROCHA
F
07/04/1989
(13) 18756-8462
COROLLA
HBZ-2276
27/03/19
22:04
168.01
4
JUNDIAI, LORENA, OSASCO, SAO ROQUE, SOROCABA

MJES170815
MATHEUS ROCHA
F
26/12/1996
(15) 21807-8336
CELTA
JES-6484
17/08/19
15:19
209.95
3
COTIA, JUNDIAI, SAO PAULO, SAO ROQUE, SOROCABA

POXQ270513
PABLO VITTAR
M
12/09/1999
(37) 03712-2477
ONIX
OXQ-9303
27/05/19
13:43
169.85
1
JUNDIAI, LORENA, RIO DE JANEIRO, SAO PAULO, SAO ROQUE, SOROCABA, TAUBATE

SPAA200917
SABRINA SATO
M
21/04/1995
(32) 70403-4179
FUSCA
PAA-0917
20/09/19
17:19
240.63
3
COTIA, JUNDIAI, LORENA, OSASCO, SAO JOSE DOS CAMPOS, SAO PAULO, SOROCABA, TAUBATE

POXQ270513
PABLO VITTAR
M
12/09/1999
(37) 03712-2477
ONIX
OXQ-9303
27/05/19
13:43
169.85
1
JUNDIAI, LORENA, RIO DE JANEIRO, SAO PAULO, SAO ROQUE, SOROCABA, TAUBATE

PRBP220515
PABLO PICASSO
F
26/02/1993
(44) 71856-3571
UNO
RBP-9779
22/05/19
15:47
045.23
2
LORENA, RIO DE JANEIRO, SAO JOSE DOS CAMPOS, TAUBATE

SPAA200917
SABRINA SATO
M
21/04/1995
(32) 70403-4179
FUSCA
PAA-0917
20/09/19
17:19
240.63
3
COTIA, JUNDIAI, LORENA, OSASCO, SAO JOSE DOS CAMPOS, SAO PAULO, SOROCABA, TAUBATE
**********************LISTAR**********************
MHBZ270322
MATHEUS ROCHA
F
07/04/1989
(13) 18756-8462
COROLLA
HBZ-2276
27/03/19
22:04
168.01
4
JUNDIAI, LORENA, OSASCO, SAO ROQUE, SOROCABA

PRBP220515
PABLO PICASSO
F
26/02/1993
(44) 71856-3571
UNO
RBP-9779
22/05/19
15:47
045.23
2
LORENA, RIO DE JANEIRO, SAO JOSE DOS CAMPOS, TAUBATE

POXQ270513
PABLO VITTAR
M
12/09/1999
(37) 03712-2477
ONIX
OXQ-9303
27/05/19
13:43
169.85
1
JUNDIAI, LORENA, RIO DE JANEIRO, SAO PAULO, SAO ROQUE, SOROCABA, TAUBATE

MJES170815
MATHEUS ROCHA
F
26/12/1996
(15) 21807-8336
CELTA
JES-6484
17/08/19
15:19
209.95
3
COTIA, JUNDIAI, SAO PAULO, SAO ROQUE, SOROCABA

SPAA200917
SABRINA SATO
M
21/04/1995
(32) 70403-4179
FUSCA
PAA-0917
20/09/19
17:19
240.63
3
COTIA, JUNDIAI, LORENA, OSASCO, SAO JOSE DOS CAMPOS, SAO PAULO, SOROCABA, TAUBATE
**********************BUSCAR**********************
POXQ270513
PABLO VITTAR
M
12/09/1999
(37) 03712-2477
ONIX
OXQ-9303
27/05/19
13:43
169.85
1
JUNDIAI, LORENA, RIO DE JANEIRO, SAO PAULO, SAO ROQUE, SOROCABA, TAUBATE

PRBP220515
PABLO PICASSO
F
26/02/1993
(44) 71856-3571
UNO
RBP-9779
22/05/19
15:47
045.23
2
LORENA, RIO DE JANEIRO, SAO JOSE DOS CAMPOS, TAUBATE
**********************BUSCAR**********************
PRBP220515
PABLO PICASSO
F
26/02/1993
(44) 71856-3571
UNO
RBP-9779
22/05/19
15:47
045.23
2
LORENA, RIO DE JANEIRO, SAO JOSE DOS CAMPOS, TAUBATE
**********************ALTERAR*********************
OPERACAO REALIZADA COM SUCESSO!
**********************ALTERAR*********************
OPERACAO REALIZADA COM SUCESSO!
**********************ARQUIVO*********************
SABRINA SATO@M@21/04/1995@(32) 70403-4179@FUSCA@PAA-0917@COTIA|JUNDIAI|LORENA|OSASCO|SAO JOSE DOS CAMPOS|SAO PAULO|SOROCABA|TAUBATE@20/09/19@17:19@240.63@1@####################################################################################################PABLO VITTAR@M@12/09/1999@(37) 03712-2477@ONIX@OXQ-9303@JUNDIAI|LORENA|RIO DE JANEIRO|SAO PAULO|SAO ROQUE|SOROCABA|TAUBATE@27/05/19@13:43@169.85@1@#############################################################################################################PABLO PICASSO@F@26/02/1993@(44) 71856-3571@UNO@RBP-9779@LORENA|RIO DE JANEIRO|SAO JOSE DOS CAMPOS|TAUBATE@22/05/19@15:47@045.23@2@##############################################################################################################################MATHEUS ROCHA@F@26/12/1996@(15) 21807-8336@CELTA@JES-6484@COTIA|JUNDIAI|SAO PAULO|SAO ROQUE|SOROCABA@17/08/19@15:19@209.95@3@###################################################################################################################################MATHEUS ROCHA@F@07/04/1989@(13) 18756-8462@COROLLA@HBZ-2276@JUNDIAI|LORENA|OSASCO|SAO ROQUE|SOROCABA@27/03/19@22:04@168.01@4@###################################################################################################################################ALEXANDRE O MAIS OU MENOS@F@19/09/1996@(29) 56244-3143@FOX@IDB-8885@JUNDIAI|OSASCO|SAO PAULO@19/09/19@05:09@184.04@4@###########################################################################################################################################JULIANA MENDES@F@15/07/1999@(64) 91329-2611@FUSCA@CCJ-0003@COTIA|JUNDIAI|LORENA|OSASCO|SAO JOSE DOS CAMPOS|SAO PAULO|SAO ROQUE|SOROCABA@05/05/19@03:16@051.08@4@################################################################################################JULIA ANDRADE@M@01/02/1997@(61) 22686-7014@HB20@RGP-1193@COTIA|LORENA|OSASCO|SAO JOSE DOS CAMPOS|SAO PAULO|SAO ROQUE|SOROCABA@06/03/19@05:45@004.67@3@##########################################################################################################GABRIELA ALVEZ@F@10/07/1989@(69) 71055-8392@COROLLA@UVW-1947@COTIA|JUNDIAI|LORENA|OSASCO|SAO JOSE DOS CAMPOS|SAO PAULO|SAO ROQUE|TAUBATE@27/01/19@08:49@149.25@1@###############################################################################################EDUARDO COSTA@F@26/02/1991@(14) 88740-0471@CIVIC@KIN-8117@JUNDIAI|LORENA|RIO DE JANEIRO|SAO JOSE DOS CAMPOS@24/04/19@06:04@249.22@4@############################################################################################################################
*****************ARQUIVO SECUNDARIO****************
COTIA AQXM180511 GUVW270108 JCCJ050503 JRGP060305 MJES170815 SPAA200917
JUNDIAI AIDB190905 AQXM180511 EKIN240406 GUVW270108 JCCJ050503 MHBZ270322 MJES170815 POXQ270513 SPAA200917
LORENA AQXM180511 EKIN240406 GUVW270108 JCCJ050503 JRGP060305 MHBZ270322 POXQ270513 PRBP220515 SPAA200917
OSASCO AIDB190905 AQXM180511 GUVW270108 JCCJ050503 JRGP060305 MHBZ270322 SPAA200917
RIO DE JANEIRO AQXM180511 EKIN240406 POXQ270513 PRBP220515
SAO JOSE DOS CAMPOS AQXM180511 EKIN240406 GUVW270108 JCCJ050503 JRGP060305 PRBP220515 SPAA200917
SAO PAULO AIDB190905 AQXM180511 GUVW270108 JCCJ050503 JRGP060305 MJES170815 POXQ270513 SPAA200917
SAO ROQUE AQXM180511 GUVW270108 JCCJ050503 JRGP060305 MHBZ270322 MJES170815 POXQ270513
SOROCABA AQXM180511 JCCJ050503 JRGP060305 MHBZ270322 MJES170815 POXQ270513 SPAA200917
TAUBATE AQXM180511 GUVW270108 POXQ270513 PRBP220515 SPAA200917
**********************ALTERAR*********************
Registro(s) nao encontrado!
FALHA AO REALIZAR OPERACAO!
**********************ARQUIVO*********************
SABRINA SATO@M@21/04/1995@(32) 70403-4179@FUSCA@PAA-0917@COTIA|JUNDIAI|LORENA|OSASCO|SAO JOSE DOS CAMPOS|SAO PAULO|SOROCABA|TAUBATE@20/09/19@17:19@240.63@1@####################################################################################################PABLO VITTAR@M@12/09/1999@(37) 03712-2477@ONIX@OXQ-9303@JUNDIAI|LORENA|RIO DE JANEIRO|SAO PAULO|SAO ROQUE|SOROCABA|TAUBATE@27/05/19@13:43@169.85@1@#############################################################################################################PABLO PICASSO@F@26/02/1993@(44) 71856-3571@UNO@RBP-9779@LORENA|RIO DE JANEIRO|SAO JOSE DOS CAMPOS|TAUBATE@22/05/19@15:47@045.23@2@##############################################################################################################################MATHEUS ROCHA@F@26/12/1996@(15) 21807-8336@CELTA@JES-6484@COTIA|JUNDIAI|SAO PAULO|SAO ROQUE|SOROCABA@17/08/19@15:19@209.95@3@###################################################################################################################################MATHEUS ROCHA@F@07/04/1989@(13) 18756-8462@COROLLA@HBZ-2276@JUNDIAI|LORENA|OSASCO|SAO ROQUE|SOROCABA@27/03/19@22:04@168.01@4@###################################################################################################################################ALEXANDRE O MAIS OU MENOS@F@19/09/1996@(29) 56244-3143@FOX@IDB-8885@JUNDIAI|OSASCO|SAO PAULO@19/09/19@05:09@184.04@4@###########################################################################################################################################JULIANA MENDES@F@15/07/1999@(64) 91329-2611@FUSCA@CCJ-0003@COTIA|JUNDIAI|LORENA|OSASCO|SAO JOSE DOS CAMPOS|SAO PAULO|SAO ROQUE|SOROCABA@05/05/19@03:16@051.08@4@################################################################################################JULIA ANDRADE@M@01/02/1997@(61) 22686-7014@HB20@RGP-1193@COTIA|LORENA|OSASCO|SAO JOSE DOS CAMPOS|SAO PAULO|SAO ROQUE|SOROCABA@06/03/19@05:45@004.67@3@##########################################################################################################GABRIELA ALVEZ@F@10/07/1989@(69) 71055-8392@COROLLA@UVW-1947@COTIA|JUNDIAI|LORENA|OSASCO|SAO JOSE DOS CAMPOS|SAO PAULO|SAO ROQUE|TAUBATE@27/01/19@08:49@149.25@1@###############################################################################################EDUARDO COSTA@F@26/02/1991@(14) 88740-0471@CIVIC@KIN-8117@JUNDIAI|LORENA|RIO DE JANEIRO|SAO JOSE DOS CAMPOS@24/04/19@06:04@249.22@4@############################################################################################################################ALEXANDRE O MAIS OU MENOS@M@20/07/1996@(03) 48157-1038@COROLLA@QXM-1617@COTIA|JUNDIAI|LORENA|OSASCO|RIO DE JANEIRO|SAO JOSE DOS CAMPOS|SAO PAULO|SAO ROQUE|SOROCABA|TAUBATE@18/05/19@11:15@092.25@3@############################################################
**********************ALTERAR*********************
OPERACAO REALIZADA COM SUCESSO!
*****************ARQUIVO SECUNDARIO****************
AIDB190905 ALEXANDRE O MAIS OU MENOS
AQXM180511 ALEXANDRE O MAIS OU MENOS
EKIN240406 EDUARDO COSTA
GUVW270108 GABRIELA ALVEZ
JRGP060305 JULIA ANDRADE
JCCJ050503 JULIANA MENDES
MHBZ270322 MATHEUS ROCHA
MJES170815 MATHEUS ROCHA
PFSL031005 PABLO ESCOBAR
PRBP220515 PABLO PICASSO
POXQ270513 PABLO VITTAR
SPAA200917 SABRINA SATO
**********************ARQUIVO*********************
SABRINA SATO@M@21/04/1995@(32) 70403-4179@FUSCA@PAA-0917@COTIA|JUNDIAI|LORENA|OSASCO|SAO JOSE DOS CAMPOS|SAO PAULO|SOROCABA|TAUBATE@20/09/19@17:19@240.63@1@####################################################################################################PABLO VITTAR@M@12/09/1999@(37) 03712-2477@ONIX@OXQ-9303@JUNDIAI|LORENA|RIO DE JANEIRO|SAO PAULO|SAO ROQUE|SOROCABA|TAUBATE@27/05/19@13:43@169.85@1@#############################################################################################################PABLO PICASSO@F@26/02/1993@(44) 71856-3571@UNO@RBP-9779@LORENA|RIO DE JANEIRO|SAO JOSE DOS CAMPOS|TAUBATE@22/05/19@15:47@045.23@2@##############################################################################################################################MATHEUS ROCHA@F@26/12/1996@(15) 21807-8336@CELTA@JES-6484@COTIA|JUNDIAI|SAO PAULO|SAO ROQUE|SOROCABA@17/08/19@15:19@209.95@3@###################################################################################################################################MATHEUS ROCHA@F@07/04/1989@(13) 18756-8462@COROLLA@HBZ-2276@JUNDIAI|LORENA|OSASCO|SAO ROQUE|SOROCABA@27/03/19@22:04@168.01@4@###################################################################################################################################ALEXANDRE O MAIS OU MENOS@F@19/09/1996@(29) 56244-3143@FOX@IDB-8885@JUNDIAI|OSASCO|SAO PAULO@19/09/19@05:09@184.04@4@###########################################################################################################################################JULIANA MENDES@F@15/07/1999@(64) 91329-2611@FUSCA@CCJ-0003@COTIA|JUNDIAI|LORENA|OSASCO|SAO JOSE DOS CAMPOS|SAO PAULO|SAO ROQUE|SOROCABA@05/05/19@03:16@051.08@4@################################################################################################JULIA ANDRADE@M@01/02/1997@(61) 22686-7014@HB20@RGP-1193@COTIA|LORENA|OSASCO|SAO JOSE DOS CAMPOS|SAO PAULO|SAO ROQUE|SOROCABA@06/03/19@05:45@004.67@3@##########################################################################################################GABRIELA ALVEZ@F@10/07/1989@(69) 71055-8392@COROLLA@UVW-1947@COTIA|JUNDIAI|LORENA|OSASCO|SAO JOSE DOS CAMPOS|SAO PAULO|SAO ROQUE|TAUBATE@27/01/19@08:49@149.25@3@###############################################################################################EDUARDO COSTA@F@26/02/1991@(14) 88740-0471@CIVIC@KIN-8117@JUNDIAI|LORENA|RIO DE JANEIRO|SAO JOSE DOS CAMPOS@24/04/19@06:04@249.22@4@############################################################################################################################ALEXANDRE O MAIS OU MENOS@M@20/07/1996@(03) 48157-1038@COROLLA@QXM-1617@COTIA|JUNDIAI|LORENA|OSASCO|RIO DE JANEIRO|SAO JOSE DOS CAMPOS|SAO PAULO|SAO ROQUE|SOROCABA|TAUBATE@18/05/19@11:15@092.25@3@############################################################PABLO ESCOBAR@F@09/11/1997@(78) 13012-1002@TORO@FSL-2455@COTIA|JUNDIAI|LORENA|OSASCO|RIO DE JANEIRO|SAO JOSE DOS CAMPOS|SAO PAULO|SAO ROQUE|SOROCABA|TAUBATE@03/10/19@05:40@055.16@3@###########################################################################
**********************EXCLUIR*********************
OPERACAO REALIZADA COM SUCESSO!
**********************EXCLUIR*********************
Registro(s) nao encontrado!
FALHA AO REALIZAR OPERACAO!
**********************EXCLUIR*********************
Registro(s) nao encontrado!
FALHA AO REALIZAR OPERACAO!
**********************LISTAR**********************
GUVW270108
GABRIELA ALVEZ
F
10/07/1989
(69) 71055-8392
COROLLA
UVW-1947
27/01/19
08:49
149.25
3
COTIA, JUNDIAI, LORENA, OSASCO, SAO JOSE DOS CAMPOS, SAO PAULO, SAO ROQUE, TAUBATE

THZO110212
TATIANA MONTEIRO
F
25/05/1989
(67) 96241-4127
CELTA
HZO-8722
11/02/19
12:52
223.07
2
COTIA, JUNDIAI, LORENA, OSASCO, RIO DE JANEIRO, SAO JOSE DOS CAMPOS, SAO PAULO, SAO ROQUE, SOROCABA, TAUBATE

JRGP060305
JULIA ANDRADE
M
01/02/1997
(61) 22686-7014
HB20
RGP-1193
06/03/19
05:45
004.67
3
COTIA, LORENA, OSASCO, SAO JOSE DOS CAMPOS, SAO PAULO, SAO ROQUE, SOROCABA

JCCJ050503
JULIANA MENDES
F
15/07/1999
(64) 91329-2611
FUSCA
CCJ-0003
05/05/19
03:16
051.08
4
COTIA, JUNDIAI, LORENA, OSASCO, SAO JOSE DOS CAMPOS, SAO PAULO, SAO ROQUE, SOROCABA

AQXM180511
ALEXANDRE O MAIS OU MENOS
M
20/07/1996
(03) 48157-1038
COROLLA
QXM-1617
18/05/19
11:15
092.25
3
COTIA, JUNDIAI, LORENA, OSASCO, RIO DE JANEIRO, SAO JOSE DOS CAMPOS, SAO PAULO, SAO ROQUE, SOROCABA, TAUBATE

SPAA200917
SABRINA SATO
M
21/04/1995
(32) 70403-4179
FUSCA
PAA-0917
20/09/19
17:19
240.63
1
COTIA, JUNDIAI, LORENA, OSASCO, SAO JOSE DOS CAMPOS, SAO PAULO, SOROCABA, TAUBATE

PFSL031005
PABLO ESCOBAR
F
09/11/1997
(78) 13012-1002
TORO
FSL-2455
03/10/19
05:40
055.16
3
COTIA, JUNDIAI, LORENA, OSASCO, RIO DE JANEIRO, SAO JOSE DOS CAMPOS, SAO PAULO, SAO ROQUE, SOROCABA, TAUBATE

GUVW270108
GABRIELA ALVEZ
F
10/07/1989
(69) 71055-8392
COROLLA
UVW-1947
27/01/19
08:49
149.25
3
COTIA, JUNDIAI, LORENA, OSASCO, SAO JOSE DOS CAMPOS, SAO PAULO, SAO ROQUE, TAUBATE

THZO110212
TATIANA MONTEIRO
F
25/05/1989
(67) 96241-4127
CELTA
HZO-8722
11/02/19
12:52
223.07
2
COTIA, JUNDIAI, LORENA, OSASCO, RIO DE JANEIRO, SAO JOSE DOS CAMPOS, SAO PAULO, SAO ROQUE, SOROCABA, TAUBATE

MHBZ270322
MATHEUS ROCHA
F
07/04/1989
(13) 18756-8462
COROLLA
HBZ-2276
27/03/19
22:04
168.01
4
JUNDIAI, LORENA, OSASCO, SAO ROQUE, SOROCABA

EKIN240406
EDUARDO COSTA
F
26/02/1991
(14) 88740-0471
CIVIC
KIN-8117
24/04/19
06:04
249.22
4
JUNDIAI, LORENA, RIO DE JANEIRO, SAO JOSE DOS CAMPOS

JCCJ050503
JULIANA MENDES
F
15/07/1999
(64) 91329-2611
FUSCA
CCJ-0003
05/05/19
03:16
051.08
4
COTIA, JUNDIAI, LORENA, OSASCO, SAO JOSE DOS CAMPOS, SAO PAULO, SAO ROQUE, SOROCABA

AQXM180511
ALEXANDRE O MAIS OU MENOS
M
20/07/1996
(03) 48157-1038
COROLLA
QXM-1617
18/05/19
11:15
092.25
3
COTIA, JUNDIAI, LORENA, OSASCO, RIO DE JANEIRO, SAO JOSE DOS CAMPOS, SAO PAULO, SAO ROQUE, SOROCABA, TAUBATE

POXQ270513
PABLO VITTAR
M
12/09/1999
(37) 03712-2477
ONIX
OXQ-9303
27/05/19
13:43
169.85
1
JUNDIAI, LORENA, RIO DE JANEIRO, SAO PAULO, SAO ROQUE, SOROCABA, TAUBATE

AIDB190905
ALEXANDRE O MAIS OU MENOS
F
19/09/1996
(29) 56244-3143
FOX
IDB-8885
19/09/19
05:09
184.04
4
JUNDIAI, OSASCO, SAO PAULO

SPAA200917
SABRINA SATO
M
21/04/1995
(32) 70403-4179
FUSCA
PAA-0917
20/09/19
17:19
240.63
1
COTIA, JUNDIAI, LORENA, OSASCO, SAO JOSE DOS CAMPOS, SAO PAULO, SOROCABA, TAUBATE

PFSL031005
PABLO ESCOBAR
F
09/11/1997
(78) 13012-1002
TORO
FSL-2455
03/10/19
05:40
055.16
3
COTIA, JUNDIAI, LORENA, OSASCO, RIO DE JANEIRO, SAO JOSE DOS CAMPOS, SAO PAULO, SAO ROQUE, SOROCABA, TAUBATE

GUVW270108
GABRIELA ALVEZ
F
10/07/1989
(69) 71055-8392
COROLLA
UVW-1947
27/01/19
08:49
149.25
3
COTIA, JUNDIAI, LORENA, OSASCO, SAO JOSE DOS CAMPOS, SAO PAULO, SAO ROQUE, TAUBATE

THZO110212
TATIANA MONTEIRO
F
25/05/1989
(67) 96241-4127
CELTA
HZO-8722
11/02/19
12:52
223.07
2
COTIA, JUNDIAI, LORENA, OSASCO, RIO DE JANEIRO, SAO JOSE DOS CAMPOS, SAO PAULO, SAO ROQUE, SOROCABA, TAUBATE

JRGP060305
JULIA ANDRADE
M
01/02/1997
(61) 22686-7014
HB20
RGP-1193
06/03/19
05:45
004.67
3
COTIA, LORENA, OSASCO, SAO JOSE DOS CAMPOS, SAO PAULO, SAO ROQUE, SOROCABA

MHBZ270322
MATHEUS ROCHA
F
07/04/1989
(13) 18756-8462
COROLLA
HBZ-2276
27/03/19
22:04
168.01
4
JUNDIAI, LORENA, OSASCO, SAO ROQUE, SOROCABA

EKIN240406
EDUARDO COSTA
F
26/02/1991
(14) 88740-0471
CIVIC
KIN-8117
24/04/19
06:04
249.22
4
JUNDIAI, LORENA, RIO DE JANEIRO, SAO JOSE DOS CAMPOS

JCCJ050503
JULIANA MENDES
F
15/07/1999
(64) 91329-2611
FUSCA
CCJ-0003
05/05/19
03:16
051.08
4
COTIA, JUNDIAI, LORENA, OSASCO, SAO JOSE DOS CAMPOS, SAO PAULO, SAO ROQUE, SOROCABA

AQXM180511
ALEXANDRE O MAIS OU MENOS
M
20/07/1996
(03) 48157-1038
COROLLA
QXM-1617
18/05/19
11:15
092.25
3
COTIA, JUNDIAI, LORENA, OSASCO, RIO DE JANEIRO, SAO JOSE DOS CAMPOS, SAO PAULO, SAO ROQUE, SOROCABA, TAUBATE

PRBP220515
PABLO PICASSO
F
26/02/1993
(44) 71856-3571
UNO
RBP-9779
22/05/19
15:47
045.23
2
LORENA, RIO DE JANEIRO, SAO JOSE DOS CAMPOS, TAUBATE

POXQ270513
PABLO VITTAR
M
12/09/1999
(37) 03712-2477
ONIX
OXQ-9303
27/05/19
13:43
169.85
1
JUNDIAI, LORENA, RIO DE JANEIRO, SAO PAULO, SAO ROQUE, SOROCABA, TAUBATE

GLDA010913
GABRIEL PENSADOR
F
08/04/1991
(34) 87304-8610
UNO
LDA-5362
01/09/19
13:39
137.60
4
LORENA, OSASCO, SAO PAULO, SAO ROQUE

SPAA200917
SABRINA SATO
M
21/04/1995
(32) 70403-4179
FUSCA
PAA-0917
20/09/19
17:19
240.63
1
COTIA, JUNDIAI, LORENA, OSASCO, SAO JOSE DOS CAMPOS, SAO PAULO, SOROCABA, TAUBATE

PFSL031005
PABLO ESCOBAR
F
09/11/1997
(78) 13012-1002
TORO
FSL-2455
03/10/19
05:40
055.16
3
COTIA, JUNDIAI, LORENA, OSASCO, RIO DE JANEIRO, SAO JOSE DOS CAMPOS, SAO PAULO, SAO ROQUE, SOROCABA, TAUBATE

GUVW270108
GABRIELA ALVEZ
F
10/07/1989
(69) 71055-8392
COROLLA
UVW-1947
27/01/19
08:49
149.25
3
COTIA, JUNDIAI, LORENA, OSASCO, SAO JOSE DOS CAMPOS, SAO PAULO, SAO ROQUE, TAUBATE

THZO110212
TATIANA MONTEIRO
F
25/05/1989
(67) 96241-4127
CELTA
HZO-8722
11/02/19
12:52
223.07
2
COTIA, JUNDIAI, LORENA, OSASCO, RIO DE JANEIRO, SAO JOSE DOS CAMPOS, SAO PAULO, SAO ROQUE, SOROCABA, TAUBATE

JRGP060305
JULIA ANDRADE
M
01/02/1997
(61) 22686-7014
HB20
RGP-1193
06/03/19
05:45
004.67
3
COTIA, LORENA, OSASCO, SAO JOSE DOS CAMPOS, SAO PAULO, SAO ROQUE, SOROCABA

MHBZ270322
MATHEUS ROCHA
F
07/04/1989
(13) 18756-8462
COROLLA
HBZ-2276
27/03/19
22:04
168.01
4
JUNDIAI, LORENA, OSASCO, SAO ROQUE, SOROCABA

JCCJ050503
JULIANA MENDES
F
15/07/1999
(64) 91329-2611
FUSCA
CCJ-0003
05/05/19
03:16
051.08
4
COTIA, JUNDIAI, LORENA, OSASCO, SAO JOSE DOS CAMPOS, SAO PAULO, SAO ROQUE, SOROCABA

AQXM180511
ALEXANDRE O MAIS OU MENOS
M
20/07/1996
(03) 48157-1038
COROLLA
QXM-1617
18/05/19
11:15
092.25
3
COTIA, JUNDIAI, LORENA, OSASCO, RIO DE JANEIRO, SAO JOSE DOS CAMPOS, SAO PAULO, SAO ROQUE, SOROCABA, TAUBATE

GLDA010913
GABRIEL PENSADOR
F
08/04/1991
(34) 87304-8610
UNO
LDA-5362
01/09/19
13:39
137.60
4
LORENA, OSASCO, SAO PAULO, SAO ROQUE

AIDB190905
ALEXANDRE O MAIS OU MENOS
F
19/09/1996
(29) 56244-3143
FOX
IDB-8885
19/09/19
05:09
184.04
4
JUNDIAI, OSASCO, SAO PAULO

SPAA200917
SABRINA SATO
M
21/04/1995
(32) 70403-4179
FUSCA
PAA-0917
20/09/19
17:19
240.63
1
COTIA, JUNDIAI, LORENA, OSASCO, SAO JOSE DOS CAMPOS, SAO PAULO, SOROCABA, TAUBATE

PFSL031005
PABLO ESCOBAR
F
09/11/1997
(78) 13012-1002
TORO
FSL-2455
03/10/19
05:40
055.16
3
COTIA, JUNDIAI, LORENA, OSASCO, RIO DE JANEIRO, SAO JOSE DOS CAMPOS, SAO PAULO, SAO ROQUE, SOROCABA, TAUBATE

THZO110212
TATIANA MONTEIRO
F
25/05/1989
(67) 96241-4127
CELTA
HZO-8722
11/02/19
12:52
223.07
2
COTIA, JUNDIAI, LORENA, OSASCO, RIO DE JANEIRO, SAO JOSE DOS CAMPOS, SAO PAULO, SAO ROQUE, SOROCABA, TAUBATE

EKIN240406
EDUARDO COSTA
F
26/02/1991
(14) 88740-0471
CIVIC
KIN-8117
24/04/19
06:04
249.22
4
JUNDIAI, LORENA, RIO DE JANEIRO, SAO JOSE DOS CAMPOS

AQXM180511
ALEXANDRE O MAIS OU MENOS
M
20/07/1996
(03) 48157-1038
COROLLA
QXM-1617
18/05/19
11:15
092.25
3
COTIA, JUNDIAI, LORENA, OSASCO, RIO DE JANEIRO, SAO JOSE DOS CAMPOS, SAO PAULO, SAO ROQUE, SOROCABA, TAUBATE

PRBP220515
PABLO PICASSO
F
26/02/1993
(44) 71856-3571
UNO
RBP-9779
22/05/19
15:47
045.23
2
LORENA, RIO DE JANEIRO, SAO JOSE DOS CAMPOS, TAUBATE

POXQ270513
PABLO VITTAR
M
12/09/1999
(37) 03712-2477
ONIX
OXQ-9303
27/05/19
13:43
169.85
1
JUNDIAI, LORENA, RIO DE JANEIRO, SAO PAULO, SAO ROQUE, SOROCABA, TAUBATE

PFSL031005
PABLO ESCOBAR
F
09/11/1997
(78) 13012-1002
TORO
FSL-2455
03/10/19
05:40
055.16
3
COTIA, JUNDIAI, LORENA, OSASCO, RIO DE JANEIRO, SAO JOSE DOS CAMPOS, SAO PAULO, SAO ROQUE, SOROCABA, TAUBATE

GUVW270108
GABRIELA ALVEZ
F
10/07/1989
(69) 71055-8392
COROLLA
UVW-1947
27/01/19
08:49
149.25
3
COTIA, JUNDIAI, LORENA, OSASCO, SAO JOSE DOS CAMPOS, SAO PAULO, SAO ROQUE, TAUBATE

THZO110212
TATIANA MONTEIRO
F
25/05/1989
(67) 96241-4127
CELTA
HZO-8722
11/02/19
12:52
223.07
2
COTIA, JUNDIAI, LORENA, OSASCO, RIO DE JANEIRO, SAO JOSE DOS CAMPOS, SAO PAULO, SAO ROQUE, SOROCABA, TAUBATE

JRGP060305
JULIA ANDRADE
M
01/02/1997
(61) 22686-7014
HB20
RGP-1193
06/03/19
05:45
004.67
3
COTIA, LORENA, OSASCO, SAO JOSE DOS CAMPOS, SAO PAULO, SAO ROQUE, SOROCABA

EKIN240406
EDUARDO COSTA
F
26/02/1991
(14) 88740-0471
CIVIC
KIN-8117
24/04/19
06:04
249.22
4
JUNDIAI, LORENA, RIO DE JANEIRO, SAO JOSE DOS CAMPOS

JCCJ050503
JULIANA MENDES
F
15/07/1999
(64) 91329-2611
FUSCA
CCJ-0003
05/05/19
03:16
051.08
4
COTIA, JUNDIAI, LORENA, OSASCO, SAO JOSE DOS CAMPOS, SAO PAULO, SAO ROQUE, SOROCABA

AQXM180511
ALEXANDRE O MAIS OU MENOS
M
20/07/1996
(03) 48157-1038
COROLLA
QXM-1617
18/05/19
11:15
092.25
3
COTIA, JUNDIAI, LORENA, OSASCO, RIO DE JANEIRO, SAO JOSE DOS CAMPOS, SAO PAULO, SAO ROQUE, SOROCABA, TAUBATE

PRBP220515
PABLO PICASSO
F
26/02/1993
(44) 71856-3571
UNO
RBP-9779
22/05/19
15:47
045.23
2
LORENA, RIO DE JANEIRO, SAO JOSE DOS CAMPOS, TAUBATE

SPAA200917
SABRINA SATO
M
21/04/1995
(32) 70403-4179
FUSCA
PAA-0917
20/09/19
17:19
240.63
1
COTIA, JUNDIAI, LORENA, OSASCO, SAO JOSE DOS CAMPOS, SAO PAULO, SOROCABA, TAUBATE

PFSL031005
PABLO ESCOBAR
F
09/11/1997
(78) 13012-1002
TORO
FSL-2455
03/10/19
05:40
055.16
3
COTIA, JUNDIAI, LORENA, OSASCO, RIO DE JANEIRO, SAO JOSE DOS CAMPOS, SAO PAULO, SAO ROQUE, SOROCABA, TAUBATE

GUVW270108
GABRIELA ALVEZ
F
10/07/1989
(69) 71055-8392
COROLLA
UVW-1947
27/01/19
08:49
149.25
3
COTIA, JUNDIAI, LORENA, OSASCO, SAO JOSE DOS CAMPOS, SAO PAULO, SAO ROQUE, TAUBATE

THZO110212
TATIANA MONTEIRO
F
25/05/1989
(67) 96241-4127
CELTA
HZO-8722
11/02/19
12:52
223.07
2
COTIA, JUNDIAI, LORENA, OSASCO, RIO DE JANEIRO, SAO JOSE DOS CAMPOS, SAO PAULO, SAO ROQUE, SOROCABA, TAUBATE

JRGP060305
JULIA ANDRADE
M
01/02/1997
(61) 22686-7014
HB20
RGP-1193
06/03/19
05:45
004.67
3
COTIA, LORENA, OSASCO, SAO JOSE DOS CAMPOS, SAO PAULO, SAO ROQUE, SOROCABA

JCCJ050503
JULIANA MENDES
F
15/07/1999
(64) 91329-2611
FUSCA
CCJ-0003
05/05/19
03:16
051.08
4
COTIA, JUNDIAI, LORENA, OSASCO, SAO JOSE DOS CAMPOS, SAO PAULO, SAO ROQUE, SOROCABA

AQXM180511
ALEXANDRE O MAIS OU MENOS
M
20/07/1996
(03) 48157-1038
COROLLA
QXM-1617
18/05/19
11:15
092.25
3
COTIA, JUNDIAI, LORENA, OSASCO, RIO DE JANEIRO, SAO JOSE DOS CAMPOS, SAO PAULO, SAO ROQUE, SOROCABA, TAUBATE

POXQ270513
PABLO VITTAR
M
12/09/1999
(37) 03712-2477
ONIX
OXQ-9303
27/05/19
13:43
169.85
1
JUNDIAI, LORENA, RIO DE JANEIRO, SAO PAULO, SAO ROQUE, SOROCABA, TAUBATE

GLDA010913
GABRIEL PENSADOR
F
08/04/1991
(34) 87304-8610
UNO
LDA-5362
01/09/19
13:39
137.60
4
LORENA, OSASCO, SAO PAULO, SAO ROQUE

AIDB190905
ALEXANDRE O MAIS OU MENOS
F
19/09/1996
(29) 56244-3143
FOX
IDB-8885
19/09/19
05:09
184.04
4
JUNDIAI, OSASCO, SAO PAULO

SPAA200917
SABRINA SATO
M
21/04/1995
(32) 70403-4179
FUSCA
PAA-0917
20/09/19
17:19
240.63
1
COTIA, JUNDIAI, LORENA, OSASCO, SAO JOSE DOS CAMPOS, SAO PAULO, SOROCABA, TAUBATE

PFSL031005
PABLO ESCOBAR
F
09/11/1997
(78) 13012-1002
TORO
FSL-2455
03/10/19
05:40
055.16
3
COTIA, JUNDIAI, LORENA, OSASCO, RIO DE JANEIRO, SAO JOSE DOS CAMPOS, SAO PAULO, SAO ROQUE, SOROCABA, TAUBATE

GUVW270108
GABRIELA ALVEZ
F
10/07/1989
(69) 71055-8392
COROLLA
UVW-1947
27/01/19
08:49
149.25
3
COTIA, JUNDIAI, LORENA, OSASCO, SAO JOSE DOS CAMPOS, SAO PAULO, SAO ROQUE, TAUBATE

THZO110212
TATIANA MONTEIRO
F
25/05/1989
(67) 96241-4127
CELTA
HZO-8722
11/02/19
12:52
223.07
2
COTIA, JUNDIAI, LORENA, OSASCO, RIO DE JANEIRO, SAO JOSE DOS CAMPOS, SAO PAULO, SAO ROQUE, SOROCABA, TAUBATE

JRGP060305
JULIA ANDRADE
M
01/02/1997
(61) 22686-7014
HB20
RGP-1193
06/03/19
05:45
004.67
3
COTIA, LORENA, OSASCO, SAO JOSE DOS CAMPOS, SAO PAULO, SAO ROQUE, SOROCABA

MHBZ270322
MATHEUS ROCHA
F
07/04/1989
(13) 18756-8462
COROLLA
HBZ-2276
27/03/19
22:04
168.01
4
JUNDIAI, LORENA, OSASCO, SAO ROQUE, SOROCABA

JCCJ050503
JULIANA MENDES
F
15/07/1999
(64) 91329-2611
FUSCA
CCJ-0003
05/05/19
03:16
051.08
4
COTIA, JUNDIAI, LORENA, OSASCO, SAO JOSE DOS CAMPOS, SAO PAULO, SAO ROQUE, SOROCABA

AQXM180511
ALEXANDRE O MAIS OU MENOS
M
20/07/1996
(03) 48157-1038
COROLLA
QXM-1617
18/05/19
11:15
092.25
3
COTIA, JUNDIAI, LORENA, OSASCO, RIO DE JANEIRO, SAO JOSE DOS CAMPOS, SAO PAULO, SAO ROQUE, SOROCABA, TAUBATE

POXQ270513
PABLO VITTAR
M
12/09/1999
(37) 03712-2477
ONIX
OXQ-9303
27/05/19
13:43
169.85
1
JUNDIAI, LORENA, RIO DE JANEIRO, SAO PAULO, SAO ROQUE, SOROCABA, TAUBATE

GLDA010913
GABRIEL PENSADOR
F
08/04/1991
(34) 87304-8610
UNO
LDA-5362
01/09/19
13:39
137.60
4
LORENA, OSASCO, SAO PAULO, SAO ROQUE

PFSL031005
PABLO ESCOBAR
F
09/11/1997
(78) 13012-1002
TORO
FSL-2455
03/10/19
05:40
055.16
3
COTIA, JUNDIAI, LORENA, OSASCO, RIO DE JANEIRO, SAO JOSE DOS CAMPOS, SAO PAULO, SAO ROQUE, SOROCABA, TAUBATE

THZO110212
TATIANA MONTEIRO
F
25/05/1989
(67) 96241-4127
CELTA
HZO-8722
11/02/19
12:52
223.07
2
COTIA, JUNDIAI, LORENA, OSASCO, RIO DE JANEIRO, SAO JOSE DOS CAMPOS, SAO PAULO, SAO ROQUE, SOROCABA, TAUBATE

JRGP060305
JULIA ANDRADE
M
01/02/1997
(61) 22686-7014
HB20
RGP-1193
06/03/19
05:45
004.67
3
COTIA, LORENA, OSASCO, SAO JOSE DOS CAMPOS, SAO PAULO, SAO ROQUE, SOROCABA

MHBZ270322
MATHEUS ROCHA
F
07/04/1989
(13) 18756-8462
COROLLA
HBZ-2276
27/03/19
22:04
168.01
4
JUNDIAI, LORENA, OSASCO, SAO ROQUE, SOROCABA

JCCJ050503
JULIANA MENDES
F
15/07/1999
(64) 91329-2611
FUSCA
CCJ-0003
05/05/19
03:16
051.08
4
COTIA, JUNDIAI, LORENA, OSASCO, SAO JOSE DOS CAMPOS, SAO PAULO, SAO ROQUE, SOROCABA

AQXM180511
ALEXANDRE O MAIS OU MENOS
M
20/07/1996
(03) 48157-1038
COROLLA
QXM-1617
18/05/19
11:15
092.25
3
COTIA, JUNDIAI, LORENA, OSASCO, RIO DE JANEIRO, SAO JOSE DOS CAMPOS, SAO PAULO, SAO ROQUE, SOROCABA, TAUBATE

POXQ270513
PABLO VITTAR
M
12/09/1999
(37) 03712-2477
ONIX
OXQ-9303
27/05/19
13:43
169.85
1
JUNDIAI, LORENA, RIO DE JANEIRO, SAO PAULO, SAO ROQUE, SOROCABA, TAUBATE

SPAA200917
SABRINA SATO
M
21/04/1995
(32) 70403-4179
FUSCA
PAA-0917
20/09/19
17:19
240.63
1
COTIA, JUNDIAI, LORENA, OSASCO, SAO JOSE DOS CAMPOS, SAO PAULO, SOROCABA, TAUBATE

PFSL031005
PABLO ESCOBAR
F
09/11/1997
(78) 13012-1002
TORO
FSL-2455
03/10/19
05:40
055.16
3
COTIA, JUNDIAI, LORENA, OSASCO, RIO DE JANEIRO, SAO JOSE DOS CAMPOS, SAO PAULO, SAO ROQUE, SOROCABA, TAUBATE

GUVW270108
GABRIELA ALVEZ
F
10/07/1989
(69) 71055-8392
COROLLA
UVW-1947
27/01/19
08:49
149.25
3
COTIA, JUNDIAI, LORENA, OSASCO, SAO JOSE DOS CAMPOS, SAO PAULO, SAO ROQUE, TAUBATE

THZO110212
TATIANA MONTEIRO
F
25/05/1989
(67) 96241-4127
CELTA
HZO-8722
11/02/19
12:52
223.07
2
COTIA, JUNDIAI, LORENA, OSASCO, RIO DE JANEIRO, SAO JOSE DOS CAMPOS, SAO PAULO, SAO ROQUE, SOROCABA, TAUBATE

AQXM180511
ALEXANDRE O MAIS OU MENOS
M
20/07/1996
(03) 48157-1038
COROLLA
QXM-1617
18/05/19
11:15
092.25
3
COTIA, JUNDIAI, LORENA, OSASCO, RIO DE JANEIRO, SAO JOSE DOS CAMPOS, SAO PAULO, SAO ROQUE, SOROCABA, TAUBATE

PRBP220515
PABLO PICASSO
F
26/02/1993
(44) 71856-3571
UNO
RBP-9779
22/05/19
15:47
045.23
2
LORENA, RIO DE JANEIRO, SAO JOSE DOS CAMPOS, TAUBATE

POXQ270513
PABLO VITTAR
M
12/09/1999
(37) 03712-2477
ONIX
OXQ-9303
27/05/19
13:43
169.85
1
JUNDIAI, LORENA, RIO DE JANEIRO, SAO PAULO, SAO ROQUE, SOROCABA, TAUBATE

SPAA200917
SABRINA SATO
M
21/04/1995
(32) 70403-4179
FUSCA
PAA-0917
20/09/19
17:19
240.63
1
COTIA, JUNDIAI, LORENA, OSASCO, SAO JOSE DOS CAMPOS, SAO PAULO, SOROCABA, TAUBATE

PFSL031005
PABLO ESCOBAR
F
09/11/1997
(78) 13012-1002
TORO
FSL-2455
03/10/19
05:40
055.16
3
COTIA, JUNDIAI, LORENA, OSASCO, RIO DE JANEIRO, SAO JOSE DOS CAMPOS, SAO PAULO, SAO ROQUE, SOROCABA, TAUBATE
*****************ARQUIVO SECUNDARIO****************
AIDB190905 ALEXANDRE O MAIS OU MENOS
AQXM180511 ALEXANDRE O MAIS OU MENOS
EKIN240406 EDUARDO COSTA
GLDA010913 GABRIEL PENSADOR
GUVW270108 GABRIELA ALVEZ
JRGP060305 JULIA ANDRADE
JCCJ050503 JULIANA MENDES
MHBZ270322 MATHEUS ROCHA
MJES170815 MATHEUS ROCHA
PFSL031005 PABLO ESCOBAR
PRBP220515 PABLO PICASSO
POXQ270513 PABLO VITTAR
SPAA200917 SABRINA SATO
THZO110212 TATIANA MONTEIRO
**********************LISTAR**********************
AIDB190905
ALEXANDRE O MAIS OU MENOS
F
19/09/1996
(29) 56244-3143
FOX
IDB-8885
19/09/19
05:09
184.04
4
JUNDIAI, OSASCO, SAO PAULO

AQXM180511
ALEXANDRE O MAIS OU MENOS
M
20/07/1996
(03) 48157-1038
COROLLA
QXM-1617
18/05/19
11:15
092.25
3
COTIA, JUNDIAI, LORENA, OSASCO, RIO DE JANEIRO, SAO JOSE DOS CAMPOS, SAO PAULO, SAO ROQUE, SOROCABA, TAUBATE

EKIN240406
EDUARDO COSTA
F
26/02/1991
(14) 88740-0471
CIVIC
KIN-8117
24/04/19
06:04
249.22
4
JUNDIAI, LORENA, RIO DE JANEIRO, SAO JOSE DOS CAMPOS

GLDA010913
GABRIEL PENSADOR
F
08/04/1991
(34) 87304-8610
UNO
LDA-5362
01/09/19
13:39
137.60
4
LORENA, OSASCO, SAO PAULO, SAO ROQUE

GUVW270108
GABRIELA ALVEZ
F
10/07/1989
(69) 71055-8392
COROLLA
UVW-1947
27/01/19
08:49
149.25
3
COTIA, JUNDIAI, LORENA, OSASCO, SAO JOSE DOS CAMPOS, SAO PAULO, SAO ROQUE, TAUBATE

JRGP060305
JULIA ANDRADE
M
01/02/1997
(61) 22686-7014
HB20
RGP-1193
06/03/19
05:45
004.67
3
COTIA, LORENA, OSASCO, SAO JOSE DOS CAMPOS, SAO PAULO, SAO ROQUE, SOROCABA

JCCJ050503
JULIANA MENDES
F
15/07/1999
(64) 91329-2611
FUSCA
CCJ-0003
05/05/19
03:16
051.08
4
COTIA, JUNDIAI, LORENA, OSASCO, SAO JOSE DOS CAMPOS, SAO PAULO, SAO ROQUE, SOROCABA

MHBZ270322
MATHEUS ROCHA
F
07/04/1989
(13) 18756-8462
COROLLA
HBZ-2276
27/03/19
22:04
168.01
4
JUNDIAI, LORENA, OSASCO, SAO ROQUE, SOROCABA

PFSL031005
PABLO ESCOBAR
F
09/11/1997
(78) 13012-1002
TORO
FSL-2455
03/10/19
05:40
055.16
3
COTIA, JUNDIAI, LORENA, OSASCO, RIO DE JANEIRO, SAO JOSE DOS CAMPOS, SAO PAULO, SAO ROQUE, SOROCABA, TAUBATE

PRBP220515
PABLO PICASSO
F
26/02/1993
(44) 71856-3571
UNO
RBP-9779
22/05/19
15:47
045.23
2
LORENA, RIO DE JANEIRO, SAO JOSE DOS CAMPOS, TAUBATE

POXQ270513
PABLO VITTAR
M
12/09/1999
(37) 03712-2477
ONIX
OXQ-9303
27/05/19
13:43
169.85
1
JUNDIAI, LORENA, RIO DE JANEIRO, SAO PAULO, SAO ROQUE, SOROCABA, TAUBATE

SPAA200917
SABRINA SATO
M
21/04/1995
(32) 70403-4179
FUSCA
PAA-0917
20/09/19
17:19
240.63
1
COTIA, JUNDIAI, LORENA, OSASCO, SAO JOSE DOS CAMPOS, SAO PAULO, SOROCABA, TAUBATE

THZO110212
TATIANA MONTEIRO
F
25/05/1989
(67) 96241-4127
CELTA
HZO-8722
11/02/19
12:52
223.07
2
COTIA, JUNDIAI, LORENA, OSASCO, RIO DE JANEIRO, SAO JOSE DOS CAMPOS, SAO PAULO, SAO ROQUE, SOROCABA, TAUBATE
**********************ALTERAR*********************
OPERACAO REALIZADA COM SUCESSO!
**********************LISTAR**********************
TYIC080101
TATIANA MONTEIRO
M
04/06/1989
(80) 38200-9787
CIVIC
YIC-9267
08/01/19
01:57
049.63
4
JUNDIAI, OSASCO, SAO JOSE DOS CAMPOS

GUVW270108
GABRIELA ALVEZ
F
10/07/1989
(69) 71055-8392
COROLLA
UVW-1947
27/01/19
08:49
149.25
3
COTIA, JUNDIAI, LORENA, OSASCO, SAO JOSE DOS CAMPOS, SAO PAULO, SAO ROQUE, TAUBATE

THZO110212
TATIANA MONTEIRO
F
25/05/1989
(67) 96241-4127
CELTA
HZO-8722
11/02/19
12:52
223.07
2
COTIA, JUNDIAI, LORENA, OSASCO, RIO DE JANEIRO, SAO JOSE DOS CAMPOS, SAO PAULO, SAO ROQUE, SOROCABA, TAUBATE

JRGP060305
JULIA ANDRADE
M
01/02/1997
(61) 22686-7014
HB20
RGP-1193
06/03/19
05:45
004.67
3
COTIA, LORENA, OSASCO, SAO JOSE DOS CAMPOS, SAO PAULO, SAO ROQUE, SOROCABA

MHBZ270322
MATHEUS ROCHA
F
07/04/1989
(13) 18756-8462
COROLLA
HBZ-2276
27/03/19
22:04
168.01
4
JUNDIAI, LORENA, OSASCO, SAO ROQUE, SOROCABA

EKIN240406
EDUARDO COSTA
F
26/02/1991
(14) 88740-0471
CIVIC
KIN-8117
24/04/19
06:04
249.22
4
JUNDIAI, LORENA, RIO DE JANEIRO, SAO JOSE DOS CAMPOS

JCCJ050503
JULIANA MENDES
F
15/07/1999
(64) 91329-2611
FUSCA
CCJ-0003
05/05/19
03:16
051.08
4
COTIA, JUNDIAI, LORENA, OSASCO, SAO JOSE DOS CAMPOS, SAO PAULO, SAO ROQUE, SOROCABA

AQXM180511
ALEXANDRE O MAIS OU MENOS
M
20/07/1996
(03) 48157-1038
COROLLA
QXM-1617
18/05/19
11:15
092.25
3
COTIA, JUNDIAI, LORENA, OSASCO, RIO DE JANEIRO, SAO JOSE DOS CAMPOS, SAO PAULO, SAO ROQUE, SOROCABA, TAUBATE

PRBP220515
PABLO PICASSO
F
26/02/1993
(44) 71856-3571
UNO
RBP-9779
22/05/19
15:47
045.23
2
LORENA, RIO DE JANEIRO, SAO JOSE DOS CAMPOS, TAUBATE

POXQ270513
PABLO VITTAR
M
12/09/1999
(37) 03712-2477
ONIX
OXQ-9303
27/05/19
13:43
169.85
1
JUNDIAI, LORENA, RIO DE JANEIRO, SAO PAULO, SAO ROQUE, SOROCABA, TAUBATE

AWPQ240606
ALEXANDRE O CHEGA NE
M
02/08/1998
(72) 75036-9277
TORO
WPQ-3280
24/06/19
06:34
249.80
3
COTIA, JUNDIAI, OSASCO, SAO PAULO

GLDA010913
GABRIEL PENSADOR
F
08/04/1991
(34) 87304-8610
UNO
LDA-5362
01/09/19
13:39
137.60
2
LORENA, OSASCO, SAO PAULO, SAO ROQUE

AIDB190905
ALEXANDRE O MAIS OU MENOS
F
19/09/1996
(29) 56244-3143
FOX
IDB-8885
19/09/19
05:09
184.04
4
JUNDIAI, OSASCO, SAO PAULO

SPAA200917
SABRINA SATO
M
21/04/1995
(32) 70403-4179
FUSCA
PAA-0917
20/09/19
17:19
240.63
1
COTIA, JUNDIAI, LORENA, OSASCO, SAO JOSE DOS CAMPOS, SAO PAULO, SOROCABA, TAUBATE

PFSL031005
PABLO ESCOBAR
F
09/11/1997
(78) 13012-1002
TORO
FSL-2455
03/10/19
05:40
055.16
3
COTIA, JUNDIAI, LORENA, OSASCO, RIO DE JANEIRO, SAO JOSE DOS CAMPOS, SAO PAULO, SAO ROQUE, SOROCABA, TAUBATE
**********************LISTAR**********************
AWPQ240606
ALEXANDRE O CHEGA NE
M
02/08/1998
(72) 75036-9277
TORO
WPQ-3280
24/06/19
06:34
249.80
3
COTIA, JUNDIAI, OSASCO, SAO PAULO

AIDB190905
ALEXANDRE O MAIS OU MENOS
F
19/09/1996
(29) 56244-3143
FOX
IDB-8885
19/09/19
05:09
184.04
4
JUNDIAI, OSASCO, SAO PAULO

AQXM180511
ALEXANDRE O MAIS OU MENOS
M
20/07/1996
(03) 48157-1038
COROLLA
QXM-1617
18/05/19
11:15
092.25
3
COTIA, JUNDIAI, LORENA, OSASCO, RIO DE JANEIRO, SAO JOSE DOS CAMPOS, SAO PAULO, SAO ROQUE, SOROCABA, TAUBATE

EKIN240406
EDUARDO COSTA
F
26/02/1991
(14) 88740-0471
CIVIC
KIN-8117
24/04/19
06:04
249.22
4
JUNDIAI, LORENA, RIO DE JANEIRO, SAO JOSE DOS CAMPOS

GLDA010913
GABRIEL PENSADOR
F
08/04/1991
(34) 87304-8610
UNO
LDA-5362
01/09/19
13:39
137.60
2
LORENA, OSASCO, SAO PAULO, SAO ROQUE

GUVW270108
GABRIELA ALVEZ
F
10/07/1989
(69) 71055-8392
COROLLA
UVW-1947
27/01/19
08:49
149.25
3
COTIA, JUNDIAI, LORENA, OSASCO, SAO JOSE DOS CAMPOS, SAO PAULO, SAO ROQUE, TAUBATE

JRGP060305
JULIA ANDRADE
M
01/02/1997
(61) 22686-7014
HB20
RGP-1193
06/03/19
05:45
004.67
3
COTIA, LORENA, OSASCO, SAO JOSE DOS CAMPOS, SAO PAULO, SAO ROQUE, SOROCABA

JCCJ050503
JULIANA MENDES
F
15/07/1999
(64) 91329-2611
FUSCA
CCJ-0003
05/05/19
03:16
051.08
4
COTIA, JUNDIAI, LORENA, OSASCO, SAO JOSE DOS CAMPOS, SAO PAULO, SAO ROQUE, SOROCABA

MHBZ270322
MATHEUS ROCHA
F
07/04/1989
(13) 18756-8462
COROLLA
HBZ-2276
27/03/19
22:04
168.01
4
JUNDIAI, LORENA, OSASCO, SAO ROQUE, SOROCABA

PFSL031005
PABLO ESCOBAR
F
09/11/1997
(78) 13012-1002
TORO
FSL-2455
03/10/19
05:40
055.16
3
COTIA, JUNDIAI, LORENA, OSASCO, RIO DE JANEIRO, SAO JOSE DOS CAMPOS, SAO PAULO, SAO ROQUE, SOROCABA, TAUBATE

PRBP220515
PABLO PICASSO
F
26/02/1993
(44) 71856-3571
UNO
RBP-9779
22/05/19
15:47
045.23
2
LORENA, RIO DE JANEIRO, SAO JOSE DOS CAMPOS, TAUBATE

POXQ270513
PABLO VITTAR
M
12/09/1999
(37) 03712-2477
ONIX
OXQ-9303
27/05/19
13:43
169.85
1
JUNDIAI, LORENA, RIO DE JANEIRO, SAO PAULO, SAO ROQUE, SOROCABA, TAUBATE

SPAA200917
SABRINA SATO
M
21/04/1995
(32) 70403-4179
FUSCA
PAA-0917
20/09/19
17:19
240.63
1
COTIA, JUNDIAI, LORENA, OSASCO, SAO JOSE DOS CAMPOS, SAO PAULO, SOROCABA, TAUBATE

THZO110212
TATIANA MONTEIRO
F
25/05/1989
(67) 96241-4127
CELTA
HZO-8722
11/02/19
12:52
223.07
2
COTIA, JUNDIAI, LORENA, OSASCO, RIO DE JANEIRO, SAO JOSE DOS CAMPOS, SAO PAULO, SAO ROQUE, SOROCABA, TAUBATE

TYIC080101
TATIANA MONTEIRO
M
04/06/1989
(80) 38200-9787
CIVIC
YIC-9267
08/01/19
01:57
049.63
4
JUNDIAI, OSASCO, SAO JOSE DOS CAMPOS
**********************ARQUIVO*********************
SABRINA SATO@M@21/04/1995@(32) 70403-4179@FUSCA@PAA-0917@COTIA|JUNDIAI|LORENA|OSASCO|SAO JOSE DOS CAMPOS|SAO PAULO|SOROCABA|TAUBATE@20/09/19@17:19@240.63@1@####################################################################################################PABLO VITTAR@M@12/09/1999@(37) 03712-2477@ONIX@OXQ-9303@JUNDIAI|LORENA|RIO DE JANEIRO|SAO PAULO|SAO ROQUE|SOROCABA|TAUBATE@27/05/19@13:43@169.85@1@#############################################################################################################PABLO PICASSO@F@26/02/1993@(44) 71856-3571@UNO@RBP-9779@LORENA|RIO DE JANEIRO|SAO JOSE DOS CAMPOS|TAUBATE@22/05/19@15:47@045.23@2@##############################################################################################################################*|THEUS ROCHA@F@26/12/1996@(15) 21807-8336@CELTA@JES-6484@COTIA|JUNDIAI|SAO PAULO|SAO ROQUE|SOROCABA@17/08/19@15:19@209.95@3@###################################################################################################################################MATHEUS ROCHA@F@07/04/1989@(13) 18756-8462@COROLLA@HBZ-2276@JUNDIAI|LORENA|OSASCO|SAO ROQUE|SOROCABA@27/03/19@22:04@168.01@4@###################################################################################################################################ALEXANDRE O MAIS OU MENOS@F@19/09/1996@(29) 56244-3143@FOX@IDB-8885@JUNDIAI|OSASCO|SAO PAULO@19/09/19@05:09@184.04@4@###########################################################################################################################################JULIANA MENDES@F@15/07/1999@(64) 91329-2611@FUSCA@CCJ-0003@COTIA|JUNDIAI|LORENA|OSASCO|SAO JOSE DOS CAMPOS|SAO PAULO|SAO ROQUE|SOROCABA@05/05/19@03:16@051.08@4@################################################################################################JULIA ANDRADE@M@01/02/1997@(61) 22686-7014@HB20@RGP-1193@COTIA|LORENA|OSASCO|SAO JOSE DOS CAMPOS|SAO PAULO|SAO ROQUE|SOROCABA@06/03/19@05:45@004.67@3@##########################################################################################################GABRIELA ALVEZ@F@10/07/1989@(69) 71055-8392@COROLLA@UVW-1947@COTIA|JUNDIAI|LORENA|OSASCO|SAO JOSE DOS CAMPOS|SAO PAULO|SAO ROQUE|TAUBATE@27/01/19@08:49@149.25@3@###############################################################################################EDUARDO COSTA@F@26/02/1991@(14) 88740-0471@CIVIC@KIN-8117@JUNDIAI|LORENA|RIO DE JANEIRO|SAO JOSE DOS CAMPOS@24/04/19@06:04@249.22@4@############################################################################################################################ALEXANDRE O MAIS OU MENOS@M@20/07/1996@(03) 48157-1038@COROLLA@QXM-1617@COTIA|JUNDIAI|LORENA|OSASCO|RIO DE JANEIRO|SAO JOSE DOS CAMPOS|SAO PAULO|SAO ROQUE|SOROCABA|TAUBATE@18/05/19@11:15@092.25@3@############################################################PABLO ESCOBAR@F@09/11/1997@(78) 13012-1002@TORO@FSL-2455@COTIA|JUNDIAI|LORENA|OSASCO|RIO DE JANEIRO|SAO JOSE DOS CAMPOS|SAO PAULO|SAO ROQUE|SOROCABA|TAUBATE@03/10/19@05:40@055.16@3@###########################################################################TATIANA MONTEIRO@F@25/05/1989@(67) 96241-4127@CELTA@HZO-8722@COTIA|JUNDIAI|LORENA|OSASCO|RIO DE JANEIRO|SAO JOSE DOS CAMPOS|SAO PAULO|SAO ROQUE|SOROCABA|TAUBATE@11/02/19@12:52@223.07@2@#######################################################################GABRIEL PENSADOR@F@08/04/1991@(34) 87304-8610@UNO@LDA-5362@LORENA|OSASCO|SAO PAULO|SAO ROQUE@01/09/19@13:39@137.60@2@###########################################################################################################################################TATIANA MONTEIRO@M@04/06/1989@(80) 38200-9787@CIVIC@YIC-9267@JUNDIAI|OSASCO|SAO JOSE DOS CAMPOS@08/01/19@01:57@049.63@4@########################################################################################################################################ALEXANDRE O CHEGA NE@M@02/08/1998@(72) 75036-9277@TORO@WPQ-3280@COTIA|JUNDIAI|OSASCO|SAO PAULO@24/06/19@06:34@249.80@3@#########################################################################################################################################
**********************EXCLUIR*********************
OPERACAO REALIZADA COM SUCESSO!
**********************EXCLUIR*********************
Registro(s) nao encontrado!
FALHA AO REALIZAR OPERACAO!
*****************ARQUIVO SECUNDARIO****************
COTIA AQXM180511 AWPQ240606 GUVW270108 JCCJ050503 JRGP060305 MJES170815 PFSL031005 RNCZ200522 SPAA200917 THZO110212
JUNDIAI AIDB190905 AQXM180511 AWPQ240606 EKIN240406 GUVW270108 JCCJ050503 MHBZ270322 MJES170815 PFSL031005 POXQ270513 RNCZ200522 SPAA200917 THZO110212 TYIC080101
LORENA AQXM180511 EKIN240406 GLDA010913 GUVW270108 JCCJ050503 JRGP060305 MHBZ270322 PFSL031005 POXQ270513 PRBP220515 RNCZ200522 SPAA200917 THZO110212
OSASCO AIDB190905 AQXM180511 AWPQ240606 GLDA010913 GUVW270108 JCCJ050503 JRGP060305 MHBZ270322 PFSL031005 RNCZ200522 SPAA200917 THZO110212 TYIC080101
RIO DE JANEIRO AQXM180511 EKIN240406 PFSL031005 POXQ270513 PRBP220515 RNCZ200522 THZO110212
SAO JOSE DOS CAMPOS AQXM180511 EKIN240406 GUVW270108 JCCJ050503 JRGP060305 PFSL031005 PRBP220515 RNCZ200522 SPAA200917 THZO110212 TYIC080101
SAO PAULO AIDB190905 AQXM180511 AWPQ240606 GLDA010913 GUVW270108 JCCJ050503 JRGP060305 MJES170815 PFSL031005 POXQ270513 RNCZ200522 SPAA200917 THZO110212
SAO ROQUE AQXM180511 GLDA010913 GUVW270108 JCCJ050503 JRGP060305 MHBZ270322 MJES170815 PFSL031005 POXQ270513 RNCZ200522 THZO110212
SOROCABA AQXM180511 JCCJ050503 JRGP060305 MHBZ270322 MJES170815 PFSL031005 POXQ270513 RNCZ200522 SPAA200917 THZO110212
TAUBATE AQXM180511 GUVW270108 PFSL031005 POXQ270513 PRBP220515 RNCZ200522 SPAA200917 THZO110212
**********************BUSCAR**********************
JRGP060305
JULIA ANDRADE
M
01/02/1997
(61) 22686-7014
HB20
RGP-1193
06/03/19
05:45
004.67
3
COTIA, LORENA, OSASCO, SAO JOSE DOS CAMPOS, SAO PAULO, SAO ROQUE, SOROCABA
**********************ALTERAR*********************
OPERACAO REALIZADA COM SUCESSO!
**********************LISTAR**********************
GUVW270108
GABRIELA ALVEZ
F
10/07/1989
(69) 71055-8392
COROLLA
UVW-1947
27/01/19
08:49
149.25
3
COTIA, JUNDIAI, LORENA, OSASCO, SAO JOSE DOS CAMPOS, SAO PAULO, SAO ROQUE, TAUBATE

THZO110212
TATIANA MONTEIRO
F
25/05/1989
(67) 96241-4127
CELTA
HZO-8722
11/02/19
12:52
223.07
2
COTIA, JUNDIAI, LORENA, OSASCO, RIO DE JANEIRO, SAO JOSE DOS CAMPOS, SAO PAULO, SAO ROQUE, SOROCABA, TAUBATE

JRGP060305
JULIA ANDRADE
M
01/02/1997
(61) 22686-7014
HB20
RGP-1193
06/03/19
05:45
004.67
3
COTIA, LORENA, OSASCO, SAO JOSE DOS CAMPOS, SAO PAULO, SAO ROQUE, SOROCABA

JCCJ050503
JULIANA MENDES
F
15/07/1999
(64) 91329-2611
FUSCA
CCJ-0003
05/05/19
03:16
051.08
4
COTIA, JUNDIAI, LORENA, OSASCO, SAO JOSE DOS CAMPOS, SAO PAULO, SAO ROQUE, SOROCABA

RNCZ200522
ROBERT DOWNEY JUNIOR F :(
F
10/09/1994
(39) 14895-5839
TORO
NCZ-4243
20/05/19
22:02
240.58
4
COTIA, JUNDIAI, LORENA, OSASCO, RIO DE JANEIRO, SAO JOSE DOS CAMPOS, SAO PAULO, SAO ROQUE, SOROCABA, TAUBATE

AWPQ240606
ALEXANDRE O CHEGA NE
M
02/08/1998
(72) 75036-9277
TORO
WPQ-3280
24/06/19
06:34
249.80
3
COTIA, JUNDIAI, OSASCO, SAO PAULO

SPAA200917
SABRINA SATO
M
21/04/1995
(32) 70403-4179
FUSCA
PAA-0917
20/09/19
17:19
240.63
1
COTIA, JUNDIAI, LORENA, OSASCO, SAO JOSE DOS CAMPOS, SAO PAULO, SOROCABA, TAUBATE

PFSL031005
PABLO ESCOBAR
F
09/11/1997
(78) 13012-1002
TORO
FSL-2455
03/10/19
05:40
055.16
3
COTIA, JUNDIAI, LORENA, OSASCO, RIO DE JANEIRO, SAO JOSE DOS CAMPOS, SAO PAULO, SAO ROQUE, SOROCABA, TAUBATE

TYIC080101
TATIANA MONTEIRO
M
04/06/1989
(80) 38200-9787
CIVIC
YIC-9267
08/01/19
01:57
049.63
4
JUNDIAI, OSASCO, SAO JOSE DOS CAMPOS

GUVW270108
GABRIELA ALVEZ
F
10/07/1989
(69) 71055-8392
COROLLA
UVW-1947
27/01/19
08:49
149.25
3
COTIA, JUNDIAI, LORENA, OSASCO, SAO JOSE DOS CAMPOS, SAO PAULO, SAO ROQUE, TAUBATE

THZO110212
TATIANA MONTEIRO
F
25/05/1989
(67) 96241-4127
CELTA
HZO-8722
11/02/19
12:52
223.07
2
COTIA, JUNDIAI, LORENA, OSASCO, RIO DE JANEIRO, SAO JOSE DOS CAMPOS, SAO PAULO, SAO ROQUE, SOROCABA, TAUBATE

MHBZ270322
MATHEUS ROCHA
F
07/04/1989
(13) 18756-8462
COROLLA
HBZ-2276
27/03/19
22:04
168.01
4
JUNDIAI, LORENA, OSASCO, SAO ROQUE, SOROCABA

EKIN240406
EDUARDO COSTA
F
26/02/1991
(14) 88740-0471
CIVIC
KIN-8117
24/04/19
06:04
249.22
4
JUNDIAI, LORENA, RIO DE JANEIRO, SAO JOSE DOS CAMPOS

JCCJ050503
JULIANA MENDES
F
15/07/1999
(64) 91329-2611
FUSCA
CCJ-0003
05/05/19
03:16
051.08
4
COTIA, JUNDIAI, LORENA, OSASCO, SAO JOSE DOS CAMPOS, SAO PAULO, SAO ROQUE, SOROCABA

RNCZ200522
ROBERT DOWNEY JUNIOR F :(
F
10/09/1994
(39) 14895-5839
TORO
NCZ-4243
20/05/19
22:02
240.58
4
COTIA, JUNDIAI, LORENA, OSASCO, RIO DE JANEIRO, SAO JOSE DOS CAMPOS, SAO PAULO, SAO ROQUE, SOROCABA, TAUBATE

POXQ270513
PABLO VITTAR
M
12/09/1999
(37) 03712-2477
ONIX
OXQ-9303
27/05/19
13:43
169.85
1
JUNDIAI, LORENA, RIO DE JANEIRO, SAO PAULO, SAO ROQUE, SOROCABA, TAUBATE

AWPQ240606
ALEXANDRE O CHEGA NE
M
02/08/1998
(72) 75036-9277
TORO
WPQ-3280
24/06/19
06:34
249.80
3
COTIA, JUNDIAI, OSASCO, SAO PAULO

AIDB190905
ALEXANDRE O MAIS OU MENOS
F
19/09/1996
(29) 56244-3143
FOX
IDB-8885
19/09/19
05:09
184.04
4
JUNDIAI, OSASCO, SAO PAULO

SPAA200917
SABRINA SATO
M
21/04/1995
(32) 70403-4179
FUSCA
PAA-0917
20/09/19
17:19
240.63
1
COTIA, JUNDIAI, LORENA, OSASCO, SAO JOSE DOS CAMPOS, SAO PAULO, SOROCABA, TAUBATE

PFSL031005
PABLO ESCOBAR
F
09/11/1997
(78) 13012-1002
TORO
FSL-2455
03/10/19
05:40
055.16
3
COTIA, JUNDIAI, LORENA, OSASCO, RIO DE JANEIRO, SAO JOSE DOS CAMPOS, SAO PAULO, SAO ROQUE, SOROCABA, TAUBATE

GUVW270108
GABRIELA ALVEZ
F
10/07/1989
(69) 71055-8392
COROLLA
UVW-1947
27/01/19
08:49
149.25
3
COTIA, JUNDIAI, LORENA, OSASCO, SAO JOSE DOS CAMPOS, SAO PAULO, SAO ROQUE, TAUBATE

THZO110212
TATIANA MONTEIRO
F
25/05/1989
(67) 96241-4127
CELTA
HZO-8722
11/02/19
12:52
223.07
2
COTIA, JUNDIAI, LORENA, OSASCO, RIO DE JANEIRO, SAO JOSE DOS CAMPOS, SAO PAULO, SAO ROQUE, SOROCABA, TAUBATE

JRGP060305
JULIA ANDRADE
M
01/02/1997
(61) 22686-7014
HB20
RGP-1193
06/03/19
05:45
004.67
3
COTIA, LORENA, OSASCO, SAO JOSE DOS CAMPOS, SAO PAULO, SAO ROQUE, SOROCABA

MHBZ270322
MATHEUS ROCHA
F
07/04/1989
(13) 18756-8462
COROLLA
HBZ-2276
27/03/19
22:04
168.01
4
JUNDIAI, LORENA, OSASCO, SAO ROQUE, SOROCABA

EKIN240406
EDUARDO COSTA
F
26/02/1991
(14) 88740-0471
CIVIC
KIN-8117
24/04/19
06:04
249.22
4
JUNDIAI, LORENA, RIO DE JANEIRO, SAO JOSE DOS CAMPOS

JCCJ050503
JULIANA MENDES
F
15/07/1999
(64) 91329-2611
FUSCA
CCJ-0003
05/05/19
03:16
051.08
4
COTIA, JUNDIAI, LORENA, OSASCO, SAO JOSE DOS CAMPOS, SAO PAULO, SAO ROQUE, SOROCABA

RNCZ200522
ROBERT DOWNEY JUNIOR F :(
F
10/09/1994
(39) 14895-5839
TORO
NCZ-4243
20/05/19
22:02
240.58
4
COTIA, JUNDIAI, LORENA, OSASCO, RIO DE JANEIRO, SAO JOSE DOS CAMPOS, SAO PAULO, SAO ROQUE, SOROCABA, TAUBATE

PRBP220515
PABLO PICASSO
F
26/02/1993
(44) 71856-3571
UNO
RBP-9779
22/05/19
15:47
045.23
2
LORENA, RIO DE JANEIRO, SAO JOSE DOS CAMPOS, TAUBATE

POXQ270513
PABLO VITTAR
M
12/09/1999
(37) 03712-2477
ONIX
OXQ-9303
27/05/19
13:43
169.85
1
JUNDIAI, LORENA, RIO DE JANEIRO, SAO PAULO, SAO ROQUE, SOROCABA, TAUBATE

GLDA010913
GABRIEL PENSADOR
F
08/04/1991
(34) 87304-8610
UNO
LDA-5362
01/09/19
13:39
137.60
2
LORENA, OSASCO, SAO PAULO, SAO ROQUE

SPAA200917
SABRINA SATO
M
21/04/1995
(32) 70403-4179
FUSCA
PAA-0917
20/09/19
17:19
240.63
1
COTIA, JUNDIAI, LORENA, OSASCO, SAO JOSE DOS CAMPOS, SAO PAULO, SOROCABA, TAUBATE

PFSL031005
PABLO ESCOBAR
F
09/11/1997
(78) 13012-1002
TORO
FSL-2455
03/10/19
05:40
055.16
3
COTIA, JUNDIAI, LORENA, OSASCO, RIO DE JANEIRO, SAO JOSE DOS CAMPOS, SAO PAULO, SAO ROQUE, SOROCABA, TAUBATE

TYIC080101
TATIANA MONTEIRO
M
04/06/1989
(80) 38200-9787
CIVIC
YIC-9267
08/01/19
01:57
049.63
4
JUNDIAI, OSASCO, SAO JOSE DOS CAMPOS

GUVW270108
GABRIELA ALVEZ
F
10/07/1989
(69) 71055-8392
COROLLA
UVW-1947
27/01/19
08:49
149.25
3
COTIA, JUNDIAI, LORENA, OSASCO, SAO JOSE DOS CAMPOS, SAO PAULO, SAO ROQUE, TAUBATE

THZO110212
TATIANA MONTEIRO
F
25/05/1989
(67) 96241-4127
CELTA
HZO-8722
11/02/19
12:52
223.07
2
COTIA, JUNDIAI, LORENA, OSASCO, RIO DE JANEIRO, SAO JOSE DOS CAMPOS, SAO PAULO, SAO ROQUE, SOROCABA, TAUBATE

JRGP060305
JULIA ANDRADE
M
01/02/1997
(61) 22686-7014
HB20
RGP-1193
06/03/19
05:45
004.67
3
COTIA, LORENA, OSASCO, SAO JOSE DOS CAMPOS, SAO PAULO, SAO ROQUE, SOROCABA

MHBZ270322
MATHEUS ROCHA
F
07/04/1989
(13) 18756-8462
COROLLA
HBZ-2276
27/03/19
22:04
168.01
4
JUNDIAI, LORENA, OSASCO, SAO ROQUE, SOROCABA

JCCJ050503
JULIANA MENDES
F
15/07/1999
(64) 91329-2611
FUSCA
CCJ-0003
05/05/19
03:16
051.08
4
COTIA, JUNDIAI, LORENA, OSASCO, SAO JOSE DOS CAMPOS, SAO PAULO, SAO ROQUE, SOROCABA

RNCZ200522
ROBERT DOWNEY JUNIOR F :(
F
10/09/1994
(39) 14895-5839
TORO
NCZ-4243
20/05/19
22:02
240.58
4
COTIA, JUNDIAI, LORENA, OSASCO, RIO DE JANEIRO, SAO JOSE DOS CAMPOS, SAO PAULO, SAO ROQUE, SOROCABA, TAUBATE

AWPQ240606
ALEXANDRE O CHEGA NE
M
02/08/1998
(72) 75036-9277
TORO
WPQ-3280
24/06/19
06:34
249.80
3
COTIA, JUNDIAI, OSASCO, SAO PAULO

GLDA010913
GABRIEL PENSADOR
F
08/04/1991
(34) 87304-8610
UNO
LDA-5362
01/09/19
13:39
137.60
2
LORENA, OSASCO, SAO PAULO, SAO ROQUE

AIDB190905
ALEXANDRE O MAIS OU MENOS
F
19/09/1996
(29) 56244-3143
FOX
IDB-8885
19/09/19
05:09
184.04
4
JUNDIAI, OSASCO, SAO PAULO

SPAA200917
SABRINA SATO
M
21/04/1995
(32) 70403-4179
FUSCA
PAA-0917
20/09/19
17:19
240.63
1
COTIA, JUNDIAI, LORENA, OSASCO, SAO JOSE DOS CAMPOS, SAO PAULO, SOROCABA, TAUBATE

PFSL031005
PABLO ESCOBAR
F
09/11/1997
(78) 13012-1002
TORO
FSL-2455
03/10/19
05:40
055.16
3
COTIA, JUNDIAI, LORENA, OSASCO, RIO DE JANEIRO, SAO JOSE DOS CAMPOS, SAO PAULO, SAO ROQUE, SOROCABA, TAUBATE

THZO110212
TATIANA MONTEIRO
F
25/05/1989
(67) 96241-4127
CELTA
HZO-8722
11/02/19
12:52
223.07
2
COTIA, JUNDIAI, LORENA, OSASCO, RIO DE JANEIRO, SAO JOSE DOS CAMPOS, SAO PAULO, SAO ROQUE, SOROCABA, TAUBATE

EKIN240406
EDUARDO COSTA
F
26/02/1991
(14) 88740-0471
CIVIC
KIN-8117
24/04/19
06:04
249.22
4
JUNDIAI, LORENA, RIO DE JANEIRO, SAO JOSE DOS CAMPOS

RNCZ200522
ROBERT DOWNEY JUNIOR F :(
F
10/09/1994
(39) 14895-5839
TORO
NCZ-4243
20/05/19
22:02
240.58
4
COTIA, JUNDIAI, LORENA, OSASCO, RIO DE JANEIRO, SAO JOSE DOS CAMPOS, SAO PAULO, SAO ROQUE, SOROCABA, TAUBATE

PRBP220515
PABLO PICASSO
F
26/02/1993
(44) 71856-3571
UNO
RBP-9779
22/05/19
15:47
045.23
2
LORENA, RIO DE JANEIRO, SAO JOSE DOS CAMPOS, TAUBATE

POXQ270513
PABLO VITTAR
M
12/09/1999
(37) 03712-2477
ONIX
OXQ-9303
27/05/19
13:43
169.85
1
JUNDIAI, LORENA, RIO DE JANEIRO, SAO PAULO, SAO ROQUE, SOROCABA, TAUBATE

PFSL031005
PABLO ESCOBAR
F
09/11/1997
(78) 13012-1002
TORO
FSL-2455
03/10/19
05:40
055.16
3
COTIA, JUNDIAI, LORENA, OSASCO, RIO DE JANEIRO, SAO JOSE DOS CAMPOS, SAO PAULO, SAO ROQUE, SOROCABA, TAUBATE

TYIC080101
TATIANA MONTEIRO
M
04/06/1989
(80) 38200-9787
CIVIC
YIC-9267
08/01/19
01:57
049.63
4
JUNDIAI, OSASCO, SAO JOSE DOS CAMPOS

GUVW270108
GABRIELA ALVEZ
F
10/07/1989
(69) 71055-8392
COROLLA
UVW-1947
27/01/19
08:49
149.25
3
COTIA, JUNDIAI, LORENA, OSASCO, SAO JOSE DOS CAMPOS, SAO PAULO, SAO ROQUE, TAUBATE

THZO110212
TATIANA MONTEIRO
F
25/05/1989
(67) 96241-4127
CELTA
HZO-8722
11/02/19
12:52
223.07
2
COTIA, JUNDIAI, LORENA, OSASCO, RIO DE JANEIRO, SAO JOSE DOS CAMPOS, SAO PAULO, SAO ROQUE, SOROCABA, TAUBATE

JRGP060305
JULIA ANDRADE
M
01/02/1997
(61) 22686-7014
HB20
RGP-1193
06/03/19
05:45
004.67
3
COTIA, LORENA, OSASCO, SAO JOSE DOS CAMPOS, SAO PAULO, SAO ROQUE, SOROCABA

EKIN240406
EDUARDO COSTA
F
26/02/1991
(14) 88740-0471
CIVIC
KIN-8117
24/04/19
06:04
249.22
4
JUNDIAI, LORENA, RIO DE JANEIRO, SAO JOSE DOS CAMPOS

JCCJ050503
JULIANA MENDES
F
15/07/1999
(64) 91329-2611
FUSCA
CCJ-0003
05/05/19
03:16
051.08
4
COTIA, JUNDIAI, LORENA, OSASCO, SAO JOSE DOS CAMPOS, SAO PAULO, SAO ROQUE, SOROCABA

RNCZ200522
ROBERT DOWNEY JUNIOR F :(
F
10/09/1994
(39) 14895-5839
TORO
NCZ-4243
20/05/19
22:02
240.58
4
COTIA, JUNDIAI, LORENA, OSASCO, RIO DE JANEIRO, SAO JOSE DOS CAMPOS, SAO PAULO, SAO ROQUE, SOROCABA, TAUBATE

PRBP220515
PABLO PICASSO
F
26/02/1993
(44) 71856-3571
UNO
RBP-9779
22/05/19
15:47
045.23
2
LORENA, RIO DE JANEIRO, SAO JOSE DOS CAMPOS, TAUBATE

SPAA200917
SABRINA SATO
M
21/04/1995
(32) 70403-4179
FUSCA
PAA-0917
20/09/19
17:19
240.63
1
COTIA, JUNDIAI, LORENA, OSASCO, SAO JOSE DOS CAMPOS, SAO PAULO, SOROCABA, TAUBATE

PFSL031005
PABLO ESCOBAR
F
09/11/1997
(78) 13012-1002
TORO
FSL-2455
03/10/19
05:40
055.16
3
COTIA, JUNDIAI, LORENA, OSASCO, RIO DE JANEIRO, SAO JOSE DOS CAMPOS, SAO PAULO, SAO ROQUE, SOROCABA, TAUBATE

GUVW270108
GABRIELA ALVEZ
F
10/07/1989
(69) 71055-8392
COROLLA
UVW-1947
27/01/19
08:49
149.25
3
COTIA, JUNDIAI, LORENA, OSASCO, SAO JOSE DOS CAMPOS, SAO PAULO, SAO ROQUE, TAUBATE

THZO110212
TATIANA MONTEIRO
F
25/05/1989
(67) 96241-4127
CELTA
HZO-8722
11/02/19
12:52
223.07
2
COTIA, JUNDIAI, LORENA, OSASCO, RIO DE JANEIRO, SAO JOSE DOS CAMPOS, SAO PAULO, SAO ROQUE, SOROCABA, TAUBATE

JRGP060305
JULIA ANDRADE
M
01/02/1997
(61) 22686-7014
HB20
RGP-1193
06/03/19
05:45
004.67
3
COTIA, LORENA, OSASCO, SAO JOSE DOS CAMPOS, SAO PAULO, SAO ROQUE, SOROCABA

JCCJ050503
JULIANA MENDES
F
15/07/1999
(64) 91329-2611
FUSCA
CCJ-0003
05/05/19
03:16
051.08
4
COTIA, JUNDIAI, LORENA, OSASCO, SAO JOSE DOS CAMPOS, SAO PAULO, SAO ROQUE, SOROCABA

RNCZ200522
ROBERT DOWNEY JUNIOR F :(
F
10/09/1994
(39) 14895-5839
TORO
NCZ-4243
20/05/19
22:02
240.58
4
COTIA, JUNDIAI, LORENA, OSASCO, RIO DE JANEIRO, SAO JOSE DOS CAMPOS, SAO PAULO, SAO ROQUE, SOROCABA, TAUBATE

POXQ270513
PABLO VITTAR
M
12/09/1999
(37) 03712-2477
ONIX
OXQ-9303
27/05/19
13:43
169.85
1
JUNDIAI, LORENA, RIO DE JANEIRO, SAO PAULO, SAO ROQUE, SOROCABA, TAUBATE

AWPQ240606
ALEXANDRE O CHEGA NE
M
02/08/1998
(72) 75036-9277
TORO
WPQ-3280
24/06/19
06:34
249.80
3
COTIA, JUNDIAI, OSASCO, SAO PAULO

GLDA010913
GABRIEL PENSADOR
F
08/04/1991
(34) 87304-8610
UNO
LDA-5362
01/09/19
13:39
137.60
2
LORENA, OSASCO, SAO PAULO, SAO ROQUE

AIDB190905
ALEXANDRE O MAIS OU MENOS
F
19/09/1996
(29) 56244-3143
FOX
IDB-8885
19/09/19
05:09
184.04
4
JUNDIAI, OSASCO, SAO PAULO

SPAA200917
SABRINA SATO
M
21/04/1995
(32) 70403-4179
FUSCA
PAA-0917
20/09/19
17:19
240.63
1
COTIA, JUNDIAI, LORENA, OSASCO, SAO JOSE DOS CAMPOS, SAO PAULO, SOROCABA, TAUBATE

PFSL031005
PABLO ESCOBAR
F
09/11/1997
(78) 13012-1002
TORO
FSL-2455
03/10/19
05:40
055.16
3
COTIA, JUNDIAI, LORENA, OSASCO, RIO DE JANEIRO, SAO JOSE DOS CAMPOS, SAO PAULO, SAO ROQUE, SOROCABA, TAUBATE

GUVW270108
GABRIELA ALVEZ
F
10/07/1989
(69) 71055-8392
COROLLA
UVW-1947
27/01/19
08:49
149.25
3
COTIA, JUNDIAI, LORENA, OSASCO, SAO JOSE DOS CAMPOS, SAO PAULO, SAO ROQUE, TAUBATE

THZO110212
TATIANA MONTEIRO
F
25/05/1989
(67) 96241-4127
CELTA
HZO-8722
11/02/19
12:52
223.07
2
COTIA, JUNDIAI, LORENA, OSASCO, RIO DE JANEIRO, SAO JOSE DOS CAMPOS, SAO PAULO, SAO ROQUE, SOROCABA, TAUBATE

JRGP060305
JULIA ANDRADE
M
01/02/1997
(61) 22686-7014
HB20
RGP-1193
06/03/19
05:45
004.67
3
COTIA, LORENA, OSASCO, SAO JOSE DOS CAMPOS, SAO PAULO, SAO ROQUE, SOROCABA

MHBZ270322
MATHEUS ROCHA
F
07/04/1989
(13) 18756-8462
COROLLA
HBZ-2276
27/03/19
22:04
168.01
4
JUNDIAI, LORENA, OSASCO, SAO ROQUE, SOROCABA

JCCJ050503
JULIANA MENDES
F
15/07/1999
(64) 91329-2611
FUSCA
CCJ-0003
05/05/19
03:16
051.08
4
COTIA, JUNDIAI, LORENA, OSASCO, SAO JOSE DOS CAMPOS, SAO PAULO, SAO ROQUE, SOROCABA

RNCZ200522
ROBERT DOWNEY JUNIOR F :(
F
10/09/1994
(39) 14895-5839
TORO
NCZ-4243
20/05/19
22:02
240.58
4
COTIA, JUNDIAI, LORENA, OSASCO, RIO DE JANEIRO, SAO JOSE DOS CAMPOS, SAO PAULO, SAO ROQUE, SOROCABA, TAUBATE

POXQ270513
PABLO VITTAR
M
12/09/1999
(37) 03712-2477
ONIX
OXQ-9303
27/05/19
13:43
169.85
1
JUNDIAI, LORENA, RIO DE JANEIRO, SAO PAULO, SAO ROQUE, SOROCABA, TAUBATE

GLDA010913
GABRIEL PENSADOR
F
08/04/1991
(34) 87304-8610
UNO
LDA-5362
01/09/19
13:39
137.60
2
LORENA, OSASCO, SAO PAULO, SAO ROQUE

PFSL031005
PABLO ESCOBAR
F
09/11/1997
(78) 13012-1002
TORO
FSL-2455
03/10/19
05:40
055.16
3
COTIA, JUNDIAI, LORENA, OSASCO, RIO DE JANEIRO, SAO JOSE DOS CAMPOS, SAO PAULO, SAO ROQUE, SOROCABA, TAUBATE

THZO110212
TATIANA MONTEIRO
F
25/05/1989
(67) 96241-4127
CELTA
HZO-8722
11/02/19
12:52
223.07
2
COTIA, JUNDIAI, LORENA, OSASCO, RIO DE JANEIRO, SAO JOSE DOS CAMPOS, SAO PAULO, SAO ROQUE, SOROCABA, TAUBATE

JRGP060305
JULIA ANDRADE
M
01/02/1997
(61) 22686-7014
HB20
RGP-1193
06/03/19
05:45
004.67
3
COTIA, LORENA, OSASCO, SAO JOSE DOS CAMPOS, SAO PAULO, SAO ROQUE, SOROCABA

MHBZ270322
MATHEUS ROCHA
F
07/04/1989
(13) 18756-8462
COROLLA
HBZ-2276
27/03/19
22:04
168.01
4
JUNDIAI, LORENA, OSASCO, SAO ROQUE, SOROCABA

JCCJ050503
JULIANA MENDES
F
15/07/1999
(64) 91329-2611
FUSCA
CCJ-0003
05/05/19
03:16
051.08
4
COTIA, JUNDIAI, LORENA, OSASCO, SAO JOSE DOS CAMPOS, SAO PAULO, SAO ROQUE, SOROCABA

RNCZ200522
ROBERT DOWNEY JUNIOR F :(
F
10/09/1994
(39) 14895-5839
TORO
NCZ-4243
20/05/19
22:02
240.58
4
COTIA, JUNDIAI, LORENA, OSASCO, RIO DE JANEIRO, SAO JOSE DOS CAMPOS, SAO PAULO, SAO ROQUE, SOROCABA, TAUBATE

POXQ270513
PABLO VITTAR
M
12/09/1999
(37) 03712-2477
ONIX
OXQ-9303
27/05/19
13:43
169.85
1
JUNDIAI, LORENA, RIO DE JANEIRO, SAO PAULO, SAO ROQUE, SOROCABA, TAUBATE

SPAA200917
SABRINA SATO
M
21/04/1995
(32) 70403-4179
FUSCA
PAA-0917
20/09/19
17:19
240.63
1
COTIA, JUNDIAI, LORENA, OSASCO, SAO JOSE DOS CAMPOS, SAO PAULO, SOROCABA, TAUBATE

PFSL031005
PABLO ESCOBAR
F
09/11/1997
(78) 13012-1002
TORO
FSL-2455
03/10/19
05:40
055.16
3
COTIA, JUNDIAI, LORENA, OSASCO, RIO DE JANEIRO, SAO JOSE DOS CAMPOS, SAO PAULO, SAO ROQUE, SOROCABA, TAUBATE

GUVW270108
GABRIELA ALVEZ
F
10/07/1989
(69) 71055-8392
COROLLA
UVW-1947
27/01/19
08:49
149.25
3
COTIA, JUNDIAI, LORENA, OSASCO, SAO JOSE DOS CAMPOS, SAO PAULO, SAO ROQUE, TAUBATE

THZO110212
TATIANA MONTEIRO
F
25/05/1989
(67) 96241-4127
CELTA
HZO-8722
11/02/19
12:52
223.07
2
COTIA, JUNDIAI, LORENA, OSASCO, RIO DE JANEIRO, SAO JOSE DOS CAMPOS, SAO PAULO, SAO ROQUE, SOROCABA, TAUBATE

RNCZ200522
ROBERT DOWNEY JUNIOR F :(
F
10/09/1994
(39) 14895-5839
TORO
NCZ-4243
20/05/19
22:02
240.58
4
COTIA, JUNDIAI, LORENA, OSASCO, RIO DE JANEIRO, SAO JOSE DOS CAMPOS, SAO PAULO, SAO ROQUE, SOROCABA, TAUBATE

PRBP220515
PABLO PICASSO
F
26/02/1993
(44) 71856-3571
UNO
RBP-9779
22/05/19
15:47
045.23
2
LORENA, RIO DE JANEIRO, SAO JOSE DOS CAMPOS, TAUBATE

POXQ270513
PABLO VITTAR
M
12/09/1999
(37) 03712-2477
ONIX
OXQ-9303
27/05/19
13:43
169.85
1
JUNDIAI, LORENA, RIO DE JANEIRO, SAO PAULO, SAO ROQUE, SOROCABA, TAUBATE

SPAA200917
SABRINA SATO
M
21/04/1995
(32) 70403-4179
FUSCA
PAA-0917
20/09/19
17:19
240.63
1
COTIA, JUNDIAI, LORENA, OSASCO, SAO JOSE DOS CAMPOS, SAO PAULO, SOROCABA, TAUBATE

PFSL031005
PABLO ESCOBAR
F
09/11/1997
(78) 13012-1002
TORO
FSL-2455
03/10/19
05:40
055.16
3
COTIA, JUNDIAI, LORENA, OSASCO, RIO DE JANEIRO, SAO JOSE DOS CAMPOS, SAO PAULO, SAO ROQUE, SOROCABA, TAUBATE
**********************LISTAR**********************
TYIC080101
TATIANA MONTEIRO
M
04/06/1989
(80) 38200-9787
CIVIC
YIC-9267
08/01/19
01:57
049.63
4
JUNDIAI, OSASCO, SAO JOSE DOS CAMPOS

GUVW270108
GABRIELA ALVEZ
F
10/07/1989
(69) 71055-8392
COROLLA
UVW-1947
27/01/19
08:49
149.25
3
COTIA, JUNDIAI, LORENA, OSASCO, SAO JOSE DOS CAMPOS, SAO PAULO, SAO ROQUE, TAUBATE

THZO110212
TATIANA MONTEIRO
F
25/05/1989
(67) 96241-4127
CELTA
HZO-8722
11/02/19
12:52
223.07
2
COTIA, JUNDIAI, LORENA, OSASCO, RIO DE JANEIRO, SAO JOSE DOS CAMPOS, SAO PAULO, SAO ROQUE, SOROCABA, TAUBATE

JRGP060305
JULIA ANDRADE
M
01/02/1997
(61) 22686-7014
HB20
RGP-1193
06/03/19
05:45
004.67
3
COTIA, LORENA, OSASCO, SAO JOSE DOS CAMPOS, SAO PAULO, SAO ROQUE, SOROCABA

MHBZ270322
MATHEUS ROCHA
F
07/04/1989
(13) 18756-8462
COROLLA
HBZ-2276
27/03/19
22:04
168.01
4
JUNDIAI, LORENA, OSASCO, SAO ROQUE, SOROCABA

EKIN240406
EDUARDO COSTA
F
26/02/1991
(14) 88740-0471
CIVIC
KIN-8117
24/04/19
06:04
249.22
4
JUNDIAI, LORENA, RIO DE JANEIRO, SAO JOSE DOS CAMPOS

JCCJ050503
JULIANA MENDES
F
15/07/1999
(64) 91329-2611
FUSCA
CCJ-0003
05/05/19
03:16
051.08
4
COTIA, JUNDIAI, LORENA, OSASCO, SAO JOSE DOS CAMPOS, SAO PAULO, SAO ROQUE, SOROCABA

RNCZ200522
ROBERT DOWNEY JUNIOR F :(
F
10/09/1994
(39) 14895-5839
TORO
NCZ-4243
20/05/19
22:02
240.58
4
COTIA, JUNDIAI, LORENA, OSASCO, RIO DE JANEIRO, SAO JOSE DOS CAMPOS, SAO PAULO, SAO ROQUE, SOROCABA, TAUBATE

PRBP220515
PABLO PICASSO
F
26/02/1993
(44) 71856-3571
UNO
RBP-9779
22/05/19
15:47
045.23
2
LORENA, RIO DE JANEIRO, SAO JOSE DOS CAMPOS, TAUBATE

POXQ270513
PABLO VITTAR
M
12/09/1999
(37) 03712-2477
ONIX
OXQ-9303
27/05/19
13:43
169.85
1
JUNDIAI, LORENA, RIO DE JANEIRO, SAO PAULO, SAO ROQUE, SOROCABA, TAUBATE

AWPQ240606
ALEXANDRE O CHEGA NE
M
02/08/1998
(72) 75036-9277
TORO
WPQ-3280
24/06/19
06:34
249.80
3
COTIA, JUNDIAI, OSASCO, SAO PAULO

GLDA010913
GABRIEL PENSADOR
F
08/04/1991
(34) 87304-8610
UNO
LDA-5362
01/09/19
13:39
137.60
2
LORENA, OSASCO, SAO PAULO, SAO ROQUE

AIDB190905
ALEXANDRE O MAIS OU MENOS
F
19/09/1996
(29) 56244-3143
FOX
IDB-8885
19/09/19
05:09
184.04
4
JUNDIAI, OSASCO, SAO PAULO

SPAA200917
SABRINA SATO
M
21/04/1995
(32) 70403-4179
FUSCA
PAA-0917
20/09/19
17:19
240.63
1
COTIA, JUNDIAI, LORENA, OSASCO, SAO JOSE DOS CAMPOS, SAO PAULO, SOROCABA, TAUBATE

PFSL031005
PABLO ESCOBAR
F
09/11/1997
(78) 13012-1002
TORO
FSL-2455
03/10/19
05:40
055.16
3
COTIA, JUNDIAI, LORENA, OSASCO, RIO DE JANEIRO, SAO JOSE DOS CAMPOS, SAO PAULO, SAO ROQUE, SOROCABA, TAUBATE
*****************ARQUIVO SECUNDARIO****************
TYIC080101 08/01/19
GUVW270108 27/01/19
THZO110212 11/02/19
JRGP060305 06/03/19
MHBZ270322 27/03/19
EKIN240406 24/04/19
JCCJ050503 05/05/19
AQXM180511 18/05/19
RNCZ200522 20/05/19
PRBP220515 22/05/19
POXQ270513 27/05/19
AWPQ240606 24/06/19
MJES170815 17/08/19
GLDA010913 01/09/19
AIDB190905 19/09/19
SPAA200917 20/09/19
PFSL031005 03/10/19
**********************ARQUIVO*********************
SABRINA SATO@M@21/04/1995@(32) 70403-4179@FUSCA@PAA-0917@COTIA|JUNDIAI|LORENA|OSASCO|SAO JOSE DOS CAMPOS|SAO PAULO|SOROCABA|TAUBATE@20/09/19@17:19@240.63@1@####################################################################################################PABLO VITTAR@M@12/09/1999@(37) 03712-2477@ONIX@OXQ-9303@JUNDIAI|LORENA|RIO DE JANEIRO|SAO PAULO|SAO ROQUE|SOROCABA|TAUBATE@27/05/19@13:43@169.85@1@#############################################################################################################PABLO PICASSO@F@26/02/1993@(44) 71856-3571@UNO@RBP-9779@LORENA|RIO DE JANEIRO|SAO JOSE DOS CAMPOS|TAUBATE@22/05/19@15:47@045.23@2@##############################################################################################################################*|THEUS ROCHA@F@26/12/1996@(15) 21807-8336@CELTA@JES-6484@COTIA|JUNDIAI|SAO PAULO|SAO ROQUE|SOROCABA@17/08/19@15:19@209.95@3@###################################################################################################################################MATHEUS ROCHA@F@07/04/1989@(13) 18756-8462@COROLLA@HBZ-2276@JUNDIAI|LORENA|OSASCO|SAO ROQUE|SOROCABA@27/03/19@22:04@168.01@4@###################################################################################################################################ALEXANDRE O MAIS OU MENOS@F@19/09/1996@(29) 56244-3143@FOX@IDB-8885@JUNDIAI|OSASCO|SAO PAULO@19/09/19@05:09@184.04@4@###########################################################################################################################################JULIANA MENDES@F@15/07/1999@(64) 91329-2611@FUSCA@CCJ-0003@COTIA|JUNDIAI|LORENA|OSASCO|SAO JOSE DOS CAMPOS|SAO PAULO|SAO ROQUE|SOROCABA@05/05/19@03:16@051.08@4@################################################################################################JULIA ANDRADE@M@01/02/1997@(61) 22686-7014@HB20@RGP-1193@COTIA|LORENA|OSASCO|SAO JOSE DOS CAMPOS|SAO PAULO|SAO ROQUE|SOROCABA@06/03/19@05:45@004.67@3@##########################################################################################################GABRIELA ALVEZ@F@10/07/1989@(69) 71055-8392@COROLLA@UVW-1947@COTIA|JUNDIAI|LORENA|OSASCO|SAO JOSE DOS CAMPOS|SAO PAULO|SAO ROQUE|TAUBATE@27/01/19@08:49@149.25@3@###############################################################################################EDUARDO COSTA@F@26/02/1991@(14) 88740-0471@CIVIC@KIN-8117@JUNDIAI|LORENA|RIO DE JANEIRO|SAO JOSE DOS CAMPOS@24/04/19@06:04@249.22@4@############################################################################################################################*|EXANDRE O MAIS OU MENOS@M@20/07/1996@(03) 48157-1038@COROLLA@QXM-1617@COTIA|JUNDIAI|LORENA|OSASCO|RIO DE JANEIRO|SAO JOSE DOS CAMPOS|SAO PAULO|SAO ROQUE|SOROCABA|TAUBATE@18/05/19@11:15@092.25@3@############################################################PABLO ESCOBAR@F@09/11/1997@(78) 13012-1002@TORO@FSL-2455@COTIA|JUNDIAI|LORENA|OSASCO|RIO DE JANEIRO|SAO JOSE DOS CAMPOS|SAO PAULO|SAO ROQUE|SOROCABA|TAUBATE@03/10/19@05:40@055.16@3@###########################################################################TATIANA MONTEIRO@F@25/05/1989@(67) 96241-4127@CELTA@HZO-8722@COTIA|JUNDIAI|LORENA|OSASCO|RIO DE JANEIRO|SAO JOSE DOS CAMPOS|SAO PAULO|SAO ROQUE|SOROCABA|TAUBATE@11/02/19@12:52@223.07@2@#######################################################################GABRIEL PENSADOR@F@08/04/1991@(34) 87304-8610@UNO@LDA-5362@LORENA|OSASCO|SAO PAULO|SAO ROQUE@01/09/19@13:39@137.60@2@###########################################################################################################################################TATIANA MONTEIRO@M@04/06/1989@(80) 38200-9787@CIVIC@YIC-9267@JUNDIAI|OSASCO|SAO JOSE DOS CAMPOS@08/01/19@01:57@049.63@4@########################################################################################################################################ALEXANDRE O CHEGA NE@M@02/08/1998@(72) 75036-9277@TORO@WPQ-3280@COTIA|JUNDIAI|OSASCO|SAO PAULO@24/06/19@06:34@249.80@3@#########################################################################################################################################ROBERT DOWNEY JUNIOR F :(@F@10/09/1994@(39) 14895-5839@TORO@NCZ-4243@COTIA|JUNDIAI|LORENA|OSASCO|RIO DE JANEIRO|SAO JOSE DOS CAMPOS|SAO PAULO|SAO ROQUE|SOROCABA|TAUBATE@20/05/19@22:02@240.58@4@###############################################################
