**********************ALTERAR*********************
Registro(s) nao encontrado!
FALHA AO REALIZAR OPERACAO!
**********************ARQUIVO*********************
Arquivo vazio!
*****************ARQUIVO SECUNDARIO****************
JUNDIAI RBKT040719
LORENA RBKT040719
OSASCO RBKT040719
RIO DE JANEIRO RBKT040719
SAO JOSE DOS CAMPOS RBKT040719
SAO PAULO RBKT040719
SOROCABA RBKT040719
**********************ARQUIVO*********************
ROBERT PATTINSON@M@20/05/1999@(05) 42165-9408@CELTA@BKT-1026@JUNDIAI|LORENA|OSASCO|RIO DE JANEIRO|SAO JOSE DOS CAMPOS|SAO PAULO|SOROCABA@04/07/19@19:34@167.48@4@###############################################################################################
**********************EXCLUIR*********************
Registro(s) nao encontrado!
FALHA AO REALIZAR OPERACAO!
**********************LISTAR**********************
RBKT040719
ROBERT PATTINSON
M
20/05/1999
(05) 42165-9408
CELTA
BKT-1026
04/07/19
19:34
167.48
4
JUNDIAI, LORENA, OSASCO, RIO DE JANEIRO, SAO JOSE DOS CAMPOS, SAO PAULO, SOROCABA
**********************BUSCAR**********************
RBKT040719
ROBERT PATTINSON
M
20/05/1999
(05) 42165-9408
CELTA
BKT-1026
04/07/19
19:34
167.48
4
JUNDIAI, LORENA, OSASCO, RIO DE JANEIRO, SAO JOSE DOS CAMPOS, SAO PAULO, SOROCABA
**********************LISTAR**********************
RBKT040719
ROBERT PATTINSON
M
20/05/1999
(05) 42165-9408
CELTA
BKT-1026
04/07/19
19:34
167.48
4
JUNDIAI, LORENA, OSASCO, RIO DE JANEIRO, SAO JOSE DOS CAMPOS, SAO PAULO, SOROCABA

RBKT040719
ROBERT PATTINSON
M
20/05/1999
(05) 42165-9408
CELTA
BKT-1026
04/07/19
19:34
167.48
4
JUNDIAI, LORENA, OSASCO, RIO DE JANEIRO, SAO JOSE DOS CAMPOS, SAO PAULO, SOROCABA

RBKT040719
ROBERT PATTINSON
M
20/05/1999
(05) 42165-9408
CELTA
BKT-1026
04/07/19
19:34
167.48
4
JUNDIAI, LORENA, OSASCO, RIO DE JANEIRO, SAO JOSE DOS CAMPOS, SAO PAULO, SOROCABA

RBKT040719
ROBERT PATTINSON
M
20/05/1999
(05) 42165-9408
CELTA
BKT-1026
04/07/19
19:34
167.48
4
JUNDIAI, LORENA, OSASCO, RIO DE JANEIRO, SAO JOSE DOS CAMPOS, SAO PAULO, SOROCABA

RBKT040719
ROBERT PATTINSON
M
20/05/1999
(05) 42165-9408
CELTA
BKT-1026
04/07/19
19:34
167.48
4
JUNDIAI, LORENA, OSASCO, RIO DE JANEIRO, SAO JOSE DOS CAMPOS, SAO PAULO, SOROCABA

RBKT040719
ROBERT PATTINSON
M
20/05/1999
(05) 42165-9408
CELTA
BKT-1026
04/07/19
19:34
167.48
4
JUNDIAI, LORENA, OSASCO, RIO DE JANEIRO, SAO JOSE DOS CAMPOS, SAO PAULO, SOROCABA

RBKT040719
ROBERT PATTINSON
M
20/05/1999
(05) 42165-9408
CELTA
BKT-1026
04/07/19
19:34
167.48
4
JUNDIAI, LORENA, OSASCO, RIO DE JANEIRO, SAO JOSE DOS CAMPOS, SAO PAULO, SOROCABA
**********************BUSCAR**********************
APSH240112
ALEXANDRE O GIGANTESCO
M
11/06/1997
(58) 36425-7456
HB20
PSH-2583
24/01/19
12:57
127.83
2
COTIA, JUNDIAI, LORENA, OSASCO, RIO DE JANEIRO, SAO PAULO, SAO ROQUE, SOROCABA, TAUBATE
**********************BUSCAR**********************
RBKT040719
ROBERT PATTINSON
M
20/05/1999
(05) 42165-9408
CELTA
BKT-1026
04/07/19
19:34
167.48
4
JUNDIAI, LORENA, OSASCO, RIO DE JANEIRO, SAO JOSE DOS CAMPOS, SAO PAULO, SOROCABA
**********************EXCLUIR*********************
Registro(s) nao encontrado!
FALHA AO REALIZAR OPERACAO!
**********************ARQUIVO*********************
ROBERT PATTINSON@M@20/05/1999@(05) 42165-9408@CELTA@BKT-1026@JUNDIAI|LORENA|OSASCO|RIO DE JANEIRO|SAO JOSE DOS CAMPOS|SAO PAULO|SOROCABA@04/07/19@19:34@167.48@4@###############################################################################################ALEXANDRE O GIGANTESCO@M@11/06/1997@(58) 36425-7456@HB20@PSH-2583@COTIA|JUNDIAI|LORENA|OSASCO|RIO DE JANEIRO|SAO PAULO|SAO ROQUE|SOROCABA|TAUBATE@24/01/19@12:57@127.83@2@######################################################################################
**********************LISTAR**********************
APSH240112
ALEXANDRE O GIGANTESCO
M
11/06/1997
(58) 36425-7456
HB20
PSH-2583
24/01/19
12:57
127.83
2
COTIA, JUNDIAI, LORENA, OSASCO, RIO DE JANEIRO, SAO PAULO, SAO ROQUE, SOROCABA, TAUBATE

APSH240112
ALEXANDRE O GIGANTESCO
M
11/06/1997
(58) 36425-7456
HB20
PSH-2583
24/01/19
12:57
127.83
2
COTIA, JUNDIAI, LORENA, OSASCO, RIO DE JANEIRO, SAO PAULO, SAO ROQUE, SOROCABA, TAUBATE

RBKT040719
ROBERT PATTINSON
M
20/05/1999
(05) 42165-9408
CELTA
BKT-1026
04/07/19
19:34
167.48
4
JUNDIAI, LORENA, OSASCO, RIO DE JANEIRO, SAO JOSE DOS CAMPOS, SAO PAULO, SOROCABA

APSH240112
ALEXANDRE O GIGANTESCO
M
11/06/1997
(58) 36425-7456
HB20
PSH-2583
24/01/19
12:57
127.83
2
COTIA, JUNDIAI, LORENA, OSASCO, RIO DE JANEIRO, SAO PAULO, SAO ROQUE, SOROCABA, TAUBATE

RBKT040719
ROBERT PATTINSON
M
20/05/1999
(05) 42165-9408
CELTA
BKT-1026
04/07/19
19:34
167.48
4
JUNDIAI, LORENA, OSASCO, RIO DE JANEIRO, SAO JOSE DOS CAMPOS, SAO PAULO, SOROCABA

APSH240112
ALEXANDRE O GIGANTESCO
M
11/06/1997
(58) 36425-7456
HB20
PSH-2583
24/01/19
12:57
127.83
2
COTIA, JUNDIAI, LORENA, OSASCO, RIO DE JANEIRO, SAO PAULO, SAO ROQUE, SOROCABA, TAUBATE

RBKT040719
ROBERT PATTINSON
M
20/05/1999
(05) 42165-9408
CELTA
BKT-1026
04/07/19
19:34
167.48
4
JUNDIAI, LORENA, OSASCO, RIO DE JANEIRO, SAO JOSE DOS CAMPOS, SAO PAULO, SOROCABA

APSH240112
ALEXANDRE O GIGANTESCO
M
11/06/1997
(58) 36425-7456
HB20
PSH-2583
24/01/19
12:57
127.83
2
COTIA, JUNDIAI, LORENA, OSASCO, RIO DE JANEIRO, SAO PAULO, SAO ROQUE, SOROCABA, TAUBATE

RBKT040719
ROBERT PATTINSON
M
20/05/1999
(05) 42165-9408
CELTA
BKT-1026
04/07/19
19:34
167.48
4
JUNDIAI, LORENA, OSASCO, RIO DE JANEIRO, SAO JOSE DOS CAMPOS, SAO PAULO, SOROCABA

RBKT040719
ROBERT PATTINSON
M
20/05/1999
(05) 42165-9408
CELTA
BKT-1026
04/07/19
19:34
167.48
4
JUNDIAI, LORENA, OSASCO, RIO DE JANEIRO, SAO JOSE DOS CAMPOS, SAO PAULO, SOROCABA

APSH240112
ALEXANDRE O GIGANTESCO
M
11/06/1997
(58) 36425-7456
HB20
PSH-2583
24/01/19
12:57
127.83
2
COTIA, JUNDIAI, LORENA, OSASCO, RIO DE JANEIRO, SAO PAULO, SAO ROQUE, SOROCABA, TAUBATE

RBKT040719
ROBERT PATTINSON
M
20/05/1999
(05) 42165-9408
CELTA
BKT-1026
04/07/19
19:34
167.48
4
JUNDIAI, LORENA, OSASCO, RIO DE JANEIRO, SAO JOSE DOS CAMPOS, SAO PAULO, SOROCABA

APSH240112
ALEXANDRE O GIGANTESCO
M
11/06/1997
(58) 36425-7456
HB20
PSH-2583
24/01/19
12:57
127.83
2
COTIA, JUNDIAI, LORENA, OSASCO, RIO DE JANEIRO, SAO PAULO, SAO ROQUE, SOROCABA, TAUBATE

APSH240112
ALEXANDRE O GIGANTESCO
M
11/06/1997
(58) 36425-7456
HB20
PSH-2583
24/01/19
12:57
127.83
2
COTIA, JUNDIAI, LORENA, OSASCO, RIO DE JANEIRO, SAO PAULO, SAO ROQUE, SOROCABA, TAUBATE

RBKT040719
ROBERT PATTINSON
M
20/05/1999
(05) 42165-9408
CELTA
BKT-1026
04/07/19
19:34
167.48
4
JUNDIAI, LORENA, OSASCO, RIO DE JANEIRO, SAO JOSE DOS CAMPOS, SAO PAULO, SOROCABA

APSH240112
ALEXANDRE O GIGANTESCO
M
11/06/1997
(58) 36425-7456
HB20
PSH-2583
24/01/19
12:57
127.83
2
COTIA, JUNDIAI, LORENA, OSASCO, RIO DE JANEIRO, SAO PAULO, SAO ROQUE, SOROCABA, TAUBATE
**********************EXCLUIR*********************
OPERACAO REALIZADA COM SUCESSO!
**********************LISTAR**********************
MBBP130107
MATHEUS ROCHA
M
21/08/1996
(05) 78224-6524
FIT
BBP-1857
13/01/19
07:25
202.63
2
COTIA, JUNDIAI, RIO DE JANEIRO, SAO JOSE DOS CAMPOS, SAO PAULO, SAO ROQUE, SOROCABA, TAUBATE

APSH240112
ALEXANDRE O GIGANTESCO
M
11/06/1997
(58) 36425-7456
HB20
PSH-2583
24/01/19
12:57
127.83
2
COTIA, JUNDIAI, LORENA, OSASCO, RIO DE JANEIRO, SAO PAULO, SAO ROQUE, SOROCABA, TAUBATE
**********************BUSCAR**********************
Registro(s) nao encontrado!
**********************LISTAR**********************
MBBP130107
MATHEUS ROCHA
M
21/08/1996
(05) 78224-6524
FIT
BBP-1857
13/01/19
07:25
202.63
2
COTIA, JUNDIAI, RIO DE JANEIRO, SAO JOSE DOS CAMPOS, SAO PAULO, SAO ROQUE, SOROCABA, TAUBATE

APSH240112
ALEXANDRE O GIGANTESCO
M
11/06/1997
(58) 36425-7456
HB20
PSH-2583
24/01/19
12:57
127.83
2
COTIA, JUNDIAI, LORENA, OSASCO, RIO DE JANEIRO, SAO PAULO, SAO ROQUE, SOROCABA, TAUBATE

MBBP130107
MATHEUS ROCHA
M
21/08/1996
(05) 78224-6524
FIT
BBP-1857
13/01/19
07:25
202.63
2
COTIA, JUNDIAI, RIO DE JANEIRO, SAO JOSE DOS CAMPOS, SAO PAULO, SAO ROQUE, SOROCABA, TAUBATE

APSH240112
ALEXANDRE O GIGANTESCO
M
11/06/1997
(58) 36425-7456
HB20
PSH-2583
24/01/19
12:57
127.83
2
COTIA, JUNDIAI, LORENA, OSASCO, RIO DE JANEIRO, SAO PAULO, SAO ROQUE, SOROCABA, TAUBATE

APSH240112
ALEXANDRE O GIGANTESCO
M
11/06/1997
(58) 36425-7456
HB20
PSH-2583
24/01/19
12:57
127.83
2
COTIA, JUNDIAI, LORENA, OSASCO, RIO DE JANEIRO, SAO PAULO, SAO ROQUE, SOROCABA, TAUBATE

APSH240112
ALEXANDRE O GIGANTESCO
M
11/06/1997
(58) 36425-7456
HB20
PSH-2583
24/01/19
12:57
127.83
2
COTIA, JUNDIAI, LORENA, OSASCO, RIO DE JANEIRO, SAO PAULO, SAO ROQUE, SOROCABA, TAUBATE

MBBP130107
MATHEUS ROCHA
M
21/08/1996
(05) 78224-6524
FIT
BBP-1857
13/01/19
07:25
202.63
2
COTIA, JUNDIAI, RIO DE JANEIRO, SAO JOSE DOS CAMPOS, SAO PAULO, SAO ROQUE, SOROCABA, TAUBATE

APSH240112
ALEXANDRE O GIGANTESCO
M
11/06/1997
(58) 36425-7456
HB20
PSH-2583
24/01/19
12:57
127.83
2
COTIA, JUNDIAI, LORENA, OSASCO, RIO DE JANEIRO, SAO PAULO, SAO ROQUE, SOROCABA, TAUBATE

MBBP130107
MATHEUS ROCHA
M
21/08/1996
(05) 78224-6524
FIT
BBP-1857
13/01/19
07:25
202.63
2
COTIA, JUNDIAI, RIO DE JANEIRO, SAO JOSE DOS CAMPOS, SAO PAULO, SAO ROQUE, SOROCABA, TAUBATE

MBBP130107
MATHEUS ROCHA
M
21/08/1996
(05) 78224-6524
FIT
BBP-1857
13/01/19
07:25
202.63
2
COTIA, JUNDIAI, RIO DE JANEIRO, SAO JOSE DOS CAMPOS, SAO PAULO, SAO ROQUE, SOROCABA, TAUBATE

APSH240112
ALEXANDRE O GIGANTESCO
M
11/06/1997
(58) 36425-7456
HB20
PSH-2583
24/01/19
12:57
127.83
2
COTIA, JUNDIAI, LORENA, OSASCO, RIO DE JANEIRO, SAO PAULO, SAO ROQUE, SOROCABA, TAUBATE

MBBP130107
MATHEUS ROCHA
M
21/08/1996
(05) 78224-6524
FIT
BBP-1857
13/01/19
07:25
202.63
2
COTIA, JUNDIAI, RIO DE JANEIRO, SAO JOSE DOS CAMPOS, SAO PAULO, SAO ROQUE, SOROCABA, TAUBATE

APSH240112
ALEXANDRE O GIGANTESCO
M
11/06/1997
(58) 36425-7456
HB20
PSH-2583
24/01/19
12:57
127.83
2
COTIA, JUNDIAI, LORENA, OSASCO, RIO DE JANEIRO, SAO PAULO, SAO ROQUE, SOROCABA, TAUBATE

MBBP130107
MATHEUS ROCHA
M
21/08/1996
(05) 78224-6524
FIT
BBP-1857
13/01/19
07:25
202.63
2
COTIA, JUNDIAI, RIO DE JANEIRO, SAO JOSE DOS CAMPOS, SAO PAULO, SAO ROQUE, SOROCABA, TAUBATE

APSH240112
ALEXANDRE O GIGANTESCO
M
11/06/1997
(58) 36425-7456
HB20
PSH-2583
24/01/19
12:57
127.83
2
COTIA, JUNDIAI, LORENA, OSASCO, RIO DE JANEIRO, SAO PAULO, SAO ROQUE, SOROCABA, TAUBATE

MBBP130107
MATHEUS ROCHA
M
21/08/1996
(05) 78224-6524
FIT
BBP-1857
13/01/19
07:25
202.63
2
COTIA, JUNDIAI, RIO DE JANEIRO, SAO JOSE DOS CAMPOS, SAO PAULO, SAO ROQUE, SOROCABA, TAUBATE

APSH240112
ALEXANDRE O GIGANTESCO
M
11/06/1997
(58) 36425-7456
HB20
PSH-2583
24/01/19
12:57
127.83
2
COTIA, JUNDIAI, LORENA, OSASCO, RIO DE JANEIRO, SAO PAULO, SAO ROQUE, SOROCABA, TAUBATE
**********************EXCLUIR*********************
Registro(s) nao encontrado!
FALHA AO REALIZAR OPERACAO!
**********************ALTERAR*********************
Registro(s) nao encontrado!
FALHA AO REALIZAR OPERACAO!
**********************ARQUIVO*********************
ALEXANDRE O GIGANTESCO@M@11/06/1997@(58) 36425-7456@HB20@PSH-2583@COTIA|JUNDIAI|LORENA|OSASCO|RIO DE JANEIRO|SAO PAULO|SAO ROQUE|SOROCABA|TAUBATE@24/01/19@12:57@127.83@2@######################################################################################MATHEUS ROCHA@M@21/08/1996@(05) 78224-6524@FIT@BBP-1857@COTIA|JUNDIAI|RIO DE JANEIRO|SAO JOSE DOS CAMPOS|SAO PAULO|SAO ROQUE|SOROCABA|TAUBATE@13/01/19@07:25@202.63@2@##########################################################################################LETICIA CARRARA@M@03/11/1994@(52) 44009-1232@COROLLA@SEW-5624@OSASCO|RIO DE JANEIRO@09/10/19@01:19@044.62@2@####################################################################################################################################################
**********************LISTAR**********************
MBBP130107
MATHEUS ROCHA
M
21/08/1996
(05) 78224-6524
FIT
BBP-1857
13/01/19
07:25
202.63
2
COTIA, JUNDIAI, RIO DE JANEIRO, SAO JOSE DOS CAMPOS, SAO PAULO, SAO ROQUE, SOROCABA, TAUBATE

APSH240112
ALEXANDRE O GIGANTESCO
M
11/06/1997
(58) 36425-7456
HB20
PSH-2583
24/01/19
12:57
127.83
2
COTIA, JUNDIAI, LORENA, OSASCO, RIO DE JANEIRO, SAO PAULO, SAO ROQUE, SOROCABA, TAUBATE

LSEW091001
LETICIA CARRARA
M
03/11/1994
(52) 44009-1232
COROLLA
SEW-5624
09/10/19
01:19
044.62
2
OSASCO, RIO DE JANEIRO
**********************BUSCAR**********************
MBBP130107
MATHEUS ROCHA
M
21/08/1996
(05) 78224-6524
FIT
BBP-1857
13/01/19
07:25
202.63
2
COTIA, JUNDIAI, RIO DE JANEIRO, SAO JOSE DOS CAMPOS, SAO PAULO, SAO ROQUE, SOROCABA, TAUBATE
**********************EXCLUIR*********************
OPERACAO REALIZADA COM SUCESSO!
*****************ARQUIVO SECUNDARIO****************
MBBP130107 13/01/19
APSH240112 24/01/19
LSEW091001 09/10/19
**********************BUSCAR**********************
Registro(s) nao encontrado!
**********************BUSCAR**********************
Registro(s) nao encontrado!
**********************BUSCAR**********************
APSH240112
ALEXANDRE O GIGANTESCO
M
11/06/1997
(58) 36425-7456
HB20
PSH-2583
24/01/19
12:57
127.83
2
COTIA, JUNDIAI, LORENA, OSASCO, RIO DE JANEIRO, SAO PAULO, SAO ROQUE, SOROCABA, TAUBATE

GBJR040205
GABRIEL THE ANGEL
M
03/02/1996
(44) 53151-1435
ONIX
BJR-5982
04/02/19
05:15
126.96
3
COTIA, JUNDIAI, LORENA, OSASCO, RIO DE JANEIRO, SAO JOSE DOS CAMPOS, SAO PAULO, SAO ROQUE, SOROCABA
**********************ARQUIVO*********************
ALEXANDRE O GIGANTESCO@M@11/06/1997@(58) 36425-7456@HB20@PSH-2583@COTIA|JUNDIAI|LORENA|OSASCO|RIO DE JANEIRO|SAO PAULO|SAO ROQUE|SOROCABA|TAUBATE@24/01/19@12:57@127.83@2@######################################################################################MATHEUS ROCHA@M@21/08/1996@(05) 78224-6524@FIT@BBP-1857@COTIA|JUNDIAI|RIO DE JANEIRO|SAO JOSE DOS CAMPOS|SAO PAULO|SAO ROQUE|SOROCABA|TAUBATE@13/01/19@07:25@202.63@2@##########################################################################################*|TICIA CARRARA@M@03/11/1994@(52) 44009-1232@COROLLA@SEW-5624@OSASCO|RIO DE JANEIRO@09/10/19@01:19@044.62@2@####################################################################################################################################################GABRIEL THE ANGEL@M@03/02/1996@(44) 53151-1435@ONIX@BJR-5982@COTIA|JUNDIAI|LORENA|OSASCO|RIO DE JANEIRO|SAO JOSE DOS CAMPOS|SAO PAULO|SAO ROQUE|SOROCABA@04/02/19@05:15@126.96@3@###############################################################################LETICIA BASTOS@F@07/06/1999@(70) 71577-2029@GOL@LPE-0405@COTIA|JUNDIAI|LORENA|OSASCO|SAO JOSE DOS CAMPOS|SAO ROQUE@13/07/19@15:21@224.08@4@#####################################################################################################################
**********************EXCLUIR*********************
OPERACAO REALIZADA COM SUCESSO!
**********************ALTERAR*********************
OPERACAO REALIZADA COM SUCESSO!
**********************ARQUIVO*********************
*|EXANDRE O GIGANTESCO@M@11/06/1997@(58) 36425-7456@HB20@PSH-2583@COTIA|JUNDIAI|LORENA|OSASCO|RIO DE JANEIRO|SAO PAULO|SAO ROQUE|SOROCABA|TAUBATE@24/01/19@12:57@127.83@2@######################################################################################MATHEUS ROCHA@M@21/08/1996@(05) 78224-6524@FIT@BBP-1857@COTIA|JUNDIAI|RIO DE JANEIRO|SAO JOSE DOS CAMPOS|SAO PAULO|SAO ROQUE|SOROCABA|TAUBATE@13/01/19@07:25@202.63@2@##########################################################################################*|TICIA CARRARA@M@03/11/1994@(52) 44009-1232@COROLLA@SEW-5624@OSASCO|RIO DE JANEIRO@09/10/19@01:19@044.62@2@####################################################################################################################################################GABRIEL THE ANGEL@M@03/02/1996@(44) 53151-1435@ONIX@BJR-5982@COTIA|JUNDIAI|LORENA|OSASCO|RIO DE JANEIRO|SAO JOSE DOS CAMPOS|SAO PAULO|SAO ROQUE|SOROCABA@04/02/19@05:15@126.96@4@###############################################################################LETICIA BASTOS@F@07/06/1999@(70) 71577-2029@GOL@LPE-0405@COTIA|JUNDIAI|LORENA|OSASCO|SAO JOSE DOS CAMPOS|SAO ROQUE@13/07/19@15:21@224.08@4@#####################################################################################################################
**********************ARQUIVO*********************
MATHEUS ROCHA@M@21/08/1996@(05) 78224-6524@FIT@BBP-1857@COTIA|JUNDIAI|RIO DE JANEIRO|SAO JOSE DOS CAMPOS|SAO PAULO|SAO ROQUE|SOROCABA|TAUBATE@13/01/19@07:25@202.63@2@##########################################################################################GABRIEL THE ANGEL@M@03/02/1996@(44) 53151-1435@ONIX@BJR-5982@COTIA|JUNDIAI|LORENA|OSASCO|RIO DE JANEIRO|SAO JOSE DOS CAMPOS|SAO PAULO|SAO ROQUE|SOROCABA@04/02/19@05:15@126.96@4@###############################################################################LETICIA BASTOS@F@07/06/1999@(70) 71577-2029@GOL@LPE-0405@COTIA|JUNDIAI|LORENA|OSASCO|SAO JOSE DOS CAMPOS|SAO ROQUE@13/07/19@15:21@224.08@4@#####################################################################################################################
**********************BUSCAR**********************
Registro(s) nao encontrado!
**********************BUSCAR**********************
MBBP130107
MATHEUS ROCHA
M
21/08/1996
(05) 78224-6524
FIT
BBP-1857
13/01/19
07:25
202.63
2
COTIA, JUNDIAI, RIO DE JANEIRO, SAO JOSE DOS CAMPOS, SAO PAULO, SAO ROQUE, SOROCABA, TAUBATE
**********************BUSCAR**********************
GBJR040205
GABRIEL THE ANGEL
M
03/02/1996
(44) 53151-1435
ONIX
BJR-5982
04/02/19
05:15
126.96
4
COTIA, JUNDIAI, LORENA, OSASCO, RIO DE JANEIRO, SAO JOSE DOS CAMPOS, SAO PAULO, SAO ROQUE, SOROCABA

MBBP130107
MATHEUS ROCHA
M
21/08/1996
(05) 78224-6524
FIT
BBP-1857
13/01/19
07:25
202.63
2
COTIA, JUNDIAI, RIO DE JANEIRO, SAO JOSE DOS CAMPOS, SAO PAULO, SAO ROQUE, SOROCABA, TAUBATE
**********************BUSCAR**********************
GBJR040205
GABRIEL THE ANGEL
M
03/02/1996
(44) 53151-1435
ONIX
BJR-5982
04/02/19
05:15
126.96
4
COTIA, JUNDIAI, LORENA, OSASCO, RIO DE JANEIRO, SAO JOSE DOS CAMPOS, SAO PAULO, SAO ROQUE, SOROCABA

LLPE130715
LETICIA BASTOS
F
07/06/1999
(70) 71577-2029
GOL
LPE-0405
13/07/19
15:21
224.08
4
COTIA, JUNDIAI, LORENA, OSASCO, SAO JOSE DOS CAMPOS, SAO ROQUE
**********************ALTERAR*********************
OPERACAO REALIZADA COM SUCESSO!
**********************EXCLUIR*********************
Registro(s) nao encontrado!
FALHA AO REALIZAR OPERACAO!
**********************LISTAR**********************
GBJR040205
GABRIEL THE ANGEL
M
03/02/1996
(44) 53151-1435
ONIX
BJR-5982
04/02/19
05:15
126.96
4
COTIA, JUNDIAI, LORENA, OSASCO, RIO DE JANEIRO, SAO JOSE DOS CAMPOS, SAO PAULO, SAO ROQUE, SOROCABA

GEIH031000
GABRIEL THE ANGEL
M
01/07/1994
(69) 02134-9457
FOX
EIH-5603
03/10/19
00:23
191.80
4
COTIA, JUNDIAI, OSASCO, RIO DE JANEIRO, SAO JOSE DOS CAMPOS, SAO PAULO, SAO ROQUE

JEOP181023
JULIANA MENDES
M
05/05/1996
(92) 16436-5442
FOX
EOP-2417
18/10/19
23:22
080.08
2
OSASCO, SAO ROQUE

JFXN030407
JULIANA MENDES
F
23/01/1997
(55) 89087-1308
GOL
FXN-5386
03/04/19
07:16
211.73
2
COTIA, JUNDIAI, RIO DE JANEIRO, SAO JOSE DOS CAMPOS, SAO PAULO, SAO ROQUE, SOROCABA, TAUBATE

LKSV170218
LETICIA FERREIRA DOS SANTOS
M
11/11/1996
(71) 74205-6790
HB20
KSV-3861
17/02/19
18:46
193.32
2
SAO JOSE DOS CAMPOS, SAO ROQUE, SOROCABA, TAUBATE

LLPE130715
LETICIA BASTOS
F
07/06/1999
(70) 71577-2029
GOL
LPE-0405
13/07/19
15:21
224.08
4
COTIA, JUNDIAI, LORENA, OSASCO, SAO JOSE DOS CAMPOS, SAO ROQUE

MBBP130107
MATHEUS ROCHA
M
21/08/1996
(05) 78224-6524
FIT
BBP-1857
13/01/19
07:25
202.63
2
COTIA, JUNDIAI, RIO DE JANEIRO, SAO JOSE DOS CAMPOS, SAO PAULO, SAO ROQUE, SOROCABA, TAUBATE

MHLN090319
MATEUS ALVES
F
07/12/1992
(43) 45068-1183
FUSCA
HLN-4939
09/03/19
19:45
030.71
2
OSASCO, SAO JOSE DOS CAMPOS, SAO PAULO, SAO ROQUE, TAUBATE
**********************ALTERAR*********************
OPERACAO REALIZADA COM SUCESSO!
**********************LISTAR**********************
GBJR040205
GABRIEL THE ANGEL
M
03/02/1996
(44) 53151-1435
ONIX
BJR-5982
04/02/19
05:15
126.96
4
COTIA, JUNDIAI, LORENA, OSASCO, RIO DE JANEIRO, SAO JOSE DOS CAMPOS, SAO PAULO, SAO ROQUE, SOROCABA

GEIH031000
GABRIEL THE ANGEL
M
01/07/1994
(69) 02134-9457
FOX
EIH-5603
03/10/19
00:23
191.80
4
COTIA, JUNDIAI, OSASCO, RIO DE JANEIRO, SAO JOSE DOS CAMPOS, SAO PAULO, SAO ROQUE

JEOP181023
JULIANA MENDES
M
05/05/1996
(92) 16436-5442
FOX
EOP-2417
18/10/19
23:22
080.08
2
OSASCO, SAO ROQUE

JFXN030407
JULIANA MENDES
F
23/01/1997
(55) 89087-1308
GOL
FXN-5386
03/04/19
07:16
211.73
3
COTIA, JUNDIAI, RIO DE JANEIRO, SAO JOSE DOS CAMPOS, SAO PAULO, SAO ROQUE, SOROCABA, TAUBATE

LKSV170218
LETICIA FERREIRA DOS SANTOS
M
11/11/1996
(71) 74205-6790
HB20
KSV-3861
17/02/19
18:46
193.32
2
SAO JOSE DOS CAMPOS, SAO ROQUE, SOROCABA, TAUBATE

LLPE130715
LETICIA BASTOS
F
07/06/1999
(70) 71577-2029
GOL
LPE-0405
13/07/19
15:21
224.08
4
COTIA, JUNDIAI, LORENA, OSASCO, SAO JOSE DOS CAMPOS, SAO ROQUE

MBBP130107
MATHEUS ROCHA
M
21/08/1996
(05) 78224-6524
FIT
BBP-1857
13/01/19
07:25
202.63
2
COTIA, JUNDIAI, RIO DE JANEIRO, SAO JOSE DOS CAMPOS, SAO PAULO, SAO ROQUE, SOROCABA, TAUBATE

MHLN090319
MATEUS ALVES
F
07/12/1992
(43) 45068-1183
FUSCA
HLN-4939
09/03/19
19:45
030.71
2
OSASCO, SAO JOSE DOS CAMPOS, SAO PAULO, SAO ROQUE, TAUBATE
**********************LISTAR**********************
GBJR040205
GABRIEL THE ANGEL
M
03/02/1996
(44) 53151-1435
ONIX
BJR-5982
04/02/19
05:15
126.96
4
COTIA, JUNDIAI, LORENA, OSASCO, RIO DE JANEIRO, SAO JOSE DOS CAMPOS, SAO PAULO, SAO ROQUE, SOROCABA

GEIH031000
GABRIEL THE ANGEL
M
01/07/1994
(69) 02134-9457
FOX
EIH-5603
03/10/19
00:23
191.80
4
COTIA, JUNDIAI, OSASCO, RIO DE JANEIRO, SAO JOSE DOS CAMPOS, SAO PAULO, SAO ROQUE

JEOP181023
JULIANA MENDES
M
05/05/1996
(92) 16436-5442
FOX
EOP-2417
18/10/19
23:22
080.08
2
OSASCO, SAO ROQUE

JFXN030407
JULIANA MENDES
F
23/01/1997
(55) 89087-1308
GOL
FXN-5386
03/04/19
07:16
211.73
3
COTIA, JUNDIAI, RIO DE JANEIRO, SAO JOSE DOS CAMPOS, SAO PAULO, SAO ROQUE, SOROCABA, TAUBATE

LLPE130715
LETICIA BASTOS
F
07/06/1999
(70) 71577-2029
GOL
LPE-0405
13/07/19
15:21
224.08
4
COTIA, JUNDIAI, LORENA, OSASCO, SAO JOSE DOS CAMPOS, SAO ROQUE

LKSV170218
LETICIA FERREIRA DOS SANTOS
M
11/11/1996
(71) 74205-6790
HB20
KSV-3861
17/02/19
18:46
193.32
2
SAO JOSE DOS CAMPOS, SAO ROQUE, SOROCABA, TAUBATE

MHLN090319
MATEUS ALVES
F
07/12/1992
(43) 45068-1183
FUSCA
HLN-4939
09/03/19
19:45
030.71
2
OSASCO, SAO JOSE DOS CAMPOS, SAO PAULO, SAO ROQUE, TAUBATE

MBBP130107
MATHEUS ROCHA
M
21/08/1996
(05) 78224-6524
FIT
BBP-1857
13/01/19
07:25
202.63
2
COTIA, JUNDIAI, RIO DE JANEIRO, SAO JOSE DOS CAMPOS, SAO PAULO, SAO ROQUE, SOROCABA, TAUBATE
**********************LISTAR**********************
GBJR040205
GABRIEL THE ANGEL
M
03/02/1996
(44) 53151-1435
ONIX
BJR-5982
04/02/19
05:15
126.96
4
COTIA, JUNDIAI, LORENA, OSASCO, RIO DE JANEIRO, SAO JOSE DOS CAMPOS, SAO PAULO, SAO ROQUE, SOROCABA

GEIH031000
GABRIEL THE ANGEL
M
01/07/1994
(69) 02134-9457
FOX
EIH-5603
03/10/19
00:23
191.80
4
COTIA, JUNDIAI, OSASCO, RIO DE JANEIRO, SAO JOSE DOS CAMPOS, SAO PAULO, SAO ROQUE

JFXN030407
JULIANA MENDES
F
23/01/1997
(55) 89087-1308
GOL
FXN-5386
03/04/19
07:16
211.73
3
COTIA, JUNDIAI, RIO DE JANEIRO, SAO JOSE DOS CAMPOS, SAO PAULO, SAO ROQUE, SOROCABA, TAUBATE

LLPE130715
LETICIA BASTOS
F
07/06/1999
(70) 71577-2029
GOL
LPE-0405
13/07/19
15:21
224.08
4
COTIA, JUNDIAI, LORENA, OSASCO, SAO JOSE DOS CAMPOS, SAO ROQUE

MBBP130107
MATHEUS ROCHA
M
21/08/1996
(05) 78224-6524
FIT
BBP-1857
13/01/19
07:25
202.63
2
COTIA, JUNDIAI, RIO DE JANEIRO, SAO JOSE DOS CAMPOS, SAO PAULO, SAO ROQUE, SOROCABA, TAUBATE

GBJR040205
GABRIEL THE ANGEL
M
03/02/1996
(44) 53151-1435
ONIX
BJR-5982
04/02/19
05:15
126.96
4
COTIA, JUNDIAI, LORENA, OSASCO, RIO DE JANEIRO, SAO JOSE DOS CAMPOS, SAO PAULO, SAO ROQUE, SOROCABA

GEIH031000
GABRIEL THE ANGEL
M
01/07/1994
(69) 02134-9457
FOX
EIH-5603
03/10/19
00:23
191.80
4
COTIA, JUNDIAI, OSASCO, RIO DE JANEIRO, SAO JOSE DOS CAMPOS, SAO PAULO, SAO ROQUE

JFXN030407
JULIANA MENDES
F
23/01/1997
(55) 89087-1308
GOL
FXN-5386
03/04/19
07:16
211.73
3
COTIA, JUNDIAI, RIO DE JANEIRO, SAO JOSE DOS CAMPOS, SAO PAULO, SAO ROQUE, SOROCABA, TAUBATE

LLPE130715
LETICIA BASTOS
F
07/06/1999
(70) 71577-2029
GOL
LPE-0405
13/07/19
15:21
224.08
4
COTIA, JUNDIAI, LORENA, OSASCO, SAO JOSE DOS CAMPOS, SAO ROQUE

MBBP130107
MATHEUS ROCHA
M
21/08/1996
(05) 78224-6524
FIT
BBP-1857
13/01/19
07:25
202.63
2
COTIA, JUNDIAI, RIO DE JANEIRO, SAO JOSE DOS CAMPOS, SAO PAULO, SAO ROQUE, SOROCABA, TAUBATE

GBJR040205
GABRIEL THE ANGEL
M
03/02/1996
(44) 53151-1435
ONIX
BJR-5982
04/02/19
05:15
126.96
4
COTIA, JUNDIAI, LORENA, OSASCO, RIO DE JANEIRO, SAO JOSE DOS CAMPOS, SAO PAULO, SAO ROQUE, SOROCABA

LLPE130715
LETICIA BASTOS
F
07/06/1999
(70) 71577-2029
GOL
LPE-0405
13/07/19
15:21
224.08
4
COTIA, JUNDIAI, LORENA, OSASCO, SAO JOSE DOS CAMPOS, SAO ROQUE

GBJR040205
GABRIEL THE ANGEL
M
03/02/1996
(44) 53151-1435
ONIX
BJR-5982
04/02/19
05:15
126.96
4
COTIA, JUNDIAI, LORENA, OSASCO, RIO DE JANEIRO, SAO JOSE DOS CAMPOS, SAO PAULO, SAO ROQUE, SOROCABA

GEIH031000
GABRIEL THE ANGEL
M
01/07/1994
(69) 02134-9457
FOX
EIH-5603
03/10/19
00:23
191.80
4
COTIA, JUNDIAI, OSASCO, RIO DE JANEIRO, SAO JOSE DOS CAMPOS, SAO PAULO, SAO ROQUE

JEOP181023
JULIANA MENDES
M
05/05/1996
(92) 16436-5442
FOX
EOP-2417
18/10/19
23:22
080.08
2
OSASCO, SAO ROQUE

LLPE130715
LETICIA BASTOS
F
07/06/1999
(70) 71577-2029
GOL
LPE-0405
13/07/19
15:21
224.08
4
COTIA, JUNDIAI, LORENA, OSASCO, SAO JOSE DOS CAMPOS, SAO ROQUE

MHLN090319
MATEUS ALVES
F
07/12/1992
(43) 45068-1183
FUSCA
HLN-4939
09/03/19
19:45
030.71
2
OSASCO, SAO JOSE DOS CAMPOS, SAO PAULO, SAO ROQUE, TAUBATE

GBJR040205
GABRIEL THE ANGEL
M
03/02/1996
(44) 53151-1435
ONIX
BJR-5982
04/02/19
05:15
126.96
4
COTIA, JUNDIAI, LORENA, OSASCO, RIO DE JANEIRO, SAO JOSE DOS CAMPOS, SAO PAULO, SAO ROQUE, SOROCABA

GEIH031000
GABRIEL THE ANGEL
M
01/07/1994
(69) 02134-9457
FOX
EIH-5603
03/10/19
00:23
191.80
4
COTIA, JUNDIAI, OSASCO, RIO DE JANEIRO, SAO JOSE DOS CAMPOS, SAO PAULO, SAO ROQUE

JFXN030407
JULIANA MENDES
F
23/01/1997
(55) 89087-1308
GOL
FXN-5386
03/04/19
07:16
211.73
3
COTIA, JUNDIAI, RIO DE JANEIRO, SAO JOSE DOS CAMPOS, SAO PAULO, SAO ROQUE, SOROCABA, TAUBATE

MBBP130107
MATHEUS ROCHA
M
21/08/1996
(05) 78224-6524
FIT
BBP-1857
13/01/19
07:25
202.63
2
COTIA, JUNDIAI, RIO DE JANEIRO, SAO JOSE DOS CAMPOS, SAO PAULO, SAO ROQUE, SOROCABA, TAUBATE

GBJR040205
GABRIEL THE ANGEL
M
03/02/1996
(44) 53151-1435
ONIX
BJR-5982
04/02/19
05:15
126.96
4
COTIA, JUNDIAI, LORENA, OSASCO, RIO DE JANEIRO, SAO JOSE DOS CAMPOS, SAO PAULO, SAO ROQUE, SOROCABA

GEIH031000
GABRIEL THE ANGEL
M
01/07/1994
(69) 02134-9457
FOX
EIH-5603
03/10/19
00:23
191.80
4
COTIA, JUNDIAI, OSASCO, RIO DE JANEIRO, SAO JOSE DOS CAMPOS, SAO PAULO, SAO ROQUE

JFXN030407
JULIANA MENDES
F
23/01/1997
(55) 89087-1308
GOL
FXN-5386
03/04/19
07:16
211.73
3
COTIA, JUNDIAI, RIO DE JANEIRO, SAO JOSE DOS CAMPOS, SAO PAULO, SAO ROQUE, SOROCABA, TAUBATE

LKSV170218
LETICIA FERREIRA DOS SANTOS
M
11/11/1996
(71) 74205-6790
HB20
KSV-3861
17/02/19
18:46
193.32
2
SAO JOSE DOS CAMPOS, SAO ROQUE, SOROCABA, TAUBATE

LLPE130715
LETICIA BASTOS
F
07/06/1999
(70) 71577-2029
GOL
LPE-0405
13/07/19
15:21
224.08
4
COTIA, JUNDIAI, LORENA, OSASCO, SAO JOSE DOS CAMPOS, SAO ROQUE

MBBP130107
MATHEUS ROCHA
M
21/08/1996
(05) 78224-6524
FIT
BBP-1857
13/01/19
07:25
202.63
2
COTIA, JUNDIAI, RIO DE JANEIRO, SAO JOSE DOS CAMPOS, SAO PAULO, SAO ROQUE, SOROCABA, TAUBATE

MHLN090319
MATEUS ALVES
F
07/12/1992
(43) 45068-1183
FUSCA
HLN-4939
09/03/19
19:45
030.71
2
OSASCO, SAO JOSE DOS CAMPOS, SAO PAULO, SAO ROQUE, TAUBATE

GBJR040205
GABRIEL THE ANGEL
M
03/02/1996
(44) 53151-1435
ONIX
BJR-5982
04/02/19
05:15
126.96
4
COTIA, JUNDIAI, LORENA, OSASCO, RIO DE JANEIRO, SAO JOSE DOS CAMPOS, SAO PAULO, SAO ROQUE, SOROCABA

GEIH031000
GABRIEL THE ANGEL
M
01/07/1994
(69) 02134-9457
FOX
EIH-5603
03/10/19
00:23
191.80
4
COTIA, JUNDIAI, OSASCO, RIO DE JANEIRO, SAO JOSE DOS CAMPOS, SAO PAULO, SAO ROQUE

JFXN030407
JULIANA MENDES
F
23/01/1997
(55) 89087-1308
GOL
FXN-5386
03/04/19
07:16
211.73
3
COTIA, JUNDIAI, RIO DE JANEIRO, SAO JOSE DOS CAMPOS, SAO PAULO, SAO ROQUE, SOROCABA, TAUBATE

MBBP130107
MATHEUS ROCHA
M
21/08/1996
(05) 78224-6524
FIT
BBP-1857
13/01/19
07:25
202.63
2
COTIA, JUNDIAI, RIO DE JANEIRO, SAO JOSE DOS CAMPOS, SAO PAULO, SAO ROQUE, SOROCABA, TAUBATE

MHLN090319
MATEUS ALVES
F
07/12/1992
(43) 45068-1183
FUSCA
HLN-4939
09/03/19
19:45
030.71
2
OSASCO, SAO JOSE DOS CAMPOS, SAO PAULO, SAO ROQUE, TAUBATE

GBJR040205
GABRIEL THE ANGEL
M
03/02/1996
(44) 53151-1435
ONIX
BJR-5982
04/02/19
05:15
126.96
4
COTIA, JUNDIAI, LORENA, OSASCO, RIO DE JANEIRO, SAO JOSE DOS CAMPOS, SAO PAULO, SAO ROQUE, SOROCABA

GEIH031000
GABRIEL THE ANGEL
M
01/07/1994
(69) 02134-9457
FOX
EIH-5603
03/10/19
00:23
191.80
4
COTIA, JUNDIAI, OSASCO, RIO DE JANEIRO, SAO JOSE DOS CAMPOS, SAO PAULO, SAO ROQUE

JEOP181023
JULIANA MENDES
M
05/05/1996
(92) 16436-5442
FOX
EOP-2417
18/10/19
23:22
080.08
2
OSASCO, SAO ROQUE

JFXN030407
JULIANA MENDES
F
23/01/1997
(55) 89087-1308
GOL
FXN-5386
03/04/19
07:16
211.73
3
COTIA, JUNDIAI, RIO DE JANEIRO, SAO JOSE DOS CAMPOS, SAO PAULO, SAO ROQUE, SOROCABA, TAUBATE

LKSV170218
LETICIA FERREIRA DOS SANTOS
M
11/11/1996
(71) 74205-6790
HB20
KSV-3861
17/02/19
18:46
193.32
2
SAO JOSE DOS CAMPOS, SAO ROQUE, SOROCABA, TAUBATE

LLPE130715
LETICIA BASTOS
F
07/06/1999
(70) 71577-2029
GOL
LPE-0405
13/07/19
15:21
224.08
4
COTIA, JUNDIAI, LORENA, OSASCO, SAO JOSE DOS CAMPOS, SAO ROQUE

MBBP130107
MATHEUS ROCHA
M
21/08/1996
(05) 78224-6524
FIT
BBP-1857
13/01/19
07:25
202.63
2
COTIA, JUNDIAI, RIO DE JANEIRO, SAO JOSE DOS CAMPOS, SAO PAULO, SAO ROQUE, SOROCABA, TAUBATE

MHLN090319
MATEUS ALVES
F
07/12/1992
(43) 45068-1183
FUSCA
HLN-4939
09/03/19
19:45
030.71
2
OSASCO, SAO JOSE DOS CAMPOS, SAO PAULO, SAO ROQUE, TAUBATE

GBJR040205
GABRIEL THE ANGEL
M
03/02/1996
(44) 53151-1435
ONIX
BJR-5982
04/02/19
05:15
126.96
4
COTIA, JUNDIAI, LORENA, OSASCO, RIO DE JANEIRO, SAO JOSE DOS CAMPOS, SAO PAULO, SAO ROQUE, SOROCABA

JFXN030407
JULIANA MENDES
F
23/01/1997
(55) 89087-1308
GOL
FXN-5386
03/04/19
07:16
211.73
3
COTIA, JUNDIAI, RIO DE JANEIRO, SAO JOSE DOS CAMPOS, SAO PAULO, SAO ROQUE, SOROCABA, TAUBATE

LKSV170218
LETICIA FERREIRA DOS SANTOS
M
11/11/1996
(71) 74205-6790
HB20
KSV-3861
17/02/19
18:46
193.32
2
SAO JOSE DOS CAMPOS, SAO ROQUE, SOROCABA, TAUBATE

MBBP130107
MATHEUS ROCHA
M
21/08/1996
(05) 78224-6524
FIT
BBP-1857
13/01/19
07:25
202.63
2
COTIA, JUNDIAI, RIO DE JANEIRO, SAO JOSE DOS CAMPOS, SAO PAULO, SAO ROQUE, SOROCABA, TAUBATE

JFXN030407
JULIANA MENDES
F
23/01/1997
(55) 89087-1308
GOL
FXN-5386
03/04/19
07:16
211.73
3
COTIA, JUNDIAI, RIO DE JANEIRO, SAO JOSE DOS CAMPOS, SAO PAULO, SAO ROQUE, SOROCABA, TAUBATE

LKSV170218
LETICIA FERREIRA DOS SANTOS
M
11/11/1996
(71) 74205-6790
HB20
KSV-3861
17/02/19
18:46
193.32
2
SAO JOSE DOS CAMPOS, SAO ROQUE, SOROCABA, TAUBATE

MBBP130107
MATHEUS ROCHA
M
21/08/1996
(05) 78224-6524
FIT
BBP-1857
13/01/19
07:25
202.63
2
COTIA, JUNDIAI, RIO DE JANEIRO, SAO JOSE DOS CAMPOS, SAO PAULO, SAO ROQUE, SOROCABA, TAUBATE

MHLN090319
MATEUS ALVES
F
07/12/1992
(43) 45068-1183
FUSCA
HLN-4939
09/03/19
19:45
030.71
2
OSASCO, SAO JOSE DOS CAMPOS, SAO PAULO, SAO ROQUE, TAUBATE
*****************ARQUIVO SECUNDARIO****************
GBJR040205 GABRIEL THE ANGEL
GEIH031000 GABRIEL THE ANGEL
JEOP181023 JULIANA MENDES
JFXN030407 JULIANA MENDES
LLPE130715 LETICIA BASTOS
LKSV170218 LETICIA FERREIRA DOS SANTOS
MHLN090319 MATEUS ALVES
MBBP130107 MATHEUS ROCHA
*****************ARQUIVO SECUNDARIO****************
MBBP130107 13/01/19
GBJR040205 04/02/19
LKSV170218 17/02/19
MHLN090319 09/03/19
JFXN030407 03/04/19
LLPE130715 13/07/19
GEIH031000 03/10/19
JEOP181023 18/10/19
*****************ARQUIVO SECUNDARIO****************
GEIH031000 00:23
GBJR040205 05:15
JFXN030407 07:16
MBBP130107 07:25
LLPE130715 15:21
LKSV170218 18:46
MHLN090319 19:45
JEOP181023 23:22
**********************ARQUIVO*********************
MATHEUS ROCHA@M@21/08/1996@(05) 78224-6524@FIT@BBP-1857@COTIA|JUNDIAI|RIO DE JANEIRO|SAO JOSE DOS CAMPOS|SAO PAULO|SAO ROQUE|SOROCABA|TAUBATE@13/01/19@07:25@202.63@2@##########################################################################################GABRIEL THE ANGEL@M@03/02/1996@(44) 53151-1435@ONIX@BJR-5982@COTIA|JUNDIAI|LORENA|OSASCO|RIO DE JANEIRO|SAO JOSE DOS CAMPOS|SAO PAULO|SAO ROQUE|SOROCABA@04/02/19@05:15@126.96@4@###############################################################################LETICIA BASTOS@F@07/06/1999@(70) 71577-2029@GOL@LPE-0405@COTIA|JUNDIAI|LORENA|OSASCO|SAO JOSE DOS CAMPOS|SAO ROQUE@13/07/19@15:21@224.08@4@#####################################################################################################################LETICIA FERREIRA DOS SANTOS@M@11/11/1996@(71) 74205-6790@HB20@KSV-3861@SAO JOSE DOS CAMPOS|SAO ROQUE|SOROCABA|TAUBATE@17/02/19@18:46@193.32@2@##################################################################################################################JULIANA MENDES@M@05/05/1996@(92) 16436-5442@FOX@EOP-2417@OSASCO|SAO ROQUE@18/10/19@23:22@080.08@2@##############################################################################################################################################################JULIANA MENDES@F@23/01/1997@(55) 89087-1308@GOL@FXN-5386@COTIA|JUNDIAI|RIO DE JANEIRO|SAO JOSE DOS CAMPOS|SAO PAULO|SAO ROQUE|SOROCABA|TAUBATE@03/04/19@07:16@211.73@3@#########################################################################################GABRIEL THE ANGEL@M@01/07/1994@(69) 02134-9457@FOX@EIH-5603@COTIA|JUNDIAI|OSASCO|RIO DE JANEIRO|SAO JOSE DOS CAMPOS|SAO PAULO|SAO ROQUE@03/10/19@00:23@191.80@4@################################################################################################MATEUS ALVES@F@07/12/1992@(43) 45068-1183@FUSCA@HLN-4939@OSASCO|SAO JOSE DOS CAMPOS|SAO PAULO|SAO ROQUE|TAUBATE@09/03/19@19:45@030.71@2@########################################################################################################################
