**********************ARQUIVO*********************
GABRIEL EL ANGEL@M@14/12/1997@(71) 76909-5152@ONIX@SGB-1856@OSASCO|RIO DE JANEIRO|SAO ROQUE@23/11/19@03:60@176.49@1@############################################################################################################################################JULIA ANDRADE@M@11/09/1995@(67) 72355-1613@FUSCA@ERX-4780@COTIA|JUNDIAI|OSASCO|RIO DE JANEIRO|SAO JOSE DOS CAMPOS|SAO ROQUE|SOROCABA|TAUBATE@05/06/19@16:33@092.99@3@###########################################################################################ALEXANDRE O MEDIO@M@14/06/1998@(97) 48461-9013@COROLLA@MCQ-6951@COTIA|JUNDIAI|LORENA|OSASCO|RIO DE JANEIRO|SAO JOSE DOS CAMPOS|SAO PAULO|SAO ROQUE|SOROCABA|TAUBATE@23/02/19@09:56@107.80@3@####################################################################
**********************EXCLUIR*********************
Registro(s) nao encontrado!
FALHA AO REALIZAR OPERACAO!
**********************BUSCAR**********************
AMCQ230209
ALEXANDRE O MEDIO
M
14/06/1998
(97) 48461-9013
COROLLA
MCQ-6951
23/02/19
09:56
107.80
3
COTIA, JUNDIAI, LORENA, OSASCO, RIO DE JANEIRO, SAO JOSE DOS CAMPOS, SAO PAULO, SAO ROQUE, SOROCABA, TAUBATE
**********************EXCLUIR*********************
OPERACAO REALIZADA COM SUCESSO!
*****************ARQUIVO SECUNDARIO****************
AMCQ230209 ALEXANDRE O MEDIO
GSGB231103 GABRIEL EL ANGEL
JERX050616 JULIA ANDRADE
**********************LISTAR**********************
GSGB231103
GABRIEL EL ANGEL
M
14/12/1997
(71) 76909-5152
ONIX
SGB-1856
23/11/19
03:60
176.49
1
OSASCO, RIO DE JANEIRO, SAO ROQUE

JERX050616
JULIA ANDRADE
M
11/09/1995
(67) 72355-1613
FUSCA
ERX-4780
05/06/19
16:33
092.99
3
COTIA, JUNDIAI, OSASCO, RIO DE JANEIRO, SAO JOSE DOS CAMPOS, SAO ROQUE, SOROCABA, TAUBATE
**********************BUSCAR**********************
Registro(s) nao encontrado!
**********************ARQUIVO*********************
GABRIEL EL ANGEL@M@14/12/1997@(71) 76909-5152@ONIX@SGB-1856@OSASCO|RIO DE JANEIRO|SAO ROQUE@23/11/19@03:60@176.49@1@############################################################################################################################################JULIA ANDRADE@M@11/09/1995@(67) 72355-1613@FUSCA@ERX-4780@COTIA|JUNDIAI|OSASCO|RIO DE JANEIRO|SAO JOSE DOS CAMPOS|SAO ROQUE|SOROCABA|TAUBATE@05/06/19@16:33@092.99@3@###########################################################################################*|EXANDRE O MEDIO@M@14/06/1998@(97) 48461-9013@COROLLA@MCQ-6951@COTIA|JUNDIAI|LORENA|OSASCO|RIO DE JANEIRO|SAO JOSE DOS CAMPOS|SAO PAULO|SAO ROQUE|SOROCABA|TAUBATE@23/02/19@09:56@107.80@3@####################################################################
**********************ARQUIVO*********************
GABRIEL EL ANGEL@M@14/12/1997@(71) 76909-5152@ONIX@SGB-1856@OSASCO|RIO DE JANEIRO|SAO ROQUE@23/11/19@03:60@176.49@1@############################################################################################################################################JULIA ANDRADE@M@11/09/1995@(67) 72355-1613@FUSCA@ERX-4780@COTIA|JUNDIAI|OSASCO|RIO DE JANEIRO|SAO JOSE DOS CAMPOS|SAO ROQUE|SOROCABA|TAUBATE@05/06/19@16:33@092.99@3@###########################################################################################*|EXANDRE O MEDIO@M@14/06/1998@(97) 48461-9013@COROLLA@MCQ-6951@COTIA|JUNDIAI|LORENA|OSASCO|RIO DE JANEIRO|SAO JOSE DOS CAMPOS|SAO PAULO|SAO ROQUE|SOROCABA|TAUBATE@23/02/19@09:56@107.80@3@####################################################################ALEXANDRE O MEDIO@M@14/06/1998@(97) 48461-9013@COROLLA@MCQ-6951@COTIA|JUNDIAI|LORENA|OSASCO|RIO DE JANEIRO|SAO JOSE DOS CAMPOS|SAO PAULO|SAO ROQUE|SOROCABA|TAUBATE@23/02/19@09:56@107.80@3@####################################################################
**********************ARQUIVO*********************
GABRIEL EL ANGEL@M@14/12/1997@(71) 76909-5152@ONIX@SGB-1856@OSASCO|RIO DE JANEIRO|SAO ROQUE@23/11/19@03:60@176.49@1@############################################################################################################################################JULIA ANDRADE@M@11/09/1995@(67) 72355-1613@FUSCA@ERX-4780@COTIA|JUNDIAI|OSASCO|RIO DE JANEIRO|SAO JOSE DOS CAMPOS|SAO ROQUE|SOROCABA|TAUBATE@05/06/19@16:33@092.99@3@###########################################################################################ALEXANDRE O MEDIO@M@14/06/1998@(97) 48461-9013@COROLLA@MCQ-6951@COTIA|JUNDIAI|LORENA|OSASCO|RIO DE JANEIRO|SAO JOSE DOS CAMPOS|SAO PAULO|SAO ROQUE|SOROCABA|TAUBATE@23/02/19@09:56@107.80@3@####################################################################
**********************BUSCAR**********************
GSGB231103
GABRIEL EL ANGEL
M
14/12/1997
(71) 76909-5152
ONIX
SGB-1856
23/11/19
03:60
176.49
1
OSASCO, RIO DE JANEIRO, SAO ROQUE
**********************BUSCAR**********************
Registro(s) nao encontrado!
**********************ARQUIVO*********************
GABRIEL EL ANGEL@M@14/12/1997@(71) 76909-5152@ONIX@SGB-1856@OSASCO|RIO DE JANEIRO|SAO ROQUE@23/11/19@03:60@176.49@1@############################################################################################################################################JULIA ANDRADE@M@11/09/1995@(67) 72355-1613@FUSCA@ERX-4780@COTIA|JUNDIAI|OSASCO|RIO DE JANEIRO|SAO JOSE DOS CAMPOS|SAO ROQUE|SOROCABA|TAUBATE@05/06/19@16:33@092.99@3@###########################################################################################ALEXANDRE O MEDIO@M@14/06/1998@(97) 48461-9013@COROLLA@MCQ-6951@COTIA|JUNDIAI|LORENA|OSASCO|RIO DE JANEIRO|SAO JOSE DOS CAMPOS|SAO PAULO|SAO ROQUE|SOROCABA|TAUBATE@23/02/19@09:56@107.80@3@####################################################################
**********************ALTERAR*********************
OPERACAO REALIZADA COM SUCESSO!
*****************ARQUIVO SECUNDARIO****************
AMCQ230209 23/02/19
JERX050616 05/06/19
GSGB231103 23/11/19
**********************LISTAR**********************
AMCQ230209
ALEXANDRE O MEDIO
M
14/06/1998
(97) 48461-9013
COROLLA
MCQ-6951
23/02/19
09:56
107.80
3
COTIA, JUNDIAI, LORENA, OSASCO, RIO DE JANEIRO, SAO JOSE DOS CAMPOS, SAO PAULO, SAO ROQUE, SOROCABA, TAUBATE

JERX050616
JULIA ANDRADE
M
11/09/1995
(67) 72355-1613
FUSCA
ERX-4780
05/06/19
16:33
092.99
3
COTIA, JUNDIAI, OSASCO, RIO DE JANEIRO, SAO JOSE DOS CAMPOS, SAO ROQUE, SOROCABA, TAUBATE

GSGB231103
GABRIEL EL ANGEL
M
14/12/1997
(71) 76909-5152
ONIX
SGB-1856
23/11/19
03:60
176.49
1
OSASCO, RIO DE JANEIRO, SAO ROQUE
**********************ARQUIVO*********************
GABRIEL EL ANGEL@M@14/12/1997@(71) 76909-5152@ONIX@SGB-1856@OSASCO|RIO DE JANEIRO|SAO ROQUE@23/11/19@03:60@176.49@1@############################################################################################################################################JULIA ANDRADE@M@11/09/1995@(67) 72355-1613@FUSCA@ERX-4780@COTIA|JUNDIAI|OSASCO|RIO DE JANEIRO|SAO JOSE DOS CAMPOS|SAO ROQUE|SOROCABA|TAUBATE@05/06/19@16:33@092.99@3@###########################################################################################ALEXANDRE O MEDIO@M@14/06/1998@(97) 48461-9013@COROLLA@MCQ-6951@COTIA|JUNDIAI|LORENA|OSASCO|RIO DE JANEIRO|SAO JOSE DOS CAMPOS|SAO PAULO|SAO ROQUE|SOROCABA|TAUBATE@23/02/19@09:56@107.80@3@####################################################################BRUNA MARQUEZINE@F@09/01/1989@(12) 66378-1382@CIVIC@OWR-3733@RIO DE JANEIRO|SAO PAULO@08/10/19@20:18@159.13@2@##################################################################################################################################################
**********************ARQUIVO*********************
GABRIEL EL ANGEL@M@14/12/1997@(71) 76909-5152@ONIX@SGB-1856@OSASCO|RIO DE JANEIRO|SAO ROQUE@23/11/19@03:60@176.49@1@############################################################################################################################################JULIA ANDRADE@M@11/09/1995@(67) 72355-1613@FUSCA@ERX-4780@COTIA|JUNDIAI|OSASCO|RIO DE JANEIRO|SAO JOSE DOS CAMPOS|SAO ROQUE|SOROCABA|TAUBATE@05/06/19@16:33@092.99@3@###########################################################################################ALEXANDRE O MEDIO@M@14/06/1998@(97) 48461-9013@COROLLA@MCQ-6951@COTIA|JUNDIAI|LORENA|OSASCO|RIO DE JANEIRO|SAO JOSE DOS CAMPOS|SAO PAULO|SAO ROQUE|SOROCABA|TAUBATE@23/02/19@09:56@107.80@3@####################################################################BRUNA MARQUEZINE@F@09/01/1989@(12) 66378-1382@CIVIC@OWR-3733@RIO DE JANEIRO|SAO PAULO@08/10/19@20:18@159.13@2@##################################################################################################################################################
*****************ARQUIVO SECUNDARIO****************
GSGB231103 03:60
AMCQ230209 09:56
JERX050616 16:33
BOWR081020 20:18
**********************BUSCAR**********************
AMCQ230209
ALEXANDRE O MEDIO
M
14/06/1998
(97) 48461-9013
COROLLA
MCQ-6951
23/02/19
09:56
107.80
3
COTIA, JUNDIAI, LORENA, OSASCO, RIO DE JANEIRO, SAO JOSE DOS CAMPOS, SAO PAULO, SAO ROQUE, SOROCABA, TAUBATE

BOWR081020
BRUNA MARQUEZINE
F
09/01/1989
(12) 66378-1382
CIVIC
OWR-3733
08/10/19
20:18
159.13
2
RIO DE JANEIRO, SAO PAULO

GSGB231103
GABRIEL EL ANGEL
M
14/12/1997
(71) 76909-5152
ONIX
SGB-1856
23/11/19
03:60
176.49
1
OSASCO, RIO DE JANEIRO, SAO ROQUE

JERX050616
JULIA ANDRADE
M
11/09/1995
(67) 72355-1613
FUSCA
ERX-4780
05/06/19
16:33
092.99
3
COTIA, JUNDIAI, OSASCO, RIO DE JANEIRO, SAO JOSE DOS CAMPOS, SAO ROQUE, SOROCABA, TAUBATE
**********************ARQUIVO*********************
GABRIEL EL ANGEL@M@14/12/1997@(71) 76909-5152@ONIX@SGB-1856@OSASCO|RIO DE JANEIRO|SAO ROQUE@23/11/19@03:60@176.49@1@############################################################################################################################################JULIA ANDRADE@M@11/09/1995@(67) 72355-1613@FUSCA@ERX-4780@COTIA|JUNDIAI|OSASCO|RIO DE JANEIRO|SAO JOSE DOS CAMPOS|SAO ROQUE|SOROCABA|TAUBATE@05/06/19@16:33@092.99@3@###########################################################################################ALEXANDRE O MEDIO@M@14/06/1998@(97) 48461-9013@COROLLA@MCQ-6951@COTIA|JUNDIAI|LORENA|OSASCO|RIO DE JANEIRO|SAO JOSE DOS CAMPOS|SAO PAULO|SAO ROQUE|SOROCABA|TAUBATE@23/02/19@09:56@107.80@3@####################################################################BRUNA MARQUEZINE@F@09/01/1989@(12) 66378-1382@CIVIC@OWR-3733@RIO DE JANEIRO|SAO PAULO@08/10/19@20:18@159.13@2@##################################################################################################################################################
**********************ARQUIVO*********************
GABRIEL EL ANGEL@M@14/12/1997@(71) 76909-5152@ONIX@SGB-1856@OSASCO|RIO DE JANEIRO|SAO ROQUE@23/11/19@03:60@176.49@1@############################################################################################################################################JULIA ANDRADE@M@11/09/1995@(67) 72355-1613@FUSCA@ERX-4780@COTIA|JUNDIAI|OSASCO|RIO DE JANEIRO|SAO JOSE DOS CAMPOS|SAO ROQUE|SOROCABA|TAUBATE@05/06/19@16:33@092.99@3@###########################################################################################ALEXANDRE O MEDIO@M@14/06/1998@(97) 48461-9013@COROLLA@MCQ-6951@COTIA|JUNDIAI|LORENA|OSASCO|RIO DE JANEIRO|SAO JOSE DOS CAMPOS|SAO PAULO|SAO ROQUE|SOROCABA|TAUBATE@23/02/19@09:56@107.80@3@####################################################################BRUNA MARQUEZINE@F@09/01/1989@(12) 66378-1382@CIVIC@OWR-3733@RIO DE JANEIRO|SAO PAULO@08/10/19@20:18@159.13@2@##################################################################################################################################################
**********************ALTERAR*********************
OPERACAO REALIZADA COM SUCESSO!
*****************ARQUIVO SECUNDARIO****************
COTIA AMCQ230209 GZWX241219 JERX050616 MAHF050301
JUNDIAI AMCQ230209 GZWX241219 JERX050616 MAHF050301
LORENA AMCQ230209 GZWX241219 MAHF050301
OSASCO AMCQ230209 GSGB231103 JERX050616 MAHF050301
RIO DE JANEIRO AMCQ230209 BOWR081020 GSGB231103 GZWX241219 JERX050616 MAHF050301
SAO JOSE DOS CAMPOS AMCQ230209 JERX050616 MAHF050301
SAO PAULO AMCQ230209 BOWR081020 GZWX241219 MAHF050301
SAO ROQUE AMCQ230209 GSGB231103 GZWX241219 JERX050616 MAHF050301
SOROCABA AMCQ230209 GZWX241219 JERX050616 MAHF050301
TAUBATE AMCQ230209 JERX050616 MAHF050301
**********************BUSCAR**********************
AMCQ230209
ALEXANDRE O MEDIO
M
14/06/1998
(97) 48461-9013
COROLLA
MCQ-6951
23/02/19
09:56
107.80
3
COTIA, JUNDIAI, LORENA, OSASCO, RIO DE JANEIRO, SAO JOSE DOS CAMPOS, SAO PAULO, SAO ROQUE, SOROCABA, TAUBATE

BOWR081020
BRUNA MARQUEZINE
F
09/01/1989
(12) 66378-1382
CIVIC
OWR-3733
08/10/19
20:18
159.13
2
RIO DE JANEIRO, SAO PAULO

GZWX241219
GABRIEL THE ANGEL
M
09/09/1997
(16) 03621-3470
CIVIC
ZWX-6175
24/12/19
19:09
234.52
2
COTIA, JUNDIAI, LORENA, RIO DE JANEIRO, SAO PAULO, SAO ROQUE, SOROCABA

MAHF050301
MATEUS ALVES
F
16/07/1992
(65) 80309-4766
CORSA
AHF-1929
05/03/19
01:43
088.54
3
COTIA, JUNDIAI, LORENA, OSASCO, RIO DE JANEIRO, SAO JOSE DOS CAMPOS, SAO PAULO, SAO ROQUE, SOROCABA, TAUBATE
**********************ARQUIVO*********************
GABRIEL EL ANGEL@M@14/12/1997@(71) 76909-5152@ONIX@SGB-1856@OSASCO|RIO DE JANEIRO|SAO ROQUE@23/11/19@03:60@176.49@1@############################################################################################################################################JULIA ANDRADE@M@11/09/1995@(67) 72355-1613@FUSCA@ERX-4780@COTIA|JUNDIAI|OSASCO|RIO DE JANEIRO|SAO JOSE DOS CAMPOS|SAO ROQUE|SOROCABA|TAUBATE@05/06/19@16:33@092.99@3@###########################################################################################ALEXANDRE O MEDIO@M@14/06/1998@(97) 48461-9013@COROLLA@MCQ-6951@COTIA|JUNDIAI|LORENA|OSASCO|RIO DE JANEIRO|SAO JOSE DOS CAMPOS|SAO PAULO|SAO ROQUE|SOROCABA|TAUBATE@23/02/19@09:56@107.80@3@####################################################################BRUNA MARQUEZINE@F@09/01/1989@(12) 66378-1382@CIVIC@OWR-3733@RIO DE JANEIRO|SAO PAULO@08/10/19@20:18@159.13@2@##################################################################################################################################################GABRIEL THE ANGEL@M@09/09/1997@(16) 03621-3470@CIVIC@ZWX-6175@COTIA|JUNDIAI|LORENA|RIO DE JANEIRO|SAO PAULO|SAO ROQUE|SOROCABA@24/12/19@19:09@234.52@2@#########################################################################################################MATEUS ALVES@F@16/07/1992@(65) 80309-4766@CORSA@AHF-1929@COTIA|JUNDIAI|LORENA|OSASCO|RIO DE JANEIRO|SAO JOSE DOS CAMPOS|SAO PAULO|SAO ROQUE|SOROCABA|TAUBATE@05/03/19@01:43@088.54@3@###########################################################################
**********************ALTERAR*********************
OPERACAO REALIZADA COM SUCESSO!
**********************LISTAR**********************
AMCQ230209
ALEXANDRE O MEDIO
M
14/06/1998
(97) 48461-9013
COROLLA
MCQ-6951
23/02/19
09:56
107.80
3
COTIA, JUNDIAI, LORENA, OSASCO, RIO DE JANEIRO, SAO JOSE DOS CAMPOS, SAO PAULO, SAO ROQUE, SOROCABA, TAUBATE

MAHF050301
MATEUS ALVES
F
16/07/1992
(65) 80309-4766
CORSA
AHF-1929
05/03/19
01:43
088.54
3
COTIA, JUNDIAI, LORENA, OSASCO, RIO DE JANEIRO, SAO JOSE DOS CAMPOS, SAO PAULO, SAO ROQUE, SOROCABA, TAUBATE

JERX050616
JULIA ANDRADE
M
11/09/1995
(67) 72355-1613
FUSCA
ERX-4780
05/06/19
16:33
092.99
1
COTIA, JUNDIAI, OSASCO, RIO DE JANEIRO, SAO JOSE DOS CAMPOS, SAO ROQUE, SOROCABA, TAUBATE

BOWR081020
BRUNA MARQUEZINE
F
09/01/1989
(12) 66378-1382
CIVIC
OWR-3733
08/10/19
20:18
159.13
2
RIO DE JANEIRO, SAO PAULO

GSGB231103
GABRIEL EL ANGEL
M
14/12/1997
(71) 76909-5152
ONIX
SGB-1856
23/11/19
03:60
176.49
1
OSASCO, RIO DE JANEIRO, SAO ROQUE

GZWX241219
GABRIEL THE ANGEL
M
09/09/1997
(16) 03621-3470
CIVIC
ZWX-6175
24/12/19
19:09
234.52
2
COTIA, JUNDIAI, LORENA, RIO DE JANEIRO, SAO PAULO, SAO ROQUE, SOROCABA
**********************ARQUIVO*********************
GABRIEL EL ANGEL@M@14/12/1997@(71) 76909-5152@ONIX@SGB-1856@OSASCO|RIO DE JANEIRO|SAO ROQUE@23/11/19@03:60@176.49@1@############################################################################################################################################JULIA ANDRADE@M@11/09/1995@(67) 72355-1613@FUSCA@ERX-4780@COTIA|JUNDIAI|OSASCO|RIO DE JANEIRO|SAO JOSE DOS CAMPOS|SAO ROQUE|SOROCABA|TAUBATE@05/06/19@16:33@092.99@1@###########################################################################################ALEXANDRE O MEDIO@M@14/06/1998@(97) 48461-9013@COROLLA@MCQ-6951@COTIA|JUNDIAI|LORENA|OSASCO|RIO DE JANEIRO|SAO JOSE DOS CAMPOS|SAO PAULO|SAO ROQUE|SOROCABA|TAUBATE@23/02/19@09:56@107.80@3@####################################################################BRUNA MARQUEZINE@F@09/01/1989@(12) 66378-1382@CIVIC@OWR-3733@RIO DE JANEIRO|SAO PAULO@08/10/19@20:18@159.13@2@##################################################################################################################################################GABRIEL THE ANGEL@M@09/09/1997@(16) 03621-3470@CIVIC@ZWX-6175@COTIA|JUNDIAI|LORENA|RIO DE JANEIRO|SAO PAULO|SAO ROQUE|SOROCABA@24/12/19@19:09@234.52@2@#########################################################################################################MATEUS ALVES@F@16/07/1992@(65) 80309-4766@CORSA@AHF-1929@COTIA|JUNDIAI|LORENA|OSASCO|RIO DE JANEIRO|SAO JOSE DOS CAMPOS|SAO PAULO|SAO ROQUE|SOROCABA|TAUBATE@05/03/19@01:43@088.54@3@###########################################################################
**********************BUSCAR**********************
Registro(s) nao encontrado!
**********************LISTAR**********************
AMCQ230209
ALEXANDRE O MEDIO
M
14/06/1998
(97) 48461-9013
COROLLA
MCQ-6951
23/02/19
09:56
107.80
3
COTIA, JUNDIAI, LORENA, OSASCO, RIO DE JANEIRO, SAO JOSE DOS CAMPOS, SAO PAULO, SAO ROQUE, SOROCABA, TAUBATE

MAHF050301
MATEUS ALVES
F
16/07/1992
(65) 80309-4766
CORSA
AHF-1929
05/03/19
01:43
088.54
3
COTIA, JUNDIAI, LORENA, OSASCO, RIO DE JANEIRO, SAO JOSE DOS CAMPOS, SAO PAULO, SAO ROQUE, SOROCABA, TAUBATE

JERX050616
JULIA ANDRADE
M
11/09/1995
(67) 72355-1613
FUSCA
ERX-4780
05/06/19
16:33
092.99
1
COTIA, JUNDIAI, OSASCO, RIO DE JANEIRO, SAO JOSE DOS CAMPOS, SAO ROQUE, SOROCABA, TAUBATE

AUQL230903
ANA JULIA
F
23/01/1992
(56) 29972-9235
FUSCA
UQL-3222
23/09/19
03:45
008.33
3
COTIA, JUNDIAI, OSASCO, SAO JOSE DOS CAMPOS, SAO PAULO, SAO ROQUE, SOROCABA

BASW151105
BRUNA MARQUEZINE
F
26/09/1997
(20) 99836-8131
FUSCA
ASW-0008
15/11/19
05:01
208.83
4
COTIA, LORENA, RIO DE JANEIRO, SAO ROQUE

GZWX241219
GABRIEL THE ANGEL
M
09/09/1997
(16) 03621-3470
CIVIC
ZWX-6175
24/12/19
19:09
234.52
2
COTIA, JUNDIAI, LORENA, RIO DE JANEIRO, SAO PAULO, SAO ROQUE, SOROCABA

AMCQ230209
ALEXANDRE O MEDIO
M
14/06/1998
(97) 48461-9013
COROLLA
MCQ-6951
23/02/19
09:56
107.80
3
COTIA, JUNDIAI, LORENA, OSASCO, RIO DE JANEIRO, SAO JOSE DOS CAMPOS, SAO PAULO, SAO ROQUE, SOROCABA, TAUBATE

MAHF050301
MATEUS ALVES
F
16/07/1992
(65) 80309-4766
CORSA
AHF-1929
05/03/19
01:43
088.54
3
COTIA, JUNDIAI, LORENA, OSASCO, RIO DE JANEIRO, SAO JOSE DOS CAMPOS, SAO PAULO, SAO ROQUE, SOROCABA, TAUBATE

MPMJ010503
MATHEUS AUGUSTO
F
07/01/1990
(49) 09113-2942
CIVIC
PMJ-7987
01/05/19
03:42
150.62
3
JUNDIAI, LORENA, RIO DE JANEIRO, SAO JOSE DOS CAMPOS

AWPE260502
ALEXANDRE O GRANDE
M
09/09/1992
(80) 67569-1186
GOL
WPE-8269
26/05/19
02:54
203.64
1
JUNDIAI, LORENA, OSASCO, RIO DE JANEIRO, SAO JOSE DOS CAMPOS, SAO PAULO, SAO ROQUE, SOROCABA, TAUBATE

JERX050616
JULIA ANDRADE
M
11/09/1995
(67) 72355-1613
FUSCA
ERX-4780
05/06/19
16:33
092.99
1
COTIA, JUNDIAI, OSASCO, RIO DE JANEIRO, SAO JOSE DOS CAMPOS, SAO ROQUE, SOROCABA, TAUBATE

AUQL230903
ANA JULIA
F
23/01/1992
(56) 29972-9235
FUSCA
UQL-3222
23/09/19
03:45
008.33
3
COTIA, JUNDIAI, OSASCO, SAO JOSE DOS CAMPOS, SAO PAULO, SAO ROQUE, SOROCABA

GZWX241219
GABRIEL THE ANGEL
M
09/09/1997
(16) 03621-3470
CIVIC
ZWX-6175
24/12/19
19:09
234.52
2
COTIA, JUNDIAI, LORENA, RIO DE JANEIRO, SAO PAULO, SAO ROQUE, SOROCABA

AMCQ230209
ALEXANDRE O MEDIO
M
14/06/1998
(97) 48461-9013
COROLLA
MCQ-6951
23/02/19
09:56
107.80
3
COTIA, JUNDIAI, LORENA, OSASCO, RIO DE JANEIRO, SAO JOSE DOS CAMPOS, SAO PAULO, SAO ROQUE, SOROCABA, TAUBATE

MAHF050301
MATEUS ALVES
F
16/07/1992
(65) 80309-4766
CORSA
AHF-1929
05/03/19
01:43
088.54
3
COTIA, JUNDIAI, LORENA, OSASCO, RIO DE JANEIRO, SAO JOSE DOS CAMPOS, SAO PAULO, SAO ROQUE, SOROCABA, TAUBATE

MPMJ010503
MATHEUS AUGUSTO
F
07/01/1990
(49) 09113-2942
CIVIC
PMJ-7987
01/05/19
03:42
150.62
3
JUNDIAI, LORENA, RIO DE JANEIRO, SAO JOSE DOS CAMPOS

AWPE260502
ALEXANDRE O GRANDE
M
09/09/1992
(80) 67569-1186
GOL
WPE-8269
26/05/19
02:54
203.64
1
JUNDIAI, LORENA, OSASCO, RIO DE JANEIRO, SAO JOSE DOS CAMPOS, SAO PAULO, SAO ROQUE, SOROCABA, TAUBATE

BASW151105
BRUNA MARQUEZINE
F
26/09/1997
(20) 99836-8131
FUSCA
ASW-0008
15/11/19
05:01
208.83
4
COTIA, LORENA, RIO DE JANEIRO, SAO ROQUE

GZWX241219
GABRIEL THE ANGEL
M
09/09/1997
(16) 03621-3470
CIVIC
ZWX-6175
24/12/19
19:09
234.52
2
COTIA, JUNDIAI, LORENA, RIO DE JANEIRO, SAO PAULO, SAO ROQUE, SOROCABA

AMCQ230209
ALEXANDRE O MEDIO
M
14/06/1998
(97) 48461-9013
COROLLA
MCQ-6951
23/02/19
09:56
107.80
3
COTIA, JUNDIAI, LORENA, OSASCO, RIO DE JANEIRO, SAO JOSE DOS CAMPOS, SAO PAULO, SAO ROQUE, SOROCABA, TAUBATE

MAHF050301
MATEUS ALVES
F
16/07/1992
(65) 80309-4766
CORSA
AHF-1929
05/03/19
01:43
088.54
3
COTIA, JUNDIAI, LORENA, OSASCO, RIO DE JANEIRO, SAO JOSE DOS CAMPOS, SAO PAULO, SAO ROQUE, SOROCABA, TAUBATE

AWPE260502
ALEXANDRE O GRANDE
M
09/09/1992
(80) 67569-1186
GOL
WPE-8269
26/05/19
02:54
203.64
1
JUNDIAI, LORENA, OSASCO, RIO DE JANEIRO, SAO JOSE DOS CAMPOS, SAO PAULO, SAO ROQUE, SOROCABA, TAUBATE

JERX050616
JULIA ANDRADE
M
11/09/1995
(67) 72355-1613
FUSCA
ERX-4780
05/06/19
16:33
092.99
1
COTIA, JUNDIAI, OSASCO, RIO DE JANEIRO, SAO JOSE DOS CAMPOS, SAO ROQUE, SOROCABA, TAUBATE

AUQL230903
ANA JULIA
F
23/01/1992
(56) 29972-9235
FUSCA
UQL-3222
23/09/19
03:45
008.33
3
COTIA, JUNDIAI, OSASCO, SAO JOSE DOS CAMPOS, SAO PAULO, SAO ROQUE, SOROCABA

GSGB231103
GABRIEL EL ANGEL
M
14/12/1997
(71) 76909-5152
ONIX
SGB-1856
23/11/19
03:60
176.49
1
OSASCO, RIO DE JANEIRO, SAO ROQUE

AMCQ230209
ALEXANDRE O MEDIO
M
14/06/1998
(97) 48461-9013
COROLLA
MCQ-6951
23/02/19
09:56
107.80
3
COTIA, JUNDIAI, LORENA, OSASCO, RIO DE JANEIRO, SAO JOSE DOS CAMPOS, SAO PAULO, SAO ROQUE, SOROCABA, TAUBATE

MAHF050301
MATEUS ALVES
F
16/07/1992
(65) 80309-4766
CORSA
AHF-1929
05/03/19
01:43
088.54
3
COTIA, JUNDIAI, LORENA, OSASCO, RIO DE JANEIRO, SAO JOSE DOS CAMPOS, SAO PAULO, SAO ROQUE, SOROCABA, TAUBATE

MPMJ010503
MATHEUS AUGUSTO
F
07/01/1990
(49) 09113-2942
CIVIC
PMJ-7987
01/05/19
03:42
150.62
3
JUNDIAI, LORENA, RIO DE JANEIRO, SAO JOSE DOS CAMPOS

AWPE260502
ALEXANDRE O GRANDE
M
09/09/1992
(80) 67569-1186
GOL
WPE-8269
26/05/19
02:54
203.64
1
JUNDIAI, LORENA, OSASCO, RIO DE JANEIRO, SAO JOSE DOS CAMPOS, SAO PAULO, SAO ROQUE, SOROCABA, TAUBATE

JERX050616
JULIA ANDRADE
M
11/09/1995
(67) 72355-1613
FUSCA
ERX-4780
05/06/19
16:33
092.99
1
COTIA, JUNDIAI, OSASCO, RIO DE JANEIRO, SAO JOSE DOS CAMPOS, SAO ROQUE, SOROCABA, TAUBATE

BOWR081020
BRUNA MARQUEZINE
F
09/01/1989
(12) 66378-1382
CIVIC
OWR-3733
08/10/19
20:18
159.13
2
RIO DE JANEIRO, SAO PAULO

BASW151105
BRUNA MARQUEZINE
F
26/09/1997
(20) 99836-8131
FUSCA
ASW-0008
15/11/19
05:01
208.83
4
COTIA, LORENA, RIO DE JANEIRO, SAO ROQUE

GSGB231103
GABRIEL EL ANGEL
M
14/12/1997
(71) 76909-5152
ONIX
SGB-1856
23/11/19
03:60
176.49
1
OSASCO, RIO DE JANEIRO, SAO ROQUE

GZWX241219
GABRIEL THE ANGEL
M
09/09/1997
(16) 03621-3470
CIVIC
ZWX-6175
24/12/19
19:09
234.52
2
COTIA, JUNDIAI, LORENA, RIO DE JANEIRO, SAO PAULO, SAO ROQUE, SOROCABA

AMCQ230209
ALEXANDRE O MEDIO
M
14/06/1998
(97) 48461-9013
COROLLA
MCQ-6951
23/02/19
09:56
107.80
3
COTIA, JUNDIAI, LORENA, OSASCO, RIO DE JANEIRO, SAO JOSE DOS CAMPOS, SAO PAULO, SAO ROQUE, SOROCABA, TAUBATE

MAHF050301
MATEUS ALVES
F
16/07/1992
(65) 80309-4766
CORSA
AHF-1929
05/03/19
01:43
088.54
3
COTIA, JUNDIAI, LORENA, OSASCO, RIO DE JANEIRO, SAO JOSE DOS CAMPOS, SAO PAULO, SAO ROQUE, SOROCABA, TAUBATE

MPMJ010503
MATHEUS AUGUSTO
F
07/01/1990
(49) 09113-2942
CIVIC
PMJ-7987
01/05/19
03:42
150.62
3
JUNDIAI, LORENA, RIO DE JANEIRO, SAO JOSE DOS CAMPOS

AWPE260502
ALEXANDRE O GRANDE
M
09/09/1992
(80) 67569-1186
GOL
WPE-8269
26/05/19
02:54
203.64
1
JUNDIAI, LORENA, OSASCO, RIO DE JANEIRO, SAO JOSE DOS CAMPOS, SAO PAULO, SAO ROQUE, SOROCABA, TAUBATE

JERX050616
JULIA ANDRADE
M
11/09/1995
(67) 72355-1613
FUSCA
ERX-4780
05/06/19
16:33
092.99
1
COTIA, JUNDIAI, OSASCO, RIO DE JANEIRO, SAO JOSE DOS CAMPOS, SAO ROQUE, SOROCABA, TAUBATE

AUQL230903
ANA JULIA
F
23/01/1992
(56) 29972-9235
FUSCA
UQL-3222
23/09/19
03:45
008.33
3
COTIA, JUNDIAI, OSASCO, SAO JOSE DOS CAMPOS, SAO PAULO, SAO ROQUE, SOROCABA

AMCQ230209
ALEXANDRE O MEDIO
M
14/06/1998
(97) 48461-9013
COROLLA
MCQ-6951
23/02/19
09:56
107.80
3
COTIA, JUNDIAI, LORENA, OSASCO, RIO DE JANEIRO, SAO JOSE DOS CAMPOS, SAO PAULO, SAO ROQUE, SOROCABA, TAUBATE

MAHF050301
MATEUS ALVES
F
16/07/1992
(65) 80309-4766
CORSA
AHF-1929
05/03/19
01:43
088.54
3
COTIA, JUNDIAI, LORENA, OSASCO, RIO DE JANEIRO, SAO JOSE DOS CAMPOS, SAO PAULO, SAO ROQUE, SOROCABA, TAUBATE

AWPE260502
ALEXANDRE O GRANDE
M
09/09/1992
(80) 67569-1186
GOL
WPE-8269
26/05/19
02:54
203.64
1
JUNDIAI, LORENA, OSASCO, RIO DE JANEIRO, SAO JOSE DOS CAMPOS, SAO PAULO, SAO ROQUE, SOROCABA, TAUBATE

AUQL230903
ANA JULIA
F
23/01/1992
(56) 29972-9235
FUSCA
UQL-3222
23/09/19
03:45
008.33
3
COTIA, JUNDIAI, OSASCO, SAO JOSE DOS CAMPOS, SAO PAULO, SAO ROQUE, SOROCABA

BOWR081020
BRUNA MARQUEZINE
F
09/01/1989
(12) 66378-1382
CIVIC
OWR-3733
08/10/19
20:18
159.13
2
RIO DE JANEIRO, SAO PAULO

GZWX241219
GABRIEL THE ANGEL
M
09/09/1997
(16) 03621-3470
CIVIC
ZWX-6175
24/12/19
19:09
234.52
2
COTIA, JUNDIAI, LORENA, RIO DE JANEIRO, SAO PAULO, SAO ROQUE, SOROCABA

AMCQ230209
ALEXANDRE O MEDIO
M
14/06/1998
(97) 48461-9013
COROLLA
MCQ-6951
23/02/19
09:56
107.80
3
COTIA, JUNDIAI, LORENA, OSASCO, RIO DE JANEIRO, SAO JOSE DOS CAMPOS, SAO PAULO, SAO ROQUE, SOROCABA, TAUBATE

MAHF050301
MATEUS ALVES
F
16/07/1992
(65) 80309-4766
CORSA
AHF-1929
05/03/19
01:43
088.54
3
COTIA, JUNDIAI, LORENA, OSASCO, RIO DE JANEIRO, SAO JOSE DOS CAMPOS, SAO PAULO, SAO ROQUE, SOROCABA, TAUBATE

AWPE260502
ALEXANDRE O GRANDE
M
09/09/1992
(80) 67569-1186
GOL
WPE-8269
26/05/19
02:54
203.64
1
JUNDIAI, LORENA, OSASCO, RIO DE JANEIRO, SAO JOSE DOS CAMPOS, SAO PAULO, SAO ROQUE, SOROCABA, TAUBATE

JERX050616
JULIA ANDRADE
M
11/09/1995
(67) 72355-1613
FUSCA
ERX-4780
05/06/19
16:33
092.99
1
COTIA, JUNDIAI, OSASCO, RIO DE JANEIRO, SAO JOSE DOS CAMPOS, SAO ROQUE, SOROCABA, TAUBATE

AUQL230903
ANA JULIA
F
23/01/1992
(56) 29972-9235
FUSCA
UQL-3222
23/09/19
03:45
008.33
3
COTIA, JUNDIAI, OSASCO, SAO JOSE DOS CAMPOS, SAO PAULO, SAO ROQUE, SOROCABA

BASW151105
BRUNA MARQUEZINE
F
26/09/1997
(20) 99836-8131
FUSCA
ASW-0008
15/11/19
05:01
208.83
4
COTIA, LORENA, RIO DE JANEIRO, SAO ROQUE

GSGB231103
GABRIEL EL ANGEL
M
14/12/1997
(71) 76909-5152
ONIX
SGB-1856
23/11/19
03:60
176.49
1
OSASCO, RIO DE JANEIRO, SAO ROQUE

GZWX241219
GABRIEL THE ANGEL
M
09/09/1997
(16) 03621-3470
CIVIC
ZWX-6175
24/12/19
19:09
234.52
2
COTIA, JUNDIAI, LORENA, RIO DE JANEIRO, SAO PAULO, SAO ROQUE, SOROCABA

AMCQ230209
ALEXANDRE O MEDIO
M
14/06/1998
(97) 48461-9013
COROLLA
MCQ-6951
23/02/19
09:56
107.80
3
COTIA, JUNDIAI, LORENA, OSASCO, RIO DE JANEIRO, SAO JOSE DOS CAMPOS, SAO PAULO, SAO ROQUE, SOROCABA, TAUBATE

MAHF050301
MATEUS ALVES
F
16/07/1992
(65) 80309-4766
CORSA
AHF-1929
05/03/19
01:43
088.54
3
COTIA, JUNDIAI, LORENA, OSASCO, RIO DE JANEIRO, SAO JOSE DOS CAMPOS, SAO PAULO, SAO ROQUE, SOROCABA, TAUBATE

AWPE260502
ALEXANDRE O GRANDE
M
09/09/1992
(80) 67569-1186
GOL
WPE-8269
26/05/19
02:54
203.64
1
JUNDIAI, LORENA, OSASCO, RIO DE JANEIRO, SAO JOSE DOS CAMPOS, SAO PAULO, SAO ROQUE, SOROCABA, TAUBATE

JERX050616
JULIA ANDRADE
M
11/09/1995
(67) 72355-1613
FUSCA
ERX-4780
05/06/19
16:33
092.99
1
COTIA, JUNDIAI, OSASCO, RIO DE JANEIRO, SAO JOSE DOS CAMPOS, SAO ROQUE, SOROCABA, TAUBATE

AUQL230903
ANA JULIA
F
23/01/1992
(56) 29972-9235
FUSCA
UQL-3222
23/09/19
03:45
008.33
3
COTIA, JUNDIAI, OSASCO, SAO JOSE DOS CAMPOS, SAO PAULO, SAO ROQUE, SOROCABA

GZWX241219
GABRIEL THE ANGEL
M
09/09/1997
(16) 03621-3470
CIVIC
ZWX-6175
24/12/19
19:09
234.52
2
COTIA, JUNDIAI, LORENA, RIO DE JANEIRO, SAO PAULO, SAO ROQUE, SOROCABA

AMCQ230209
ALEXANDRE O MEDIO
M
14/06/1998
(97) 48461-9013
COROLLA
MCQ-6951
23/02/19
09:56
107.80
3
COTIA, JUNDIAI, LORENA, OSASCO, RIO DE JANEIRO, SAO JOSE DOS CAMPOS, SAO PAULO, SAO ROQUE, SOROCABA, TAUBATE

MAHF050301
MATEUS ALVES
F
16/07/1992
(65) 80309-4766
CORSA
AHF-1929
05/03/19
01:43
088.54
3
COTIA, JUNDIAI, LORENA, OSASCO, RIO DE JANEIRO, SAO JOSE DOS CAMPOS, SAO PAULO, SAO ROQUE, SOROCABA, TAUBATE

AWPE260502
ALEXANDRE O GRANDE
M
09/09/1992
(80) 67569-1186
GOL
WPE-8269
26/05/19
02:54
203.64
1
JUNDIAI, LORENA, OSASCO, RIO DE JANEIRO, SAO JOSE DOS CAMPOS, SAO PAULO, SAO ROQUE, SOROCABA, TAUBATE

JERX050616
JULIA ANDRADE
M
11/09/1995
(67) 72355-1613
FUSCA
ERX-4780
05/06/19
16:33
092.99
1
COTIA, JUNDIAI, OSASCO, RIO DE JANEIRO, SAO JOSE DOS CAMPOS, SAO ROQUE, SOROCABA, TAUBATE
**********************ALTERAR*********************
OPERACAO REALIZADA COM SUCESSO!
**********************LISTAR**********************
AMCQ230209
ALEXANDRE O MEDIO
M
14/06/1998
(97) 48461-9013
COROLLA
MCQ-6951
23/02/19
09:56
107.80
3
COTIA, JUNDIAI, LORENA, OSASCO, RIO DE JANEIRO, SAO JOSE DOS CAMPOS, SAO PAULO, SAO ROQUE, SOROCABA, TAUBATE

AUQL230903
ANA JULIA
F
23/01/1992
(56) 29972-9235
FUSCA
UQL-3222
23/09/19
03:45
008.33
4
COTIA, JUNDIAI, OSASCO, SAO JOSE DOS CAMPOS, SAO PAULO, SAO ROQUE, SOROCABA

AWPE260502
ALEXANDRE O GRANDE
M
09/09/1992
(80) 67569-1186
GOL
WPE-8269
26/05/19
02:54
203.64
1
JUNDIAI, LORENA, OSASCO, RIO DE JANEIRO, SAO JOSE DOS CAMPOS, SAO PAULO, SAO ROQUE, SOROCABA, TAUBATE

BASW151105
BRUNA MARQUEZINE
F
26/09/1997
(20) 99836-8131
FUSCA
ASW-0008
15/11/19
05:01
208.83
4
COTIA, LORENA, RIO DE JANEIRO, SAO ROQUE

BOWR081020
BRUNA MARQUEZINE
F
09/01/1989
(12) 66378-1382
CIVIC
OWR-3733
08/10/19
20:18
159.13
2
RIO DE JANEIRO, SAO PAULO

GSGB231103
GABRIEL EL ANGEL
M
14/12/1997
(71) 76909-5152
ONIX
SGB-1856
23/11/19
03:60
176.49
1
OSASCO, RIO DE JANEIRO, SAO ROQUE

GZWX241219
GABRIEL THE ANGEL
M
09/09/1997
(16) 03621-3470
CIVIC
ZWX-6175
24/12/19
19:09
234.52
2
COTIA, JUNDIAI, LORENA, RIO DE JANEIRO, SAO PAULO, SAO ROQUE, SOROCABA

JERX050616
JULIA ANDRADE
M
11/09/1995
(67) 72355-1613
FUSCA
ERX-4780
05/06/19
16:33
092.99
1
COTIA, JUNDIAI, OSASCO, RIO DE JANEIRO, SAO JOSE DOS CAMPOS, SAO ROQUE, SOROCABA, TAUBATE

MAHF050301
MATEUS ALVES
F
16/07/1992
(65) 80309-4766
CORSA
AHF-1929
05/03/19
01:43
088.54
3
COTIA, JUNDIAI, LORENA, OSASCO, RIO DE JANEIRO, SAO JOSE DOS CAMPOS, SAO PAULO, SAO ROQUE, SOROCABA, TAUBATE

MPMJ010503
MATHEUS AUGUSTO
F
07/01/1990
(49) 09113-2942
CIVIC
PMJ-7987
01/05/19
03:42
150.62
3
JUNDIAI, LORENA, RIO DE JANEIRO, SAO JOSE DOS CAMPOS
**********************ARQUIVO*********************
GABRIEL EL ANGEL@M@14/12/1997@(71) 76909-5152@ONIX@SGB-1856@OSASCO|RIO DE JANEIRO|SAO ROQUE@23/11/19@03:60@176.49@1@############################################################################################################################################JULIA ANDRADE@M@11/09/1995@(67) 72355-1613@FUSCA@ERX-4780@COTIA|JUNDIAI|OSASCO|RIO DE JANEIRO|SAO JOSE DOS CAMPOS|SAO ROQUE|SOROCABA|TAUBATE@05/06/19@16:33@092.99@1@###########################################################################################ALEXANDRE O MEDIO@M@14/06/1998@(97) 48461-9013@COROLLA@MCQ-6951@COTIA|JUNDIAI|LORENA|OSASCO|RIO DE JANEIRO|SAO JOSE DOS CAMPOS|SAO PAULO|SAO ROQUE|SOROCABA|TAUBATE@23/02/19@09:56@107.80@3@####################################################################BRUNA MARQUEZINE@F@09/01/1989@(12) 66378-1382@CIVIC@OWR-3733@RIO DE JANEIRO|SAO PAULO@08/10/19@20:18@159.13@2@##################################################################################################################################################GABRIEL THE ANGEL@M@09/09/1997@(16) 03621-3470@CIVIC@ZWX-6175@COTIA|JUNDIAI|LORENA|RIO DE JANEIRO|SAO PAULO|SAO ROQUE|SOROCABA@24/12/19@19:09@234.52@2@#########################################################################################################MATEUS ALVES@F@16/07/1992@(65) 80309-4766@CORSA@AHF-1929@COTIA|JUNDIAI|LORENA|OSASCO|RIO DE JANEIRO|SAO JOSE DOS CAMPOS|SAO PAULO|SAO ROQUE|SOROCABA|TAUBATE@05/03/19@01:43@088.54@3@###########################################################################MATHEUS AUGUSTO@F@07/01/1990@(49) 09113-2942@CIVIC@PMJ-7987@JUNDIAI|LORENA|RIO DE JANEIRO|SAO JOSE DOS CAMPOS@01/05/19@03:42@150.62@3@##########################################################################################################################ALEXANDRE O GRANDE@M@09/09/1992@(80) 67569-1186@GOL@WPE-8269@JUNDIAI|LORENA|OSASCO|RIO DE JANEIRO|SAO JOSE DOS CAMPOS|SAO PAULO|SAO ROQUE|SOROCABA|TAUBATE@26/05/19@02:54@203.64@1@#############################################################################ANA JULIA@F@23/01/1992@(56) 29972-9235@FUSCA@UQL-3222@COTIA|JUNDIAI|OSASCO|SAO JOSE DOS CAMPOS|SAO PAULO|SAO ROQUE|SOROCABA@23/09/19@03:45@008.33@4@############################################################################################################BRUNA MARQUEZINE@F@26/09/1997@(20) 99836-8131@FUSCA@ASW-0008@COTIA|LORENA|RIO DE JANEIRO|SAO ROQUE@15/11/19@05:01@208.83@4@#####################################################################################################################################
**********************LISTAR**********************
AMCQ230209
ALEXANDRE O MEDIO
M
14/06/1998
(97) 48461-9013
COROLLA
MCQ-6951
23/02/19
09:56
107.80
3
COTIA, JUNDIAI, LORENA, OSASCO, RIO DE JANEIRO, SAO JOSE DOS CAMPOS, SAO PAULO, SAO ROQUE, SOROCABA, TAUBATE

MAHF050301
MATEUS ALVES
F
16/07/1992
(65) 80309-4766
CORSA
AHF-1929
05/03/19
01:43
088.54
3
COTIA, JUNDIAI, LORENA, OSASCO, RIO DE JANEIRO, SAO JOSE DOS CAMPOS, SAO PAULO, SAO ROQUE, SOROCABA, TAUBATE

JERX050616
JULIA ANDRADE
M
11/09/1995
(67) 72355-1613
FUSCA
ERX-4780
05/06/19
16:33
092.99
1
COTIA, JUNDIAI, OSASCO, RIO DE JANEIRO, SAO JOSE DOS CAMPOS, SAO ROQUE, SOROCABA, TAUBATE

AUQL230903
ANA JULIA
F
23/01/1992
(56) 29972-9235
FUSCA
UQL-3222
23/09/19
03:45
008.33
4
COTIA, JUNDIAI, OSASCO, SAO JOSE DOS CAMPOS, SAO PAULO, SAO ROQUE, SOROCABA

BASW151105
BRUNA MARQUEZINE
F
26/09/1997
(20) 99836-8131
FUSCA
ASW-0008
15/11/19
05:01
208.83
4
COTIA, LORENA, RIO DE JANEIRO, SAO ROQUE

GZWX241219
GABRIEL THE ANGEL
M
09/09/1997
(16) 03621-3470
CIVIC
ZWX-6175
24/12/19
19:09
234.52
2
COTIA, JUNDIAI, LORENA, RIO DE JANEIRO, SAO PAULO, SAO ROQUE, SOROCABA

AMCQ230209
ALEXANDRE O MEDIO
M
14/06/1998
(97) 48461-9013
COROLLA
MCQ-6951
23/02/19
09:56
107.80
3
COTIA, JUNDIAI, LORENA, OSASCO, RIO DE JANEIRO, SAO JOSE DOS CAMPOS, SAO PAULO, SAO ROQUE, SOROCABA, TAUBATE

MAHF050301
MATEUS ALVES
F
16/07/1992
(65) 80309-4766
CORSA
AHF-1929
05/03/19
01:43
088.54
3
COTIA, JUNDIAI, LORENA, OSASCO, RIO DE JANEIRO, SAO JOSE DOS CAMPOS, SAO PAULO, SAO ROQUE, SOROCABA, TAUBATE

MPMJ010503
MATHEUS AUGUSTO
F
07/01/1990
(49) 09113-2942
CIVIC
PMJ-7987
01/05/19
03:42
150.62
3
JUNDIAI, LORENA, RIO DE JANEIRO, SAO JOSE DOS CAMPOS

AWPE260502
ALEXANDRE O GRANDE
M
09/09/1992
(80) 67569-1186
GOL
WPE-8269
26/05/19
02:54
203.64
1
JUNDIAI, LORENA, OSASCO, RIO DE JANEIRO, SAO JOSE DOS CAMPOS, SAO PAULO, SAO ROQUE, SOROCABA, TAUBATE

JERX050616
JULIA ANDRADE
M
11/09/1995
(67) 72355-1613
FUSCA
ERX-4780
05/06/19
16:33
092.99
1
COTIA, JUNDIAI, OSASCO, RIO DE JANEIRO, SAO JOSE DOS CAMPOS, SAO ROQUE, SOROCABA, TAUBATE

AUQL230903
ANA JULIA
F
23/01/1992
(56) 29972-9235
FUSCA
UQL-3222
23/09/19
03:45
008.33
4
COTIA, JUNDIAI, OSASCO, SAO JOSE DOS CAMPOS, SAO PAULO, SAO ROQUE, SOROCABA

GZWX241219
GABRIEL THE ANGEL
M
09/09/1997
(16) 03621-3470
CIVIC
ZWX-6175
24/12/19
19:09
234.52
2
COTIA, JUNDIAI, LORENA, RIO DE JANEIRO, SAO PAULO, SAO ROQUE, SOROCABA

AMCQ230209
ALEXANDRE O MEDIO
M
14/06/1998
(97) 48461-9013
COROLLA
MCQ-6951
23/02/19
09:56
107.80
3
COTIA, JUNDIAI, LORENA, OSASCO, RIO DE JANEIRO, SAO JOSE DOS CAMPOS, SAO PAULO, SAO ROQUE, SOROCABA, TAUBATE

MAHF050301
MATEUS ALVES
F
16/07/1992
(65) 80309-4766
CORSA
AHF-1929
05/03/19
01:43
088.54
3
COTIA, JUNDIAI, LORENA, OSASCO, RIO DE JANEIRO, SAO JOSE DOS CAMPOS, SAO PAULO, SAO ROQUE, SOROCABA, TAUBATE

MPMJ010503
MATHEUS AUGUSTO
F
07/01/1990
(49) 09113-2942
CIVIC
PMJ-7987
01/05/19
03:42
150.62
3
JUNDIAI, LORENA, RIO DE JANEIRO, SAO JOSE DOS CAMPOS

AWPE260502
ALEXANDRE O GRANDE
M
09/09/1992
(80) 67569-1186
GOL
WPE-8269
26/05/19
02:54
203.64
1
JUNDIAI, LORENA, OSASCO, RIO DE JANEIRO, SAO JOSE DOS CAMPOS, SAO PAULO, SAO ROQUE, SOROCABA, TAUBATE

BASW151105
BRUNA MARQUEZINE
F
26/09/1997
(20) 99836-8131
FUSCA
ASW-0008
15/11/19
05:01
208.83
4
COTIA, LORENA, RIO DE JANEIRO, SAO ROQUE

GZWX241219
GABRIEL THE ANGEL
M
09/09/1997
(16) 03621-3470
CIVIC
ZWX-6175
24/12/19
19:09
234.52
2
COTIA, JUNDIAI, LORENA, RIO DE JANEIRO, SAO PAULO, SAO ROQUE, SOROCABA

AMCQ230209
ALEXANDRE O MEDIO
M
14/06/1998
(97) 48461-9013
COROLLA
MCQ-6951
23/02/19
09:56
107.80
3
COTIA, JUNDIAI, LORENA, OSASCO, RIO DE JANEIRO, SAO JOSE DOS CAMPOS, SAO PAULO, SAO ROQUE, SOROCABA, TAUBATE

MAHF050301
MATEUS ALVES
F
16/07/1992
(65) 80309-4766
CORSA
AHF-1929
05/03/19
01:43
088.54
3
COTIA, JUNDIAI, LORENA, OSASCO, RIO DE JANEIRO, SAO JOSE DOS CAMPOS, SAO PAULO, SAO ROQUE, SOROCABA, TAUBATE

AWPE260502
ALEXANDRE O GRANDE
M
09/09/1992
(80) 67569-1186
GOL
WPE-8269
26/05/19
02:54
203.64
1
JUNDIAI, LORENA, OSASCO, RIO DE JANEIRO, SAO JOSE DOS CAMPOS, SAO PAULO, SAO ROQUE, SOROCABA, TAUBATE

JERX050616
JULIA ANDRADE
M
11/09/1995
(67) 72355-1613
FUSCA
ERX-4780
05/06/19
16:33
092.99
1
COTIA, JUNDIAI, OSASCO, RIO DE JANEIRO, SAO JOSE DOS CAMPOS, SAO ROQUE, SOROCABA, TAUBATE

AUQL230903
ANA JULIA
F
23/01/1992
(56) 29972-9235
FUSCA
UQL-3222
23/09/19
03:45
008.33
4
COTIA, JUNDIAI, OSASCO, SAO JOSE DOS CAMPOS, SAO PAULO, SAO ROQUE, SOROCABA

GSGB231103
GABRIEL EL ANGEL
M
14/12/1997
(71) 76909-5152
ONIX
SGB-1856
23/11/19
03:60
176.49
1
OSASCO, RIO DE JANEIRO, SAO ROQUE

AMCQ230209
ALEXANDRE O MEDIO
M
14/06/1998
(97) 48461-9013
COROLLA
MCQ-6951
23/02/19
09:56
107.80
3
COTIA, JUNDIAI, LORENA, OSASCO, RIO DE JANEIRO, SAO JOSE DOS CAMPOS, SAO PAULO, SAO ROQUE, SOROCABA, TAUBATE

MAHF050301
MATEUS ALVES
F
16/07/1992
(65) 80309-4766
CORSA
AHF-1929
05/03/19
01:43
088.54
3
COTIA, JUNDIAI, LORENA, OSASCO, RIO DE JANEIRO, SAO JOSE DOS CAMPOS, SAO PAULO, SAO ROQUE, SOROCABA, TAUBATE

MPMJ010503
MATHEUS AUGUSTO
F
07/01/1990
(49) 09113-2942
CIVIC
PMJ-7987
01/05/19
03:42
150.62
3
JUNDIAI, LORENA, RIO DE JANEIRO, SAO JOSE DOS CAMPOS

AWPE260502
ALEXANDRE O GRANDE
M
09/09/1992
(80) 67569-1186
GOL
WPE-8269
26/05/19
02:54
203.64
1
JUNDIAI, LORENA, OSASCO, RIO DE JANEIRO, SAO JOSE DOS CAMPOS, SAO PAULO, SAO ROQUE, SOROCABA, TAUBATE

JERX050616
JULIA ANDRADE
M
11/09/1995
(67) 72355-1613
FUSCA
ERX-4780
05/06/19
16:33
092.99
1
COTIA, JUNDIAI, OSASCO, RIO DE JANEIRO, SAO JOSE DOS CAMPOS, SAO ROQUE, SOROCABA, TAUBATE

BOWR081020
BRUNA MARQUEZINE
F
09/01/1989
(12) 66378-1382
CIVIC
OWR-3733
08/10/19
20:18
159.13
2
RIO DE JANEIRO, SAO PAULO

BASW151105
BRUNA MARQUEZINE
F
26/09/1997
(20) 99836-8131
FUSCA
ASW-0008
15/11/19
05:01
208.83
4
COTIA, LORENA, RIO DE JANEIRO, SAO ROQUE

GSGB231103
GABRIEL EL ANGEL
M
14/12/1997
(71) 76909-5152
ONIX
SGB-1856
23/11/19
03:60
176.49
1
OSASCO, RIO DE JANEIRO, SAO ROQUE

GZWX241219
GABRIEL THE ANGEL
M
09/09/1997
(16) 03621-3470
CIVIC
ZWX-6175
24/12/19
19:09
234.52
2
COTIA, JUNDIAI, LORENA, RIO DE JANEIRO, SAO PAULO, SAO ROQUE, SOROCABA

AMCQ230209
ALEXANDRE O MEDIO
M
14/06/1998
(97) 48461-9013
COROLLA
MCQ-6951
23/02/19
09:56
107.80
3
COTIA, JUNDIAI, LORENA, OSASCO, RIO DE JANEIRO, SAO JOSE DOS CAMPOS, SAO PAULO, SAO ROQUE, SOROCABA, TAUBATE

MAHF050301
MATEUS ALVES
F
16/07/1992
(65) 80309-4766
CORSA
AHF-1929
05/03/19
01:43
088.54
3
COTIA, JUNDIAI, LORENA, OSASCO, RIO DE JANEIRO, SAO JOSE DOS CAMPOS, SAO PAULO, SAO ROQUE, SOROCABA, TAUBATE

MPMJ010503
MATHEUS AUGUSTO
F
07/01/1990
(49) 09113-2942
CIVIC
PMJ-7987
01/05/19
03:42
150.62
3
JUNDIAI, LORENA, RIO DE JANEIRO, SAO JOSE DOS CAMPOS

AWPE260502
ALEXANDRE O GRANDE
M
09/09/1992
(80) 67569-1186
GOL
WPE-8269
26/05/19
02:54
203.64
1
JUNDIAI, LORENA, OSASCO, RIO DE JANEIRO, SAO JOSE DOS CAMPOS, SAO PAULO, SAO ROQUE, SOROCABA, TAUBATE

JERX050616
JULIA ANDRADE
M
11/09/1995
(67) 72355-1613
FUSCA
ERX-4780
05/06/19
16:33
092.99
1
COTIA, JUNDIAI, OSASCO, RIO DE JANEIRO, SAO JOSE DOS CAMPOS, SAO ROQUE, SOROCABA, TAUBATE

AUQL230903
ANA JULIA
F
23/01/1992
(56) 29972-9235
FUSCA
UQL-3222
23/09/19
03:45
008.33
4
COTIA, JUNDIAI, OSASCO, SAO JOSE DOS CAMPOS, SAO PAULO, SAO ROQUE, SOROCABA

AMCQ230209
ALEXANDRE O MEDIO
M
14/06/1998
(97) 48461-9013
COROLLA
MCQ-6951
23/02/19
09:56
107.80
3
COTIA, JUNDIAI, LORENA, OSASCO, RIO DE JANEIRO, SAO JOSE DOS CAMPOS, SAO PAULO, SAO ROQUE, SOROCABA, TAUBATE

MAHF050301
MATEUS ALVES
F
16/07/1992
(65) 80309-4766
CORSA
AHF-1929
05/03/19
01:43
088.54
3
COTIA, JUNDIAI, LORENA, OSASCO, RIO DE JANEIRO, SAO JOSE DOS CAMPOS, SAO PAULO, SAO ROQUE, SOROCABA, TAUBATE

AWPE260502
ALEXANDRE O GRANDE
M
09/09/1992
(80) 67569-1186
GOL
WPE-8269
26/05/19
02:54
203.64
1
JUNDIAI, LORENA, OSASCO, RIO DE JANEIRO, SAO JOSE DOS CAMPOS, SAO PAULO, SAO ROQUE, SOROCABA, TAUBATE

AUQL230903
ANA JULIA
F
23/01/1992
(56) 29972-9235
FUSCA
UQL-3222
23/09/19
03:45
008.33
4
COTIA, JUNDIAI, OSASCO, SAO JOSE DOS CAMPOS, SAO PAULO, SAO ROQUE, SOROCABA

BOWR081020
BRUNA MARQUEZINE
F
09/01/1989
(12) 66378-1382
CIVIC
OWR-3733
08/10/19
20:18
159.13
2
RIO DE JANEIRO, SAO PAULO

GZWX241219
GABRIEL THE ANGEL
M
09/09/1997
(16) 03621-3470
CIVIC
ZWX-6175
24/12/19
19:09
234.52
2
COTIA, JUNDIAI, LORENA, RIO DE JANEIRO, SAO PAULO, SAO ROQUE, SOROCABA

AMCQ230209
ALEXANDRE O MEDIO
M
14/06/1998
(97) 48461-9013
COROLLA
MCQ-6951
23/02/19
09:56
107.80
3
COTIA, JUNDIAI, LORENA, OSASCO, RIO DE JANEIRO, SAO JOSE DOS CAMPOS, SAO PAULO, SAO ROQUE, SOROCABA, TAUBATE

MAHF050301
MATEUS ALVES
F
16/07/1992
(65) 80309-4766
CORSA
AHF-1929
05/03/19
01:43
088.54
3
COTIA, JUNDIAI, LORENA, OSASCO, RIO DE JANEIRO, SAO JOSE DOS CAMPOS, SAO PAULO, SAO ROQUE, SOROCABA, TAUBATE

AWPE260502
ALEXANDRE O GRANDE
M
09/09/1992
(80) 67569-1186
GOL
WPE-8269
26/05/19
02:54
203.64
1
JUNDIAI, LORENA, OSASCO, RIO DE JANEIRO, SAO JOSE DOS CAMPOS, SAO PAULO, SAO ROQUE, SOROCABA, TAUBATE

JERX050616
JULIA ANDRADE
M
11/09/1995
(67) 72355-1613
FUSCA
ERX-4780
05/06/19
16:33
092.99
1
COTIA, JUNDIAI, OSASCO, RIO DE JANEIRO, SAO JOSE DOS CAMPOS, SAO ROQUE, SOROCABA, TAUBATE

AUQL230903
ANA JULIA
F
23/01/1992
(56) 29972-9235
FUSCA
UQL-3222
23/09/19
03:45
008.33
4
COTIA, JUNDIAI, OSASCO, SAO JOSE DOS CAMPOS, SAO PAULO, SAO ROQUE, SOROCABA

BASW151105
BRUNA MARQUEZINE
F
26/09/1997
(20) 99836-8131
FUSCA
ASW-0008
15/11/19
05:01
208.83
4
COTIA, LORENA, RIO DE JANEIRO, SAO ROQUE

GSGB231103
GABRIEL EL ANGEL
M
14/12/1997
(71) 76909-5152
ONIX
SGB-1856
23/11/19
03:60
176.49
1
OSASCO, RIO DE JANEIRO, SAO ROQUE

GZWX241219
GABRIEL THE ANGEL
M
09/09/1997
(16) 03621-3470
CIVIC
ZWX-6175
24/12/19
19:09
234.52
2
COTIA, JUNDIAI, LORENA, RIO DE JANEIRO, SAO PAULO, SAO ROQUE, SOROCABA

AMCQ230209
ALEXANDRE O MEDIO
M
14/06/1998
(97) 48461-9013
COROLLA
MCQ-6951
23/02/19
09:56
107.80
3
COTIA, JUNDIAI, LORENA, OSASCO, RIO DE JANEIRO, SAO JOSE DOS CAMPOS, SAO PAULO, SAO ROQUE, SOROCABA, TAUBATE

MAHF050301
MATEUS ALVES
F
16/07/1992
(65) 80309-4766
CORSA
AHF-1929
05/03/19
01:43
088.54
3
COTIA, JUNDIAI, LORENA, OSASCO, RIO DE JANEIRO, SAO JOSE DOS CAMPOS, SAO PAULO, SAO ROQUE, SOROCABA, TAUBATE

AWPE260502
ALEXANDRE O GRANDE
M
09/09/1992
(80) 67569-1186
GOL
WPE-8269
26/05/19
02:54
203.64
1
JUNDIAI, LORENA, OSASCO, RIO DE JANEIRO, SAO JOSE DOS CAMPOS, SAO PAULO, SAO ROQUE, SOROCABA, TAUBATE

JERX050616
JULIA ANDRADE
M
11/09/1995
(67) 72355-1613
FUSCA
ERX-4780
05/06/19
16:33
092.99
1
COTIA, JUNDIAI, OSASCO, RIO DE JANEIRO, SAO JOSE DOS CAMPOS, SAO ROQUE, SOROCABA, TAUBATE

AUQL230903
ANA JULIA
F
23/01/1992
(56) 29972-9235
FUSCA
UQL-3222
23/09/19
03:45
008.33
4
COTIA, JUNDIAI, OSASCO, SAO JOSE DOS CAMPOS, SAO PAULO, SAO ROQUE, SOROCABA

GZWX241219
GABRIEL THE ANGEL
M
09/09/1997
(16) 03621-3470
CIVIC
ZWX-6175
24/12/19
19:09
234.52
2
COTIA, JUNDIAI, LORENA, RIO DE JANEIRO, SAO PAULO, SAO ROQUE, SOROCABA

AMCQ230209
ALEXANDRE O MEDIO
M
14/06/1998
(97) 48461-9013
COROLLA
MCQ-6951
23/02/19
09:56
107.80
3
COTIA, JUNDIAI, LORENA, OSASCO, RIO DE JANEIRO, SAO JOSE DOS CAMPOS, SAO PAULO, SAO ROQUE, SOROCABA, TAUBATE

MAHF050301
MATEUS ALVES
F
16/07/1992
(65) 80309-4766
CORSA
AHF-1929
05/03/19
01:43
088.54
3
COTIA, JUNDIAI, LORENA, OSASCO, RIO DE JANEIRO, SAO JOSE DOS CAMPOS, SAO PAULO, SAO ROQUE, SOROCABA, TAUBATE

AWPE260502
ALEXANDRE O GRANDE
M
09/09/1992
(80) 67569-1186
GOL
WPE-8269
26/05/19
02:54
203.64
1
JUNDIAI, LORENA, OSASCO, RIO DE JANEIRO, SAO JOSE DOS CAMPOS, SAO PAULO, SAO ROQUE, SOROCABA, TAUBATE

JERX050616
JULIA ANDRADE
M
11/09/1995
(67) 72355-1613
FUSCA
ERX-4780
05/06/19
16:33
092.99
1
COTIA, JUNDIAI, OSASCO, RIO DE JANEIRO, SAO JOSE DOS CAMPOS, SAO ROQUE, SOROCABA, TAUBATE
**********************ALTERAR*********************
OPERACAO REALIZADA COM SUCESSO!
**********************EXCLUIR*********************
OPERACAO REALIZADA COM SUCESSO!
**********************BUSCAR**********************
TCCV040206
TATIANA MONTEIRO
M
27/04/1993
(91) 97132-4701
GOL
CCV-9861
04/02/19
06:34
053.48
4
COTIA, JUNDIAI, LORENA, OSASCO, RIO DE JANEIRO, SAO JOSE DOS CAMPOS, SAO PAULO, SAO ROQUE, SOROCABA, TAUBATE
**********************EXCLUIR*********************
Registro(s) nao encontrado!
FALHA AO REALIZAR OPERACAO!
*****************ARQUIVO SECUNDARIO****************
AWPE260502 ALEXANDRE O GRANDE
AMCQ230209 ALEXANDRE O MEDIO
AUQL230903 ANA JULIA
BASW151105 BRUNA MARQUEZINE
BOWR081020 BRUNA MARQUEZINE
GSGB231103 GABRIEL EL ANGEL
GZWX241219 GABRIEL THE ANGEL
MAHF050301 MATEUS ALVES
MPMJ010503 MATHEUS AUGUSTO
TCCV040206 TATIANA MONTEIRO
**********************EXCLUIR*********************
Registro(s) nao encontrado!
FALHA AO REALIZAR OPERACAO!
**********************LISTAR**********************
AWPE260502
ALEXANDRE O GRANDE
M
09/09/1992
(80) 67569-1186
GOL
WPE-8269
26/05/19
02:54
203.64
1
JUNDIAI, LORENA, OSASCO, RIO DE JANEIRO, SAO JOSE DOS CAMPOS, SAO PAULO, SAO ROQUE, SOROCABA, TAUBATE

AMCQ230209
ALEXANDRE O MEDIO
M
14/06/1998
(97) 48461-9013
COROLLA
MCQ-6951
23/02/19
09:56
107.80
3
COTIA, JUNDIAI, LORENA, OSASCO, RIO DE JANEIRO, SAO JOSE DOS CAMPOS, SAO PAULO, SAO ROQUE, SOROCABA, TAUBATE

AUQL230903
ANA JULIA
F
23/01/1992
(56) 29972-9235
FUSCA
UQL-3222
23/09/19
03:45
008.33
4
COTIA, JUNDIAI, OSASCO, SAO JOSE DOS CAMPOS, SAO PAULO, SAO ROQUE, SOROCABA

BASW151105
BRUNA MARQUEZINE
F
26/09/1997
(20) 99836-8131
FUSCA
ASW-0008
15/11/19
05:01
208.83
4
COTIA, LORENA, RIO DE JANEIRO, SAO ROQUE

BOWR081020
BRUNA MARQUEZINE
F
09/01/1989
(12) 66378-1382
CIVIC
OWR-3733
08/10/19
20:18
159.13
2
RIO DE JANEIRO, SAO PAULO

GSGB231103
GABRIEL EL ANGEL
M
14/12/1997
(71) 76909-5152
ONIX
SGB-1856
23/11/19
03:60
176.49
1
OSASCO, RIO DE JANEIRO, SAO ROQUE

GZWX241219
GABRIEL THE ANGEL
M
09/09/1997
(16) 03621-3470
CIVIC
ZWX-6175
24/12/19
19:09
234.52
2
COTIA, JUNDIAI, LORENA, RIO DE JANEIRO, SAO PAULO, SAO ROQUE, SOROCABA

MAHF050301
MATEUS ALVES
F
16/07/1992
(65) 80309-4766
CORSA
AHF-1929
05/03/19
01:43
088.54
4
COTIA, JUNDIAI, LORENA, OSASCO, RIO DE JANEIRO, SAO JOSE DOS CAMPOS, SAO PAULO, SAO ROQUE, SOROCABA, TAUBATE

MPMJ010503
MATHEUS AUGUSTO
F
07/01/1990
(49) 09113-2942
CIVIC
PMJ-7987
01/05/19
03:42
150.62
3
JUNDIAI, LORENA, RIO DE JANEIRO, SAO JOSE DOS CAMPOS

TCCV040206
TATIANA MONTEIRO
M
27/04/1993
(91) 97132-4701
GOL
CCV-9861
04/02/19
06:34
053.48
4
COTIA, JUNDIAI, LORENA, OSASCO, RIO DE JANEIRO, SAO JOSE DOS CAMPOS, SAO PAULO, SAO ROQUE, SOROCABA, TAUBATE
**********************EXCLUIR*********************
Registro(s) nao encontrado!
FALHA AO REALIZAR OPERACAO!
**********************ARQUIVO*********************
GABRIEL EL ANGEL@M@14/12/1997@(71) 76909-5152@ONIX@SGB-1856@OSASCO|RIO DE JANEIRO|SAO ROQUE@23/11/19@03:60@176.49@1@############################################################################################################################################ALEXANDRE O MEDIO@M@14/06/1998@(97) 48461-9013@COROLLA@MCQ-6951@COTIA|JUNDIAI|LORENA|OSASCO|RIO DE JANEIRO|SAO JOSE DOS CAMPOS|SAO PAULO|SAO ROQUE|SOROCABA|TAUBATE@23/02/19@09:56@107.80@3@####################################################################BRUNA MARQUEZINE@F@09/01/1989@(12) 66378-1382@CIVIC@OWR-3733@RIO DE JANEIRO|SAO PAULO@08/10/19@20:18@159.13@2@##################################################################################################################################################GABRIEL THE ANGEL@M@09/09/1997@(16) 03621-3470@CIVIC@ZWX-6175@COTIA|JUNDIAI|LORENA|RIO DE JANEIRO|SAO PAULO|SAO ROQUE|SOROCABA@24/12/19@19:09@234.52@2@#########################################################################################################MATEUS ALVES@F@16/07/1992@(65) 80309-4766@CORSA@AHF-1929@COTIA|JUNDIAI|LORENA|OSASCO|RIO DE JANEIRO|SAO JOSE DOS CAMPOS|SAO PAULO|SAO ROQUE|SOROCABA|TAUBATE@05/03/19@01:43@088.54@4@###########################################################################MATHEUS AUGUSTO@F@07/01/1990@(49) 09113-2942@CIVIC@PMJ-7987@JUNDIAI|LORENA|RIO DE JANEIRO|SAO JOSE DOS CAMPOS@01/05/19@03:42@150.62@3@##########################################################################################################################ALEXANDRE O GRANDE@M@09/09/1992@(80) 67569-1186@GOL@WPE-8269@JUNDIAI|LORENA|OSASCO|RIO DE JANEIRO|SAO JOSE DOS CAMPOS|SAO PAULO|SAO ROQUE|SOROCABA|TAUBATE@26/05/19@02:54@203.64@1@#############################################################################ANA JULIA@F@23/01/1992@(56) 29972-9235@FUSCA@UQL-3222@COTIA|JUNDIAI|OSASCO|SAO JOSE DOS CAMPOS|SAO PAULO|SAO ROQUE|SOROCABA@23/09/19@03:45@008.33@4@############################################################################################################BRUNA MARQUEZINE@F@26/09/1997@(20) 99836-8131@FUSCA@ASW-0008@COTIA|LORENA|RIO DE JANEIRO|SAO ROQUE@15/11/19@05:01@208.83@4@#####################################################################################################################################TATIANA MONTEIRO@M@27/04/1993@(91) 97132-4701@GOL@CCV-9861@COTIA|JUNDIAI|LORENA|OSASCO|RIO DE JANEIRO|SAO JOSE DOS CAMPOS|SAO PAULO|SAO ROQUE|SOROCABA|TAUBATE@04/02/19@06:34@053.48@4@#########################################################################
**********************ALTERAR*********************
OPERACAO REALIZADA COM SUCESSO!
*****************ARQUIVO SECUNDARIO****************
COTIA AMCQ230209 AUQL230903 BASW151105 GZWX241219 MAHF050301 TCCV040206
JUNDIAI AMCQ230209 AUQL230903 AWPE260502 GZWX241219 MAHF050301 MPMJ010503 TCCV040206
LORENA AMCQ230209 AWPE260502 BASW151105 GZWX241219 MAHF050301 MPMJ010503 TCCV040206
OSASCO AMCQ230209 AUQL230903 AWPE260502 GSGB231103 MAHF050301 TCCV040206
RIO DE JANEIRO AMCQ230209 AWPE260502 BASW151105 BOWR081020 GSGB231103 GZWX241219 MAHF050301 MPMJ010503 TCCV040206
SAO JOSE DOS CAMPOS AMCQ230209 AUQL230903 AWPE260502 MAHF050301 MPMJ010503 TCCV040206
SAO PAULO AMCQ230209 AUQL230903 AWPE260502 BOWR081020 GZWX241219 MAHF050301 TCCV040206
SAO ROQUE AMCQ230209 AUQL230903 AWPE260502 BASW151105 GSGB231103 GZWX241219 MAHF050301 TCCV040206
SOROCABA AMCQ230209 AUQL230903 AWPE260502 GZWX241219 MAHF050301 TCCV040206
TAUBATE AMCQ230209 AWPE260502 MAHF050301 TCCV040206
**********************LISTAR**********************
AMCQ230209
ALEXANDRE O MEDIO
M
14/06/1998
(97) 48461-9013
COROLLA
MCQ-6951
23/02/19
09:56
107.80
3
COTIA, JUNDIAI, LORENA, OSASCO, RIO DE JANEIRO, SAO JOSE DOS CAMPOS, SAO PAULO, SAO ROQUE, SOROCABA, TAUBATE

AUQL230903
ANA JULIA
F
23/01/1992
(56) 29972-9235
FUSCA
UQL-3222
23/09/19
03:45
008.33
4
COTIA, JUNDIAI, OSASCO, SAO JOSE DOS CAMPOS, SAO PAULO, SAO ROQUE, SOROCABA

BASW151105
BRUNA MARQUEZINE
F
26/09/1997
(20) 99836-8131
FUSCA
ASW-0008
15/11/19
05:01
208.83
4
COTIA, LORENA, RIO DE JANEIRO, SAO ROQUE

GZWX241219
GABRIEL THE ANGEL
M
09/09/1997
(16) 03621-3470
CIVIC
ZWX-6175
24/12/19
19:09
234.52
2
COTIA, JUNDIAI, LORENA, RIO DE JANEIRO, SAO PAULO, SAO ROQUE, SOROCABA

MAHF050301
MATEUS ALVES
F
16/07/1992
(65) 80309-4766
CORSA
AHF-1929
05/03/19
01:43
088.54
4
COTIA, JUNDIAI, LORENA, OSASCO, RIO DE JANEIRO, SAO JOSE DOS CAMPOS, SAO PAULO, SAO ROQUE, SOROCABA, TAUBATE

TCCV040206
TATIANA MONTEIRO
M
27/04/1993
(91) 97132-4701
GOL
CCV-9861
04/02/19
06:34
053.48
4
COTIA, JUNDIAI, LORENA, OSASCO, RIO DE JANEIRO, SAO JOSE DOS CAMPOS, SAO PAULO, SAO ROQUE, SOROCABA, TAUBATE
AMCQ230209
ALEXANDRE O MEDIO
M
14/06/1998
(97) 48461-9013
COROLLA
MCQ-6951
23/02/19
09:56
107.80
3
COTIA, JUNDIAI, LORENA, OSASCO, RIO DE JANEIRO, SAO JOSE DOS CAMPOS, SAO PAULO, SAO ROQUE, SOROCABA, TAUBATE

AUQL230903
ANA JULIA
F
23/01/1992
(56) 29972-9235
FUSCA
UQL-3222
23/09/19
03:45
008.33
4
COTIA, JUNDIAI, OSASCO, SAO JOSE DOS CAMPOS, SAO PAULO, SAO ROQUE, SOROCABA

AWPE260502
ALEXANDRE O GRANDE
M
09/09/1992
(80) 67569-1186
GOL
WPE-8269
26/05/19
02:54
203.64
1
JUNDIAI, LORENA, OSASCO, RIO DE JANEIRO, SAO JOSE DOS CAMPOS, SAO PAULO, SAO ROQUE, SOROCABA, TAUBATE

GZWX241219
GABRIEL THE ANGEL
M
09/09/1997
(16) 03621-3470
CIVIC
ZWX-6175
24/12/19
19:09
234.52
2
COTIA, JUNDIAI, LORENA, RIO DE JANEIRO, SAO PAULO, SAO ROQUE, SOROCABA

MAHF050301
MATEUS ALVES
F
16/07/1992
(65) 80309-4766
CORSA
AHF-1929
05/03/19
01:43
088.54
4
COTIA, JUNDIAI, LORENA, OSASCO, RIO DE JANEIRO, SAO JOSE DOS CAMPOS, SAO PAULO, SAO ROQUE, SOROCABA, TAUBATE

MPMJ010503
MATHEUS AUGUSTO
F
07/01/1990
(49) 09113-2942
CIVIC
PMJ-7987
01/05/19
03:42
150.62
1
JUNDIAI, LORENA, RIO DE JANEIRO, SAO JOSE DOS CAMPOS

TCCV040206
TATIANA MONTEIRO
M
27/04/1993
(91) 97132-4701
GOL
CCV-9861
04/02/19
06:34
053.48
4
COTIA, JUNDIAI, LORENA, OSASCO, RIO DE JANEIRO, SAO JOSE DOS CAMPOS, SAO PAULO, SAO ROQUE, SOROCABA, TAUBATE
AMCQ230209
ALEXANDRE O MEDIO
M
14/06/1998
(97) 48461-9013
COROLLA
MCQ-6951
23/02/19
09:56
107.80
3
COTIA, JUNDIAI, LORENA, OSASCO, RIO DE JANEIRO, SAO JOSE DOS CAMPOS, SAO PAULO, SAO ROQUE, SOROCABA, TAUBATE

AWPE260502
ALEXANDRE O GRANDE
M
09/09/1992
(80) 67569-1186
GOL
WPE-8269
26/05/19
02:54
203.64
1
JUNDIAI, LORENA, OSASCO, RIO DE JANEIRO, SAO JOSE DOS CAMPOS, SAO PAULO, SAO ROQUE, SOROCABA, TAUBATE

BASW151105
BRUNA MARQUEZINE
F
26/09/1997
(20) 99836-8131
FUSCA
ASW-0008
15/11/19
05:01
208.83
4
COTIA, LORENA, RIO DE JANEIRO, SAO ROQUE

GZWX241219
GABRIEL THE ANGEL
M
09/09/1997
(16) 03621-3470
CIVIC
ZWX-6175
24/12/19
19:09
234.52
2
COTIA, JUNDIAI, LORENA, RIO DE JANEIRO, SAO PAULO, SAO ROQUE, SOROCABA

MAHF050301
MATEUS ALVES
F
16/07/1992
(65) 80309-4766
CORSA
AHF-1929
05/03/19
01:43
088.54
4
COTIA, JUNDIAI, LORENA, OSASCO, RIO DE JANEIRO, SAO JOSE DOS CAMPOS, SAO PAULO, SAO ROQUE, SOROCABA, TAUBATE

MPMJ010503
MATHEUS AUGUSTO
F
07/01/1990
(49) 09113-2942
CIVIC
PMJ-7987
01/05/19
03:42
150.62
1
JUNDIAI, LORENA, RIO DE JANEIRO, SAO JOSE DOS CAMPOS

TCCV040206
TATIANA MONTEIRO
M
27/04/1993
(91) 97132-4701
GOL
CCV-9861
04/02/19
06:34
053.48
4
COTIA, JUNDIAI, LORENA, OSASCO, RIO DE JANEIRO, SAO JOSE DOS CAMPOS, SAO PAULO, SAO ROQUE, SOROCABA, TAUBATE
AMCQ230209
ALEXANDRE O MEDIO
M
14/06/1998
(97) 48461-9013
COROLLA
MCQ-6951
23/02/19
09:56
107.80
3
COTIA, JUNDIAI, LORENA, OSASCO, RIO DE JANEIRO, SAO JOSE DOS CAMPOS, SAO PAULO, SAO ROQUE, SOROCABA, TAUBATE

AUQL230903
ANA JULIA
F
23/01/1992
(56) 29972-9235
FUSCA
UQL-3222
23/09/19
03:45
008.33
4
COTIA, JUNDIAI, OSASCO, SAO JOSE DOS CAMPOS, SAO PAULO, SAO ROQUE, SOROCABA

AWPE260502
ALEXANDRE O GRANDE
M
09/09/1992
(80) 67569-1186
GOL
WPE-8269
26/05/19
02:54
203.64
1
JUNDIAI, LORENA, OSASCO, RIO DE JANEIRO, SAO JOSE DOS CAMPOS, SAO PAULO, SAO ROQUE, SOROCABA, TAUBATE

GSGB231103
GABRIEL EL ANGEL
M
14/12/1997
(71) 76909-5152
ONIX
SGB-1856
23/11/19
03:60
176.49
1
OSASCO, RIO DE JANEIRO, SAO ROQUE

MAHF050301
MATEUS ALVES
F
16/07/1992
(65) 80309-4766
CORSA
AHF-1929
05/03/19
01:43
088.54
4
COTIA, JUNDIAI, LORENA, OSASCO, RIO DE JANEIRO, SAO JOSE DOS CAMPOS, SAO PAULO, SAO ROQUE, SOROCABA, TAUBATE

TCCV040206
TATIANA MONTEIRO
M
27/04/1993
(91) 97132-4701
GOL
CCV-9861
04/02/19
06:34
053.48
4
COTIA, JUNDIAI, LORENA, OSASCO, RIO DE JANEIRO, SAO JOSE DOS CAMPOS, SAO PAULO, SAO ROQUE, SOROCABA, TAUBATE
AMCQ230209
ALEXANDRE O MEDIO
M
14/06/1998
(97) 48461-9013
COROLLA
MCQ-6951
23/02/19
09:56
107.80
3
COTIA, JUNDIAI, LORENA, OSASCO, RIO DE JANEIRO, SAO JOSE DOS CAMPOS, SAO PAULO, SAO ROQUE, SOROCABA, TAUBATE

AWPE260502
ALEXANDRE O GRANDE
M
09/09/1992
(80) 67569-1186
GOL
WPE-8269
26/05/19
02:54
203.64
1
JUNDIAI, LORENA, OSASCO, RIO DE JANEIRO, SAO JOSE DOS CAMPOS, SAO PAULO, SAO ROQUE, SOROCABA, TAUBATE

BASW151105
BRUNA MARQUEZINE
F
26/09/1997
(20) 99836-8131
FUSCA
ASW-0008
15/11/19
05:01
208.83
4
COTIA, LORENA, RIO DE JANEIRO, SAO ROQUE

BOWR081020
BRUNA MARQUEZINE
F
09/01/1989
(12) 66378-1382
CIVIC
OWR-3733
08/10/19
20:18
159.13
2
RIO DE JANEIRO, SAO PAULO

GSGB231103
GABRIEL EL ANGEL
M
14/12/1997
(71) 76909-5152
ONIX
SGB-1856
23/11/19
03:60
176.49
1
OSASCO, RIO DE JANEIRO, SAO ROQUE

GZWX241219
GABRIEL THE ANGEL
M
09/09/1997
(16) 03621-3470
CIVIC
ZWX-6175
24/12/19
19:09
234.52
2
COTIA, JUNDIAI, LORENA, RIO DE JANEIRO, SAO PAULO, SAO ROQUE, SOROCABA

MAHF050301
MATEUS ALVES
F
16/07/1992
(65) 80309-4766
CORSA
AHF-1929
05/03/19
01:43
088.54
4
COTIA, JUNDIAI, LORENA, OSASCO, RIO DE JANEIRO, SAO JOSE DOS CAMPOS, SAO PAULO, SAO ROQUE, SOROCABA, TAUBATE

MPMJ010503
MATHEUS AUGUSTO
F
07/01/1990
(49) 09113-2942
CIVIC
PMJ-7987
01/05/19
03:42
150.62
1
JUNDIAI, LORENA, RIO DE JANEIRO, SAO JOSE DOS CAMPOS

TCCV040206
TATIANA MONTEIRO
M
27/04/1993
(91) 97132-4701
GOL
CCV-9861
04/02/19
06:34
053.48
4
COTIA, JUNDIAI, LORENA, OSASCO, RIO DE JANEIRO, SAO JOSE DOS CAMPOS, SAO PAULO, SAO ROQUE, SOROCABA, TAUBATE
AMCQ230209
ALEXANDRE O MEDIO
M
14/06/1998
(97) 48461-9013
COROLLA
MCQ-6951
23/02/19
09:56
107.80
3
COTIA, JUNDIAI, LORENA, OSASCO, RIO DE JANEIRO, SAO JOSE DOS CAMPOS, SAO PAULO, SAO ROQUE, SOROCABA, TAUBATE

AUQL230903
ANA JULIA
F
23/01/1992
(56) 29972-9235
FUSCA
UQL-3222
23/09/19
03:45
008.33
4
COTIA, JUNDIAI, OSASCO, SAO JOSE DOS CAMPOS, SAO PAULO, SAO ROQUE, SOROCABA

AWPE260502
ALEXANDRE O GRANDE
M
09/09/1992
(80) 67569-1186
GOL
WPE-8269
26/05/19
02:54
203.64
1
JUNDIAI, LORENA, OSASCO, RIO DE JANEIRO, SAO JOSE DOS CAMPOS, SAO PAULO, SAO ROQUE, SOROCABA, TAUBATE

MAHF050301
MATEUS ALVES
F
16/07/1992
(65) 80309-4766
CORSA
AHF-1929
05/03/19
01:43
088.54
4
COTIA, JUNDIAI, LORENA, OSASCO, RIO DE JANEIRO, SAO JOSE DOS CAMPOS, SAO PAULO, SAO ROQUE, SOROCABA, TAUBATE

MPMJ010503
MATHEUS AUGUSTO
F
07/01/1990
(49) 09113-2942
CIVIC
PMJ-7987
01/05/19
03:42
150.62
1
JUNDIAI, LORENA, RIO DE JANEIRO, SAO JOSE DOS CAMPOS

TCCV040206
TATIANA MONTEIRO
M
27/04/1993
(91) 97132-4701
GOL
CCV-9861
04/02/19
06:34
053.48
4
COTIA, JUNDIAI, LORENA, OSASCO, RIO DE JANEIRO, SAO JOSE DOS CAMPOS, SAO PAULO, SAO ROQUE, SOROCABA, TAUBATE
AMCQ230209
ALEXANDRE O MEDIO
M
14/06/1998
(97) 48461-9013
COROLLA
MCQ-6951
23/02/19
09:56
107.80
3
COTIA, JUNDIAI, LORENA, OSASCO, RIO DE JANEIRO, SAO JOSE DOS CAMPOS, SAO PAULO, SAO ROQUE, SOROCABA, TAUBATE

AUQL230903
ANA JULIA
F
23/01/1992
(56) 29972-9235
FUSCA
UQL-3222
23/09/19
03:45
008.33
4
COTIA, JUNDIAI, OSASCO, SAO JOSE DOS CAMPOS, SAO PAULO, SAO ROQUE, SOROCABA

AWPE260502
ALEXANDRE O GRANDE
M
09/09/1992
(80) 67569-1186
GOL
WPE-8269
26/05/19
02:54
203.64
1
JUNDIAI, LORENA, OSASCO, RIO DE JANEIRO, SAO JOSE DOS CAMPOS, SAO PAULO, SAO ROQUE, SOROCABA, TAUBATE

BOWR081020
BRUNA MARQUEZINE
F
09/01/1989
(12) 66378-1382
CIVIC
OWR-3733
08/10/19
20:18
159.13
2
RIO DE JANEIRO, SAO PAULO

GZWX241219
GABRIEL THE ANGEL
M
09/09/1997
(16) 03621-3470
CIVIC
ZWX-6175
24/12/19
19:09
234.52
2
COTIA, JUNDIAI, LORENA, RIO DE JANEIRO, SAO PAULO, SAO ROQUE, SOROCABA

MAHF050301
MATEUS ALVES
F
16/07/1992
(65) 80309-4766
CORSA
AHF-1929
05/03/19
01:43
088.54
4
COTIA, JUNDIAI, LORENA, OSASCO, RIO DE JANEIRO, SAO JOSE DOS CAMPOS, SAO PAULO, SAO ROQUE, SOROCABA, TAUBATE

TCCV040206
TATIANA MONTEIRO
M
27/04/1993
(91) 97132-4701
GOL
CCV-9861
04/02/19
06:34
053.48
4
COTIA, JUNDIAI, LORENA, OSASCO, RIO DE JANEIRO, SAO JOSE DOS CAMPOS, SAO PAULO, SAO ROQUE, SOROCABA, TAUBATE
AMCQ230209
ALEXANDRE O MEDIO
M
14/06/1998
(97) 48461-9013
COROLLA
MCQ-6951
23/02/19
09:56
107.80
3
COTIA, JUNDIAI, LORENA, OSASCO, RIO DE JANEIRO, SAO JOSE DOS CAMPOS, SAO PAULO, SAO ROQUE, SOROCABA, TAUBATE

AUQL230903
ANA JULIA
F
23/01/1992
(56) 29972-9235
FUSCA
UQL-3222
23/09/19
03:45
008.33
4
COTIA, JUNDIAI, OSASCO, SAO JOSE DOS CAMPOS, SAO PAULO, SAO ROQUE, SOROCABA

AWPE260502
ALEXANDRE O GRANDE
M
09/09/1992
(80) 67569-1186
GOL
WPE-8269
26/05/19
02:54
203.64
1
JUNDIAI, LORENA, OSASCO, RIO DE JANEIRO, SAO JOSE DOS CAMPOS, SAO PAULO, SAO ROQUE, SOROCABA, TAUBATE

BASW151105
BRUNA MARQUEZINE
F
26/09/1997
(20) 99836-8131
FUSCA
ASW-0008
15/11/19
05:01
208.83
4
COTIA, LORENA, RIO DE JANEIRO, SAO ROQUE

GSGB231103
GABRIEL EL ANGEL
M
14/12/1997
(71) 76909-5152
ONIX
SGB-1856
23/11/19
03:60
176.49
1
OSASCO, RIO DE JANEIRO, SAO ROQUE

GZWX241219
GABRIEL THE ANGEL
M
09/09/1997
(16) 03621-3470
CIVIC
ZWX-6175
24/12/19
19:09
234.52
2
COTIA, JUNDIAI, LORENA, RIO DE JANEIRO, SAO PAULO, SAO ROQUE, SOROCABA

MAHF050301
MATEUS ALVES
F
16/07/1992
(65) 80309-4766
CORSA
AHF-1929
05/03/19
01:43
088.54
4
COTIA, JUNDIAI, LORENA, OSASCO, RIO DE JANEIRO, SAO JOSE DOS CAMPOS, SAO PAULO, SAO ROQUE, SOROCABA, TAUBATE

TCCV040206
TATIANA MONTEIRO
M
27/04/1993
(91) 97132-4701
GOL
CCV-9861
04/02/19
06:34
053.48
4
COTIA, JUNDIAI, LORENA, OSASCO, RIO DE JANEIRO, SAO JOSE DOS CAMPOS, SAO PAULO, SAO ROQUE, SOROCABA, TAUBATE
AMCQ230209
ALEXANDRE O MEDIO
M
14/06/1998
(97) 48461-9013
COROLLA
MCQ-6951
23/02/19
09:56
107.80
3
COTIA, JUNDIAI, LORENA, OSASCO, RIO DE JANEIRO, SAO JOSE DOS CAMPOS, SAO PAULO, SAO ROQUE, SOROCABA, TAUBATE

AUQL230903
ANA JULIA
F
23/01/1992
(56) 29972-9235
FUSCA
UQL-3222
23/09/19
03:45
008.33
4
COTIA, JUNDIAI, OSASCO, SAO JOSE DOS CAMPOS, SAO PAULO, SAO ROQUE, SOROCABA

AWPE260502
ALEXANDRE O GRANDE
M
09/09/1992
(80) 67569-1186
GOL
WPE-8269
26/05/19
02:54
203.64
1
JUNDIAI, LORENA, OSASCO, RIO DE JANEIRO, SAO JOSE DOS CAMPOS, SAO PAULO, SAO ROQUE, SOROCABA, TAUBATE

GZWX241219
GABRIEL THE ANGEL
M
09/09/1997
(16) 03621-3470
CIVIC
ZWX-6175
24/12/19
19:09
234.52
2
COTIA, JUNDIAI, LORENA, RIO DE JANEIRO, SAO PAULO, SAO ROQUE, SOROCABA

MAHF050301
MATEUS ALVES
F
16/07/1992
(65) 80309-4766
CORSA
AHF-1929
05/03/19
01:43
088.54
4
COTIA, JUNDIAI, LORENA, OSASCO, RIO DE JANEIRO, SAO JOSE DOS CAMPOS, SAO PAULO, SAO ROQUE, SOROCABA, TAUBATE

TCCV040206
TATIANA MONTEIRO
M
27/04/1993
(91) 97132-4701
GOL
CCV-9861
04/02/19
06:34
053.48
4
COTIA, JUNDIAI, LORENA, OSASCO, RIO DE JANEIRO, SAO JOSE DOS CAMPOS, SAO PAULO, SAO ROQUE, SOROCABA, TAUBATE
AMCQ230209
ALEXANDRE O MEDIO
M
14/06/1998
(97) 48461-9013
COROLLA
MCQ-6951
23/02/19
09:56
107.80
3
COTIA, JUNDIAI, LORENA, OSASCO, RIO DE JANEIRO, SAO JOSE DOS CAMPOS, SAO PAULO, SAO ROQUE, SOROCABA, TAUBATE

AWPE260502
ALEXANDRE O GRANDE
M
09/09/1992
(80) 67569-1186
GOL
WPE-8269
26/05/19
02:54
203.64
1
JUNDIAI, LORENA, OSASCO, RIO DE JANEIRO, SAO JOSE DOS CAMPOS, SAO PAULO, SAO ROQUE, SOROCABA, TAUBATE

MAHF050301
MATEUS ALVES
F
16/07/1992
(65) 80309-4766
CORSA
AHF-1929
05/03/19
01:43
088.54
4
COTIA, JUNDIAI, LORENA, OSASCO, RIO DE JANEIRO, SAO JOSE DOS CAMPOS, SAO PAULO, SAO ROQUE, SOROCABA, TAUBATE

TCCV040206
TATIANA MONTEIRO
M
27/04/1993
(91) 97132-4701
GOL
CCV-9861
04/02/19
06:34
053.48
4
COTIA, JUNDIAI, LORENA, OSASCO, RIO DE JANEIRO, SAO JOSE DOS CAMPOS, SAO PAULO, SAO ROQUE, SOROCABA, TAUBATE
**********************ALTERAR*********************
OPERACAO REALIZADA COM SUCESSO!
**********************ALTERAR*********************
OPERACAO REALIZADA COM SUCESSO!
**********************EXCLUIR*********************
OPERACAO REALIZADA COM SUCESSO!
*****************ARQUIVO SECUNDARIO****************
AWPE260502 ALEXANDRE O GRANDE
AMCQ230209 ALEXANDRE O MEDIO
AUQL230903 ANA JULIA
BASW151105 BRUNA MARQUEZINE
BOWR081020 BRUNA MARQUEZINE
GSGB231103 GABRIEL EL ANGEL
GZWX241219 GABRIEL THE ANGEL
MAHF050301 MATEUS ALVES
MPMJ010503 MATHEUS AUGUSTO
TCCV040206 TATIANA MONTEIRO
*****************ARQUIVO SECUNDARIO****************
COTIA AMCQ230209 AUQL230903 BASW151105 GZWX241219 MAHF050301 TCCV040206
JUNDIAI AMCQ230209 AUQL230903 AWPE260502 GZWX241219 MAHF050301 MPMJ010503 TCCV040206
LORENA AMCQ230209 AWPE260502 BASW151105 GZWX241219 MAHF050301 MPMJ010503 TCCV040206
OSASCO AMCQ230209 AUQL230903 AWPE260502 GSGB231103 MAHF050301 TCCV040206
RIO DE JANEIRO AMCQ230209 AWPE260502 BASW151105 BOWR081020 GSGB231103 GZWX241219 MAHF050301 MPMJ010503 TCCV040206
SAO JOSE DOS CAMPOS AMCQ230209 AUQL230903 AWPE260502 MAHF050301 MPMJ010503 TCCV040206
SAO PAULO AMCQ230209 AUQL230903 AWPE260502 BOWR081020 GZWX241219 MAHF050301 TCCV040206
SAO ROQUE AMCQ230209 AUQL230903 AWPE260502 BASW151105 GSGB231103 GZWX241219 MAHF050301 TCCV040206
SOROCABA AMCQ230209 AUQL230903 AWPE260502 GZWX241219 MAHF050301 TCCV040206
TAUBATE AMCQ230209 AWPE260502 MAHF050301 TCCV040206
**********************ALTERAR*********************
Registro(s) nao encontrado!
FALHA AO REALIZAR OPERACAO!
**********************ARQUIVO*********************
GABRIEL EL ANGEL@M@14/12/1997@(71) 76909-5152@ONIX@SGB-1856@OSASCO|RIO DE JANEIRO|SAO ROQUE@23/11/19@03:60@176.49@1@############################################################################################################################################ALEXANDRE O MEDIO@M@14/06/1998@(97) 48461-9013@COROLLA@MCQ-6951@COTIA|JUNDIAI|LORENA|OSASCO|RIO DE JANEIRO|SAO JOSE DOS CAMPOS|SAO PAULO|SAO ROQUE|SOROCABA|TAUBATE@23/02/19@09:56@107.80@3@####################################################################*|UNA MARQUEZINE@F@09/01/1989@(12) 66378-1382@CIVIC@OWR-3733@RIO DE JANEIRO|SAO PAULO@08/10/19@20:18@159.13@2@##################################################################################################################################################GABRIEL THE ANGEL@M@09/09/1997@(16) 03621-3470@CIVIC@ZWX-6175@COTIA|JUNDIAI|LORENA|RIO DE JANEIRO|SAO PAULO|SAO ROQUE|SOROCABA@24/12/19@19:09@234.52@2@#########################################################################################################MATEUS ALVES@F@16/07/1992@(65) 80309-4766@CORSA@AHF-1929@COTIA|JUNDIAI|LORENA|OSASCO|RIO DE JANEIRO|SAO JOSE DOS CAMPOS|SAO PAULO|SAO ROQUE|SOROCABA|TAUBATE@05/03/19@01:43@088.54@1@###########################################################################MATHEUS AUGUSTO@F@07/01/1990@(49) 09113-2942@CIVIC@PMJ-7987@JUNDIAI|LORENA|RIO DE JANEIRO|SAO JOSE DOS CAMPOS@01/05/19@03:42@150.62@1@##########################################################################################################################ALEXANDRE O GRANDE@M@09/09/1992@(80) 67569-1186@GOL@WPE-8269@JUNDIAI|LORENA|OSASCO|RIO DE JANEIRO|SAO JOSE DOS CAMPOS|SAO PAULO|SAO ROQUE|SOROCABA|TAUBATE@26/05/19@02:54@203.64@1@#############################################################################ANA JULIA@F@23/01/1992@(56) 29972-9235@FUSCA@UQL-3222@COTIA|JUNDIAI|OSASCO|SAO JOSE DOS CAMPOS|SAO PAULO|SAO ROQUE|SOROCABA@23/09/19@03:45@008.33@4@############################################################################################################BRUNA MARQUEZINE@F@26/09/1997@(20) 99836-8131@FUSCA@ASW-0008@COTIA|LORENA|RIO DE JANEIRO|SAO ROQUE@15/11/19@05:01@208.83@4@#####################################################################################################################################TATIANA MONTEIRO@M@27/04/1993@(91) 97132-4701@GOL@CCV-9861@COTIA|JUNDIAI|LORENA|OSASCO|RIO DE JANEIRO|SAO JOSE DOS CAMPOS|SAO PAULO|SAO ROQUE|SOROCABA|TAUBATE@04/02/19@06:34@053.48@4@#########################################################################
