**********************ARQUIVO*********************
Arquivo vazio!
**********************BUSCAR**********************
Registro(s) nao encontrado!
**********************BUSCAR**********************
Registro(s) nao encontrado!
**********************ARQUIVO*********************
GABRIEL PENSADOR@F@02/09/1994@(16) 26593-1992@COROLLA@XCX-1568@COTIA|RIO DE JANEIRO@14/07/19@00:01@011.35@2@####################################################################################################################################################ALEXANDRE O MIXURUCA@F@07/09/1999@(02) 27528-6319@FUSCA@JEO-3954@JUNDIAI|OSASCO|RIO DE JANEIRO|SOROCABA@08/12/19@14:26@225.35@4@################################################################################################################################
**********************ARQUIVO*********************
GABRIEL PENSADOR@F@02/09/1994@(16) 26593-1992@COROLLA@XCX-1568@COTIA|RIO DE JANEIRO@14/07/19@00:01@011.35@2@####################################################################################################################################################ALEXANDRE O MIXURUCA@F@07/09/1999@(02) 27528-6319@FUSCA@JEO-3954@JUNDIAI|OSASCO|RIO DE JANEIRO|SOROCABA@08/12/19@14:26@225.35@4@################################################################################################################################FELIPE COUTINHO@M@01/09/1999@(83) 72609-8177@CIVIC@NQM-5323@COTIA|JUNDIAI|OSASCO|RIO DE JANEIRO|SAO PAULO|SAO ROQUE|SOROCABA@19/07/19@03:04@049.45@3@###########################################################################################################
*****************ARQUIVO SECUNDARIO****************
GXCX140700 00:01
FNQM190703 03:04
AJEO081214 14:26
**********************ALTERAR*********************
OPERACAO REALIZADA COM SUCESSO!
**********************BUSCAR**********************
Registro(s) nao encontrado!
**********************ARQUIVO*********************
GABRIEL PENSADOR@F@02/09/1994@(16) 26593-1992@COROLLA@XCX-1568@COTIA|RIO DE JANEIRO@14/07/19@00:01@011.35@2@####################################################################################################################################################ALEXANDRE O MIXURUCA@F@07/09/1999@(02) 27528-6319@FUSCA@JEO-3954@JUNDIAI|OSASCO|RIO DE JANEIRO|SOROCABA@08/12/19@14:26@225.35@3@################################################################################################################################FELIPE COUTINHO@M@01/09/1999@(83) 72609-8177@CIVIC@NQM-5323@COTIA|JUNDIAI|OSASCO|RIO DE JANEIRO|SAO PAULO|SAO ROQUE|SOROCABA@19/07/19@03:04@049.45@3@###########################################################################################################ALEXANDRE O MAIS OU MENOS@M@12/03/1995@(47) 91446-1838@CIVIC@RRS-3261@JUNDIAI|LORENA|OSASCO|RIO DE JANEIRO|SOROCABA|TAUBATE@16/12/19@20:25@077.24@2@############################################################################################################
**********************LISTAR**********************
GXCX140700
GABRIEL PENSADOR
F
02/09/1994
(16) 26593-1992
COROLLA
XCX-1568
14/07/19
00:01
011.35
2
COTIA, RIO DE JANEIRO

FNQM190703
FELIPE COUTINHO
M
01/09/1999
(83) 72609-8177
CIVIC
NQM-5323
19/07/19
03:04
049.45
3
COTIA, JUNDIAI, OSASCO, RIO DE JANEIRO, SAO PAULO, SAO ROQUE, SOROCABA

AJEO081214
ALEXANDRE O MIXURUCA
F
07/09/1999
(02) 27528-6319
FUSCA
JEO-3954
08/12/19
14:26
225.35
3
JUNDIAI, OSASCO, RIO DE JANEIRO, SOROCABA

ARRS161220
ALEXANDRE O MAIS OU MENOS
M
12/03/1995
(47) 91446-1838
CIVIC
RRS-3261
16/12/19
20:25
077.24
2
JUNDIAI, LORENA, OSASCO, RIO DE JANEIRO, SOROCABA, TAUBATE
**********************ALTERAR*********************
Registro(s) nao encontrado!
FALHA AO REALIZAR OPERACAO!
**********************LISTAR**********************
FNQM190703
FELIPE COUTINHO
M
01/09/1999
(83) 72609-8177
CIVIC
NQM-5323
19/07/19
03:04
049.45
3
COTIA, JUNDIAI, OSASCO, RIO DE JANEIRO, SAO PAULO, SAO ROQUE, SOROCABA

GXCX140700
GABRIEL PENSADOR
F
02/09/1994
(16) 26593-1992
COROLLA
XCX-1568
14/07/19
00:01
011.35
2
COTIA, RIO DE JANEIRO
AJEO081214
ALEXANDRE O MIXURUCA
F
07/09/1999
(02) 27528-6319
FUSCA
JEO-3954
08/12/19
14:26
225.35
3
JUNDIAI, OSASCO, RIO DE JANEIRO, SOROCABA

ARRS161220
ALEXANDRE O MAIS OU MENOS
M
12/03/1995
(47) 91446-1838
CIVIC
RRS-3261
16/12/19
20:25
077.24
2
JUNDIAI, LORENA, OSASCO, RIO DE JANEIRO, SOROCABA, TAUBATE

FNQM190703
FELIPE COUTINHO
M
01/09/1999
(83) 72609-8177
CIVIC
NQM-5323
19/07/19
03:04
049.45
3
COTIA, JUNDIAI, OSASCO, RIO DE JANEIRO, SAO PAULO, SAO ROQUE, SOROCABA
ARRS161220
ALEXANDRE O MAIS OU MENOS
M
12/03/1995
(47) 91446-1838
CIVIC
RRS-3261
16/12/19
20:25
077.24
2
JUNDIAI, LORENA, OSASCO, RIO DE JANEIRO, SOROCABA, TAUBATE
AJEO081214
ALEXANDRE O MIXURUCA
F
07/09/1999
(02) 27528-6319
FUSCA
JEO-3954
08/12/19
14:26
225.35
3
JUNDIAI, OSASCO, RIO DE JANEIRO, SOROCABA

ARRS161220
ALEXANDRE O MAIS OU MENOS
M
12/03/1995
(47) 91446-1838
CIVIC
RRS-3261
16/12/19
20:25
077.24
2
JUNDIAI, LORENA, OSASCO, RIO DE JANEIRO, SOROCABA, TAUBATE

FNQM190703
FELIPE COUTINHO
M
01/09/1999
(83) 72609-8177
CIVIC
NQM-5323
19/07/19
03:04
049.45
3
COTIA, JUNDIAI, OSASCO, RIO DE JANEIRO, SAO PAULO, SAO ROQUE, SOROCABA
AJEO081214
ALEXANDRE O MIXURUCA
F
07/09/1999
(02) 27528-6319
FUSCA
JEO-3954
08/12/19
14:26
225.35
3
JUNDIAI, OSASCO, RIO DE JANEIRO, SOROCABA

ARRS161220
ALEXANDRE O MAIS OU MENOS
M
12/03/1995
(47) 91446-1838
CIVIC
RRS-3261
16/12/19
20:25
077.24
2
JUNDIAI, LORENA, OSASCO, RIO DE JANEIRO, SOROCABA, TAUBATE

FNQM190703
FELIPE COUTINHO
M
01/09/1999
(83) 72609-8177
CIVIC
NQM-5323
19/07/19
03:04
049.45
3
COTIA, JUNDIAI, OSASCO, RIO DE JANEIRO, SAO PAULO, SAO ROQUE, SOROCABA

GXCX140700
GABRIEL PENSADOR
F
02/09/1994
(16) 26593-1992
COROLLA
XCX-1568
14/07/19
00:01
011.35
2
COTIA, RIO DE JANEIRO
FNQM190703
FELIPE COUTINHO
M
01/09/1999
(83) 72609-8177
CIVIC
NQM-5323
19/07/19
03:04
049.45
3
COTIA, JUNDIAI, OSASCO, RIO DE JANEIRO, SAO PAULO, SAO ROQUE, SOROCABA
FNQM190703
FELIPE COUTINHO
M
01/09/1999
(83) 72609-8177
CIVIC
NQM-5323
19/07/19
03:04
049.45
3
COTIA, JUNDIAI, OSASCO, RIO DE JANEIRO, SAO PAULO, SAO ROQUE, SOROCABA
AJEO081214
ALEXANDRE O MIXURUCA
F
07/09/1999
(02) 27528-6319
FUSCA
JEO-3954
08/12/19
14:26
225.35
3
JUNDIAI, OSASCO, RIO DE JANEIRO, SOROCABA

ARRS161220
ALEXANDRE O MAIS OU MENOS
M
12/03/1995
(47) 91446-1838
CIVIC
RRS-3261
16/12/19
20:25
077.24
2
JUNDIAI, LORENA, OSASCO, RIO DE JANEIRO, SOROCABA, TAUBATE

FNQM190703
FELIPE COUTINHO
M
01/09/1999
(83) 72609-8177
CIVIC
NQM-5323
19/07/19
03:04
049.45
3
COTIA, JUNDIAI, OSASCO, RIO DE JANEIRO, SAO PAULO, SAO ROQUE, SOROCABA
ARRS161220
ALEXANDRE O MAIS OU MENOS
M
12/03/1995
(47) 91446-1838
CIVIC
RRS-3261
16/12/19
20:25
077.24
2
JUNDIAI, LORENA, OSASCO, RIO DE JANEIRO, SOROCABA, TAUBATE
**********************LISTAR**********************
FNQM190703
FELIPE COUTINHO
M
01/09/1999
(83) 72609-8177
CIVIC
NQM-5323
19/07/19
03:04
049.45
3
COTIA, JUNDIAI, OSASCO, RIO DE JANEIRO, SAO PAULO, SAO ROQUE, SOROCABA

GXCX140700
GABRIEL PENSADOR
F
02/09/1994
(16) 26593-1992
COROLLA
XCX-1568
14/07/19
00:01
011.35
2
COTIA, RIO DE JANEIRO

RZJY180903
ROBERT NORMAL
F
27/06/1999
(95) 69831-3589
CIVIC
ZJY-0352
18/09/19
03:28
210.96
1
COTIA, JUNDIAI, LORENA, OSASCO, RIO DE JANEIRO, SAO ROQUE, SOROCABA
AJEO081214
ALEXANDRE O MIXURUCA
F
07/09/1999
(02) 27528-6319
FUSCA
JEO-3954
08/12/19
14:26
225.35
3
JUNDIAI, OSASCO, RIO DE JANEIRO, SOROCABA

ARRS161220
ALEXANDRE O MAIS OU MENOS
M
12/03/1995
(47) 91446-1838
CIVIC
RRS-3261
16/12/19
20:25
077.24
2
JUNDIAI, LORENA, OSASCO, RIO DE JANEIRO, SOROCABA, TAUBATE

FNQM190703
FELIPE COUTINHO
M
01/09/1999
(83) 72609-8177
CIVIC
NQM-5323
19/07/19
03:04
049.45
3
COTIA, JUNDIAI, OSASCO, RIO DE JANEIRO, SAO PAULO, SAO ROQUE, SOROCABA

RZJY180903
ROBERT NORMAL
F
27/06/1999
(95) 69831-3589
CIVIC
ZJY-0352
18/09/19
03:28
210.96
1
COTIA, JUNDIAI, LORENA, OSASCO, RIO DE JANEIRO, SAO ROQUE, SOROCABA
ARRS161220
ALEXANDRE O MAIS OU MENOS
M
12/03/1995
(47) 91446-1838
CIVIC
RRS-3261
16/12/19
20:25
077.24
2
JUNDIAI, LORENA, OSASCO, RIO DE JANEIRO, SOROCABA, TAUBATE

RZJY180903
ROBERT NORMAL
F
27/06/1999
(95) 69831-3589
CIVIC
ZJY-0352
18/09/19
03:28
210.96
1
COTIA, JUNDIAI, LORENA, OSASCO, RIO DE JANEIRO, SAO ROQUE, SOROCABA
AJEO081214
ALEXANDRE O MIXURUCA
F
07/09/1999
(02) 27528-6319
FUSCA
JEO-3954
08/12/19
14:26
225.35
3
JUNDIAI, OSASCO, RIO DE JANEIRO, SOROCABA

ARRS161220
ALEXANDRE O MAIS OU MENOS
M
12/03/1995
(47) 91446-1838
CIVIC
RRS-3261
16/12/19
20:25
077.24
2
JUNDIAI, LORENA, OSASCO, RIO DE JANEIRO, SOROCABA, TAUBATE

FNQM190703
FELIPE COUTINHO
M
01/09/1999
(83) 72609-8177
CIVIC
NQM-5323
19/07/19
03:04
049.45
3
COTIA, JUNDIAI, OSASCO, RIO DE JANEIRO, SAO PAULO, SAO ROQUE, SOROCABA

RZJY180903
ROBERT NORMAL
F
27/06/1999
(95) 69831-3589
CIVIC
ZJY-0352
18/09/19
03:28
210.96
1
COTIA, JUNDIAI, LORENA, OSASCO, RIO DE JANEIRO, SAO ROQUE, SOROCABA
AJEO081214
ALEXANDRE O MIXURUCA
F
07/09/1999
(02) 27528-6319
FUSCA
JEO-3954
08/12/19
14:26
225.35
3
JUNDIAI, OSASCO, RIO DE JANEIRO, SOROCABA

ARRS161220
ALEXANDRE O MAIS OU MENOS
M
12/03/1995
(47) 91446-1838
CIVIC
RRS-3261
16/12/19
20:25
077.24
2
JUNDIAI, LORENA, OSASCO, RIO DE JANEIRO, SOROCABA, TAUBATE

FNQM190703
FELIPE COUTINHO
M
01/09/1999
(83) 72609-8177
CIVIC
NQM-5323
19/07/19
03:04
049.45
3
COTIA, JUNDIAI, OSASCO, RIO DE JANEIRO, SAO PAULO, SAO ROQUE, SOROCABA

GXCX140700
GABRIEL PENSADOR
F
02/09/1994
(16) 26593-1992
COROLLA
XCX-1568
14/07/19
00:01
011.35
2
COTIA, RIO DE JANEIRO

RZJY180903
ROBERT NORMAL
F
27/06/1999
(95) 69831-3589
CIVIC
ZJY-0352
18/09/19
03:28
210.96
1
COTIA, JUNDIAI, LORENA, OSASCO, RIO DE JANEIRO, SAO ROQUE, SOROCABA
FNQM190703
FELIPE COUTINHO
M
01/09/1999
(83) 72609-8177
CIVIC
NQM-5323
19/07/19
03:04
049.45
3
COTIA, JUNDIAI, OSASCO, RIO DE JANEIRO, SAO PAULO, SAO ROQUE, SOROCABA
FNQM190703
FELIPE COUTINHO
M
01/09/1999
(83) 72609-8177
CIVIC
NQM-5323
19/07/19
03:04
049.45
3
COTIA, JUNDIAI, OSASCO, RIO DE JANEIRO, SAO PAULO, SAO ROQUE, SOROCABA

RZJY180903
ROBERT NORMAL
F
27/06/1999
(95) 69831-3589
CIVIC
ZJY-0352
18/09/19
03:28
210.96
1
COTIA, JUNDIAI, LORENA, OSASCO, RIO DE JANEIRO, SAO ROQUE, SOROCABA
AJEO081214
ALEXANDRE O MIXURUCA
F
07/09/1999
(02) 27528-6319
FUSCA
JEO-3954
08/12/19
14:26
225.35
3
JUNDIAI, OSASCO, RIO DE JANEIRO, SOROCABA

ARRS161220
ALEXANDRE O MAIS OU MENOS
M
12/03/1995
(47) 91446-1838
CIVIC
RRS-3261
16/12/19
20:25
077.24
2
JUNDIAI, LORENA, OSASCO, RIO DE JANEIRO, SOROCABA, TAUBATE

FNQM190703
FELIPE COUTINHO
M
01/09/1999
(83) 72609-8177
CIVIC
NQM-5323
19/07/19
03:04
049.45
3
COTIA, JUNDIAI, OSASCO, RIO DE JANEIRO, SAO PAULO, SAO ROQUE, SOROCABA

RZJY180903
ROBERT NORMAL
F
27/06/1999
(95) 69831-3589
CIVIC
ZJY-0352
18/09/19
03:28
210.96
1
COTIA, JUNDIAI, LORENA, OSASCO, RIO DE JANEIRO, SAO ROQUE, SOROCABA
ARRS161220
ALEXANDRE O MAIS OU MENOS
M
12/03/1995
(47) 91446-1838
CIVIC
RRS-3261
16/12/19
20:25
077.24
2
JUNDIAI, LORENA, OSASCO, RIO DE JANEIRO, SOROCABA, TAUBATE
**********************ARQUIVO*********************
GABRIEL PENSADOR@F@02/09/1994@(16) 26593-1992@COROLLA@XCX-1568@COTIA|RIO DE JANEIRO@14/07/19@00:01@011.35@2@####################################################################################################################################################ALEXANDRE O MIXURUCA@F@07/09/1999@(02) 27528-6319@FUSCA@JEO-3954@JUNDIAI|OSASCO|RIO DE JANEIRO|SOROCABA@08/12/19@14:26@225.35@3@################################################################################################################################FELIPE COUTINHO@M@01/09/1999@(83) 72609-8177@CIVIC@NQM-5323@COTIA|JUNDIAI|OSASCO|RIO DE JANEIRO|SAO PAULO|SAO ROQUE|SOROCABA@19/07/19@03:04@049.45@3@###########################################################################################################ALEXANDRE O MAIS OU MENOS@M@12/03/1995@(47) 91446-1838@CIVIC@RRS-3261@JUNDIAI|LORENA|OSASCO|RIO DE JANEIRO|SOROCABA|TAUBATE@16/12/19@20:25@077.24@2@############################################################################################################ROBERT NORMAL@F@27/06/1999@(95) 69831-3589@CIVIC@ZJY-0352@COTIA|JUNDIAI|LORENA|OSASCO|RIO DE JANEIRO|SAO ROQUE|SOROCABA@18/09/19@03:28@210.96@1@################################################################################################################GABRIEL PENSADOR@M@03/08/1999@(46) 41062-3949@FIT@EGW-8424@OSASCO|RIO DE JANEIRO@12/07/19@16:45@007.62@1@#######################################################################################################################################################
**********************LISTAR**********************
GEGW120716
GABRIEL PENSADOR
M
03/08/1999
(46) 41062-3949
FIT
EGW-8424
12/07/19
16:45
007.62
1
OSASCO, RIO DE JANEIRO

GXCX140700
GABRIEL PENSADOR
F
02/09/1994
(16) 26593-1992
COROLLA
XCX-1568
14/07/19
00:01
011.35
2
COTIA, RIO DE JANEIRO

FNQM190703
FELIPE COUTINHO
M
01/09/1999
(83) 72609-8177
CIVIC
NQM-5323
19/07/19
03:04
049.45
3
COTIA, JUNDIAI, OSASCO, RIO DE JANEIRO, SAO PAULO, SAO ROQUE, SOROCABA

RZJY180903
ROBERT NORMAL
F
27/06/1999
(95) 69831-3589
CIVIC
ZJY-0352
18/09/19
03:28
210.96
1
COTIA, JUNDIAI, LORENA, OSASCO, RIO DE JANEIRO, SAO ROQUE, SOROCABA

AJEO081214
ALEXANDRE O MIXURUCA
F
07/09/1999
(02) 27528-6319
FUSCA
JEO-3954
08/12/19
14:26
225.35
3
JUNDIAI, OSASCO, RIO DE JANEIRO, SOROCABA

ARRS161220
ALEXANDRE O MAIS OU MENOS
M
12/03/1995
(47) 91446-1838
CIVIC
RRS-3261
16/12/19
20:25
077.24
2
JUNDIAI, LORENA, OSASCO, RIO DE JANEIRO, SOROCABA, TAUBATE
**********************BUSCAR**********************
RZJY180903
ROBERT NORMAL
F
27/06/1999
(95) 69831-3589
CIVIC
ZJY-0352
18/09/19
03:28
210.96
1
COTIA, JUNDIAI, LORENA, OSASCO, RIO DE JANEIRO, SAO ROQUE, SOROCABA
*****************ARQUIVO SECUNDARIO****************
GXCX140700 00:01
FNQM190703 03:04
RZJY180903 03:28
MKXW110906 06:16
RIYR240910 10:47
AJEO081214 14:26
GEGW120716 16:45
ARRS161220 20:25
**********************LISTAR**********************
ARRS161220
ALEXANDRE O MAIS OU MENOS
M
12/03/1995
(47) 91446-1838
CIVIC
RRS-3261
16/12/19
20:25
077.24
2
JUNDIAI, LORENA, OSASCO, RIO DE JANEIRO, SOROCABA, TAUBATE

AJEO081214
ALEXANDRE O MIXURUCA
F
07/09/1999
(02) 27528-6319
FUSCA
JEO-3954
08/12/19
14:26
225.35
3
JUNDIAI, OSASCO, RIO DE JANEIRO, SOROCABA

FNQM190703
FELIPE COUTINHO
M
01/09/1999
(83) 72609-8177
CIVIC
NQM-5323
19/07/19
03:04
049.45
3
COTIA, JUNDIAI, OSASCO, RIO DE JANEIRO, SAO PAULO, SAO ROQUE, SOROCABA

GEGW120716
GABRIEL PENSADOR
M
03/08/1999
(46) 41062-3949
FIT
EGW-8424
12/07/19
16:45
007.62
1
OSASCO, RIO DE JANEIRO

GXCX140700
GABRIEL PENSADOR
F
02/09/1994
(16) 26593-1992
COROLLA
XCX-1568
14/07/19
00:01
011.35
2
COTIA, RIO DE JANEIRO

MKXW110906
MATEUS ALVES
M
16/10/1997
(58) 66767-8113
CELTA
KXW-1710
11/09/19
06:16
011.43
3
COTIA, LORENA, SAO JOSE DOS CAMPOS, SAO ROQUE, SOROCABA

RIYR240910
ROBERT NORMAL
F
17/04/1991
(08) 90639-8419
COROLLA
IYR-8277
24/09/19
10:47
176.45
2
COTIA, JUNDIAI, RIO DE JANEIRO, SAO JOSE DOS CAMPOS, SAO PAULO, SOROCABA, TAUBATE

RZJY180903
ROBERT NORMAL
F
27/06/1999
(95) 69831-3589
CIVIC
ZJY-0352
18/09/19
03:28
210.96
1
COTIA, JUNDIAI, LORENA, OSASCO, RIO DE JANEIRO, SAO ROQUE, SOROCABA
**********************ARQUIVO*********************
GABRIEL PENSADOR@F@02/09/1994@(16) 26593-1992@COROLLA@XCX-1568@COTIA|RIO DE JANEIRO@14/07/19@00:01@011.35@2@####################################################################################################################################################ALEXANDRE O MIXURUCA@F@07/09/1999@(02) 27528-6319@FUSCA@JEO-3954@JUNDIAI|OSASCO|RIO DE JANEIRO|SOROCABA@08/12/19@14:26@225.35@3@################################################################################################################################FELIPE COUTINHO@M@01/09/1999@(83) 72609-8177@CIVIC@NQM-5323@COTIA|JUNDIAI|OSASCO|RIO DE JANEIRO|SAO PAULO|SAO ROQUE|SOROCABA@19/07/19@03:04@049.45@3@###########################################################################################################ALEXANDRE O MAIS OU MENOS@M@12/03/1995@(47) 91446-1838@CIVIC@RRS-3261@JUNDIAI|LORENA|OSASCO|RIO DE JANEIRO|SOROCABA|TAUBATE@16/12/19@20:25@077.24@2@############################################################################################################ROBERT NORMAL@F@27/06/1999@(95) 69831-3589@CIVIC@ZJY-0352@COTIA|JUNDIAI|LORENA|OSASCO|RIO DE JANEIRO|SAO ROQUE|SOROCABA@18/09/19@03:28@210.96@1@################################################################################################################GABRIEL PENSADOR@M@03/08/1999@(46) 41062-3949@FIT@EGW-8424@OSASCO|RIO DE JANEIRO@12/07/19@16:45@007.62@1@#######################################################################################################################################################ROBERT NORMAL@F@17/04/1991@(08) 90639-8419@COROLLA@IYR-8277@COTIA|JUNDIAI|RIO DE JANEIRO|SAO JOSE DOS CAMPOS|SAO PAULO|SOROCABA|TAUBATE@24/09/19@10:47@176.45@2@################################################################################################MATEUS ALVES@M@16/10/1997@(58) 66767-8113@CELTA@KXW-1710@COTIA|LORENA|SAO JOSE DOS CAMPOS|SAO ROQUE|SOROCABA@11/09/19@06:16@011.43@3@###########################################################################################################################
**********************ALTERAR*********************
Registro(s) nao encontrado!
FALHA AO REALIZAR OPERACAO!
**********************ARQUIVO*********************
GABRIEL PENSADOR@F@02/09/1994@(16) 26593-1992@COROLLA@XCX-1568@COTIA|RIO DE JANEIRO@14/07/19@00:01@011.35@2@####################################################################################################################################################ALEXANDRE O MIXURUCA@F@07/09/1999@(02) 27528-6319@FUSCA@JEO-3954@JUNDIAI|OSASCO|RIO DE JANEIRO|SOROCABA@08/12/19@14:26@225.35@3@################################################################################################################################FELIPE COUTINHO@M@01/09/1999@(83) 72609-8177@CIVIC@NQM-5323@COTIA|JUNDIAI|OSASCO|RIO DE JANEIRO|SAO PAULO|SAO ROQUE|SOROCABA@19/07/19@03:04@049.45@3@###########################################################################################################ALEXANDRE O MAIS OU MENOS@M@12/03/1995@(47) 91446-1838@CIVIC@RRS-3261@JUNDIAI|LORENA|OSASCO|RIO DE JANEIRO|SOROCABA|TAUBATE@16/12/19@20:25@077.24@2@############################################################################################################ROBERT NORMAL@F@27/06/1999@(95) 69831-3589@CIVIC@ZJY-0352@COTIA|JUNDIAI|LORENA|OSASCO|RIO DE JANEIRO|SAO ROQUE|SOROCABA@18/09/19@03:28@210.96@1@################################################################################################################GABRIEL PENSADOR@M@03/08/1999@(46) 41062-3949@FIT@EGW-8424@OSASCO|RIO DE JANEIRO@12/07/19@16:45@007.62@1@#######################################################################################################################################################ROBERT NORMAL@F@17/04/1991@(08) 90639-8419@COROLLA@IYR-8277@COTIA|JUNDIAI|RIO DE JANEIRO|SAO JOSE DOS CAMPOS|SAO PAULO|SOROCABA|TAUBATE@24/09/19@10:47@176.45@2@################################################################################################MATEUS ALVES@M@16/10/1997@(58) 66767-8113@CELTA@KXW-1710@COTIA|LORENA|SAO JOSE DOS CAMPOS|SAO ROQUE|SOROCABA@11/09/19@06:16@011.43@3@###########################################################################################################################FATIMA BERNARDES@F@03/03/1991@(41) 88416-0681@CIVIC@VNM-3898@COTIA|JUNDIAI|OSASCO|SAO JOSE DOS CAMPOS|SAO PAULO|SAO ROQUE@25/06/19@00:06@175.48@3@##############################################################################################################
**********************BUSCAR**********************
ARRS161220
ALEXANDRE O MAIS OU MENOS
M
12/03/1995
(47) 91446-1838
CIVIC
RRS-3261
16/12/19
20:25
077.24
2
JUNDIAI, LORENA, OSASCO, RIO DE JANEIRO, SOROCABA, TAUBATE
**********************EXCLUIR*********************
Registro(s) nao encontrado!
FALHA AO REALIZAR OPERACAO!
**********************BUSCAR**********************
Registro(s) nao encontrado!
**********************ALTERAR*********************
OPERACAO REALIZADA COM SUCESSO!
**********************BUSCAR**********************
GEGW120716
GABRIEL PENSADOR
M
03/08/1999
(46) 41062-3949
FIT
EGW-8424
12/07/19
16:45
007.62
4
OSASCO, RIO DE JANEIRO
**********************BUSCAR**********************
RZJY180903
ROBERT NORMAL
F
27/06/1999
(95) 69831-3589
CIVIC
ZJY-0352
18/09/19
03:28
210.96
1
COTIA, JUNDIAI, LORENA, OSASCO, RIO DE JANEIRO, SAO ROQUE, SOROCABA
**********************LISTAR**********************
AJEO081214
ALEXANDRE O MIXURUCA
F
07/09/1999
(02) 27528-6319
FUSCA
JEO-3954
08/12/19
14:26
225.35
3
JUNDIAI, OSASCO, RIO DE JANEIRO, SOROCABA

ARRS161220
ALEXANDRE O MAIS OU MENOS
M
12/03/1995
(47) 91446-1838
CIVIC
RRS-3261
16/12/19
20:25
077.24
2
JUNDIAI, LORENA, OSASCO, RIO DE JANEIRO, SOROCABA, TAUBATE

FNQM190703
FELIPE COUTINHO
M
01/09/1999
(83) 72609-8177
CIVIC
NQM-5323
19/07/19
03:04
049.45
3
COTIA, JUNDIAI, OSASCO, RIO DE JANEIRO, SAO PAULO, SAO ROQUE, SOROCABA

FVNM250600
FATIMA BERNARDES
F
03/03/1991
(41) 88416-0681
CIVIC
VNM-3898
25/06/19
00:06
175.48
3
COTIA, JUNDIAI, OSASCO, SAO JOSE DOS CAMPOS, SAO PAULO, SAO ROQUE

GEGW120716
GABRIEL PENSADOR
M
03/08/1999
(46) 41062-3949
FIT
EGW-8424
12/07/19
16:45
007.62
4
OSASCO, RIO DE JANEIRO

GXCX140700
GABRIEL PENSADOR
F
02/09/1994
(16) 26593-1992
COROLLA
XCX-1568
14/07/19
00:01
011.35
2
COTIA, RIO DE JANEIRO

MKXW110906
MATEUS ALVES
M
16/10/1997
(58) 66767-8113
CELTA
KXW-1710
11/09/19
06:16
011.43
3
COTIA, LORENA, SAO JOSE DOS CAMPOS, SAO ROQUE, SOROCABA

RIYR240910
ROBERT NORMAL
F
17/04/1991
(08) 90639-8419
COROLLA
IYR-8277
24/09/19
10:47
176.45
2
COTIA, JUNDIAI, RIO DE JANEIRO, SAO JOSE DOS CAMPOS, SAO PAULO, SOROCABA, TAUBATE

RZJY180903
ROBERT NORMAL
F
27/06/1999
(95) 69831-3589
CIVIC
ZJY-0352
18/09/19
03:28
210.96
1
COTIA, JUNDIAI, LORENA, OSASCO, RIO DE JANEIRO, SAO ROQUE, SOROCABA
**********************BUSCAR**********************
RZJY180903
ROBERT NORMAL
F
27/06/1999
(95) 69831-3589
CIVIC
ZJY-0352
18/09/19
03:28
210.96
1
COTIA, JUNDIAI, LORENA, OSASCO, RIO DE JANEIRO, SAO ROQUE, SOROCABA
**********************ARQUIVO*********************
GABRIEL PENSADOR@F@02/09/1994@(16) 26593-1992@COROLLA@XCX-1568@COTIA|RIO DE JANEIRO@14/07/19@00:01@011.35@2@####################################################################################################################################################ALEXANDRE O MIXURUCA@F@07/09/1999@(02) 27528-6319@FUSCA@JEO-3954@JUNDIAI|OSASCO|RIO DE JANEIRO|SOROCABA@08/12/19@14:26@225.35@3@################################################################################################################################FELIPE COUTINHO@M@01/09/1999@(83) 72609-8177@CIVIC@NQM-5323@COTIA|JUNDIAI|OSASCO|RIO DE JANEIRO|SAO PAULO|SAO ROQUE|SOROCABA@19/07/19@03:04@049.45@3@###########################################################################################################ALEXANDRE O MAIS OU MENOS@M@12/03/1995@(47) 91446-1838@CIVIC@RRS-3261@JUNDIAI|LORENA|OSASCO|RIO DE JANEIRO|SOROCABA|TAUBATE@16/12/19@20:25@077.24@2@############################################################################################################ROBERT NORMAL@F@27/06/1999@(95) 69831-3589@CIVIC@ZJY-0352@COTIA|JUNDIAI|LORENA|OSASCO|RIO DE JANEIRO|SAO ROQUE|SOROCABA@18/09/19@03:28@210.96@1@################################################################################################################GABRIEL PENSADOR@M@03/08/1999@(46) 41062-3949@FIT@EGW-8424@OSASCO|RIO DE JANEIRO@12/07/19@16:45@007.62@4@#######################################################################################################################################################ROBERT NORMAL@F@17/04/1991@(08) 90639-8419@COROLLA@IYR-8277@COTIA|JUNDIAI|RIO DE JANEIRO|SAO JOSE DOS CAMPOS|SAO PAULO|SOROCABA|TAUBATE@24/09/19@10:47@176.45@2@################################################################################################MATEUS ALVES@M@16/10/1997@(58) 66767-8113@CELTA@KXW-1710@COTIA|LORENA|SAO JOSE DOS CAMPOS|SAO ROQUE|SOROCABA@11/09/19@06:16@011.43@3@###########################################################################################################################FATIMA BERNARDES@F@03/03/1991@(41) 88416-0681@CIVIC@VNM-3898@COTIA|JUNDIAI|OSASCO|SAO JOSE DOS CAMPOS|SAO PAULO|SAO ROQUE@25/06/19@00:06@175.48@3@##############################################################################################################
**********************LISTAR**********************
FVNM250600
FATIMA BERNARDES
F
03/03/1991
(41) 88416-0681
CIVIC
VNM-3898
25/06/19
00:06
175.48
3
COTIA, JUNDIAI, OSASCO, SAO JOSE DOS CAMPOS, SAO PAULO, SAO ROQUE

GEGW120716
GABRIEL PENSADOR
M
03/08/1999
(46) 41062-3949
FIT
EGW-8424
12/07/19
16:45
007.62
4
OSASCO, RIO DE JANEIRO

GXCX140700
GABRIEL PENSADOR
F
02/09/1994
(16) 26593-1992
COROLLA
XCX-1568
14/07/19
00:01
011.35
2
COTIA, RIO DE JANEIRO

FNQM190703
FELIPE COUTINHO
M
01/09/1999
(83) 72609-8177
CIVIC
NQM-5323
19/07/19
03:04
049.45
3
COTIA, JUNDIAI, OSASCO, RIO DE JANEIRO, SAO PAULO, SAO ROQUE, SOROCABA

MKXW110906
MATEUS ALVES
M
16/10/1997
(58) 66767-8113
CELTA
KXW-1710
11/09/19
06:16
011.43
3
COTIA, LORENA, SAO JOSE DOS CAMPOS, SAO ROQUE, SOROCABA

RZJY180903
ROBERT NORMAL
F
27/06/1999
(95) 69831-3589
CIVIC
ZJY-0352
18/09/19
03:28
210.96
1
COTIA, JUNDIAI, LORENA, OSASCO, RIO DE JANEIRO, SAO ROQUE, SOROCABA

RIYR240910
ROBERT NORMAL
F
17/04/1991
(08) 90639-8419
COROLLA
IYR-8277
24/09/19
10:47
176.45
2
COTIA, JUNDIAI, RIO DE JANEIRO, SAO JOSE DOS CAMPOS, SAO PAULO, SOROCABA, TAUBATE

GYTE250905
GABRIEL NAO SOU FAKE
F
03/03/1997
(57) 54810-5996
UNO
YTE-8649
25/09/19
05:39
036.34
2
JUNDIAI, LORENA, OSASCO, SAO JOSE DOS CAMPOS, SAO ROQUE, SOROCABA, TAUBATE

AJEO081214
ALEXANDRE O MIXURUCA
F
07/09/1999
(02) 27528-6319
FUSCA
JEO-3954
08/12/19
14:26
225.35
3
JUNDIAI, OSASCO, RIO DE JANEIRO, SOROCABA

ARRS161220
ALEXANDRE O MAIS OU MENOS
M
12/03/1995
(47) 91446-1838
CIVIC
RRS-3261
16/12/19
20:25
077.24
2
JUNDIAI, LORENA, OSASCO, RIO DE JANEIRO, SOROCABA, TAUBATE
**********************ARQUIVO*********************
GABRIEL PENSADOR@F@02/09/1994@(16) 26593-1992@COROLLA@XCX-1568@COTIA|RIO DE JANEIRO@14/07/19@00:01@011.35@2@####################################################################################################################################################ALEXANDRE O MIXURUCA@F@07/09/1999@(02) 27528-6319@FUSCA@JEO-3954@JUNDIAI|OSASCO|RIO DE JANEIRO|SOROCABA@08/12/19@14:26@225.35@3@################################################################################################################################FELIPE COUTINHO@M@01/09/1999@(83) 72609-8177@CIVIC@NQM-5323@COTIA|JUNDIAI|OSASCO|RIO DE JANEIRO|SAO PAULO|SAO ROQUE|SOROCABA@19/07/19@03:04@049.45@3@###########################################################################################################ALEXANDRE O MAIS OU MENOS@M@12/03/1995@(47) 91446-1838@CIVIC@RRS-3261@JUNDIAI|LORENA|OSASCO|RIO DE JANEIRO|SOROCABA|TAUBATE@16/12/19@20:25@077.24@2@############################################################################################################ROBERT NORMAL@F@27/06/1999@(95) 69831-3589@CIVIC@ZJY-0352@COTIA|JUNDIAI|LORENA|OSASCO|RIO DE JANEIRO|SAO ROQUE|SOROCABA@18/09/19@03:28@210.96@1@################################################################################################################GABRIEL PENSADOR@M@03/08/1999@(46) 41062-3949@FIT@EGW-8424@OSASCO|RIO DE JANEIRO@12/07/19@16:45@007.62@4@#######################################################################################################################################################ROBERT NORMAL@F@17/04/1991@(08) 90639-8419@COROLLA@IYR-8277@COTIA|JUNDIAI|RIO DE JANEIRO|SAO JOSE DOS CAMPOS|SAO PAULO|SOROCABA|TAUBATE@24/09/19@10:47@176.45@2@################################################################################################MATEUS ALVES@M@16/10/1997@(58) 66767-8113@CELTA@KXW-1710@COTIA|LORENA|SAO JOSE DOS CAMPOS|SAO ROQUE|SOROCABA@11/09/19@06:16@011.43@3@###########################################################################################################################FATIMA BERNARDES@F@03/03/1991@(41) 88416-0681@CIVIC@VNM-3898@COTIA|JUNDIAI|OSASCO|SAO JOSE DOS CAMPOS|SAO PAULO|SAO ROQUE@25/06/19@00:06@175.48@3@##############################################################################################################GABRIEL NAO SOU FAKE@F@03/03/1997@(57) 54810-5996@UNO@YTE-8649@JUNDIAI|LORENA|OSASCO|SAO JOSE DOS CAMPOS|SAO ROQUE|SOROCABA|TAUBATE@25/09/19@05:39@036.34@2@####################################################################################################
**********************EXCLUIR*********************
OPERACAO REALIZADA COM SUCESSO!
**********************EXCLUIR*********************
Registro(s) nao encontrado!
FALHA AO REALIZAR OPERACAO!
**********************ARQUIVO*********************
GABRIEL PENSADOR@F@02/09/1994@(16) 26593-1992@COROLLA@XCX-1568@COTIA|RIO DE JANEIRO@14/07/19@00:01@011.35@2@####################################################################################################################################################ALEXANDRE O MIXURUCA@F@07/09/1999@(02) 27528-6319@FUSCA@JEO-3954@JUNDIAI|OSASCO|RIO DE JANEIRO|SOROCABA@08/12/19@14:26@225.35@3@################################################################################################################################FELIPE COUTINHO@M@01/09/1999@(83) 72609-8177@CIVIC@NQM-5323@COTIA|JUNDIAI|OSASCO|RIO DE JANEIRO|SAO PAULO|SAO ROQUE|SOROCABA@19/07/19@03:04@049.45@3@###########################################################################################################ALEXANDRE O MAIS OU MENOS@M@12/03/1995@(47) 91446-1838@CIVIC@RRS-3261@JUNDIAI|LORENA|OSASCO|RIO DE JANEIRO|SOROCABA|TAUBATE@16/12/19@20:25@077.24@2@############################################################################################################ROBERT NORMAL@F@27/06/1999@(95) 69831-3589@CIVIC@ZJY-0352@COTIA|JUNDIAI|LORENA|OSASCO|RIO DE JANEIRO|SAO ROQUE|SOROCABA@18/09/19@03:28@210.96@1@################################################################################################################GABRIEL PENSADOR@M@03/08/1999@(46) 41062-3949@FIT@EGW-8424@OSASCO|RIO DE JANEIRO@12/07/19@16:45@007.62@4@#######################################################################################################################################################*|BERT NORMAL@F@17/04/1991@(08) 90639-8419@COROLLA@IYR-8277@COTIA|JUNDIAI|RIO DE JANEIRO|SAO JOSE DOS CAMPOS|SAO PAULO|SOROCABA|TAUBATE@24/09/19@10:47@176.45@2@################################################################################################MATEUS ALVES@M@16/10/1997@(58) 66767-8113@CELTA@KXW-1710@COTIA|LORENA|SAO JOSE DOS CAMPOS|SAO ROQUE|SOROCABA@11/09/19@06:16@011.43@3@###########################################################################################################################FATIMA BERNARDES@F@03/03/1991@(41) 88416-0681@CIVIC@VNM-3898@COTIA|JUNDIAI|OSASCO|SAO JOSE DOS CAMPOS|SAO PAULO|SAO ROQUE@25/06/19@00:06@175.48@3@##############################################################################################################GABRIEL NAO SOU FAKE@F@03/03/1997@(57) 54810-5996@UNO@YTE-8649@JUNDIAI|LORENA|OSASCO|SAO JOSE DOS CAMPOS|SAO ROQUE|SOROCABA|TAUBATE@25/09/19@05:39@036.34@2@####################################################################################################
**********************BUSCAR**********************
Registro(s) nao encontrado!
*****************ARQUIVO SECUNDARIO****************
GXCX140700 00:01
FVNM250600 00:06
FNQM190703 03:04
RZJY180903 03:28
GYTE250905 05:39
MKXW110906 06:16
RIYR240910 10:47
AJEO081214 14:26
GEGW120716 16:45
ARRS161220 20:25
*****************ARQUIVO SECUNDARIO****************
COTIA FNQM190703 FVNM250600 GXCX140700 MKXW110906 RIYR240910 RZJY180903
JUNDIAI AJEO081214 ARRS161220 FNQM190703 FVNM250600 GYTE250905 RIYR240910 RZJY180903
LORENA ARRS161220 GYTE250905 MKXW110906 RZJY180903
OSASCO AJEO081214 ARRS161220 FNQM190703 FVNM250600 GEGW120716 GYTE250905 RZJY180903
RIO DE JANEIRO AJEO081214 ARRS161220 FNQM190703 GEGW120716 GXCX140700 RIYR240910 RZJY180903
SAO JOSE DOS CAMPOS FVNM250600 GYTE250905 MKXW110906 RIYR240910
SAO PAULO FNQM190703 FVNM250600 RIYR240910
SAO ROQUE FNQM190703 FVNM250600 GYTE250905 MKXW110906 RZJY180903
SOROCABA AJEO081214 ARRS161220 FNQM190703 GYTE250905 MKXW110906 RIYR240910 RZJY180903
TAUBATE ARRS161220 GYTE250905 RIYR240910
*****************ARQUIVO SECUNDARIO****************
ARRS161220 ALEXANDRE O MAIS OU MENOS
AJEO081214 ALEXANDRE O MIXURUCA
FVNM250600 FATIMA BERNARDES
FNQM190703 FELIPE COUTINHO
GYTE250905 GABRIEL NAO SOU FAKE
GEGW120716 GABRIEL PENSADOR
GXCX140700 GABRIEL PENSADOR
MKXW110906 MATEUS ALVES
RIYR240910 ROBERT NORMAL
RZJY180903 ROBERT NORMAL
**********************BUSCAR**********************
GYTE250905
GABRIEL NAO SOU FAKE
F
03/03/1997
(57) 54810-5996
UNO
YTE-8649
25/09/19
05:39
036.34
2
JUNDIAI, LORENA, OSASCO, SAO JOSE DOS CAMPOS, SAO ROQUE, SOROCABA, TAUBATE
**********************ALTERAR*********************
OPERACAO REALIZADA COM SUCESSO!
**********************ALTERAR*********************
OPERACAO REALIZADA COM SUCESSO!
**********************LISTAR**********************
ARRS161220
ALEXANDRE O MAIS OU MENOS
M
12/03/1995
(47) 91446-1838
CIVIC
RRS-3261
16/12/19
20:25
077.24
2
JUNDIAI, LORENA, OSASCO, RIO DE JANEIRO, SOROCABA, TAUBATE

AJEO081214
ALEXANDRE O MIXURUCA
F
07/09/1999
(02) 27528-6319
FUSCA
JEO-3954
08/12/19
14:26
225.35
3
JUNDIAI, OSASCO, RIO DE JANEIRO, SOROCABA

FVNM250600
FATIMA BERNARDES
F
03/03/1991
(41) 88416-0681
CIVIC
VNM-3898
25/06/19
00:06
175.48
3
COTIA, JUNDIAI, OSASCO, SAO JOSE DOS CAMPOS, SAO PAULO, SAO ROQUE

FNQM190703
FELIPE COUTINHO
M
01/09/1999
(83) 72609-8177
CIVIC
NQM-5323
19/07/19
03:04
049.45
3
COTIA, JUNDIAI, OSASCO, RIO DE JANEIRO, SAO PAULO, SAO ROQUE, SOROCABA

GYTE250905
GABRIEL NAO SOU FAKE
F
03/03/1997
(57) 54810-5996
UNO
YTE-8649
25/09/19
05:39
036.34
2
JUNDIAI, LORENA, OSASCO, SAO JOSE DOS CAMPOS, SAO ROQUE, SOROCABA, TAUBATE

GEGW120716
GABRIEL PENSADOR
M
03/08/1999
(46) 41062-3949
FIT
EGW-8424
12/07/19
16:45
007.62
2
OSASCO, RIO DE JANEIRO

GXCX140700
GABRIEL PENSADOR
F
02/09/1994
(16) 26593-1992
COROLLA
XCX-1568
14/07/19
00:01
011.35
2
COTIA, RIO DE JANEIRO

GYYD100604
GABRIEL PENSADOR
M
11/02/1999
(33) 94412-8307
FUSCA
YYD-5247
10/06/19
04:04
230.81
3
COTIA, JUNDIAI, LORENA, OSASCO, RIO DE JANEIRO, SAO JOSE DOS CAMPOS, SAO PAULO, SAO ROQUE, SOROCABA, TAUBATE

MKXW110906
MATEUS ALVES
M
16/10/1997
(58) 66767-8113
CELTA
KXW-1710
11/09/19
06:16
011.43
3
COTIA, LORENA, SAO JOSE DOS CAMPOS, SAO ROQUE, SOROCABA

RZJY180903
ROBERT NORMAL
F
27/06/1999
(95) 69831-3589
CIVIC
ZJY-0352
18/09/19
03:28
210.96
1
COTIA, JUNDIAI, LORENA, OSASCO, RIO DE JANEIRO, SAO ROQUE, SOROCABA
**********************LISTAR**********************
AJEO081214
ALEXANDRE O MIXURUCA
F
07/09/1999
(02) 27528-6319
FUSCA
JEO-3954
08/12/19
14:26
225.35
3
JUNDIAI, OSASCO, RIO DE JANEIRO, SOROCABA

ARRS161220
ALEXANDRE O MAIS OU MENOS
M
12/03/1995
(47) 91446-1838
CIVIC
RRS-3261
16/12/19
20:25
077.24
2
JUNDIAI, LORENA, OSASCO, RIO DE JANEIRO, SOROCABA, TAUBATE

FNQM190703
FELIPE COUTINHO
M
01/09/1999
(83) 72609-8177
CIVIC
NQM-5323
19/07/19
03:04
049.45
3
COTIA, JUNDIAI, OSASCO, RIO DE JANEIRO, SAO PAULO, SAO ROQUE, SOROCABA

FVNM250600
FATIMA BERNARDES
F
03/03/1991
(41) 88416-0681
CIVIC
VNM-3898
25/06/19
00:06
175.48
3
COTIA, JUNDIAI, OSASCO, SAO JOSE DOS CAMPOS, SAO PAULO, SAO ROQUE

GEGW120716
GABRIEL PENSADOR
M
03/08/1999
(46) 41062-3949
FIT
EGW-8424
12/07/19
16:45
007.62
2
OSASCO, RIO DE JANEIRO

GXCX140700
GABRIEL PENSADOR
F
02/09/1994
(16) 26593-1992
COROLLA
XCX-1568
14/07/19
00:01
011.35
2
COTIA, RIO DE JANEIRO

GYTE250905
GABRIEL NAO SOU FAKE
F
03/03/1997
(57) 54810-5996
UNO
YTE-8649
25/09/19
05:39
036.34
2
JUNDIAI, LORENA, OSASCO, SAO JOSE DOS CAMPOS, SAO ROQUE, SOROCABA, TAUBATE

GYYD100604
GABRIEL PENSADOR
M
11/02/1999
(33) 94412-8307
FUSCA
YYD-5247
10/06/19
04:04
230.81
3
COTIA, JUNDIAI, LORENA, OSASCO, RIO DE JANEIRO, SAO JOSE DOS CAMPOS, SAO PAULO, SAO ROQUE, SOROCABA, TAUBATE

MKXW110906
MATEUS ALVES
M
16/10/1997
(58) 66767-8113
CELTA
KXW-1710
11/09/19
06:16
011.43
3
COTIA, LORENA, SAO JOSE DOS CAMPOS, SAO ROQUE, SOROCABA

RZJY180903
ROBERT NORMAL
F
27/06/1999
(95) 69831-3589
CIVIC
ZJY-0352
18/09/19
03:28
210.96
1
COTIA, JUNDIAI, LORENA, OSASCO, RIO DE JANEIRO, SAO ROQUE, SOROCABA
**********************EXCLUIR*********************
OPERACAO REALIZADA COM SUCESSO!
**********************ALTERAR*********************
OPERACAO REALIZADA COM SUCESSO!
**********************LISTAR**********************
GYYD100604
GABRIEL PENSADOR
M
11/02/1999
(33) 94412-8307
FUSCA
YYD-5247
10/06/19
04:04
230.81
3
COTIA, JUNDIAI, LORENA, OSASCO, RIO DE JANEIRO, SAO JOSE DOS CAMPOS, SAO PAULO, SAO ROQUE, SOROCABA, TAUBATE

FVNM250600
FATIMA BERNARDES
F
03/03/1991
(41) 88416-0681
CIVIC
VNM-3898
25/06/19
00:06
175.48
3
COTIA, JUNDIAI, OSASCO, SAO JOSE DOS CAMPOS, SAO PAULO, SAO ROQUE

GXCX140700
GABRIEL PENSADOR
F
02/09/1994
(16) 26593-1992
COROLLA
XCX-1568
14/07/19
00:01
011.35
1
COTIA, RIO DE JANEIRO

FNQM190703
FELIPE COUTINHO
M
01/09/1999
(83) 72609-8177
CIVIC
NQM-5323
19/07/19
03:04
049.45
3
COTIA, JUNDIAI, OSASCO, RIO DE JANEIRO, SAO PAULO, SAO ROQUE, SOROCABA

MKXW110906
MATEUS ALVES
M
16/10/1997
(58) 66767-8113
CELTA
KXW-1710
11/09/19
06:16
011.43
3
COTIA, LORENA, SAO JOSE DOS CAMPOS, SAO ROQUE, SOROCABA

RZJY180903
ROBERT NORMAL
F
27/06/1999
(95) 69831-3589
CIVIC
ZJY-0352
18/09/19
03:28
210.96
1
COTIA, JUNDIAI, LORENA, OSASCO, RIO DE JANEIRO, SAO ROQUE, SOROCABA

GYYD100604
GABRIEL PENSADOR
M
11/02/1999
(33) 94412-8307
FUSCA
YYD-5247
10/06/19
04:04
230.81
3
COTIA, JUNDIAI, LORENA, OSASCO, RIO DE JANEIRO, SAO JOSE DOS CAMPOS, SAO PAULO, SAO ROQUE, SOROCABA, TAUBATE

FVNM250600
FATIMA BERNARDES
F
03/03/1991
(41) 88416-0681
CIVIC
VNM-3898
25/06/19
00:06
175.48
3
COTIA, JUNDIAI, OSASCO, SAO JOSE DOS CAMPOS, SAO PAULO, SAO ROQUE

FNQM190703
FELIPE COUTINHO
M
01/09/1999
(83) 72609-8177
CIVIC
NQM-5323
19/07/19
03:04
049.45
3
COTIA, JUNDIAI, OSASCO, RIO DE JANEIRO, SAO PAULO, SAO ROQUE, SOROCABA

RZJY180903
ROBERT NORMAL
F
27/06/1999
(95) 69831-3589
CIVIC
ZJY-0352
18/09/19
03:28
210.96
1
COTIA, JUNDIAI, LORENA, OSASCO, RIO DE JANEIRO, SAO ROQUE, SOROCABA

GYTE250905
GABRIEL NAO SOU FAKE
F
03/03/1997
(57) 54810-5996
UNO
YTE-8649
25/09/19
05:39
036.34
2
JUNDIAI, LORENA, OSASCO, SAO JOSE DOS CAMPOS, SAO ROQUE, SOROCABA, TAUBATE

AJEO081214
ALEXANDRE O MIXURUCA
F
07/09/1999
(02) 27528-6319
FUSCA
JEO-3954
08/12/19
14:26
225.35
3
JUNDIAI, OSASCO, RIO DE JANEIRO, SOROCABA

ARRS161220
ALEXANDRE O MAIS OU MENOS
M
12/03/1995
(47) 91446-1838
CIVIC
RRS-3261
16/12/19
20:25
077.24
2
JUNDIAI, LORENA, OSASCO, RIO DE JANEIRO, SOROCABA, TAUBATE

GYYD100604
GABRIEL PENSADOR
M
11/02/1999
(33) 94412-8307
FUSCA
YYD-5247
10/06/19
04:04
230.81
3
COTIA, JUNDIAI, LORENA, OSASCO, RIO DE JANEIRO, SAO JOSE DOS CAMPOS, SAO PAULO, SAO ROQUE, SOROCABA, TAUBATE

MKXW110906
MATEUS ALVES
M
16/10/1997
(58) 66767-8113
CELTA
KXW-1710
11/09/19
06:16
011.43
3
COTIA, LORENA, SAO JOSE DOS CAMPOS, SAO ROQUE, SOROCABA

RZJY180903
ROBERT NORMAL
F
27/06/1999
(95) 69831-3589
CIVIC
ZJY-0352
18/09/19
03:28
210.96
1
COTIA, JUNDIAI, LORENA, OSASCO, RIO DE JANEIRO, SAO ROQUE, SOROCABA

GYTE250905
GABRIEL NAO SOU FAKE
F
03/03/1997
(57) 54810-5996
UNO
YTE-8649
25/09/19
05:39
036.34
2
JUNDIAI, LORENA, OSASCO, SAO JOSE DOS CAMPOS, SAO ROQUE, SOROCABA, TAUBATE

ARRS161220
ALEXANDRE O MAIS OU MENOS
M
12/03/1995
(47) 91446-1838
CIVIC
RRS-3261
16/12/19
20:25
077.24
2
JUNDIAI, LORENA, OSASCO, RIO DE JANEIRO, SOROCABA, TAUBATE

GYYD100604
GABRIEL PENSADOR
M
11/02/1999
(33) 94412-8307
FUSCA
YYD-5247
10/06/19
04:04
230.81
3
COTIA, JUNDIAI, LORENA, OSASCO, RIO DE JANEIRO, SAO JOSE DOS CAMPOS, SAO PAULO, SAO ROQUE, SOROCABA, TAUBATE

FVNM250600
FATIMA BERNARDES
F
03/03/1991
(41) 88416-0681
CIVIC
VNM-3898
25/06/19
00:06
175.48
3
COTIA, JUNDIAI, OSASCO, SAO JOSE DOS CAMPOS, SAO PAULO, SAO ROQUE

GEGW120716
GABRIEL PENSADOR
M
03/08/1999
(46) 41062-3949
FIT
EGW-8424
12/07/19
16:45
007.62
2
OSASCO, RIO DE JANEIRO

FNQM190703
FELIPE COUTINHO
M
01/09/1999
(83) 72609-8177
CIVIC
NQM-5323
19/07/19
03:04
049.45
3
COTIA, JUNDIAI, OSASCO, RIO DE JANEIRO, SAO PAULO, SAO ROQUE, SOROCABA

RZJY180903
ROBERT NORMAL
F
27/06/1999
(95) 69831-3589
CIVIC
ZJY-0352
18/09/19
03:28
210.96
1
COTIA, JUNDIAI, LORENA, OSASCO, RIO DE JANEIRO, SAO ROQUE, SOROCABA

GYTE250905
GABRIEL NAO SOU FAKE
F
03/03/1997
(57) 54810-5996
UNO
YTE-8649
25/09/19
05:39
036.34
2
JUNDIAI, LORENA, OSASCO, SAO JOSE DOS CAMPOS, SAO ROQUE, SOROCABA, TAUBATE

AJEO081214
ALEXANDRE O MIXURUCA
F
07/09/1999
(02) 27528-6319
FUSCA
JEO-3954
08/12/19
14:26
225.35
3
JUNDIAI, OSASCO, RIO DE JANEIRO, SOROCABA

ARRS161220
ALEXANDRE O MAIS OU MENOS
M
12/03/1995
(47) 91446-1838
CIVIC
RRS-3261
16/12/19
20:25
077.24
2
JUNDIAI, LORENA, OSASCO, RIO DE JANEIRO, SOROCABA, TAUBATE

GYYD100604
GABRIEL PENSADOR
M
11/02/1999
(33) 94412-8307
FUSCA
YYD-5247
10/06/19
04:04
230.81
3
COTIA, JUNDIAI, LORENA, OSASCO, RIO DE JANEIRO, SAO JOSE DOS CAMPOS, SAO PAULO, SAO ROQUE, SOROCABA, TAUBATE

GEGW120716
GABRIEL PENSADOR
M
03/08/1999
(46) 41062-3949
FIT
EGW-8424
12/07/19
16:45
007.62
2
OSASCO, RIO DE JANEIRO

GXCX140700
GABRIEL PENSADOR
F
02/09/1994
(16) 26593-1992
COROLLA
XCX-1568
14/07/19
00:01
011.35
1
COTIA, RIO DE JANEIRO

FNQM190703
FELIPE COUTINHO
M
01/09/1999
(83) 72609-8177
CIVIC
NQM-5323
19/07/19
03:04
049.45
3
COTIA, JUNDIAI, OSASCO, RIO DE JANEIRO, SAO PAULO, SAO ROQUE, SOROCABA

RZJY180903
ROBERT NORMAL
F
27/06/1999
(95) 69831-3589
CIVIC
ZJY-0352
18/09/19
03:28
210.96
1
COTIA, JUNDIAI, LORENA, OSASCO, RIO DE JANEIRO, SAO ROQUE, SOROCABA

AJEO081214
ALEXANDRE O MIXURUCA
F
07/09/1999
(02) 27528-6319
FUSCA
JEO-3954
08/12/19
14:26
225.35
3
JUNDIAI, OSASCO, RIO DE JANEIRO, SOROCABA

ARRS161220
ALEXANDRE O MAIS OU MENOS
M
12/03/1995
(47) 91446-1838
CIVIC
RRS-3261
16/12/19
20:25
077.24
2
JUNDIAI, LORENA, OSASCO, RIO DE JANEIRO, SOROCABA, TAUBATE

GYYD100604
GABRIEL PENSADOR
M
11/02/1999
(33) 94412-8307
FUSCA
YYD-5247
10/06/19
04:04
230.81
3
COTIA, JUNDIAI, LORENA, OSASCO, RIO DE JANEIRO, SAO JOSE DOS CAMPOS, SAO PAULO, SAO ROQUE, SOROCABA, TAUBATE

FVNM250600
FATIMA BERNARDES
F
03/03/1991
(41) 88416-0681
CIVIC
VNM-3898
25/06/19
00:06
175.48
3
COTIA, JUNDIAI, OSASCO, SAO JOSE DOS CAMPOS, SAO PAULO, SAO ROQUE

MKXW110906
MATEUS ALVES
M
16/10/1997
(58) 66767-8113
CELTA
KXW-1710
11/09/19
06:16
011.43
3
COTIA, LORENA, SAO JOSE DOS CAMPOS, SAO ROQUE, SOROCABA

GYTE250905
GABRIEL NAO SOU FAKE
F
03/03/1997
(57) 54810-5996
UNO
YTE-8649
25/09/19
05:39
036.34
2
JUNDIAI, LORENA, OSASCO, SAO JOSE DOS CAMPOS, SAO ROQUE, SOROCABA, TAUBATE

GYYD100604
GABRIEL PENSADOR
M
11/02/1999
(33) 94412-8307
FUSCA
YYD-5247
10/06/19
04:04
230.81
3
COTIA, JUNDIAI, LORENA, OSASCO, RIO DE JANEIRO, SAO JOSE DOS CAMPOS, SAO PAULO, SAO ROQUE, SOROCABA, TAUBATE

FVNM250600
FATIMA BERNARDES
F
03/03/1991
(41) 88416-0681
CIVIC
VNM-3898
25/06/19
00:06
175.48
3
COTIA, JUNDIAI, OSASCO, SAO JOSE DOS CAMPOS, SAO PAULO, SAO ROQUE

FNQM190703
FELIPE COUTINHO
M
01/09/1999
(83) 72609-8177
CIVIC
NQM-5323
19/07/19
03:04
049.45
3
COTIA, JUNDIAI, OSASCO, RIO DE JANEIRO, SAO PAULO, SAO ROQUE, SOROCABA

GYYD100604
GABRIEL PENSADOR
M
11/02/1999
(33) 94412-8307
FUSCA
YYD-5247
10/06/19
04:04
230.81
3
COTIA, JUNDIAI, LORENA, OSASCO, RIO DE JANEIRO, SAO JOSE DOS CAMPOS, SAO PAULO, SAO ROQUE, SOROCABA, TAUBATE

FVNM250600
FATIMA BERNARDES
F
03/03/1991
(41) 88416-0681
CIVIC
VNM-3898
25/06/19
00:06
175.48
3
COTIA, JUNDIAI, OSASCO, SAO JOSE DOS CAMPOS, SAO PAULO, SAO ROQUE

FNQM190703
FELIPE COUTINHO
M
01/09/1999
(83) 72609-8177
CIVIC
NQM-5323
19/07/19
03:04
049.45
3
COTIA, JUNDIAI, OSASCO, RIO DE JANEIRO, SAO PAULO, SAO ROQUE, SOROCABA

MKXW110906
MATEUS ALVES
M
16/10/1997
(58) 66767-8113
CELTA
KXW-1710
11/09/19
06:16
011.43
3
COTIA, LORENA, SAO JOSE DOS CAMPOS, SAO ROQUE, SOROCABA

RZJY180903
ROBERT NORMAL
F
27/06/1999
(95) 69831-3589
CIVIC
ZJY-0352
18/09/19
03:28
210.96
1
COTIA, JUNDIAI, LORENA, OSASCO, RIO DE JANEIRO, SAO ROQUE, SOROCABA

GYTE250905
GABRIEL NAO SOU FAKE
F
03/03/1997
(57) 54810-5996
UNO
YTE-8649
25/09/19
05:39
036.34
2
JUNDIAI, LORENA, OSASCO, SAO JOSE DOS CAMPOS, SAO ROQUE, SOROCABA, TAUBATE

GYYD100604
GABRIEL PENSADOR
M
11/02/1999
(33) 94412-8307
FUSCA
YYD-5247
10/06/19
04:04
230.81
3
COTIA, JUNDIAI, LORENA, OSASCO, RIO DE JANEIRO, SAO JOSE DOS CAMPOS, SAO PAULO, SAO ROQUE, SOROCABA, TAUBATE

FNQM190703
FELIPE COUTINHO
M
01/09/1999
(83) 72609-8177
CIVIC
NQM-5323
19/07/19
03:04
049.45
3
COTIA, JUNDIAI, OSASCO, RIO DE JANEIRO, SAO PAULO, SAO ROQUE, SOROCABA

MKXW110906
MATEUS ALVES
M
16/10/1997
(58) 66767-8113
CELTA
KXW-1710
11/09/19
06:16
011.43
3
COTIA, LORENA, SAO JOSE DOS CAMPOS, SAO ROQUE, SOROCABA

RZJY180903
ROBERT NORMAL
F
27/06/1999
(95) 69831-3589
CIVIC
ZJY-0352
18/09/19
03:28
210.96
1
COTIA, JUNDIAI, LORENA, OSASCO, RIO DE JANEIRO, SAO ROQUE, SOROCABA

GYTE250905
GABRIEL NAO SOU FAKE
F
03/03/1997
(57) 54810-5996
UNO
YTE-8649
25/09/19
05:39
036.34
2
JUNDIAI, LORENA, OSASCO, SAO JOSE DOS CAMPOS, SAO ROQUE, SOROCABA, TAUBATE

AJEO081214
ALEXANDRE O MIXURUCA
F
07/09/1999
(02) 27528-6319
FUSCA
JEO-3954
08/12/19
14:26
225.35
3
JUNDIAI, OSASCO, RIO DE JANEIRO, SOROCABA

ARRS161220
ALEXANDRE O MAIS OU MENOS
M
12/03/1995
(47) 91446-1838
CIVIC
RRS-3261
16/12/19
20:25
077.24
2
JUNDIAI, LORENA, OSASCO, RIO DE JANEIRO, SOROCABA, TAUBATE

GYYD100604
GABRIEL PENSADOR
M
11/02/1999
(33) 94412-8307
FUSCA
YYD-5247
10/06/19
04:04
230.81
3
COTIA, JUNDIAI, LORENA, OSASCO, RIO DE JANEIRO, SAO JOSE DOS CAMPOS, SAO PAULO, SAO ROQUE, SOROCABA, TAUBATE

GYTE250905
GABRIEL NAO SOU FAKE
F
03/03/1997
(57) 54810-5996
UNO
YTE-8649
25/09/19
05:39
036.34
2
JUNDIAI, LORENA, OSASCO, SAO JOSE DOS CAMPOS, SAO ROQUE, SOROCABA, TAUBATE

ARRS161220
ALEXANDRE O MAIS OU MENOS
M
12/03/1995
(47) 91446-1838
CIVIC
RRS-3261
16/12/19
20:25
077.24
2
JUNDIAI, LORENA, OSASCO, RIO DE JANEIRO, SOROCABA, TAUBATE
**********************ARQUIVO*********************
GABRIEL PENSADOR@F@02/09/1994@(16) 26593-1992@COROLLA@XCX-1568@COTIA|RIO DE JANEIRO@14/07/19@00:01@011.35@1@####################################################################################################################################################ALEXANDRE O MIXURUCA@F@07/09/1999@(02) 27528-6319@FUSCA@JEO-3954@JUNDIAI|OSASCO|RIO DE JANEIRO|SOROCABA@08/12/19@14:26@225.35@3@################################################################################################################################FELIPE COUTINHO@M@01/09/1999@(83) 72609-8177@CIVIC@NQM-5323@COTIA|JUNDIAI|OSASCO|RIO DE JANEIRO|SAO PAULO|SAO ROQUE|SOROCABA@19/07/19@03:04@049.45@3@###########################################################################################################ALEXANDRE O MAIS OU MENOS@M@12/03/1995@(47) 91446-1838@CIVIC@RRS-3261@JUNDIAI|LORENA|OSASCO|RIO DE JANEIRO|SOROCABA|TAUBATE@16/12/19@20:25@077.24@2@############################################################################################################ROBERT NORMAL@F@27/06/1999@(95) 69831-3589@CIVIC@ZJY-0352@COTIA|JUNDIAI|LORENA|OSASCO|RIO DE JANEIRO|SAO ROQUE|SOROCABA@18/09/19@03:28@210.96@1@################################################################################################################GABRIEL PENSADOR@M@03/08/1999@(46) 41062-3949@FIT@EGW-8424@OSASCO|RIO DE JANEIRO@12/07/19@16:45@007.62@2@#######################################################################################################################################################MATEUS ALVES@M@16/10/1997@(58) 66767-8113@CELTA@KXW-1710@COTIA|LORENA|SAO JOSE DOS CAMPOS|SAO ROQUE|SOROCABA@11/09/19@06:16@011.43@3@###########################################################################################################################FATIMA BERNARDES@F@03/03/1991@(41) 88416-0681@CIVIC@VNM-3898@COTIA|JUNDIAI|OSASCO|SAO JOSE DOS CAMPOS|SAO PAULO|SAO ROQUE@25/06/19@00:06@175.48@3@##############################################################################################################GABRIEL NAO SOU FAKE@F@03/03/1997@(57) 54810-5996@UNO@YTE-8649@JUNDIAI|LORENA|OSASCO|SAO JOSE DOS CAMPOS|SAO ROQUE|SOROCABA|TAUBATE@25/09/19@05:39@036.34@2@####################################################################################################GABRIEL PENSADOR@M@11/02/1999@(33) 94412-8307@FUSCA@YYD-5247@COTIA|JUNDIAI|LORENA|OSASCO|RIO DE JANEIRO|SAO JOSE DOS CAMPOS|SAO PAULO|SAO ROQUE|SOROCABA|TAUBATE@10/06/19@04:04@230.81@3@#######################################################################*|LIPE COUTINHO@M@24/08/1994@(17) 66883-5471@FUSCA@CQP-2495@COTIA|LORENA|OSASCO|SAO JOSE DOS CAMPOS|SOROCABA@01/10/19@11:55@101.85@1@###########################################################################################################################
**********************EXCLUIR*********************
OPERACAO REALIZADA COM SUCESSO!
**********************ALTERAR*********************
OPERACAO REALIZADA COM SUCESSO!
**********************LISTAR**********************
FNQM190703
FELIPE COUTINHO
M
01/09/1999
(83) 72609-8177
CIVIC
NQM-5323
19/07/19
03:04
049.45
3
COTIA, JUNDIAI, OSASCO, RIO DE JANEIRO, SAO PAULO, SAO ROQUE, SOROCABA

FVNM250600
FATIMA BERNARDES
F
03/03/1991
(41) 88416-0681
CIVIC
VNM-3898
25/06/19
00:06
175.48
3
COTIA, JUNDIAI, OSASCO, SAO JOSE DOS CAMPOS, SAO PAULO, SAO ROQUE

GXCX140700
GABRIEL PENSADOR
F
02/09/1994
(16) 26593-1992
COROLLA
XCX-1568
14/07/19
00:01
011.35
1
COTIA, RIO DE JANEIRO

GYYD100604
GABRIEL PENSADOR
M
11/02/1999
(33) 94412-8307
FUSCA
YYD-5247
10/06/19
04:04
230.81
3
COTIA, JUNDIAI, LORENA, OSASCO, RIO DE JANEIRO, SAO JOSE DOS CAMPOS, SAO PAULO, SAO ROQUE, SOROCABA, TAUBATE

MKXW110906
MATEUS ALVES
M
16/10/1997
(58) 66767-8113
CELTA
KXW-1710
11/09/19
06:16
011.43
3
COTIA, LORENA, SAO JOSE DOS CAMPOS, SAO ROQUE, SOROCABA

RZJY180903
ROBERT NORMAL
F
27/06/1999
(95) 69831-3589
CIVIC
ZJY-0352
18/09/19
03:28
210.96
1
COTIA, JUNDIAI, LORENA, OSASCO, RIO DE JANEIRO, SAO ROQUE, SOROCABA
AJEO081214
ALEXANDRE O MIXURUCA
F
07/09/1999
(02) 27528-6319
FUSCA
JEO-3954
08/12/19
14:26
225.35
3
JUNDIAI, OSASCO, RIO DE JANEIRO, SOROCABA

ARRS161220
ALEXANDRE O MAIS OU MENOS
M
12/03/1995
(47) 91446-1838
CIVIC
RRS-3261
16/12/19
20:25
077.24
2
JUNDIAI, LORENA, OSASCO, RIO DE JANEIRO, SOROCABA, TAUBATE

FNQM190703
FELIPE COUTINHO
M
01/09/1999
(83) 72609-8177
CIVIC
NQM-5323
19/07/19
03:04
049.45
3
COTIA, JUNDIAI, OSASCO, RIO DE JANEIRO, SAO PAULO, SAO ROQUE, SOROCABA

FVNM250600
FATIMA BERNARDES
F
03/03/1991
(41) 88416-0681
CIVIC
VNM-3898
25/06/19
00:06
175.48
3
COTIA, JUNDIAI, OSASCO, SAO JOSE DOS CAMPOS, SAO PAULO, SAO ROQUE

GYTE250905
GABRIEL NAO SOU FAKE
F
03/03/1997
(57) 54810-5996
UNO
YTE-8649
25/09/19
05:39
036.34
1
JUNDIAI, LORENA, OSASCO, SAO JOSE DOS CAMPOS, SAO ROQUE, SOROCABA, TAUBATE

GYYD100604
GABRIEL PENSADOR
M
11/02/1999
(33) 94412-8307
FUSCA
YYD-5247
10/06/19
04:04
230.81
3
COTIA, JUNDIAI, LORENA, OSASCO, RIO DE JANEIRO, SAO JOSE DOS CAMPOS, SAO PAULO, SAO ROQUE, SOROCABA, TAUBATE

RZJY180903
ROBERT NORMAL
F
27/06/1999
(95) 69831-3589
CIVIC
ZJY-0352
18/09/19
03:28
210.96
1
COTIA, JUNDIAI, LORENA, OSASCO, RIO DE JANEIRO, SAO ROQUE, SOROCABA
ARRS161220
ALEXANDRE O MAIS OU MENOS
M
12/03/1995
(47) 91446-1838
CIVIC
RRS-3261
16/12/19
20:25
077.24
2
JUNDIAI, LORENA, OSASCO, RIO DE JANEIRO, SOROCABA, TAUBATE

GYTE250905
GABRIEL NAO SOU FAKE
F
03/03/1997
(57) 54810-5996
UNO
YTE-8649
25/09/19
05:39
036.34
1
JUNDIAI, LORENA, OSASCO, SAO JOSE DOS CAMPOS, SAO ROQUE, SOROCABA, TAUBATE

GYYD100604
GABRIEL PENSADOR
M
11/02/1999
(33) 94412-8307
FUSCA
YYD-5247
10/06/19
04:04
230.81
3
COTIA, JUNDIAI, LORENA, OSASCO, RIO DE JANEIRO, SAO JOSE DOS CAMPOS, SAO PAULO, SAO ROQUE, SOROCABA, TAUBATE

MKXW110906
MATEUS ALVES
M
16/10/1997
(58) 66767-8113
CELTA
KXW-1710
11/09/19
06:16
011.43
3
COTIA, LORENA, SAO JOSE DOS CAMPOS, SAO ROQUE, SOROCABA

RZJY180903
ROBERT NORMAL
F
27/06/1999
(95) 69831-3589
CIVIC
ZJY-0352
18/09/19
03:28
210.96
1
COTIA, JUNDIAI, LORENA, OSASCO, RIO DE JANEIRO, SAO ROQUE, SOROCABA
AJEO081214
ALEXANDRE O MIXURUCA
F
07/09/1999
(02) 27528-6319
FUSCA
JEO-3954
08/12/19
14:26
225.35
3
JUNDIAI, OSASCO, RIO DE JANEIRO, SOROCABA

ARRS161220
ALEXANDRE O MAIS OU MENOS
M
12/03/1995
(47) 91446-1838
CIVIC
RRS-3261
16/12/19
20:25
077.24
2
JUNDIAI, LORENA, OSASCO, RIO DE JANEIRO, SOROCABA, TAUBATE

FNQM190703
FELIPE COUTINHO
M
01/09/1999
(83) 72609-8177
CIVIC
NQM-5323
19/07/19
03:04
049.45
3
COTIA, JUNDIAI, OSASCO, RIO DE JANEIRO, SAO PAULO, SAO ROQUE, SOROCABA

FVNM250600
FATIMA BERNARDES
F
03/03/1991
(41) 88416-0681
CIVIC
VNM-3898
25/06/19
00:06
175.48
3
COTIA, JUNDIAI, OSASCO, SAO JOSE DOS CAMPOS, SAO PAULO, SAO ROQUE

GYTE250905
GABRIEL NAO SOU FAKE
F
03/03/1997
(57) 54810-5996
UNO
YTE-8649
25/09/19
05:39
036.34
1
JUNDIAI, LORENA, OSASCO, SAO JOSE DOS CAMPOS, SAO ROQUE, SOROCABA, TAUBATE

GYYD100604
GABRIEL PENSADOR
M
11/02/1999
(33) 94412-8307
FUSCA
YYD-5247
10/06/19
04:04
230.81
3
COTIA, JUNDIAI, LORENA, OSASCO, RIO DE JANEIRO, SAO JOSE DOS CAMPOS, SAO PAULO, SAO ROQUE, SOROCABA, TAUBATE

RZJY180903
ROBERT NORMAL
F
27/06/1999
(95) 69831-3589
CIVIC
ZJY-0352
18/09/19
03:28
210.96
1
COTIA, JUNDIAI, LORENA, OSASCO, RIO DE JANEIRO, SAO ROQUE, SOROCABA
AJEO081214
ALEXANDRE O MIXURUCA
F
07/09/1999
(02) 27528-6319
FUSCA
JEO-3954
08/12/19
14:26
225.35
3
JUNDIAI, OSASCO, RIO DE JANEIRO, SOROCABA

ARRS161220
ALEXANDRE O MAIS OU MENOS
M
12/03/1995
(47) 91446-1838
CIVIC
RRS-3261
16/12/19
20:25
077.24
2
JUNDIAI, LORENA, OSASCO, RIO DE JANEIRO, SOROCABA, TAUBATE

FNQM190703
FELIPE COUTINHO
M
01/09/1999
(83) 72609-8177
CIVIC
NQM-5323
19/07/19
03:04
049.45
3
COTIA, JUNDIAI, OSASCO, RIO DE JANEIRO, SAO PAULO, SAO ROQUE, SOROCABA

GXCX140700
GABRIEL PENSADOR
F
02/09/1994
(16) 26593-1992
COROLLA
XCX-1568
14/07/19
00:01
011.35
1
COTIA, RIO DE JANEIRO

GYYD100604
GABRIEL PENSADOR
M
11/02/1999
(33) 94412-8307
FUSCA
YYD-5247
10/06/19
04:04
230.81
3
COTIA, JUNDIAI, LORENA, OSASCO, RIO DE JANEIRO, SAO JOSE DOS CAMPOS, SAO PAULO, SAO ROQUE, SOROCABA, TAUBATE

RZJY180903
ROBERT NORMAL
F
27/06/1999
(95) 69831-3589
CIVIC
ZJY-0352
18/09/19
03:28
210.96
1
COTIA, JUNDIAI, LORENA, OSASCO, RIO DE JANEIRO, SAO ROQUE, SOROCABA
FVNM250600
FATIMA BERNARDES
F
03/03/1991
(41) 88416-0681
CIVIC
VNM-3898
25/06/19
00:06
175.48
3
COTIA, JUNDIAI, OSASCO, SAO JOSE DOS CAMPOS, SAO PAULO, SAO ROQUE

GYTE250905
GABRIEL NAO SOU FAKE
F
03/03/1997
(57) 54810-5996
UNO
YTE-8649
25/09/19
05:39
036.34
1
JUNDIAI, LORENA, OSASCO, SAO JOSE DOS CAMPOS, SAO ROQUE, SOROCABA, TAUBATE

GYYD100604
GABRIEL PENSADOR
M
11/02/1999
(33) 94412-8307
FUSCA
YYD-5247
10/06/19
04:04
230.81
3
COTIA, JUNDIAI, LORENA, OSASCO, RIO DE JANEIRO, SAO JOSE DOS CAMPOS, SAO PAULO, SAO ROQUE, SOROCABA, TAUBATE

MKXW110906
MATEUS ALVES
M
16/10/1997
(58) 66767-8113
CELTA
KXW-1710
11/09/19
06:16
011.43
3
COTIA, LORENA, SAO JOSE DOS CAMPOS, SAO ROQUE, SOROCABA
FNQM190703
FELIPE COUTINHO
M
01/09/1999
(83) 72609-8177
CIVIC
NQM-5323
19/07/19
03:04
049.45
3
COTIA, JUNDIAI, OSASCO, RIO DE JANEIRO, SAO PAULO, SAO ROQUE, SOROCABA

FVNM250600
FATIMA BERNARDES
F
03/03/1991
(41) 88416-0681
CIVIC
VNM-3898
25/06/19
00:06
175.48
3
COTIA, JUNDIAI, OSASCO, SAO JOSE DOS CAMPOS, SAO PAULO, SAO ROQUE

GYYD100604
GABRIEL PENSADOR
M
11/02/1999
(33) 94412-8307
FUSCA
YYD-5247
10/06/19
04:04
230.81
3
COTIA, JUNDIAI, LORENA, OSASCO, RIO DE JANEIRO, SAO JOSE DOS CAMPOS, SAO PAULO, SAO ROQUE, SOROCABA, TAUBATE
FNQM190703
FELIPE COUTINHO
M
01/09/1999
(83) 72609-8177
CIVIC
NQM-5323
19/07/19
03:04
049.45
3
COTIA, JUNDIAI, OSASCO, RIO DE JANEIRO, SAO PAULO, SAO ROQUE, SOROCABA

FVNM250600
FATIMA BERNARDES
F
03/03/1991
(41) 88416-0681
CIVIC
VNM-3898
25/06/19
00:06
175.48
3
COTIA, JUNDIAI, OSASCO, SAO JOSE DOS CAMPOS, SAO PAULO, SAO ROQUE

GYTE250905
GABRIEL NAO SOU FAKE
F
03/03/1997
(57) 54810-5996
UNO
YTE-8649
25/09/19
05:39
036.34
1
JUNDIAI, LORENA, OSASCO, SAO JOSE DOS CAMPOS, SAO ROQUE, SOROCABA, TAUBATE

GYYD100604
GABRIEL PENSADOR
M
11/02/1999
(33) 94412-8307
FUSCA
YYD-5247
10/06/19
04:04
230.81
3
COTIA, JUNDIAI, LORENA, OSASCO, RIO DE JANEIRO, SAO JOSE DOS CAMPOS, SAO PAULO, SAO ROQUE, SOROCABA, TAUBATE

MKXW110906
MATEUS ALVES
M
16/10/1997
(58) 66767-8113
CELTA
KXW-1710
11/09/19
06:16
011.43
3
COTIA, LORENA, SAO JOSE DOS CAMPOS, SAO ROQUE, SOROCABA

RZJY180903
ROBERT NORMAL
F
27/06/1999
(95) 69831-3589
CIVIC
ZJY-0352
18/09/19
03:28
210.96
1
COTIA, JUNDIAI, LORENA, OSASCO, RIO DE JANEIRO, SAO ROQUE, SOROCABA
AJEO081214
ALEXANDRE O MIXURUCA
F
07/09/1999
(02) 27528-6319
FUSCA
JEO-3954
08/12/19
14:26
225.35
3
JUNDIAI, OSASCO, RIO DE JANEIRO, SOROCABA

ARRS161220
ALEXANDRE O MAIS OU MENOS
M
12/03/1995
(47) 91446-1838
CIVIC
RRS-3261
16/12/19
20:25
077.24
2
JUNDIAI, LORENA, OSASCO, RIO DE JANEIRO, SOROCABA, TAUBATE

FNQM190703
FELIPE COUTINHO
M
01/09/1999
(83) 72609-8177
CIVIC
NQM-5323
19/07/19
03:04
049.45
3
COTIA, JUNDIAI, OSASCO, RIO DE JANEIRO, SAO PAULO, SAO ROQUE, SOROCABA

GYTE250905
GABRIEL NAO SOU FAKE
F
03/03/1997
(57) 54810-5996
UNO
YTE-8649
25/09/19
05:39
036.34
1
JUNDIAI, LORENA, OSASCO, SAO JOSE DOS CAMPOS, SAO ROQUE, SOROCABA, TAUBATE

GYYD100604
GABRIEL PENSADOR
M
11/02/1999
(33) 94412-8307
FUSCA
YYD-5247
10/06/19
04:04
230.81
3
COTIA, JUNDIAI, LORENA, OSASCO, RIO DE JANEIRO, SAO JOSE DOS CAMPOS, SAO PAULO, SAO ROQUE, SOROCABA, TAUBATE

MKXW110906
MATEUS ALVES
M
16/10/1997
(58) 66767-8113
CELTA
KXW-1710
11/09/19
06:16
011.43
3
COTIA, LORENA, SAO JOSE DOS CAMPOS, SAO ROQUE, SOROCABA

RZJY180903
ROBERT NORMAL
F
27/06/1999
(95) 69831-3589
CIVIC
ZJY-0352
18/09/19
03:28
210.96
1
COTIA, JUNDIAI, LORENA, OSASCO, RIO DE JANEIRO, SAO ROQUE, SOROCABA
ARRS161220
ALEXANDRE O MAIS OU MENOS
M
12/03/1995
(47) 91446-1838
CIVIC
RRS-3261
16/12/19
20:25
077.24
2
JUNDIAI, LORENA, OSASCO, RIO DE JANEIRO, SOROCABA, TAUBATE

GYTE250905
GABRIEL NAO SOU FAKE
F
03/03/1997
(57) 54810-5996
UNO
YTE-8649
25/09/19
05:39
036.34
1
JUNDIAI, LORENA, OSASCO, SAO JOSE DOS CAMPOS, SAO ROQUE, SOROCABA, TAUBATE

GYYD100604
GABRIEL PENSADOR
M
11/02/1999
(33) 94412-8307
FUSCA
YYD-5247
10/06/19
04:04
230.81
3
COTIA, JUNDIAI, LORENA, OSASCO, RIO DE JANEIRO, SAO JOSE DOS CAMPOS, SAO PAULO, SAO ROQUE, SOROCABA, TAUBATE
**********************LISTAR**********************
ARRS161220
ALEXANDRE O MAIS OU MENOS
M
12/03/1995
(47) 91446-1838
CIVIC
RRS-3261
16/12/19
20:25
077.24
2
JUNDIAI, LORENA, OSASCO, RIO DE JANEIRO, SOROCABA, TAUBATE

AJEO081214
ALEXANDRE O MIXURUCA
F
07/09/1999
(02) 27528-6319
FUSCA
JEO-3954
08/12/19
14:26
225.35
3
JUNDIAI, OSASCO, RIO DE JANEIRO, SOROCABA

FVNM250600
FATIMA BERNARDES
F
03/03/1991
(41) 88416-0681
CIVIC
VNM-3898
25/06/19
00:06
175.48
3
COTIA, JUNDIAI, OSASCO, SAO JOSE DOS CAMPOS, SAO PAULO, SAO ROQUE

FNQM190703
FELIPE COUTINHO
M
01/09/1999
(83) 72609-8177
CIVIC
NQM-5323
19/07/19
03:04
049.45
3
COTIA, JUNDIAI, OSASCO, RIO DE JANEIRO, SAO PAULO, SAO ROQUE, SOROCABA

GYTE250905
GABRIEL NAO SOU FAKE
F
03/03/1997
(57) 54810-5996
UNO
YTE-8649
25/09/19
05:39
036.34
1
JUNDIAI, LORENA, OSASCO, SAO JOSE DOS CAMPOS, SAO ROQUE, SOROCABA, TAUBATE

GXCX140700
GABRIEL PENSADOR
F
02/09/1994
(16) 26593-1992
COROLLA
XCX-1568
14/07/19
00:01
011.35
1
COTIA, RIO DE JANEIRO

GYYD100604
GABRIEL PENSADOR
M
11/02/1999
(33) 94412-8307
FUSCA
YYD-5247
10/06/19
04:04
230.81
3
COTIA, JUNDIAI, LORENA, OSASCO, RIO DE JANEIRO, SAO JOSE DOS CAMPOS, SAO PAULO, SAO ROQUE, SOROCABA, TAUBATE

MKXW110906
MATEUS ALVES
M
16/10/1997
(58) 66767-8113
CELTA
KXW-1710
11/09/19
06:16
011.43
3
COTIA, LORENA, SAO JOSE DOS CAMPOS, SAO ROQUE, SOROCABA

RZJY180903
ROBERT NORMAL
F
27/06/1999
(95) 69831-3589
CIVIC
ZJY-0352
18/09/19
03:28
210.96
1
COTIA, JUNDIAI, LORENA, OSASCO, RIO DE JANEIRO, SAO ROQUE, SOROCABA
**********************BUSCAR**********************
AJEO081214
ALEXANDRE O MIXURUCA
F
07/09/1999
(02) 27528-6319
FUSCA
JEO-3954
08/12/19
14:26
225.35
3
JUNDIAI, OSASCO, RIO DE JANEIRO, SOROCABA

ARRS161220
ALEXANDRE O MAIS OU MENOS
M
12/03/1995
(47) 91446-1838
CIVIC
RRS-3261
16/12/19
20:25
077.24
2
JUNDIAI, LORENA, OSASCO, RIO DE JANEIRO, SOROCABA, TAUBATE

FNQM190703
FELIPE COUTINHO
M
01/09/1999
(83) 72609-8177
CIVIC
NQM-5323
19/07/19
03:04
049.45
3
COTIA, JUNDIAI, OSASCO, RIO DE JANEIRO, SAO PAULO, SAO ROQUE, SOROCABA

FVNM250600
FATIMA BERNARDES
F
03/03/1991
(41) 88416-0681
CIVIC
VNM-3898
25/06/19
00:06
175.48
3
COTIA, JUNDIAI, OSASCO, SAO JOSE DOS CAMPOS, SAO PAULO, SAO ROQUE

GYTE250905
GABRIEL NAO SOU FAKE
F
03/03/1997
(57) 54810-5996
UNO
YTE-8649
25/09/19
05:39
036.34
1
JUNDIAI, LORENA, OSASCO, SAO JOSE DOS CAMPOS, SAO ROQUE, SOROCABA, TAUBATE

GYYD100604
GABRIEL PENSADOR
M
11/02/1999
(33) 94412-8307
FUSCA
YYD-5247
10/06/19
04:04
230.81
3
COTIA, JUNDIAI, LORENA, OSASCO, RIO DE JANEIRO, SAO JOSE DOS CAMPOS, SAO PAULO, SAO ROQUE, SOROCABA, TAUBATE

RZJY180903
ROBERT NORMAL
F
27/06/1999
(95) 69831-3589
CIVIC
ZJY-0352
18/09/19
03:28
210.96
1
COTIA, JUNDIAI, LORENA, OSASCO, RIO DE JANEIRO, SAO ROQUE, SOROCABA
*****************ARQUIVO SECUNDARIO****************
GYYD100604 10/06/19
FVNM250600 25/06/19
GXCX140700 14/07/19
FNQM190703 19/07/19
MKXW110906 11/09/19
RZJY180903 18/09/19
GYTE250905 25/09/19
AJEO081214 08/12/19
ARRS161220 16/12/19
**********************LISTAR**********************
ARRS161220
ALEXANDRE O MAIS OU MENOS
M
12/03/1995
(47) 91446-1838
CIVIC
RRS-3261
16/12/19
20:25
077.24
2
JUNDIAI, LORENA, OSASCO, RIO DE JANEIRO, SOROCABA, TAUBATE

AJEO081214
ALEXANDRE O MIXURUCA
F
07/09/1999
(02) 27528-6319
FUSCA
JEO-3954
08/12/19
14:26
225.35
3
JUNDIAI, OSASCO, RIO DE JANEIRO, SOROCABA

FVNM250600
FATIMA BERNARDES
F
03/03/1991
(41) 88416-0681
CIVIC
VNM-3898
25/06/19
00:06
175.48
3
COTIA, JUNDIAI, OSASCO, SAO JOSE DOS CAMPOS, SAO PAULO, SAO ROQUE

FNQM190703
FELIPE COUTINHO
M
01/09/1999
(83) 72609-8177
CIVIC
NQM-5323
19/07/19
03:04
049.45
3
COTIA, JUNDIAI, OSASCO, RIO DE JANEIRO, SAO PAULO, SAO ROQUE, SOROCABA

GYTE250905
GABRIEL NAO SOU FAKE
F
03/03/1997
(57) 54810-5996
UNO
YTE-8649
25/09/19
05:39
036.34
1
JUNDIAI, LORENA, OSASCO, SAO JOSE DOS CAMPOS, SAO ROQUE, SOROCABA, TAUBATE

GXCX140700
GABRIEL PENSADOR
F
02/09/1994
(16) 26593-1992
COROLLA
XCX-1568
14/07/19
00:01
011.35
1
COTIA, RIO DE JANEIRO

GYYD100604
GABRIEL PENSADOR
M
11/02/1999
(33) 94412-8307
FUSCA
YYD-5247
10/06/19
04:04
230.81
3
COTIA, JUNDIAI, LORENA, OSASCO, RIO DE JANEIRO, SAO JOSE DOS CAMPOS, SAO PAULO, SAO ROQUE, SOROCABA, TAUBATE

MKXW110906
MATEUS ALVES
M
16/10/1997
(58) 66767-8113
CELTA
KXW-1710
11/09/19
06:16
011.43
3
COTIA, LORENA, SAO JOSE DOS CAMPOS, SAO ROQUE, SOROCABA

RZJY180903
ROBERT NORMAL
F
27/06/1999
(95) 69831-3589
CIVIC
ZJY-0352
18/09/19
03:28
210.96
1
COTIA, JUNDIAI, LORENA, OSASCO, RIO DE JANEIRO, SAO ROQUE, SOROCABA
**********************ARQUIVO*********************
GABRIEL PENSADOR@F@02/09/1994@(16) 26593-1992@COROLLA@XCX-1568@COTIA|RIO DE JANEIRO@14/07/19@00:01@011.35@1@####################################################################################################################################################ALEXANDRE O MIXURUCA@F@07/09/1999@(02) 27528-6319@FUSCA@JEO-3954@JUNDIAI|OSASCO|RIO DE JANEIRO|SOROCABA@08/12/19@14:26@225.35@3@################################################################################################################################FELIPE COUTINHO@M@01/09/1999@(83) 72609-8177@CIVIC@NQM-5323@COTIA|JUNDIAI|OSASCO|RIO DE JANEIRO|SAO PAULO|SAO ROQUE|SOROCABA@19/07/19@03:04@049.45@3@###########################################################################################################ALEXANDRE O MAIS OU MENOS@M@12/03/1995@(47) 91446-1838@CIVIC@RRS-3261@JUNDIAI|LORENA|OSASCO|RIO DE JANEIRO|SOROCABA|TAUBATE@16/12/19@20:25@077.24@2@############################################################################################################ROBERT NORMAL@F@27/06/1999@(95) 69831-3589@CIVIC@ZJY-0352@COTIA|JUNDIAI|LORENA|OSASCO|RIO DE JANEIRO|SAO ROQUE|SOROCABA@18/09/19@03:28@210.96@1@################################################################################################################MATEUS ALVES@M@16/10/1997@(58) 66767-8113@CELTA@KXW-1710@COTIA|LORENA|SAO JOSE DOS CAMPOS|SAO ROQUE|SOROCABA@11/09/19@06:16@011.43@3@###########################################################################################################################FATIMA BERNARDES@F@03/03/1991@(41) 88416-0681@CIVIC@VNM-3898@COTIA|JUNDIAI|OSASCO|SAO JOSE DOS CAMPOS|SAO PAULO|SAO ROQUE@25/06/19@00:06@175.48@3@##############################################################################################################GABRIEL NAO SOU FAKE@F@03/03/1997@(57) 54810-5996@UNO@YTE-8649@JUNDIAI|LORENA|OSASCO|SAO JOSE DOS CAMPOS|SAO ROQUE|SOROCABA|TAUBATE@25/09/19@05:39@036.34@1@####################################################################################################GABRIEL PENSADOR@M@11/02/1999@(33) 94412-8307@FUSCA@YYD-5247@COTIA|JUNDIAI|LORENA|OSASCO|RIO DE JANEIRO|SAO JOSE DOS CAMPOS|SAO PAULO|SAO ROQUE|SOROCABA|TAUBATE@10/06/19@04:04@230.81@3@#######################################################################ALEXANDRE O GRANDE@F@19/07/1990@(37) 97943-1432@FIT@AXE-7824@JUNDIAI|LORENA|OSASCO|RIO DE JANEIRO|SOROCABA@06/02/19@22:32@129.55@4@#############################################################################################################################
